[0.351s] Invoking command in '/workspace/ros_ws/build/master': CMAKE_PREFIX_PATH=${CMAKE_PREFIX_PATH}:/workspace/ros_ws/install/sam_bot_description:/workspace/ros_ws/install/nav2_gps_waypoint_follower_demo:/workspace/ros_ws/install/digit_recognition:/opt/ros/jazzy /usr/bin/cmake /workspace/ros_ws/src/master -DCMAKE_INSTALL_PREFIX=/workspace/ros_ws/install/master
[0.834s] -- Found ament_cmake: 2.5.4 (/opt/ros/jazzy/share/ament_cmake/cmake)
[1.156s] -- Override CMake install command with custom implementation using symlinks instead of copying resources
[1.204s] -- Found rclcpp_components: 28.1.9 (/opt/ros/jazzy/share/rclcpp_components/cmake)
[1.421s] -- Found rosidl_generator_c: 4.6.5 (/opt/ros/jazzy/share/rosidl_generator_c/cmake)
[1.443s] -- Found rosidl_generator_cpp: 4.6.5 (/opt/ros/jazzy/share/rosidl_generator_cpp/cmake)
[1.490s] -- Using all available rosidl_typesupport_c: rosidl_typesupport_fastrtps_c;rosidl_typesupport_introspection_c
[1.525s] -- Using all available rosidl_typesupport_cpp: rosidl_typesupport_fastrtps_cpp;rosidl_typesupport_introspection_cpp
[1.781s] -- Found rmw_implementation_cmake: 7.3.2 (/opt/ros/jazzy/share/rmw_implementation_cmake/cmake)
[1.787s] -- Found rmw_fastrtps_cpp: 8.4.2 (/opt/ros/jazzy/share/rmw_fastrtps_cpp/cmake)
[2.033s] -- Using RMW implementation 'rmw_fastrtps_cpp' as default
[2.282s] -- Found std_msgs: 5.3.6 (/opt/ros/jazzy/share/std_msgs/cmake)
[2.306s] -- Found geometry_msgs: 5.3.6 (/opt/ros/jazzy/share/geometry_msgs/cmake)
[2.370s] -- Found teleop_twist_joy: 2.6.3 (/opt/ros/jazzy/share/teleop_twist_joy/cmake)
[2.377s] -- Found sensor_msgs: 5.3.6 (/opt/ros/jazzy/share/sensor_msgs/cmake)
[2.457s] -- Found ament_lint_auto: 0.17.2 (/opt/ros/jazzy/share/ament_lint_auto/cmake)
[2.852s] -- Added test 'cppcheck' to perform static code analysis on C / C++ code
[2.853s] -- Configured cppcheck include dirs: 
[2.854s] -- Configured cppcheck exclude dirs and/or files: 
[2.869s] -- Added test 'flake8' to check Python code syntax and style conventions
[2.869s] -- Configured 'flake8' exclude dirs and/or files: 
[2.896s] -- Added test 'lint_cmake' to check CMake code style
[2.903s] -- Added test 'pep257' to check Python code against some of the docstring style conventions in PEP 257
[2.963s] -- Added test 'uncrustify' to check C / C++ code style
[2.963s] -- Configured uncrustify additional arguments: 
[2.973s] -- Added test 'xmllint' to check XML markup files
[2.978s] -- Configuring done (2.6s)
[3.018s] -- Generating done (0.0s)
[3.047s] -- Build files have been written to: /workspace/ros_ws/build/master
[3.085s] Invoked command in '/workspace/ros_ws/build/master' returned '0': CMAKE_PREFIX_PATH=${CMAKE_PREFIX_PATH}:/workspace/ros_ws/install/sam_bot_description:/workspace/ros_ws/install/nav2_gps_waypoint_follower_demo:/workspace/ros_ws/install/digit_recognition:/opt/ros/jazzy /usr/bin/cmake /workspace/ros_ws/src/master -DCMAKE_INSTALL_PREFIX=/workspace/ros_ws/install/master
[3.085s] Invoking command in '/workspace/ros_ws/build/master': CMAKE_PREFIX_PATH=${CMAKE_PREFIX_PATH}:/workspace/ros_ws/install/sam_bot_description:/workspace/ros_ws/install/nav2_gps_waypoint_follower_demo:/workspace/ros_ws/install/digit_recognition:/opt/ros/jazzy /usr/bin/cmake --build /workspace/ros_ws/build/master -- -j8 -l8
[4.044s] [100%] Built target master_node
[4.045s] Invoked command in '/workspace/ros_ws/build/master' returned '0': CMAKE_PREFIX_PATH=${CMAKE_PREFIX_PATH}:/workspace/ros_ws/install/sam_bot_description:/workspace/ros_ws/install/nav2_gps_waypoint_follower_demo:/workspace/ros_ws/install/digit_recognition:/opt/ros/jazzy /usr/bin/cmake --build /workspace/ros_ws/build/master -- -j8 -l8
[4.047s] Invoking command in '/workspace/ros_ws/build/master': CMAKE_PREFIX_PATH=${CMAKE_PREFIX_PATH}:/workspace/ros_ws/install/sam_bot_description:/workspace/ros_ws/install/nav2_gps_waypoint_follower_demo:/workspace/ros_ws/install/digit_recognition:/opt/ros/jazzy /usr/bin/cmake --install /workspace/ros_ws/build/master
[4.361s] -- Install configuration: ""
[4.361s] -- Execute custom install script
[4.362s] -- Up-to-date symlink: /workspace/ros_ws/install/master/lib/master/master_node
[4.362s] -- Up-to-date symlink: /workspace/ros_ws/install/master/share/ament_index/resource_index/package_run_dependencies/master
[4.362s] -- Up-to-date symlink: /workspace/ros_ws/install/master/share/ament_index/resource_index/parent_prefix_path/master
[4.362s] -- Up-to-date symlink: /workspace/ros_ws/install/master/share/master/environment/ament_prefix_path.sh
[4.362s] -- Up-to-date symlink: /workspace/ros_ws/install/master/share/master/environment/ament_prefix_path.dsv
[4.362s] -- Up-to-date symlink: /workspace/ros_ws/install/master/share/master/environment/path.sh
[4.362s] -- Up-to-date symlink: /workspace/ros_ws/install/master/share/master/environment/path.dsv
[4.362s] -- Up-to-date symlink: /workspace/ros_ws/install/master/share/master/local_setup.bash
[4.362s] -- Up-to-date symlink: /workspace/ros_ws/install/master/share/master/local_setup.sh
[4.362s] -- Up-to-date symlink: /workspace/ros_ws/install/master/share/master/local_setup.zsh
[4.362s] -- Up-to-date symlink: /workspace/ros_ws/install/master/share/master/local_setup.dsv
[4.363s] -- Symlinking: /workspace/ros_ws/install/master/share/master/package.dsv
[4.363s] -- Up-to-date symlink: /workspace/ros_ws/install/master/share/ament_index/resource_index/packages/master
[4.363s] -- Up-to-date symlink: /workspace/ros_ws/install/master/share/master/cmake/masterConfig.cmake
[4.363s] -- Up-to-date symlink: /workspace/ros_ws/install/master/share/master/cmake/masterConfig-version.cmake
[4.363s] -- Up-to-date symlink: /workspace/ros_ws/install/master/share/master/package.xml
[4.363s] Invoked command in '/workspace/ros_ws/build/master' returned '0': CMAKE_PREFIX_PATH=${CMAKE_PREFIX_PATH}:/workspace/ros_ws/install/sam_bot_description:/workspace/ros_ws/install/nav2_gps_waypoint_follower_demo:/workspace/ros_ws/install/digit_recognition:/opt/ros/jazzy /usr/bin/cmake --install /workspace/ros_ws/build/master
