[0.142s] DEBUG:colcon:Command line arguments: ['/usr/bin/colcon', 'build']
[0.142s] DEBUG:colcon:Parsed command line arguments: Namespace(log_base=None, log_level=None, verb_name='build', build_base='build', install_base='install', merge_install=False, symlink_install=False, test_result_base=None, continue_on_error=False, executor='parallel', parallel_workers=12, event_handlers=None, ignore_user_meta=False, metas=['./colcon.meta'], base_paths=['.'], packages_ignore=None, packages_ignore_regex=None, paths=None, packages_up_to=None, packages_up_to_regex=None, packages_above=None, packages_above_and_dependencies=None, packages_above_depth=None, packages_select_by_dep=None, packages_skip_by_dep=None, packages_skip_up_to=None, packages_select_build_failed=False, packages_skip_build_finished=False, packages_select_test_failures=False, packages_skip_test_passed=False, packages_select=None, packages_skip=None, packages_select_regex=None, packages_skip_regex=None, packages_start=None, packages_end=None, cmake_args=None, cmake_target=None, cmake_target_skip_unavailable=False, cmake_clean_cache=False, cmake_clean_first=False, cmake_force_configure=False, ament_cmake_args=None, catkin_cmake_args=None, catkin_skip_building_tests=False, mixin_files=None, mixin=None, verb_parser=<colcon_mixin.mixin.mixin_argument.MixinArgumentDecorator object at 0x7f1a3c1e1250>, verb_extension=<colcon_core.verb.build.BuildVerb object at 0x7f1a3c339b80>, main=<bound method BuildVerb.main of <colcon_core.verb.build.BuildVerb object at 0x7f1a3c339b80>>, mixin_verb=('build',))
[0.192s] Level 1:colcon.colcon_core.package_discovery:discover_packages(colcon_meta) check parameters
[0.193s] INFO:colcon.colcon_metadata.package_discovery.colcon_meta:Using configuration from '/root/.colcon/metadata/default/Gazebo.meta'
[0.193s] INFO:colcon.colcon_metadata.package_discovery.colcon_meta:Using configuration from '/root/.colcon/metadata/default/fastrtps.meta'
[0.193s] Level 1:colcon.colcon_core.package_discovery:discover_packages(recursive) check parameters
[0.193s] Level 1:colcon.colcon_core.package_discovery:discover_packages(ignore) check parameters
[0.193s] Level 1:colcon.colcon_core.package_discovery:discover_packages(path) check parameters
[0.194s] Level 1:colcon.colcon_core.package_discovery:discover_packages(colcon_meta) discover
[0.194s] Level 1:colcon.colcon_core.package_discovery:discover_packages(recursive) discover
[0.194s] INFO:colcon.colcon_core.package_discovery:Crawling recursively for packages in '/workspace/ros_ws'
[0.194s] Level 1:colcon.colcon_core.package_identification:_identify(.) by extensions ['ignore', 'ignore_ament_install']
[0.194s] Level 1:colcon.colcon_core.package_identification:_identify(.) by extension 'ignore'
[0.194s] Level 1:colcon.colcon_core.package_identification:_identify(.) by extension 'ignore_ament_install'
[0.194s] Level 1:colcon.colcon_core.package_identification:_identify(.) by extensions ['colcon_pkg']
[0.194s] Level 1:colcon.colcon_core.package_identification:_identify(.) by extension 'colcon_pkg'
[0.194s] Level 1:colcon.colcon_core.package_identification:_identify(.) by extensions ['colcon_meta']
[0.194s] Level 1:colcon.colcon_core.package_identification:_identify(.) by extension 'colcon_meta'
[0.194s] Level 1:colcon.colcon_core.package_identification:_identify(.) by extensions ['ros']
[0.194s] Level 1:colcon.colcon_core.package_identification:_identify(.) by extension 'ros'
[0.231s] Level 1:colcon.colcon_core.package_identification:_identify(.) by extensions ['cmake', 'python']
[0.232s] Level 1:colcon.colcon_core.package_identification:_identify(.) by extension 'cmake'
[0.232s] Level 1:colcon.colcon_core.package_identification:_identify(.) by extension 'python'
[0.232s] Level 1:colcon.colcon_core.package_identification:_identify(.) by extensions ['python_setup_py']
[0.232s] Level 1:colcon.colcon_core.package_identification:_identify(.) by extension 'python_setup_py'
[0.232s] Level 1:colcon.colcon_core.package_identification:_identify(build) by extensions ['ignore', 'ignore_ament_install']
[0.232s] Level 1:colcon.colcon_core.package_identification:_identify(build) by extension 'ignore'
[0.232s] Level 1:colcon.colcon_core.package_identification:_identify(build) ignored
[0.232s] Level 1:colcon.colcon_core.package_identification:_identify(install) by extensions ['ignore', 'ignore_ament_install']
[0.232s] Level 1:colcon.colcon_core.package_identification:_identify(install) by extension 'ignore'
[0.232s] Level 1:colcon.colcon_core.package_identification:_identify(install) ignored
[0.233s] Level 1:colcon.colcon_core.package_identification:_identify(log) by extensions ['ignore', 'ignore_ament_install']
[0.233s] Level 1:colcon.colcon_core.package_identification:_identify(log) by extension 'ignore'
[0.233s] Level 1:colcon.colcon_core.package_identification:_identify(log) ignored
[0.233s] Level 1:colcon.colcon_core.package_identification:_identify(src) by extensions ['ignore', 'ignore_ament_install']
[0.233s] Level 1:colcon.colcon_core.package_identification:_identify(src) by extension 'ignore'
[0.233s] Level 1:colcon.colcon_core.package_identification:_identify(src) by extension 'ignore_ament_install'
[0.233s] Level 1:colcon.colcon_core.package_identification:_identify(src) by extensions ['colcon_pkg']
[0.233s] Level 1:colcon.colcon_core.package_identification:_identify(src) by extension 'colcon_pkg'
[0.233s] Level 1:colcon.colcon_core.package_identification:_identify(src) by extensions ['colcon_meta']
[0.233s] Level 1:colcon.colcon_core.package_identification:_identify(src) by extension 'colcon_meta'
[0.233s] Level 1:colcon.colcon_core.package_identification:_identify(src) by extensions ['ros']
[0.233s] Level 1:colcon.colcon_core.package_identification:_identify(src) by extension 'ros'
[0.234s] Level 1:colcon.colcon_core.package_identification:_identify(src) by extensions ['cmake', 'python']
[0.234s] Level 1:colcon.colcon_core.package_identification:_identify(src) by extension 'cmake'
[0.234s] Level 1:colcon.colcon_core.package_identification:_identify(src) by extension 'python'
[0.234s] Level 1:colcon.colcon_core.package_identification:_identify(src) by extensions ['python_setup_py']
[0.234s] Level 1:colcon.colcon_core.package_identification:_identify(src) by extension 'python_setup_py'
[0.234s] Level 1:colcon.colcon_core.package_identification:_identify(src/ariaNode) by extensions ['ignore', 'ignore_ament_install']
[0.234s] Level 1:colcon.colcon_core.package_identification:_identify(src/ariaNode) by extension 'ignore'
[0.234s] Level 1:colcon.colcon_core.package_identification:_identify(src/ariaNode) by extension 'ignore_ament_install'
[0.234s] Level 1:colcon.colcon_core.package_identification:_identify(src/ariaNode) by extensions ['colcon_pkg']
[0.235s] Level 1:colcon.colcon_core.package_identification:_identify(src/ariaNode) by extension 'colcon_pkg'
[0.235s] Level 1:colcon.colcon_core.package_identification:_identify(src/ariaNode) by extensions ['colcon_meta']
[0.235s] Level 1:colcon.colcon_core.package_identification:_identify(src/ariaNode) by extension 'colcon_meta'
[0.235s] Level 1:colcon.colcon_core.package_identification:_identify(src/ariaNode) by extensions ['ros']
[0.235s] Level 1:colcon.colcon_core.package_identification:_identify(src/ariaNode) by extension 'ros'
[0.238s] DEBUG:colcon.colcon_core.package_identification:Package 'src/ariaNode' with type 'ros.ament_cmake' and name 'ariaNode'
[0.239s] Level 1:colcon.colcon_core.package_identification:_identify(src/build) by extensions ['ignore', 'ignore_ament_install']
[0.239s] Level 1:colcon.colcon_core.package_identification:_identify(src/build) by extension 'ignore'
[0.241s] Level 1:colcon.colcon_core.package_identification:_identify(src/build) ignored
[0.241s] Level 1:colcon.colcon_core.package_identification:_identify(src/install) by extensions ['ignore', 'ignore_ament_install']
[0.241s] Level 1:colcon.colcon_core.package_identification:_identify(src/install) by extension 'ignore'
[0.242s] Level 1:colcon.colcon_core.package_identification:_identify(src/install) ignored
[0.242s] Level 1:colcon.colcon_core.package_identification:_identify(src/log) by extensions ['ignore', 'ignore_ament_install']
[0.242s] Level 1:colcon.colcon_core.package_identification:_identify(src/log) by extension 'ignore'
[0.242s] Level 1:colcon.colcon_core.package_identification:_identify(src/log) ignored
[0.242s] Level 1:colcon.colcon_core.package_identification:_identify(src/master) by extensions ['ignore', 'ignore_ament_install']
[0.243s] Level 1:colcon.colcon_core.package_identification:_identify(src/master) by extension 'ignore'
[0.243s] Level 1:colcon.colcon_core.package_identification:_identify(src/master) by extension 'ignore_ament_install'
[0.243s] Level 1:colcon.colcon_core.package_identification:_identify(src/master) by extensions ['colcon_pkg']
[0.243s] Level 1:colcon.colcon_core.package_identification:_identify(src/master) by extension 'colcon_pkg'
[0.243s] Level 1:colcon.colcon_core.package_identification:_identify(src/master) by extensions ['colcon_meta']
[0.243s] Level 1:colcon.colcon_core.package_identification:_identify(src/master) by extension 'colcon_meta'
[0.243s] Level 1:colcon.colcon_core.package_identification:_identify(src/master) by extensions ['ros']
[0.243s] Level 1:colcon.colcon_core.package_identification:_identify(src/master) by extension 'ros'
[0.244s] DEBUG:colcon.colcon_core.package_identification:Package 'src/master' with type 'ros.ament_cmake' and name 'master'
[0.244s] Level 1:colcon.colcon_core.package_identification:_identify(src/my_package2) by extensions ['ignore', 'ignore_ament_install']
[0.244s] Level 1:colcon.colcon_core.package_identification:_identify(src/my_package2) by extension 'ignore'
[0.245s] Level 1:colcon.colcon_core.package_identification:_identify(src/my_package2) by extension 'ignore_ament_install'
[0.245s] Level 1:colcon.colcon_core.package_identification:_identify(src/my_package2) by extensions ['colcon_pkg']
[0.245s] Level 1:colcon.colcon_core.package_identification:_identify(src/my_package2) by extension 'colcon_pkg'
[0.245s] Level 1:colcon.colcon_core.package_identification:_identify(src/my_package2) by extensions ['colcon_meta']
[0.245s] Level 1:colcon.colcon_core.package_identification:_identify(src/my_package2) by extension 'colcon_meta'
[0.245s] Level 1:colcon.colcon_core.package_identification:_identify(src/my_package2) by extensions ['ros']
[0.245s] Level 1:colcon.colcon_core.package_identification:_identify(src/my_package2) by extension 'ros'
[0.245s] DEBUG:colcon.colcon_core.package_identification:Package 'src/my_package2' with type 'ros.ament_cmake' and name 'my_package2'
[0.245s] Level 1:colcon.colcon_core.package_identification:_identify(src/nav2_gps_waypoint_follower_demo) by extensions ['ignore', 'ignore_ament_install']
[0.245s] Level 1:colcon.colcon_core.package_identification:_identify(src/nav2_gps_waypoint_follower_demo) by extension 'ignore'
[0.246s] Level 1:colcon.colcon_core.package_identification:_identify(src/nav2_gps_waypoint_follower_demo) by extension 'ignore_ament_install'
[0.246s] Level 1:colcon.colcon_core.package_identification:_identify(src/nav2_gps_waypoint_follower_demo) by extensions ['colcon_pkg']
[0.246s] Level 1:colcon.colcon_core.package_identification:_identify(src/nav2_gps_waypoint_follower_demo) by extension 'colcon_pkg'
[0.246s] Level 1:colcon.colcon_core.package_identification:_identify(src/nav2_gps_waypoint_follower_demo) by extensions ['colcon_meta']
[0.246s] Level 1:colcon.colcon_core.package_identification:_identify(src/nav2_gps_waypoint_follower_demo) by extension 'colcon_meta'
[0.246s] Level 1:colcon.colcon_core.package_identification:_identify(src/nav2_gps_waypoint_follower_demo) by extensions ['ros']
[0.246s] Level 1:colcon.colcon_core.package_identification:_identify(src/nav2_gps_waypoint_follower_demo) by extension 'ros'
[0.247s] DEBUG:colcon.colcon_core.package_identification:Package 'src/nav2_gps_waypoint_follower_demo' with type 'ros.ament_python' and name 'nav2_gps_waypoint_follower_demo'
[0.247s] Level 1:colcon.colcon_core.package_discovery:discover_packages(recursive) using defaults
[0.247s] Level 1:colcon.colcon_core.package_discovery:discover_packages(ignore) discover
[0.247s] Level 1:colcon.colcon_core.package_discovery:discover_packages(ignore) using defaults
[0.247s] Level 1:colcon.colcon_core.package_discovery:discover_packages(path) discover
[0.247s] Level 1:colcon.colcon_core.package_discovery:discover_packages(path) using defaults
[0.282s] Level 5:colcon.colcon_core.verb:set package 'ariaNode' build argument 'cmake_args' from command line to 'None'
[0.282s] Level 5:colcon.colcon_core.verb:set package 'ariaNode' build argument 'cmake_target' from command line to 'None'
[0.282s] Level 5:colcon.colcon_core.verb:set package 'ariaNode' build argument 'cmake_target_skip_unavailable' from command line to 'False'
[0.282s] Level 5:colcon.colcon_core.verb:set package 'ariaNode' build argument 'cmake_clean_cache' from command line to 'False'
[0.282s] Level 5:colcon.colcon_core.verb:set package 'ariaNode' build argument 'cmake_clean_first' from command line to 'False'
[0.282s] Level 5:colcon.colcon_core.verb:set package 'ariaNode' build argument 'cmake_force_configure' from command line to 'False'
[0.283s] Level 5:colcon.colcon_core.verb:set package 'ariaNode' build argument 'ament_cmake_args' from command line to 'None'
[0.283s] Level 5:colcon.colcon_core.verb:set package 'ariaNode' build argument 'catkin_cmake_args' from command line to 'None'
[0.283s] Level 5:colcon.colcon_core.verb:set package 'ariaNode' build argument 'catkin_skip_building_tests' from command line to 'False'
[0.283s] DEBUG:colcon.colcon_core.verb:Building package 'ariaNode' with the following arguments: {'ament_cmake_args': None, 'build_base': '/workspace/ros_ws/build/ariaNode', 'catkin_cmake_args': None, 'catkin_skip_building_tests': False, 'cmake_args': None, 'cmake_clean_cache': False, 'cmake_clean_first': False, 'cmake_force_configure': False, 'cmake_target': None, 'cmake_target_skip_unavailable': False, 'install_base': '/workspace/ros_ws/install/ariaNode', 'merge_install': False, 'path': '/workspace/ros_ws/src/ariaNode', 'symlink_install': False, 'test_result_base': None}
[0.283s] Level 5:colcon.colcon_core.verb:set package 'master' build argument 'cmake_args' from command line to 'None'
[0.283s] Level 5:colcon.colcon_core.verb:set package 'master' build argument 'cmake_target' from command line to 'None'
[0.283s] Level 5:colcon.colcon_core.verb:set package 'master' build argument 'cmake_target_skip_unavailable' from command line to 'False'
[0.283s] Level 5:colcon.colcon_core.verb:set package 'master' build argument 'cmake_clean_cache' from command line to 'False'
[0.283s] Level 5:colcon.colcon_core.verb:set package 'master' build argument 'cmake_clean_first' from command line to 'False'
[0.283s] Level 5:colcon.colcon_core.verb:set package 'master' build argument 'cmake_force_configure' from command line to 'False'
[0.283s] Level 5:colcon.colcon_core.verb:set package 'master' build argument 'ament_cmake_args' from command line to 'None'
[0.283s] Level 5:colcon.colcon_core.verb:set package 'master' build argument 'catkin_cmake_args' from command line to 'None'
[0.283s] Level 5:colcon.colcon_core.verb:set package 'master' build argument 'catkin_skip_building_tests' from command line to 'False'
[0.283s] DEBUG:colcon.colcon_core.verb:Building package 'master' with the following arguments: {'ament_cmake_args': None, 'build_base': '/workspace/ros_ws/build/master', 'catkin_cmake_args': None, 'catkin_skip_building_tests': False, 'cmake_args': None, 'cmake_clean_cache': False, 'cmake_clean_first': False, 'cmake_force_configure': False, 'cmake_target': None, 'cmake_target_skip_unavailable': False, 'install_base': '/workspace/ros_ws/install/master', 'merge_install': False, 'path': '/workspace/ros_ws/src/master', 'symlink_install': False, 'test_result_base': None}
[0.283s] Level 5:colcon.colcon_core.verb:set package 'my_package2' build argument 'cmake_args' from command line to 'None'
[0.284s] Level 5:colcon.colcon_core.verb:set package 'my_package2' build argument 'cmake_target' from command line to 'None'
[0.284s] Level 5:colcon.colcon_core.verb:set package 'my_package2' build argument 'cmake_target_skip_unavailable' from command line to 'False'
[0.284s] Level 5:colcon.colcon_core.verb:set package 'my_package2' build argument 'cmake_clean_cache' from command line to 'False'
[0.284s] Level 5:colcon.colcon_core.verb:set package 'my_package2' build argument 'cmake_clean_first' from command line to 'False'
[0.284s] Level 5:colcon.colcon_core.verb:set package 'my_package2' build argument 'cmake_force_configure' from command line to 'False'
[0.284s] Level 5:colcon.colcon_core.verb:set package 'my_package2' build argument 'ament_cmake_args' from command line to 'None'
[0.284s] Level 5:colcon.colcon_core.verb:set package 'my_package2' build argument 'catkin_cmake_args' from command line to 'None'
[0.284s] Level 5:colcon.colcon_core.verb:set package 'my_package2' build argument 'catkin_skip_building_tests' from command line to 'False'
[0.284s] DEBUG:colcon.colcon_core.verb:Building package 'my_package2' with the following arguments: {'ament_cmake_args': None, 'build_base': '/workspace/ros_ws/build/my_package2', 'catkin_cmake_args': None, 'catkin_skip_building_tests': False, 'cmake_args': None, 'cmake_clean_cache': False, 'cmake_clean_first': False, 'cmake_force_configure': False, 'cmake_target': None, 'cmake_target_skip_unavailable': False, 'install_base': '/workspace/ros_ws/install/my_package2', 'merge_install': False, 'path': '/workspace/ros_ws/src/my_package2', 'symlink_install': False, 'test_result_base': None}
[0.284s] Level 5:colcon.colcon_core.verb:set package 'nav2_gps_waypoint_follower_demo' build argument 'cmake_args' from command line to 'None'
[0.284s] Level 5:colcon.colcon_core.verb:set package 'nav2_gps_waypoint_follower_demo' build argument 'cmake_target' from command line to 'None'
[0.284s] Level 5:colcon.colcon_core.verb:set package 'nav2_gps_waypoint_follower_demo' build argument 'cmake_target_skip_unavailable' from command line to 'False'
[0.284s] Level 5:colcon.colcon_core.verb:set package 'nav2_gps_waypoint_follower_demo' build argument 'cmake_clean_cache' from command line to 'False'
[0.284s] Level 5:colcon.colcon_core.verb:set package 'nav2_gps_waypoint_follower_demo' build argument 'cmake_clean_first' from command line to 'False'
[0.284s] Level 5:colcon.colcon_core.verb:set package 'nav2_gps_waypoint_follower_demo' build argument 'cmake_force_configure' from command line to 'False'
[0.284s] Level 5:colcon.colcon_core.verb:set package 'nav2_gps_waypoint_follower_demo' build argument 'ament_cmake_args' from command line to 'None'
[0.284s] Level 5:colcon.colcon_core.verb:set package 'nav2_gps_waypoint_follower_demo' build argument 'catkin_cmake_args' from command line to 'None'
[0.284s] Level 5:colcon.colcon_core.verb:set package 'nav2_gps_waypoint_follower_demo' build argument 'catkin_skip_building_tests' from command line to 'False'
[0.284s] DEBUG:colcon.colcon_core.verb:Building package 'nav2_gps_waypoint_follower_demo' with the following arguments: {'ament_cmake_args': None, 'build_base': '/workspace/ros_ws/build/nav2_gps_waypoint_follower_demo', 'catkin_cmake_args': None, 'catkin_skip_building_tests': False, 'cmake_args': None, 'cmake_clean_cache': False, 'cmake_clean_first': False, 'cmake_force_configure': False, 'cmake_target': None, 'cmake_target_skip_unavailable': False, 'install_base': '/workspace/ros_ws/install/nav2_gps_waypoint_follower_demo', 'merge_install': False, 'path': '/workspace/ros_ws/src/nav2_gps_waypoint_follower_demo', 'symlink_install': False, 'test_result_base': None}
[0.285s] INFO:colcon.colcon_core.executor:Executing jobs using 'parallel' executor
[0.286s] DEBUG:colcon.colcon_parallel_executor.executor.parallel:run_until_complete
[0.287s] INFO:colcon.colcon_ros.task.ament_cmake.build:Building ROS package in '/workspace/ros_ws/src/ariaNode' with build type 'ament_cmake'
[0.287s] INFO:colcon.colcon_cmake.task.cmake.build:Building CMake package in '/workspace/ros_ws/src/ariaNode'
[0.291s] INFO:colcon.colcon_core.plugin_system:Skipping extension 'colcon_core.shell.bat': Not used on non-Windows systems
[0.292s] INFO:colcon.colcon_core.shell:Skip shell extension 'powershell' for command environment: Not usable outside of PowerShell
[0.292s] DEBUG:colcon.colcon_core.shell:Skip shell extension 'dsv' for command environment
[0.293s] WARNING:colcon.colcon_ros.prefix_path.ament:The path '/workspace/ros_ws/install/nav2_gps_waypoint_follower_demo' in the environment variable AMENT_PREFIX_PATH doesn't exist
[0.293s] WARNING:colcon.colcon_ros.prefix_path.ament:The path '/workspace/ros_ws/install/my_package2' in the environment variable AMENT_PREFIX_PATH doesn't exist
[0.295s] WARNING:colcon.colcon_ros.prefix_path.ament:The path '/workspace/ros_ws/install/master' in the environment variable AMENT_PREFIX_PATH doesn't exist
[0.295s] WARNING:colcon.colcon_ros.prefix_path.ament:The path '/workspace/ros_ws/install/ariaNode' in the environment variable AMENT_PREFIX_PATH doesn't exist
[0.297s] WARNING:colcon.colcon_ros.prefix_path.catkin:The path '/workspace/ros_ws/install/my_package2' in the environment variable CMAKE_PREFIX_PATH doesn't exist
[0.298s] WARNING:colcon.colcon_ros.prefix_path.catkin:The path '/workspace/ros_ws/install/master' in the environment variable CMAKE_PREFIX_PATH doesn't exist
[0.298s] WARNING:colcon.colcon_ros.prefix_path.catkin:The path '/workspace/ros_ws/install/ariaNode' in the environment variable CMAKE_PREFIX_PATH doesn't exist
[0.306s] INFO:colcon.colcon_ros.task.ament_cmake.build:Building ROS package in '/workspace/ros_ws/src/master' with build type 'ament_cmake'
[0.306s] INFO:colcon.colcon_cmake.task.cmake.build:Building CMake package in '/workspace/ros_ws/src/master'
[0.306s] INFO:colcon.colcon_core.shell:Skip shell extension 'powershell' for command environment: Not usable outside of PowerShell
[0.306s] DEBUG:colcon.colcon_core.shell:Skip shell extension 'dsv' for command environment
[0.317s] INFO:colcon.colcon_ros.task.ament_cmake.build:Building ROS package in '/workspace/ros_ws/src/my_package2' with build type 'ament_cmake'
[0.317s] INFO:colcon.colcon_cmake.task.cmake.build:Building CMake package in '/workspace/ros_ws/src/my_package2'
[0.320s] INFO:colcon.colcon_core.shell:Skip shell extension 'powershell' for command environment: Not usable outside of PowerShell
[0.320s] DEBUG:colcon.colcon_core.shell:Skip shell extension 'dsv' for command environment
[0.336s] INFO:colcon.colcon_ros.task.ament_python.build:Building ROS package in '/workspace/ros_ws/src/nav2_gps_waypoint_follower_demo' with build type 'ament_python'
[0.337s] Level 1:colcon.colcon_core.shell:create_environment_hook('nav2_gps_waypoint_follower_demo', 'ament_prefix_path')
[0.338s] INFO:colcon.colcon_core.shell:Creating environment hook '/workspace/ros_ws/install/nav2_gps_waypoint_follower_demo/share/nav2_gps_waypoint_follower_demo/hook/ament_prefix_path.ps1'
[0.339s] INFO:colcon.colcon_core.shell:Creating environment descriptor '/workspace/ros_ws/install/nav2_gps_waypoint_follower_demo/share/nav2_gps_waypoint_follower_demo/hook/ament_prefix_path.dsv'
[0.339s] INFO:colcon.colcon_core.shell:Creating environment hook '/workspace/ros_ws/install/nav2_gps_waypoint_follower_demo/share/nav2_gps_waypoint_follower_demo/hook/ament_prefix_path.sh'
[0.340s] INFO:colcon.colcon_core.shell:Skip shell extension 'powershell' for command environment: Not usable outside of PowerShell
[0.340s] DEBUG:colcon.colcon_core.shell:Skip shell extension 'dsv' for command environment
[0.359s] DEBUG:colcon.colcon_core.event_handler.log_command:Invoking command in '/workspace/ros_ws/build/ariaNode': CMAKE_PREFIX_PATH=${CMAKE_PREFIX_PATH}:/workspace/ros_ws/install/nav2_gps_waypoint_follower_demo:/workspace/ros_ws/src/install/nav2_gps_waypoint_follower_demo:/opt/ros/jazzy /usr/bin/cmake /workspace/ros_ws/src/ariaNode -DCMAKE_INSTALL_PREFIX=/workspace/ros_ws/install/ariaNode
[0.363s] DEBUG:colcon.colcon_core.event_handler.log_command:Invoking command in '/workspace/ros_ws/build/master': CMAKE_PREFIX_PATH=${CMAKE_PREFIX_PATH}:/workspace/ros_ws/install/nav2_gps_waypoint_follower_demo:/workspace/ros_ws/src/install/nav2_gps_waypoint_follower_demo:/opt/ros/jazzy /usr/bin/cmake /workspace/ros_ws/src/master -DCMAKE_INSTALL_PREFIX=/workspace/ros_ws/install/master
[0.369s] DEBUG:colcon.colcon_core.event_handler.log_command:Invoking command in '/workspace/ros_ws/build/my_package2': CMAKE_PREFIX_PATH=${CMAKE_PREFIX_PATH}:/workspace/ros_ws/install/nav2_gps_waypoint_follower_demo:/workspace/ros_ws/src/install/nav2_gps_waypoint_follower_demo:/opt/ros/jazzy /usr/bin/cmake /workspace/ros_ws/src/my_package2 -DCMAKE_INSTALL_PREFIX=/workspace/ros_ws/install/my_package2
[0.731s] INFO:colcon.colcon_core.task.python.build:Building Python package in '/workspace/ros_ws/src/nav2_gps_waypoint_follower_demo'
[0.731s] INFO:colcon.colcon_core.shell:Skip shell extension 'powershell' for command environment: Not usable outside of PowerShell
[0.732s] DEBUG:colcon.colcon_core.shell:Skip shell extension 'dsv' for command environment
[1.647s] DEBUG:colcon.colcon_core.event_handler.log_command:Invoked command in '/workspace/ros_ws/build/my_package2' returned '0': CMAKE_PREFIX_PATH=${CMAKE_PREFIX_PATH}:/workspace/ros_ws/install/nav2_gps_waypoint_follower_demo:/workspace/ros_ws/src/install/nav2_gps_waypoint_follower_demo:/opt/ros/jazzy /usr/bin/cmake /workspace/ros_ws/src/my_package2 -DCMAKE_INSTALL_PREFIX=/workspace/ros_ws/install/my_package2
[1.651s] DEBUG:colcon.colcon_core.event_handler.log_command:Invoking command in '/workspace/ros_ws/build/my_package2': CMAKE_PREFIX_PATH=${CMAKE_PREFIX_PATH}:/workspace/ros_ws/install/nav2_gps_waypoint_follower_demo:/workspace/ros_ws/src/install/nav2_gps_waypoint_follower_demo:/opt/ros/jazzy /usr/bin/cmake --build /workspace/ros_ws/build/my_package2 -- -j12 -l12
[1.698s] DEBUG:colcon.colcon_core.event_handler.log_command:Invoking command in '/workspace/ros_ws/src/nav2_gps_waypoint_follower_demo': PYTHONPATH=/workspace/ros_ws/build/nav2_gps_waypoint_follower_demo/prefix_override:/usr/lib/python3/dist-packages/colcon_core/task/python/colcon_distutils_commands:/workspace/ros_ws/install/nav2_gps_waypoint_follower_demo/lib/python3.12/site-packages:${PYTHONPATH} /usr/bin/python3 -W ignore:setup.py install is deprecated -W ignore:easy_install command is deprecated setup.py egg_info --egg-base ../../build/nav2_gps_waypoint_follower_demo build --build-base /workspace/ros_ws/build/nav2_gps_waypoint_follower_demo/build install --record /workspace/ros_ws/build/nav2_gps_waypoint_follower_demo/install.log --single-version-externally-managed install_data
[1.829s] DEBUG:colcon.colcon_core.event_handler.log_command:Invoked command in '/workspace/ros_ws/build/my_package2' returned '0': CMAKE_PREFIX_PATH=${CMAKE_PREFIX_PATH}:/workspace/ros_ws/install/nav2_gps_waypoint_follower_demo:/workspace/ros_ws/src/install/nav2_gps_waypoint_follower_demo:/opt/ros/jazzy /usr/bin/cmake --build /workspace/ros_ws/build/my_package2 -- -j12 -l12
[1.841s] DEBUG:colcon.colcon_core.event_handler.log_command:Invoking command in '/workspace/ros_ws/build/my_package2': CMAKE_PREFIX_PATH=${CMAKE_PREFIX_PATH}:/workspace/ros_ws/install/nav2_gps_waypoint_follower_demo:/workspace/ros_ws/src/install/nav2_gps_waypoint_follower_demo:/opt/ros/jazzy /usr/bin/cmake --install /workspace/ros_ws/build/my_package2
[1.860s] Level 1:colcon.colcon_core.environment:create_environment_scripts_only(my_package2)
[1.861s] DEBUG:colcon.colcon_core.event_handler.log_command:Invoked command in '/workspace/ros_ws/build/my_package2' returned '0': CMAKE_PREFIX_PATH=${CMAKE_PREFIX_PATH}:/workspace/ros_ws/install/nav2_gps_waypoint_follower_demo:/workspace/ros_ws/src/install/nav2_gps_waypoint_follower_demo:/opt/ros/jazzy /usr/bin/cmake --install /workspace/ros_ws/build/my_package2
[1.866s] Level 1:colcon.colcon_core.environment:checking '/workspace/ros_ws/install/my_package2' for CMake module files
[1.867s] Level 1:colcon.colcon_core.environment:checking '/workspace/ros_ws/install/my_package2' for CMake config files
[1.867s] Level 1:colcon.colcon_core.shell:create_environment_hook('my_package2', 'cmake_prefix_path')
[1.867s] INFO:colcon.colcon_core.shell:Creating environment hook '/workspace/ros_ws/install/my_package2/share/my_package2/hook/cmake_prefix_path.ps1'
[1.868s] INFO:colcon.colcon_core.shell:Creating environment descriptor '/workspace/ros_ws/install/my_package2/share/my_package2/hook/cmake_prefix_path.dsv'
[1.868s] INFO:colcon.colcon_core.shell:Creating environment hook '/workspace/ros_ws/install/my_package2/share/my_package2/hook/cmake_prefix_path.sh'
[1.869s] Level 1:colcon.colcon_core.environment:checking '/workspace/ros_ws/install/my_package2/lib'
[1.869s] Level 1:colcon.colcon_core.environment:checking '/workspace/ros_ws/install/my_package2/bin'
[1.869s] Level 1:colcon.colcon_core.environment:checking '/workspace/ros_ws/install/my_package2/lib/pkgconfig/my_package2.pc'
[1.870s] Level 1:colcon.colcon_core.environment:checking '/workspace/ros_ws/install/my_package2/lib/python3.12/site-packages'
[1.870s] Level 1:colcon.colcon_core.environment:checking '/workspace/ros_ws/install/my_package2/bin'
[1.870s] INFO:colcon.colcon_core.shell:Creating package script '/workspace/ros_ws/install/my_package2/share/my_package2/package.ps1'
[1.871s] INFO:colcon.colcon_core.shell:Creating package descriptor '/workspace/ros_ws/install/my_package2/share/my_package2/package.dsv'
[1.872s] INFO:colcon.colcon_core.shell:Creating package script '/workspace/ros_ws/install/my_package2/share/my_package2/package.sh'
[1.873s] INFO:colcon.colcon_core.shell:Creating package script '/workspace/ros_ws/install/my_package2/share/my_package2/package.bash'
[1.874s] INFO:colcon.colcon_core.shell:Creating package script '/workspace/ros_ws/install/my_package2/share/my_package2/package.zsh'
[1.874s] Level 1:colcon.colcon_core.environment:create_file_with_runtime_dependencies(/workspace/ros_ws/install/my_package2/share/colcon-core/packages/my_package2)
[1.875s] Level 1:colcon.colcon_core.environment:create_environment_scripts_only(my_package2)
[1.875s] Level 1:colcon.colcon_core.environment:checking '/workspace/ros_ws/install/my_package2' for CMake module files
[1.876s] Level 1:colcon.colcon_core.environment:checking '/workspace/ros_ws/install/my_package2' for CMake config files
[1.877s] Level 1:colcon.colcon_core.shell:create_environment_hook('my_package2', 'cmake_prefix_path')
[1.877s] INFO:colcon.colcon_core.shell:Creating environment hook '/workspace/ros_ws/install/my_package2/share/my_package2/hook/cmake_prefix_path.ps1'
[1.878s] INFO:colcon.colcon_core.shell:Creating environment descriptor '/workspace/ros_ws/install/my_package2/share/my_package2/hook/cmake_prefix_path.dsv'
[1.879s] INFO:colcon.colcon_core.shell:Creating environment hook '/workspace/ros_ws/install/my_package2/share/my_package2/hook/cmake_prefix_path.sh'
[1.880s] Level 1:colcon.colcon_core.environment:checking '/workspace/ros_ws/install/my_package2/lib'
[1.881s] Level 1:colcon.colcon_core.environment:checking '/workspace/ros_ws/install/my_package2/bin'
[1.881s] Level 1:colcon.colcon_core.environment:checking '/workspace/ros_ws/install/my_package2/lib/pkgconfig/my_package2.pc'
[1.881s] Level 1:colcon.colcon_core.environment:checking '/workspace/ros_ws/install/my_package2/lib/python3.12/site-packages'
[1.882s] Level 1:colcon.colcon_core.environment:checking '/workspace/ros_ws/install/my_package2/bin'
[1.882s] INFO:colcon.colcon_core.shell:Creating package script '/workspace/ros_ws/install/my_package2/share/my_package2/package.ps1'
[1.883s] INFO:colcon.colcon_core.shell:Creating package descriptor '/workspace/ros_ws/install/my_package2/share/my_package2/package.dsv'
[1.883s] INFO:colcon.colcon_core.shell:Creating package script '/workspace/ros_ws/install/my_package2/share/my_package2/package.sh'
[1.884s] INFO:colcon.colcon_core.shell:Creating package script '/workspace/ros_ws/install/my_package2/share/my_package2/package.bash'
[1.884s] INFO:colcon.colcon_core.shell:Creating package script '/workspace/ros_ws/install/my_package2/share/my_package2/package.zsh'
[1.885s] Level 1:colcon.colcon_core.environment:create_file_with_runtime_dependencies(/workspace/ros_ws/install/my_package2/share/colcon-core/packages/my_package2)
[2.521s] DEBUG:colcon.colcon_core.event_handler.log_command:Invoked command in '/workspace/ros_ws/build/ariaNode' returned '0': CMAKE_PREFIX_PATH=${CMAKE_PREFIX_PATH}:/workspace/ros_ws/install/nav2_gps_waypoint_follower_demo:/workspace/ros_ws/src/install/nav2_gps_waypoint_follower_demo:/opt/ros/jazzy /usr/bin/cmake /workspace/ros_ws/src/ariaNode -DCMAKE_INSTALL_PREFIX=/workspace/ros_ws/install/ariaNode
[2.521s] DEBUG:colcon.colcon_core.event_handler.log_command:Invoking command in '/workspace/ros_ws/build/ariaNode': CMAKE_PREFIX_PATH=${CMAKE_PREFIX_PATH}:/workspace/ros_ws/install/nav2_gps_waypoint_follower_demo:/workspace/ros_ws/src/install/nav2_gps_waypoint_follower_demo:/opt/ros/jazzy /usr/bin/cmake --build /workspace/ros_ws/build/ariaNode -- -j12 -l12
[2.547s] Level 1:colcon.colcon_core.environment:checking '/workspace/ros_ws/install/nav2_gps_waypoint_follower_demo' for CMake module files
[2.549s] DEBUG:colcon.colcon_core.event_handler.log_command:Invoked command in '/workspace/ros_ws/src/nav2_gps_waypoint_follower_demo' returned '0': PYTHONPATH=/workspace/ros_ws/build/nav2_gps_waypoint_follower_demo/prefix_override:/usr/lib/python3/dist-packages/colcon_core/task/python/colcon_distutils_commands:/workspace/ros_ws/install/nav2_gps_waypoint_follower_demo/lib/python3.12/site-packages:${PYTHONPATH} /usr/bin/python3 -W ignore:setup.py install is deprecated -W ignore:easy_install command is deprecated setup.py egg_info --egg-base ../../build/nav2_gps_waypoint_follower_demo build --build-base /workspace/ros_ws/build/nav2_gps_waypoint_follower_demo/build install --record /workspace/ros_ws/build/nav2_gps_waypoint_follower_demo/install.log --single-version-externally-managed install_data
[2.549s] Level 1:colcon.colcon_core.environment:checking '/workspace/ros_ws/install/nav2_gps_waypoint_follower_demo' for CMake config files
[2.550s] Level 1:colcon.colcon_core.environment:checking '/workspace/ros_ws/install/nav2_gps_waypoint_follower_demo/lib'
[2.550s] Level 1:colcon.colcon_core.environment:checking '/workspace/ros_ws/install/nav2_gps_waypoint_follower_demo/bin'
[2.550s] Level 1:colcon.colcon_core.environment:checking '/workspace/ros_ws/install/nav2_gps_waypoint_follower_demo/lib/pkgconfig/nav2_gps_waypoint_follower_demo.pc'
[2.551s] Level 1:colcon.colcon_core.environment:checking '/workspace/ros_ws/install/nav2_gps_waypoint_follower_demo/lib/python3.12/site-packages'
[2.551s] Level 1:colcon.colcon_core.shell:create_environment_hook('nav2_gps_waypoint_follower_demo', 'pythonpath')
[2.551s] INFO:colcon.colcon_core.shell:Creating environment hook '/workspace/ros_ws/install/nav2_gps_waypoint_follower_demo/share/nav2_gps_waypoint_follower_demo/hook/pythonpath.ps1'
[2.552s] INFO:colcon.colcon_core.shell:Creating environment descriptor '/workspace/ros_ws/install/nav2_gps_waypoint_follower_demo/share/nav2_gps_waypoint_follower_demo/hook/pythonpath.dsv'
[2.552s] INFO:colcon.colcon_core.shell:Creating environment hook '/workspace/ros_ws/install/nav2_gps_waypoint_follower_demo/share/nav2_gps_waypoint_follower_demo/hook/pythonpath.sh'
[2.553s] Level 1:colcon.colcon_core.environment:checking '/workspace/ros_ws/install/nav2_gps_waypoint_follower_demo/bin'
[2.553s] Level 1:colcon.colcon_core.environment:create_environment_scripts_only(nav2_gps_waypoint_follower_demo)
[2.553s] INFO:colcon.colcon_core.shell:Creating package script '/workspace/ros_ws/install/nav2_gps_waypoint_follower_demo/share/nav2_gps_waypoint_follower_demo/package.ps1'
[2.554s] INFO:colcon.colcon_core.shell:Creating package descriptor '/workspace/ros_ws/install/nav2_gps_waypoint_follower_demo/share/nav2_gps_waypoint_follower_demo/package.dsv'
[2.554s] INFO:colcon.colcon_core.shell:Creating package script '/workspace/ros_ws/install/nav2_gps_waypoint_follower_demo/share/nav2_gps_waypoint_follower_demo/package.sh'
[2.555s] INFO:colcon.colcon_core.shell:Creating package script '/workspace/ros_ws/install/nav2_gps_waypoint_follower_demo/share/nav2_gps_waypoint_follower_demo/package.bash'
[2.555s] INFO:colcon.colcon_core.shell:Creating package script '/workspace/ros_ws/install/nav2_gps_waypoint_follower_demo/share/nav2_gps_waypoint_follower_demo/package.zsh'
[2.555s] Level 1:colcon.colcon_core.environment:create_file_with_runtime_dependencies(/workspace/ros_ws/install/nav2_gps_waypoint_follower_demo/share/colcon-core/packages/nav2_gps_waypoint_follower_demo)
[2.742s] DEBUG:colcon.colcon_core.event_handler.log_command:Invoked command in '/workspace/ros_ws/build/master' returned '0': CMAKE_PREFIX_PATH=${CMAKE_PREFIX_PATH}:/workspace/ros_ws/install/nav2_gps_waypoint_follower_demo:/workspace/ros_ws/src/install/nav2_gps_waypoint_follower_demo:/opt/ros/jazzy /usr/bin/cmake /workspace/ros_ws/src/master -DCMAKE_INSTALL_PREFIX=/workspace/ros_ws/install/master
[2.744s] DEBUG:colcon.colcon_core.event_handler.log_command:Invoking command in '/workspace/ros_ws/build/master': CMAKE_PREFIX_PATH=${CMAKE_PREFIX_PATH}:/workspace/ros_ws/install/nav2_gps_waypoint_follower_demo:/workspace/ros_ws/src/install/nav2_gps_waypoint_follower_demo:/opt/ros/jazzy /usr/bin/cmake --build /workspace/ros_ws/build/master -- -j12 -l12
[14.130s] DEBUG:colcon.colcon_core.event_handler.log_command:Invoked command in '/workspace/ros_ws/build/ariaNode' returned '0': CMAKE_PREFIX_PATH=${CMAKE_PREFIX_PATH}:/workspace/ros_ws/install/nav2_gps_waypoint_follower_demo:/workspace/ros_ws/src/install/nav2_gps_waypoint_follower_demo:/opt/ros/jazzy /usr/bin/cmake --build /workspace/ros_ws/build/ariaNode -- -j12 -l12
[14.132s] DEBUG:colcon.colcon_core.event_handler.log_command:Invoking command in '/workspace/ros_ws/build/ariaNode': CMAKE_PREFIX_PATH=${CMAKE_PREFIX_PATH}:/workspace/ros_ws/install/nav2_gps_waypoint_follower_demo:/workspace/ros_ws/src/install/nav2_gps_waypoint_follower_demo:/opt/ros/jazzy /usr/bin/cmake --install /workspace/ros_ws/build/ariaNode
[14.151s] Level 1:colcon.colcon_core.environment:create_environment_scripts_only(ariaNode)
[14.151s] Level 1:colcon.colcon_core.environment:checking '/workspace/ros_ws/install/ariaNode' for CMake module files
[14.152s] DEBUG:colcon.colcon_core.event_handler.log_command:Invoked command in '/workspace/ros_ws/build/ariaNode' returned '0': CMAKE_PREFIX_PATH=${CMAKE_PREFIX_PATH}:/workspace/ros_ws/install/nav2_gps_waypoint_follower_demo:/workspace/ros_ws/src/install/nav2_gps_waypoint_follower_demo:/opt/ros/jazzy /usr/bin/cmake --install /workspace/ros_ws/build/ariaNode
[14.152s] Level 1:colcon.colcon_core.environment:checking '/workspace/ros_ws/install/ariaNode' for CMake config files
[14.153s] Level 1:colcon.colcon_core.shell:create_environment_hook('ariaNode', 'cmake_prefix_path')
[14.153s] INFO:colcon.colcon_core.shell:Creating environment hook '/workspace/ros_ws/install/ariaNode/share/ariaNode/hook/cmake_prefix_path.ps1'
[14.154s] INFO:colcon.colcon_core.shell:Creating environment descriptor '/workspace/ros_ws/install/ariaNode/share/ariaNode/hook/cmake_prefix_path.dsv'
[14.154s] INFO:colcon.colcon_core.shell:Creating environment hook '/workspace/ros_ws/install/ariaNode/share/ariaNode/hook/cmake_prefix_path.sh'
[14.154s] Level 1:colcon.colcon_core.environment:checking '/workspace/ros_ws/install/ariaNode/lib'
[14.155s] Level 1:colcon.colcon_core.environment:checking '/workspace/ros_ws/install/ariaNode/bin'
[14.155s] Level 1:colcon.colcon_core.environment:checking '/workspace/ros_ws/install/ariaNode/lib/pkgconfig/ariaNode.pc'
[14.155s] Level 1:colcon.colcon_core.environment:checking '/workspace/ros_ws/install/ariaNode/lib/python3.12/site-packages'
[14.155s] Level 1:colcon.colcon_core.environment:checking '/workspace/ros_ws/install/ariaNode/bin'
[14.155s] INFO:colcon.colcon_core.shell:Creating package script '/workspace/ros_ws/install/ariaNode/share/ariaNode/package.ps1'
[14.156s] INFO:colcon.colcon_core.shell:Creating package descriptor '/workspace/ros_ws/install/ariaNode/share/ariaNode/package.dsv'
[14.156s] INFO:colcon.colcon_core.shell:Creating package script '/workspace/ros_ws/install/ariaNode/share/ariaNode/package.sh'
[14.157s] INFO:colcon.colcon_core.shell:Creating package script '/workspace/ros_ws/install/ariaNode/share/ariaNode/package.bash'
[14.157s] INFO:colcon.colcon_core.shell:Creating package script '/workspace/ros_ws/install/ariaNode/share/ariaNode/package.zsh'
[14.157s] Level 1:colcon.colcon_core.environment:create_file_with_runtime_dependencies(/workspace/ros_ws/install/ariaNode/share/colcon-core/packages/ariaNode)
[14.158s] Level 1:colcon.colcon_core.environment:create_environment_scripts_only(ariaNode)
[14.158s] Level 1:colcon.colcon_core.environment:checking '/workspace/ros_ws/install/ariaNode' for CMake module files
[14.159s] Level 1:colcon.colcon_core.environment:checking '/workspace/ros_ws/install/ariaNode' for CMake config files
[14.160s] Level 1:colcon.colcon_core.shell:create_environment_hook('ariaNode', 'cmake_prefix_path')
[14.163s] INFO:colcon.colcon_core.shell:Creating environment hook '/workspace/ros_ws/install/ariaNode/share/ariaNode/hook/cmake_prefix_path.ps1'
[14.165s] INFO:colcon.colcon_core.shell:Creating environment descriptor '/workspace/ros_ws/install/ariaNode/share/ariaNode/hook/cmake_prefix_path.dsv'
[14.167s] INFO:colcon.colcon_core.shell:Creating environment hook '/workspace/ros_ws/install/ariaNode/share/ariaNode/hook/cmake_prefix_path.sh'
[14.168s] Level 1:colcon.colcon_core.environment:checking '/workspace/ros_ws/install/ariaNode/lib'
[14.168s] Level 1:colcon.colcon_core.environment:checking '/workspace/ros_ws/install/ariaNode/bin'
[14.168s] Level 1:colcon.colcon_core.environment:checking '/workspace/ros_ws/install/ariaNode/lib/pkgconfig/ariaNode.pc'
[14.169s] Level 1:colcon.colcon_core.environment:checking '/workspace/ros_ws/install/ariaNode/lib/python3.12/site-packages'
[14.169s] Level 1:colcon.colcon_core.environment:checking '/workspace/ros_ws/install/ariaNode/bin'
[14.170s] INFO:colcon.colcon_core.shell:Creating package script '/workspace/ros_ws/install/ariaNode/share/ariaNode/package.ps1'
[14.170s] INFO:colcon.colcon_core.shell:Creating package descriptor '/workspace/ros_ws/install/ariaNode/share/ariaNode/package.dsv'
[14.171s] INFO:colcon.colcon_core.shell:Creating package script '/workspace/ros_ws/install/ariaNode/share/ariaNode/package.sh'
[14.172s] INFO:colcon.colcon_core.shell:Creating package script '/workspace/ros_ws/install/ariaNode/share/ariaNode/package.bash'
[14.173s] INFO:colcon.colcon_core.shell:Creating package script '/workspace/ros_ws/install/ariaNode/share/ariaNode/package.zsh'
[14.174s] Level 1:colcon.colcon_core.environment:create_file_with_runtime_dependencies(/workspace/ros_ws/install/ariaNode/share/colcon-core/packages/ariaNode)
[16.766s] DEBUG:colcon.colcon_core.event_handler.log_command:Invoked command in '/workspace/ros_ws/build/master' returned '0': CMAKE_PREFIX_PATH=${CMAKE_PREFIX_PATH}:/workspace/ros_ws/install/nav2_gps_waypoint_follower_demo:/workspace/ros_ws/src/install/nav2_gps_waypoint_follower_demo:/opt/ros/jazzy /usr/bin/cmake --build /workspace/ros_ws/build/master -- -j12 -l12
[16.767s] DEBUG:colcon.colcon_core.event_handler.log_command:Invoking command in '/workspace/ros_ws/build/master': CMAKE_PREFIX_PATH=${CMAKE_PREFIX_PATH}:/workspace/ros_ws/install/nav2_gps_waypoint_follower_demo:/workspace/ros_ws/src/install/nav2_gps_waypoint_follower_demo:/opt/ros/jazzy /usr/bin/cmake --install /workspace/ros_ws/build/master
[16.790s] Level 1:colcon.colcon_core.environment:create_environment_scripts_only(master)
[16.791s] Level 1:colcon.colcon_core.environment:checking '/workspace/ros_ws/install/master' for CMake module files
[16.792s] DEBUG:colcon.colcon_core.event_handler.log_command:Invoked command in '/workspace/ros_ws/build/master' returned '0': CMAKE_PREFIX_PATH=${CMAKE_PREFIX_PATH}:/workspace/ros_ws/install/nav2_gps_waypoint_follower_demo:/workspace/ros_ws/src/install/nav2_gps_waypoint_follower_demo:/opt/ros/jazzy /usr/bin/cmake --install /workspace/ros_ws/build/master
[16.793s] Level 1:colcon.colcon_core.environment:checking '/workspace/ros_ws/install/master' for CMake config files
[16.793s] Level 1:colcon.colcon_core.shell:create_environment_hook('master', 'cmake_prefix_path')
[16.793s] INFO:colcon.colcon_core.shell:Creating environment hook '/workspace/ros_ws/install/master/share/master/hook/cmake_prefix_path.ps1'
[16.794s] INFO:colcon.colcon_core.shell:Creating environment descriptor '/workspace/ros_ws/install/master/share/master/hook/cmake_prefix_path.dsv'
[16.794s] INFO:colcon.colcon_core.shell:Creating environment hook '/workspace/ros_ws/install/master/share/master/hook/cmake_prefix_path.sh'
[16.795s] Level 1:colcon.colcon_core.environment:checking '/workspace/ros_ws/install/master/lib'
[16.795s] Level 1:colcon.colcon_core.environment:checking '/workspace/ros_ws/install/master/bin'
[16.795s] Level 1:colcon.colcon_core.environment:checking '/workspace/ros_ws/install/master/lib/pkgconfig/master.pc'
[16.795s] Level 1:colcon.colcon_core.environment:checking '/workspace/ros_ws/install/master/lib/python3.12/site-packages'
[16.796s] Level 1:colcon.colcon_core.environment:checking '/workspace/ros_ws/install/master/bin'
[16.796s] INFO:colcon.colcon_core.shell:Creating package script '/workspace/ros_ws/install/master/share/master/package.ps1'
[16.797s] INFO:colcon.colcon_core.shell:Creating package descriptor '/workspace/ros_ws/install/master/share/master/package.dsv'
[16.797s] INFO:colcon.colcon_core.shell:Creating package script '/workspace/ros_ws/install/master/share/master/package.sh'
[16.797s] INFO:colcon.colcon_core.shell:Creating package script '/workspace/ros_ws/install/master/share/master/package.bash'
[16.798s] INFO:colcon.colcon_core.shell:Creating package script '/workspace/ros_ws/install/master/share/master/package.zsh'
[16.798s] Level 1:colcon.colcon_core.environment:create_file_with_runtime_dependencies(/workspace/ros_ws/install/master/share/colcon-core/packages/master)
[16.799s] Level 1:colcon.colcon_core.environment:create_environment_scripts_only(master)
[16.800s] Level 1:colcon.colcon_core.environment:checking '/workspace/ros_ws/install/master' for CMake module files
[16.801s] Level 1:colcon.colcon_core.environment:checking '/workspace/ros_ws/install/master' for CMake config files
[16.801s] Level 1:colcon.colcon_core.shell:create_environment_hook('master', 'cmake_prefix_path')
[16.802s] INFO:colcon.colcon_core.shell:Creating environment hook '/workspace/ros_ws/install/master/share/master/hook/cmake_prefix_path.ps1'
[16.802s] INFO:colcon.colcon_core.shell:Creating environment descriptor '/workspace/ros_ws/install/master/share/master/hook/cmake_prefix_path.dsv'
[16.803s] INFO:colcon.colcon_core.shell:Creating environment hook '/workspace/ros_ws/install/master/share/master/hook/cmake_prefix_path.sh'
[16.805s] Level 1:colcon.colcon_core.environment:checking '/workspace/ros_ws/install/master/lib'
[16.806s] Level 1:colcon.colcon_core.environment:checking '/workspace/ros_ws/install/master/bin'
[16.806s] Level 1:colcon.colcon_core.environment:checking '/workspace/ros_ws/install/master/lib/pkgconfig/master.pc'
[16.807s] Level 1:colcon.colcon_core.environment:checking '/workspace/ros_ws/install/master/lib/python3.12/site-packages'
[16.807s] Level 1:colcon.colcon_core.environment:checking '/workspace/ros_ws/install/master/bin'
[16.807s] INFO:colcon.colcon_core.shell:Creating package script '/workspace/ros_ws/install/master/share/master/package.ps1'
[16.808s] INFO:colcon.colcon_core.shell:Creating package descriptor '/workspace/ros_ws/install/master/share/master/package.dsv'
[16.809s] INFO:colcon.colcon_core.shell:Creating package script '/workspace/ros_ws/install/master/share/master/package.sh'
[16.810s] INFO:colcon.colcon_core.shell:Creating package script '/workspace/ros_ws/install/master/share/master/package.bash'
[16.810s] INFO:colcon.colcon_core.shell:Creating package script '/workspace/ros_ws/install/master/share/master/package.zsh'
[16.811s] Level 1:colcon.colcon_core.environment:create_file_with_runtime_dependencies(/workspace/ros_ws/install/master/share/colcon-core/packages/master)
[16.812s] DEBUG:colcon.colcon_parallel_executor.executor.parallel:closing loop
[16.814s] DEBUG:colcon.colcon_parallel_executor.executor.parallel:loop closed
[16.817s] DEBUG:colcon.colcon_parallel_executor.executor.parallel:run_until_complete finished with '0'
[16.817s] DEBUG:colcon.colcon_core.event_reactor:joining thread
[16.826s] INFO:colcon.colcon_core.plugin_system:Skipping extension 'colcon_notification.desktop_notification.notify_send': Could not find 'notify-send'
[16.826s] INFO:colcon.colcon_core.plugin_system:Skipping extension 'colcon_notification.desktop_notification.terminal_notifier': Not used on non-Darwin systems
[16.826s] INFO:colcon.colcon_core.plugin_system:Skipping extension 'colcon_notification.desktop_notification.win32': Not used on non-Windows systems
[16.826s] INFO:colcon.colcon_notification.desktop_notification:Sending desktop notification using 'notify2'
[16.829s] DEBUG:colcon.colcon_notification.desktop_notification.notify2:Failed to initialize notify2: org.freedesktop.DBus.Error.Spawn.ExecFailed: /usr/bin/dbus-launch terminated abnormally without any error message
[16.829s] DEBUG:colcon.colcon_core.event_reactor:joined thread
[16.829s] INFO:colcon.colcon_core.shell:Creating prefix script '/workspace/ros_ws/install/local_setup.ps1'
[16.831s] INFO:colcon.colcon_core.shell:Creating prefix util module '/workspace/ros_ws/install/_local_setup_util_ps1.py'
[16.832s] INFO:colcon.colcon_core.shell:Creating prefix chain script '/workspace/ros_ws/install/setup.ps1'
[16.833s] INFO:colcon.colcon_core.shell:Creating prefix script '/workspace/ros_ws/install/local_setup.sh'
[16.834s] INFO:colcon.colcon_core.shell:Creating prefix util module '/workspace/ros_ws/install/_local_setup_util_sh.py'
[16.834s] INFO:colcon.colcon_core.shell:Creating prefix chain script '/workspace/ros_ws/install/setup.sh'
[16.835s] INFO:colcon.colcon_core.shell:Creating prefix script '/workspace/ros_ws/install/local_setup.bash'
[16.836s] INFO:colcon.colcon_core.shell:Creating prefix chain script '/workspace/ros_ws/install/setup.bash'
[16.837s] INFO:colcon.colcon_core.shell:Creating prefix script '/workspace/ros_ws/install/local_setup.zsh'
[16.838s] INFO:colcon.colcon_core.shell:Creating prefix chain script '/workspace/ros_ws/install/setup.zsh'
