[0.113s] Invoking command in '/workspace/ros_ws/build/sam_bot_description': CMAKE_PREFIX_PATH=${CMAKE_PREFIX_PATH}:/workspace/ros_ws/install/sam_bot_description:/workspace/ros_ws/install/nav2_gps_waypoint_follower_demo:/workspace/ros_ws/install/digit_recognition:/opt/ros/jazzy /usr/bin/cmake /workspace/ros_ws/src/sam_bot_description -DCMAKE_INSTALL_PREFIX=/workspace/ros_ws/install/sam_bot_description
[0.164s] -- Found ament_cmake: 2.5.4 (/opt/ros/jazzy/share/ament_cmake/cmake)
[0.841s] -- Override CMake install command with custom implementation using symlinks instead of copying resources
[0.859s] -- Found xacro: 2.0.13 (/opt/ros/jazzy/share/xacro/cmake)
[0.863s] -- Found ament_lint_auto: 0.17.2 (/opt/ros/jazzy/share/ament_lint_auto/cmake)
[1.044s] -- Added test 'copyright' to check source files copyright and LICENSE
[1.044s] -- Added test 'flake8' to check Python code syntax and style conventions
[1.044s] -- Configured 'flake8' exclude dirs and/or files: 
[1.045s] -- Added test 'lint_cmake' to check CMake code style
[1.045s] -- Added test 'pep257' to check Python code against some of the docstring style conventions in PEP 257
[1.047s] -- Added test 'xmllint' to check XML markup files
[1.048s] -- Configuring done (0.9s)
[1.053s] -- Generating done (0.0s)
[1.068s] -- Build files have been written to: /workspace/ros_ws/build/sam_bot_description
[1.089s] Invoked command in '/workspace/ros_ws/build/sam_bot_description' returned '0': CMAKE_PREFIX_PATH=${CMAKE_PREFIX_PATH}:/workspace/ros_ws/install/sam_bot_description:/workspace/ros_ws/install/nav2_gps_waypoint_follower_demo:/workspace/ros_ws/install/digit_recognition:/opt/ros/jazzy /usr/bin/cmake /workspace/ros_ws/src/sam_bot_description -DCMAKE_INSTALL_PREFIX=/workspace/ros_ws/install/sam_bot_description
[1.090s] Invoking command in '/workspace/ros_ws/build/sam_bot_description': CMAKE_PREFIX_PATH=${CMAKE_PREFIX_PATH}:/workspace/ros_ws/install/sam_bot_description:/workspace/ros_ws/install/nav2_gps_waypoint_follower_demo:/workspace/ros_ws/install/digit_recognition:/opt/ros/jazzy /usr/bin/cmake --build /workspace/ros_ws/build/sam_bot_description -- -j8 -l8
[1.170s] Invoked command in '/workspace/ros_ws/build/sam_bot_description' returned '0': CMAKE_PREFIX_PATH=${CMAKE_PREFIX_PATH}:/workspace/ros_ws/install/sam_bot_description:/workspace/ros_ws/install/nav2_gps_waypoint_follower_demo:/workspace/ros_ws/install/digit_recognition:/opt/ros/jazzy /usr/bin/cmake --build /workspace/ros_ws/build/sam_bot_description -- -j8 -l8
[1.170s] Invoking command in '/workspace/ros_ws/build/sam_bot_description': CMAKE_PREFIX_PATH=${CMAKE_PREFIX_PATH}:/workspace/ros_ws/install/sam_bot_description:/workspace/ros_ws/install/nav2_gps_waypoint_follower_demo:/workspace/ros_ws/install/digit_recognition:/opt/ros/jazzy /usr/bin/cmake --install /workspace/ros_ws/build/sam_bot_description
[1.187s] -- Install configuration: ""
[1.189s] -- Execute custom install script
[1.190s] -- Up-to-date symlink: /workspace/ros_ws/install/sam_bot_description/share/sam_bot_description/src/description/sam_bot_description.sdf
[1.191s] -- Up-to-date symlink: /workspace/ros_ws/install/sam_bot_description/share/sam_bot_description/src/description/sam_bot_description.sdf:Zone.Identifier
[1.193s] -- Up-to-date symlink: /workspace/ros_ws/install/sam_bot_description/share/sam_bot_description/src/description/sam_bot_description.urdf
[1.193s] -- Up-to-date symlink: /workspace/ros_ws/install/sam_bot_description/share/sam_bot_description/src/description/sam_bot_description.urdf:Zone.Identifier
[1.194s] -- Up-to-date symlink: /workspace/ros_ws/install/sam_bot_description/share/sam_bot_description/launch/display.launch.py
[1.194s] -- Up-to-date symlink: /workspace/ros_ws/install/sam_bot_description/share/sam_bot_description/launch/display.launch.py:Zone.Identifier
[1.194s] -- Up-to-date symlink: /workspace/ros_ws/install/sam_bot_description/share/sam_bot_description/rviz/config.rviz
[1.194s] -- Up-to-date symlink: /workspace/ros_ws/install/sam_bot_description/share/sam_bot_description/rviz/config.rviz:Zone.Identifier
[1.194s] -- Up-to-date symlink: /workspace/ros_ws/install/sam_bot_description/share/sam_bot_description/config/bridge_config.yaml
[1.195s] -- Up-to-date symlink: /workspace/ros_ws/install/sam_bot_description/share/sam_bot_description/config/bridge_config.yaml:Zone.Identifier
[1.195s] -- Up-to-date symlink: /workspace/ros_ws/install/sam_bot_description/share/sam_bot_description/config/ekf.yaml
[1.195s] -- Up-to-date symlink: /workspace/ros_ws/install/sam_bot_description/share/sam_bot_description/config/ekf.yaml:Zone.Identifier
[1.195s] -- Up-to-date symlink: /workspace/ros_ws/install/sam_bot_description/share/sam_bot_description/config/nav2_params.yaml
[1.195s] -- Up-to-date symlink: /workspace/ros_ws/install/sam_bot_description/share/sam_bot_description/config/nav2_params.yaml:Zone.Identifier
[1.195s] -- Up-to-date symlink: /workspace/ros_ws/install/sam_bot_description/share/sam_bot_description/world/my_world.sdf
[1.195s] -- Up-to-date symlink: /workspace/ros_ws/install/sam_bot_description/share/sam_bot_description/world/my_world.sdf:Zone.Identifier
[1.195s] -- Up-to-date symlink: /workspace/ros_ws/install/sam_bot_description/share/ament_index/resource_index/package_run_dependencies/sam_bot_description
[1.197s] -- Up-to-date symlink: /workspace/ros_ws/install/sam_bot_description/share/ament_index/resource_index/parent_prefix_path/sam_bot_description
[1.198s] -- Up-to-date symlink: /workspace/ros_ws/install/sam_bot_description/share/sam_bot_description/environment/ament_prefix_path.sh
[1.198s] -- Up-to-date symlink: /workspace/ros_ws/install/sam_bot_description/share/sam_bot_description/environment/ament_prefix_path.dsv
[1.198s] -- Up-to-date symlink: /workspace/ros_ws/install/sam_bot_description/share/sam_bot_description/environment/path.sh
[1.198s] -- Up-to-date symlink: /workspace/ros_ws/install/sam_bot_description/share/sam_bot_description/environment/path.dsv
[1.198s] -- Up-to-date symlink: /workspace/ros_ws/install/sam_bot_description/share/sam_bot_description/local_setup.bash
[1.198s] -- Up-to-date symlink: /workspace/ros_ws/install/sam_bot_description/share/sam_bot_description/local_setup.sh
[1.198s] -- Up-to-date symlink: /workspace/ros_ws/install/sam_bot_description/share/sam_bot_description/local_setup.zsh
[1.198s] -- Up-to-date symlink: /workspace/ros_ws/install/sam_bot_description/share/sam_bot_description/local_setup.dsv
[1.198s] -- Up-to-date symlink: /workspace/ros_ws/install/sam_bot_description/share/sam_bot_description/package.dsv
[1.198s] -- Up-to-date symlink: /workspace/ros_ws/install/sam_bot_description/share/ament_index/resource_index/packages/sam_bot_description
[1.198s] -- Up-to-date symlink: /workspace/ros_ws/install/sam_bot_description/share/sam_bot_description/cmake/sam_bot_descriptionConfig.cmake
[1.199s] -- Up-to-date symlink: /workspace/ros_ws/install/sam_bot_description/share/sam_bot_description/cmake/sam_bot_descriptionConfig-version.cmake
[1.199s] -- Up-to-date symlink: /workspace/ros_ws/install/sam_bot_description/share/sam_bot_description/package.xml
[1.204s] Invoked command in '/workspace/ros_ws/build/sam_bot_description' returned '0': CMAKE_PREFIX_PATH=${CMAKE_PREFIX_PATH}:/workspace/ros_ws/install/sam_bot_description:/workspace/ros_ws/install/nav2_gps_waypoint_follower_demo:/workspace/ros_ws/install/digit_recognition:/opt/ros/jazzy /usr/bin/cmake --install /workspace/ros_ws/build/sam_bot_description
