[0.090s] DEBUG:colcon:Command line arguments: ['/usr/bin/colcon', 'build', '--symlink-install']
[0.090s] DEBUG:colcon:Parsed command line arguments: Namespace(log_base=None, log_level=None, verb_name='build', build_base='build', install_base='install', merge_install=False, symlink_install=True, test_result_base=None, continue_on_error=False, executor='parallel', parallel_workers=12, event_handlers=None, ignore_user_meta=False, metas=['./colcon.meta'], base_paths=['.'], packages_ignore=None, packages_ignore_regex=None, paths=None, packages_up_to=None, packages_up_to_regex=None, packages_above=None, packages_above_and_dependencies=None, packages_above_depth=None, packages_select_by_dep=None, packages_skip_by_dep=None, packages_skip_up_to=None, packages_select_build_failed=False, packages_skip_build_finished=False, packages_select_test_failures=False, packages_skip_test_passed=False, packages_select=None, packages_skip=None, packages_select_regex=None, packages_skip_regex=None, packages_start=None, packages_end=None, cmake_args=None, cmake_target=None, cmake_target_skip_unavailable=False, cmake_clean_cache=False, cmake_clean_first=False, cmake_force_configure=False, ament_cmake_args=None, catkin_cmake_args=None, catkin_skip_building_tests=False, mixin_files=None, mixin=None, verb_parser=<colcon_mixin.mixin.mixin_argument.MixinArgumentDecorator object at 0x7fbee2348320>, verb_extension=<colcon_core.verb.build.BuildVerb object at 0x7fbee2498b60>, main=<bound method BuildVerb.main of <colcon_core.verb.build.BuildVerb object at 0x7fbee2498b60>>, mixin_verb=('build',))
[0.121s] Level 1:colcon.colcon_core.package_discovery:discover_packages(colcon_meta) check parameters
[0.121s] INFO:colcon.colcon_metadata.package_discovery.colcon_meta:Using configuration from '/root/.colcon/metadata/default/Gazebo.meta'
[0.122s] INFO:colcon.colcon_metadata.package_discovery.colcon_meta:Using configuration from '/root/.colcon/metadata/default/fastrtps.meta'
[0.122s] Level 1:colcon.colcon_core.package_discovery:discover_packages(recursive) check parameters
[0.122s] Level 1:colcon.colcon_core.package_discovery:discover_packages(ignore) check parameters
[0.122s] Level 1:colcon.colcon_core.package_discovery:discover_packages(path) check parameters
[0.122s] Level 1:colcon.colcon_core.package_discovery:discover_packages(colcon_meta) discover
[0.122s] Level 1:colcon.colcon_core.package_discovery:discover_packages(recursive) discover
[0.122s] INFO:colcon.colcon_core.package_discovery:Crawling recursively for packages in '/workspace/ros_ws/src/ariaNode'
[0.122s] Level 1:colcon.colcon_core.package_identification:_identify(.) by extensions ['ignore', 'ignore_ament_install']
[0.122s] Level 1:colcon.colcon_core.package_identification:_identify(.) by extension 'ignore'
[0.122s] Level 1:colcon.colcon_core.package_identification:_identify(.) by extension 'ignore_ament_install'
[0.122s] Level 1:colcon.colcon_core.package_identification:_identify(.) by extensions ['colcon_pkg']
[0.122s] Level 1:colcon.colcon_core.package_identification:_identify(.) by extension 'colcon_pkg'
[0.122s] Level 1:colcon.colcon_core.package_identification:_identify(.) by extensions ['colcon_meta']
[0.122s] Level 1:colcon.colcon_core.package_identification:_identify(.) by extension 'colcon_meta'
[0.122s] Level 1:colcon.colcon_core.package_identification:_identify(.) by extensions ['ros']
[0.123s] Level 1:colcon.colcon_core.package_identification:_identify(.) by extension 'ros'
[0.145s] DEBUG:colcon.colcon_core.package_identification:Package '.' with type 'ros.ament_cmake' and name 'ariaNode'
[0.145s] Level 1:colcon.colcon_core.package_discovery:discover_packages(recursive) using defaults
[0.145s] Level 1:colcon.colcon_core.package_discovery:discover_packages(ignore) discover
[0.145s] Level 1:colcon.colcon_core.package_discovery:discover_packages(ignore) using defaults
[0.145s] Level 1:colcon.colcon_core.package_discovery:discover_packages(path) discover
[0.145s] Level 1:colcon.colcon_core.package_discovery:discover_packages(path) using defaults
[0.166s] Level 5:colcon.colcon_core.verb:set package 'ariaNode' build argument 'cmake_args' from command line to 'None'
[0.166s] Level 5:colcon.colcon_core.verb:set package 'ariaNode' build argument 'cmake_target' from command line to 'None'
[0.166s] Level 5:colcon.colcon_core.verb:set package 'ariaNode' build argument 'cmake_target_skip_unavailable' from command line to 'False'
[0.166s] Level 5:colcon.colcon_core.verb:set package 'ariaNode' build argument 'cmake_clean_cache' from command line to 'False'
[0.166s] Level 5:colcon.colcon_core.verb:set package 'ariaNode' build argument 'cmake_clean_first' from command line to 'False'
[0.166s] Level 5:colcon.colcon_core.verb:set package 'ariaNode' build argument 'cmake_force_configure' from command line to 'False'
[0.166s] Level 5:colcon.colcon_core.verb:set package 'ariaNode' build argument 'ament_cmake_args' from command line to 'None'
[0.166s] Level 5:colcon.colcon_core.verb:set package 'ariaNode' build argument 'catkin_cmake_args' from command line to 'None'
[0.166s] Level 5:colcon.colcon_core.verb:set package 'ariaNode' build argument 'catkin_skip_building_tests' from command line to 'False'
[0.166s] DEBUG:colcon.colcon_core.verb:Building package 'ariaNode' with the following arguments: {'ament_cmake_args': None, 'build_base': '/workspace/ros_ws/src/ariaNode/build/ariaNode', 'catkin_cmake_args': None, 'catkin_skip_building_tests': False, 'cmake_args': None, 'cmake_clean_cache': False, 'cmake_clean_first': False, 'cmake_force_configure': False, 'cmake_target': None, 'cmake_target_skip_unavailable': False, 'install_base': '/workspace/ros_ws/src/ariaNode/install/ariaNode', 'merge_install': False, 'path': '/workspace/ros_ws/src/ariaNode', 'symlink_install': True, 'test_result_base': None}
[0.166s] INFO:colcon.colcon_core.executor:Executing jobs using 'parallel' executor
[0.167s] DEBUG:colcon.colcon_parallel_executor.executor.parallel:run_until_complete
[0.168s] INFO:colcon.colcon_ros.task.ament_cmake.build:Building ROS package in '/workspace/ros_ws/src/ariaNode' with build type 'ament_cmake'
[0.168s] INFO:colcon.colcon_cmake.task.cmake.build:Building CMake package in '/workspace/ros_ws/src/ariaNode'
[0.169s] INFO:colcon.colcon_core.plugin_system:Skipping extension 'colcon_core.shell.bat': Not used on non-Windows systems
[0.169s] INFO:colcon.colcon_core.shell:Skip shell extension 'powershell' for command environment: Not usable outside of PowerShell
[0.169s] DEBUG:colcon.colcon_core.shell:Skip shell extension 'dsv' for command environment
[0.194s] DEBUG:colcon.colcon_core.event_handler.log_command:Invoking command in '/workspace/ros_ws/src/ariaNode/build/ariaNode': CMAKE_PREFIX_PATH=${CMAKE_PREFIX_PATH}:/opt/ros/jazzy /usr/bin/cmake /workspace/ros_ws/src/ariaNode -DAMENT_CMAKE_SYMLINK_INSTALL=1 -DCMAKE_INSTALL_PREFIX=/workspace/ros_ws/src/ariaNode/install/ariaNode
[1.286s] DEBUG:colcon.colcon_core.event_handler.log_command:Invoked command in '/workspace/ros_ws/src/ariaNode/build/ariaNode' returned '0': CMAKE_PREFIX_PATH=${CMAKE_PREFIX_PATH}:/opt/ros/jazzy /usr/bin/cmake /workspace/ros_ws/src/ariaNode -DAMENT_CMAKE_SYMLINK_INSTALL=1 -DCMAKE_INSTALL_PREFIX=/workspace/ros_ws/src/ariaNode/install/ariaNode
[1.286s] DEBUG:colcon.colcon_core.event_handler.log_command:Invoking command in '/workspace/ros_ws/src/ariaNode/build/ariaNode': CMAKE_PREFIX_PATH=${CMAKE_PREFIX_PATH}:/opt/ros/jazzy /usr/bin/cmake --build /workspace/ros_ws/src/ariaNode/build/ariaNode -- -j12 -l12
[8.851s] DEBUG:colcon.colcon_core.event_handler.log_command:Invoked command in '/workspace/ros_ws/src/ariaNode/build/ariaNode' returned '0': CMAKE_PREFIX_PATH=${CMAKE_PREFIX_PATH}:/opt/ros/jazzy /usr/bin/cmake --build /workspace/ros_ws/src/ariaNode/build/ariaNode -- -j12 -l12
[8.857s] DEBUG:colcon.colcon_core.event_handler.log_command:Invoking command in '/workspace/ros_ws/src/ariaNode/build/ariaNode': CMAKE_PREFIX_PATH=${CMAKE_PREFIX_PATH}:/opt/ros/jazzy /usr/bin/cmake --install /workspace/ros_ws/src/ariaNode/build/ariaNode
[8.970s] Level 1:colcon.colcon_core.environment:create_environment_scripts_only(ariaNode)
[8.971s] DEBUG:colcon.colcon_core.event_handler.log_command:Invoked command in '/workspace/ros_ws/src/ariaNode/build/ariaNode' returned '0': CMAKE_PREFIX_PATH=${CMAKE_PREFIX_PATH}:/opt/ros/jazzy /usr/bin/cmake --install /workspace/ros_ws/src/ariaNode/build/ariaNode
[8.972s] Level 1:colcon.colcon_core.environment:checking '/workspace/ros_ws/src/ariaNode/install/ariaNode' for CMake module files
[8.973s] Level 1:colcon.colcon_core.environment:checking '/workspace/ros_ws/src/ariaNode/install/ariaNode' for CMake config files
[8.973s] Level 1:colcon.colcon_core.shell:create_environment_hook('ariaNode', 'cmake_prefix_path')
[8.973s] INFO:colcon.colcon_core.shell:Creating environment hook '/workspace/ros_ws/src/ariaNode/install/ariaNode/share/ariaNode/hook/cmake_prefix_path.ps1'
[8.986s] INFO:colcon.colcon_core.shell:Creating environment descriptor '/workspace/ros_ws/src/ariaNode/install/ariaNode/share/ariaNode/hook/cmake_prefix_path.dsv'
[8.987s] INFO:colcon.colcon_core.shell:Creating environment hook '/workspace/ros_ws/src/ariaNode/install/ariaNode/share/ariaNode/hook/cmake_prefix_path.sh'
[8.988s] Level 1:colcon.colcon_core.environment:checking '/workspace/ros_ws/src/ariaNode/install/ariaNode/lib'
[8.988s] Level 1:colcon.colcon_core.environment:checking '/workspace/ros_ws/src/ariaNode/install/ariaNode/bin'
[8.988s] Level 1:colcon.colcon_core.environment:checking '/workspace/ros_ws/src/ariaNode/install/ariaNode/lib/pkgconfig/ariaNode.pc'
[8.990s] Level 1:colcon.colcon_core.environment:checking '/workspace/ros_ws/src/ariaNode/install/ariaNode/lib/python3.12/site-packages'
[8.991s] Level 1:colcon.colcon_core.environment:checking '/workspace/ros_ws/src/ariaNode/install/ariaNode/bin'
[8.991s] INFO:colcon.colcon_core.shell:Creating package script '/workspace/ros_ws/src/ariaNode/install/ariaNode/share/ariaNode/package.ps1'
[8.992s] INFO:colcon.colcon_core.shell:Creating package descriptor '/workspace/ros_ws/src/ariaNode/install/ariaNode/share/ariaNode/package.dsv'
[8.992s] INFO:colcon.colcon_core.shell:Creating package script '/workspace/ros_ws/src/ariaNode/install/ariaNode/share/ariaNode/package.sh'
[8.992s] INFO:colcon.colcon_core.shell:Creating package script '/workspace/ros_ws/src/ariaNode/install/ariaNode/share/ariaNode/package.bash'
[8.993s] INFO:colcon.colcon_core.shell:Creating package script '/workspace/ros_ws/src/ariaNode/install/ariaNode/share/ariaNode/package.zsh'
[8.993s] Level 1:colcon.colcon_core.environment:create_file_with_runtime_dependencies(/workspace/ros_ws/src/ariaNode/install/ariaNode/share/colcon-core/packages/ariaNode)
[8.994s] Level 1:colcon.colcon_core.environment:create_environment_scripts_only(ariaNode)
[8.994s] Level 1:colcon.colcon_core.environment:checking '/workspace/ros_ws/src/ariaNode/install/ariaNode' for CMake module files
[8.994s] Level 1:colcon.colcon_core.environment:checking '/workspace/ros_ws/src/ariaNode/install/ariaNode' for CMake config files
[8.994s] Level 1:colcon.colcon_core.shell:create_environment_hook('ariaNode', 'cmake_prefix_path')
[8.994s] INFO:colcon.colcon_core.shell:Creating environment hook '/workspace/ros_ws/src/ariaNode/install/ariaNode/share/ariaNode/hook/cmake_prefix_path.ps1'
[8.995s] INFO:colcon.colcon_core.shell:Creating environment descriptor '/workspace/ros_ws/src/ariaNode/install/ariaNode/share/ariaNode/hook/cmake_prefix_path.dsv'
[8.995s] INFO:colcon.colcon_core.shell:Creating environment hook '/workspace/ros_ws/src/ariaNode/install/ariaNode/share/ariaNode/hook/cmake_prefix_path.sh'
[8.995s] Level 1:colcon.colcon_core.environment:checking '/workspace/ros_ws/src/ariaNode/install/ariaNode/lib'
[8.996s] Level 1:colcon.colcon_core.environment:checking '/workspace/ros_ws/src/ariaNode/install/ariaNode/bin'
[8.996s] Level 1:colcon.colcon_core.environment:checking '/workspace/ros_ws/src/ariaNode/install/ariaNode/lib/pkgconfig/ariaNode.pc'
[8.996s] Level 1:colcon.colcon_core.environment:checking '/workspace/ros_ws/src/ariaNode/install/ariaNode/lib/python3.12/site-packages'
[8.996s] Level 1:colcon.colcon_core.environment:checking '/workspace/ros_ws/src/ariaNode/install/ariaNode/bin'
[8.996s] INFO:colcon.colcon_core.shell:Creating package script '/workspace/ros_ws/src/ariaNode/install/ariaNode/share/ariaNode/package.ps1'
[8.996s] INFO:colcon.colcon_core.shell:Creating package descriptor '/workspace/ros_ws/src/ariaNode/install/ariaNode/share/ariaNode/package.dsv'
[8.997s] INFO:colcon.colcon_core.shell:Creating package script '/workspace/ros_ws/src/ariaNode/install/ariaNode/share/ariaNode/package.sh'
[8.997s] INFO:colcon.colcon_core.shell:Creating package script '/workspace/ros_ws/src/ariaNode/install/ariaNode/share/ariaNode/package.bash'
[8.997s] INFO:colcon.colcon_core.shell:Creating package script '/workspace/ros_ws/src/ariaNode/install/ariaNode/share/ariaNode/package.zsh'
[8.998s] Level 1:colcon.colcon_core.environment:create_file_with_runtime_dependencies(/workspace/ros_ws/src/ariaNode/install/ariaNode/share/colcon-core/packages/ariaNode)
[8.998s] DEBUG:colcon.colcon_parallel_executor.executor.parallel:closing loop
[8.998s] DEBUG:colcon.colcon_parallel_executor.executor.parallel:loop closed
[8.998s] DEBUG:colcon.colcon_parallel_executor.executor.parallel:run_until_complete finished with '0'
[8.999s] DEBUG:colcon.colcon_core.event_reactor:joining thread
[9.004s] INFO:colcon.colcon_core.plugin_system:Skipping extension 'colcon_notification.desktop_notification.notify_send': Could not find 'notify-send'
[9.004s] INFO:colcon.colcon_core.plugin_system:Skipping extension 'colcon_notification.desktop_notification.terminal_notifier': Not used on non-Darwin systems
[9.004s] INFO:colcon.colcon_core.plugin_system:Skipping extension 'colcon_notification.desktop_notification.win32': Not used on non-Windows systems
[9.004s] INFO:colcon.colcon_notification.desktop_notification:Sending desktop notification using 'notify2'
[9.004s] DEBUG:colcon.colcon_notification.desktop_notification.notify2:Failed to initialize notify2: org.freedesktop.DBus.Error.NotSupported: Unable to autolaunch a dbus-daemon without a $DISPLAY for X11
[9.004s] DEBUG:colcon.colcon_core.event_reactor:joined thread
[9.004s] INFO:colcon.colcon_core.shell:Creating prefix script '/workspace/ros_ws/src/ariaNode/install/local_setup.ps1'
[9.005s] INFO:colcon.colcon_core.shell:Creating prefix util module '/workspace/ros_ws/src/ariaNode/install/_local_setup_util_ps1.py'
[9.006s] INFO:colcon.colcon_core.shell:Creating prefix chain script '/workspace/ros_ws/src/ariaNode/install/setup.ps1'
[9.006s] INFO:colcon.colcon_core.shell:Creating prefix script '/workspace/ros_ws/src/ariaNode/install/local_setup.sh'
[9.008s] INFO:colcon.colcon_core.shell:Creating prefix util module '/workspace/ros_ws/src/ariaNode/install/_local_setup_util_sh.py'
[9.008s] INFO:colcon.colcon_core.shell:Creating prefix chain script '/workspace/ros_ws/src/ariaNode/install/setup.sh'
[9.009s] INFO:colcon.colcon_core.shell:Creating prefix script '/workspace/ros_ws/src/ariaNode/install/local_setup.bash'
[9.009s] INFO:colcon.colcon_core.shell:Creating prefix chain script '/workspace/ros_ws/src/ariaNode/install/setup.bash'
[9.010s] INFO:colcon.colcon_core.shell:Creating prefix script '/workspace/ros_ws/src/ariaNode/install/local_setup.zsh'
[9.010s] INFO:colcon.colcon_core.shell:Creating prefix chain script '/workspace/ros_ws/src/ariaNode/install/setup.zsh'
