[0.039s] Invoking command in '/workspace/ros_ws/src/build/master': CMAKE_PREFIX_PATH=${CMAKE_PREFIX_PATH}:/workspace/ros_ws/src/install/nav2_gps_waypoint_follower_demo:/opt/ros/jazzy /usr/bin/cmake /workspace/ros_ws/src/master -DCMAKE_INSTALL_PREFIX=/workspace/ros_ws/src/install/master
[0.449s] -- The C compiler identification is GNU 13.3.0
[0.450s] -- The CXX compiler identification is GNU 13.3.0
[0.450s] -- Detecting C compiler ABI info
[0.450s] -- Detecting C compiler ABI info - done
[0.450s] -- Check for working C compiler: /usr/bin/cc - skipped
[0.451s] -- Detecting C compile features
[0.451s] -- Detecting C compile features - done
[0.451s] -- Detecting CXX compiler ABI info
[0.547s] -- Detecting CXX compiler ABI info - done
[0.562s] -- Check for working CXX compiler: /usr/bin/c++ - skipped
[0.563s] -- Detecting CXX compile features
[0.564s] -- Detecting CXX compile features - done
[0.573s] -- Found ament_cmake: 2.5.3 (/opt/ros/jazzy/share/ament_cmake/cmake)
[0.858s] -- Found Python3: /usr/bin/python3 (found version "3.12.3") found components: Interpreter 
[1.100s] -- Found rclcpp_components: 28.1.6 (/opt/ros/jazzy/share/rclcpp_components/cmake)
[1.310s] -- Found rosidl_generator_c: 4.6.5 (/opt/ros/jazzy/share/rosidl_generator_c/cmake)
[1.349s] -- Found rosidl_generator_cpp: 4.6.5 (/opt/ros/jazzy/share/rosidl_generator_cpp/cmake)
[1.392s] -- Using all available rosidl_typesupport_c: rosidl_typesupport_fastrtps_c;rosidl_typesupport_introspection_c
[1.428s] -- Using all available rosidl_typesupport_cpp: rosidl_typesupport_fastrtps_cpp;rosidl_typesupport_introspection_cpp
[1.707s] -- Found rmw_implementation_cmake: 7.3.1 (/opt/ros/jazzy/share/rmw_implementation_cmake/cmake)
[1.718s] -- Found rmw_fastrtps_cpp: 8.4.1 (/opt/ros/jazzy/share/rmw_fastrtps_cpp/cmake)
[1.848s] -- Found OpenSSL: /usr/lib/x86_64-linux-gnu/libcrypto.so (found version "3.0.13")  
[1.879s] -- Found FastRTPS: /opt/ros/jazzy/include (Required is at least version "2.13") 
[1.915s] -- Using RMW implementation 'rmw_fastrtps_cpp' as default
[2.051s] -- Found std_msgs: 5.3.5 (/opt/ros/jazzy/share/std_msgs/cmake)
[2.073s] -- Found geometry_msgs: 5.3.5 (/opt/ros/jazzy/share/geometry_msgs/cmake)
[2.124s] -- Found teleop_twist_joy: 2.6.2 (/opt/ros/jazzy/share/teleop_twist_joy/cmake)
[2.138s] -- Found sensor_msgs: 5.3.5 (/opt/ros/jazzy/share/sensor_msgs/cmake)
[2.204s] -- Found ament_lint_auto: 0.17.1 (/opt/ros/jazzy/share/ament_lint_auto/cmake)
[2.425s] -- Added test 'cppcheck' to perform static code analysis on C / C++ code
[2.426s] -- Configured cppcheck include dirs: 
[2.426s] -- Configured cppcheck exclude dirs and/or files: 
[2.430s] -- Added test 'flake8' to check Python code syntax and style conventions
[2.430s] -- Configured 'flake8' exclude dirs and/or files: 
[2.437s] -- Added test 'lint_cmake' to check CMake code style
[2.442s] -- Added test 'pep257' to check Python code against some of the docstring style conventions in PEP 257
[2.469s] -- Added test 'uncrustify' to check C / C++ code style
[2.469s] -- Configured uncrustify additional arguments: 
[2.474s] -- Added test 'xmllint' to check XML markup files
[2.476s] -- Configuring done (2.4s)
[2.492s] -- Generating done (0.0s)
[2.498s] -- Build files have been written to: /workspace/ros_ws/src/build/master
[2.514s] Invoked command in '/workspace/ros_ws/src/build/master' returned '0': CMAKE_PREFIX_PATH=${CMAKE_PREFIX_PATH}:/workspace/ros_ws/src/install/nav2_gps_waypoint_follower_demo:/opt/ros/jazzy /usr/bin/cmake /workspace/ros_ws/src/master -DCMAKE_INSTALL_PREFIX=/workspace/ros_ws/src/install/master
[2.516s] Invoking command in '/workspace/ros_ws/src/build/master': CMAKE_PREFIX_PATH=${CMAKE_PREFIX_PATH}:/workspace/ros_ws/src/install/nav2_gps_waypoint_follower_demo:/opt/ros/jazzy /usr/bin/cmake --build /workspace/ros_ws/src/build/master -- -j12 -l12
[2.576s] [ 50%] [32mBuilding CXX object CMakeFiles/master_node.dir/src/theMaster.cpp.o[0m
[9.189s] [01m[K/workspace/ros_ws/src/master/src/theMaster.cpp:[m[K In lambda function:
[9.189s] [01m[K/workspace/ros_ws/src/master/src/theMaster.cpp:95:15:[m[K [01;35m[Kwarning: [m[Kthis statement may fall through [[01;35m[K-Wimplicit-fallthrough=[m[K]
[9.189s]    95 |               [01;35m[Kif[m[K(*trigger)
[9.189s]       |               [01;35m[K^~[m[K
[9.190s] [01m[K/workspace/ros_ws/src/master/src/theMaster.cpp:103:13:[m[K [01;36m[Knote: [m[Khere
[9.190s]   103 |             [01;36m[Kcase[m[K 0: //deactivated
[9.190s]       |             [01;36m[K^~~~[m[K
[16.148s] [100%] [32m[1mLinking CXX executable master_node[0m
[16.661s] [100%] Built target master_node
[16.677s] Invoked command in '/workspace/ros_ws/src/build/master' returned '0': CMAKE_PREFIX_PATH=${CMAKE_PREFIX_PATH}:/workspace/ros_ws/src/install/nav2_gps_waypoint_follower_demo:/opt/ros/jazzy /usr/bin/cmake --build /workspace/ros_ws/src/build/master -- -j12 -l12
[16.678s] Invoking command in '/workspace/ros_ws/src/build/master': CMAKE_PREFIX_PATH=${CMAKE_PREFIX_PATH}:/workspace/ros_ws/src/install/nav2_gps_waypoint_follower_demo:/opt/ros/jazzy /usr/bin/cmake --install /workspace/ros_ws/src/build/master
[16.687s] -- Install configuration: ""
[16.687s] -- Installing: /workspace/ros_ws/src/install/master/lib/master/master_node
[16.695s] -- Set non-toolchain portion of runtime path of "/workspace/ros_ws/src/install/master/lib/master/master_node" to ""
[16.695s] -- Installing: /workspace/ros_ws/src/install/master/share/ament_index/resource_index/package_run_dependencies/master
[16.695s] -- Installing: /workspace/ros_ws/src/install/master/share/ament_index/resource_index/parent_prefix_path/master
[16.697s] -- Up-to-date: /workspace/ros_ws/src/install/master/share/master/environment/ament_prefix_path.sh
[16.697s] -- Installing: /workspace/ros_ws/src/install/master/share/master/environment/ament_prefix_path.dsv
[16.698s] -- Up-to-date: /workspace/ros_ws/src/install/master/share/master/environment/path.sh
[16.699s] -- Installing: /workspace/ros_ws/src/install/master/share/master/environment/path.dsv
[16.699s] -- Installing: /workspace/ros_ws/src/install/master/share/master/local_setup.bash
[16.699s] -- Installing: /workspace/ros_ws/src/install/master/share/master/local_setup.sh
[16.699s] -- Installing: /workspace/ros_ws/src/install/master/share/master/local_setup.zsh
[16.699s] -- Installing: /workspace/ros_ws/src/install/master/share/master/local_setup.dsv
[16.699s] -- Installing: /workspace/ros_ws/src/install/master/share/master/package.dsv
[16.699s] -- Installing: /workspace/ros_ws/src/install/master/share/ament_index/resource_index/packages/master
[16.699s] -- Installing: /workspace/ros_ws/src/install/master/share/master/cmake/masterConfig.cmake
[16.700s] -- Installing: /workspace/ros_ws/src/install/master/share/master/cmake/masterConfig-version.cmake
[16.700s] -- Up-to-date: /workspace/ros_ws/src/install/master/share/master/package.xml
[16.704s] Invoked command in '/workspace/ros_ws/src/build/master' returned '0': CMAKE_PREFIX_PATH=${CMAKE_PREFIX_PATH}:/workspace/ros_ws/src/install/nav2_gps_waypoint_follower_demo:/opt/ros/jazzy /usr/bin/cmake --install /workspace/ros_ws/src/build/master
