running develop
running egg_info
writing nav2_gps_waypoint_follower_demo.egg-info/PKG-INFO
writing dependency_links to nav2_gps_waypoint_follower_demo.egg-info/dependency_links.txt
writing entry points to nav2_gps_waypoint_follower_demo.egg-info/entry_points.txt
writing requirements to nav2_gps_waypoint_follower_demo.egg-info/requires.txt
writing top-level names to nav2_gps_waypoint_follower_demo.egg-info/top_level.txt
reading manifest file 'nav2_gps_waypoint_follower_demo.egg-info/SOURCES.txt'
writing manifest file 'nav2_gps_waypoint_follower_demo.egg-info/SOURCES.txt'
running build_ext
Creating /workspace/ros_ws/install/nav2_gps_waypoint_follower_demo/lib/python3.12/site-packages/nav2-gps-waypoint-follower-demo.egg-link (link to .)
Installing gps_waypoint_logger script to /workspace/ros_ws/install/nav2_gps_waypoint_follower_demo/lib/nav2_gps_waypoint_follower_demo
Installing interactive_waypoint_follower script to /workspace/ros_ws/install/nav2_gps_waypoint_follower_demo/lib/nav2_gps_waypoint_follower_demo
Installing logged_waypoint_follower script to /workspace/ros_ws/install/nav2_gps_waypoint_follower_demo/lib/nav2_gps_waypoint_follower_demo

Installed /workspace/ros_ws/build/nav2_gps_waypoint_follower_demo
running symlink_data
symbolically linking /workspace/ros_ws/build/nav2_gps_waypoint_follower_demo/resource/nav2_gps_waypoint_follower_demo -> /workspace/ros_ws/install/nav2_gps_waypoint_follower_demo/share/ament_index/resource_index/packages
symbolically linking /workspace/ros_ws/build/nav2_gps_waypoint_follower_demo/package.xml -> /workspace/ros_ws/install/nav2_gps_waypoint_follower_demo/share/nav2_gps_waypoint_follower_demo
symbolically linking /workspace/ros_ws/build/nav2_gps_waypoint_follower_demo/launch/gazebo_gps_world.launch.py -> /workspace/ros_ws/install/nav2_gps_waypoint_follower_demo/share/nav2_gps_waypoint_follower_demo/launch
symbolically linking /workspace/ros_ws/build/nav2_gps_waypoint_follower_demo/launch/mapviz.launch.py -> /workspace/ros_ws/install/nav2_gps_waypoint_follower_demo/share/nav2_gps_waypoint_follower_demo/launch
symbolically linking /workspace/ros_ws/build/nav2_gps_waypoint_follower_demo/launch/dual_ekf_navsat.launch.py -> /workspace/ros_ws/install/nav2_gps_waypoint_follower_demo/share/nav2_gps_waypoint_follower_demo/launch
symbolically linking /workspace/ros_ws/build/nav2_gps_waypoint_follower_demo/launch/gps_waypoint_follower.launch.py -> /workspace/ros_ws/install/nav2_gps_waypoint_follower_demo/share/nav2_gps_waypoint_follower_demo/launch
symbolically linking /workspace/ros_ws/build/nav2_gps_waypoint_follower_demo/config/dual_ekf_navsat_params.yaml:Zone.Identifier -> /workspace/ros_ws/install/nav2_gps_waypoint_follower_demo/share/nav2_gps_waypoint_follower_demo/config
symbolically linking /workspace/ros_ws/build/nav2_gps_waypoint_follower_demo/config/gps_wpf_demo.mvc -> /workspace/ros_ws/install/nav2_gps_waypoint_follower_demo/share/nav2_gps_waypoint_follower_demo/config
symbolically linking /workspace/ros_ws/build/nav2_gps_waypoint_follower_demo/config/gps_wpf_demo.mvc:Zone.Identifier -> /workspace/ros_ws/install/nav2_gps_waypoint_follower_demo/share/nav2_gps_waypoint_follower_demo/config
symbolically linking /workspace/ros_ws/build/nav2_gps_waypoint_follower_demo/config/demo_waypoints.yaml -> /workspace/ros_ws/install/nav2_gps_waypoint_follower_demo/share/nav2_gps_waypoint_follower_demo/config
symbolically linking /workspace/ros_ws/build/nav2_gps_waypoint_follower_demo/config/dual_ekf_navsat_params.yaml -> /workspace/ros_ws/install/nav2_gps_waypoint_follower_demo/share/nav2_gps_waypoint_follower_demo/config
symbolically linking /workspace/ros_ws/build/nav2_gps_waypoint_follower_demo/config/nav2_no_map_params.yaml:Zone.Identifier -> /workspace/ros_ws/install/nav2_gps_waypoint_follower_demo/share/nav2_gps_waypoint_follower_demo/config
symbolically linking /workspace/ros_ws/build/nav2_gps_waypoint_follower_demo/config/demo_waypoints.yaml:Zone.Identifier -> /workspace/ros_ws/install/nav2_gps_waypoint_follower_demo/share/nav2_gps_waypoint_follower_demo/config
symbolically linking /workspace/ros_ws/build/nav2_gps_waypoint_follower_demo/config/nav2_no_map_params.yaml -> /workspace/ros_ws/install/nav2_gps_waypoint_follower_demo/share/nav2_gps_waypoint_follower_demo/config
symbolically linking /workspace/ros_ws/build/nav2_gps_waypoint_follower_demo/urdf/turtlebot3_waffle_gps.urdf -> /workspace/ros_ws/install/nav2_gps_waypoint_follower_demo/share/nav2_gps_waypoint_follower_demo/urdf
symbolically linking /workspace/ros_ws/build/nav2_gps_waypoint_follower_demo/worlds/sonoma_raceway.world:Zone.Identifier -> /workspace/ros_ws/install/nav2_gps_waypoint_follower_demo/share/nav2_gps_waypoint_follower_demo/worlds
symbolically linking /workspace/ros_ws/build/nav2_gps_waypoint_follower_demo/worlds/sonoma_raceway.world -> /workspace/ros_ws/install/nav2_gps_waypoint_follower_demo/share/nav2_gps_waypoint_follower_demo/worlds
symbolically linking /workspace/ros_ws/build/nav2_gps_waypoint_follower_demo/models/turtlebot_waffle_gps/model.sdf -> /workspace/ros_ws/install/nav2_gps_waypoint_follower_demo/share/nav2_gps_waypoint_follower_demo/models/turtlebot_waffle_gps
symbolically linking /workspace/ros_ws/build/nav2_gps_waypoint_follower_demo/models/turtlebot_waffle_gps/model.config -> /workspace/ros_ws/install/nav2_gps_waypoint_follower_demo/share/nav2_gps_waypoint_follower_demo/models/turtlebot_waffle_gps
symbolically linking /workspace/ros_ws/build/nav2_gps_waypoint_follower_demo/models/turtlebot_waffle_gps/model.config:Zone.Identifier -> /workspace/ros_ws/install/nav2_gps_waypoint_follower_demo/share/nav2_gps_waypoint_follower_demo/models/turtlebot_waffle_gps
symbolically linking /workspace/ros_ws/build/nav2_gps_waypoint_follower_demo/models/turtlebot_waffle_gps/model.sdf:Zone.Identifier -> /workspace/ros_ws/install/nav2_gps_waypoint_follower_demo/share/nav2_gps_waypoint_follower_demo/models/turtlebot_waffle_gps
