-- The C compiler identification is GNU 13.3.0
-- The CXX compiler identification is GNU 13.3.0
-- Detecting C compiler ABI info
-- Detecting C compiler ABI info - done
-- Check for working C compiler: /usr/bin/cc - skipped
-- Detecting C compile features
-- Detecting C compile features - done
-- Detecting CXX compiler ABI info
-- Detecting CXX compiler ABI info - done
-- Check for working CXX compiler: /usr/bin/c++ - skipped
-- Detecting CXX compile features
-- Detecting CXX compile features - done
-- Found ament_cmake: 2.5.4 (/opt/ros/jazzy/share/ament_cmake/cmake)
-- Found Python3: /usr/bin/python3 (found version "3.12.3") found components: Interpreter 
-- Override CMake install command with custom implementation using symlinks instead of copying resources
-- Found rclcpp: 28.1.9 (/opt/ros/jazzy/share/rclcpp/cmake)
-- Found rosidl_generator_c: 4.6.5 (/opt/ros/jazzy/share/rosidl_generator_c/cmake)
-- Found rosidl_generator_cpp: 4.6.5 (/opt/ros/jazzy/share/rosidl_generator_cpp/cmake)
-- Using all available rosidl_typesupport_c: rosidl_typesupport_fastrtps_c;rosidl_typesupport_introspection_c
-- Using all available rosidl_typesupport_cpp: rosidl_typesupport_fastrtps_cpp;rosidl_typesupport_introspection_cpp
-- Found rmw_implementation_cmake: 7.3.2 (/opt/ros/jazzy/share/rmw_implementation_cmake/cmake)
-- Found rmw_fastrtps_cpp: 8.4.2 (/opt/ros/jazzy/share/rmw_fastrtps_cpp/cmake)
-- Found OpenSSL: /usr/lib/x86_64-linux-gnu/libcrypto.so (found version "3.0.13")  
-- Found FastRTPS: /opt/ros/jazzy/include (Required is at least version "2.13") 
-- Using RMW implementation 'rmw_fastrtps_cpp' as default
-- Found pcl_conversions: 2.6.2 (/opt/ros/jazzy/share/pcl_conversions/cmake)
[33mCMake Warning (dev) at /usr/lib/x86_64-linux-gnu/cmake/pcl/Modules/FindFLANN.cmake:45 (find_package):
  Policy CMP0144 is not set: find_package uses upper-case <PACKAGENAME>_ROOT
  variables.  Run "cmake --help-policy CMP0144" for policy details.  Use the
  cmake_policy command to set the policy and suppress this warning.

  CMake variable FLANN_ROOT is set to:

    /usr

  For compatibility, find_package is ignoring the variable, but code in a
  .cmake module might still use it.
Call Stack (most recent call first):
  /usr/lib/x86_64-linux-gnu/cmake/pcl/PCLConfig.cmake:261 (find_package)
  /usr/lib/x86_64-linux-gnu/cmake/pcl/PCLConfig.cmake:306 (find_flann)
  /usr/lib/x86_64-linux-gnu/cmake/pcl/PCLConfig.cmake:570 (find_external_library)
  /opt/ros/jazzy/share/pcl_conversions/cmake/ament_cmake_export_dependencies-extras.cmake:21 (find_package)
  /opt/ros/jazzy/share/pcl_conversions/cmake/pcl_conversionsConfig.cmake:41 (include)
  CMakeLists.txt:10 (find_package)
This warning is for project developers.  Use -Wno-dev to suppress it.
[0m
-- Found flann version 1.9.2
-- Found OpenMP_CXX: -fopenmp (found version "4.5") 
-- Found OpenMP: TRUE (found version "4.5") found components: CXX 
-- Checking for module 'libusb-1.0'
--   Found libusb-1.0, version 1.0.27
-- Found libusb: /usr/lib/x86_64-linux-gnu/libusb-1.0.so  
-- OpenNI found (version: 1.5.4.0, include: /usr/include/ni, lib: /usr/lib/libOpenNI.so;libusb::libusb)
-- OpenNI2 found (version: 2.2.0.33, include: /usr/include/openni2, lib: /usr/lib/x86_64-linux-gnu/libOpenNI2.so;libusb::libusb)
-- Could NOT find Pcap (missing: PCAP_LIBRARIES PCAP_INCLUDE_DIRS) 
-- Found ZLIB: /usr/lib/x86_64-linux-gnu/libz.so (found version "1.3")  
-- Found PNG: /usr/lib/x86_64-linux-gnu/libpng.so (found version "1.6.43") 
-- OpenNI found (version: 1.5.4.0, include: /usr/include/ni, lib: /usr/lib/libOpenNI.so;libusb::libusb)
-- OpenNI2 found (version: 2.2.0.33, include: /usr/include/openni2, lib: /usr/lib/x86_64-linux-gnu/libOpenNI2.so;libusb::libusb)
-- Found Qhull version 8.0.2
-- OpenNI found (version: 1.5.4.0, include: /usr/include/ni, lib: /usr/lib/libOpenNI.so;libusb::libusb)
-- Found PCL_COMMON: /usr/lib/x86_64-linux-gnu/libpcl_common.so  
-- Found PCL_KDTREE: /usr/lib/x86_64-linux-gnu/libpcl_kdtree.so  
-- Found PCL_OCTREE: /usr/lib/x86_64-linux-gnu/libpcl_octree.so  
-- Found PCL_SEARCH: /usr/lib/x86_64-linux-gnu/libpcl_search.so  
-- Found PCL_SAMPLE_CONSENSUS: /usr/lib/x86_64-linux-gnu/libpcl_sample_consensus.so  
-- Found PCL_FILTERS: /usr/lib/x86_64-linux-gnu/libpcl_filters.so  
-- Found PCL_2D: /usr/include/pcl-1.14  
-- Found PCL_GEOMETRY: /usr/include/pcl-1.14  
-- Found PCL_IO: /usr/lib/x86_64-linux-gnu/libpcl_io.so  
-- Found PCL_FEATURES: /usr/lib/x86_64-linux-gnu/libpcl_features.so  
-- Found PCL_ML: /usr/lib/x86_64-linux-gnu/libpcl_ml.so  
-- Found PCL_SEGMENTATION: /usr/lib/x86_64-linux-gnu/libpcl_segmentation.so  
-- Found PCL_VISUALIZATION: /usr/lib/x86_64-linux-gnu/libpcl_visualization.so  
-- Found PCL_SURFACE: /usr/lib/x86_64-linux-gnu/libpcl_surface.so  
-- Found PCL_REGISTRATION: /usr/lib/x86_64-linux-gnu/libpcl_registration.so  
-- Found PCL_KEYPOINTS: /usr/lib/x86_64-linux-gnu/libpcl_keypoints.so  
-- Found PCL_TRACKING: /usr/lib/x86_64-linux-gnu/libpcl_tracking.so  
-- Found PCL_RECOGNITION: /usr/lib/x86_64-linux-gnu/libpcl_recognition.so  
-- Found PCL_STEREO: /usr/lib/x86_64-linux-gnu/libpcl_stereo.so  
-- Found PCL_APPS: /usr/lib/x86_64-linux-gnu/libpcl_apps.so  
-- Found PCL_IN_HAND_SCANNER: /usr/include/pcl-1.14  
-- Found PCL_MODELER: /usr/include/pcl-1.14  
-- Found PCL_POINT_CLOUD_EDITOR: /usr/include/pcl-1.14  
-- Found PCL_OUTOFCORE: /usr/lib/x86_64-linux-gnu/libpcl_outofcore.so  
-- Found PCL_PEOPLE: /usr/lib/x86_64-linux-gnu/libpcl_people.so  
-- Found rclpy: 7.1.4 (/opt/ros/jazzy/share/rclpy/cmake)
-- Found CURL: /usr/lib/x86_64-linux-gnu/libcurl.so (found version "8.5.0")  
-- Found ament_lint_auto: 0.17.2 (/opt/ros/jazzy/share/ament_lint_auto/cmake)
-- Added test 'cppcheck' to perform static code analysis on C / C++ code
-- Configured cppcheck include dirs: 
-- Configured cppcheck exclude dirs and/or files: 
-- Added test 'flake8' to check Python code syntax and style conventions
-- Configured 'flake8' exclude dirs and/or files: 
-- Added test 'lint_cmake' to check CMake code style
-- Added test 'pep257' to check Python code against some of the docstring style conventions in PEP 257
-- Added test 'uncrustify' to check C / C++ code style
-- Configured uncrustify additional arguments: 
-- Added test 'xmllint' to check XML markup files
-- Configuring done (7.2s)
-- Generating done (0.0s)
-- Build files have been written to: /workspace/ros_ws/build/lakibeam1
[ 33%] [32mBuilding CXX object CMakeFiles/lakibeam1_scan_node.dir/src/lakibeam1_scan.cpp.o[0m
[ 66%] [32mBuilding CXX object CMakeFiles/lakibeam1_scan_node.dir/src/remote.cpp.o[0m
In file included from [01m[K/workspace/ros_ws/src/lakibeam1/src/remote.cpp:4[m[K:
[01m[K/workspace/ros_ws/src/lakibeam1/src/../thirdparty/rapidjson/document.h:102:19:[m[K [01;35m[Kwarning: [m[K‘[01m[Ktemplate<class _Category, class _Tp, class _Distance, class _Pointer, class _Reference> struct std::iterator[m[K’ is deprecated [[01;35m[K-Wdeprecated-declarations[m[K]
  102 |     : public std::[01;35m[Kiterator[m[K<std::random_access_iterator_tag
      |                   [01;35m[K^~~~~~~~[m[K
In file included from [01m[K/usr/include/c++/13/bits/stl_construct.h:61[m[K,
                 from [01m[K/usr/include/c++/13/bits/stl_tempbuf.h:61[m[K,
                 from [01m[K/usr/include/c++/13/memory:66[m[K,
                 from [01m[K/opt/ros/jazzy/include/rclcpp/rclcpp/rclcpp.hpp:169[m[K,
                 from [01m[K/workspace/ros_ws/src/lakibeam1/src/remote.cpp:2[m[K:
[01m[K/usr/include/c++/13/bits/stl_iterator_base_types.h:127:34:[m[K [01;36m[Knote: [m[Kdeclared here
  127 |     struct _GLIBCXX17_DEPRECATED [01;36m[Kiterator[m[K
      |                                  [01;36m[K^~~~~~~~[m[K
[01m[K/workspace/ros_ws/src/lakibeam1/src/../thirdparty/rapidjson/document.h:110:18:[m[K [01;35m[Kwarning: [m[K‘[01m[Ktemplate<class _Category, class _Tp, class _Distance, class _Pointer, class _Reference> struct std::iterator[m[K’ is deprecated [[01;35m[K-Wdeprecated-declarations[m[K]
  110 |     typedef std::[01;35m[Kiterator[m[K<std::random_access_iterator_tag,ValueType> BaseType;
      |                  [01;35m[K^~~~~~~~[m[K
[01m[K/usr/include/c++/13/bits/stl_iterator_base_types.h:127:34:[m[K [01;36m[Knote: [m[Kdeclared here
  127 |     struct _GLIBCXX17_DEPRECATED [01;36m[Kiterator[m[K
      |                                  [01;36m[K^~~~~~~~[m[K
[01m[K/workspace/ros_ws/src/lakibeam1/src/remote.cpp:[m[K In function ‘[01m[Ksize_t[01;32m[K dummy_callback[m[K(void*, size_t, size_t, void*)[m[K’:
[01m[K/workspace/ros_ws/src/lakibeam1/src/remote.cpp:16:36:[m[K [01;35m[Kwarning: [m[Kunused parameter ‘[01m[Kbuffer[m[K’ [[01;35m[K-Wunused-parameter[m[K]
   16 | static size_t dummy_callback([01;35m[Kvoid *buffer[m[K, size_t size, size_t nmemb, void *userp)
      |                              [01;35m[K~~~~~~^~~~~~[m[K
[01m[K/workspace/ros_ws/src/lakibeam1/src/remote.cpp:16:77:[m[K [01;35m[Kwarning: [m[Kunused parameter ‘[01m[Kuserp[m[K’ [[01;35m[K-Wunused-parameter[m[K]
   16 | static size_t dummy_callback(void *buffer, size_t size, size_t nmemb, [01;35m[Kvoid *userp[m[K)
      |                                                                       [01;35m[K~~~~~~^~~~~[m[K
/workspace/ros_ws/src/lakibeam1/src/../thirdparty/rapidjson/document.h: In instantiation of ‘[01m[Kvoid rapidjson::GenericValue<Encoding, Allocator>::[01;32m[KSetObjectRaw[m[K(Member*, rapidjson::SizeType, Allocator&) [35m[K[with Encoding = rapidjson::UTF8<>; Allocator = rapidjson::MemoryPoolAllocator<>; Member = rapidjson::GenericMember<rapidjson::UTF8<>, rapidjson::MemoryPoolAllocator<> >; rapidjson::SizeType = unsigned int][m[K[m[K’:
[01m[K/workspace/ros_ws/src/lakibeam1/src/../thirdparty/rapidjson/document.h:2363:55:[m[K   required from ‘[01m[Kbool rapidjson::GenericDocument<Encoding, Allocator, StackAllocator>::[01;32m[KEndObject[m[K(rapidjson::SizeType) [35m[K[with Encoding = rapidjson::UTF8<>; Allocator = rapidjson::MemoryPoolAllocator<>; StackAllocator = rapidjson::CrtAllocator; rapidjson::SizeType = unsigned int][m[K[m[K’
[01m[K/workspace/ros_ws/src/lakibeam1/src/../thirdparty/rapidjson/reader.h:1736:40:[m[K   required from ‘[01m[Krapidjson::GenericReader<SourceEncoding, TargetEncoding, StackAllocator>::IterativeParsingState rapidjson::GenericReader<SourceEncoding, TargetEncoding, StackAllocator>::[01;32m[KTransit[m[K(IterativeParsingState, Token, IterativeParsingState, InputStream&, Handler&) [35m[K[with unsigned int parseFlags = 0; InputStream = rapidjson::GenericStringStream<rapidjson::UTF8<> >; Handler = rapidjson::GenericDocument<rapidjson::UTF8<> >; SourceEncoding = rapidjson::UTF8<>; TargetEncoding = rapidjson::UTF8<>; StackAllocator = rapidjson::CrtAllocator][m[K[m[K’
[01m[K/workspace/ros_ws/src/lakibeam1/src/../thirdparty/rapidjson/reader.h:1832:58:[m[K   required from ‘[01m[Krapidjson::ParseResult rapidjson::GenericReader<SourceEncoding, TargetEncoding, StackAllocator>::[01;32m[KIterativeParse[m[K(InputStream&, Handler&) [35m[K[with unsigned int parseFlags = 0; InputStream = rapidjson::GenericStringStream<rapidjson::UTF8<> >; Handler = rapidjson::GenericDocument<rapidjson::UTF8<> >; SourceEncoding = rapidjson::UTF8<>; TargetEncoding = rapidjson::UTF8<>; StackAllocator = rapidjson::CrtAllocator][m[K[m[K’
[01m[K/workspace/ros_ws/src/lakibeam1/src/../thirdparty/rapidjson/reader.h:487:46:[m[K   required from ‘[01m[Krapidjson::ParseResult rapidjson::GenericReader<SourceEncoding, TargetEncoding, StackAllocator>::[01;32m[KParse[m[K(InputStream&, Handler&) [35m[K[with unsigned int parseFlags = 0; InputStream = rapidjson::GenericStringStream<rapidjson::UTF8<> >; Handler = rapidjson::GenericDocument<rapidjson::UTF8<> >; SourceEncoding = rapidjson::UTF8<>; TargetEncoding = rapidjson::UTF8<>; StackAllocator = rapidjson::CrtAllocator][m[K[m[K’
[01m[K/workspace/ros_ws/src/lakibeam1/src/../thirdparty/rapidjson/document.h:2159:57:[m[K   required from ‘[01m[Krapidjson::GenericDocument<Encoding, Allocator, StackAllocator>& rapidjson::GenericDocument<Encoding, Allocator, StackAllocator>::[01;32m[KParseStream[m[K(InputStream&) [35m[K[with unsigned int parseFlags = 0; SourceEncoding = rapidjson::UTF8<>; InputStream = rapidjson::GenericStringStream<rapidjson::UTF8<> >; Encoding = rapidjson::UTF8<>; Allocator = rapidjson::MemoryPoolAllocator<>; StackAllocator = rapidjson::CrtAllocator][m[K[m[K’
[01m[K/workspace/ros_ws/src/lakibeam1/src/../thirdparty/rapidjson/document.h:2224:55:[m[K   required from ‘[01m[Krapidjson::GenericDocument<Encoding, Allocator, StackAllocator>& rapidjson::GenericDocument<Encoding, Allocator, StackAllocator>::[01;32m[KParse[m[K(const typename SourceEncoding::Ch*) [35m[K[with unsigned int parseFlags = 0; SourceEncoding = rapidjson::UTF8<>; Encoding = rapidjson::UTF8<>; Allocator = rapidjson::MemoryPoolAllocator<>; StackAllocator = rapidjson::CrtAllocator; typename SourceEncoding::Ch = char][m[K[m[K’
[01m[K/workspace/ros_ws/src/lakibeam1/src/../thirdparty/rapidjson/document.h:2233:43:[m[K   required from ‘[01m[Krapidjson::GenericDocument<Encoding, Allocator, StackAllocator>& rapidjson::GenericDocument<Encoding, Allocator, StackAllocator>::[01;32m[KParse[m[K(const Ch*) [35m[K[with unsigned int parseFlags = 0; Encoding = rapidjson::UTF8<>; Allocator = rapidjson::MemoryPoolAllocator<>; StackAllocator = rapidjson::CrtAllocator; Ch = char][m[K[m[K’
[01m[K/workspace/ros_ws/src/lakibeam1/src/../thirdparty/rapidjson/document.h:2240:41:[m[K   required from ‘[01m[Krapidjson::GenericDocument<Encoding, Allocator, StackAllocator>& rapidjson::GenericDocument<Encoding, Allocator, StackAllocator>::[01;32m[KParse[m[K(const Ch*) [35m[K[with Encoding = rapidjson::UTF8<>; Allocator = rapidjson::MemoryPoolAllocator<>; StackAllocator = rapidjson::CrtAllocator; Ch = char][m[K[m[K’
[01m[K/workspace/ros_ws/src/lakibeam1/src/remote.cpp:76:16:[m[K   required from here
[01m[K/workspace/ros_ws/src/lakibeam1/src/../thirdparty/rapidjson/document.h:1952:24:[m[K [01;35m[Kwarning: [m[K‘[01m[Kvoid*[01;32m[K memcpy[m[K(void*, const void*, size_t)[m[K’ writing to an object of type ‘[01m[Krapidjson::GenericValue<rapidjson::UTF8<> >::Member[m[K’ {aka ‘[01m[Kstruct rapidjson::GenericMember<rapidjson::UTF8<>, rapidjson::MemoryPoolAllocator<> >[m[K’} with no trivial copy-assignment; use copy-assignment instead [[01;35m[K-Wclass-memaccess[m[K]
 1952 |             [01;35m[Kstd::memcpy(m, members, count * sizeof(Member))[m[K;
      |             [01;35m[K~~~~~~~~~~~^~~~~~~~~~~~~~~~~~~~~~~~~~~~~~~~~~~~[m[K
[01m[K/workspace/ros_ws/src/lakibeam1/src/../thirdparty/rapidjson/document.h:71:8:[m[K [01;36m[Knote: [m[K‘[01m[Krapidjson::GenericValue<rapidjson::UTF8<> >::Member[m[K’ {aka ‘[01m[Kstruct rapidjson::GenericMember<rapidjson::UTF8<>, rapidjson::MemoryPoolAllocator<> >[m[K’} declared here
   71 | struct [01;36m[KGenericMember[m[K {
      |        [01;36m[K^~~~~~~~~~~~~[m[K
/workspace/ros_ws/src/lakibeam1/src/../thirdparty/rapidjson/document.h: In instantiation of ‘[01m[Kvoid rapidjson::GenericValue<Encoding, Allocator>::[01;32m[KSetArrayRaw[m[K(rapidjson::GenericValue<Encoding, Allocator>*, rapidjson::SizeType, Allocator&) [35m[K[with Encoding = rapidjson::UTF8<>; Allocator = rapidjson::MemoryPoolAllocator<>; rapidjson::SizeType = unsigned int][m[K[m[K’:
[01m[K/workspace/ros_ws/src/lakibeam1/src/../thirdparty/rapidjson/document.h:2371:54:[m[K   required from ‘[01m[Kbool rapidjson::GenericDocument<Encoding, Allocator, StackAllocator>::[01;32m[KEndArray[m[K(rapidjson::SizeType) [35m[K[with Encoding = rapidjson::UTF8<>; Allocator = rapidjson::MemoryPoolAllocator<>; StackAllocator = rapidjson::CrtAllocator; rapidjson::SizeType = unsigned int][m[K[m[K’
[01m[K/workspace/ros_ws/src/lakibeam1/src/../thirdparty/rapidjson/reader.h:1766:39:[m[K   required from ‘[01m[Krapidjson::GenericReader<SourceEncoding, TargetEncoding, StackAllocator>::IterativeParsingState rapidjson::GenericReader<SourceEncoding, TargetEncoding, StackAllocator>::[01;32m[KTransit[m[K(IterativeParsingState, Token, IterativeParsingState, InputStream&, Handler&) [35m[K[with unsigned int parseFlags = 0; InputStream = rapidjson::GenericStringStream<rapidjson::UTF8<> >; Handler = rapidjson::GenericDocument<rapidjson::UTF8<> >; SourceEncoding = rapidjson::UTF8<>; TargetEncoding = rapidjson::UTF8<>; StackAllocator = rapidjson::CrtAllocator][m[K[m[K’
[01m[K/workspace/ros_ws/src/lakibeam1/src/../thirdparty/rapidjson/reader.h:1832:58:[m[K   required from ‘[01m[Krapidjson::ParseResult rapidjson::GenericReader<SourceEncoding, TargetEncoding, StackAllocator>::[01;32m[KIterativeParse[m[K(InputStream&, Handler&) [35m[K[with unsigned int parseFlags = 0; InputStream = rapidjson::GenericStringStream<rapidjson::UTF8<> >; Handler = rapidjson::GenericDocument<rapidjson::UTF8<> >; SourceEncoding = rapidjson::UTF8<>; TargetEncoding = rapidjson::UTF8<>; StackAllocator = rapidjson::CrtAllocator][m[K[m[K’
[01m[K/workspace/ros_ws/src/lakibeam1/src/../thirdparty/rapidjson/reader.h:487:46:[m[K   required from ‘[01m[Krapidjson::ParseResult rapidjson::GenericReader<SourceEncoding, TargetEncoding, StackAllocator>::[01;32m[KParse[m[K(InputStream&, Handler&) [35m[K[with unsigned int parseFlags = 0; InputStream = rapidjson::GenericStringStream<rapidjson::UTF8<> >; Handler = rapidjson::GenericDocument<rapidjson::UTF8<> >; SourceEncoding = rapidjson::UTF8<>; TargetEncoding = rapidjson::UTF8<>; StackAllocator = rapidjson::CrtAllocator][m[K[m[K’
[01m[K/workspace/ros_ws/src/lakibeam1/src/../thirdparty/rapidjson/document.h:2159:57:[m[K   required from ‘[01m[Krapidjson::GenericDocument<Encoding, Allocator, StackAllocator>& rapidjson::GenericDocument<Encoding, Allocator, StackAllocator>::[01;32m[KParseStream[m[K(InputStream&) [35m[K[with unsigned int parseFlags = 0; SourceEncoding = rapidjson::UTF8<>; InputStream = rapidjson::GenericStringStream<rapidjson::UTF8<> >; Encoding = rapidjson::UTF8<>; Allocator = rapidjson::MemoryPoolAllocator<>; StackAllocator = rapidjson::CrtAllocator][m[K[m[K’
[01m[K/workspace/ros_ws/src/lakibeam1/src/../thirdparty/rapidjson/document.h:2224:55:[m[K   required from ‘[01m[Krapidjson::GenericDocument<Encoding, Allocator, StackAllocator>& rapidjson::GenericDocument<Encoding, Allocator, StackAllocator>::[01;32m[KParse[m[K(const typename SourceEncoding::Ch*) [35m[K[with unsigned int parseFlags = 0; SourceEncoding = rapidjson::UTF8<>; Encoding = rapidjson::UTF8<>; Allocator = rapidjson::MemoryPoolAllocator<>; StackAllocator = rapidjson::CrtAllocator; typename SourceEncoding::Ch = char][m[K[m[K’
[01m[K/workspace/ros_ws/src/lakibeam1/src/../thirdparty/rapidjson/document.h:2233:43:[m[K   required from ‘[01m[Krapidjson::GenericDocument<Encoding, Allocator, StackAllocator>& rapidjson::GenericDocument<Encoding, Allocator, StackAllocator>::[01;32m[KParse[m[K(const Ch*) [35m[K[with unsigned int parseFlags = 0; Encoding = rapidjson::UTF8<>; Allocator = rapidjson::MemoryPoolAllocator<>; StackAllocator = rapidjson::CrtAllocator; Ch = char][m[K[m[K’
[01m[K/workspace/ros_ws/src/lakibeam1/src/../thirdparty/rapidjson/document.h:2240:41:[m[K   required from ‘[01m[Krapidjson::GenericDocument<Encoding, Allocator, StackAllocator>& rapidjson::GenericDocument<Encoding, Allocator, StackAllocator>::[01;32m[KParse[m[K(const Ch*) [35m[K[with Encoding = rapidjson::UTF8<>; Allocator = rapidjson::MemoryPoolAllocator<>; StackAllocator = rapidjson::CrtAllocator; Ch = char][m[K[m[K’
[01m[K/workspace/ros_ws/src/lakibeam1/src/remote.cpp:76:16:[m[K   required from here
[01m[K/workspace/ros_ws/src/lakibeam1/src/../thirdparty/rapidjson/document.h:1939:24:[m[K [01;35m[Kwarning: [m[K‘[01m[Kvoid*[01;32m[K memcpy[m[K(void*, const void*, size_t)[m[K’ writing to an object of type ‘[01m[Kclass rapidjson::GenericValue<rapidjson::UTF8<> >[m[K’ with no trivial copy-assignment; use copy-assignment or copy-initialization instead [[01;35m[K-Wclass-memaccess[m[K]
 1939 |             [01;35m[Kstd::memcpy(e, values, count * sizeof(GenericValue))[m[K;
      |             [01;35m[K~~~~~~~~~~~^~~~~~~~~~~~~~~~~~~~~~~~~~~~~~~~~~~~~~~~~[m[K
[01m[K/workspace/ros_ws/src/lakibeam1/src/../thirdparty/rapidjson/document.h:540:7:[m[K [01;36m[Knote: [m[K‘[01m[Kclass rapidjson::GenericValue<rapidjson::UTF8<> >[m[K’ declared here
  540 | class [01;36m[KGenericValue[m[K {
      |       [01;36m[K^~~~~~~~~~~~[m[K
[100%] [32m[1mLinking CXX executable lakibeam1_scan_node[0m
[100%] Built target lakibeam1_scan_node
-- Install configuration: ""
-- Execute custom install script
-- Symlinking: /workspace/ros_ws/install/lakibeam1/share/ament_index/resource_index/package_run_dependencies/lakibeam1
-- Symlinking: /workspace/ros_ws/install/lakibeam1/share/ament_index/resource_index/parent_prefix_path/lakibeam1
-- Symlinking: /workspace/ros_ws/install/lakibeam1/share/lakibeam1/environment/ament_prefix_path.sh
-- Symlinking: /workspace/ros_ws/install/lakibeam1/share/lakibeam1/environment/ament_prefix_path.dsv
-- Symlinking: /workspace/ros_ws/install/lakibeam1/share/lakibeam1/environment/path.sh
-- Symlinking: /workspace/ros_ws/install/lakibeam1/share/lakibeam1/environment/path.dsv
-- Symlinking: /workspace/ros_ws/install/lakibeam1/share/lakibeam1/local_setup.bash
-- Symlinking: /workspace/ros_ws/install/lakibeam1/share/lakibeam1/local_setup.sh
-- Symlinking: /workspace/ros_ws/install/lakibeam1/share/lakibeam1/local_setup.zsh
-- Symlinking: /workspace/ros_ws/install/lakibeam1/share/lakibeam1/local_setup.dsv
-- Symlinking: /workspace/ros_ws/install/lakibeam1/share/lakibeam1/package.dsv
-- Symlinking: /workspace/ros_ws/install/lakibeam1/share/ament_index/resource_index/packages/lakibeam1
-- Symlinking: /workspace/ros_ws/install/lakibeam1/share/lakibeam1/cmake/lakibeam1Config.cmake
-- Symlinking: /workspace/ros_ws/install/lakibeam1/share/lakibeam1/cmake/lakibeam1Config-version.cmake
-- Symlinking: /workspace/ros_ws/install/lakibeam1/share/lakibeam1/package.xml
-- Symlinking: /workspace/ros_ws/install/lakibeam1/lib/lakibeam1/lakibeam1_scan_node
-- Symlinking: /workspace/ros_ws/install/lakibeam1/share/lakibeam1/launch/lakibeam1_scan.launch.py
-- Symlinking: /workspace/ros_ws/install/lakibeam1/share/lakibeam1/launch/lakibeam1_scan_dual_lidar.launch.py
-- Symlinking: /workspace/ros_ws/install/lakibeam1/share/lakibeam1/launch/lakibeam1_scan_dual_lidar_view.launch.py
-- Symlinking: /workspace/ros_ws/install/lakibeam1/share/lakibeam1/launch/lakibeam1_scan_view.launch.py
-- Symlinking: /workspace/ros_ws/install/lakibeam1/share/lakibeam1/rviz/lakibeam1_scan.rviz
-- Symlinking: /workspace/ros_ws/install/lakibeam1/share/lakibeam1/rviz/lakibeam1_scan_dual.rviz
-- Symlinking: /workspace/ros_ws/install/lakibeam1/share/lakibeam1/rviz/rviz_scan.rviz
