[0.093s] Invoking command in '/workspace/ros_ws/build/ariaNode': CMAKE_PREFIX_PATH=${CMAKE_PREFIX_PATH}:/opt/ros/jazzy /usr/bin/cmake /workspace/ros_ws/src/ariaNode -DAMENT_CMAKE_SYMLINK_INSTALL=1 -DCMAKE_INSTALL_PREFIX=/workspace/ros_ws/install/ariaNode
[0.475s] -- Found ament_cmake: 2.5.4 (/opt/ros/jazzy/share/ament_cmake/cmake)
[0.480s] -- Override CMake install command with custom implementation using symlinks instead of copying resources
[0.508s] -- Found rclcpp: 28.1.9 (/opt/ros/jazzy/share/rclcpp/cmake)
[0.615s] -- Found rosidl_generator_c: 4.6.5 (/opt/ros/jazzy/share/rosidl_generator_c/cmake)
[0.652s] -- Found rosidl_generator_cpp: 4.6.5 (/opt/ros/jazzy/share/rosidl_generator_cpp/cmake)
[0.678s] -- Using all available rosidl_typesupport_c: rosidl_typesupport_fastrtps_c;rosidl_typesupport_introspection_c
[0.699s] -- Using all available rosidl_typesupport_cpp: rosidl_typesupport_fastrtps_cpp;rosidl_typesupport_introspection_cpp
[0.840s] -- Found rmw_implementation_cmake: 7.3.2 (/opt/ros/jazzy/share/rmw_implementation_cmake/cmake)
[0.842s] -- Found rmw_fastrtps_cpp: 8.4.2 (/opt/ros/jazzy/share/rmw_fastrtps_cpp/cmake)
[1.061s] -- Using RMW implementation 'rmw_fastrtps_cpp' as default
[1.287s] -- Found geometry_msgs: 5.3.6 (/opt/ros/jazzy/share/geometry_msgs/cmake)
[1.556s] [0mThe root directory is /opt/ros/jazzy/share/fastrtps_cmake_module/cmake/Modules[0m
[1.574s] -- Found ament_lint_auto: 0.17.2 (/opt/ros/jazzy/share/ament_lint_auto/cmake)
[1.762s] WARNING: Package name "ariaNode" does not follow the naming conventions. It should start with a lower case letter and only contain lower case letters, digits, underscores, and dashes.
[1.863s] -- Added test 'cppcheck' to perform static code analysis on C / C++ code
[1.863s] -- Configured cppcheck include dirs: 
[1.863s] -- Configured cppcheck exclude dirs and/or files: 
[1.867s] -- Added test 'lint_cmake' to check CMake code style
[1.868s] -- Added test 'uncrustify' to check C / C++ code style
[1.868s] -- Configured uncrustify additional arguments: 
[1.872s] -- Added test 'xmllint' to check XML markup files
[1.874s] -- Configuring done (1.8s)
[1.936s] -- Generating done (0.0s)
[1.947s] -- Build files have been written to: /workspace/ros_ws/build/ariaNode
[1.965s] Invoked command in '/workspace/ros_ws/build/ariaNode' returned '0': CMAKE_PREFIX_PATH=${CMAKE_PREFIX_PATH}:/opt/ros/jazzy /usr/bin/cmake /workspace/ros_ws/src/ariaNode -DAMENT_CMAKE_SYMLINK_INSTALL=1 -DCMAKE_INSTALL_PREFIX=/workspace/ros_ws/install/ariaNode
[1.969s] Invoking command in '/workspace/ros_ws/build/ariaNode': CMAKE_PREFIX_PATH=${CMAKE_PREFIX_PATH}:/opt/ros/jazzy /usr/bin/cmake --build /workspace/ros_ws/build/ariaNode -- -j8 -l8
[2.330s] [ 50%] [32m[1mLinking CXX executable ariaNode[0m
[3.525s] [100%] Built target ariaNode
[3.577s] Invoked command in '/workspace/ros_ws/build/ariaNode' returned '0': CMAKE_PREFIX_PATH=${CMAKE_PREFIX_PATH}:/opt/ros/jazzy /usr/bin/cmake --build /workspace/ros_ws/build/ariaNode -- -j8 -l8
[3.599s] Invoking command in '/workspace/ros_ws/build/ariaNode': CMAKE_PREFIX_PATH=${CMAKE_PREFIX_PATH}:/opt/ros/jazzy /usr/bin/cmake --install /workspace/ros_ws/build/ariaNode
[5.005s] -- Install configuration: ""
[5.005s] -- Execute custom install script
[5.005s] -- Symlinking: /workspace/ros_ws/install/ariaNode/lib/ariaNode/ariaNode
[5.005s] -- Symlinking: /workspace/ros_ws/install/ariaNode/share/ament_index/resource_index/package_run_dependencies/ariaNode
[5.005s] -- Symlinking: /workspace/ros_ws/install/ariaNode/share/ament_index/resource_index/parent_prefix_path/ariaNode
[5.005s] -- Symlinking: /workspace/ros_ws/install/ariaNode/share/ariaNode/environment/ament_prefix_path.sh
[5.005s] -- Symlinking: /workspace/ros_ws/install/ariaNode/share/ariaNode/environment/ament_prefix_path.dsv
[5.005s] -- Symlinking: /workspace/ros_ws/install/ariaNode/share/ariaNode/environment/path.sh
[5.006s] -- Symlinking: /workspace/ros_ws/install/ariaNode/share/ariaNode/environment/path.dsv
[5.006s] -- Symlinking: /workspace/ros_ws/install/ariaNode/share/ariaNode/local_setup.bash
[5.006s] -- Symlinking: /workspace/ros_ws/install/ariaNode/share/ariaNode/local_setup.sh
[5.006s] -- Symlinking: /workspace/ros_ws/install/ariaNode/share/ariaNode/local_setup.zsh
[5.006s] -- Symlinking: /workspace/ros_ws/install/ariaNode/share/ariaNode/local_setup.dsv
[5.006s] -- Symlinking: /workspace/ros_ws/install/ariaNode/share/ariaNode/package.dsv
[5.006s] -- Symlinking: /workspace/ros_ws/install/ariaNode/share/ament_index/resource_index/packages/ariaNode
[5.006s] -- Symlinking: /workspace/ros_ws/install/ariaNode/share/ariaNode/cmake/ariaNodeConfig.cmake
[5.006s] -- Symlinking: /workspace/ros_ws/install/ariaNode/share/ariaNode/cmake/ariaNodeConfig-version.cmake
[5.006s] -- Symlinking: /workspace/ros_ws/install/ariaNode/share/ariaNode/package.xml
[5.032s] Invoked command in '/workspace/ros_ws/build/ariaNode' returned '0': CMAKE_PREFIX_PATH=${CMAKE_PREFIX_PATH}:/opt/ros/jazzy /usr/bin/cmake --install /workspace/ros_ws/build/ariaNode
