[0.416s] Invoking command in '/workspace/ros_ws/build/my_package2': CMAKE_PREFIX_PATH=${CMAKE_PREFIX_PATH}:/opt/ros/jazzy /usr/bin/cmake /workspace/ros_ws/src/my_package2 -DAMENT_CMAKE_SYMLINK_INSTALL=1 -DCMAKE_INSTALL_PREFIX=/workspace/ros_ws/install/my_package2
[0.449s] -- Found ament_cmake: 2.5.4 (/opt/ros/jazzy/share/ament_cmake/cmake)
[0.894s] -- Override CMake install command with custom implementation using symlinks instead of copying resources
[0.919s] -- Found ament_lint_auto: 0.17.2 (/opt/ros/jazzy/share/ament_lint_auto/cmake)
[1.197s] -- Added test 'cppcheck' to perform static code analysis on C / C++ code
[1.198s] -- Configured cppcheck include dirs: $<BUILD_INTERFACE:/workspace/ros_ws/src/my_package2/include>
[1.198s] -- Configured cppcheck exclude dirs and/or files: 
[1.206s] -- Added test 'flake8' to check Python code syntax and style conventions
[1.207s] -- Configured 'flake8' exclude dirs and/or files: 
[1.214s] -- Added test 'lint_cmake' to check CMake code style
[1.219s] -- Added test 'pep257' to check Python code against some of the docstring style conventions in PEP 257
[1.260s] -- Added test 'uncrustify' to check C / C++ code style
[1.262s] -- Configured uncrustify additional arguments: 
[1.268s] -- Added test 'xmllint' to check XML markup files
[1.275s] -- Configuring done (0.8s)
[1.281s] -- Generating done (0.0s)
[1.288s] -- Build files have been written to: /workspace/ros_ws/build/my_package2
[1.304s] Invoked command in '/workspace/ros_ws/build/my_package2' returned '0': CMAKE_PREFIX_PATH=${CMAKE_PREFIX_PATH}:/opt/ros/jazzy /usr/bin/cmake /workspace/ros_ws/src/my_package2 -DAMENT_CMAKE_SYMLINK_INSTALL=1 -DCMAKE_INSTALL_PREFIX=/workspace/ros_ws/install/my_package2
[1.307s] Invoking command in '/workspace/ros_ws/build/my_package2': CMAKE_PREFIX_PATH=${CMAKE_PREFIX_PATH}:/opt/ros/jazzy /usr/bin/cmake --build /workspace/ros_ws/build/my_package2 -- -j8 -l8
[1.495s] [100%] Built target my_node2
[1.551s] Invoked command in '/workspace/ros_ws/build/my_package2' returned '0': CMAKE_PREFIX_PATH=${CMAKE_PREFIX_PATH}:/opt/ros/jazzy /usr/bin/cmake --build /workspace/ros_ws/build/my_package2 -- -j8 -l8
[1.555s] Invoking command in '/workspace/ros_ws/build/my_package2': CMAKE_PREFIX_PATH=${CMAKE_PREFIX_PATH}:/opt/ros/jazzy /usr/bin/cmake --install /workspace/ros_ws/build/my_package2
[1.600s] -- Install configuration: ""
[1.601s] -- Execute custom install script
[1.601s] -- Symlinking: /workspace/ros_ws/install/my_package2/lib/my_package2/my_node2
[1.633s] -- Symlinking: /workspace/ros_ws/install/my_package2/share/ament_index/resource_index/package_run_dependencies/my_package2
[1.778s] -- Symlinking: /workspace/ros_ws/install/my_package2/share/ament_index/resource_index/parent_prefix_path/my_package2
[1.815s] -- Symlinking: /workspace/ros_ws/install/my_package2/share/my_package2/environment/ament_prefix_path.sh
[1.891s] -- Symlinking: /workspace/ros_ws/install/my_package2/share/my_package2/environment/ament_prefix_path.dsv
[1.949s] -- Symlinking: /workspace/ros_ws/install/my_package2/share/my_package2/environment/path.sh
[2.003s] -- Symlinking: /workspace/ros_ws/install/my_package2/share/my_package2/environment/path.dsv
[2.052s] -- Symlinking: /workspace/ros_ws/install/my_package2/share/my_package2/local_setup.bash
[2.134s] -- Symlinking: /workspace/ros_ws/install/my_package2/share/my_package2/local_setup.sh
[2.176s] -- Symlinking: /workspace/ros_ws/install/my_package2/share/my_package2/local_setup.zsh
[2.274s] -- Symlinking: /workspace/ros_ws/install/my_package2/share/my_package2/local_setup.dsv
[2.305s] -- Symlinking: /workspace/ros_ws/install/my_package2/share/my_package2/package.dsv
[2.351s] -- Symlinking: /workspace/ros_ws/install/my_package2/share/ament_index/resource_index/packages/my_package2
[2.386s] -- Symlinking: /workspace/ros_ws/install/my_package2/share/my_package2/cmake/my_package2Config.cmake
[2.470s] -- Symlinking: /workspace/ros_ws/install/my_package2/share/my_package2/cmake/my_package2Config-version.cmake
[2.494s] -- Symlinking: /workspace/ros_ws/install/my_package2/share/my_package2/package.xml
[2.598s] Invoked command in '/workspace/ros_ws/build/my_package2' returned '0': CMAKE_PREFIX_PATH=${CMAKE_PREFIX_PATH}:/opt/ros/jazzy /usr/bin/cmake --install /workspace/ros_ws/build/my_package2
