[0.090s] Invoking command in '/workspace/ros_ws/build/master': CMAKE_PREFIX_PATH=${CMAKE_PREFIX_PATH}:/opt/ros/jazzy /usr/bin/cmake --build /workspace/ros_ws/build/master -- -j12 -l12
[0.483s] [100%] Built target master_node
[0.507s] Invoked command in '/workspace/ros_ws/build/master' returned '0': CMAKE_PREFIX_PATH=${CMAKE_PREFIX_PATH}:/opt/ros/jazzy /usr/bin/cmake --build /workspace/ros_ws/build/master -- -j12 -l12
[0.522s] Invoking command in '/workspace/ros_ws/build/master': CMAKE_PREFIX_PATH=${CMAKE_PREFIX_PATH}:/opt/ros/jazzy /usr/bin/cmake --install /workspace/ros_ws/build/master
[0.535s] -- Install configuration: ""
[0.540s] -- Up-to-date: /workspace/ros_ws/install/master/lib/master/master_node
[0.541s] -- Up-to-date: /workspace/ros_ws/install/master/share/ament_index/resource_index/package_run_dependencies/master
[0.541s] -- Up-to-date: /workspace/ros_ws/install/master/share/ament_index/resource_index/parent_prefix_path/master
[0.541s] -- Up-to-date: /workspace/ros_ws/install/master/share/master/environment/ament_prefix_path.sh
[0.541s] -- Up-to-date: /workspace/ros_ws/install/master/share/master/environment/ament_prefix_path.dsv
[0.541s] -- Up-to-date: /workspace/ros_ws/install/master/share/master/environment/path.sh
[0.542s] -- Up-to-date: /workspace/ros_ws/install/master/share/master/environment/path.dsv
[0.542s] -- Up-to-date: /workspace/ros_ws/install/master/share/master/local_setup.bash
[0.542s] -- Up-to-date: /workspace/ros_ws/install/master/share/master/local_setup.sh
[0.542s] -- Up-to-date: /workspace/ros_ws/install/master/share/master/local_setup.zsh
[0.542s] -- Up-to-date: /workspace/ros_ws/install/master/share/master/local_setup.dsv
[0.542s] -- Installing: /workspace/ros_ws/install/master/share/master/package.dsv
[0.544s] -- Up-to-date: /workspace/ros_ws/install/master/share/ament_index/resource_index/packages/master
[0.544s] -- Up-to-date: /workspace/ros_ws/install/master/share/master/cmake/masterConfig.cmake
[0.544s] -- Up-to-date: /workspace/ros_ws/install/master/share/master/cmake/masterConfig-version.cmake
[0.545s] -- Up-to-date: /workspace/ros_ws/install/master/share/master/package.xml
[0.560s] Invoked command in '/workspace/ros_ws/build/master' returned '0': CMAKE_PREFIX_PATH=${CMAKE_PREFIX_PATH}:/opt/ros/jazzy /usr/bin/cmake --install /workspace/ros_ws/build/master
