[0.046s] Invoking command in '/workspace/ros_ws/src/build/my_package2': CMAKE_PREFIX_PATH=${CMAKE_PREFIX_PATH}:/opt/ros/jazzy /usr/bin/cmake --build /workspace/ros_ws/src/build/my_package2 -- -j12 -l12
[0.252s] [100%] Built target my_node2
[0.266s] Invoked command in '/workspace/ros_ws/src/build/my_package2' returned '0': CMAKE_PREFIX_PATH=${CMAKE_PREFIX_PATH}:/opt/ros/jazzy /usr/bin/cmake --build /workspace/ros_ws/src/build/my_package2 -- -j12 -l12
[0.281s] Invoking command in '/workspace/ros_ws/src/build/my_package2': CMAKE_PREFIX_PATH=${CMAKE_PREFIX_PATH}:/opt/ros/jazzy /usr/bin/cmake --install /workspace/ros_ws/src/build/my_package2
[0.292s] -- Install configuration: ""
[0.294s] -- Up-to-date: /workspace/ros_ws/src/install/my_package2/lib/my_package2/my_node2
[0.294s] -- Up-to-date: /workspace/ros_ws/src/install/my_package2/share/ament_index/resource_index/package_run_dependencies/my_package2
[0.295s] -- Up-to-date: /workspace/ros_ws/src/install/my_package2/share/ament_index/resource_index/parent_prefix_path/my_package2
[0.295s] -- Up-to-date: /workspace/ros_ws/src/install/my_package2/share/my_package2/environment/ament_prefix_path.sh
[0.296s] -- Up-to-date: /workspace/ros_ws/src/install/my_package2/share/my_package2/environment/ament_prefix_path.dsv
[0.296s] -- Up-to-date: /workspace/ros_ws/src/install/my_package2/share/my_package2/environment/path.sh
[0.296s] -- Up-to-date: /workspace/ros_ws/src/install/my_package2/share/my_package2/environment/path.dsv
[0.297s] -- Up-to-date: /workspace/ros_ws/src/install/my_package2/share/my_package2/local_setup.bash
[0.297s] -- Up-to-date: /workspace/ros_ws/src/install/my_package2/share/my_package2/local_setup.sh
[0.297s] -- Up-to-date: /workspace/ros_ws/src/install/my_package2/share/my_package2/local_setup.zsh
[0.298s] -- Up-to-date: /workspace/ros_ws/src/install/my_package2/share/my_package2/local_setup.dsv
[0.299s] -- Installing: /workspace/ros_ws/src/install/my_package2/share/my_package2/package.dsv
[0.300s] -- Up-to-date: /workspace/ros_ws/src/install/my_package2/share/ament_index/resource_index/packages/my_package2
[0.300s] -- Up-to-date: /workspace/ros_ws/src/install/my_package2/share/my_package2/cmake/my_package2Config.cmake
[0.300s] -- Up-to-date: /workspace/ros_ws/src/install/my_package2/share/my_package2/cmake/my_package2Config-version.cmake
[0.303s] -- Up-to-date: /workspace/ros_ws/src/install/my_package2/share/my_package2/package.xml
[0.305s] Invoked command in '/workspace/ros_ws/src/build/my_package2' returned '0': CMAKE_PREFIX_PATH=${CMAKE_PREFIX_PATH}:/opt/ros/jazzy /usr/bin/cmake --install /workspace/ros_ws/src/build/my_package2
