[0.057s] Invoking command in '/workspace/ros_ws/build/ariaNode': CMAKE_PREFIX_PATH=${CMAKE_PREFIX_PATH}:/workspace/ros_ws/install/nav2_gps_waypoint_follower_demo:/workspace/ros_ws/src/install/nav2_gps_waypoint_follower_demo:/opt/ros/jazzy /usr/bin/cmake --build /workspace/ros_ws/build/ariaNode -- -j12 -l12
[0.164s] [100%] Built target ariaNode
[0.396s] Invoked command in '/workspace/ros_ws/build/ariaNode' returned '0': CMAKE_PREFIX_PATH=${CMAKE_PREFIX_PATH}:/workspace/ros_ws/install/nav2_gps_waypoint_follower_demo:/workspace/ros_ws/src/install/nav2_gps_waypoint_follower_demo:/opt/ros/jazzy /usr/bin/cmake --build /workspace/ros_ws/build/ariaNode -- -j12 -l12
[0.397s] Invoking command in '/workspace/ros_ws/build/ariaNode': CMAKE_PREFIX_PATH=${CMAKE_PREFIX_PATH}:/workspace/ros_ws/install/nav2_gps_waypoint_follower_demo:/workspace/ros_ws/src/install/nav2_gps_waypoint_follower_demo:/opt/ros/jazzy /usr/bin/cmake --install /workspace/ros_ws/build/ariaNode
[0.412s] -- Install configuration: ""
[0.412s] -- Up-to-date: /workspace/ros_ws/install/ariaNode/lib/ariaNode/ariaNode
[0.413s] -- Up-to-date: /workspace/ros_ws/install/ariaNode/share/ament_index/resource_index/package_run_dependencies/ariaNode
[0.414s] -- Up-to-date: /workspace/ros_ws/install/ariaNode/share/ament_index/resource_index/parent_prefix_path/ariaNode
[0.414s] -- Up-to-date: /workspace/ros_ws/install/ariaNode/share/ariaNode/environment/ament_prefix_path.sh
[0.414s] -- Up-to-date: /workspace/ros_ws/install/ariaNode/share/ariaNode/environment/ament_prefix_path.dsv
[0.414s] -- Up-to-date: /workspace/ros_ws/install/ariaNode/share/ariaNode/environment/path.sh
[0.414s] -- Up-to-date: /workspace/ros_ws/install/ariaNode/share/ariaNode/environment/path.dsv
[0.414s] -- Up-to-date: /workspace/ros_ws/install/ariaNode/share/ariaNode/local_setup.bash
[0.414s] -- Up-to-date: /workspace/ros_ws/install/ariaNode/share/ariaNode/local_setup.sh
[0.414s] -- Up-to-date: /workspace/ros_ws/install/ariaNode/share/ariaNode/local_setup.zsh
[0.414s] -- Up-to-date: /workspace/ros_ws/install/ariaNode/share/ariaNode/local_setup.dsv
[0.416s] -- Installing: /workspace/ros_ws/install/ariaNode/share/ariaNode/package.dsv
[0.416s] -- Up-to-date: /workspace/ros_ws/install/ariaNode/share/ament_index/resource_index/packages/ariaNode
[0.416s] -- Up-to-date: /workspace/ros_ws/install/ariaNode/share/ariaNode/cmake/ariaNodeConfig.cmake
[0.416s] -- Up-to-date: /workspace/ros_ws/install/ariaNode/share/ariaNode/cmake/ariaNodeConfig-version.cmake
[0.417s] -- Up-to-date: /workspace/ros_ws/install/ariaNode/share/ariaNode/package.xml
[0.419s] Invoked command in '/workspace/ros_ws/build/ariaNode' returned '0': CMAKE_PREFIX_PATH=${CMAKE_PREFIX_PATH}:/workspace/ros_ws/install/nav2_gps_waypoint_follower_demo:/workspace/ros_ws/src/install/nav2_gps_waypoint_follower_demo:/opt/ros/jazzy /usr/bin/cmake --install /workspace/ros_ws/build/ariaNode
