[0.009s] Invoking command in '/workspace/ros_ws/build/p3at_description': CMAKE_PREFIX_PATH=${CMAKE_PREFIX_PATH}:/opt/ros/jazzy /usr/bin/cmake /workspace/ros_ws/src/p3at_description -DCMAKE_INSTALL_PREFIX=/workspace/ros_ws/install/p3at_description
[0.056s] -- The C compiler identification is GNU 13.3.0
[0.104s] -- The CXX compiler identification is GNU 13.3.0
[0.118s] -- Detecting C compiler ABI info
[0.194s] -- Detecting C compiler ABI info - done
[0.201s] -- Check for working C compiler: /usr/bin/cc - skipped
[0.201s] -- Detecting C compile features
[0.202s] -- Detecting C compile features - done
[0.209s] -- Detecting CXX compiler ABI info
[0.291s] -- Detecting CXX compiler ABI info - done
[0.300s] -- Check for working CXX compiler: /usr/bin/c++ - skipped
[0.301s] -- Detecting CXX compile features
[0.301s] -- Detecting CXX compile features - done
[0.306s] -- Found ament_cmake: 2.5.4 (/opt/ros/jazzy/share/ament_cmake/cmake)
[0.436s] -- Found Python3: /usr/bin/python3 (found version "3.12.3") found components: Interpreter 
[0.564s] -- Found ament_lint_auto: 0.17.2 (/opt/ros/jazzy/share/ament_lint_auto/cmake)
[0.677s] -- Added test 'flake8' to check Python code syntax and style conventions
[0.677s] -- Configured 'flake8' exclude dirs and/or files: 
[0.679s] -- Added test 'lint_cmake' to check CMake code style
[0.679s] -- Added test 'pep257' to check Python code against some of the docstring style conventions in PEP 257
[0.683s] -- Added test 'xmllint' to check XML markup files
[0.684s] -- Configuring done (0.7s)
[0.687s] -- Generating done (0.0s)
[0.688s] -- Build files have been written to: /workspace/ros_ws/build/p3at_description
[0.692s] Invoked command in '/workspace/ros_ws/build/p3at_description' returned '0': CMAKE_PREFIX_PATH=${CMAKE_PREFIX_PATH}:/opt/ros/jazzy /usr/bin/cmake /workspace/ros_ws/src/p3at_description -DCMAKE_INSTALL_PREFIX=/workspace/ros_ws/install/p3at_description
[0.693s] Invoking command in '/workspace/ros_ws/build/p3at_description': CMAKE_PREFIX_PATH=${CMAKE_PREFIX_PATH}:/opt/ros/jazzy /usr/bin/cmake --build /workspace/ros_ws/build/p3at_description -- -j8 -l8
[0.729s] Invoked command in '/workspace/ros_ws/build/p3at_description' returned '0': CMAKE_PREFIX_PATH=${CMAKE_PREFIX_PATH}:/opt/ros/jazzy /usr/bin/cmake --build /workspace/ros_ws/build/p3at_description -- -j8 -l8
[0.738s] Invoking command in '/workspace/ros_ws/build/p3at_description': CMAKE_PREFIX_PATH=${CMAKE_PREFIX_PATH}:/opt/ros/jazzy /usr/bin/cmake --install /workspace/ros_ws/build/p3at_description
[0.745s] -- Install configuration: ""
[0.746s] -- Installing: /workspace/ros_ws/install/p3at_description/share/p3at_description/launch
[0.746s] -- Installing: /workspace/ros_ws/install/p3at_description/share/p3at_description/launch/display.launch.py
[0.746s] -- Installing: /workspace/ros_ws/install/p3at_description/share/p3at_description/launch/ekf_launch.py
[0.746s] -- Installing: /workspace/ros_ws/install/p3at_description/share/p3at_description/meshes
[0.746s] -- Installing: /workspace/ros_ws/install/p3at_description/share/p3at_description/meshes/axle.dae
[0.746s] -- Installing: /workspace/ros_ws/install/p3at_description/share/p3at_description/meshes/top.dae
[0.746s] -- Installing: /workspace/ros_ws/install/p3at_description/share/p3at_description/meshes/hokuyo.dae
[0.746s] -- Installing: /workspace/ros_ws/install/p3at_description/share/p3at_description/meshes/kinect.dae
[0.747s] -- Installing: /workspace/ros_ws/install/p3at_description/share/p3at_description/meshes/right_hubcap.dae
[0.747s] -- Installing: /workspace/ros_ws/install/p3at_description/share/p3at_description/meshes/kinect.tga
[0.747s] -- Installing: /workspace/ros_ws/install/p3at_description/share/p3at_description/meshes/hokuyo_convex.stl
[0.747s] -- Installing: /workspace/ros_ws/install/p3at_description/share/p3at_description/meshes/tampa1_mesh.dae
[0.747s] -- Installing: /workspace/ros_ws/install/p3at_description/share/p3at_description/meshes/suporte_kinect_mesh.dae
[0.747s] -- Installing: /workspace/ros_ws/install/p3at_description/share/p3at_description/meshes/suporte_base_mesh.dae
[0.747s] -- Installing: /workspace/ros_ws/install/p3at_description/share/p3at_description/meshes/suporte_depth_mesh.dae
[0.747s] -- Installing: /workspace/ros_ws/install/p3at_description/share/p3at_description/meshes/hokuyo1.dae
[0.748s] -- Installing: /workspace/ros_ws/install/p3at_description/share/p3at_description/meshes/wheel.dae
[0.748s] -- Installing: /workspace/ros_ws/install/p3at_description/share/p3at_description/meshes/back_sonar.dae
[0.748s] -- Installing: /workspace/ros_ws/install/p3at_description/share/p3at_description/meshes/suporte_armControl_mesh.dae
[0.748s] -- Installing: /workspace/ros_ws/install/p3at_description/share/p3at_description/meshes/suporte_base_mesh2.dae
[0.749s] -- Installing: /workspace/ros_ws/install/p3at_description/share/p3at_description/meshes/arm_control_box_mesh.dae
[0.749s] -- Installing: /workspace/ros_ws/install/p3at_description/share/p3at_description/meshes/tampa2_mesh.dae
[0.749s] -- Installing: /workspace/ros_ws/install/p3at_description/share/p3at_description/meshes/back_sonar_mesh.dae
[0.749s] -- Installing: /workspace/ros_ws/install/p3at_description/share/p3at_description/meshes/left_hubcap_mesh.dae
[0.749s] -- Installing: /workspace/ros_ws/install/p3at_description/share/p3at_description/meshes/tampa4_mesh.dae
[0.749s] -- Installing: /workspace/ros_ws/install/p3at_description/share/p3at_description/meshes/tampa3_mesh.dae
[0.749s] -- Installing: /workspace/ros_ws/install/p3at_description/share/p3at_description/meshes/left_hubcap.dae
[0.749s] -- Installing: /workspace/ros_ws/install/p3at_description/share/p3at_description/meshes/p3at_meshes
[0.749s] -- Installing: /workspace/ros_ws/install/p3at_description/share/p3at_description/meshes/p3at_meshes/axle.dae
[0.750s] -- Installing: /workspace/ros_ws/install/p3at_description/share/p3at_description/meshes/p3at_meshes/top.dae
[0.750s] -- Installing: /workspace/ros_ws/install/p3at_description/share/p3at_description/meshes/p3at_meshes/front_sonar.stl
[0.750s] -- Installing: /workspace/ros_ws/install/p3at_description/share/p3at_description/meshes/p3at_meshes/right_hubcap.dae
[0.750s] -- Installing: /workspace/ros_ws/install/p3at_description/share/p3at_description/meshes/p3at_meshes/top.stl
[0.750s] -- Installing: /workspace/ros_ws/install/p3at_description/share/p3at_description/meshes/p3at_meshes/.svn
[0.750s] -- Installing: /workspace/ros_ws/install/p3at_description/share/p3at_description/meshes/p3at_meshes/.svn/entries
[0.750s] -- Installing: /workspace/ros_ws/install/p3at_description/share/p3at_description/meshes/p3at_meshes/.svn/text-base
[0.750s] -- Installing: /workspace/ros_ws/install/p3at_description/share/p3at_description/meshes/p3at_meshes/.svn/text-base/wheel.stl.svn-base
[0.751s] -- Installing: /workspace/ros_ws/install/p3at_description/share/p3at_description/meshes/p3at_meshes/.svn/text-base/right_hubcap.stl.svn-base
[0.751s] -- Installing: /workspace/ros_ws/install/p3at_description/share/p3at_description/meshes/p3at_meshes/.svn/text-base/chassis.stl.svn-base
[0.751s] -- Installing: /workspace/ros_ws/install/p3at_description/share/p3at_description/meshes/p3at_meshes/.svn/text-base/top.stl.svn-base
[0.751s] -- Installing: /workspace/ros_ws/install/p3at_description/share/p3at_description/meshes/p3at_meshes/.svn/text-base/axle.stl.svn-base
[0.751s] -- Installing: /workspace/ros_ws/install/p3at_description/share/p3at_description/meshes/p3at_meshes/.svn/text-base/back_sonar.stl.svn-base
[0.751s] -- Installing: /workspace/ros_ws/install/p3at_description/share/p3at_description/meshes/p3at_meshes/.svn/text-base/front_sonar.stl.svn-base
[0.751s] -- Installing: /workspace/ros_ws/install/p3at_description/share/p3at_description/meshes/p3at_meshes/.svn/text-base/left_hubcap.stl.svn-base
[0.751s] -- Installing: /workspace/ros_ws/install/p3at_description/share/p3at_description/meshes/p3at_meshes/.svn/text-base/Coordinates.svn-base
[0.751s] -- Installing: /workspace/ros_ws/install/p3at_description/share/p3at_description/meshes/p3at_meshes/.svn/all-wcprops
[0.751s] -- Installing: /workspace/ros_ws/install/p3at_description/share/p3at_description/meshes/p3at_meshes/.svn/prop-base
[0.752s] -- Installing: /workspace/ros_ws/install/p3at_description/share/p3at_description/meshes/p3at_meshes/.svn/prop-base/wheel.stl.svn-base
[0.752s] -- Installing: /workspace/ros_ws/install/p3at_description/share/p3at_description/meshes/p3at_meshes/.svn/prop-base/right_hubcap.stl.svn-base
[0.752s] -- Installing: /workspace/ros_ws/install/p3at_description/share/p3at_description/meshes/p3at_meshes/.svn/prop-base/chassis.stl.svn-base
[0.752s] -- Installing: /workspace/ros_ws/install/p3at_description/share/p3at_description/meshes/p3at_meshes/.svn/prop-base/top.stl.svn-base
[0.752s] -- Installing: /workspace/ros_ws/install/p3at_description/share/p3at_description/meshes/p3at_meshes/.svn/prop-base/axle.stl.svn-base
[0.752s] -- Installing: /workspace/ros_ws/install/p3at_description/share/p3at_description/meshes/p3at_meshes/.svn/prop-base/back_sonar.stl.svn-base
[0.752s] -- Installing: /workspace/ros_ws/install/p3at_description/share/p3at_description/meshes/p3at_meshes/.svn/prop-base/front_sonar.stl.svn-base
[0.752s] -- Installing: /workspace/ros_ws/install/p3at_description/share/p3at_description/meshes/p3at_meshes/.svn/prop-base/left_hubcap.stl.svn-base
[0.752s] -- Installing: /workspace/ros_ws/install/p3at_description/share/p3at_description/meshes/p3at_meshes/wheel.dae
[0.752s] -- Installing: /workspace/ros_ws/install/p3at_description/share/p3at_description/meshes/p3at_meshes/back_sonar.dae
[0.752s] -- Installing: /workspace/ros_ws/install/p3at_description/share/p3at_description/meshes/p3at_meshes/chassis.stl
[0.752s] -- Installing: /workspace/ros_ws/install/p3at_description/share/p3at_description/meshes/p3at_meshes/axle.stl
[0.752s] -- Installing: /workspace/ros_ws/install/p3at_description/share/p3at_description/meshes/p3at_meshes/right_hubcap.stl
[0.753s] -- Installing: /workspace/ros_ws/install/p3at_description/share/p3at_description/meshes/p3at_meshes/back_sonar.stl
[0.753s] -- Installing: /workspace/ros_ws/install/p3at_description/share/p3at_description/meshes/p3at_meshes/left_hubcap.dae
[0.753s] -- Installing: /workspace/ros_ws/install/p3at_description/share/p3at_description/meshes/p3at_meshes/front_sonar.dae
[0.753s] -- Installing: /workspace/ros_ws/install/p3at_description/share/p3at_description/meshes/p3at_meshes/Coordinates
[0.753s] -- Installing: /workspace/ros_ws/install/p3at_description/share/p3at_description/meshes/p3at_meshes/wheel.stl
[0.753s] -- Installing: /workspace/ros_ws/install/p3at_description/share/p3at_description/meshes/p3at_meshes/chassis.dae
[0.753s] -- Installing: /workspace/ros_ws/install/p3at_description/share/p3at_description/meshes/p3at_meshes/left_hubcap.stl
[0.753s] -- Installing: /workspace/ros_ws/install/p3at_description/share/p3at_description/meshes/front_sonar.dae
[0.753s] -- Installing: /workspace/ros_ws/install/p3at_description/share/p3at_description/meshes/suporte_monitor_mesh.dae
[0.753s] -- Installing: /workspace/ros_ws/install/p3at_description/share/p3at_description/meshes/tv_mesh.dae
[0.753s] -- Installing: /workspace/ros_ws/install/p3at_description/share/p3at_description/meshes/Coordinates
[0.753s] -- Installing: /workspace/ros_ws/install/p3at_description/share/p3at_description/meshes/chassis.dae
[0.753s] -- Installing: /workspace/ros_ws/install/p3at_description/share/p3at_description/urdf
[0.753s] -- Installing: /workspace/ros_ws/install/p3at_description/share/p3at_description/urdf/pioneer.urdf.xacro
[0.753s] -- Installing: /workspace/ros_ws/install/p3at_description/share/p3at_description/urdf/pioneer1.urdf
[0.754s] -- Installing: /workspace/ros_ws/install/p3at_description/share/p3at_description/world
[0.754s] -- Installing: /workspace/ros_ws/install/p3at_description/share/p3at_description/world/empty.sdf
[0.754s] -- Installing: /workspace/ros_ws/install/p3at_description/share/p3at_description/rviz
[0.754s] -- Installing: /workspace/ros_ws/install/p3at_description/share/p3at_description/rviz/display.rviz
[0.754s] -- Installing: /workspace/ros_ws/install/p3at_description/share/ament_index/resource_index/package_run_dependencies/p3at_description
[0.754s] -- Installing: /workspace/ros_ws/install/p3at_description/share/ament_index/resource_index/parent_prefix_path/p3at_description
[0.754s] -- Installing: /workspace/ros_ws/install/p3at_description/share/p3at_description/environment/ament_prefix_path.sh
[0.754s] -- Installing: /workspace/ros_ws/install/p3at_description/share/p3at_description/environment/ament_prefix_path.dsv
[0.754s] -- Installing: /workspace/ros_ws/install/p3at_description/share/p3at_description/environment/path.sh
[0.754s] -- Installing: /workspace/ros_ws/install/p3at_description/share/p3at_description/environment/path.dsv
[0.754s] -- Installing: /workspace/ros_ws/install/p3at_description/share/p3at_description/local_setup.bash
[0.755s] -- Installing: /workspace/ros_ws/install/p3at_description/share/p3at_description/local_setup.sh
[0.755s] -- Installing: /workspace/ros_ws/install/p3at_description/share/p3at_description/local_setup.zsh
[0.755s] -- Installing: /workspace/ros_ws/install/p3at_description/share/p3at_description/local_setup.dsv
[0.755s] -- Installing: /workspace/ros_ws/install/p3at_description/share/p3at_description/package.dsv
[0.755s] -- Installing: /workspace/ros_ws/install/p3at_description/share/ament_index/resource_index/packages/p3at_description
[0.755s] -- Installing: /workspace/ros_ws/install/p3at_description/share/p3at_description/cmake/p3at_descriptionConfig.cmake
[0.755s] -- Installing: /workspace/ros_ws/install/p3at_description/share/p3at_description/cmake/p3at_descriptionConfig-version.cmake
[0.756s] -- Installing: /workspace/ros_ws/install/p3at_description/share/p3at_description/package.xml
[0.758s] Invoked command in '/workspace/ros_ws/build/p3at_description' returned '0': CMAKE_PREFIX_PATH=${CMAKE_PREFIX_PATH}:/opt/ros/jazzy /usr/bin/cmake --install /workspace/ros_ws/build/p3at_description
