[0.032s] Invoking command in '/workspace/ros_ws/src/build/my_package2': CMAKE_PREFIX_PATH=${CMAKE_PREFIX_PATH}:/workspace/ros_ws/src/install/nav2_gps_waypoint_follower_demo:/opt/ros/jazzy /usr/bin/cmake /workspace/ros_ws/src/my_package2 -DCMAKE_INSTALL_PREFIX=/workspace/ros_ws/src/install/my_package2
[0.443s] -- The C compiler identification is GNU 13.3.0
[0.443s] -- The CXX compiler identification is GNU 13.3.0
[0.444s] -- Detecting C compiler ABI info
[0.444s] -- Detecting C compiler ABI info - done
[0.444s] -- Check for working C compiler: /usr/bin/cc - skipped
[0.444s] -- Detecting C compile features
[0.445s] -- Detecting C compile features - done
[0.445s] -- Detecting CXX compiler ABI info
[0.503s] -- Detecting CXX compiler ABI info - done
[0.521s] -- Check for working CXX compiler: /usr/bin/c++ - skipped
[0.521s] -- Detecting CXX compile features
[0.523s] -- Detecting CXX compile features - done
[0.534s] -- Found ament_cmake: 2.5.3 (/opt/ros/jazzy/share/ament_cmake/cmake)
[0.834s] -- Found Python3: /usr/bin/python3 (found version "3.12.3") found components: Interpreter 
[1.079s] -- Found ament_lint_auto: 0.17.1 (/opt/ros/jazzy/share/ament_lint_auto/cmake)
[1.300s] -- Added test 'cppcheck' to perform static code analysis on C / C++ code
[1.301s] -- Configured cppcheck include dirs: $<BUILD_INTERFACE:/workspace/ros_ws/src/my_package2/include>
[1.301s] -- Configured cppcheck exclude dirs and/or files: 
[1.303s] -- Added test 'flake8' to check Python code syntax and style conventions
[1.303s] -- Configured 'flake8' exclude dirs and/or files: 
[1.309s] -- Added test 'lint_cmake' to check CMake code style
[1.313s] -- Added test 'pep257' to check Python code against some of the docstring style conventions in PEP 257
[1.320s] -- Added test 'uncrustify' to check C / C++ code style
[1.321s] -- Configured uncrustify additional arguments: 
[1.322s] -- Added test 'xmllint' to check XML markup files
[1.325s] -- Configuring done (1.3s)
[1.334s] -- Generating done (0.0s)
[1.338s] -- Build files have been written to: /workspace/ros_ws/src/build/my_package2
[1.347s] Invoked command in '/workspace/ros_ws/src/build/my_package2' returned '0': CMAKE_PREFIX_PATH=${CMAKE_PREFIX_PATH}:/workspace/ros_ws/src/install/nav2_gps_waypoint_follower_demo:/opt/ros/jazzy /usr/bin/cmake /workspace/ros_ws/src/my_package2 -DCMAKE_INSTALL_PREFIX=/workspace/ros_ws/src/install/my_package2
[1.350s] Invoking command in '/workspace/ros_ws/src/build/my_package2': CMAKE_PREFIX_PATH=${CMAKE_PREFIX_PATH}:/workspace/ros_ws/src/install/nav2_gps_waypoint_follower_demo:/opt/ros/jazzy /usr/bin/cmake --build /workspace/ros_ws/src/build/my_package2 -- -j12 -l12
[1.412s] [ 50%] [32mBuilding CXX object CMakeFiles/my_node2.dir/src/my_node2.cpp.o[0m
[1.454s] [100%] [32m[1mLinking CXX executable my_node2[0m
[1.522s] [100%] Built target my_node2
[1.539s] Invoked command in '/workspace/ros_ws/src/build/my_package2' returned '0': CMAKE_PREFIX_PATH=${CMAKE_PREFIX_PATH}:/workspace/ros_ws/src/install/nav2_gps_waypoint_follower_demo:/opt/ros/jazzy /usr/bin/cmake --build /workspace/ros_ws/src/build/my_package2 -- -j12 -l12
[1.551s] Invoking command in '/workspace/ros_ws/src/build/my_package2': CMAKE_PREFIX_PATH=${CMAKE_PREFIX_PATH}:/workspace/ros_ws/src/install/nav2_gps_waypoint_follower_demo:/opt/ros/jazzy /usr/bin/cmake --install /workspace/ros_ws/src/build/my_package2
[1.562s] -- Install configuration: ""
[1.563s] -- Installing: /workspace/ros_ws/src/install/my_package2/lib/my_package2/my_node2
[1.563s] -- Installing: /workspace/ros_ws/src/install/my_package2/share/ament_index/resource_index/package_run_dependencies/my_package2
[1.564s] -- Installing: /workspace/ros_ws/src/install/my_package2/share/ament_index/resource_index/parent_prefix_path/my_package2
[1.564s] -- Up-to-date: /workspace/ros_ws/src/install/my_package2/share/my_package2/environment/ament_prefix_path.sh
[1.565s] -- Installing: /workspace/ros_ws/src/install/my_package2/share/my_package2/environment/ament_prefix_path.dsv
[1.565s] -- Up-to-date: /workspace/ros_ws/src/install/my_package2/share/my_package2/environment/path.sh
[1.566s] -- Installing: /workspace/ros_ws/src/install/my_package2/share/my_package2/environment/path.dsv
[1.566s] -- Installing: /workspace/ros_ws/src/install/my_package2/share/my_package2/local_setup.bash
[1.567s] -- Installing: /workspace/ros_ws/src/install/my_package2/share/my_package2/local_setup.sh
[1.567s] -- Installing: /workspace/ros_ws/src/install/my_package2/share/my_package2/local_setup.zsh
[1.567s] -- Installing: /workspace/ros_ws/src/install/my_package2/share/my_package2/local_setup.dsv
[1.568s] -- Installing: /workspace/ros_ws/src/install/my_package2/share/my_package2/package.dsv
[1.568s] -- Installing: /workspace/ros_ws/src/install/my_package2/share/ament_index/resource_index/packages/my_package2
[1.569s] -- Installing: /workspace/ros_ws/src/install/my_package2/share/my_package2/cmake/my_package2Config.cmake
[1.569s] -- Installing: /workspace/ros_ws/src/install/my_package2/share/my_package2/cmake/my_package2Config-version.cmake
[1.569s] -- Up-to-date: /workspace/ros_ws/src/install/my_package2/share/my_package2/package.xml
[1.570s] Invoked command in '/workspace/ros_ws/src/build/my_package2' returned '0': CMAKE_PREFIX_PATH=${CMAKE_PREFIX_PATH}:/workspace/ros_ws/src/install/nav2_gps_waypoint_follower_demo:/opt/ros/jazzy /usr/bin/cmake --install /workspace/ros_ws/src/build/my_package2
