-- Found ament_cmake: 2.5.4 (/opt/ros/jazzy/share/ament_cmake/cmake)
-- Override CMake install command with custom implementation using symlinks instead of copying resources
-- Found rclcpp: 28.1.9 (/opt/ros/jazzy/share/rclcpp/cmake)
-- Found rosidl_generator_c: 4.6.5 (/opt/ros/jazzy/share/rosidl_generator_c/cmake)
-- Found rosidl_generator_cpp: 4.6.5 (/opt/ros/jazzy/share/rosidl_generator_cpp/cmake)
-- Using all available rosidl_typesupport_c: rosidl_typesupport_fastrtps_c;rosidl_typesupport_introspection_c
-- Using all available rosidl_typesupport_cpp: rosidl_typesupport_fastrtps_cpp;rosidl_typesupport_introspection_cpp
-- Found rmw_implementation_cmake: 7.3.2 (/opt/ros/jazzy/share/rmw_implementation_cmake/cmake)
-- Found rmw_fastrtps_cpp: 8.4.2 (/opt/ros/jazzy/share/rmw_fastrtps_cpp/cmake)
-- Using RMW implementation 'rmw_fastrtps_cpp' as default
-- Found geometry_msgs: 5.3.6 (/opt/ros/jazzy/share/geometry_msgs/cmake)
[0mThe root directory is /opt/ros/jazzy/share/fastrtps_cmake_module/cmake/Modules[0m
-- Found ament_lint_auto: 0.17.2 (/opt/ros/jazzy/share/ament_lint_auto/cmake)
WARNING: Package name "ariaNode" does not follow the naming conventions. It should start with a lower case letter and only contain lower case letters, digits, underscores, and dashes.
-- Added test 'cppcheck' to perform static code analysis on C / C++ code
-- Configured cppcheck include dirs: 
-- Configured cppcheck exclude dirs and/or files: 
-- Added test 'lint_cmake' to check CMake code style
-- Added test 'uncrustify' to check C / C++ code style
-- Configured uncrustify additional arguments: 
-- Added test 'xmllint' to check XML markup files
-- Configuring done (2.1s)
-- Generating done (0.0s)
-- Build files have been written to: /workspace/ros_ws/src/build/ariaNode
[100%] Built target ariaNode
-- Install configuration: ""
-- Execute custom install script
-- Up-to-date symlink: /workspace/ros_ws/src/install/ariaNode/lib/ariaNode/ariaNode
-- Up-to-date symlink: /workspace/ros_ws/src/install/ariaNode/share/ament_index/resource_index/package_run_dependencies/ariaNode
-- Up-to-date symlink: /workspace/ros_ws/src/install/ariaNode/share/ament_index/resource_index/parent_prefix_path/ariaNode
-- Up-to-date symlink: /workspace/ros_ws/src/install/ariaNode/share/ariaNode/environment/ament_prefix_path.sh
-- Up-to-date symlink: /workspace/ros_ws/src/install/ariaNode/share/ariaNode/environment/ament_prefix_path.dsv
-- Up-to-date symlink: /workspace/ros_ws/src/install/ariaNode/share/ariaNode/environment/path.sh
-- Up-to-date symlink: /workspace/ros_ws/src/install/ariaNode/share/ariaNode/environment/path.dsv
-- Up-to-date symlink: /workspace/ros_ws/src/install/ariaNode/share/ariaNode/local_setup.bash
-- Up-to-date symlink: /workspace/ros_ws/src/install/ariaNode/share/ariaNode/local_setup.sh
-- Up-to-date symlink: /workspace/ros_ws/src/install/ariaNode/share/ariaNode/local_setup.zsh
-- Up-to-date symlink: /workspace/ros_ws/src/install/ariaNode/share/ariaNode/local_setup.dsv
-- Symlinking: /workspace/ros_ws/src/install/ariaNode/share/ariaNode/package.dsv
-- Up-to-date symlink: /workspace/ros_ws/src/install/ariaNode/share/ament_index/resource_index/packages/ariaNode
-- Up-to-date symlink: /workspace/ros_ws/src/install/ariaNode/share/ariaNode/cmake/ariaNodeConfig.cmake
-- Up-to-date symlink: /workspace/ros_ws/src/install/ariaNode/share/ariaNode/cmake/ariaNodeConfig-version.cmake
-- Up-to-date symlink: /workspace/ros_ws/src/install/ariaNode/share/ariaNode/package.xml
