[0.090s] Invoking command in '/workspace/ros_ws/src/build/ariaNode': CMAKE_PREFIX_PATH=${CMAKE_PREFIX_PATH}:/workspace/ros_ws/install/nav2_gps_waypoint_follower_demo:/workspace/ros_ws/install/digit_recognition:/opt/ros/jazzy /usr/bin/cmake /workspace/ros_ws/src/ariaNode -DCMAKE_INSTALL_PREFIX=/workspace/ros_ws/src/install/ariaNode
[1.227s] -- Found ament_cmake: 2.5.4 (/opt/ros/jazzy/share/ament_cmake/cmake)
[1.227s] -- Override CMake install command with custom implementation using symlinks instead of copying resources
[1.227s] -- Found rclcpp: 28.1.9 (/opt/ros/jazzy/share/rclcpp/cmake)
[1.227s] -- Found rosidl_generator_c: 4.6.5 (/opt/ros/jazzy/share/rosidl_generator_c/cmake)
[1.227s] -- Found rosidl_generator_cpp: 4.6.5 (/opt/ros/jazzy/share/rosidl_generator_cpp/cmake)
[1.228s] -- Using all available rosidl_typesupport_c: rosidl_typesupport_fastrtps_c;rosidl_typesupport_introspection_c
[1.229s] -- Using all available rosidl_typesupport_cpp: rosidl_typesupport_fastrtps_cpp;rosidl_typesupport_introspection_cpp
[1.229s] -- Found rmw_implementation_cmake: 7.3.2 (/opt/ros/jazzy/share/rmw_implementation_cmake/cmake)
[1.229s] -- Found rmw_fastrtps_cpp: 8.4.2 (/opt/ros/jazzy/share/rmw_fastrtps_cpp/cmake)
[1.268s] -- Using RMW implementation 'rmw_fastrtps_cpp' as default
[1.461s] -- Found geometry_msgs: 5.3.6 (/opt/ros/jazzy/share/geometry_msgs/cmake)
[1.814s] [0mThe root directory is /opt/ros/jazzy/share/fastrtps_cmake_module/cmake/Modules[0m
[1.816s] -- Found ament_lint_auto: 0.17.2 (/opt/ros/jazzy/share/ament_lint_auto/cmake)
[2.210s] WARNING: Package name "ariaNode" does not follow the naming conventions. It should start with a lower case letter and only contain lower case letters, digits, underscores, and dashes.
[2.254s] -- Added test 'cppcheck' to perform static code analysis on C / C++ code
[2.254s] -- Configured cppcheck include dirs: 
[2.254s] -- Configured cppcheck exclude dirs and/or files: 
[2.255s] -- Added test 'lint_cmake' to check CMake code style
[2.255s] -- Added test 'uncrustify' to check C / C++ code style
[2.255s] -- Configured uncrustify additional arguments: 
[2.255s] -- Added test 'xmllint' to check XML markup files
[2.264s] -- Configuring done (2.1s)
[2.288s] -- Generating done (0.0s)
[2.296s] -- Build files have been written to: /workspace/ros_ws/src/build/ariaNode
[2.365s] Invoked command in '/workspace/ros_ws/src/build/ariaNode' returned '0': CMAKE_PREFIX_PATH=${CMAKE_PREFIX_PATH}:/workspace/ros_ws/install/nav2_gps_waypoint_follower_demo:/workspace/ros_ws/install/digit_recognition:/opt/ros/jazzy /usr/bin/cmake /workspace/ros_ws/src/ariaNode -DCMAKE_INSTALL_PREFIX=/workspace/ros_ws/src/install/ariaNode
[2.366s] Invoking command in '/workspace/ros_ws/src/build/ariaNode': CMAKE_PREFIX_PATH=${CMAKE_PREFIX_PATH}:/workspace/ros_ws/install/nav2_gps_waypoint_follower_demo:/workspace/ros_ws/install/digit_recognition:/opt/ros/jazzy /usr/bin/cmake --build /workspace/ros_ws/src/build/ariaNode -- -j8 -l8
[2.647s] [100%] Built target ariaNode
[2.691s] Invoked command in '/workspace/ros_ws/src/build/ariaNode' returned '0': CMAKE_PREFIX_PATH=${CMAKE_PREFIX_PATH}:/workspace/ros_ws/install/nav2_gps_waypoint_follower_demo:/workspace/ros_ws/install/digit_recognition:/opt/ros/jazzy /usr/bin/cmake --build /workspace/ros_ws/src/build/ariaNode -- -j8 -l8
[2.695s] Invoking command in '/workspace/ros_ws/src/build/ariaNode': CMAKE_PREFIX_PATH=${CMAKE_PREFIX_PATH}:/workspace/ros_ws/install/nav2_gps_waypoint_follower_demo:/workspace/ros_ws/install/digit_recognition:/opt/ros/jazzy /usr/bin/cmake --install /workspace/ros_ws/src/build/ariaNode
[2.726s] -- Install configuration: ""
[2.730s] -- Execute custom install script
[2.733s] -- Up-to-date symlink: /workspace/ros_ws/src/install/ariaNode/lib/ariaNode/ariaNode
[2.733s] -- Up-to-date symlink: /workspace/ros_ws/src/install/ariaNode/share/ament_index/resource_index/package_run_dependencies/ariaNode
[2.734s] -- Up-to-date symlink: /workspace/ros_ws/src/install/ariaNode/share/ament_index/resource_index/parent_prefix_path/ariaNode
[2.734s] -- Up-to-date symlink: /workspace/ros_ws/src/install/ariaNode/share/ariaNode/environment/ament_prefix_path.sh
[2.735s] -- Up-to-date symlink: /workspace/ros_ws/src/install/ariaNode/share/ariaNode/environment/ament_prefix_path.dsv
[2.738s] -- Up-to-date symlink: /workspace/ros_ws/src/install/ariaNode/share/ariaNode/environment/path.sh
[2.738s] -- Up-to-date symlink: /workspace/ros_ws/src/install/ariaNode/share/ariaNode/environment/path.dsv
[2.743s] -- Up-to-date symlink: /workspace/ros_ws/src/install/ariaNode/share/ariaNode/local_setup.bash
[2.743s] -- Up-to-date symlink: /workspace/ros_ws/src/install/ariaNode/share/ariaNode/local_setup.sh
[2.745s] -- Up-to-date symlink: /workspace/ros_ws/src/install/ariaNode/share/ariaNode/local_setup.zsh
[2.747s] -- Up-to-date symlink: /workspace/ros_ws/src/install/ariaNode/share/ariaNode/local_setup.dsv
[2.748s] -- Symlinking: /workspace/ros_ws/src/install/ariaNode/share/ariaNode/package.dsv
[2.800s] -- Up-to-date symlink: /workspace/ros_ws/src/install/ariaNode/share/ament_index/resource_index/packages/ariaNode
[2.801s] -- Up-to-date symlink: /workspace/ros_ws/src/install/ariaNode/share/ariaNode/cmake/ariaNodeConfig.cmake
[2.802s] -- Up-to-date symlink: /workspace/ros_ws/src/install/ariaNode/share/ariaNode/cmake/ariaNodeConfig-version.cmake
[2.804s] -- Up-to-date symlink: /workspace/ros_ws/src/install/ariaNode/share/ariaNode/package.xml
[2.820s] Invoked command in '/workspace/ros_ws/src/build/ariaNode' returned '0': CMAKE_PREFIX_PATH=${CMAKE_PREFIX_PATH}:/workspace/ros_ws/install/nav2_gps_waypoint_follower_demo:/workspace/ros_ws/install/digit_recognition:/opt/ros/jazzy /usr/bin/cmake --install /workspace/ros_ws/src/build/ariaNode
