[0.064s] Invoking command in '/workspace/ros_ws/build/p3at_description': CMAKE_PREFIX_PATH=${CMAKE_PREFIX_PATH}:/opt/ros/jazzy /usr/bin/cmake /workspace/ros_ws/src/p3at_description -DAMENT_CMAKE_SYMLINK_INSTALL=1 -DCMAKE_INSTALL_PREFIX=/workspace/ros_ws/install/p3at_description
[0.666s] -- Found ament_cmake: 2.5.4 (/opt/ros/jazzy/share/ament_cmake/cmake)
[0.864s] -- Override CMake install command with custom implementation using symlinks instead of copying resources
[0.885s] -- Found ament_lint_auto: 0.17.2 (/opt/ros/jazzy/share/ament_lint_auto/cmake)
[1.128s] -- Added test 'flake8' to check Python code syntax and style conventions
[1.128s] -- Configured 'flake8' exclude dirs and/or files: 
[1.128s] -- Added test 'lint_cmake' to check CMake code style
[1.131s] -- Added test 'pep257' to check Python code against some of the docstring style conventions in PEP 257
[1.149s] -- Added test 'xmllint' to check XML markup files
[1.149s] -- Configuring done (1.0s)
[1.165s] -- Generating done (0.0s)
[1.178s] -- Build files have been written to: /workspace/ros_ws/build/p3at_description
[1.189s] Invoked command in '/workspace/ros_ws/build/p3at_description' returned '0': CMAKE_PREFIX_PATH=${CMAKE_PREFIX_PATH}:/opt/ros/jazzy /usr/bin/cmake /workspace/ros_ws/src/p3at_description -DAMENT_CMAKE_SYMLINK_INSTALL=1 -DCMAKE_INSTALL_PREFIX=/workspace/ros_ws/install/p3at_description
[1.193s] Invoking command in '/workspace/ros_ws/build/p3at_description': CMAKE_PREFIX_PATH=${CMAKE_PREFIX_PATH}:/opt/ros/jazzy /usr/bin/cmake --build /workspace/ros_ws/build/p3at_description -- -j8 -l8
[1.352s] Invoked command in '/workspace/ros_ws/build/p3at_description' returned '0': CMAKE_PREFIX_PATH=${CMAKE_PREFIX_PATH}:/opt/ros/jazzy /usr/bin/cmake --build /workspace/ros_ws/build/p3at_description -- -j8 -l8
[1.358s] Invoking command in '/workspace/ros_ws/build/p3at_description': CMAKE_PREFIX_PATH=${CMAKE_PREFIX_PATH}:/opt/ros/jazzy /usr/bin/cmake --install /workspace/ros_ws/build/p3at_description
[2.033s] -- Install configuration: ""
[2.033s] -- Execute custom install script
[2.033s] -- Symlinking: /workspace/ros_ws/install/p3at_description/share/p3at_description/launch/build/.built_by
[2.033s] -- Symlinking: /workspace/ros_ws/install/p3at_description/share/p3at_description/launch/build/COLCON_IGNORE
[2.051s] -- Symlinking: /workspace/ros_ws/install/p3at_description/share/p3at_description/launch/display.launch.py
[2.052s] -- Symlinking: /workspace/ros_ws/install/p3at_description/share/p3at_description/launch/ekf_launch.py
[2.052s] -- Symlinking: /workspace/ros_ws/install/p3at_description/share/p3at_description/launch/install/.colcon_install_layout
[2.052s] -- Symlinking: /workspace/ros_ws/install/p3at_description/share/p3at_description/launch/install/COLCON_IGNORE
[2.052s] -- Symlinking: /workspace/ros_ws/install/p3at_description/share/p3at_description/launch/install/_local_setup_util_ps1.py
[2.052s] -- Symlinking: /workspace/ros_ws/install/p3at_description/share/p3at_description/launch/install/_local_setup_util_sh.py
[2.052s] -- Symlinking: /workspace/ros_ws/install/p3at_description/share/p3at_description/launch/install/local_setup.bash
[2.052s] -- Symlinking: /workspace/ros_ws/install/p3at_description/share/p3at_description/launch/install/local_setup.ps1
[2.052s] -- Symlinking: /workspace/ros_ws/install/p3at_description/share/p3at_description/launch/install/local_setup.sh
[2.052s] -- Symlinking: /workspace/ros_ws/install/p3at_description/share/p3at_description/launch/install/local_setup.zsh
[2.052s] -- Symlinking: /workspace/ros_ws/install/p3at_description/share/p3at_description/launch/install/setup.bash
[2.053s] -- Symlinking: /workspace/ros_ws/install/p3at_description/share/p3at_description/launch/install/setup.ps1
[2.053s] -- Symlinking: /workspace/ros_ws/install/p3at_description/share/p3at_description/launch/install/setup.sh
[2.053s] -- Symlinking: /workspace/ros_ws/install/p3at_description/share/p3at_description/launch/install/setup.zsh
[2.053s] -- Symlinking: /workspace/ros_ws/install/p3at_description/share/p3at_description/launch/log/COLCON_IGNORE
[2.053s] -- Symlinking: /workspace/ros_ws/install/p3at_description/share/p3at_description/launch/log/build_2025-05-17_10-45-05/events.log
[2.053s] [33mCMake Warning (dev) at ament_cmake_symlink_install/ament_cmake_symlink_install.cmake:62 (file):
[2.053s]   Policy CMP0009 is not set: FILE GLOB_RECURSE calls should not follow
[2.053s]   symlinks by default.  Run "cmake --help-policy CMP0009" for policy details.
[2.053s]   Use the cmake_policy command to set the policy and suppress this warning.
[2.053s] Call Stack (most recent call first):
[2.054s]   ament_cmake_symlink_install/ament_cmake_symlink_install.cmake:314 (ament_cmake_symlink_install_directory)
[2.054s]   cmake_install.cmake:46 (include)
[2.054s] This warning is for project developers.  Use -Wno-dev to suppress it.
[2.054s] [0m
[2.091s] -- Symlinking: /workspace/ros_ws/install/p3at_description/share/p3at_description/launch/log/build_2025-05-17_10-45-05/logger_all.log
[2.121s] -- Up-to-date symlink: /workspace/ros_ws/install/p3at_description/share/p3at_description/launch/log/latest/events.log
[2.122s] -- Up-to-date symlink: /workspace/ros_ws/install/p3at_description/share/p3at_description/launch/log/latest/logger_all.log
[2.122s] -- Up-to-date symlink: /workspace/ros_ws/install/p3at_description/share/p3at_description/launch/log/latest_build/events.log
[2.123s] -- Up-to-date symlink: /workspace/ros_ws/install/p3at_description/share/p3at_description/launch/log/latest_build/logger_all.log
[2.123s] -- Symlinking: /workspace/ros_ws/install/p3at_description/share/p3at_description/meshes/Coordinates
[2.173s] -- Symlinking: /workspace/ros_ws/install/p3at_description/share/p3at_description/meshes/arm_control_box_mesh.dae
[2.185s] -- Symlinking: /workspace/ros_ws/install/p3at_description/share/p3at_description/meshes/axle.dae
[2.211s] -- Symlinking: /workspace/ros_ws/install/p3at_description/share/p3at_description/meshes/back_sonar.dae
[2.232s] -- Symlinking: /workspace/ros_ws/install/p3at_description/share/p3at_description/meshes/back_sonar_mesh.dae
[2.264s] -- Symlinking: /workspace/ros_ws/install/p3at_description/share/p3at_description/meshes/chassis.dae
[2.314s] -- Symlinking: /workspace/ros_ws/install/p3at_description/share/p3at_description/meshes/front_sonar.dae
[2.362s] -- Symlinking: /workspace/ros_ws/install/p3at_description/share/p3at_description/meshes/hokuyo.dae
[2.387s] -- Symlinking: /workspace/ros_ws/install/p3at_description/share/p3at_description/meshes/hokuyo1.dae
[2.466s] -- Symlinking: /workspace/ros_ws/install/p3at_description/share/p3at_description/meshes/hokuyo_convex.stl
[2.531s] -- Symlinking: /workspace/ros_ws/install/p3at_description/share/p3at_description/meshes/kinect.dae
[2.578s] -- Symlinking: /workspace/ros_ws/install/p3at_description/share/p3at_description/meshes/kinect.tga
[2.584s] -- Symlinking: /workspace/ros_ws/install/p3at_description/share/p3at_description/meshes/left_hubcap.dae
[2.607s] -- Symlinking: /workspace/ros_ws/install/p3at_description/share/p3at_description/meshes/left_hubcap_mesh.dae
[2.627s] -- Symlinking: /workspace/ros_ws/install/p3at_description/share/p3at_description/meshes/p3at_meshes/.svn/all-wcprops
[2.646s] -- Symlinking: /workspace/ros_ws/install/p3at_description/share/p3at_description/meshes/p3at_meshes/.svn/entries
[2.670s] -- Symlinking: /workspace/ros_ws/install/p3at_description/share/p3at_description/meshes/p3at_meshes/.svn/prop-base/axle.stl.svn-base
[2.702s] -- Symlinking: /workspace/ros_ws/install/p3at_description/share/p3at_description/meshes/p3at_meshes/.svn/prop-base/back_sonar.stl.svn-base
[2.756s] -- Symlinking: /workspace/ros_ws/install/p3at_description/share/p3at_description/meshes/p3at_meshes/.svn/prop-base/chassis.stl.svn-base
[2.775s] -- Symlinking: /workspace/ros_ws/install/p3at_description/share/p3at_description/meshes/p3at_meshes/.svn/prop-base/front_sonar.stl.svn-base
[2.813s] -- Symlinking: /workspace/ros_ws/install/p3at_description/share/p3at_description/meshes/p3at_meshes/.svn/prop-base/left_hubcap.stl.svn-base
[2.841s] -- Symlinking: /workspace/ros_ws/install/p3at_description/share/p3at_description/meshes/p3at_meshes/.svn/prop-base/right_hubcap.stl.svn-base
[2.873s] -- Symlinking: /workspace/ros_ws/install/p3at_description/share/p3at_description/meshes/p3at_meshes/.svn/prop-base/top.stl.svn-base
[2.921s] -- Symlinking: /workspace/ros_ws/install/p3at_description/share/p3at_description/meshes/p3at_meshes/.svn/prop-base/wheel.stl.svn-base
[2.924s] -- Symlinking: /workspace/ros_ws/install/p3at_description/share/p3at_description/meshes/p3at_meshes/.svn/text-base/Coordinates.svn-base
[2.955s] -- Symlinking: /workspace/ros_ws/install/p3at_description/share/p3at_description/meshes/p3at_meshes/.svn/text-base/axle.stl.svn-base
[2.983s] -- Symlinking: /workspace/ros_ws/install/p3at_description/share/p3at_description/meshes/p3at_meshes/.svn/text-base/back_sonar.stl.svn-base
[3.025s] -- Symlinking: /workspace/ros_ws/install/p3at_description/share/p3at_description/meshes/p3at_meshes/.svn/text-base/chassis.stl.svn-base
[3.081s] -- Symlinking: /workspace/ros_ws/install/p3at_description/share/p3at_description/meshes/p3at_meshes/.svn/text-base/front_sonar.stl.svn-base
[3.110s] -- Symlinking: /workspace/ros_ws/install/p3at_description/share/p3at_description/meshes/p3at_meshes/.svn/text-base/left_hubcap.stl.svn-base
[3.125s] -- Symlinking: /workspace/ros_ws/install/p3at_description/share/p3at_description/meshes/p3at_meshes/.svn/text-base/right_hubcap.stl.svn-base
[3.149s] -- Symlinking: /workspace/ros_ws/install/p3at_description/share/p3at_description/meshes/p3at_meshes/.svn/text-base/top.stl.svn-base
[3.226s] -- Symlinking: /workspace/ros_ws/install/p3at_description/share/p3at_description/meshes/p3at_meshes/.svn/text-base/wheel.stl.svn-base
[3.284s] -- Symlinking: /workspace/ros_ws/install/p3at_description/share/p3at_description/meshes/p3at_meshes/Coordinates
[3.311s] -- Symlinking: /workspace/ros_ws/install/p3at_description/share/p3at_description/meshes/p3at_meshes/axle.dae
[3.341s] -- Symlinking: /workspace/ros_ws/install/p3at_description/share/p3at_description/meshes/p3at_meshes/axle.stl
[3.386s] -- Symlinking: /workspace/ros_ws/install/p3at_description/share/p3at_description/meshes/p3at_meshes/back_sonar.dae
[3.433s] -- Symlinking: /workspace/ros_ws/install/p3at_description/share/p3at_description/meshes/p3at_meshes/back_sonar.stl
[3.461s] -- Symlinking: /workspace/ros_ws/install/p3at_description/share/p3at_description/meshes/p3at_meshes/chassis.dae
[3.494s] -- Symlinking: /workspace/ros_ws/install/p3at_description/share/p3at_description/meshes/p3at_meshes/chassis.stl
[3.519s] -- Symlinking: /workspace/ros_ws/install/p3at_description/share/p3at_description/meshes/p3at_meshes/front_sonar.dae
[3.548s] -- Symlinking: /workspace/ros_ws/install/p3at_description/share/p3at_description/meshes/p3at_meshes/front_sonar.stl
[3.593s] -- Symlinking: /workspace/ros_ws/install/p3at_description/share/p3at_description/meshes/p3at_meshes/left_hubcap.dae
[3.614s] -- Symlinking: /workspace/ros_ws/install/p3at_description/share/p3at_description/meshes/p3at_meshes/left_hubcap.stl
[3.660s] -- Symlinking: /workspace/ros_ws/install/p3at_description/share/p3at_description/meshes/p3at_meshes/right_hubcap.dae
[3.695s] -- Symlinking: /workspace/ros_ws/install/p3at_description/share/p3at_description/meshes/p3at_meshes/right_hubcap.stl
[3.731s] -- Symlinking: /workspace/ros_ws/install/p3at_description/share/p3at_description/meshes/p3at_meshes/top.dae
[3.787s] -- Symlinking: /workspace/ros_ws/install/p3at_description/share/p3at_description/meshes/p3at_meshes/top.stl
[3.814s] -- Symlinking: /workspace/ros_ws/install/p3at_description/share/p3at_description/meshes/p3at_meshes/wheel.dae
[3.839s] -- Symlinking: /workspace/ros_ws/install/p3at_description/share/p3at_description/meshes/p3at_meshes/wheel.stl
[3.863s] -- Symlinking: /workspace/ros_ws/install/p3at_description/share/p3at_description/meshes/right_hubcap.dae
[3.908s] -- Symlinking: /workspace/ros_ws/install/p3at_description/share/p3at_description/meshes/suporte_armControl_mesh.dae
[3.927s] -- Symlinking: /workspace/ros_ws/install/p3at_description/share/p3at_description/meshes/suporte_base_mesh.dae
[3.944s] -- Symlinking: /workspace/ros_ws/install/p3at_description/share/p3at_description/meshes/suporte_base_mesh2.dae
[3.964s] -- Symlinking: /workspace/ros_ws/install/p3at_description/share/p3at_description/meshes/suporte_depth_mesh.dae
[3.977s] -- Symlinking: /workspace/ros_ws/install/p3at_description/share/p3at_description/meshes/suporte_kinect_mesh.dae
[3.998s] -- Symlinking: /workspace/ros_ws/install/p3at_description/share/p3at_description/meshes/suporte_monitor_mesh.dae
[4.026s] -- Symlinking: /workspace/ros_ws/install/p3at_description/share/p3at_description/meshes/tampa1_mesh.dae
[4.042s] -- Symlinking: /workspace/ros_ws/install/p3at_description/share/p3at_description/meshes/tampa2_mesh.dae
[4.059s] -- Symlinking: /workspace/ros_ws/install/p3at_description/share/p3at_description/meshes/tampa3_mesh.dae
[4.085s] -- Symlinking: /workspace/ros_ws/install/p3at_description/share/p3at_description/meshes/tampa4_mesh.dae
[4.141s] -- Symlinking: /workspace/ros_ws/install/p3at_description/share/p3at_description/meshes/top.dae
[4.155s] -- Symlinking: /workspace/ros_ws/install/p3at_description/share/p3at_description/meshes/tv_mesh.dae
[4.192s] -- Symlinking: /workspace/ros_ws/install/p3at_description/share/p3at_description/meshes/wheel.dae
[4.213s] -- Symlinking: /workspace/ros_ws/install/p3at_description/share/p3at_description/urdf/build/.built_by
[4.214s] [33mCMake Warning (dev) at ament_cmake_symlink_install/ament_cmake_symlink_install.cmake:62 (file):
[4.215s]   Policy CMP0009 is not set: FILE GLOB_RECURSE calls should not follow
[4.215s]   symlinks by default.  Run "cmake --help-policy CMP0009" for policy details.
[4.215s]   Use the cmake_policy command to set the policy and suppress this warning.
[4.215s] Call Stack (most recent call first):
[4.215s]   ament_cmake_symlink_install/ament_cmake_symlink_install.cmake:314 (ament_cmake_symlink_install_directory)
[4.215s]   cmake_install.cmake:46 (include)
[4.215s] This warning is for project developers.  Use -Wno-dev to suppress it.
[4.224s] [0m
[4.252s] -- Symlinking: /workspace/ros_ws/install/p3at_description/share/p3at_description/urdf/build/COLCON_IGNORE
[4.263s] -- Symlinking: /workspace/ros_ws/install/p3at_description/share/p3at_description/urdf/install/.colcon_install_layout
[4.282s] -- Symlinking: /workspace/ros_ws/install/p3at_description/share/p3at_description/urdf/install/COLCON_IGNORE
[4.319s] -- Symlinking: /workspace/ros_ws/install/p3at_description/share/p3at_description/urdf/install/_local_setup_util_ps1.py
[4.347s] -- Symlinking: /workspace/ros_ws/install/p3at_description/share/p3at_description/urdf/install/_local_setup_util_sh.py
[4.369s] -- Symlinking: /workspace/ros_ws/install/p3at_description/share/p3at_description/urdf/install/local_setup.bash
[4.386s] -- Symlinking: /workspace/ros_ws/install/p3at_description/share/p3at_description/urdf/install/local_setup.ps1
[4.410s] -- Symlinking: /workspace/ros_ws/install/p3at_description/share/p3at_description/urdf/install/local_setup.sh
[4.450s] -- Symlinking: /workspace/ros_ws/install/p3at_description/share/p3at_description/urdf/install/local_setup.zsh
[4.496s] -- Symlinking: /workspace/ros_ws/install/p3at_description/share/p3at_description/urdf/install/setup.bash
[4.531s] -- Symlinking: /workspace/ros_ws/install/p3at_description/share/p3at_description/urdf/install/setup.ps1
[4.550s] -- Symlinking: /workspace/ros_ws/install/p3at_description/share/p3at_description/urdf/install/setup.sh
[4.602s] -- Symlinking: /workspace/ros_ws/install/p3at_description/share/p3at_description/urdf/install/setup.zsh
[4.627s] -- Symlinking: /workspace/ros_ws/install/p3at_description/share/p3at_description/urdf/log/COLCON_IGNORE
[4.641s] -- Symlinking: /workspace/ros_ws/install/p3at_description/share/p3at_description/urdf/log/build_2025-05-17_11-15-30/events.log
[4.659s] -- Symlinking: /workspace/ros_ws/install/p3at_description/share/p3at_description/urdf/log/build_2025-05-17_11-15-30/logger_all.log
[4.681s] -- Up-to-date symlink: /workspace/ros_ws/install/p3at_description/share/p3at_description/urdf/log/latest/events.log
[4.681s] -- Up-to-date symlink: /workspace/ros_ws/install/p3at_description/share/p3at_description/urdf/log/latest/logger_all.log
[4.682s] -- Up-to-date symlink: /workspace/ros_ws/install/p3at_description/share/p3at_description/urdf/log/latest_build/events.log
[4.682s] -- Up-to-date symlink: /workspace/ros_ws/install/p3at_description/share/p3at_description/urdf/log/latest_build/logger_all.log
[4.682s] -- Symlinking: /workspace/ros_ws/install/p3at_description/share/p3at_description/urdf/pioneer.urdf
[4.704s] -- Symlinking: /workspace/ros_ws/install/p3at_description/share/p3at_description/urdf/pioneer.urdf.xacro
[4.731s] -- Symlinking: /workspace/ros_ws/install/p3at_description/share/p3at_description/urdf/pioneer1.urdf
[4.754s] -- Symlinking: /workspace/ros_ws/install/p3at_description/share/p3at_description/world/empty.sdf
[4.796s] -- Symlinking: /workspace/ros_ws/install/p3at_description/share/p3at_description/rviz/display.rviz
[4.820s] -- Symlinking: /workspace/ros_ws/install/p3at_description/share/ament_index/resource_index/package_run_dependencies/p3at_description
[4.842s] -- Symlinking: /workspace/ros_ws/install/p3at_description/share/ament_index/resource_index/parent_prefix_path/p3at_description
[4.855s] -- Symlinking: /workspace/ros_ws/install/p3at_description/share/p3at_description/environment/ament_prefix_path.sh
[4.870s] -- Symlinking: /workspace/ros_ws/install/p3at_description/share/p3at_description/environment/ament_prefix_path.dsv
[4.900s] -- Symlinking: /workspace/ros_ws/install/p3at_description/share/p3at_description/environment/path.sh
[4.922s] -- Symlinking: /workspace/ros_ws/install/p3at_description/share/p3at_description/environment/path.dsv
[4.946s] -- Symlinking: /workspace/ros_ws/install/p3at_description/share/p3at_description/local_setup.bash
[4.969s] -- Symlinking: /workspace/ros_ws/install/p3at_description/share/p3at_description/local_setup.sh
[4.996s] -- Symlinking: /workspace/ros_ws/install/p3at_description/share/p3at_description/local_setup.zsh
[5.038s] -- Symlinking: /workspace/ros_ws/install/p3at_description/share/p3at_description/local_setup.dsv
[5.069s] -- Symlinking: /workspace/ros_ws/install/p3at_description/share/p3at_description/package.dsv
[5.085s] -- Symlinking: /workspace/ros_ws/install/p3at_description/share/ament_index/resource_index/packages/p3at_description
[5.114s] -- Symlinking: /workspace/ros_ws/install/p3at_description/share/p3at_description/cmake/p3at_descriptionConfig.cmake
[5.131s] -- Symlinking: /workspace/ros_ws/install/p3at_description/share/p3at_description/cmake/p3at_descriptionConfig-version.cmake
[5.153s] -- Symlinking: /workspace/ros_ws/install/p3at_description/share/p3at_description/package.xml
[5.171s] Invoked command in '/workspace/ros_ws/build/p3at_description' returned '0': CMAKE_PREFIX_PATH=${CMAKE_PREFIX_PATH}:/opt/ros/jazzy /usr/bin/cmake --install /workspace/ros_ws/build/p3at_description
