[0.233s] Invoking command in '/workspace/ros_ws/build/nav2_pure_pursuit_controller': CMAKE_PREFIX_PATH=${CMAKE_PREFIX_PATH}:/opt/ros/jazzy /usr/bin/cmake --build /workspace/ros_ws/build/nav2_pure_pursuit_controller -- -j8 -l8
[0.273s] -- Found ament_cmake: 2.5.4 (/opt/ros/jazzy/share/ament_cmake/cmake)
[0.533s] -- Override CMake install command with custom implementation using symlinks instead of copying resources
[0.543s] -- Found nav2_common: 1.3.6 (/opt/ros/jazzy/share/nav2_common/cmake)
[0.543s] -- Found nav2_core: 1.3.6 (/opt/ros/jazzy/share/nav2_core/cmake)
[0.585s] -- Found rosidl_generator_c: 4.6.5 (/opt/ros/jazzy/share/rosidl_generator_c/cmake)
[0.598s] -- Found rosidl_generator_cpp: 4.6.5 (/opt/ros/jazzy/share/rosidl_generator_cpp/cmake)
[0.636s] -- Using all available rosidl_typesupport_c: rosidl_typesupport_fastrtps_c;rosidl_typesupport_introspection_c
[0.637s] -- Using all available rosidl_typesupport_cpp: rosidl_typesupport_fastrtps_cpp;rosidl_typesupport_introspection_cpp
[0.730s] -- Found rmw_implementation_cmake: 7.3.2 (/opt/ros/jazzy/share/rmw_implementation_cmake/cmake)
[0.730s] -- Found rmw_fastrtps_cpp: 8.4.2 (/opt/ros/jazzy/share/rmw_fastrtps_cpp/cmake)
[0.846s] -- Using RMW implementation 'rmw_fastrtps_cpp' as default
[1.526s] -- Found eigen3_cmake_module: 0.3.0 (/opt/ros/jazzy/share/eigen3_cmake_module/cmake)
[1.527s] -- Ensuring Eigen3 include directory is part of orocos-kdl CMake target
[1.701s] -- Found ament_lint_auto: 0.17.2 (/opt/ros/jazzy/share/ament_lint_auto/cmake)
[1.806s] -- Configuring done (1.5s)
[1.888s] -- Generating done (0.1s)
[1.897s] -- Build files have been written to: /workspace/ros_ws/build/nav2_pure_pursuit_controller
[1.977s] [ 50%] [32mBuilding CXX object CMakeFiles/nav2_pure_pursuit_controller.dir/src/pure_pursuit_controller.cpp.o[0m
[8.731s] [100%] [32m[1mLinking CXX shared library libnav2_pure_pursuit_controller.so[0m
[8.973s] [100%] Built target nav2_pure_pursuit_controller
