[0.052s] Invoking command in '/workspace/ros_ws/build/my_package2': CMAKE_PREFIX_PATH=${CMAKE_PREFIX_PATH}:/workspace/ros_ws/install/nav2_gps_waypoint_follower_demo:/workspace/ros_ws/src/install/nav2_gps_waypoint_follower_demo:/opt/ros/jazzy /usr/bin/cmake /workspace/ros_ws/src/my_package2 -DCMAKE_INSTALL_PREFIX=/workspace/ros_ws/install/my_package2
[0.437s] -- The C compiler identification is GNU 13.3.0
[0.437s] -- The CXX compiler identification is GNU 13.3.0
[0.437s] -- Detecting C compiler ABI info
[0.437s] -- Detecting C compiler ABI info - done
[0.438s] -- Check for working C compiler: /usr/bin/cc - skipped
[0.438s] -- Detecting C compile features
[0.439s] -- Detecting C compile features - done
[0.439s] -- Detecting CXX compiler ABI info
[0.535s] -- Detecting CXX compiler ABI info - done
[0.551s] -- Check for working CXX compiler: /usr/bin/c++ - skipped
[0.552s] -- Detecting CXX compile features
[0.553s] -- Detecting CXX compile features - done
[0.567s] -- Found ament_cmake: 2.5.3 (/opt/ros/jazzy/share/ament_cmake/cmake)
[0.855s] -- Found Python3: /usr/bin/python3 (found version "3.12.3") found components: Interpreter 
[1.093s] -- Found ament_lint_auto: 0.17.1 (/opt/ros/jazzy/share/ament_lint_auto/cmake)
[1.289s] -- Added test 'cppcheck' to perform static code analysis on C / C++ code
[1.289s] -- Configured cppcheck include dirs: $<BUILD_INTERFACE:/workspace/ros_ws/src/my_package2/include>
[1.289s] -- Configured cppcheck exclude dirs and/or files: 
[1.291s] -- Added test 'flake8' to check Python code syntax and style conventions
[1.291s] -- Configured 'flake8' exclude dirs and/or files: 
[1.294s] -- Added test 'lint_cmake' to check CMake code style
[1.297s] -- Added test 'pep257' to check Python code against some of the docstring style conventions in PEP 257
[1.307s] -- Added test 'uncrustify' to check C / C++ code style
[1.308s] -- Configured uncrustify additional arguments: 
[1.310s] -- Added test 'xmllint' to check XML markup files
[1.313s] -- Configuring done (1.3s)
[1.318s] -- Generating done (0.0s)
[1.321s] -- Build files have been written to: /workspace/ros_ws/build/my_package2
[1.330s] Invoked command in '/workspace/ros_ws/build/my_package2' returned '0': CMAKE_PREFIX_PATH=${CMAKE_PREFIX_PATH}:/workspace/ros_ws/install/nav2_gps_waypoint_follower_demo:/workspace/ros_ws/src/install/nav2_gps_waypoint_follower_demo:/opt/ros/jazzy /usr/bin/cmake /workspace/ros_ws/src/my_package2 -DCMAKE_INSTALL_PREFIX=/workspace/ros_ws/install/my_package2
[1.333s] Invoking command in '/workspace/ros_ws/build/my_package2': CMAKE_PREFIX_PATH=${CMAKE_PREFIX_PATH}:/workspace/ros_ws/install/nav2_gps_waypoint_follower_demo:/workspace/ros_ws/src/install/nav2_gps_waypoint_follower_demo:/opt/ros/jazzy /usr/bin/cmake --build /workspace/ros_ws/build/my_package2 -- -j12 -l12
[1.401s] [ 50%] [32mBuilding CXX object CMakeFiles/my_node2.dir/src/my_node2.cpp.o[0m
[1.435s] [100%] [32m[1mLinking CXX executable my_node2[0m
[1.497s] [100%] Built target my_node2
[1.512s] Invoked command in '/workspace/ros_ws/build/my_package2' returned '0': CMAKE_PREFIX_PATH=${CMAKE_PREFIX_PATH}:/workspace/ros_ws/install/nav2_gps_waypoint_follower_demo:/workspace/ros_ws/src/install/nav2_gps_waypoint_follower_demo:/opt/ros/jazzy /usr/bin/cmake --build /workspace/ros_ws/build/my_package2 -- -j12 -l12
[1.524s] Invoking command in '/workspace/ros_ws/build/my_package2': CMAKE_PREFIX_PATH=${CMAKE_PREFIX_PATH}:/workspace/ros_ws/install/nav2_gps_waypoint_follower_demo:/workspace/ros_ws/src/install/nav2_gps_waypoint_follower_demo:/opt/ros/jazzy /usr/bin/cmake --install /workspace/ros_ws/build/my_package2
[1.536s] -- Install configuration: ""
[1.536s] -- Installing: /workspace/ros_ws/install/my_package2/lib/my_package2/my_node2
[1.537s] -- Installing: /workspace/ros_ws/install/my_package2/share/ament_index/resource_index/package_run_dependencies/my_package2
[1.537s] -- Installing: /workspace/ros_ws/install/my_package2/share/ament_index/resource_index/parent_prefix_path/my_package2
[1.538s] -- Installing: /workspace/ros_ws/install/my_package2/share/my_package2/environment/ament_prefix_path.sh
[1.538s] -- Installing: /workspace/ros_ws/install/my_package2/share/my_package2/environment/ament_prefix_path.dsv
[1.538s] -- Installing: /workspace/ros_ws/install/my_package2/share/my_package2/environment/path.sh
[1.539s] -- Installing: /workspace/ros_ws/install/my_package2/share/my_package2/environment/path.dsv
[1.539s] -- Installing: /workspace/ros_ws/install/my_package2/share/my_package2/local_setup.bash
[1.539s] -- Installing: /workspace/ros_ws/install/my_package2/share/my_package2/local_setup.sh
[1.539s] -- Installing: /workspace/ros_ws/install/my_package2/share/my_package2/local_setup.zsh
[1.539s] -- Installing: /workspace/ros_ws/install/my_package2/share/my_package2/local_setup.dsv
[1.540s] -- Installing: /workspace/ros_ws/install/my_package2/share/my_package2/package.dsv
[1.540s] -- Installing: /workspace/ros_ws/install/my_package2/share/ament_index/resource_index/packages/my_package2
[1.540s] -- Installing: /workspace/ros_ws/install/my_package2/share/my_package2/cmake/my_package2Config.cmake
[1.540s] -- Installing: /workspace/ros_ws/install/my_package2/share/my_package2/cmake/my_package2Config-version.cmake
[1.540s] -- Installing: /workspace/ros_ws/install/my_package2/share/my_package2/package.xml
[1.543s] Invoked command in '/workspace/ros_ws/build/my_package2' returned '0': CMAKE_PREFIX_PATH=${CMAKE_PREFIX_PATH}:/workspace/ros_ws/install/nav2_gps_waypoint_follower_demo:/workspace/ros_ws/src/install/nav2_gps_waypoint_follower_demo:/opt/ros/jazzy /usr/bin/cmake --install /workspace/ros_ws/build/my_package2
