[2.702s] Invoking command in '/workspace/ros_ws/build/nav2_gps_waypoint_follower_demo': PYTHONPATH=/workspace/ros_ws/build/nav2_gps_waypoint_follower_demo/prefix_override:/usr/lib/python3/dist-packages/colcon_core/task/python/colcon_distutils_commands:/workspace/ros_ws/install/nav2_gps_waypoint_follower_demo/lib/python3.12/site-packages:${PYTHONPATH} /usr/bin/python3 -W ignore:setup.py install is deprecated -W ignore:easy_install command is deprecated setup.py develop --editable --build-directory /workspace/ros_ws/build/nav2_gps_waypoint_follower_demo/build --no-deps symlink_data --force
[3.446s] running develop
[3.800s] running egg_info
[3.830s] writing nav2_gps_waypoint_follower_demo.egg-info/PKG-INFO
[3.831s] writing dependency_links to nav2_gps_waypoint_follower_demo.egg-info/dependency_links.txt
[3.831s] writing entry points to nav2_gps_waypoint_follower_demo.egg-info/entry_points.txt
[3.831s] writing requirements to nav2_gps_waypoint_follower_demo.egg-info/requires.txt
[3.832s] writing top-level names to nav2_gps_waypoint_follower_demo.egg-info/top_level.txt
[3.910s] reading manifest file 'nav2_gps_waypoint_follower_demo.egg-info/SOURCES.txt'
[3.914s] writing manifest file 'nav2_gps_waypoint_follower_demo.egg-info/SOURCES.txt'
[3.949s] running build_ext
[3.950s] Creating /workspace/ros_ws/install/nav2_gps_waypoint_follower_demo/lib/python3.12/site-packages/nav2-gps-waypoint-follower-demo.egg-link (link to .)
[3.952s] Installing gps_waypoint_logger script to /workspace/ros_ws/install/nav2_gps_waypoint_follower_demo/lib/nav2_gps_waypoint_follower_demo
[3.952s] Installing interactive_waypoint_follower script to /workspace/ros_ws/install/nav2_gps_waypoint_follower_demo/lib/nav2_gps_waypoint_follower_demo
[3.953s] Installing logged_waypoint_follower script to /workspace/ros_ws/install/nav2_gps_waypoint_follower_demo/lib/nav2_gps_waypoint_follower_demo
[3.953s] 
[3.953s] Installed /workspace/ros_ws/build/nav2_gps_waypoint_follower_demo
[3.954s] running symlink_data
[3.955s] symbolically linking /workspace/ros_ws/build/nav2_gps_waypoint_follower_demo/resource/nav2_gps_waypoint_follower_demo -> /workspace/ros_ws/install/nav2_gps_waypoint_follower_demo/share/ament_index/resource_index/packages
[3.955s] symbolically linking /workspace/ros_ws/build/nav2_gps_waypoint_follower_demo/package.xml -> /workspace/ros_ws/install/nav2_gps_waypoint_follower_demo/share/nav2_gps_waypoint_follower_demo
[3.955s] symbolically linking /workspace/ros_ws/build/nav2_gps_waypoint_follower_demo/launch/gazebo_gps_world.launch.py -> /workspace/ros_ws/install/nav2_gps_waypoint_follower_demo/share/nav2_gps_waypoint_follower_demo/launch
[3.956s] symbolically linking /workspace/ros_ws/build/nav2_gps_waypoint_follower_demo/launch/dual_ekf_navsat.launch.py -> /workspace/ros_ws/install/nav2_gps_waypoint_follower_demo/share/nav2_gps_waypoint_follower_demo/launch
[3.956s] symbolically linking /workspace/ros_ws/build/nav2_gps_waypoint_follower_demo/launch/mapviz.launch.py -> /workspace/ros_ws/install/nav2_gps_waypoint_follower_demo/share/nav2_gps_waypoint_follower_demo/launch
[3.956s] symbolically linking /workspace/ros_ws/build/nav2_gps_waypoint_follower_demo/launch/gps_waypoint_follower.launch.py -> /workspace/ros_ws/install/nav2_gps_waypoint_follower_demo/share/nav2_gps_waypoint_follower_demo/launch
[3.957s] symbolically linking /workspace/ros_ws/build/nav2_gps_waypoint_follower_demo/config/nav2_no_map_params.yaml:Zone.Identifier -> /workspace/ros_ws/install/nav2_gps_waypoint_follower_demo/share/nav2_gps_waypoint_follower_demo/config
[3.958s] symbolically linking /workspace/ros_ws/build/nav2_gps_waypoint_follower_demo/config/gps_wpf_demo.mvc -> /workspace/ros_ws/install/nav2_gps_waypoint_follower_demo/share/nav2_gps_waypoint_follower_demo/config
[3.958s] symbolically linking /workspace/ros_ws/build/nav2_gps_waypoint_follower_demo/config/dual_ekf_navsat_params.yaml:Zone.Identifier -> /workspace/ros_ws/install/nav2_gps_waypoint_follower_demo/share/nav2_gps_waypoint_follower_demo/config
[3.959s] symbolically linking /workspace/ros_ws/build/nav2_gps_waypoint_follower_demo/config/demo_waypoints.yaml:Zone.Identifier -> /workspace/ros_ws/install/nav2_gps_waypoint_follower_demo/share/nav2_gps_waypoint_follower_demo/config
[3.959s] symbolically linking /workspace/ros_ws/build/nav2_gps_waypoint_follower_demo/config/demo_waypoints.yaml -> /workspace/ros_ws/install/nav2_gps_waypoint_follower_demo/share/nav2_gps_waypoint_follower_demo/config
[3.960s] symbolically linking /workspace/ros_ws/build/nav2_gps_waypoint_follower_demo/config/gps_wpf_demo.mvc:Zone.Identifier -> /workspace/ros_ws/install/nav2_gps_waypoint_follower_demo/share/nav2_gps_waypoint_follower_demo/config
[3.960s] symbolically linking /workspace/ros_ws/build/nav2_gps_waypoint_follower_demo/config/nav2_no_map_params.yaml -> /workspace/ros_ws/install/nav2_gps_waypoint_follower_demo/share/nav2_gps_waypoint_follower_demo/config
[3.961s] symbolically linking /workspace/ros_ws/build/nav2_gps_waypoint_follower_demo/config/dual_ekf_navsat_params.yaml -> /workspace/ros_ws/install/nav2_gps_waypoint_follower_demo/share/nav2_gps_waypoint_follower_demo/config
[3.961s] symbolically linking /workspace/ros_ws/build/nav2_gps_waypoint_follower_demo/urdf/turtlebot3_waffle_gps.urdf -> /workspace/ros_ws/install/nav2_gps_waypoint_follower_demo/share/nav2_gps_waypoint_follower_demo/urdf
[3.961s] symbolically linking /workspace/ros_ws/build/nav2_gps_waypoint_follower_demo/worlds/sonoma_raceway.world:Zone.Identifier -> /workspace/ros_ws/install/nav2_gps_waypoint_follower_demo/share/nav2_gps_waypoint_follower_demo/worlds
[3.961s] symbolically linking /workspace/ros_ws/build/nav2_gps_waypoint_follower_demo/worlds/sonoma_raceway.world -> /workspace/ros_ws/install/nav2_gps_waypoint_follower_demo/share/nav2_gps_waypoint_follower_demo/worlds
[3.961s] symbolically linking /workspace/ros_ws/build/nav2_gps_waypoint_follower_demo/models/turtlebot_waffle_gps/model.config:Zone.Identifier -> /workspace/ros_ws/install/nav2_gps_waypoint_follower_demo/share/nav2_gps_waypoint_follower_demo/models/turtlebot_waffle_gps
[3.961s] symbolically linking /workspace/ros_ws/build/nav2_gps_waypoint_follower_demo/models/turtlebot_waffle_gps/model.config -> /workspace/ros_ws/install/nav2_gps_waypoint_follower_demo/share/nav2_gps_waypoint_follower_demo/models/turtlebot_waffle_gps
[3.962s] symbolically linking /workspace/ros_ws/build/nav2_gps_waypoint_follower_demo/models/turtlebot_waffle_gps/model.sdf:Zone.Identifier -> /workspace/ros_ws/install/nav2_gps_waypoint_follower_demo/share/nav2_gps_waypoint_follower_demo/models/turtlebot_waffle_gps
[3.962s] symbolically linking /workspace/ros_ws/build/nav2_gps_waypoint_follower_demo/models/turtlebot_waffle_gps/model.sdf -> /workspace/ros_ws/install/nav2_gps_waypoint_follower_demo/share/nav2_gps_waypoint_follower_demo/models/turtlebot_waffle_gps
[4.034s] Invoked command in '/workspace/ros_ws/build/nav2_gps_waypoint_follower_demo' returned '0': PYTHONPATH=/workspace/ros_ws/build/nav2_gps_waypoint_follower_demo/prefix_override:/usr/lib/python3/dist-packages/colcon_core/task/python/colcon_distutils_commands:/workspace/ros_ws/install/nav2_gps_waypoint_follower_demo/lib/python3.12/site-packages:${PYTHONPATH} /usr/bin/python3 -W ignore:setup.py install is deprecated -W ignore:easy_install command is deprecated setup.py develop --editable --build-directory /workspace/ros_ws/build/nav2_gps_waypoint_follower_demo/build --no-deps symlink_data --force
