[0.085s] Invoking command in '/workspace/ros_ws/build/nav2_sms_behavior': CMAKE_PREFIX_PATH=${CMAKE_PREFIX_PATH}:/opt/ros/jazzy /usr/bin/cmake --build /workspace/ros_ws/build/nav2_sms_behavior -- -j8 -l8
[0.273s] [  2%] Built target nav2_sms_behavior__rosidl_generator_type_description
[0.317s] [  2%] Built target ament_cmake_python_copy_nav2_sms_behavior
[0.357s] [  5%] Built target nav2_sms_behavior__cpp
[0.363s] [ 18%] Built target nav2_sms_behavior__rosidl_generator_c
[0.428s] [ 27%] Built target nav2_sms_behavior__rosidl_typesupport_introspection_cpp
[0.447s] [ 35%] Built target nav2_sms_behavior__rosidl_typesupport_cpp
[0.459s] [ 43%] Built target nav2_sms_behavior__rosidl_typesupport_c
[0.464s] [ 51%] Built target nav2_sms_behavior__rosidl_typesupport_introspection_c
[0.467s] [ 59%] Built target nav2_sms_behavior__rosidl_typesupport_fastrtps_c
[0.476s] [ 67%] Built target nav2_sms_behavior__rosidl_typesupport_fastrtps_cpp
[0.507s] [ 75%] Built target nav2_sms_behavior_plugin
[0.520s] [ 75%] Built target nav2_sms_behavior
[0.566s] [ 78%] Built target nav2_sms_behavior__py
[0.605s] [ 83%] Built target nav2_sms_behavior__rosidl_generator_py
[0.644s] [ 89%] Built target nav2_sms_behavior_s__rosidl_typesupport_c
[0.644s] [ 94%] Built target nav2_sms_behavior_s__rosidl_typesupport_introspection_c
[0.647s] [100%] Built target nav2_sms_behavior_s__rosidl_typesupport_fastrtps_c
[0.678s] running egg_info
[0.693s] writing nav2_sms_behavior.egg-info/PKG-INFO
[0.693s] writing dependency_links to nav2_sms_behavior.egg-info/dependency_links.txt
[0.693s] writing top-level names to nav2_sms_behavior.egg-info/top_level.txt
[0.744s] reading manifest file 'nav2_sms_behavior.egg-info/SOURCES.txt'
[0.745s] writing manifest file 'nav2_sms_behavior.egg-info/SOURCES.txt'
[0.773s] [100%] Built target ament_cmake_python_build_nav2_sms_behavior_egg
[0.789s] Invoked command in '/workspace/ros_ws/build/nav2_sms_behavior' returned '0': CMAKE_PREFIX_PATH=${CMAKE_PREFIX_PATH}:/opt/ros/jazzy /usr/bin/cmake --build /workspace/ros_ws/build/nav2_sms_behavior -- -j8 -l8
[0.791s] Invoking command in '/workspace/ros_ws/build/nav2_sms_behavior': CMAKE_PREFIX_PATH=${CMAKE_PREFIX_PATH}:/opt/ros/jazzy /usr/bin/cmake --install /workspace/ros_ws/build/nav2_sms_behavior
[0.802s] -- Install configuration: ""
[0.802s] -- Up-to-date: /workspace/ros_ws/install/nav2_sms_behavior/share/ament_index/resource_index/rosidl_interfaces/nav2_sms_behavior
[0.803s] -- Up-to-date: /workspace/ros_ws/install/nav2_sms_behavior/share/nav2_sms_behavior/action/SendSms.json
[0.803s] -- Up-to-date: /workspace/ros_ws/install/nav2_sms_behavior/include/nav2_sms_behavior/nav2_sms_behavior
[0.803s] -- Up-to-date: /workspace/ros_ws/install/nav2_sms_behavior/include/nav2_sms_behavior/nav2_sms_behavior/action
[0.803s] -- Up-to-date: /workspace/ros_ws/install/nav2_sms_behavior/include/nav2_sms_behavior/nav2_sms_behavior/action/detail
[0.803s] -- Up-to-date: /workspace/ros_ws/install/nav2_sms_behavior/include/nav2_sms_behavior/nav2_sms_behavior/action/detail/send_sms__type_support.c
[0.803s] -- Up-to-date: /workspace/ros_ws/install/nav2_sms_behavior/include/nav2_sms_behavior/nav2_sms_behavior/action/detail/send_sms__type_support.h
[0.803s] -- Up-to-date: /workspace/ros_ws/install/nav2_sms_behavior/include/nav2_sms_behavior/nav2_sms_behavior/action/detail/send_sms__struct.h
[0.804s] -- Up-to-date: /workspace/ros_ws/install/nav2_sms_behavior/include/nav2_sms_behavior/nav2_sms_behavior/action/detail/send_sms__functions.c
[0.804s] -- Up-to-date: /workspace/ros_ws/install/nav2_sms_behavior/include/nav2_sms_behavior/nav2_sms_behavior/action/detail/send_sms__description.c
[0.804s] -- Up-to-date: /workspace/ros_ws/install/nav2_sms_behavior/include/nav2_sms_behavior/nav2_sms_behavior/action/detail/send_sms__functions.h
[0.804s] -- Up-to-date: /workspace/ros_ws/install/nav2_sms_behavior/include/nav2_sms_behavior/nav2_sms_behavior/action/send_sms.h
[0.804s] -- Up-to-date: /workspace/ros_ws/install/nav2_sms_behavior/include/nav2_sms_behavior/nav2_sms_behavior/msg
[0.804s] -- Up-to-date: /workspace/ros_ws/install/nav2_sms_behavior/include/nav2_sms_behavior/nav2_sms_behavior/msg/rosidl_generator_c__visibility_control.h
[0.804s] -- Up-to-date: /workspace/ros_ws/install/nav2_sms_behavior/share/nav2_sms_behavior/environment/library_path.sh
[0.805s] -- Up-to-date: /workspace/ros_ws/install/nav2_sms_behavior/share/nav2_sms_behavior/environment/library_path.dsv
[0.805s] -- Up-to-date: /workspace/ros_ws/install/nav2_sms_behavior/lib/libnav2_sms_behavior__rosidl_generator_c.so
[0.805s] -- Up-to-date: /workspace/ros_ws/install/nav2_sms_behavior/include/nav2_sms_behavior/nav2_sms_behavior
[0.805s] -- Up-to-date: /workspace/ros_ws/install/nav2_sms_behavior/include/nav2_sms_behavior/nav2_sms_behavior/action
[0.805s] -- Up-to-date: /workspace/ros_ws/install/nav2_sms_behavior/include/nav2_sms_behavior/nav2_sms_behavior/action/detail
[0.805s] -- Up-to-date: /workspace/ros_ws/install/nav2_sms_behavior/include/nav2_sms_behavior/nav2_sms_behavior/action/detail/send_sms__rosidl_typesupport_fastrtps_c.h
[0.805s] -- Up-to-date: /workspace/ros_ws/install/nav2_sms_behavior/include/nav2_sms_behavior/nav2_sms_behavior/msg
[0.805s] -- Up-to-date: /workspace/ros_ws/install/nav2_sms_behavior/include/nav2_sms_behavior/nav2_sms_behavior/msg/rosidl_typesupport_fastrtps_c__visibility_control.h
[0.806s] -- Up-to-date: /workspace/ros_ws/install/nav2_sms_behavior/lib/libnav2_sms_behavior__rosidl_typesupport_fastrtps_c.so
[0.806s] -- Up-to-date: /workspace/ros_ws/install/nav2_sms_behavior/include/nav2_sms_behavior/nav2_sms_behavior
[0.806s] -- Up-to-date: /workspace/ros_ws/install/nav2_sms_behavior/include/nav2_sms_behavior/nav2_sms_behavior/action
[0.806s] -- Up-to-date: /workspace/ros_ws/install/nav2_sms_behavior/include/nav2_sms_behavior/nav2_sms_behavior/action/detail
[0.806s] -- Up-to-date: /workspace/ros_ws/install/nav2_sms_behavior/include/nav2_sms_behavior/nav2_sms_behavior/action/detail/send_sms__traits.hpp
[0.806s] -- Up-to-date: /workspace/ros_ws/install/nav2_sms_behavior/include/nav2_sms_behavior/nav2_sms_behavior/action/detail/send_sms__builder.hpp
[0.806s] -- Up-to-date: /workspace/ros_ws/install/nav2_sms_behavior/include/nav2_sms_behavior/nav2_sms_behavior/action/detail/send_sms__struct.hpp
[0.806s] -- Up-to-date: /workspace/ros_ws/install/nav2_sms_behavior/include/nav2_sms_behavior/nav2_sms_behavior/action/detail/send_sms__type_support.hpp
[0.807s] -- Up-to-date: /workspace/ros_ws/install/nav2_sms_behavior/include/nav2_sms_behavior/nav2_sms_behavior/action/send_sms.hpp
[0.807s] -- Up-to-date: /workspace/ros_ws/install/nav2_sms_behavior/include/nav2_sms_behavior/nav2_sms_behavior/msg
[0.807s] -- Up-to-date: /workspace/ros_ws/install/nav2_sms_behavior/include/nav2_sms_behavior/nav2_sms_behavior/msg/rosidl_generator_cpp__visibility_control.hpp
[0.807s] -- Up-to-date: /workspace/ros_ws/install/nav2_sms_behavior/include/nav2_sms_behavior/nav2_sms_behavior
[0.807s] -- Up-to-date: /workspace/ros_ws/install/nav2_sms_behavior/include/nav2_sms_behavior/nav2_sms_behavior/action
[0.807s] -- Up-to-date: /workspace/ros_ws/install/nav2_sms_behavior/include/nav2_sms_behavior/nav2_sms_behavior/action/detail
[0.807s] -- Up-to-date: /workspace/ros_ws/install/nav2_sms_behavior/include/nav2_sms_behavior/nav2_sms_behavior/action/detail/send_sms__rosidl_typesupport_fastrtps_cpp.hpp
[0.807s] -- Up-to-date: /workspace/ros_ws/install/nav2_sms_behavior/include/nav2_sms_behavior/nav2_sms_behavior/action/detail/dds_fastrtps
[0.807s] -- Up-to-date: /workspace/ros_ws/install/nav2_sms_behavior/include/nav2_sms_behavior/nav2_sms_behavior/msg
[0.807s] -- Up-to-date: /workspace/ros_ws/install/nav2_sms_behavior/include/nav2_sms_behavior/nav2_sms_behavior/msg/rosidl_typesupport_fastrtps_cpp__visibility_control.h
[0.808s] -- Up-to-date: /workspace/ros_ws/install/nav2_sms_behavior/lib/libnav2_sms_behavior__rosidl_typesupport_fastrtps_cpp.so
[0.808s] -- Up-to-date: /workspace/ros_ws/install/nav2_sms_behavior/include/nav2_sms_behavior/nav2_sms_behavior
[0.808s] -- Up-to-date: /workspace/ros_ws/install/nav2_sms_behavior/include/nav2_sms_behavior/nav2_sms_behavior/action
[0.808s] -- Up-to-date: /workspace/ros_ws/install/nav2_sms_behavior/include/nav2_sms_behavior/nav2_sms_behavior/action/detail
[0.808s] -- Up-to-date: /workspace/ros_ws/install/nav2_sms_behavior/include/nav2_sms_behavior/nav2_sms_behavior/action/detail/send_sms__rosidl_typesupport_introspection_c.h
[0.808s] -- Up-to-date: /workspace/ros_ws/install/nav2_sms_behavior/include/nav2_sms_behavior/nav2_sms_behavior/action/detail/send_sms__type_support.c
[0.808s] -- Up-to-date: /workspace/ros_ws/install/nav2_sms_behavior/include/nav2_sms_behavior/nav2_sms_behavior/msg
[0.808s] -- Up-to-date: /workspace/ros_ws/install/nav2_sms_behavior/include/nav2_sms_behavior/nav2_sms_behavior/msg/rosidl_typesupport_introspection_c__visibility_control.h
[0.808s] -- Up-to-date: /workspace/ros_ws/install/nav2_sms_behavior/lib/libnav2_sms_behavior__rosidl_typesupport_introspection_c.so
[0.809s] -- Up-to-date: /workspace/ros_ws/install/nav2_sms_behavior/lib/libnav2_sms_behavior__rosidl_typesupport_c.so
[0.809s] -- Up-to-date: /workspace/ros_ws/install/nav2_sms_behavior/include/nav2_sms_behavior/nav2_sms_behavior
[0.809s] -- Up-to-date: /workspace/ros_ws/install/nav2_sms_behavior/include/nav2_sms_behavior/nav2_sms_behavior/action
[0.809s] -- Up-to-date: /workspace/ros_ws/install/nav2_sms_behavior/include/nav2_sms_behavior/nav2_sms_behavior/action/detail
[0.809s] -- Up-to-date: /workspace/ros_ws/install/nav2_sms_behavior/include/nav2_sms_behavior/nav2_sms_behavior/action/detail/send_sms__rosidl_typesupport_introspection_cpp.hpp
[0.809s] -- Up-to-date: /workspace/ros_ws/install/nav2_sms_behavior/include/nav2_sms_behavior/nav2_sms_behavior/action/detail/send_sms__type_support.cpp
[0.809s] -- Up-to-date: /workspace/ros_ws/install/nav2_sms_behavior/lib/libnav2_sms_behavior__rosidl_typesupport_introspection_cpp.so
[0.809s] -- Up-to-date: /workspace/ros_ws/install/nav2_sms_behavior/lib/libnav2_sms_behavior__rosidl_typesupport_cpp.so
[0.809s] -- Up-to-date: /workspace/ros_ws/install/nav2_sms_behavior/share/nav2_sms_behavior/environment/pythonpath.sh
[0.809s] -- Up-to-date: /workspace/ros_ws/install/nav2_sms_behavior/share/nav2_sms_behavior/environment/pythonpath.dsv
[0.809s] -- Up-to-date: /workspace/ros_ws/install/nav2_sms_behavior/lib/python3.12/site-packages/nav2_sms_behavior-1.0.0-py3.12.egg-info
[0.810s] -- Installing: /workspace/ros_ws/install/nav2_sms_behavior/lib/python3.12/site-packages/nav2_sms_behavior-1.0.0-py3.12.egg-info/SOURCES.txt
[0.810s] -- Installing: /workspace/ros_ws/install/nav2_sms_behavior/lib/python3.12/site-packages/nav2_sms_behavior-1.0.0-py3.12.egg-info/dependency_links.txt
[0.810s] -- Installing: /workspace/ros_ws/install/nav2_sms_behavior/lib/python3.12/site-packages/nav2_sms_behavior-1.0.0-py3.12.egg-info/PKG-INFO
[0.810s] -- Installing: /workspace/ros_ws/install/nav2_sms_behavior/lib/python3.12/site-packages/nav2_sms_behavior-1.0.0-py3.12.egg-info/top_level.txt
[0.810s] -- Up-to-date: /workspace/ros_ws/install/nav2_sms_behavior/lib/python3.12/site-packages/nav2_sms_behavior
[0.810s] -- Up-to-date: /workspace/ros_ws/install/nav2_sms_behavior/lib/python3.12/site-packages/nav2_sms_behavior/__init__.py
[0.810s] -- Up-to-date: /workspace/ros_ws/install/nav2_sms_behavior/lib/python3.12/site-packages/nav2_sms_behavior/action
[0.810s] -- Up-to-date: /workspace/ros_ws/install/nav2_sms_behavior/lib/python3.12/site-packages/nav2_sms_behavior/action/__init__.py
[0.810s] -- Up-to-date: /workspace/ros_ws/install/nav2_sms_behavior/lib/python3.12/site-packages/nav2_sms_behavior/action/_send_sms_s.c
[0.810s] -- Up-to-date: /workspace/ros_ws/install/nav2_sms_behavior/lib/python3.12/site-packages/nav2_sms_behavior/action/_send_sms.py
[0.811s] -- Up-to-date: /workspace/ros_ws/install/nav2_sms_behavior/lib/python3.12/site-packages/nav2_sms_behavior/_nav2_sms_behavior_s.ep.rosidl_typesupport_introspection_c.c
[0.811s] -- Up-to-date: /workspace/ros_ws/install/nav2_sms_behavior/lib/python3.12/site-packages/nav2_sms_behavior/_nav2_sms_behavior_s.ep.rosidl_typesupport_c.c
[0.811s] -- Up-to-date: /workspace/ros_ws/install/nav2_sms_behavior/lib/python3.12/site-packages/nav2_sms_behavior/nav2_sms_behavior_s__rosidl_typesupport_c.so
[0.811s] -- Up-to-date: /workspace/ros_ws/install/nav2_sms_behavior/lib/python3.12/site-packages/nav2_sms_behavior/nav2_sms_behavior_s__rosidl_typesupport_introspection_c.so
[0.811s] -- Up-to-date: /workspace/ros_ws/install/nav2_sms_behavior/lib/python3.12/site-packages/nav2_sms_behavior/_nav2_sms_behavior_s.ep.rosidl_typesupport_fastrtps_c.c
[0.811s] -- Up-to-date: /workspace/ros_ws/install/nav2_sms_behavior/lib/python3.12/site-packages/nav2_sms_behavior/nav2_sms_behavior_s__rosidl_typesupport_fastrtps_c.so
[0.854s] Listing '/workspace/ros_ws/install/nav2_sms_behavior/lib/python3.12/site-packages/nav2_sms_behavior'...
[0.854s] Listing '/workspace/ros_ws/install/nav2_sms_behavior/lib/python3.12/site-packages/nav2_sms_behavior/action'...
[0.860s] -- Up-to-date: /workspace/ros_ws/install/nav2_sms_behavior/lib/python3.12/site-packages/nav2_sms_behavior/nav2_sms_behavior_s__rosidl_typesupport_fastrtps_c.so
[0.860s] -- Up-to-date: /workspace/ros_ws/install/nav2_sms_behavior/lib/python3.12/site-packages/nav2_sms_behavior/nav2_sms_behavior_s__rosidl_typesupport_introspection_c.so
[0.860s] -- Up-to-date: /workspace/ros_ws/install/nav2_sms_behavior/lib/python3.12/site-packages/nav2_sms_behavior/nav2_sms_behavior_s__rosidl_typesupport_c.so
[0.860s] -- Up-to-date: /workspace/ros_ws/install/nav2_sms_behavior/lib/libnav2_sms_behavior__rosidl_generator_py.so
[0.861s] -- Up-to-date: /workspace/ros_ws/install/nav2_sms_behavior/share/nav2_sms_behavior/action/SendSms.idl
[0.861s] -- Up-to-date: /workspace/ros_ws/install/nav2_sms_behavior/share/nav2_sms_behavior/action/SendSms.action
[0.861s] -- Up-to-date: /workspace/ros_ws/install/nav2_sms_behavior/share/nav2_sms_behavior/behavior_plugin.xml
[0.861s] -- Up-to-date: /workspace/ros_ws/install/nav2_sms_behavior/lib/libnav2_sms_behavior_plugin.so
[0.861s] -- Up-to-date: /workspace/ros_ws/install/nav2_sms_behavior/include/
[0.864s] -- Up-to-date: /workspace/ros_ws/install/nav2_sms_behavior/include//nav2_sms_behavior
[0.864s] -- Up-to-date: /workspace/ros_ws/install/nav2_sms_behavior/include//nav2_sms_behavior/twilio.hpp:Zone.Identifier
[0.864s] -- Up-to-date: /workspace/ros_ws/install/nav2_sms_behavior/include//nav2_sms_behavior/type_conversion.hpp:Zone.Identifier
[0.864s] -- Up-to-date: /workspace/ros_ws/install/nav2_sms_behavior/include//nav2_sms_behavior/send_sms.hpp:Zone.Identifier
[0.864s] -- Up-to-date: /workspace/ros_ws/install/nav2_sms_behavior/include//nav2_sms_behavior/twilio.hpp
[0.864s] -- Up-to-date: /workspace/ros_ws/install/nav2_sms_behavior/include//nav2_sms_behavior/type_conversion.hpp
[0.864s] -- Up-to-date: /workspace/ros_ws/install/nav2_sms_behavior/include//nav2_sms_behavior/send_sms.hpp
[0.864s] -- Up-to-date: /workspace/ros_ws/install/nav2_sms_behavior/share/nav2_sms_behavior/behavior_plugin.xml
[0.864s] -- Up-to-date: /workspace/ros_ws/install/nav2_sms_behavior/share/ament_index/resource_index/package_run_dependencies/nav2_sms_behavior
[0.864s] -- Up-to-date: /workspace/ros_ws/install/nav2_sms_behavior/share/ament_index/resource_index/parent_prefix_path/nav2_sms_behavior
[0.865s] -- Up-to-date: /workspace/ros_ws/install/nav2_sms_behavior/share/nav2_sms_behavior/environment/ament_prefix_path.sh
[0.865s] -- Up-to-date: /workspace/ros_ws/install/nav2_sms_behavior/share/nav2_sms_behavior/environment/ament_prefix_path.dsv
[0.865s] -- Up-to-date: /workspace/ros_ws/install/nav2_sms_behavior/share/nav2_sms_behavior/environment/path.sh
[0.865s] -- Up-to-date: /workspace/ros_ws/install/nav2_sms_behavior/share/nav2_sms_behavior/environment/path.dsv
[0.865s] -- Up-to-date: /workspace/ros_ws/install/nav2_sms_behavior/share/nav2_sms_behavior/local_setup.bash
[0.865s] -- Up-to-date: /workspace/ros_ws/install/nav2_sms_behavior/share/nav2_sms_behavior/local_setup.sh
[0.865s] -- Up-to-date: /workspace/ros_ws/install/nav2_sms_behavior/share/nav2_sms_behavior/local_setup.zsh
[0.865s] -- Up-to-date: /workspace/ros_ws/install/nav2_sms_behavior/share/nav2_sms_behavior/local_setup.dsv
[0.865s] -- Installing: /workspace/ros_ws/install/nav2_sms_behavior/share/nav2_sms_behavior/package.dsv
[0.865s] -- Up-to-date: /workspace/ros_ws/install/nav2_sms_behavior/share/ament_index/resource_index/packages/nav2_sms_behavior
[0.866s] -- Up-to-date: /workspace/ros_ws/install/nav2_sms_behavior/share/ament_index/resource_index/nav2_core__pluginlib__plugin/nav2_sms_behavior
[0.866s] -- Up-to-date: /workspace/ros_ws/install/nav2_sms_behavior/share/nav2_sms_behavior/cmake/export_nav2_sms_behavior__rosidl_generator_cExport.cmake
[0.866s] -- Up-to-date: /workspace/ros_ws/install/nav2_sms_behavior/share/nav2_sms_behavior/cmake/export_nav2_sms_behavior__rosidl_generator_cExport-noconfig.cmake
[0.866s] -- Up-to-date: /workspace/ros_ws/install/nav2_sms_behavior/share/nav2_sms_behavior/cmake/export_nav2_sms_behavior__rosidl_typesupport_fastrtps_cExport.cmake
[0.866s] -- Up-to-date: /workspace/ros_ws/install/nav2_sms_behavior/share/nav2_sms_behavior/cmake/export_nav2_sms_behavior__rosidl_typesupport_fastrtps_cExport-noconfig.cmake
[0.866s] -- Up-to-date: /workspace/ros_ws/install/nav2_sms_behavior/share/nav2_sms_behavior/cmake/export_nav2_sms_behavior__rosidl_generator_cppExport.cmake
[0.866s] -- Up-to-date: /workspace/ros_ws/install/nav2_sms_behavior/share/nav2_sms_behavior/cmake/export_nav2_sms_behavior__rosidl_typesupport_fastrtps_cppExport.cmake
[0.866s] -- Up-to-date: /workspace/ros_ws/install/nav2_sms_behavior/share/nav2_sms_behavior/cmake/export_nav2_sms_behavior__rosidl_typesupport_fastrtps_cppExport-noconfig.cmake
[0.867s] -- Up-to-date: /workspace/ros_ws/install/nav2_sms_behavior/share/nav2_sms_behavior/cmake/nav2_sms_behavior__rosidl_typesupport_introspection_cExport.cmake
[0.868s] -- Up-to-date: /workspace/ros_ws/install/nav2_sms_behavior/share/nav2_sms_behavior/cmake/nav2_sms_behavior__rosidl_typesupport_introspection_cExport-noconfig.cmake
[0.868s] -- Up-to-date: /workspace/ros_ws/install/nav2_sms_behavior/share/nav2_sms_behavior/cmake/nav2_sms_behavior__rosidl_typesupport_cExport.cmake
[0.868s] -- Up-to-date: /workspace/ros_ws/install/nav2_sms_behavior/share/nav2_sms_behavior/cmake/nav2_sms_behavior__rosidl_typesupport_cExport-noconfig.cmake
[0.868s] -- Up-to-date: /workspace/ros_ws/install/nav2_sms_behavior/share/nav2_sms_behavior/cmake/nav2_sms_behavior__rosidl_typesupport_introspection_cppExport.cmake
[0.868s] -- Up-to-date: /workspace/ros_ws/install/nav2_sms_behavior/share/nav2_sms_behavior/cmake/nav2_sms_behavior__rosidl_typesupport_introspection_cppExport-noconfig.cmake
[0.868s] -- Up-to-date: /workspace/ros_ws/install/nav2_sms_behavior/share/nav2_sms_behavior/cmake/nav2_sms_behavior__rosidl_typesupport_cppExport.cmake
[0.868s] -- Up-to-date: /workspace/ros_ws/install/nav2_sms_behavior/share/nav2_sms_behavior/cmake/nav2_sms_behavior__rosidl_typesupport_cppExport-noconfig.cmake
[0.868s] -- Up-to-date: /workspace/ros_ws/install/nav2_sms_behavior/share/nav2_sms_behavior/cmake/export_nav2_sms_behavior__rosidl_generator_pyExport.cmake
[0.868s] -- Up-to-date: /workspace/ros_ws/install/nav2_sms_behavior/share/nav2_sms_behavior/cmake/export_nav2_sms_behavior__rosidl_generator_pyExport-noconfig.cmake
[0.868s] -- Up-to-date: /workspace/ros_ws/install/nav2_sms_behavior/share/nav2_sms_behavior/cmake/rosidl_cmake-extras.cmake
[0.868s] -- Up-to-date: /workspace/ros_ws/install/nav2_sms_behavior/share/nav2_sms_behavior/cmake/ament_cmake_export_dependencies-extras.cmake
[0.868s] -- Up-to-date: /workspace/ros_ws/install/nav2_sms_behavior/share/nav2_sms_behavior/cmake/ament_cmake_export_include_directories-extras.cmake
[0.868s] -- Up-to-date: /workspace/ros_ws/install/nav2_sms_behavior/share/nav2_sms_behavior/cmake/ament_cmake_export_libraries-extras.cmake
[0.868s] -- Up-to-date: /workspace/ros_ws/install/nav2_sms_behavior/share/nav2_sms_behavior/cmake/ament_cmake_export_targets-extras.cmake
[0.868s] -- Up-to-date: /workspace/ros_ws/install/nav2_sms_behavior/share/nav2_sms_behavior/cmake/rosidl_cmake_export_typesupport_targets-extras.cmake
[0.869s] -- Up-to-date: /workspace/ros_ws/install/nav2_sms_behavior/share/nav2_sms_behavior/cmake/rosidl_cmake_export_typesupport_libraries-extras.cmake
[0.869s] -- Up-to-date: /workspace/ros_ws/install/nav2_sms_behavior/share/nav2_sms_behavior/cmake/nav2_sms_behaviorConfig.cmake
[0.869s] -- Up-to-date: /workspace/ros_ws/install/nav2_sms_behavior/share/nav2_sms_behavior/cmake/nav2_sms_behaviorConfig-version.cmake
[0.869s] -- Up-to-date: /workspace/ros_ws/install/nav2_sms_behavior/share/nav2_sms_behavior/package.xml
[0.869s] Invoked command in '/workspace/ros_ws/build/nav2_sms_behavior' returned '0': CMAKE_PREFIX_PATH=${CMAKE_PREFIX_PATH}:/opt/ros/jazzy /usr/bin/cmake --install /workspace/ros_ws/build/nav2_sms_behavior
