[0.144s] DEBUG:colcon:Command line arguments: ['/usr/bin/colcon', 'build']
[0.144s] DEBUG:colcon:Parsed command line arguments: Namespace(log_base=None, log_level=None, verb_name='build', build_base='build', install_base='install', merge_install=False, symlink_install=False, test_result_base=None, continue_on_error=False, executor='parallel', parallel_workers=12, event_handlers=None, ignore_user_meta=False, metas=['./colcon.meta'], base_paths=['.'], packages_ignore=None, packages_ignore_regex=None, paths=None, packages_up_to=None, packages_up_to_regex=None, packages_above=None, packages_above_and_dependencies=None, packages_above_depth=None, packages_select_by_dep=None, packages_skip_by_dep=None, packages_skip_up_to=None, packages_select_build_failed=False, packages_skip_build_finished=False, packages_select_test_failures=False, packages_skip_test_passed=False, packages_select=None, packages_skip=None, packages_select_regex=None, packages_skip_regex=None, packages_start=None, packages_end=None, cmake_args=None, cmake_target=None, cmake_target_skip_unavailable=False, cmake_clean_cache=False, cmake_clean_first=False, cmake_force_configure=False, ament_cmake_args=None, catkin_cmake_args=None, catkin_skip_building_tests=False, mixin_files=None, mixin=None, verb_parser=<colcon_mixin.mixin.mixin_argument.MixinArgumentDecorator object at 0x7fb73d154410>, verb_extension=<colcon_core.verb.build.BuildVerb object at 0x7fb73d2a4b00>, main=<bound method BuildVerb.main of <colcon_core.verb.build.BuildVerb object at 0x7fb73d2a4b00>>, mixin_verb=('build',))
[0.213s] Level 1:colcon.colcon_core.package_discovery:discover_packages(colcon_meta) check parameters
[0.214s] INFO:colcon.colcon_metadata.package_discovery.colcon_meta:Using configuration from '/root/.colcon/metadata/default/Gazebo.meta'
[0.215s] INFO:colcon.colcon_metadata.package_discovery.colcon_meta:Using configuration from '/root/.colcon/metadata/default/fastrtps.meta'
[0.215s] Level 1:colcon.colcon_core.package_discovery:discover_packages(recursive) check parameters
[0.215s] Level 1:colcon.colcon_core.package_discovery:discover_packages(ignore) check parameters
[0.215s] Level 1:colcon.colcon_core.package_discovery:discover_packages(path) check parameters
[0.215s] Level 1:colcon.colcon_core.package_discovery:discover_packages(colcon_meta) discover
[0.215s] Level 1:colcon.colcon_core.package_discovery:discover_packages(recursive) discover
[0.215s] INFO:colcon.colcon_core.package_discovery:Crawling recursively for packages in '/workspace/ros_ws/src/master'
[0.215s] Level 1:colcon.colcon_core.package_identification:_identify(.) by extensions ['ignore', 'ignore_ament_install']
[0.216s] Level 1:colcon.colcon_core.package_identification:_identify(.) by extension 'ignore'
[0.216s] Level 1:colcon.colcon_core.package_identification:_identify(.) by extension 'ignore_ament_install'
[0.216s] Level 1:colcon.colcon_core.package_identification:_identify(.) by extensions ['colcon_pkg']
[0.216s] Level 1:colcon.colcon_core.package_identification:_identify(.) by extension 'colcon_pkg'
[0.216s] Level 1:colcon.colcon_core.package_identification:_identify(.) by extensions ['colcon_meta']
[0.216s] Level 1:colcon.colcon_core.package_identification:_identify(.) by extension 'colcon_meta'
[0.216s] Level 1:colcon.colcon_core.package_identification:_identify(.) by extensions ['ros']
[0.216s] Level 1:colcon.colcon_core.package_identification:_identify(.) by extension 'ros'
[0.278s] DEBUG:colcon.colcon_core.package_identification:Package '.' with type 'ros.ament_cmake' and name 'master'
[0.278s] Level 1:colcon.colcon_core.package_discovery:discover_packages(recursive) using defaults
[0.278s] Level 1:colcon.colcon_core.package_discovery:discover_packages(ignore) discover
[0.278s] Level 1:colcon.colcon_core.package_discovery:discover_packages(ignore) using defaults
[0.278s] Level 1:colcon.colcon_core.package_discovery:discover_packages(path) discover
[0.278s] Level 1:colcon.colcon_core.package_discovery:discover_packages(path) using defaults
[0.300s] Level 5:colcon.colcon_core.verb:set package 'master' build argument 'cmake_args' from command line to 'None'
[0.300s] Level 5:colcon.colcon_core.verb:set package 'master' build argument 'cmake_target' from command line to 'None'
[0.300s] Level 5:colcon.colcon_core.verb:set package 'master' build argument 'cmake_target_skip_unavailable' from command line to 'False'
[0.300s] Level 5:colcon.colcon_core.verb:set package 'master' build argument 'cmake_clean_cache' from command line to 'False'
[0.300s] Level 5:colcon.colcon_core.verb:set package 'master' build argument 'cmake_clean_first' from command line to 'False'
[0.300s] Level 5:colcon.colcon_core.verb:set package 'master' build argument 'cmake_force_configure' from command line to 'False'
[0.300s] Level 5:colcon.colcon_core.verb:set package 'master' build argument 'ament_cmake_args' from command line to 'None'
[0.300s] Level 5:colcon.colcon_core.verb:set package 'master' build argument 'catkin_cmake_args' from command line to 'None'
[0.300s] Level 5:colcon.colcon_core.verb:set package 'master' build argument 'catkin_skip_building_tests' from command line to 'False'
[0.300s] DEBUG:colcon.colcon_core.verb:Building package 'master' with the following arguments: {'ament_cmake_args': None, 'build_base': '/workspace/ros_ws/src/master/build/master', 'catkin_cmake_args': None, 'catkin_skip_building_tests': False, 'cmake_args': None, 'cmake_clean_cache': False, 'cmake_clean_first': False, 'cmake_force_configure': False, 'cmake_target': None, 'cmake_target_skip_unavailable': False, 'install_base': '/workspace/ros_ws/src/master/install/master', 'merge_install': False, 'path': '/workspace/ros_ws/src/master', 'symlink_install': False, 'test_result_base': None}
[0.301s] INFO:colcon.colcon_core.executor:Executing jobs using 'parallel' executor
[0.302s] DEBUG:colcon.colcon_parallel_executor.executor.parallel:run_until_complete
[0.302s] INFO:colcon.colcon_ros.task.ament_cmake.build:Building ROS package in '/workspace/ros_ws/src/master' with build type 'ament_cmake'
[0.303s] INFO:colcon.colcon_cmake.task.cmake.build:Building CMake package in '/workspace/ros_ws/src/master'
[0.305s] INFO:colcon.colcon_core.plugin_system:Skipping extension 'colcon_core.shell.bat': Not used on non-Windows systems
[0.305s] INFO:colcon.colcon_core.shell:Skip shell extension 'powershell' for command environment: Not usable outside of PowerShell
[0.305s] DEBUG:colcon.colcon_core.shell:Skip shell extension 'dsv' for command environment
[0.327s] DEBUG:colcon.colcon_core.event_handler.log_command:Invoking command in '/workspace/ros_ws/src/master/build/master': CMAKE_PREFIX_PATH=${CMAKE_PREFIX_PATH}:/opt/ros/jazzy /usr/bin/cmake --build /workspace/ros_ws/src/master/build/master -- -j12 -l12
[1.695s] DEBUG:colcon.colcon_core.event_handler.log_command:Invoked command in '/workspace/ros_ws/src/master/build/master' returned '0': CMAKE_PREFIX_PATH=${CMAKE_PREFIX_PATH}:/opt/ros/jazzy /usr/bin/cmake --build /workspace/ros_ws/src/master/build/master -- -j12 -l12
[1.706s] DEBUG:colcon.colcon_core.event_handler.log_command:Invoking command in '/workspace/ros_ws/src/master/build/master': CMAKE_PREFIX_PATH=${CMAKE_PREFIX_PATH}:/opt/ros/jazzy /usr/bin/cmake --install /workspace/ros_ws/src/master/build/master
[1.725s] Level 1:colcon.colcon_core.environment:create_environment_scripts_only(master)
[1.726s] DEBUG:colcon.colcon_core.event_handler.log_command:Invoked command in '/workspace/ros_ws/src/master/build/master' returned '0': CMAKE_PREFIX_PATH=${CMAKE_PREFIX_PATH}:/opt/ros/jazzy /usr/bin/cmake --install /workspace/ros_ws/src/master/build/master
[1.729s] Level 1:colcon.colcon_core.environment:checking '/workspace/ros_ws/src/master/install/master' for CMake module files
[1.729s] Level 1:colcon.colcon_core.environment:checking '/workspace/ros_ws/src/master/install/master' for CMake config files
[1.729s] Level 1:colcon.colcon_core.shell:create_environment_hook('master', 'cmake_prefix_path')
[1.730s] INFO:colcon.colcon_core.shell:Creating environment hook '/workspace/ros_ws/src/master/install/master/share/master/hook/cmake_prefix_path.ps1'
[1.730s] INFO:colcon.colcon_core.shell:Creating environment descriptor '/workspace/ros_ws/src/master/install/master/share/master/hook/cmake_prefix_path.dsv'
[1.731s] INFO:colcon.colcon_core.shell:Creating environment hook '/workspace/ros_ws/src/master/install/master/share/master/hook/cmake_prefix_path.sh'
[1.732s] Level 1:colcon.colcon_core.environment:checking '/workspace/ros_ws/src/master/install/master/bin'
[1.732s] Level 1:colcon.colcon_core.environment:checking '/workspace/ros_ws/src/master/install/master/lib/pkgconfig/master.pc'
[1.736s] Level 1:colcon.colcon_core.environment:checking '/workspace/ros_ws/src/master/install/master/lib/python3.12/site-packages'
[1.736s] Level 1:colcon.colcon_core.environment:checking '/workspace/ros_ws/src/master/install/master/bin'
[1.737s] INFO:colcon.colcon_core.shell:Creating package script '/workspace/ros_ws/src/master/install/master/share/master/package.ps1'
[1.738s] INFO:colcon.colcon_core.shell:Creating package descriptor '/workspace/ros_ws/src/master/install/master/share/master/package.dsv'
[1.738s] INFO:colcon.colcon_core.shell:Creating package script '/workspace/ros_ws/src/master/install/master/share/master/package.sh'
[1.739s] INFO:colcon.colcon_core.shell:Creating package script '/workspace/ros_ws/src/master/install/master/share/master/package.bash'
[1.740s] INFO:colcon.colcon_core.shell:Creating package script '/workspace/ros_ws/src/master/install/master/share/master/package.zsh'
[1.741s] Level 1:colcon.colcon_core.environment:create_file_with_runtime_dependencies(/workspace/ros_ws/src/master/install/master/share/colcon-core/packages/master)
[1.741s] Level 1:colcon.colcon_core.environment:create_environment_scripts_only(master)
[1.741s] Level 1:colcon.colcon_core.environment:checking '/workspace/ros_ws/src/master/install/master' for CMake module files
[1.742s] Level 1:colcon.colcon_core.environment:checking '/workspace/ros_ws/src/master/install/master' for CMake config files
[1.742s] Level 1:colcon.colcon_core.shell:create_environment_hook('master', 'cmake_prefix_path')
[1.742s] INFO:colcon.colcon_core.shell:Creating environment hook '/workspace/ros_ws/src/master/install/master/share/master/hook/cmake_prefix_path.ps1'
[1.743s] INFO:colcon.colcon_core.shell:Creating environment descriptor '/workspace/ros_ws/src/master/install/master/share/master/hook/cmake_prefix_path.dsv'
[1.743s] INFO:colcon.colcon_core.shell:Creating environment hook '/workspace/ros_ws/src/master/install/master/share/master/hook/cmake_prefix_path.sh'
[1.744s] Level 1:colcon.colcon_core.environment:checking '/workspace/ros_ws/src/master/install/master/bin'
[1.744s] Level 1:colcon.colcon_core.environment:checking '/workspace/ros_ws/src/master/install/master/lib/pkgconfig/master.pc'
[1.744s] Level 1:colcon.colcon_core.environment:checking '/workspace/ros_ws/src/master/install/master/lib/python3.12/site-packages'
[1.745s] Level 1:colcon.colcon_core.environment:checking '/workspace/ros_ws/src/master/install/master/bin'
[1.745s] INFO:colcon.colcon_core.shell:Creating package script '/workspace/ros_ws/src/master/install/master/share/master/package.ps1'
[1.746s] INFO:colcon.colcon_core.shell:Creating package descriptor '/workspace/ros_ws/src/master/install/master/share/master/package.dsv'
[1.746s] INFO:colcon.colcon_core.shell:Creating package script '/workspace/ros_ws/src/master/install/master/share/master/package.sh'
[1.747s] INFO:colcon.colcon_core.shell:Creating package script '/workspace/ros_ws/src/master/install/master/share/master/package.bash'
[1.747s] INFO:colcon.colcon_core.shell:Creating package script '/workspace/ros_ws/src/master/install/master/share/master/package.zsh'
[1.747s] Level 1:colcon.colcon_core.environment:create_file_with_runtime_dependencies(/workspace/ros_ws/src/master/install/master/share/colcon-core/packages/master)
[1.748s] DEBUG:colcon.colcon_parallel_executor.executor.parallel:closing loop
[1.748s] DEBUG:colcon.colcon_parallel_executor.executor.parallel:loop closed
[1.749s] DEBUG:colcon.colcon_parallel_executor.executor.parallel:run_until_complete finished with '0'
[1.749s] DEBUG:colcon.colcon_core.event_reactor:joining thread
[1.757s] INFO:colcon.colcon_core.plugin_system:Skipping extension 'colcon_notification.desktop_notification.notify_send': Could not find 'notify-send'
[1.757s] INFO:colcon.colcon_core.plugin_system:Skipping extension 'colcon_notification.desktop_notification.terminal_notifier': Not used on non-Darwin systems
[1.758s] INFO:colcon.colcon_core.plugin_system:Skipping extension 'colcon_notification.desktop_notification.win32': Not used on non-Windows systems
[1.758s] INFO:colcon.colcon_notification.desktop_notification:Sending desktop notification using 'notify2'
[1.760s] DEBUG:colcon.colcon_notification.desktop_notification.notify2:Failed to initialize notify2: org.freedesktop.DBus.Error.Spawn.ExecFailed: /usr/bin/dbus-launch terminated abnormally without any error message
[1.761s] DEBUG:colcon.colcon_core.event_reactor:joined thread
[1.761s] INFO:colcon.colcon_core.shell:Creating prefix script '/workspace/ros_ws/src/master/install/local_setup.ps1'
[1.762s] INFO:colcon.colcon_core.shell:Creating prefix util module '/workspace/ros_ws/src/master/install/_local_setup_util_ps1.py'
[1.764s] INFO:colcon.colcon_core.shell:Creating prefix chain script '/workspace/ros_ws/src/master/install/setup.ps1'
[1.765s] INFO:colcon.colcon_core.shell:Creating prefix script '/workspace/ros_ws/src/master/install/local_setup.sh'
[1.770s] INFO:colcon.colcon_core.shell:Creating prefix util module '/workspace/ros_ws/src/master/install/_local_setup_util_sh.py'
[1.772s] INFO:colcon.colcon_core.shell:Creating prefix chain script '/workspace/ros_ws/src/master/install/setup.sh'
[1.774s] INFO:colcon.colcon_core.shell:Creating prefix script '/workspace/ros_ws/src/master/install/local_setup.bash'
[1.774s] INFO:colcon.colcon_core.shell:Creating prefix chain script '/workspace/ros_ws/src/master/install/setup.bash'
[1.776s] INFO:colcon.colcon_core.shell:Creating prefix script '/workspace/ros_ws/src/master/install/local_setup.zsh'
[1.776s] INFO:colcon.colcon_core.shell:Creating prefix chain script '/workspace/ros_ws/src/master/install/setup.zsh'
