-- The C compiler identification is GNU 13.3.0
-- The CXX compiler identification is GNU 13.3.0
-- Detecting C compiler ABI info
-- Detecting C compiler ABI info - done
-- Check for working C compiler: /usr/bin/cc - skipped
-- Detecting C compile features
-- Detecting C compile features - done
-- Detecting CXX compiler ABI info
-- Detecting CXX compiler ABI info - done
-- Check for working CXX compiler: /usr/bin/c++ - skipped
-- Detecting CXX compile features
-- Detecting CXX compile features - done
-- Found ament_cmake: 2.5.3 (/opt/ros/jazzy/share/ament_cmake/cmake)
-- Found Python3: /usr/bin/python3 (found version "3.12.3") found components: Interpreter 
-- Found rclcpp: 28.1.6 (/opt/ros/jazzy/share/rclcpp/cmake)
-- Found rosidl_generator_c: 4.6.5 (/opt/ros/jazzy/share/rosidl_generator_c/cmake)
-- Found rosidl_generator_cpp: 4.6.5 (/opt/ros/jazzy/share/rosidl_generator_cpp/cmake)
-- Using all available rosidl_typesupport_c: rosidl_typesupport_fastrtps_c;rosidl_typesupport_introspection_c
-- Using all available rosidl_typesupport_cpp: rosidl_typesupport_fastrtps_cpp;rosidl_typesupport_introspection_cpp
-- Found rmw_implementation_cmake: 7.3.1 (/opt/ros/jazzy/share/rmw_implementation_cmake/cmake)
-- Found rmw_fastrtps_cpp: 8.4.1 (/opt/ros/jazzy/share/rmw_fastrtps_cpp/cmake)
-- Found OpenSSL: /usr/lib/x86_64-linux-gnu/libcrypto.so (found version "3.0.13")  
-- Found FastRTPS: /opt/ros/jazzy/include (Required is at least version "2.13") 
-- Using RMW implementation 'rmw_fastrtps_cpp' as default
-- Found geometry_msgs: 5.3.5 (/opt/ros/jazzy/share/geometry_msgs/cmake)
[0mThe root directory is /opt/ros/jazzy/share/fastrtps_cmake_module/cmake/Modules[0m
-- Found ament_lint_auto: 0.17.1 (/opt/ros/jazzy/share/ament_lint_auto/cmake)
WARNING: Package name "ariaNode" does not follow the naming conventions. It should start with a lower case letter and only contain lower case letters, digits, underscores, and dashes.
-- Added test 'cppcheck' to perform static code analysis on C / C++ code
-- Configured cppcheck include dirs: 
-- Configured cppcheck exclude dirs and/or files: 
-- Added test 'lint_cmake' to check CMake code style
-- Added test 'uncrustify' to check C / C++ code style
-- Configured uncrustify additional arguments: 
-- Added test 'xmllint' to check XML markup files
-- Configuring done (2.4s)
-- Generating done (0.0s)
-- Build files have been written to: /workspace/ros_ws/src/build/ariaNode
[ 50%] [32mBuilding CXX object CMakeFiles/ariaNode.dir/src/ariaNode.cpp.o[0m
[100%] [32m[1mLinking CXX executable ariaNode[0m
[100%] Built target ariaNode
-- Install configuration: ""
-- Installing: /workspace/ros_ws/src/install/ariaNode/lib/ariaNode/ariaNode
-- Set non-toolchain portion of runtime path of "/workspace/ros_ws/src/install/ariaNode/lib/ariaNode/ariaNode" to ""
-- Installing: /workspace/ros_ws/src/install/ariaNode/share/ament_index/resource_index/package_run_dependencies/ariaNode
-- Installing: /workspace/ros_ws/src/install/ariaNode/share/ament_index/resource_index/parent_prefix_path/ariaNode
-- Installing: /workspace/ros_ws/src/install/ariaNode/share/ariaNode/environment/ament_prefix_path.sh
-- Installing: /workspace/ros_ws/src/install/ariaNode/share/ariaNode/environment/ament_prefix_path.dsv
-- Installing: /workspace/ros_ws/src/install/ariaNode/share/ariaNode/environment/path.sh
-- Installing: /workspace/ros_ws/src/install/ariaNode/share/ariaNode/environment/path.dsv
-- Installing: /workspace/ros_ws/src/install/ariaNode/share/ariaNode/local_setup.bash
-- Installing: /workspace/ros_ws/src/install/ariaNode/share/ariaNode/local_setup.sh
-- Installing: /workspace/ros_ws/src/install/ariaNode/share/ariaNode/local_setup.zsh
-- Installing: /workspace/ros_ws/src/install/ariaNode/share/ariaNode/local_setup.dsv
-- Installing: /workspace/ros_ws/src/install/ariaNode/share/ariaNode/package.dsv
-- Installing: /workspace/ros_ws/src/install/ariaNode/share/ament_index/resource_index/packages/ariaNode
-- Installing: /workspace/ros_ws/src/install/ariaNode/share/ariaNode/cmake/ariaNodeConfig.cmake
-- Installing: /workspace/ros_ws/src/install/ariaNode/share/ariaNode/cmake/ariaNodeConfig-version.cmake
-- Installing: /workspace/ros_ws/src/install/ariaNode/share/ariaNode/package.xml
