[0.069s] Invoking command in '/workspace/ros_ws/src/build/ariaNode': CMAKE_PREFIX_PATH=${CMAKE_PREFIX_PATH}:/opt/ros/jazzy /usr/bin/cmake /workspace/ros_ws/src/ariaNode -DCMAKE_INSTALL_PREFIX=/workspace/ros_ws/src/install/ariaNode
[0.560s] -- The C compiler identification is GNU 13.3.0
[0.775s] -- The CXX compiler identification is GNU 13.3.0
[0.797s] -- Detecting C compiler ABI info
[0.923s] -- Detecting C compiler ABI info - done
[0.941s] -- Check for working C compiler: /usr/bin/cc - skipped
[0.942s] -- Detecting C compile features
[0.944s] -- Detecting C compile features - done
[0.955s] -- Detecting CXX compiler ABI info
[1.075s] -- Detecting CXX compiler ABI info - done
[1.087s] -- Check for working CXX compiler: /usr/bin/c++ - skipped
[1.087s] -- Detecting CXX compile features
[1.088s] -- Detecting CXX compile features - done
[1.117s] -- Found ament_cmake: 2.5.3 (/opt/ros/jazzy/share/ament_cmake/cmake)
[1.344s] -- Found Python3: /usr/bin/python3 (found version "3.12.3") found components: Interpreter 
[1.530s] -- Found rclcpp: 28.1.6 (/opt/ros/jazzy/share/rclcpp/cmake)
[1.609s] -- Found rosidl_generator_c: 4.6.5 (/opt/ros/jazzy/share/rosidl_generator_c/cmake)
[1.641s] -- Found rosidl_generator_cpp: 4.6.5 (/opt/ros/jazzy/share/rosidl_generator_cpp/cmake)
[1.674s] -- Using all available rosidl_typesupport_c: rosidl_typesupport_fastrtps_c;rosidl_typesupport_introspection_c
[1.707s] -- Using all available rosidl_typesupport_cpp: rosidl_typesupport_fastrtps_cpp;rosidl_typesupport_introspection_cpp
[1.933s] -- Found rmw_implementation_cmake: 7.3.1 (/opt/ros/jazzy/share/rmw_implementation_cmake/cmake)
[1.944s] -- Found rmw_fastrtps_cpp: 8.4.1 (/opt/ros/jazzy/share/rmw_fastrtps_cpp/cmake)
[2.160s] -- Found OpenSSL: /usr/lib/x86_64-linux-gnu/libcrypto.so (found version "3.0.13")  
[2.194s] -- Found FastRTPS: /opt/ros/jazzy/include (Required is at least version "2.13") 
[2.233s] -- Using RMW implementation 'rmw_fastrtps_cpp' as default
[2.370s] -- Found geometry_msgs: 5.3.5 (/opt/ros/jazzy/share/geometry_msgs/cmake)
[2.426s] [0mThe root directory is /opt/ros/jazzy/share/fastrtps_cmake_module/cmake/Modules[0m
[2.431s] -- Found ament_lint_auto: 0.17.1 (/opt/ros/jazzy/share/ament_lint_auto/cmake)
[2.531s] WARNING: Package name "ariaNode" does not follow the naming conventions. It should start with a lower case letter and only contain lower case letters, digits, underscores, and dashes.
[2.602s] -- Added test 'cppcheck' to perform static code analysis on C / C++ code
[2.603s] -- Configured cppcheck include dirs: 
[2.603s] -- Configured cppcheck exclude dirs and/or files: 
[2.604s] -- Added test 'lint_cmake' to check CMake code style
[2.605s] -- Added test 'uncrustify' to check C / C++ code style
[2.606s] -- Configured uncrustify additional arguments: 
[2.608s] -- Added test 'xmllint' to check XML markup files
[2.610s] -- Configuring done (2.4s)
[2.633s] -- Generating done (0.0s)
[2.638s] -- Build files have been written to: /workspace/ros_ws/src/build/ariaNode
[2.653s] Invoked command in '/workspace/ros_ws/src/build/ariaNode' returned '0': CMAKE_PREFIX_PATH=${CMAKE_PREFIX_PATH}:/opt/ros/jazzy /usr/bin/cmake /workspace/ros_ws/src/ariaNode -DCMAKE_INSTALL_PREFIX=/workspace/ros_ws/src/install/ariaNode
[2.655s] Invoking command in '/workspace/ros_ws/src/build/ariaNode': CMAKE_PREFIX_PATH=${CMAKE_PREFIX_PATH}:/opt/ros/jazzy /usr/bin/cmake --build /workspace/ros_ws/src/build/ariaNode -- -j12 -l12
[2.717s] [ 50%] [32mBuilding CXX object CMakeFiles/ariaNode.dir/src/ariaNode.cpp.o[0m
[14.688s] [100%] [32m[1mLinking CXX executable ariaNode[0m
[15.197s] [100%] Built target ariaNode
[15.213s] Invoked command in '/workspace/ros_ws/src/build/ariaNode' returned '0': CMAKE_PREFIX_PATH=${CMAKE_PREFIX_PATH}:/opt/ros/jazzy /usr/bin/cmake --build /workspace/ros_ws/src/build/ariaNode -- -j12 -l12
[15.215s] Invoking command in '/workspace/ros_ws/src/build/ariaNode': CMAKE_PREFIX_PATH=${CMAKE_PREFIX_PATH}:/opt/ros/jazzy /usr/bin/cmake --install /workspace/ros_ws/src/build/ariaNode
[15.226s] -- Install configuration: ""
[15.226s] -- Installing: /workspace/ros_ws/src/install/ariaNode/lib/ariaNode/ariaNode
[15.231s] -- Set non-toolchain portion of runtime path of "/workspace/ros_ws/src/install/ariaNode/lib/ariaNode/ariaNode" to ""
[15.231s] -- Installing: /workspace/ros_ws/src/install/ariaNode/share/ament_index/resource_index/package_run_dependencies/ariaNode
[15.231s] -- Installing: /workspace/ros_ws/src/install/ariaNode/share/ament_index/resource_index/parent_prefix_path/ariaNode
[15.232s] -- Installing: /workspace/ros_ws/src/install/ariaNode/share/ariaNode/environment/ament_prefix_path.sh
[15.232s] -- Installing: /workspace/ros_ws/src/install/ariaNode/share/ariaNode/environment/ament_prefix_path.dsv
[15.233s] -- Installing: /workspace/ros_ws/src/install/ariaNode/share/ariaNode/environment/path.sh
[15.233s] -- Installing: /workspace/ros_ws/src/install/ariaNode/share/ariaNode/environment/path.dsv
[15.233s] -- Installing: /workspace/ros_ws/src/install/ariaNode/share/ariaNode/local_setup.bash
[15.233s] -- Installing: /workspace/ros_ws/src/install/ariaNode/share/ariaNode/local_setup.sh
[15.233s] -- Installing: /workspace/ros_ws/src/install/ariaNode/share/ariaNode/local_setup.zsh
[15.233s] -- Installing: /workspace/ros_ws/src/install/ariaNode/share/ariaNode/local_setup.dsv
[15.234s] -- Installing: /workspace/ros_ws/src/install/ariaNode/share/ariaNode/package.dsv
[15.234s] -- Installing: /workspace/ros_ws/src/install/ariaNode/share/ament_index/resource_index/packages/ariaNode
[15.234s] -- Installing: /workspace/ros_ws/src/install/ariaNode/share/ariaNode/cmake/ariaNodeConfig.cmake
[15.234s] -- Installing: /workspace/ros_ws/src/install/ariaNode/share/ariaNode/cmake/ariaNodeConfig-version.cmake
[15.234s] -- Installing: /workspace/ros_ws/src/install/ariaNode/share/ariaNode/package.xml
[15.237s] Invoked command in '/workspace/ros_ws/src/build/ariaNode' returned '0': CMAKE_PREFIX_PATH=${CMAKE_PREFIX_PATH}:/opt/ros/jazzy /usr/bin/cmake --install /workspace/ros_ws/src/build/ariaNode
