[0.170s] DEBUG:colcon:Command line arguments: ['/usr/bin/colcon', 'build']
[0.170s] DEBUG:colcon:Parsed command line arguments: Namespace(log_base=None, log_level=None, verb_name='build', build_base='build', install_base='install', merge_install=False, symlink_install=False, test_result_base=None, continue_on_error=False, executor='parallel', parallel_workers=12, event_handlers=None, ignore_user_meta=False, metas=['./colcon.meta'], base_paths=['.'], packages_ignore=None, packages_ignore_regex=None, paths=None, packages_up_to=None, packages_up_to_regex=None, packages_above=None, packages_above_and_dependencies=None, packages_above_depth=None, packages_select_by_dep=None, packages_skip_by_dep=None, packages_skip_up_to=None, packages_select_build_failed=False, packages_skip_build_finished=False, packages_select_test_failures=False, packages_skip_test_passed=False, packages_select=None, packages_skip=None, packages_select_regex=None, packages_skip_regex=None, packages_start=None, packages_end=None, cmake_args=None, cmake_target=None, cmake_target_skip_unavailable=False, cmake_clean_cache=False, cmake_clean_first=False, cmake_force_configure=False, ament_cmake_args=None, catkin_cmake_args=None, catkin_skip_building_tests=False, mixin_files=None, mixin=None, verb_parser=<colcon_mixin.mixin.mixin_argument.MixinArgumentDecorator object at 0x7fb37e74d520>, verb_extension=<colcon_core.verb.build.BuildVerb object at 0x7fb37e8c9b80>, main=<bound method BuildVerb.main of <colcon_core.verb.build.BuildVerb object at 0x7fb37e8c9b80>>, mixin_verb=('build',))
[0.250s] Level 1:colcon.colcon_core.package_discovery:discover_packages(colcon_meta) check parameters
[0.251s] INFO:colcon.colcon_metadata.package_discovery.colcon_meta:Using configuration from '/root/.colcon/metadata/default/Gazebo.meta'
[0.252s] INFO:colcon.colcon_metadata.package_discovery.colcon_meta:Using configuration from '/root/.colcon/metadata/default/fastrtps.meta'
[0.252s] Level 1:colcon.colcon_core.package_discovery:discover_packages(recursive) check parameters
[0.252s] Level 1:colcon.colcon_core.package_discovery:discover_packages(ignore) check parameters
[0.252s] Level 1:colcon.colcon_core.package_discovery:discover_packages(path) check parameters
[0.252s] Level 1:colcon.colcon_core.package_discovery:discover_packages(colcon_meta) discover
[0.252s] Level 1:colcon.colcon_core.package_discovery:discover_packages(recursive) discover
[0.252s] INFO:colcon.colcon_core.package_discovery:Crawling recursively for packages in '/workspace/ros_ws/src/master'
[0.252s] Level 1:colcon.colcon_core.package_identification:_identify(.) by extensions ['ignore', 'ignore_ament_install']
[0.252s] Level 1:colcon.colcon_core.package_identification:_identify(.) by extension 'ignore'
[0.258s] Level 1:colcon.colcon_core.package_identification:_identify(.) by extension 'ignore_ament_install'
[0.259s] Level 1:colcon.colcon_core.package_identification:_identify(.) by extensions ['colcon_pkg']
[0.260s] Level 1:colcon.colcon_core.package_identification:_identify(.) by extension 'colcon_pkg'
[0.261s] Level 1:colcon.colcon_core.package_identification:_identify(.) by extensions ['colcon_meta']
[0.262s] Level 1:colcon.colcon_core.package_identification:_identify(.) by extension 'colcon_meta'
[0.262s] Level 1:colcon.colcon_core.package_identification:_identify(.) by extensions ['ros']
[0.262s] Level 1:colcon.colcon_core.package_identification:_identify(.) by extension 'ros'
[0.339s] DEBUG:colcon.colcon_core.package_identification:Package '.' with type 'ros.ament_cmake' and name 'master'
[0.339s] Level 1:colcon.colcon_core.package_discovery:discover_packages(recursive) using defaults
[0.340s] Level 1:colcon.colcon_core.package_discovery:discover_packages(ignore) discover
[0.340s] Level 1:colcon.colcon_core.package_discovery:discover_packages(ignore) using defaults
[0.340s] Level 1:colcon.colcon_core.package_discovery:discover_packages(path) discover
[0.340s] Level 1:colcon.colcon_core.package_discovery:discover_packages(path) using defaults
[0.380s] Level 5:colcon.colcon_core.verb:set package 'master' build argument 'cmake_args' from command line to 'None'
[0.380s] Level 5:colcon.colcon_core.verb:set package 'master' build argument 'cmake_target' from command line to 'None'
[0.381s] Level 5:colcon.colcon_core.verb:set package 'master' build argument 'cmake_target_skip_unavailable' from command line to 'False'
[0.381s] Level 5:colcon.colcon_core.verb:set package 'master' build argument 'cmake_clean_cache' from command line to 'False'
[0.381s] Level 5:colcon.colcon_core.verb:set package 'master' build argument 'cmake_clean_first' from command line to 'False'
[0.381s] Level 5:colcon.colcon_core.verb:set package 'master' build argument 'cmake_force_configure' from command line to 'False'
[0.381s] Level 5:colcon.colcon_core.verb:set package 'master' build argument 'ament_cmake_args' from command line to 'None'
[0.381s] Level 5:colcon.colcon_core.verb:set package 'master' build argument 'catkin_cmake_args' from command line to 'None'
[0.381s] Level 5:colcon.colcon_core.verb:set package 'master' build argument 'catkin_skip_building_tests' from command line to 'False'
[0.381s] DEBUG:colcon.colcon_core.verb:Building package 'master' with the following arguments: {'ament_cmake_args': None, 'build_base': '/workspace/ros_ws/src/master/build/master', 'catkin_cmake_args': None, 'catkin_skip_building_tests': False, 'cmake_args': None, 'cmake_clean_cache': False, 'cmake_clean_first': False, 'cmake_force_configure': False, 'cmake_target': None, 'cmake_target_skip_unavailable': False, 'install_base': '/workspace/ros_ws/src/master/install/master', 'merge_install': False, 'path': '/workspace/ros_ws/src/master', 'symlink_install': False, 'test_result_base': None}
[0.381s] INFO:colcon.colcon_core.executor:Executing jobs using 'parallel' executor
[0.384s] DEBUG:colcon.colcon_parallel_executor.executor.parallel:run_until_complete
[0.384s] INFO:colcon.colcon_ros.task.ament_cmake.build:Building ROS package in '/workspace/ros_ws/src/master' with build type 'ament_cmake'
[0.385s] INFO:colcon.colcon_cmake.task.cmake.build:Building CMake package in '/workspace/ros_ws/src/master'
[0.395s] INFO:colcon.colcon_core.plugin_system:Skipping extension 'colcon_core.shell.bat': Not used on non-Windows systems
[0.396s] INFO:colcon.colcon_core.shell:Skip shell extension 'powershell' for command environment: Not usable outside of PowerShell
[0.396s] DEBUG:colcon.colcon_core.shell:Skip shell extension 'dsv' for command environment
[0.430s] DEBUG:colcon.colcon_core.event_handler.log_command:Invoking command in '/workspace/ros_ws/src/master/build/master': CMAKE_PREFIX_PATH=${CMAKE_PREFIX_PATH}:/opt/ros/jazzy /usr/bin/cmake --build /workspace/ros_ws/src/master/build/master -- -j12 -l12
[15.141s] DEBUG:colcon.colcon_core.event_handler.log_command:Invoked command in '/workspace/ros_ws/src/master/build/master' returned '0': CMAKE_PREFIX_PATH=${CMAKE_PREFIX_PATH}:/opt/ros/jazzy /usr/bin/cmake --build /workspace/ros_ws/src/master/build/master -- -j12 -l12
[15.152s] DEBUG:colcon.colcon_core.event_handler.log_command:Invoking command in '/workspace/ros_ws/src/master/build/master': CMAKE_PREFIX_PATH=${CMAKE_PREFIX_PATH}:/opt/ros/jazzy /usr/bin/cmake --install /workspace/ros_ws/src/master/build/master
[15.176s] Level 1:colcon.colcon_core.environment:create_environment_scripts_only(master)
[15.176s] DEBUG:colcon.colcon_core.event_handler.log_command:Invoked command in '/workspace/ros_ws/src/master/build/master' returned '0': CMAKE_PREFIX_PATH=${CMAKE_PREFIX_PATH}:/opt/ros/jazzy /usr/bin/cmake --install /workspace/ros_ws/src/master/build/master
[15.179s] Level 1:colcon.colcon_core.environment:checking '/workspace/ros_ws/src/master/install/master' for CMake module files
[15.179s] Level 1:colcon.colcon_core.environment:checking '/workspace/ros_ws/src/master/install/master' for CMake config files
[15.180s] Level 1:colcon.colcon_core.shell:create_environment_hook('master', 'cmake_prefix_path')
[15.180s] INFO:colcon.colcon_core.shell:Creating environment hook '/workspace/ros_ws/src/master/install/master/share/master/hook/cmake_prefix_path.ps1'
[15.181s] INFO:colcon.colcon_core.shell:Creating environment descriptor '/workspace/ros_ws/src/master/install/master/share/master/hook/cmake_prefix_path.dsv'
[15.181s] INFO:colcon.colcon_core.shell:Creating environment hook '/workspace/ros_ws/src/master/install/master/share/master/hook/cmake_prefix_path.sh'
[15.182s] Level 1:colcon.colcon_core.environment:checking '/workspace/ros_ws/src/master/install/master/lib'
[15.182s] Level 1:colcon.colcon_core.environment:checking '/workspace/ros_ws/src/master/install/master/bin'
[15.182s] Level 1:colcon.colcon_core.environment:checking '/workspace/ros_ws/src/master/install/master/lib/pkgconfig/master.pc'
[15.186s] Level 1:colcon.colcon_core.environment:checking '/workspace/ros_ws/src/master/install/master/lib/python3.12/site-packages'
[15.186s] Level 1:colcon.colcon_core.environment:checking '/workspace/ros_ws/src/master/install/master/bin'
[15.187s] INFO:colcon.colcon_core.shell:Creating package script '/workspace/ros_ws/src/master/install/master/share/master/package.ps1'
[15.188s] INFO:colcon.colcon_core.shell:Creating package descriptor '/workspace/ros_ws/src/master/install/master/share/master/package.dsv'
[15.189s] INFO:colcon.colcon_core.shell:Creating package script '/workspace/ros_ws/src/master/install/master/share/master/package.sh'
[15.190s] INFO:colcon.colcon_core.shell:Creating package script '/workspace/ros_ws/src/master/install/master/share/master/package.bash'
[15.190s] INFO:colcon.colcon_core.shell:Creating package script '/workspace/ros_ws/src/master/install/master/share/master/package.zsh'
[15.191s] Level 1:colcon.colcon_core.environment:create_file_with_runtime_dependencies(/workspace/ros_ws/src/master/install/master/share/colcon-core/packages/master)
[15.192s] Level 1:colcon.colcon_core.environment:create_environment_scripts_only(master)
[15.192s] Level 1:colcon.colcon_core.environment:checking '/workspace/ros_ws/src/master/install/master' for CMake module files
[15.193s] Level 1:colcon.colcon_core.environment:checking '/workspace/ros_ws/src/master/install/master' for CMake config files
[15.193s] Level 1:colcon.colcon_core.shell:create_environment_hook('master', 'cmake_prefix_path')
[15.193s] INFO:colcon.colcon_core.shell:Creating environment hook '/workspace/ros_ws/src/master/install/master/share/master/hook/cmake_prefix_path.ps1'
[15.193s] INFO:colcon.colcon_core.shell:Creating environment descriptor '/workspace/ros_ws/src/master/install/master/share/master/hook/cmake_prefix_path.dsv'
[15.194s] INFO:colcon.colcon_core.shell:Creating environment hook '/workspace/ros_ws/src/master/install/master/share/master/hook/cmake_prefix_path.sh'
[15.195s] Level 1:colcon.colcon_core.environment:checking '/workspace/ros_ws/src/master/install/master/lib'
[15.195s] Level 1:colcon.colcon_core.environment:checking '/workspace/ros_ws/src/master/install/master/bin'
[15.195s] Level 1:colcon.colcon_core.environment:checking '/workspace/ros_ws/src/master/install/master/lib/pkgconfig/master.pc'
[15.195s] Level 1:colcon.colcon_core.environment:checking '/workspace/ros_ws/src/master/install/master/lib/python3.12/site-packages'
[15.196s] Level 1:colcon.colcon_core.environment:checking '/workspace/ros_ws/src/master/install/master/bin'
[15.196s] INFO:colcon.colcon_core.shell:Creating package script '/workspace/ros_ws/src/master/install/master/share/master/package.ps1'
[15.197s] INFO:colcon.colcon_core.shell:Creating package descriptor '/workspace/ros_ws/src/master/install/master/share/master/package.dsv'
[15.197s] INFO:colcon.colcon_core.shell:Creating package script '/workspace/ros_ws/src/master/install/master/share/master/package.sh'
[15.198s] INFO:colcon.colcon_core.shell:Creating package script '/workspace/ros_ws/src/master/install/master/share/master/package.bash'
[15.198s] INFO:colcon.colcon_core.shell:Creating package script '/workspace/ros_ws/src/master/install/master/share/master/package.zsh'
[15.199s] Level 1:colcon.colcon_core.environment:create_file_with_runtime_dependencies(/workspace/ros_ws/src/master/install/master/share/colcon-core/packages/master)
[15.199s] DEBUG:colcon.colcon_parallel_executor.executor.parallel:closing loop
[15.200s] DEBUG:colcon.colcon_parallel_executor.executor.parallel:loop closed
[15.200s] DEBUG:colcon.colcon_parallel_executor.executor.parallel:run_until_complete finished with '0'
[15.200s] DEBUG:colcon.colcon_core.event_reactor:joining thread
[15.206s] INFO:colcon.colcon_core.plugin_system:Skipping extension 'colcon_notification.desktop_notification.notify_send': Could not find 'notify-send'
[15.207s] INFO:colcon.colcon_core.plugin_system:Skipping extension 'colcon_notification.desktop_notification.terminal_notifier': Not used on non-Darwin systems
[15.207s] INFO:colcon.colcon_core.plugin_system:Skipping extension 'colcon_notification.desktop_notification.win32': Not used on non-Windows systems
[15.207s] INFO:colcon.colcon_notification.desktop_notification:Sending desktop notification using 'notify2'
[15.210s] DEBUG:colcon.colcon_notification.desktop_notification.notify2:Failed to initialize notify2: org.freedesktop.DBus.Error.Spawn.ExecFailed: /usr/bin/dbus-launch terminated abnormally without any error message
[15.210s] DEBUG:colcon.colcon_core.event_reactor:joined thread
[15.211s] INFO:colcon.colcon_core.shell:Creating prefix script '/workspace/ros_ws/src/master/install/local_setup.ps1'
[15.212s] INFO:colcon.colcon_core.shell:Creating prefix util module '/workspace/ros_ws/src/master/install/_local_setup_util_ps1.py'
[15.214s] INFO:colcon.colcon_core.shell:Creating prefix chain script '/workspace/ros_ws/src/master/install/setup.ps1'
[15.215s] INFO:colcon.colcon_core.shell:Creating prefix script '/workspace/ros_ws/src/master/install/local_setup.sh'
[15.219s] INFO:colcon.colcon_core.shell:Creating prefix util module '/workspace/ros_ws/src/master/install/_local_setup_util_sh.py'
[15.222s] INFO:colcon.colcon_core.shell:Creating prefix chain script '/workspace/ros_ws/src/master/install/setup.sh'
[15.224s] INFO:colcon.colcon_core.shell:Creating prefix script '/workspace/ros_ws/src/master/install/local_setup.bash'
[15.225s] INFO:colcon.colcon_core.shell:Creating prefix chain script '/workspace/ros_ws/src/master/install/setup.bash'
[15.226s] INFO:colcon.colcon_core.shell:Creating prefix script '/workspace/ros_ws/src/master/install/local_setup.zsh'
[15.226s] INFO:colcon.colcon_core.shell:Creating prefix chain script '/workspace/ros_ws/src/master/install/setup.zsh'
