[0.022s] Invoking command in '/workspace/ros_ws/src/master/build/master': CMAKE_PREFIX_PATH=${CMAKE_PREFIX_PATH}:/opt/ros/jazzy /usr/bin/cmake --build /workspace/ros_ws/src/master/build/master -- -j12 -l12
[0.056s] -- Found ament_cmake: 2.5.3 (/opt/ros/jazzy/share/ament_cmake/cmake)
[0.391s] -- Found rclcpp_components: 28.1.6 (/opt/ros/jazzy/share/rclcpp_components/cmake)
[0.439s] -- Found rosidl_generator_c: 4.6.5 (/opt/ros/jazzy/share/rosidl_generator_c/cmake)
[0.450s] -- Found rosidl_generator_cpp: 4.6.5 (/opt/ros/jazzy/share/rosidl_generator_cpp/cmake)
[0.464s] -- Using all available rosidl_typesupport_c: rosidl_typesupport_fastrtps_c;rosidl_typesupport_introspection_c
[0.479s] -- Using all available rosidl_typesupport_cpp: rosidl_typesupport_fastrtps_cpp;rosidl_typesupport_introspection_cpp
[0.606s] -- Found rmw_implementation_cmake: 7.3.1 (/opt/ros/jazzy/share/rmw_implementation_cmake/cmake)
[0.610s] -- Found rmw_fastrtps_cpp: 8.4.1 (/opt/ros/jazzy/share/rmw_fastrtps_cpp/cmake)
[0.708s] -- Using RMW implementation 'rmw_fastrtps_cpp' as default
[0.802s] -- Found std_msgs: 5.3.5 (/opt/ros/jazzy/share/std_msgs/cmake)
[0.824s] -- Found geometry_msgs: 5.3.5 (/opt/ros/jazzy/share/geometry_msgs/cmake)
[0.867s] -- Found teleop_twist_joy: 2.6.2 (/opt/ros/jazzy/share/teleop_twist_joy/cmake)
[0.887s] [33mCMake Warning at CMakeLists.txt:15 (find_package):
[0.887s]   By not providing "Findros.cmake" in CMAKE_MODULE_PATH this project has
[0.887s]   asked CMake to find a package configuration file provided by "ros", but
[0.887s]   CMake did not find one.
[0.888s] 
[0.888s]   Could not find a package configuration file provided by "ros" with any of
[0.888s]   the following names:
[0.888s] 
[0.888s]     rosConfig.cmake
[0.888s]     ros-config.cmake
[0.888s] 
[0.888s]   Add the installation prefix of "ros" to CMAKE_PREFIX_PATH or set "ros_DIR"
[0.889s]   to a directory containing one of the above files.  If "ros" provides a
[0.889s]   separate development package or SDK, be sure it has been installed.
[0.889s] 
[0.889s] [0m
[0.889s] -- Found ament_lint_auto: 0.17.1 (/opt/ros/jazzy/share/ament_lint_auto/cmake)
[1.036s] -- Added test 'cppcheck' to perform static code analysis on C / C++ code
[1.037s] -- Configured cppcheck include dirs: 
[1.037s] -- Configured cppcheck exclude dirs and/or files: 
[1.038s] -- Added test 'flake8' to check Python code syntax and style conventions
[1.039s] -- Configured 'flake8' exclude dirs and/or files: 
[1.043s] -- Added test 'lint_cmake' to check CMake code style
[1.048s] -- Added test 'pep257' to check Python code against some of the docstring style conventions in PEP 257
[1.056s] -- Added test 'uncrustify' to check C / C++ code style
[1.057s] -- Configured uncrustify additional arguments: 
[1.058s] -- Added test 'xmllint' to check XML markup files
[1.059s] -- Configuring done (1.0s)
[1.072s] -- Generating done (0.0s)
[1.072s] [31mCMake Error at /opt/ros/jazzy/share/teleop_twist_joy/cmake/export_teleop_twist_joyExport.cmake:61 (set_target_properties):
[1.072s]   The link interface of target "teleop_twist_joy::teleop_twist_joy" contains:
[1.072s] 
[1.072s]     sensor_msgs::sensor_msgs__rosidl_generator_c
[1.073s] 
[1.073s]   but the target was not found.  Possible reasons include:
[1.073s] 
[1.073s]     * There is a typo in the target name.
[1.073s]     * A find_package call is missing for an IMPORTED target.
[1.073s]     * An ALIAS target is missing.
[1.073s] 
[1.073s] Call Stack (most recent call first):
[1.073s]   /opt/ros/jazzy/share/teleop_twist_joy/cmake/ament_cmake_export_targets-extras.cmake:9 (include)
[1.073s]   /opt/ros/jazzy/share/teleop_twist_joy/cmake/teleop_twist_joyConfig.cmake:41 (include)
[1.073s]   CMakeLists.txt:14 (find_package)
[1.073s] 
[1.073s] [0m
[1.075s] [0mCMake Generate step failed.  Build files cannot be regenerated correctly.[0m
[1.086s] gmake: *** [Makefile:267: cmake_check_build_system] Error 1
[1.088s] Invoked command in '/workspace/ros_ws/src/master/build/master' returned '2': CMAKE_PREFIX_PATH=${CMAKE_PREFIX_PATH}:/opt/ros/jazzy /usr/bin/cmake --build /workspace/ros_ws/src/master/build/master -- -j12 -l12
