[2.440s] Invoking command in '/workspace/ros_ws/build/digit_recognition': PYTHONPATH=/workspace/ros_ws/build/digit_recognition/prefix_override:/usr/lib/python3/dist-packages/colcon_core/task/python/colcon_distutils_commands:/workspace/ros_ws/install/digit_recognition/lib/python3.12/site-packages:${PYTHONPATH} /usr/bin/python3 -W ignore:setup.py install is deprecated -W ignore:easy_install command is deprecated setup.py develop --uninstall --editable --build-directory /workspace/ros_ws/build/digit_recognition/build
[3.660s] running develop
[4.003s] Removing /workspace/ros_ws/install/digit_recognition/lib/python3.12/site-packages/digit-recognition.egg-link (link to .)
[4.073s] Invoked command in '/workspace/ros_ws/build/digit_recognition' returned '0': PYTHONPATH=/workspace/ros_ws/build/digit_recognition/prefix_override:/usr/lib/python3/dist-packages/colcon_core/task/python/colcon_distutils_commands:/workspace/ros_ws/install/digit_recognition/lib/python3.12/site-packages:${PYTHONPATH} /usr/bin/python3 -W ignore:setup.py install is deprecated -W ignore:easy_install command is deprecated setup.py develop --uninstall --editable --build-directory /workspace/ros_ws/build/digit_recognition/build
[4.073s] Invoking command in '/workspace/ros_ws/src/digit_recognition': PYTHONPATH=/workspace/ros_ws/build/digit_recognition/prefix_override:/usr/lib/python3/dist-packages/colcon_core/task/python/colcon_distutils_commands:/workspace/ros_ws/install/digit_recognition/lib/python3.12/site-packages:${PYTHONPATH} /usr/bin/python3 -W ignore:setup.py install is deprecated -W ignore:easy_install command is deprecated setup.py egg_info --egg-base ../../build/digit_recognition build --build-base /workspace/ros_ws/build/digit_recognition/build install --record /workspace/ros_ws/build/digit_recognition/install.log --single-version-externally-managed install_data --force
[4.830s] running egg_info
[4.856s] writing ../../build/digit_recognition/digit_recognition.egg-info/PKG-INFO
[4.859s] writing dependency_links to ../../build/digit_recognition/digit_recognition.egg-info/dependency_links.txt
[4.860s] writing entry points to ../../build/digit_recognition/digit_recognition.egg-info/entry_points.txt
[4.861s] writing requirements to ../../build/digit_recognition/digit_recognition.egg-info/requires.txt
[4.861s] writing top-level names to ../../build/digit_recognition/digit_recognition.egg-info/top_level.txt
[4.984s] reading manifest file '../../build/digit_recognition/digit_recognition.egg-info/SOURCES.txt'
[4.986s] writing manifest file '../../build/digit_recognition/digit_recognition.egg-info/SOURCES.txt'
[4.986s] running build
[4.986s] running build_py
[4.992s] running install
[5.019s] running install_lib
[5.053s] creating /workspace/ros_ws/install/digit_recognition/lib/python3.12/site-packages/digit_recognition
[5.053s] copying /workspace/ros_ws/build/digit_recognition/build/lib/digit_recognition/__init__.py -> /workspace/ros_ws/install/digit_recognition/lib/python3.12/site-packages/digit_recognition
[5.053s] copying /workspace/ros_ws/build/digit_recognition/build/lib/digit_recognition/model.py -> /workspace/ros_ws/install/digit_recognition/lib/python3.12/site-packages/digit_recognition
[5.053s] copying /workspace/ros_ws/build/digit_recognition/build/lib/digit_recognition/digit_recognition_node.py -> /workspace/ros_ws/install/digit_recognition/lib/python3.12/site-packages/digit_recognition
[5.054s] byte-compiling /workspace/ros_ws/install/digit_recognition/lib/python3.12/site-packages/digit_recognition/__init__.py to __init__.cpython-312.pyc
[5.054s] byte-compiling /workspace/ros_ws/install/digit_recognition/lib/python3.12/site-packages/digit_recognition/model.py to model.cpython-312.pyc
[5.054s] byte-compiling /workspace/ros_ws/install/digit_recognition/lib/python3.12/site-packages/digit_recognition/digit_recognition_node.py to digit_recognition_node.cpython-312.pyc
[5.056s] running install_data
[5.058s] copying package.xml -> /workspace/ros_ws/install/digit_recognition/share/digit_recognition
[5.058s] copying model/mnist_cnn_model.pth -> /workspace/ros_ws/install/digit_recognition/share/digit_recognition/model
[5.058s] running install_egg_info
[5.086s] Copying ../../build/digit_recognition/digit_recognition.egg-info to /workspace/ros_ws/install/digit_recognition/lib/python3.12/site-packages/digit_recognition-0.0.0-py3.12.egg-info
[5.089s] running install_scripts
[5.443s] Installing digit_recognition_node script to /workspace/ros_ws/install/digit_recognition/lib/digit_recognition
[5.446s] writing list of installed files to '/workspace/ros_ws/build/digit_recognition/install.log'
[5.566s] Invoked command in '/workspace/ros_ws/src/digit_recognition' returned '0': PYTHONPATH=/workspace/ros_ws/build/digit_recognition/prefix_override:/usr/lib/python3/dist-packages/colcon_core/task/python/colcon_distutils_commands:/workspace/ros_ws/install/digit_recognition/lib/python3.12/site-packages:${PYTHONPATH} /usr/bin/python3 -W ignore:setup.py install is deprecated -W ignore:easy_install command is deprecated setup.py egg_info --egg-base ../../build/digit_recognition build --build-base /workspace/ros_ws/build/digit_recognition/build install --record /workspace/ros_ws/build/digit_recognition/install.log --single-version-externally-managed install_data --force
