[0.085s] Invoking command in '/workspace/ros_ws/build/nav2_costmap_filters_demo': CMAKE_PREFIX_PATH=${CMAKE_PREFIX_PATH}:/opt/ros/jazzy /usr/bin/cmake /workspace/ros_ws/src/nav2_costmap_filters_demo -DCMAKE_INSTALL_PREFIX=/workspace/ros_ws/install/nav2_costmap_filters_demo
[0.482s] -- The C compiler identification is GNU 13.3.0
[0.725s] -- The CXX compiler identification is GNU 13.3.0
[0.753s] -- Detecting C compiler ABI info
[0.918s] -- Detecting C compiler ABI info - done
[0.936s] -- Check for working C compiler: /usr/bin/cc - skipped
[0.937s] -- Detecting C compile features
[0.937s] -- Detecting C compile features - done
[0.954s] -- Detecting CXX compiler ABI info
[1.140s] -- Detecting CXX compiler ABI info - done
[1.156s] -- Check for working CXX compiler: /usr/bin/c++ - skipped
[1.157s] -- Detecting CXX compile features
[1.158s] -- Detecting CXX compile features - done
[1.188s] -- Found ament_cmake: 2.5.3 (/opt/ros/jazzy/share/ament_cmake/cmake)
[1.523s] -- Found Python3: /usr/bin/python3 (found version "3.12.3") found components: Interpreter 
[1.991s] -- Configuring done (1.9s)
[1.995s] -- Generating done (0.0s)
[1.998s] -- Build files have been written to: /workspace/ros_ws/build/nav2_costmap_filters_demo
[2.007s] Invoked command in '/workspace/ros_ws/build/nav2_costmap_filters_demo' returned '0': CMAKE_PREFIX_PATH=${CMAKE_PREFIX_PATH}:/opt/ros/jazzy /usr/bin/cmake /workspace/ros_ws/src/nav2_costmap_filters_demo -DCMAKE_INSTALL_PREFIX=/workspace/ros_ws/install/nav2_costmap_filters_demo
[2.008s] Invoking command in '/workspace/ros_ws/build/nav2_costmap_filters_demo': CMAKE_PREFIX_PATH=${CMAKE_PREFIX_PATH}:/opt/ros/jazzy /usr/bin/cmake --build /workspace/ros_ws/build/nav2_costmap_filters_demo -- -j12 -l12
[2.059s] Invoked command in '/workspace/ros_ws/build/nav2_costmap_filters_demo' returned '0': CMAKE_PREFIX_PATH=${CMAKE_PREFIX_PATH}:/opt/ros/jazzy /usr/bin/cmake --build /workspace/ros_ws/build/nav2_costmap_filters_demo -- -j12 -l12
[2.062s] Invoking command in '/workspace/ros_ws/build/nav2_costmap_filters_demo': CMAKE_PREFIX_PATH=${CMAKE_PREFIX_PATH}:/opt/ros/jazzy /usr/bin/cmake --install /workspace/ros_ws/build/nav2_costmap_filters_demo
[2.074s] -- Install configuration: ""
[2.074s] -- Installing: /workspace/ros_ws/install/nav2_costmap_filters_demo/share/nav2_costmap_filters_demo/launch
[2.075s] -- Installing: /workspace/ros_ws/install/nav2_costmap_filters_demo/share/nav2_costmap_filters_demo/launch/costmap_filter_info.launch.py
[2.075s] -- Installing: /workspace/ros_ws/install/nav2_costmap_filters_demo/share/nav2_costmap_filters_demo/launch/costmap_filter_info.launch.py:Zone.Identifier
[2.076s] -- Installing: /workspace/ros_ws/install/nav2_costmap_filters_demo/share/nav2_costmap_filters_demo/maps
[2.076s] -- Installing: /workspace/ros_ws/install/nav2_costmap_filters_demo/share/nav2_costmap_filters_demo/maps/speed_mask.yaml
[2.076s] -- Installing: /workspace/ros_ws/install/nav2_costmap_filters_demo/share/nav2_costmap_filters_demo/maps/keepout_mask.pgm:Zone.Identifier
[2.076s] -- Installing: /workspace/ros_ws/install/nav2_costmap_filters_demo/share/nav2_costmap_filters_demo/maps/keepout_mask.yaml
[2.076s] -- Installing: /workspace/ros_ws/install/nav2_costmap_filters_demo/share/nav2_costmap_filters_demo/maps/keepout_mask.pgm
[2.077s] -- Installing: /workspace/ros_ws/install/nav2_costmap_filters_demo/share/nav2_costmap_filters_demo/maps/speed_mask.yaml:Zone.Identifier
[2.077s] -- Installing: /workspace/ros_ws/install/nav2_costmap_filters_demo/share/nav2_costmap_filters_demo/maps/speed_mask.pgm
[2.077s] -- Installing: /workspace/ros_ws/install/nav2_costmap_filters_demo/share/nav2_costmap_filters_demo/maps/speed_mask.pgm:Zone.Identifier
[2.077s] -- Installing: /workspace/ros_ws/install/nav2_costmap_filters_demo/share/nav2_costmap_filters_demo/maps/keepout_mask.yaml:Zone.Identifier
[2.078s] -- Installing: /workspace/ros_ws/install/nav2_costmap_filters_demo/share/nav2_costmap_filters_demo/params
[2.078s] -- Installing: /workspace/ros_ws/install/nav2_costmap_filters_demo/share/nav2_costmap_filters_demo/params/keepout_params.yaml
[2.078s] -- Installing: /workspace/ros_ws/install/nav2_costmap_filters_demo/share/nav2_costmap_filters_demo/params/speed_params.yaml
[2.079s] -- Installing: /workspace/ros_ws/install/nav2_costmap_filters_demo/share/nav2_costmap_filters_demo/params/keepout_params.yaml:Zone.Identifier
[2.079s] -- Installing: /workspace/ros_ws/install/nav2_costmap_filters_demo/share/nav2_costmap_filters_demo/params/speed_params.yaml:Zone.Identifier
[2.079s] -- Installing: /workspace/ros_ws/install/nav2_costmap_filters_demo/share/ament_index/resource_index/package_run_dependencies/nav2_costmap_filters_demo
[2.079s] -- Installing: /workspace/ros_ws/install/nav2_costmap_filters_demo/share/ament_index/resource_index/parent_prefix_path/nav2_costmap_filters_demo
[2.079s] -- Installing: /workspace/ros_ws/install/nav2_costmap_filters_demo/share/nav2_costmap_filters_demo/environment/ament_prefix_path.sh
[2.079s] -- Installing: /workspace/ros_ws/install/nav2_costmap_filters_demo/share/nav2_costmap_filters_demo/environment/ament_prefix_path.dsv
[2.080s] -- Installing: /workspace/ros_ws/install/nav2_costmap_filters_demo/share/nav2_costmap_filters_demo/environment/path.sh
[2.080s] -- Installing: /workspace/ros_ws/install/nav2_costmap_filters_demo/share/nav2_costmap_filters_demo/environment/path.dsv
[2.080s] -- Installing: /workspace/ros_ws/install/nav2_costmap_filters_demo/share/nav2_costmap_filters_demo/local_setup.bash
[2.081s] -- Installing: /workspace/ros_ws/install/nav2_costmap_filters_demo/share/nav2_costmap_filters_demo/local_setup.sh
[2.082s] -- Installing: /workspace/ros_ws/install/nav2_costmap_filters_demo/share/nav2_costmap_filters_demo/local_setup.zsh
[2.083s] -- Installing: /workspace/ros_ws/install/nav2_costmap_filters_demo/share/nav2_costmap_filters_demo/local_setup.dsv
[2.083s] -- Installing: /workspace/ros_ws/install/nav2_costmap_filters_demo/share/nav2_costmap_filters_demo/package.dsv
[2.085s] -- Installing: /workspace/ros_ws/install/nav2_costmap_filters_demo/share/ament_index/resource_index/packages/nav2_costmap_filters_demo
[2.085s] -- Installing: /workspace/ros_ws/install/nav2_costmap_filters_demo/share/nav2_costmap_filters_demo/cmake/nav2_costmap_filters_demoConfig.cmake
[2.086s] -- Installing: /workspace/ros_ws/install/nav2_costmap_filters_demo/share/nav2_costmap_filters_demo/cmake/nav2_costmap_filters_demoConfig-version.cmake
[2.086s] -- Installing: /workspace/ros_ws/install/nav2_costmap_filters_demo/share/nav2_costmap_filters_demo/package.xml
[2.086s] Invoked command in '/workspace/ros_ws/build/nav2_costmap_filters_demo' returned '0': CMAKE_PREFIX_PATH=${CMAKE_PREFIX_PATH}:/opt/ros/jazzy /usr/bin/cmake --install /workspace/ros_ws/build/nav2_costmap_filters_demo
