[0.684s] Invoking command in '/workspace/ros_ws/src/digit_recognition': PYTHONPATH=/workspace/ros_ws/build/digit_recognition/prefix_override:/usr/lib/python3/dist-packages/colcon_core/task/python/colcon_distutils_commands:/workspace/ros_ws/install/digit_recognition/lib/python3.12/site-packages:${PYTHONPATH} /usr/bin/python3 -W ignore:setup.py install is deprecated -W ignore:easy_install command is deprecated setup.py egg_info --egg-base ../../build/digit_recognition build --build-base /workspace/ros_ws/build/digit_recognition/build install --record /workspace/ros_ws/build/digit_recognition/install.log --single-version-externally-managed install_data
[0.911s] running egg_info
[0.930s] writing ../../build/digit_recognition/digit_recognition.egg-info/PKG-INFO
[0.930s] writing dependency_links to ../../build/digit_recognition/digit_recognition.egg-info/dependency_links.txt
[0.930s] writing entry points to ../../build/digit_recognition/digit_recognition.egg-info/entry_points.txt
[0.931s] writing requirements to ../../build/digit_recognition/digit_recognition.egg-info/requires.txt
[0.931s] writing top-level names to ../../build/digit_recognition/digit_recognition.egg-info/top_level.txt
[0.961s] reading manifest file '../../build/digit_recognition/digit_recognition.egg-info/SOURCES.txt'
[0.962s] writing manifest file '../../build/digit_recognition/digit_recognition.egg-info/SOURCES.txt'
[0.963s] running build
[0.963s] running build_py
[0.963s] copying digit_recognition/digit_recognition_node.py -> /workspace/ros_ws/build/digit_recognition/build/lib/digit_recognition
[0.963s] running install
[0.968s] running install_lib
[0.984s] copying /workspace/ros_ws/build/digit_recognition/build/lib/digit_recognition/digit_recognition_node.py -> /workspace/ros_ws/install/digit_recognition/lib/python3.12/site-packages/digit_recognition
[0.984s] byte-compiling /workspace/ros_ws/install/digit_recognition/lib/python3.12/site-packages/digit_recognition/digit_recognition_node.py to digit_recognition_node.cpython-312.pyc
[0.985s] running install_data
[0.985s] running install_egg_info
[1.001s] removing '/workspace/ros_ws/install/digit_recognition/lib/python3.12/site-packages/digit_recognition-0.0.0-py3.12.egg-info' (and everything under it)
[1.001s] Copying ../../build/digit_recognition/digit_recognition.egg-info to /workspace/ros_ws/install/digit_recognition/lib/python3.12/site-packages/digit_recognition-0.0.0-py3.12.egg-info
[1.001s] running install_scripts
[1.104s] Installing digit_recognition_node script to /workspace/ros_ws/install/digit_recognition/lib/digit_recognition
[1.104s] writing list of installed files to '/workspace/ros_ws/build/digit_recognition/install.log'
[1.129s] Invoked command in '/workspace/ros_ws/src/digit_recognition' returned '0': PYTHONPATH=/workspace/ros_ws/build/digit_recognition/prefix_override:/usr/lib/python3/dist-packages/colcon_core/task/python/colcon_distutils_commands:/workspace/ros_ws/install/digit_recognition/lib/python3.12/site-packages:${PYTHONPATH} /usr/bin/python3 -W ignore:setup.py install is deprecated -W ignore:easy_install command is deprecated setup.py egg_info --egg-base ../../build/digit_recognition build --build-base /workspace/ros_ws/build/digit_recognition/build install --record /workspace/ros_ws/build/digit_recognition/install.log --single-version-externally-managed install_data
