-- The C compiler identification is GNU 13.3.0
-- The CXX compiler identification is GNU 13.3.0
-- Detecting C compiler ABI info
-- Detecting C compiler ABI info - done
-- Check for working C compiler: /usr/bin/cc - skipped
-- Detecting C compile features
-- Detecting C compile features - done
-- Detecting CXX compiler ABI info
-- Detecting CXX compiler ABI info - done
-- Check for working CXX compiler: /usr/bin/c++ - skipped
-- Detecting CXX compile features
-- Detecting CXX compile features - done
-- Found ament_cmake: 2.5.3 (/opt/ros/jazzy/share/ament_cmake/cmake)
-- Found Python3: /usr/bin/python3 (found version "3.12.3") found components: Interpreter 
-- Found nav2_common: 1.3.6 (/opt/ros/jazzy/share/nav2_common/cmake)
-- Found nav2_core: 1.3.6 (/opt/ros/jazzy/share/nav2_core/cmake)
-- Found rosidl_generator_c: 4.6.5 (/opt/ros/jazzy/share/rosidl_generator_c/cmake)
-- Found rosidl_generator_cpp: 4.6.5 (/opt/ros/jazzy/share/rosidl_generator_cpp/cmake)
-- Using all available rosidl_typesupport_c: rosidl_typesupport_fastrtps_c;rosidl_typesupport_introspection_c
-- Using all available rosidl_typesupport_cpp: rosidl_typesupport_fastrtps_cpp;rosidl_typesupport_introspection_cpp
-- Found rmw_implementation_cmake: 7.3.1 (/opt/ros/jazzy/share/rmw_implementation_cmake/cmake)
-- Found rmw_fastrtps_cpp: 8.4.1 (/opt/ros/jazzy/share/rmw_fastrtps_cpp/cmake)
-- Found OpenSSL: /usr/lib/x86_64-linux-gnu/libcrypto.so (found version "3.0.13")  
-- Found FastRTPS: /opt/ros/jazzy/include (Required is at least version "2.13") 
-- Using RMW implementation 'rmw_fastrtps_cpp' as default
-- Found eigen3_cmake_module: 0.3.0 (/opt/ros/jazzy/share/eigen3_cmake_module/cmake)
-- Found Eigen3: TRUE (found version "3.4.0") 
-- Ensuring Eigen3 include directory is part of orocos-kdl CMake target
-- Setting build type to Release as none was specified.
-- Found ament_lint_auto: 0.17.1 (/opt/ros/jazzy/share/ament_lint_auto/cmake)
-- Configuring done (4.0s)
-- Generating done (0.3s)
-- Build files have been written to: /workspace/ros_ws/build/nav2_pure_pursuit_controller
[ 50%] [32mBuilding CXX object CMakeFiles/nav2_pure_pursuit_controller.dir/src/pure_pursuit_controller.cpp.o[0m
[100%] [32m[1mLinking CXX shared library libnav2_pure_pursuit_controller.so[0m
[100%] Built target nav2_pure_pursuit_controller
-- Install configuration: "Release"
-- Installing: /workspace/ros_ws/install/nav2_pure_pursuit_controller/lib/libnav2_pure_pursuit_controller.so
-- Set non-toolchain portion of runtime path of "/workspace/ros_ws/install/nav2_pure_pursuit_controller/lib/libnav2_pure_pursuit_controller.so" to ""
-- Installing: /workspace/ros_ws/install/nav2_pure_pursuit_controller/include/
-- Installing: /workspace/ros_ws/install/nav2_pure_pursuit_controller/include//nav2_pure_pursuit_controller
-- Installing: /workspace/ros_ws/install/nav2_pure_pursuit_controller/include//nav2_pure_pursuit_controller/pure_pursuit_controller.hpp
-- Installing: /workspace/ros_ws/install/nav2_pure_pursuit_controller/include//nav2_pure_pursuit_controller/pure_pursuit_controller.hpp:Zone.Identifier
-- Installing: /workspace/ros_ws/install/nav2_pure_pursuit_controller/share/nav2_pure_pursuit_controller/environment/library_path.sh
-- Installing: /workspace/ros_ws/install/nav2_pure_pursuit_controller/share/nav2_pure_pursuit_controller/environment/library_path.dsv
-- Installing: /workspace/ros_ws/install/nav2_pure_pursuit_controller/share/nav2_pure_pursuit_controller/nav2_pure_pursuit_controller.xml
-- Installing: /workspace/ros_ws/install/nav2_pure_pursuit_controller/share/ament_index/resource_index/package_run_dependencies/nav2_pure_pursuit_controller
-- Installing: /workspace/ros_ws/install/nav2_pure_pursuit_controller/share/ament_index/resource_index/parent_prefix_path/nav2_pure_pursuit_controller
-- Installing: /workspace/ros_ws/install/nav2_pure_pursuit_controller/share/nav2_pure_pursuit_controller/environment/ament_prefix_path.sh
-- Installing: /workspace/ros_ws/install/nav2_pure_pursuit_controller/share/nav2_pure_pursuit_controller/environment/ament_prefix_path.dsv
-- Installing: /workspace/ros_ws/install/nav2_pure_pursuit_controller/share/nav2_pure_pursuit_controller/environment/path.sh
-- Installing: /workspace/ros_ws/install/nav2_pure_pursuit_controller/share/nav2_pure_pursuit_controller/environment/path.dsv
-- Installing: /workspace/ros_ws/install/nav2_pure_pursuit_controller/share/nav2_pure_pursuit_controller/local_setup.bash
-- Installing: /workspace/ros_ws/install/nav2_pure_pursuit_controller/share/nav2_pure_pursuit_controller/local_setup.sh
-- Installing: /workspace/ros_ws/install/nav2_pure_pursuit_controller/share/nav2_pure_pursuit_controller/local_setup.zsh
-- Installing: /workspace/ros_ws/install/nav2_pure_pursuit_controller/share/nav2_pure_pursuit_controller/local_setup.dsv
-- Installing: /workspace/ros_ws/install/nav2_pure_pursuit_controller/share/nav2_pure_pursuit_controller/package.dsv
-- Installing: /workspace/ros_ws/install/nav2_pure_pursuit_controller/share/ament_index/resource_index/packages/nav2_pure_pursuit_controller
-- Installing: /workspace/ros_ws/install/nav2_pure_pursuit_controller/share/ament_index/resource_index/nav2_core__pluginlib__plugin/nav2_pure_pursuit_controller
-- Installing: /workspace/ros_ws/install/nav2_pure_pursuit_controller/share/nav2_pure_pursuit_controller/cmake/ament_cmake_export_include_directories-extras.cmake
-- Installing: /workspace/ros_ws/install/nav2_pure_pursuit_controller/share/nav2_pure_pursuit_controller/cmake/ament_cmake_export_libraries-extras.cmake
-- Installing: /workspace/ros_ws/install/nav2_pure_pursuit_controller/share/nav2_pure_pursuit_controller/cmake/ament_cmake_export_dependencies-extras.cmake
-- Installing: /workspace/ros_ws/install/nav2_pure_pursuit_controller/share/nav2_pure_pursuit_controller/cmake/nav2_pure_pursuit_controllerConfig.cmake
-- Installing: /workspace/ros_ws/install/nav2_pure_pursuit_controller/share/nav2_pure_pursuit_controller/cmake/nav2_pure_pursuit_controllerConfig-version.cmake
-- Installing: /workspace/ros_ws/install/nav2_pure_pursuit_controller/share/nav2_pure_pursuit_controller/package.xml
