[0.432s] Invoking command in '/workspace/ros_ws/build/nav2_pure_pursuit_controller': CMAKE_PREFIX_PATH=${CMAKE_PREFIX_PATH}:/opt/ros/jazzy /usr/bin/cmake /workspace/ros_ws/src/nav2_pure_pursuit_controller -DCMAKE_INSTALL_PREFIX=/workspace/ros_ws/install/nav2_pure_pursuit_controller
[0.533s] -- The C compiler identification is GNU 13.3.0
[0.685s] -- The CXX compiler identification is GNU 13.3.0
[0.723s] -- Detecting C compiler ABI info
[0.903s] -- Detecting C compiler ABI info - done
[0.916s] -- Check for working C compiler: /usr/bin/cc - skipped
[0.916s] -- Detecting C compile features
[0.917s] -- Detecting C compile features - done
[0.929s] -- Detecting CXX compiler ABI info
[1.112s] -- Detecting CXX compiler ABI info - done
[1.133s] -- Check for working CXX compiler: /usr/bin/c++ - skipped
[1.133s] -- Detecting CXX compile features
[1.134s] -- Detecting CXX compile features - done
[1.159s] -- Found ament_cmake: 2.5.3 (/opt/ros/jazzy/share/ament_cmake/cmake)
[1.496s] -- Found Python3: /usr/bin/python3 (found version "3.12.3") found components: Interpreter 
[1.809s] -- Found nav2_common: 1.3.6 (/opt/ros/jazzy/share/nav2_common/cmake)
[1.820s] -- Found nav2_core: 1.3.6 (/opt/ros/jazzy/share/nav2_core/cmake)
[1.998s] -- Found rosidl_generator_c: 4.6.5 (/opt/ros/jazzy/share/rosidl_generator_c/cmake)
[2.044s] -- Found rosidl_generator_cpp: 4.6.5 (/opt/ros/jazzy/share/rosidl_generator_cpp/cmake)
[2.107s] -- Using all available rosidl_typesupport_c: rosidl_typesupport_fastrtps_c;rosidl_typesupport_introspection_c
[2.176s] -- Using all available rosidl_typesupport_cpp: rosidl_typesupport_fastrtps_cpp;rosidl_typesupport_introspection_cpp
[2.410s] -- Found rmw_implementation_cmake: 7.3.1 (/opt/ros/jazzy/share/rmw_implementation_cmake/cmake)
[2.425s] -- Found rmw_fastrtps_cpp: 8.4.1 (/opt/ros/jazzy/share/rmw_fastrtps_cpp/cmake)
[2.648s] -- Found OpenSSL: /usr/lib/x86_64-linux-gnu/libcrypto.so (found version "3.0.13")  
[2.681s] -- Found FastRTPS: /opt/ros/jazzy/include (Required is at least version "2.13") 
[2.719s] -- Using RMW implementation 'rmw_fastrtps_cpp' as default
[3.740s] -- Found eigen3_cmake_module: 0.3.0 (/opt/ros/jazzy/share/eigen3_cmake_module/cmake)
[3.742s] -- Found Eigen3: TRUE (found version "3.4.0") 
[3.742s] -- Ensuring Eigen3 include directory is part of orocos-kdl CMake target
[4.214s] -- Setting build type to Release as none was specified.
[4.251s] -- Found ament_lint_auto: 0.17.1 (/opt/ros/jazzy/share/ament_lint_auto/cmake)
[4.437s] -- Configuring done (4.0s)
[4.725s] -- Generating done (0.3s)
[4.736s] -- Build files have been written to: /workspace/ros_ws/build/nav2_pure_pursuit_controller
[4.759s] Invoked command in '/workspace/ros_ws/build/nav2_pure_pursuit_controller' returned '0': CMAKE_PREFIX_PATH=${CMAKE_PREFIX_PATH}:/opt/ros/jazzy /usr/bin/cmake /workspace/ros_ws/src/nav2_pure_pursuit_controller -DCMAKE_INSTALL_PREFIX=/workspace/ros_ws/install/nav2_pure_pursuit_controller
[4.762s] Invoking command in '/workspace/ros_ws/build/nav2_pure_pursuit_controller': CMAKE_PREFIX_PATH=${CMAKE_PREFIX_PATH}:/opt/ros/jazzy /usr/bin/cmake --build /workspace/ros_ws/build/nav2_pure_pursuit_controller -- -j12 -l12
[4.833s] [ 50%] [32mBuilding CXX object CMakeFiles/nav2_pure_pursuit_controller.dir/src/pure_pursuit_controller.cpp.o[0m
[18.844s] [100%] [32m[1mLinking CXX shared library libnav2_pure_pursuit_controller.so[0m
[19.257s] [100%] Built target nav2_pure_pursuit_controller
[19.271s] Invoked command in '/workspace/ros_ws/build/nav2_pure_pursuit_controller' returned '0': CMAKE_PREFIX_PATH=${CMAKE_PREFIX_PATH}:/opt/ros/jazzy /usr/bin/cmake --build /workspace/ros_ws/build/nav2_pure_pursuit_controller -- -j12 -l12
[19.272s] Invoking command in '/workspace/ros_ws/build/nav2_pure_pursuit_controller': CMAKE_PREFIX_PATH=${CMAKE_PREFIX_PATH}:/opt/ros/jazzy /usr/bin/cmake --install /workspace/ros_ws/build/nav2_pure_pursuit_controller
[19.280s] -- Install configuration: "Release"
[19.280s] -- Installing: /workspace/ros_ws/install/nav2_pure_pursuit_controller/lib/libnav2_pure_pursuit_controller.so
[19.280s] -- Set non-toolchain portion of runtime path of "/workspace/ros_ws/install/nav2_pure_pursuit_controller/lib/libnav2_pure_pursuit_controller.so" to ""
[19.281s] -- Installing: /workspace/ros_ws/install/nav2_pure_pursuit_controller/include/
[19.281s] -- Installing: /workspace/ros_ws/install/nav2_pure_pursuit_controller/include//nav2_pure_pursuit_controller
[19.282s] -- Installing: /workspace/ros_ws/install/nav2_pure_pursuit_controller/include//nav2_pure_pursuit_controller/pure_pursuit_controller.hpp
[19.282s] -- Installing: /workspace/ros_ws/install/nav2_pure_pursuit_controller/include//nav2_pure_pursuit_controller/pure_pursuit_controller.hpp:Zone.Identifier
[19.282s] -- Installing: /workspace/ros_ws/install/nav2_pure_pursuit_controller/share/nav2_pure_pursuit_controller/environment/library_path.sh
[19.283s] -- Installing: /workspace/ros_ws/install/nav2_pure_pursuit_controller/share/nav2_pure_pursuit_controller/environment/library_path.dsv
[19.283s] -- Installing: /workspace/ros_ws/install/nav2_pure_pursuit_controller/share/nav2_pure_pursuit_controller/nav2_pure_pursuit_controller.xml
[19.283s] -- Installing: /workspace/ros_ws/install/nav2_pure_pursuit_controller/share/ament_index/resource_index/package_run_dependencies/nav2_pure_pursuit_controller
[19.283s] -- Installing: /workspace/ros_ws/install/nav2_pure_pursuit_controller/share/ament_index/resource_index/parent_prefix_path/nav2_pure_pursuit_controller
[19.284s] -- Installing: /workspace/ros_ws/install/nav2_pure_pursuit_controller/share/nav2_pure_pursuit_controller/environment/ament_prefix_path.sh
[19.284s] -- Installing: /workspace/ros_ws/install/nav2_pure_pursuit_controller/share/nav2_pure_pursuit_controller/environment/ament_prefix_path.dsv
[19.284s] -- Installing: /workspace/ros_ws/install/nav2_pure_pursuit_controller/share/nav2_pure_pursuit_controller/environment/path.sh
[19.285s] -- Installing: /workspace/ros_ws/install/nav2_pure_pursuit_controller/share/nav2_pure_pursuit_controller/environment/path.dsv
[19.285s] -- Installing: /workspace/ros_ws/install/nav2_pure_pursuit_controller/share/nav2_pure_pursuit_controller/local_setup.bash
[19.285s] -- Installing: /workspace/ros_ws/install/nav2_pure_pursuit_controller/share/nav2_pure_pursuit_controller/local_setup.sh
[19.286s] -- Installing: /workspace/ros_ws/install/nav2_pure_pursuit_controller/share/nav2_pure_pursuit_controller/local_setup.zsh
[19.286s] -- Installing: /workspace/ros_ws/install/nav2_pure_pursuit_controller/share/nav2_pure_pursuit_controller/local_setup.dsv
[19.286s] -- Installing: /workspace/ros_ws/install/nav2_pure_pursuit_controller/share/nav2_pure_pursuit_controller/package.dsv
[19.286s] -- Installing: /workspace/ros_ws/install/nav2_pure_pursuit_controller/share/ament_index/resource_index/packages/nav2_pure_pursuit_controller
[19.287s] -- Installing: /workspace/ros_ws/install/nav2_pure_pursuit_controller/share/ament_index/resource_index/nav2_core__pluginlib__plugin/nav2_pure_pursuit_controller
[19.287s] -- Installing: /workspace/ros_ws/install/nav2_pure_pursuit_controller/share/nav2_pure_pursuit_controller/cmake/ament_cmake_export_include_directories-extras.cmake
[19.287s] -- Installing: /workspace/ros_ws/install/nav2_pure_pursuit_controller/share/nav2_pure_pursuit_controller/cmake/ament_cmake_export_libraries-extras.cmake
[19.287s] -- Installing: /workspace/ros_ws/install/nav2_pure_pursuit_controller/share/nav2_pure_pursuit_controller/cmake/ament_cmake_export_dependencies-extras.cmake
[19.287s] -- Installing: /workspace/ros_ws/install/nav2_pure_pursuit_controller/share/nav2_pure_pursuit_controller/cmake/nav2_pure_pursuit_controllerConfig.cmake
[19.288s] -- Installing: /workspace/ros_ws/install/nav2_pure_pursuit_controller/share/nav2_pure_pursuit_controller/cmake/nav2_pure_pursuit_controllerConfig-version.cmake
[19.288s] -- Installing: /workspace/ros_ws/install/nav2_pure_pursuit_controller/share/nav2_pure_pursuit_controller/package.xml
[19.290s] Invoked command in '/workspace/ros_ws/build/nav2_pure_pursuit_controller' returned '0': CMAKE_PREFIX_PATH=${CMAKE_PREFIX_PATH}:/opt/ros/jazzy /usr/bin/cmake --install /workspace/ros_ws/build/nav2_pure_pursuit_controller
