[0.417s] Invoking command in '/workspace/ros_ws/build/nav2_gradient_costmap_plugin': CMAKE_PREFIX_PATH=${CMAKE_PREFIX_PATH}:/opt/ros/jazzy /usr/bin/cmake --build /workspace/ros_ws/build/nav2_gradient_costmap_plugin -- -j8 -l8
[0.501s] [100%] Built target nav2_gradient_costmap_plugin_core
[0.633s] Invoked command in '/workspace/ros_ws/build/nav2_gradient_costmap_plugin' returned '0': CMAKE_PREFIX_PATH=${CMAKE_PREFIX_PATH}:/opt/ros/jazzy /usr/bin/cmake --build /workspace/ros_ws/build/nav2_gradient_costmap_plugin -- -j8 -l8
[0.633s] Invoking command in '/workspace/ros_ws/build/nav2_gradient_costmap_plugin': CMAKE_PREFIX_PATH=${CMAKE_PREFIX_PATH}:/opt/ros/jazzy /usr/bin/cmake --install /workspace/ros_ws/build/nav2_gradient_costmap_plugin
[0.663s] -- Install configuration: ""
[0.663s] -- Up-to-date: /workspace/ros_ws/install/nav2_gradient_costmap_plugin/lib/libnav2_gradient_costmap_plugin_core.so
[0.663s] -- Up-to-date: /workspace/ros_ws/install/nav2_gradient_costmap_plugin/share/nav2_gradient_costmap_plugin/gradient_layer.xml
[0.663s] -- Up-to-date: /workspace/ros_ws/install/nav2_gradient_costmap_plugin/share/ament_index/resource_index/package_run_dependencies/nav2_gradient_costmap_plugin
[0.664s] -- Up-to-date: /workspace/ros_ws/install/nav2_gradient_costmap_plugin/share/ament_index/resource_index/parent_prefix_path/nav2_gradient_costmap_plugin
[0.664s] -- Up-to-date: /workspace/ros_ws/install/nav2_gradient_costmap_plugin/share/nav2_gradient_costmap_plugin/environment/ament_prefix_path.sh
[0.664s] -- Up-to-date: /workspace/ros_ws/install/nav2_gradient_costmap_plugin/share/nav2_gradient_costmap_plugin/environment/ament_prefix_path.dsv
[0.664s] -- Up-to-date: /workspace/ros_ws/install/nav2_gradient_costmap_plugin/share/nav2_gradient_costmap_plugin/environment/path.sh
[0.670s] -- Up-to-date: /workspace/ros_ws/install/nav2_gradient_costmap_plugin/share/nav2_gradient_costmap_plugin/environment/path.dsv
[0.670s] -- Up-to-date: /workspace/ros_ws/install/nav2_gradient_costmap_plugin/share/nav2_gradient_costmap_plugin/local_setup.bash
[0.671s] -- Up-to-date: /workspace/ros_ws/install/nav2_gradient_costmap_plugin/share/nav2_gradient_costmap_plugin/local_setup.sh
[0.671s] -- Up-to-date: /workspace/ros_ws/install/nav2_gradient_costmap_plugin/share/nav2_gradient_costmap_plugin/local_setup.zsh
[0.671s] -- Up-to-date: /workspace/ros_ws/install/nav2_gradient_costmap_plugin/share/nav2_gradient_costmap_plugin/local_setup.dsv
[0.671s] -- Installing: /workspace/ros_ws/install/nav2_gradient_costmap_plugin/share/nav2_gradient_costmap_plugin/package.dsv
[0.671s] -- Up-to-date: /workspace/ros_ws/install/nav2_gradient_costmap_plugin/share/ament_index/resource_index/packages/nav2_gradient_costmap_plugin
[0.671s] -- Up-to-date: /workspace/ros_ws/install/nav2_gradient_costmap_plugin/share/ament_index/resource_index/nav2_costmap_2d__pluginlib__plugin/nav2_gradient_costmap_plugin
[0.671s] -- Up-to-date: /workspace/ros_ws/install/nav2_gradient_costmap_plugin/share/nav2_gradient_costmap_plugin/cmake/nav2_gradient_costmap_pluginConfig.cmake
[0.671s] -- Up-to-date: /workspace/ros_ws/install/nav2_gradient_costmap_plugin/share/nav2_gradient_costmap_plugin/cmake/nav2_gradient_costmap_pluginConfig-version.cmake
[0.671s] -- Up-to-date: /workspace/ros_ws/install/nav2_gradient_costmap_plugin/share/nav2_gradient_costmap_plugin/package.xml
[0.671s] Invoked command in '/workspace/ros_ws/build/nav2_gradient_costmap_plugin' returned '0': CMAKE_PREFIX_PATH=${CMAKE_PREFIX_PATH}:/opt/ros/jazzy /usr/bin/cmake --install /workspace/ros_ws/build/nav2_gradient_costmap_plugin
