[1.347s] Invoking command in '/workspace/ros_ws/src/nav2_gps_waypoint_follower_demo': PYTHONPATH=/workspace/ros_ws/build/nav2_gps_waypoint_follower_demo/prefix_override:/usr/lib/python3/dist-packages/colcon_core/task/python/colcon_distutils_commands:/workspace/ros_ws/install/nav2_gps_waypoint_follower_demo/lib/python3.12/site-packages:${PYTHONPATH} /usr/bin/python3 -W ignore:setup.py install is deprecated -W ignore:easy_install command is deprecated setup.py egg_info --egg-base ../../build/nav2_gps_waypoint_follower_demo build --build-base /workspace/ros_ws/build/nav2_gps_waypoint_follower_demo/build install --record /workspace/ros_ws/build/nav2_gps_waypoint_follower_demo/install.log --single-version-externally-managed install_data
[1.598s] running egg_info
[1.613s] writing ../../build/nav2_gps_waypoint_follower_demo/nav2_gps_waypoint_follower_demo.egg-info/PKG-INFO
[1.613s] writing dependency_links to ../../build/nav2_gps_waypoint_follower_demo/nav2_gps_waypoint_follower_demo.egg-info/dependency_links.txt
[1.613s] writing entry points to ../../build/nav2_gps_waypoint_follower_demo/nav2_gps_waypoint_follower_demo.egg-info/entry_points.txt
[1.614s] writing requirements to ../../build/nav2_gps_waypoint_follower_demo/nav2_gps_waypoint_follower_demo.egg-info/requires.txt
[1.614s] writing top-level names to ../../build/nav2_gps_waypoint_follower_demo/nav2_gps_waypoint_follower_demo.egg-info/top_level.txt
[1.645s] reading manifest file '../../build/nav2_gps_waypoint_follower_demo/nav2_gps_waypoint_follower_demo.egg-info/SOURCES.txt'
[1.645s] writing manifest file '../../build/nav2_gps_waypoint_follower_demo/nav2_gps_waypoint_follower_demo.egg-info/SOURCES.txt'
[1.646s] running build
[1.646s] running build_py
[1.646s] running install
[1.651s] running install_lib
[1.667s] running install_data
[1.667s] running install_egg_info
[1.686s] removing '/workspace/ros_ws/install/nav2_gps_waypoint_follower_demo/lib/python3.12/site-packages/nav2_gps_waypoint_follower_demo-0.0.1-py3.12.egg-info' (and everything under it)
[1.688s] Copying ../../build/nav2_gps_waypoint_follower_demo/nav2_gps_waypoint_follower_demo.egg-info to /workspace/ros_ws/install/nav2_gps_waypoint_follower_demo/lib/python3.12/site-packages/nav2_gps_waypoint_follower_demo-0.0.1-py3.12.egg-info
[1.688s] running install_scripts
[1.827s] Installing gps_waypoint_logger script to /workspace/ros_ws/install/nav2_gps_waypoint_follower_demo/lib/nav2_gps_waypoint_follower_demo
[1.827s] Installing interactive_waypoint_follower script to /workspace/ros_ws/install/nav2_gps_waypoint_follower_demo/lib/nav2_gps_waypoint_follower_demo
[1.827s] Installing logged_waypoint_follower script to /workspace/ros_ws/install/nav2_gps_waypoint_follower_demo/lib/nav2_gps_waypoint_follower_demo
[1.827s] writing list of installed files to '/workspace/ros_ws/build/nav2_gps_waypoint_follower_demo/install.log'
[1.858s] Invoked command in '/workspace/ros_ws/src/nav2_gps_waypoint_follower_demo' returned '0': PYTHONPATH=/workspace/ros_ws/build/nav2_gps_waypoint_follower_demo/prefix_override:/usr/lib/python3/dist-packages/colcon_core/task/python/colcon_distutils_commands:/workspace/ros_ws/install/nav2_gps_waypoint_follower_demo/lib/python3.12/site-packages:${PYTHONPATH} /usr/bin/python3 -W ignore:setup.py install is deprecated -W ignore:easy_install command is deprecated setup.py egg_info --egg-base ../../build/nav2_gps_waypoint_follower_demo build --build-base /workspace/ros_ws/build/nav2_gps_waypoint_follower_demo/build install --record /workspace/ros_ws/build/nav2_gps_waypoint_follower_demo/install.log --single-version-externally-managed install_data
