[0.031s] Invoking command in '/workspace/ros_ws/src/master/build/master': CMAKE_PREFIX_PATH=${CMAKE_PREFIX_PATH}:/opt/ros/jazzy /usr/bin/cmake --build /workspace/ros_ws/src/master/build/master -- -j12 -l12
[0.111s] [ 50%] [32mBuilding CXX object CMakeFiles/master_node.dir/src/theMaster.cpp.o[0m
[3.248s] [01m[K/workspace/ros_ws/src/master/src/theMaster.cpp:[m[K In lambda function:
[3.248s] [01m[K/workspace/ros_ws/src/master/src/theMaster.cpp:90:34:[m[K [01;31m[Kerror: [m[Kcannot convert ‘[01m[Kfloat*[m[K’ to ‘[01m[Kgeometry_msgs::msg::Vector3_<std::allocator<void> >::_x_type[m[K’ {aka ‘[01m[Kdouble[m[K’} in assignment
[3.248s]    90 |               message.linear.x = [01;31m[Ktwistf[m[K;
[3.248s]       |                                  [01;31m[K^~~~~~[m[K
[3.249s]       |                                  [01;31m[K|[m[K
[3.249s]       |                                  [01;31m[Kfloat*[m[K
[3.263s] [01m[K/workspace/ros_ws/src/master/src/theMaster.cpp:91:35:[m[K [01;31m[Kerror: [m[Kcannot convert ‘[01m[Kfloat*[m[K’ to ‘[01m[Kgeometry_msgs::msg::Vector3_<std::allocator<void> >::_z_type[m[K’ {aka ‘[01m[Kdouble[m[K’} in assignment
[3.264s]    91 |               message.angular.z = [01;31m[Ktwistr[m[K;
[3.264s]       |                                   [01;31m[K^~~~~~[m[K
[3.264s]       |                                   [01;31m[K|[m[K
[3.264s]       |                                   [01;31m[Kfloat*[m[K
[3.264s] [01m[K/workspace/ros_ws/src/master/src/theMaster.cpp:94:34:[m[K [01;31m[Kerror: [m[Kcannot convert ‘[01m[Kfloat*[m[K’ to ‘[01m[Kgeometry_msgs::msg::Vector3_<std::allocator<void> >::_x_type[m[K’ {aka ‘[01m[Kdouble[m[K’} in assignment
[3.264s]    94 |               message.linear.x = [01;31m[Knavf[m[K;
[3.265s]       |                                  [01;31m[K^~~~[m[K
[3.265s]       |                                  [01;31m[K|[m[K
[3.265s]       |                                  [01;31m[Kfloat*[m[K
[3.265s] [01m[K/workspace/ros_ws/src/master/src/theMaster.cpp:95:35:[m[K [01;31m[Kerror: [m[Kcannot convert ‘[01m[Kfloat*[m[K’ to ‘[01m[Kgeometry_msgs::msg::Vector3_<std::allocator<void> >::_z_type[m[K’ {aka ‘[01m[Kdouble[m[K’} in assignment
[3.265s]    95 |               message.angular.z = [01;31m[Knavr[m[K;
[3.265s]       |                                   [01;31m[K^~~~[m[K
[3.265s]       |                                   [01;31m[K|[m[K
[3.265s]       |                                   [01;31m[Kfloat*[m[K
[3.266s] [01m[K/workspace/ros_ws/src/master/src/theMaster.cpp:[m[K In constructor ‘[01m[KreTwist::[01;32m[KreTwist[m[K(float*, float*, int*)[m[K’:
[3.266s] [01m[K/workspace/ros_ws/src/master/src/theMaster.cpp:57:20:[m[K [01;35m[Kwarning: [m[Kunused parameter ‘[01m[Kfspeed[m[K’ [[01;35m[K]8;;https://gcc.gnu.org/onlinedocs/gcc/Warning-Options.html#index-Wunused-parameter-Wunused-parameter]8;;[m[K]
[3.266s]    57 |     reTwist([01;35m[Kfloat* fspeed[m[K, float* rspeed, int* mode) : Node("reTwist"), count_(0)
[3.266s]       |             [01;35m[K~~~~~~~^~~~~~[m[K
[3.266s] [01m[K/workspace/ros_ws/src/master/src/theMaster.cpp:57:35:[m[K [01;35m[Kwarning: [m[Kunused parameter ‘[01m[Krspeed[m[K’ [[01;35m[K]8;;https://gcc.gnu.org/onlinedocs/gcc/Warning-Options.html#index-Wunused-parameter-Wunused-parameter]8;;[m[K]
[3.266s]    57 |     reTwist(float* fspeed, [01;35m[Kfloat* rspeed[m[K, int* mode) : Node("reTwist"), count_(0)
[3.267s]       |                            [01;35m[K~~~~~~~^~~~~~[m[K
[7.389s] gmake[2]: *** [CMakeFiles/master_node.dir/build.make:76: CMakeFiles/master_node.dir/src/theMaster.cpp.o] Error 1
[7.389s] gmake[1]: *** [CMakeFiles/Makefile2:137: CMakeFiles/master_node.dir/all] Error 2
[7.390s] gmake: *** [Makefile:146: all] Error 2
[7.392s] Invoked command in '/workspace/ros_ws/src/master/build/master' returned '2': CMAKE_PREFIX_PATH=${CMAKE_PREFIX_PATH}:/opt/ros/jazzy /usr/bin/cmake --build /workspace/ros_ws/src/master/build/master -- -j12 -l12
