[0.250s] Invoking command in '/workspace/ros_ws/build/nav2_costmap_filters_demo': CMAKE_PREFIX_PATH=${CMAKE_PREFIX_PATH}:/opt/ros/jazzy /usr/bin/cmake /workspace/ros_ws/src/nav2_costmap_filters_demo -DCMAKE_INSTALL_PREFIX=/workspace/ros_ws/install/nav2_costmap_filters_demo
[0.663s] -- Found ament_cmake: 2.5.4 (/opt/ros/jazzy/share/ament_cmake/cmake)
[0.699s] -- Override CMake install command with custom implementation using symlinks instead of copying resources
[0.909s] -- Configuring done (0.6s)
[0.922s] -- Generating done (0.0s)
[0.926s] -- Build files have been written to: /workspace/ros_ws/build/nav2_costmap_filters_demo
[0.932s] Invoked command in '/workspace/ros_ws/build/nav2_costmap_filters_demo' returned '0': CMAKE_PREFIX_PATH=${CMAKE_PREFIX_PATH}:/opt/ros/jazzy /usr/bin/cmake /workspace/ros_ws/src/nav2_costmap_filters_demo -DCMAKE_INSTALL_PREFIX=/workspace/ros_ws/install/nav2_costmap_filters_demo
[0.949s] Invoking command in '/workspace/ros_ws/build/nav2_costmap_filters_demo': CMAKE_PREFIX_PATH=${CMAKE_PREFIX_PATH}:/opt/ros/jazzy /usr/bin/cmake --build /workspace/ros_ws/build/nav2_costmap_filters_demo -- -j8 -l8
[1.017s] Invoked command in '/workspace/ros_ws/build/nav2_costmap_filters_demo' returned '0': CMAKE_PREFIX_PATH=${CMAKE_PREFIX_PATH}:/opt/ros/jazzy /usr/bin/cmake --build /workspace/ros_ws/build/nav2_costmap_filters_demo -- -j8 -l8
[1.055s] Invoking command in '/workspace/ros_ws/build/nav2_costmap_filters_demo': CMAKE_PREFIX_PATH=${CMAKE_PREFIX_PATH}:/opt/ros/jazzy /usr/bin/cmake --install /workspace/ros_ws/build/nav2_costmap_filters_demo
[1.078s] -- Install configuration: ""
[1.079s] -- Execute custom install script
[1.081s] -- Up-to-date symlink: /workspace/ros_ws/install/nav2_costmap_filters_demo/share/nav2_costmap_filters_demo/launch/costmap_filter_info.launch.py
[1.084s] -- Up-to-date symlink: /workspace/ros_ws/install/nav2_costmap_filters_demo/share/nav2_costmap_filters_demo/launch/costmap_filter_info.launch.py:Zone.Identifier
[1.087s] -- Up-to-date symlink: /workspace/ros_ws/install/nav2_costmap_filters_demo/share/nav2_costmap_filters_demo/maps/keepout_mask.pgm
[1.088s] -- Up-to-date symlink: /workspace/ros_ws/install/nav2_costmap_filters_demo/share/nav2_costmap_filters_demo/maps/keepout_mask.pgm:Zone.Identifier
[1.088s] -- Up-to-date symlink: /workspace/ros_ws/install/nav2_costmap_filters_demo/share/nav2_costmap_filters_demo/maps/keepout_mask.yaml
[1.088s] -- Up-to-date symlink: /workspace/ros_ws/install/nav2_costmap_filters_demo/share/nav2_costmap_filters_demo/maps/keepout_mask.yaml:Zone.Identifier
[1.089s] -- Up-to-date symlink: /workspace/ros_ws/install/nav2_costmap_filters_demo/share/nav2_costmap_filters_demo/maps/speed_mask.pgm
[1.090s] -- Up-to-date symlink: /workspace/ros_ws/install/nav2_costmap_filters_demo/share/nav2_costmap_filters_demo/maps/speed_mask.pgm:Zone.Identifier
[1.091s] -- Up-to-date symlink: /workspace/ros_ws/install/nav2_costmap_filters_demo/share/nav2_costmap_filters_demo/maps/speed_mask.yaml
[1.091s] -- Up-to-date symlink: /workspace/ros_ws/install/nav2_costmap_filters_demo/share/nav2_costmap_filters_demo/maps/speed_mask.yaml:Zone.Identifier
[1.091s] -- Up-to-date symlink: /workspace/ros_ws/install/nav2_costmap_filters_demo/share/nav2_costmap_filters_demo/params/keepout_params.yaml
[1.091s] -- Up-to-date symlink: /workspace/ros_ws/install/nav2_costmap_filters_demo/share/nav2_costmap_filters_demo/params/keepout_params.yaml:Zone.Identifier
[1.091s] -- Up-to-date symlink: /workspace/ros_ws/install/nav2_costmap_filters_demo/share/nav2_costmap_filters_demo/params/speed_params.yaml
[1.091s] -- Up-to-date symlink: /workspace/ros_ws/install/nav2_costmap_filters_demo/share/nav2_costmap_filters_demo/params/speed_params.yaml:Zone.Identifier
[1.092s] -- Up-to-date symlink: /workspace/ros_ws/install/nav2_costmap_filters_demo/share/ament_index/resource_index/package_run_dependencies/nav2_costmap_filters_demo
[1.094s] -- Up-to-date symlink: /workspace/ros_ws/install/nav2_costmap_filters_demo/share/ament_index/resource_index/parent_prefix_path/nav2_costmap_filters_demo
[1.094s] -- Up-to-date symlink: /workspace/ros_ws/install/nav2_costmap_filters_demo/share/nav2_costmap_filters_demo/environment/ament_prefix_path.sh
[1.094s] -- Up-to-date symlink: /workspace/ros_ws/install/nav2_costmap_filters_demo/share/nav2_costmap_filters_demo/environment/ament_prefix_path.dsv
[1.094s] -- Up-to-date symlink: /workspace/ros_ws/install/nav2_costmap_filters_demo/share/nav2_costmap_filters_demo/environment/path.sh
[1.094s] -- Up-to-date symlink: /workspace/ros_ws/install/nav2_costmap_filters_demo/share/nav2_costmap_filters_demo/environment/path.dsv
[1.094s] -- Up-to-date symlink: /workspace/ros_ws/install/nav2_costmap_filters_demo/share/nav2_costmap_filters_demo/local_setup.bash
[1.094s] -- Up-to-date symlink: /workspace/ros_ws/install/nav2_costmap_filters_demo/share/nav2_costmap_filters_demo/local_setup.sh
[1.094s] -- Up-to-date symlink: /workspace/ros_ws/install/nav2_costmap_filters_demo/share/nav2_costmap_filters_demo/local_setup.zsh
[1.095s] -- Up-to-date symlink: /workspace/ros_ws/install/nav2_costmap_filters_demo/share/nav2_costmap_filters_demo/local_setup.dsv
[1.095s] -- Symlinking: /workspace/ros_ws/install/nav2_costmap_filters_demo/share/nav2_costmap_filters_demo/package.dsv
[1.133s] -- Up-to-date symlink: /workspace/ros_ws/install/nav2_costmap_filters_demo/share/ament_index/resource_index/packages/nav2_costmap_filters_demo
[1.134s] -- Up-to-date symlink: /workspace/ros_ws/install/nav2_costmap_filters_demo/share/nav2_costmap_filters_demo/cmake/nav2_costmap_filters_demoConfig.cmake
[1.134s] -- Up-to-date symlink: /workspace/ros_ws/install/nav2_costmap_filters_demo/share/nav2_costmap_filters_demo/cmake/nav2_costmap_filters_demoConfig-version.cmake
[1.134s] -- Up-to-date symlink: /workspace/ros_ws/install/nav2_costmap_filters_demo/share/nav2_costmap_filters_demo/package.xml
[1.139s] Invoked command in '/workspace/ros_ws/build/nav2_costmap_filters_demo' returned '0': CMAKE_PREFIX_PATH=${CMAKE_PREFIX_PATH}:/opt/ros/jazzy /usr/bin/cmake --install /workspace/ros_ws/build/nav2_costmap_filters_demo
