[0.280s] Invoking command in '/workspace/ros_ws/build/nav2_sms_behavior': CMAKE_PREFIX_PATH=${CMAKE_PREFIX_PATH}:/opt/ros/jazzy /usr/bin/cmake --build /workspace/ros_ws/build/nav2_sms_behavior -- -j12 -l12
[0.394s] [  2%] Built target nav2_sms_behavior__rosidl_generator_type_description
[0.400s] [  2%] Built target ament_cmake_python_copy_nav2_sms_behavior
[0.422s] [  5%] Built target nav2_sms_behavior__cpp
[0.431s] [ 18%] Built target nav2_sms_behavior__rosidl_generator_c
[0.522s] [ 27%] Built target nav2_sms_behavior__rosidl_typesupport_introspection_cpp
[0.523s] [ 35%] Built target nav2_sms_behavior__rosidl_typesupport_c
[0.536s] [ 51%] Built target nav2_sms_behavior__rosidl_typesupport_introspection_c
[0.537s] [ 51%] Built target nav2_sms_behavior__rosidl_typesupport_cpp
[0.538s] [ 59%] Built target nav2_sms_behavior__rosidl_typesupport_fastrtps_cpp
[0.565s] [ 67%] Built target nav2_sms_behavior__rosidl_typesupport_fastrtps_c
[0.589s] [ 67%] Built target nav2_sms_behavior
[0.623s] [ 75%] Built target nav2_sms_behavior_plugin
[0.673s] [ 78%] Built target nav2_sms_behavior__py
[0.714s] [ 83%] Built target nav2_sms_behavior__rosidl_generator_py
[0.752s] [ 89%] Built target nav2_sms_behavior_s__rosidl_typesupport_introspection_c
[0.759s] [ 94%] Built target nav2_sms_behavior_s__rosidl_typesupport_c
[0.759s] [100%] Built target nav2_sms_behavior_s__rosidl_typesupport_fastrtps_c
[0.834s] running egg_info
[0.851s] writing nav2_sms_behavior.egg-info/PKG-INFO
[0.851s] writing dependency_links to nav2_sms_behavior.egg-info/dependency_links.txt
[0.851s] writing top-level names to nav2_sms_behavior.egg-info/top_level.txt
[0.897s] reading manifest file 'nav2_sms_behavior.egg-info/SOURCES.txt'
[0.898s] writing manifest file 'nav2_sms_behavior.egg-info/SOURCES.txt'
[0.924s] [100%] Built target ament_cmake_python_build_nav2_sms_behavior_egg
[0.934s] Invoked command in '/workspace/ros_ws/build/nav2_sms_behavior' returned '0': CMAKE_PREFIX_PATH=${CMAKE_PREFIX_PATH}:/opt/ros/jazzy /usr/bin/cmake --build /workspace/ros_ws/build/nav2_sms_behavior -- -j12 -l12
[0.936s] Invoking command in '/workspace/ros_ws/build/nav2_sms_behavior': CMAKE_PREFIX_PATH=${CMAKE_PREFIX_PATH}:/opt/ros/jazzy /usr/bin/cmake --install /workspace/ros_ws/build/nav2_sms_behavior
[0.944s] -- Install configuration: ""
[0.944s] -- Up-to-date: /workspace/ros_ws/install/nav2_sms_behavior/share/ament_index/resource_index/rosidl_interfaces/nav2_sms_behavior
[0.944s] -- Up-to-date: /workspace/ros_ws/install/nav2_sms_behavior/share/nav2_sms_behavior/action/SendSms.json
[0.944s] -- Up-to-date: /workspace/ros_ws/install/nav2_sms_behavior/include/nav2_sms_behavior/nav2_sms_behavior
[0.944s] -- Up-to-date: /workspace/ros_ws/install/nav2_sms_behavior/include/nav2_sms_behavior/nav2_sms_behavior/msg
[0.944s] -- Up-to-date: /workspace/ros_ws/install/nav2_sms_behavior/include/nav2_sms_behavior/nav2_sms_behavior/msg/rosidl_generator_c__visibility_control.h
[0.944s] -- Up-to-date: /workspace/ros_ws/install/nav2_sms_behavior/include/nav2_sms_behavior/nav2_sms_behavior/action
[0.944s] -- Up-to-date: /workspace/ros_ws/install/nav2_sms_behavior/include/nav2_sms_behavior/nav2_sms_behavior/action/send_sms.h
[0.944s] -- Up-to-date: /workspace/ros_ws/install/nav2_sms_behavior/include/nav2_sms_behavior/nav2_sms_behavior/action/detail
[0.944s] -- Up-to-date: /workspace/ros_ws/install/nav2_sms_behavior/include/nav2_sms_behavior/nav2_sms_behavior/action/detail/send_sms__functions.h
[0.944s] -- Up-to-date: /workspace/ros_ws/install/nav2_sms_behavior/include/nav2_sms_behavior/nav2_sms_behavior/action/detail/send_sms__functions.c
[0.944s] -- Up-to-date: /workspace/ros_ws/install/nav2_sms_behavior/include/nav2_sms_behavior/nav2_sms_behavior/action/detail/send_sms__type_support.c
[0.945s] -- Up-to-date: /workspace/ros_ws/install/nav2_sms_behavior/include/nav2_sms_behavior/nav2_sms_behavior/action/detail/send_sms__struct.h
[0.945s] -- Up-to-date: /workspace/ros_ws/install/nav2_sms_behavior/include/nav2_sms_behavior/nav2_sms_behavior/action/detail/send_sms__type_support.h
[0.945s] -- Up-to-date: /workspace/ros_ws/install/nav2_sms_behavior/include/nav2_sms_behavior/nav2_sms_behavior/action/detail/send_sms__description.c
[0.945s] -- Up-to-date: /workspace/ros_ws/install/nav2_sms_behavior/share/nav2_sms_behavior/environment/library_path.sh
[0.945s] -- Up-to-date: /workspace/ros_ws/install/nav2_sms_behavior/share/nav2_sms_behavior/environment/library_path.dsv
[0.946s] -- Up-to-date: /workspace/ros_ws/install/nav2_sms_behavior/lib/libnav2_sms_behavior__rosidl_generator_c.so
[0.946s] -- Up-to-date: /workspace/ros_ws/install/nav2_sms_behavior/include/nav2_sms_behavior/nav2_sms_behavior
[0.946s] -- Up-to-date: /workspace/ros_ws/install/nav2_sms_behavior/include/nav2_sms_behavior/nav2_sms_behavior/msg
[0.946s] -- Up-to-date: /workspace/ros_ws/install/nav2_sms_behavior/include/nav2_sms_behavior/nav2_sms_behavior/msg/rosidl_typesupport_fastrtps_c__visibility_control.h
[0.946s] -- Up-to-date: /workspace/ros_ws/install/nav2_sms_behavior/include/nav2_sms_behavior/nav2_sms_behavior/action
[0.946s] -- Up-to-date: /workspace/ros_ws/install/nav2_sms_behavior/include/nav2_sms_behavior/nav2_sms_behavior/action/detail
[0.946s] -- Up-to-date: /workspace/ros_ws/install/nav2_sms_behavior/include/nav2_sms_behavior/nav2_sms_behavior/action/detail/send_sms__rosidl_typesupport_fastrtps_c.h
[0.947s] -- Up-to-date: /workspace/ros_ws/install/nav2_sms_behavior/lib/libnav2_sms_behavior__rosidl_typesupport_fastrtps_c.so
[0.947s] -- Up-to-date: /workspace/ros_ws/install/nav2_sms_behavior/include/nav2_sms_behavior/nav2_sms_behavior
[0.947s] -- Up-to-date: /workspace/ros_ws/install/nav2_sms_behavior/include/nav2_sms_behavior/nav2_sms_behavior/msg
[0.948s] -- Up-to-date: /workspace/ros_ws/install/nav2_sms_behavior/include/nav2_sms_behavior/nav2_sms_behavior/msg/rosidl_generator_cpp__visibility_control.hpp
[0.948s] -- Up-to-date: /workspace/ros_ws/install/nav2_sms_behavior/include/nav2_sms_behavior/nav2_sms_behavior/action
[0.948s] -- Up-to-date: /workspace/ros_ws/install/nav2_sms_behavior/include/nav2_sms_behavior/nav2_sms_behavior/action/send_sms.hpp
[0.948s] -- Up-to-date: /workspace/ros_ws/install/nav2_sms_behavior/include/nav2_sms_behavior/nav2_sms_behavior/action/detail
[0.948s] -- Up-to-date: /workspace/ros_ws/install/nav2_sms_behavior/include/nav2_sms_behavior/nav2_sms_behavior/action/detail/send_sms__struct.hpp
[0.948s] -- Up-to-date: /workspace/ros_ws/install/nav2_sms_behavior/include/nav2_sms_behavior/nav2_sms_behavior/action/detail/send_sms__traits.hpp
[0.948s] -- Up-to-date: /workspace/ros_ws/install/nav2_sms_behavior/include/nav2_sms_behavior/nav2_sms_behavior/action/detail/send_sms__builder.hpp
[0.948s] -- Up-to-date: /workspace/ros_ws/install/nav2_sms_behavior/include/nav2_sms_behavior/nav2_sms_behavior/action/detail/send_sms__type_support.hpp
[0.948s] -- Up-to-date: /workspace/ros_ws/install/nav2_sms_behavior/include/nav2_sms_behavior/nav2_sms_behavior
[0.948s] -- Up-to-date: /workspace/ros_ws/install/nav2_sms_behavior/include/nav2_sms_behavior/nav2_sms_behavior/msg
[0.948s] -- Up-to-date: /workspace/ros_ws/install/nav2_sms_behavior/include/nav2_sms_behavior/nav2_sms_behavior/msg/rosidl_typesupport_fastrtps_cpp__visibility_control.h
[0.948s] -- Up-to-date: /workspace/ros_ws/install/nav2_sms_behavior/include/nav2_sms_behavior/nav2_sms_behavior/action
[0.948s] -- Up-to-date: /workspace/ros_ws/install/nav2_sms_behavior/include/nav2_sms_behavior/nav2_sms_behavior/action/detail
[0.948s] -- Up-to-date: /workspace/ros_ws/install/nav2_sms_behavior/include/nav2_sms_behavior/nav2_sms_behavior/action/detail/dds_fastrtps
[0.948s] -- Up-to-date: /workspace/ros_ws/install/nav2_sms_behavior/include/nav2_sms_behavior/nav2_sms_behavior/action/detail/send_sms__rosidl_typesupport_fastrtps_cpp.hpp
[0.949s] -- Up-to-date: /workspace/ros_ws/install/nav2_sms_behavior/lib/libnav2_sms_behavior__rosidl_typesupport_fastrtps_cpp.so
[0.949s] -- Up-to-date: /workspace/ros_ws/install/nav2_sms_behavior/include/nav2_sms_behavior/nav2_sms_behavior
[0.949s] -- Up-to-date: /workspace/ros_ws/install/nav2_sms_behavior/include/nav2_sms_behavior/nav2_sms_behavior/msg
[0.949s] -- Up-to-date: /workspace/ros_ws/install/nav2_sms_behavior/include/nav2_sms_behavior/nav2_sms_behavior/msg/rosidl_typesupport_introspection_c__visibility_control.h
[0.949s] -- Up-to-date: /workspace/ros_ws/install/nav2_sms_behavior/include/nav2_sms_behavior/nav2_sms_behavior/action
[0.949s] -- Up-to-date: /workspace/ros_ws/install/nav2_sms_behavior/include/nav2_sms_behavior/nav2_sms_behavior/action/detail
[0.949s] -- Up-to-date: /workspace/ros_ws/install/nav2_sms_behavior/include/nav2_sms_behavior/nav2_sms_behavior/action/detail/send_sms__type_support.c
[0.950s] -- Up-to-date: /workspace/ros_ws/install/nav2_sms_behavior/include/nav2_sms_behavior/nav2_sms_behavior/action/detail/send_sms__rosidl_typesupport_introspection_c.h
[0.950s] -- Up-to-date: /workspace/ros_ws/install/nav2_sms_behavior/lib/libnav2_sms_behavior__rosidl_typesupport_introspection_c.so
[0.951s] -- Up-to-date: /workspace/ros_ws/install/nav2_sms_behavior/lib/libnav2_sms_behavior__rosidl_typesupport_c.so
[0.952s] -- Up-to-date: /workspace/ros_ws/install/nav2_sms_behavior/include/nav2_sms_behavior/nav2_sms_behavior
[0.952s] -- Up-to-date: /workspace/ros_ws/install/nav2_sms_behavior/include/nav2_sms_behavior/nav2_sms_behavior/action
[0.952s] -- Up-to-date: /workspace/ros_ws/install/nav2_sms_behavior/include/nav2_sms_behavior/nav2_sms_behavior/action/detail
[0.952s] -- Up-to-date: /workspace/ros_ws/install/nav2_sms_behavior/include/nav2_sms_behavior/nav2_sms_behavior/action/detail/send_sms__type_support.cpp
[0.952s] -- Up-to-date: /workspace/ros_ws/install/nav2_sms_behavior/include/nav2_sms_behavior/nav2_sms_behavior/action/detail/send_sms__rosidl_typesupport_introspection_cpp.hpp
[0.953s] -- Up-to-date: /workspace/ros_ws/install/nav2_sms_behavior/lib/libnav2_sms_behavior__rosidl_typesupport_introspection_cpp.so
[0.954s] -- Up-to-date: /workspace/ros_ws/install/nav2_sms_behavior/lib/libnav2_sms_behavior__rosidl_typesupport_cpp.so
[0.955s] -- Up-to-date: /workspace/ros_ws/install/nav2_sms_behavior/share/nav2_sms_behavior/environment/pythonpath.sh
[0.955s] -- Up-to-date: /workspace/ros_ws/install/nav2_sms_behavior/share/nav2_sms_behavior/environment/pythonpath.dsv
[0.955s] -- Up-to-date: /workspace/ros_ws/install/nav2_sms_behavior/lib/python3.12/site-packages/nav2_sms_behavior-1.0.0-py3.12.egg-info
[0.956s] -- Installing: /workspace/ros_ws/install/nav2_sms_behavior/lib/python3.12/site-packages/nav2_sms_behavior-1.0.0-py3.12.egg-info/top_level.txt
[0.956s] -- Installing: /workspace/ros_ws/install/nav2_sms_behavior/lib/python3.12/site-packages/nav2_sms_behavior-1.0.0-py3.12.egg-info/dependency_links.txt
[0.956s] -- Installing: /workspace/ros_ws/install/nav2_sms_behavior/lib/python3.12/site-packages/nav2_sms_behavior-1.0.0-py3.12.egg-info/SOURCES.txt
[0.956s] -- Installing: /workspace/ros_ws/install/nav2_sms_behavior/lib/python3.12/site-packages/nav2_sms_behavior-1.0.0-py3.12.egg-info/PKG-INFO
[0.956s] -- Up-to-date: /workspace/ros_ws/install/nav2_sms_behavior/lib/python3.12/site-packages/nav2_sms_behavior
[0.956s] -- Up-to-date: /workspace/ros_ws/install/nav2_sms_behavior/lib/python3.12/site-packages/nav2_sms_behavior/_nav2_sms_behavior_s.ep.rosidl_typesupport_fastrtps_c.c
[0.956s] -- Up-to-date: /workspace/ros_ws/install/nav2_sms_behavior/lib/python3.12/site-packages/nav2_sms_behavior/nav2_sms_behavior_s__rosidl_typesupport_fastrtps_c.so
[0.956s] -- Up-to-date: /workspace/ros_ws/install/nav2_sms_behavior/lib/python3.12/site-packages/nav2_sms_behavior/_nav2_sms_behavior_s.ep.rosidl_typesupport_c.c
[0.956s] -- Up-to-date: /workspace/ros_ws/install/nav2_sms_behavior/lib/python3.12/site-packages/nav2_sms_behavior/nav2_sms_behavior_s__rosidl_typesupport_introspection_c.so
[0.956s] -- Up-to-date: /workspace/ros_ws/install/nav2_sms_behavior/lib/python3.12/site-packages/nav2_sms_behavior/nav2_sms_behavior_s__rosidl_typesupport_c.so
[0.957s] -- Up-to-date: /workspace/ros_ws/install/nav2_sms_behavior/lib/python3.12/site-packages/nav2_sms_behavior/_nav2_sms_behavior_s.ep.rosidl_typesupport_introspection_c.c
[0.957s] -- Up-to-date: /workspace/ros_ws/install/nav2_sms_behavior/lib/python3.12/site-packages/nav2_sms_behavior/__init__.py
[0.957s] -- Up-to-date: /workspace/ros_ws/install/nav2_sms_behavior/lib/python3.12/site-packages/nav2_sms_behavior/action
[0.957s] -- Up-to-date: /workspace/ros_ws/install/nav2_sms_behavior/lib/python3.12/site-packages/nav2_sms_behavior/action/_send_sms.py
[0.957s] -- Up-to-date: /workspace/ros_ws/install/nav2_sms_behavior/lib/python3.12/site-packages/nav2_sms_behavior/action/_send_sms_s.c
[0.957s] -- Up-to-date: /workspace/ros_ws/install/nav2_sms_behavior/lib/python3.12/site-packages/nav2_sms_behavior/action/__init__.py
[0.991s] Listing '/workspace/ros_ws/install/nav2_sms_behavior/lib/python3.12/site-packages/nav2_sms_behavior'...
[0.991s] Listing '/workspace/ros_ws/install/nav2_sms_behavior/lib/python3.12/site-packages/nav2_sms_behavior/action'...
[0.997s] -- Up-to-date: /workspace/ros_ws/install/nav2_sms_behavior/lib/python3.12/site-packages/nav2_sms_behavior/nav2_sms_behavior_s__rosidl_typesupport_fastrtps_c.so
[0.998s] -- Up-to-date: /workspace/ros_ws/install/nav2_sms_behavior/lib/python3.12/site-packages/nav2_sms_behavior/nav2_sms_behavior_s__rosidl_typesupport_introspection_c.so
[0.999s] -- Up-to-date: /workspace/ros_ws/install/nav2_sms_behavior/lib/python3.12/site-packages/nav2_sms_behavior/nav2_sms_behavior_s__rosidl_typesupport_c.so
[0.999s] -- Up-to-date: /workspace/ros_ws/install/nav2_sms_behavior/lib/libnav2_sms_behavior__rosidl_generator_py.so
[1.000s] -- Up-to-date: /workspace/ros_ws/install/nav2_sms_behavior/share/nav2_sms_behavior/action/SendSms.idl
[1.000s] -- Up-to-date: /workspace/ros_ws/install/nav2_sms_behavior/share/nav2_sms_behavior/action/SendSms.action
[1.000s] -- Up-to-date: /workspace/ros_ws/install/nav2_sms_behavior/share/nav2_sms_behavior/behavior_plugin.xml
[1.001s] -- Up-to-date: /workspace/ros_ws/install/nav2_sms_behavior/lib/libnav2_sms_behavior_plugin.so
[1.002s] -- Up-to-date: /workspace/ros_ws/install/nav2_sms_behavior/include/
[1.002s] -- Up-to-date: /workspace/ros_ws/install/nav2_sms_behavior/include//nav2_sms_behavior
[1.002s] -- Up-to-date: /workspace/ros_ws/install/nav2_sms_behavior/include//nav2_sms_behavior/send_sms.hpp
[1.002s] -- Up-to-date: /workspace/ros_ws/install/nav2_sms_behavior/include//nav2_sms_behavior/type_conversion.hpp:Zone.Identifier
[1.002s] -- Up-to-date: /workspace/ros_ws/install/nav2_sms_behavior/include//nav2_sms_behavior/twilio.hpp:Zone.Identifier
[1.002s] -- Up-to-date: /workspace/ros_ws/install/nav2_sms_behavior/include//nav2_sms_behavior/send_sms.hpp:Zone.Identifier
[1.002s] -- Up-to-date: /workspace/ros_ws/install/nav2_sms_behavior/include//nav2_sms_behavior/type_conversion.hpp
[1.002s] -- Up-to-date: /workspace/ros_ws/install/nav2_sms_behavior/include//nav2_sms_behavior/twilio.hpp
[1.002s] -- Up-to-date: /workspace/ros_ws/install/nav2_sms_behavior/share/nav2_sms_behavior/behavior_plugin.xml
[1.003s] -- Up-to-date: /workspace/ros_ws/install/nav2_sms_behavior/share/ament_index/resource_index/package_run_dependencies/nav2_sms_behavior
[1.003s] -- Up-to-date: /workspace/ros_ws/install/nav2_sms_behavior/share/ament_index/resource_index/parent_prefix_path/nav2_sms_behavior
[1.003s] -- Up-to-date: /workspace/ros_ws/install/nav2_sms_behavior/share/nav2_sms_behavior/environment/ament_prefix_path.sh
[1.003s] -- Up-to-date: /workspace/ros_ws/install/nav2_sms_behavior/share/nav2_sms_behavior/environment/ament_prefix_path.dsv
[1.003s] -- Up-to-date: /workspace/ros_ws/install/nav2_sms_behavior/share/nav2_sms_behavior/environment/path.sh
[1.003s] -- Up-to-date: /workspace/ros_ws/install/nav2_sms_behavior/share/nav2_sms_behavior/environment/path.dsv
[1.003s] -- Up-to-date: /workspace/ros_ws/install/nav2_sms_behavior/share/nav2_sms_behavior/local_setup.bash
[1.003s] -- Up-to-date: /workspace/ros_ws/install/nav2_sms_behavior/share/nav2_sms_behavior/local_setup.sh
[1.003s] -- Up-to-date: /workspace/ros_ws/install/nav2_sms_behavior/share/nav2_sms_behavior/local_setup.zsh
[1.003s] -- Up-to-date: /workspace/ros_ws/install/nav2_sms_behavior/share/nav2_sms_behavior/local_setup.dsv
[1.003s] -- Installing: /workspace/ros_ws/install/nav2_sms_behavior/share/nav2_sms_behavior/package.dsv
[1.003s] -- Up-to-date: /workspace/ros_ws/install/nav2_sms_behavior/share/ament_index/resource_index/packages/nav2_sms_behavior
[1.003s] -- Up-to-date: /workspace/ros_ws/install/nav2_sms_behavior/share/ament_index/resource_index/nav2_core__pluginlib__plugin/nav2_sms_behavior
[1.004s] -- Up-to-date: /workspace/ros_ws/install/nav2_sms_behavior/share/nav2_sms_behavior/cmake/export_nav2_sms_behavior__rosidl_generator_cExport.cmake
[1.004s] -- Up-to-date: /workspace/ros_ws/install/nav2_sms_behavior/share/nav2_sms_behavior/cmake/export_nav2_sms_behavior__rosidl_generator_cExport-noconfig.cmake
[1.005s] -- Up-to-date: /workspace/ros_ws/install/nav2_sms_behavior/share/nav2_sms_behavior/cmake/export_nav2_sms_behavior__rosidl_typesupport_fastrtps_cExport.cmake
[1.005s] -- Up-to-date: /workspace/ros_ws/install/nav2_sms_behavior/share/nav2_sms_behavior/cmake/export_nav2_sms_behavior__rosidl_typesupport_fastrtps_cExport-noconfig.cmake
[1.005s] -- Up-to-date: /workspace/ros_ws/install/nav2_sms_behavior/share/nav2_sms_behavior/cmake/export_nav2_sms_behavior__rosidl_generator_cppExport.cmake
[1.006s] -- Up-to-date: /workspace/ros_ws/install/nav2_sms_behavior/share/nav2_sms_behavior/cmake/export_nav2_sms_behavior__rosidl_typesupport_fastrtps_cppExport.cmake
[1.006s] -- Up-to-date: /workspace/ros_ws/install/nav2_sms_behavior/share/nav2_sms_behavior/cmake/export_nav2_sms_behavior__rosidl_typesupport_fastrtps_cppExport-noconfig.cmake
[1.007s] -- Up-to-date: /workspace/ros_ws/install/nav2_sms_behavior/share/nav2_sms_behavior/cmake/nav2_sms_behavior__rosidl_typesupport_introspection_cExport.cmake
[1.007s] -- Up-to-date: /workspace/ros_ws/install/nav2_sms_behavior/share/nav2_sms_behavior/cmake/nav2_sms_behavior__rosidl_typesupport_introspection_cExport-noconfig.cmake
[1.007s] -- Up-to-date: /workspace/ros_ws/install/nav2_sms_behavior/share/nav2_sms_behavior/cmake/nav2_sms_behavior__rosidl_typesupport_cExport.cmake
[1.007s] -- Up-to-date: /workspace/ros_ws/install/nav2_sms_behavior/share/nav2_sms_behavior/cmake/nav2_sms_behavior__rosidl_typesupport_cExport-noconfig.cmake
[1.008s] -- Up-to-date: /workspace/ros_ws/install/nav2_sms_behavior/share/nav2_sms_behavior/cmake/nav2_sms_behavior__rosidl_typesupport_introspection_cppExport.cmake
[1.008s] -- Up-to-date: /workspace/ros_ws/install/nav2_sms_behavior/share/nav2_sms_behavior/cmake/nav2_sms_behavior__rosidl_typesupport_introspection_cppExport-noconfig.cmake
[1.008s] -- Up-to-date: /workspace/ros_ws/install/nav2_sms_behavior/share/nav2_sms_behavior/cmake/nav2_sms_behavior__rosidl_typesupport_cppExport.cmake
[1.008s] -- Up-to-date: /workspace/ros_ws/install/nav2_sms_behavior/share/nav2_sms_behavior/cmake/nav2_sms_behavior__rosidl_typesupport_cppExport-noconfig.cmake
[1.009s] -- Up-to-date: /workspace/ros_ws/install/nav2_sms_behavior/share/nav2_sms_behavior/cmake/export_nav2_sms_behavior__rosidl_generator_pyExport.cmake
[1.009s] -- Up-to-date: /workspace/ros_ws/install/nav2_sms_behavior/share/nav2_sms_behavior/cmake/export_nav2_sms_behavior__rosidl_generator_pyExport-noconfig.cmake
[1.009s] -- Up-to-date: /workspace/ros_ws/install/nav2_sms_behavior/share/nav2_sms_behavior/cmake/rosidl_cmake-extras.cmake
[1.009s] -- Up-to-date: /workspace/ros_ws/install/nav2_sms_behavior/share/nav2_sms_behavior/cmake/ament_cmake_export_dependencies-extras.cmake
[1.010s] -- Up-to-date: /workspace/ros_ws/install/nav2_sms_behavior/share/nav2_sms_behavior/cmake/ament_cmake_export_include_directories-extras.cmake
[1.010s] -- Up-to-date: /workspace/ros_ws/install/nav2_sms_behavior/share/nav2_sms_behavior/cmake/ament_cmake_export_libraries-extras.cmake
[1.010s] -- Up-to-date: /workspace/ros_ws/install/nav2_sms_behavior/share/nav2_sms_behavior/cmake/ament_cmake_export_targets-extras.cmake
[1.010s] -- Up-to-date: /workspace/ros_ws/install/nav2_sms_behavior/share/nav2_sms_behavior/cmake/rosidl_cmake_export_typesupport_targets-extras.cmake
[1.010s] -- Up-to-date: /workspace/ros_ws/install/nav2_sms_behavior/share/nav2_sms_behavior/cmake/rosidl_cmake_export_typesupport_libraries-extras.cmake
[1.010s] -- Up-to-date: /workspace/ros_ws/install/nav2_sms_behavior/share/nav2_sms_behavior/cmake/nav2_sms_behaviorConfig.cmake
[1.010s] -- Up-to-date: /workspace/ros_ws/install/nav2_sms_behavior/share/nav2_sms_behavior/cmake/nav2_sms_behaviorConfig-version.cmake
[1.010s] -- Up-to-date: /workspace/ros_ws/install/nav2_sms_behavior/share/nav2_sms_behavior/package.xml
[1.011s] Invoked command in '/workspace/ros_ws/build/nav2_sms_behavior' returned '0': CMAKE_PREFIX_PATH=${CMAKE_PREFIX_PATH}:/opt/ros/jazzy /usr/bin/cmake --install /workspace/ros_ws/build/nav2_sms_behavior
