[0.061s] Invoking command in '/workspace/ros_ws/src/build/p3at_description': CMAKE_PREFIX_PATH=${CMAKE_PREFIX_PATH}:/workspace/ros_ws/install/nav2_gps_waypoint_follower_demo:/workspace/ros_ws/install/digit_recognition:/opt/ros/jazzy /usr/bin/cmake /workspace/ros_ws/src/p3at_description -DCMAKE_INSTALL_PREFIX=/workspace/ros_ws/src/install/p3at_description
[0.322s] -- Found ament_cmake: 2.5.4 (/opt/ros/jazzy/share/ament_cmake/cmake)
[1.266s] -- Override CMake install command with custom implementation using symlinks instead of copying resources
[1.284s] -- Found ament_lint_auto: 0.17.2 (/opt/ros/jazzy/share/ament_lint_auto/cmake)
[1.675s] -- Added test 'flake8' to check Python code syntax and style conventions
[1.676s] -- Configured 'flake8' exclude dirs and/or files: 
[1.678s] -- Added test 'lint_cmake' to check CMake code style
[1.682s] -- Added test 'pep257' to check Python code against some of the docstring style conventions in PEP 257
[1.710s] -- Added test 'xmllint' to check XML markup files
[1.719s] -- Configuring done (1.6s)
[1.732s] -- Generating done (0.0s)
[1.745s] -- Build files have been written to: /workspace/ros_ws/src/build/p3at_description
[1.795s] Invoked command in '/workspace/ros_ws/src/build/p3at_description' returned '0': CMAKE_PREFIX_PATH=${CMAKE_PREFIX_PATH}:/workspace/ros_ws/install/nav2_gps_waypoint_follower_demo:/workspace/ros_ws/install/digit_recognition:/opt/ros/jazzy /usr/bin/cmake /workspace/ros_ws/src/p3at_description -DCMAKE_INSTALL_PREFIX=/workspace/ros_ws/src/install/p3at_description
[1.797s] Invoking command in '/workspace/ros_ws/src/build/p3at_description': CMAKE_PREFIX_PATH=${CMAKE_PREFIX_PATH}:/workspace/ros_ws/install/nav2_gps_waypoint_follower_demo:/workspace/ros_ws/install/digit_recognition:/opt/ros/jazzy /usr/bin/cmake --build /workspace/ros_ws/src/build/p3at_description -- -j8 -l8
[2.079s] Invoked command in '/workspace/ros_ws/src/build/p3at_description' returned '0': CMAKE_PREFIX_PATH=${CMAKE_PREFIX_PATH}:/workspace/ros_ws/install/nav2_gps_waypoint_follower_demo:/workspace/ros_ws/install/digit_recognition:/opt/ros/jazzy /usr/bin/cmake --build /workspace/ros_ws/src/build/p3at_description -- -j8 -l8
[2.089s] Invoking command in '/workspace/ros_ws/src/build/p3at_description': CMAKE_PREFIX_PATH=${CMAKE_PREFIX_PATH}:/workspace/ros_ws/install/nav2_gps_waypoint_follower_demo:/workspace/ros_ws/install/digit_recognition:/opt/ros/jazzy /usr/bin/cmake --install /workspace/ros_ws/src/build/p3at_description
[2.143s] -- Install configuration: ""
[2.143s] -- Execute custom install script
[2.143s] [33mCMake Warning (dev) at ament_cmake_symlink_install/ament_cmake_symlink_install.cmake:62 (file):
[2.143s]   Policy CMP0009 is not set: FILE GLOB_RECURSE calls should not follow
[2.143s]   symlinks by default.  Run "cmake --help-policy CMP0009" for policy details.
[2.144s]   Use the cmake_policy command to set the policy and suppress this warning.
[2.144s] Call Stack (most recent call first):
[2.149s]   ament_cmake_symlink_install/ament_cmake_symlink_install.cmake:314 (ament_cmake_symlink_install_directory)
[2.149s]   cmake_install.cmake:46 (include)
[2.149s] This warning is for project developers.  Use -Wno-dev to suppress it.
[2.149s] [0m
[2.150s] -- Symlinking: /workspace/ros_ws/src/install/p3at_description/share//launch/build/.built_by
[2.200s] -- Symlinking: /workspace/ros_ws/src/install/p3at_description/share//launch/build/COLCON_IGNORE
[2.244s] -- Symlinking: /workspace/ros_ws/src/install/p3at_description/share//launch/display.launch.py
[2.295s] -- Symlinking: /workspace/ros_ws/src/install/p3at_description/share//launch/ekf_launch.py
[2.313s] -- Symlinking: /workspace/ros_ws/src/install/p3at_description/share//launch/install/.colcon_install_layout
[2.337s] -- Symlinking: /workspace/ros_ws/src/install/p3at_description/share//launch/install/COLCON_IGNORE
[2.356s] -- Symlinking: /workspace/ros_ws/src/install/p3at_description/share//launch/install/_local_setup_util_ps1.py
[2.405s] -- Symlinking: /workspace/ros_ws/src/install/p3at_description/share//launch/install/_local_setup_util_sh.py
[2.422s] -- Symlinking: /workspace/ros_ws/src/install/p3at_description/share//launch/install/local_setup.bash
[2.494s] -- Symlinking: /workspace/ros_ws/src/install/p3at_description/share//launch/install/local_setup.ps1
[2.537s] -- Symlinking: /workspace/ros_ws/src/install/p3at_description/share//launch/install/local_setup.sh
[2.580s] -- Symlinking: /workspace/ros_ws/src/install/p3at_description/share//launch/install/local_setup.zsh
[2.613s] -- Symlinking: /workspace/ros_ws/src/install/p3at_description/share//launch/install/setup.bash
[2.650s] -- Symlinking: /workspace/ros_ws/src/install/p3at_description/share//launch/install/setup.ps1
[2.667s] -- Symlinking: /workspace/ros_ws/src/install/p3at_description/share//launch/install/setup.sh
[2.746s] -- Symlinking: /workspace/ros_ws/src/install/p3at_description/share//launch/install/setup.zsh
[2.827s] -- Symlinking: /workspace/ros_ws/src/install/p3at_description/share//launch/log/COLCON_IGNORE
[2.873s] -- Symlinking: /workspace/ros_ws/src/install/p3at_description/share//launch/log/build_2025-05-17_10-45-05/events.log
[2.915s] -- Symlinking: /workspace/ros_ws/src/install/p3at_description/share//launch/log/build_2025-05-17_10-45-05/logger_all.log
[2.950s] -- Symlinking: /workspace/ros_ws/src/install/p3at_description/share//launch/log/latest/events.log
[2.966s] -- Symlinking: /workspace/ros_ws/src/install/p3at_description/share//launch/log/latest/logger_all.log
[3.041s] -- Symlinking: /workspace/ros_ws/src/install/p3at_description/share//launch/log/latest_build/events.log
[3.071s] -- Symlinking: /workspace/ros_ws/src/install/p3at_description/share//launch/log/latest_build/logger_all.log
[3.097s] -- Symlinking: /workspace/ros_ws/src/install/p3at_description/share//meshes/Coordinates
[3.133s] -- Symlinking: /workspace/ros_ws/src/install/p3at_description/share//meshes/arm_control_box_mesh.dae
[3.177s] -- Symlinking: /workspace/ros_ws/src/install/p3at_description/share//meshes/axle.dae
[3.210s] -- Symlinking: /workspace/ros_ws/src/install/p3at_description/share//meshes/back_sonar.dae
[3.224s] -- Symlinking: /workspace/ros_ws/src/install/p3at_description/share//meshes/back_sonar_mesh.dae
[3.293s] -- Symlinking: /workspace/ros_ws/src/install/p3at_description/share//meshes/chassis.dae
[3.334s] -- Symlinking: /workspace/ros_ws/src/install/p3at_description/share//meshes/front_sonar.dae
[3.361s] -- Symlinking: /workspace/ros_ws/src/install/p3at_description/share//meshes/hokuyo.dae
[3.396s] -- Symlinking: /workspace/ros_ws/src/install/p3at_description/share//meshes/hokuyo1.dae
[3.428s] -- Symlinking: /workspace/ros_ws/src/install/p3at_description/share//meshes/hokuyo_convex.stl
[3.462s] -- Symlinking: /workspace/ros_ws/src/install/p3at_description/share//meshes/kinect.dae
[3.501s] -- Symlinking: /workspace/ros_ws/src/install/p3at_description/share//meshes/kinect.tga
[3.537s] -- Symlinking: /workspace/ros_ws/src/install/p3at_description/share//meshes/left_hubcap.dae
[3.570s] -- Symlinking: /workspace/ros_ws/src/install/p3at_description/share//meshes/left_hubcap_mesh.dae
[3.597s] -- Symlinking: /workspace/ros_ws/src/install/p3at_description/share//meshes/p3at_meshes/.svn/all-wcprops
[3.630s] -- Symlinking: /workspace/ros_ws/src/install/p3at_description/share//meshes/p3at_meshes/.svn/entries
[3.649s] -- Symlinking: /workspace/ros_ws/src/install/p3at_description/share//meshes/p3at_meshes/.svn/prop-base/axle.stl.svn-base
[3.662s] -- Symlinking: /workspace/ros_ws/src/install/p3at_description/share//meshes/p3at_meshes/.svn/prop-base/back_sonar.stl.svn-base
[3.685s] -- Symlinking: /workspace/ros_ws/src/install/p3at_description/share//meshes/p3at_meshes/.svn/prop-base/chassis.stl.svn-base
[3.722s] -- Symlinking: /workspace/ros_ws/src/install/p3at_description/share//meshes/p3at_meshes/.svn/prop-base/front_sonar.stl.svn-base
[3.790s] -- Symlinking: /workspace/ros_ws/src/install/p3at_description/share//meshes/p3at_meshes/.svn/prop-base/left_hubcap.stl.svn-base
[3.828s] -- Symlinking: /workspace/ros_ws/src/install/p3at_description/share//meshes/p3at_meshes/.svn/prop-base/right_hubcap.stl.svn-base
[3.848s] -- Symlinking: /workspace/ros_ws/src/install/p3at_description/share//meshes/p3at_meshes/.svn/prop-base/top.stl.svn-base
[3.863s] -- Symlinking: /workspace/ros_ws/src/install/p3at_description/share//meshes/p3at_meshes/.svn/prop-base/wheel.stl.svn-base
[3.895s] -- Symlinking: /workspace/ros_ws/src/install/p3at_description/share//meshes/p3at_meshes/.svn/text-base/Coordinates.svn-base
[3.924s] -- Symlinking: /workspace/ros_ws/src/install/p3at_description/share//meshes/p3at_meshes/.svn/text-base/axle.stl.svn-base
[3.954s] -- Symlinking: /workspace/ros_ws/src/install/p3at_description/share//meshes/p3at_meshes/.svn/text-base/back_sonar.stl.svn-base
[3.981s] -- Symlinking: /workspace/ros_ws/src/install/p3at_description/share//meshes/p3at_meshes/.svn/text-base/chassis.stl.svn-base
[4.022s] -- Symlinking: /workspace/ros_ws/src/install/p3at_description/share//meshes/p3at_meshes/.svn/text-base/front_sonar.stl.svn-base
[4.060s] -- Symlinking: /workspace/ros_ws/src/install/p3at_description/share//meshes/p3at_meshes/.svn/text-base/left_hubcap.stl.svn-base
[4.094s] -- Symlinking: /workspace/ros_ws/src/install/p3at_description/share//meshes/p3at_meshes/.svn/text-base/right_hubcap.stl.svn-base
[4.132s] -- Symlinking: /workspace/ros_ws/src/install/p3at_description/share//meshes/p3at_meshes/.svn/text-base/top.stl.svn-base
[4.158s] -- Symlinking: /workspace/ros_ws/src/install/p3at_description/share//meshes/p3at_meshes/.svn/text-base/wheel.stl.svn-base
[4.176s] -- Symlinking: /workspace/ros_ws/src/install/p3at_description/share//meshes/p3at_meshes/Coordinates
[4.192s] -- Symlinking: /workspace/ros_ws/src/install/p3at_description/share//meshes/p3at_meshes/axle.dae
[4.218s] -- Symlinking: /workspace/ros_ws/src/install/p3at_description/share//meshes/p3at_meshes/axle.stl
[4.246s] -- Symlinking: /workspace/ros_ws/src/install/p3at_description/share//meshes/p3at_meshes/back_sonar.dae
[4.265s] -- Symlinking: /workspace/ros_ws/src/install/p3at_description/share//meshes/p3at_meshes/back_sonar.stl
[4.298s] -- Symlinking: /workspace/ros_ws/src/install/p3at_description/share//meshes/p3at_meshes/chassis.dae
[4.335s] -- Symlinking: /workspace/ros_ws/src/install/p3at_description/share//meshes/p3at_meshes/chassis.stl
[4.377s] -- Symlinking: /workspace/ros_ws/src/install/p3at_description/share//meshes/p3at_meshes/front_sonar.dae
[4.405s] -- Symlinking: /workspace/ros_ws/src/install/p3at_description/share//meshes/p3at_meshes/front_sonar.stl
[4.435s] -- Symlinking: /workspace/ros_ws/src/install/p3at_description/share//meshes/p3at_meshes/left_hubcap.dae
[4.493s] -- Symlinking: /workspace/ros_ws/src/install/p3at_description/share//meshes/p3at_meshes/left_hubcap.stl
[4.522s] -- Symlinking: /workspace/ros_ws/src/install/p3at_description/share//meshes/p3at_meshes/right_hubcap.dae
[4.542s] -- Symlinking: /workspace/ros_ws/src/install/p3at_description/share//meshes/p3at_meshes/right_hubcap.stl
[4.558s] -- Symlinking: /workspace/ros_ws/src/install/p3at_description/share//meshes/p3at_meshes/top.dae
[4.592s] -- Symlinking: /workspace/ros_ws/src/install/p3at_description/share//meshes/p3at_meshes/top.stl
[4.617s] -- Symlinking: /workspace/ros_ws/src/install/p3at_description/share//meshes/p3at_meshes/wheel.dae
[4.636s] -- Symlinking: /workspace/ros_ws/src/install/p3at_description/share//meshes/p3at_meshes/wheel.stl
[4.661s] -- Symlinking: /workspace/ros_ws/src/install/p3at_description/share//meshes/right_hubcap.dae
[4.691s] -- Symlinking: /workspace/ros_ws/src/install/p3at_description/share//meshes/suporte_armControl_mesh.dae
[4.705s] -- Symlinking: /workspace/ros_ws/src/install/p3at_description/share//meshes/suporte_base_mesh.dae
[4.748s] -- Symlinking: /workspace/ros_ws/src/install/p3at_description/share//meshes/suporte_base_mesh2.dae
[4.783s] -- Symlinking: /workspace/ros_ws/src/install/p3at_description/share//meshes/suporte_depth_mesh.dae
[4.821s] -- Symlinking: /workspace/ros_ws/src/install/p3at_description/share//meshes/suporte_kinect_mesh.dae
[4.841s] -- Symlinking: /workspace/ros_ws/src/install/p3at_description/share//meshes/suporte_monitor_mesh.dae
[4.874s] -- Symlinking: /workspace/ros_ws/src/install/p3at_description/share//meshes/tampa1_mesh.dae
[4.911s] -- Symlinking: /workspace/ros_ws/src/install/p3at_description/share//meshes/tampa2_mesh.dae
[4.932s] -- Symlinking: /workspace/ros_ws/src/install/p3at_description/share//meshes/tampa3_mesh.dae
[4.950s] -- Symlinking: /workspace/ros_ws/src/install/p3at_description/share//meshes/tampa4_mesh.dae
[4.964s] -- Symlinking: /workspace/ros_ws/src/install/p3at_description/share//meshes/top.dae
[4.988s] -- Symlinking: /workspace/ros_ws/src/install/p3at_description/share//meshes/tv_mesh.dae
[5.000s] -- Symlinking: /workspace/ros_ws/src/install/p3at_description/share//meshes/wheel.dae
[5.015s] [33mCMake Warning (dev) at ament_cmake_symlink_install/ament_cmake_symlink_install.cmake:62 (file):
[5.016s]   Policy CMP0009 is not set: FILE GLOB_RECURSE calls should not follow
[5.016s]   symlinks by default.  Run "cmake --help-policy CMP0009" for policy details.
[5.016s]   Use the cmake_policy command to set the policy and suppress this warning.
[5.016s] Call Stack (most recent call first):
[5.016s]   ament_cmake_symlink_install/ament_cmake_symlink_install.cmake:314 (ament_cmake_symlink_install_directory)
[5.016s]   cmake_install.cmake:46 (include)
[5.017s] This warning is for project developers.  Use -Wno-dev to suppress it.
[5.017s] [0m
[5.018s] -- Symlinking: /workspace/ros_ws/src/install/p3at_description/share//urdf/build/.built_by
[5.035s] -- Symlinking: /workspace/ros_ws/src/install/p3at_description/share//urdf/build/COLCON_IGNORE
[5.054s] -- Symlinking: /workspace/ros_ws/src/install/p3at_description/share//urdf/install/.colcon_install_layout
[5.080s] -- Symlinking: /workspace/ros_ws/src/install/p3at_description/share//urdf/install/COLCON_IGNORE
[5.098s] -- Symlinking: /workspace/ros_ws/src/install/p3at_description/share//urdf/install/_local_setup_util_ps1.py
[5.111s] -- Symlinking: /workspace/ros_ws/src/install/p3at_description/share//urdf/install/_local_setup_util_sh.py
[5.129s] -- Symlinking: /workspace/ros_ws/src/install/p3at_description/share//urdf/install/local_setup.bash
[5.155s] -- Symlinking: /workspace/ros_ws/src/install/p3at_description/share//urdf/install/local_setup.ps1
[5.171s] -- Symlinking: /workspace/ros_ws/src/install/p3at_description/share//urdf/install/local_setup.sh
[5.201s] -- Symlinking: /workspace/ros_ws/src/install/p3at_description/share//urdf/install/local_setup.zsh
[5.222s] -- Symlinking: /workspace/ros_ws/src/install/p3at_description/share//urdf/install/setup.bash
[5.239s] -- Symlinking: /workspace/ros_ws/src/install/p3at_description/share//urdf/install/setup.ps1
[5.255s] -- Symlinking: /workspace/ros_ws/src/install/p3at_description/share//urdf/install/setup.sh
[5.270s] -- Symlinking: /workspace/ros_ws/src/install/p3at_description/share//urdf/install/setup.zsh
[5.281s] -- Symlinking: /workspace/ros_ws/src/install/p3at_description/share//urdf/log/COLCON_IGNORE
[5.299s] -- Symlinking: /workspace/ros_ws/src/install/p3at_description/share//urdf/log/build_2025-05-17_11-15-30/events.log
[5.319s] -- Symlinking: /workspace/ros_ws/src/install/p3at_description/share//urdf/log/build_2025-05-17_11-15-30/logger_all.log
[5.337s] -- Symlinking: /workspace/ros_ws/src/install/p3at_description/share//urdf/log/latest/events.log
[5.354s] -- Symlinking: /workspace/ros_ws/src/install/p3at_description/share//urdf/log/latest/logger_all.log
[5.374s] -- Symlinking: /workspace/ros_ws/src/install/p3at_description/share//urdf/log/latest_build/events.log
[5.412s] -- Symlinking: /workspace/ros_ws/src/install/p3at_description/share//urdf/log/latest_build/logger_all.log
[5.428s] -- Symlinking: /workspace/ros_ws/src/install/p3at_description/share//urdf/pioneer.urdf
[5.443s] -- Symlinking: /workspace/ros_ws/src/install/p3at_description/share//urdf/pioneer.urdf.xacro
[5.464s] -- Symlinking: /workspace/ros_ws/src/install/p3at_description/share//urdf/pioneer1.urdf
[5.490s] -- Symlinking: /workspace/ros_ws/src/install/p3at_description/share//world/empty.sdf
[5.531s] -- Symlinking: /workspace/ros_ws/src/install/p3at_description/share//rviz/display.rviz
[5.564s] -- Symlinking: /workspace/ros_ws/src/install/p3at_description/share//config/ekf.yaml
[5.601s] -- Symlinking: /workspace/ros_ws/src/install/p3at_description/share//config/mapper_params_online_async.yaml
[5.616s] -- Up-to-date symlink: /workspace/ros_ws/src/install/p3at_description/share/ament_index/resource_index/package_run_dependencies/p3at_description
[5.617s] -- Up-to-date symlink: /workspace/ros_ws/src/install/p3at_description/share/ament_index/resource_index/parent_prefix_path/p3at_description
[5.617s] -- Up-to-date symlink: /workspace/ros_ws/src/install/p3at_description/share/p3at_description/environment/ament_prefix_path.sh
[5.618s] -- Up-to-date symlink: /workspace/ros_ws/src/install/p3at_description/share/p3at_description/environment/ament_prefix_path.dsv
[5.618s] -- Up-to-date symlink: /workspace/ros_ws/src/install/p3at_description/share/p3at_description/environment/path.sh
[5.618s] -- Up-to-date symlink: /workspace/ros_ws/src/install/p3at_description/share/p3at_description/environment/path.dsv
[5.618s] -- Up-to-date symlink: /workspace/ros_ws/src/install/p3at_description/share/p3at_description/local_setup.bash
[5.618s] -- Up-to-date symlink: /workspace/ros_ws/src/install/p3at_description/share/p3at_description/local_setup.sh
[5.619s] -- Up-to-date symlink: /workspace/ros_ws/src/install/p3at_description/share/p3at_description/local_setup.zsh
[5.619s] -- Up-to-date symlink: /workspace/ros_ws/src/install/p3at_description/share/p3at_description/local_setup.dsv
[5.619s] -- Symlinking: /workspace/ros_ws/src/install/p3at_description/share/p3at_description/package.dsv
[5.641s] -- Up-to-date symlink: /workspace/ros_ws/src/install/p3at_description/share/ament_index/resource_index/packages/p3at_description
[5.641s] -- Up-to-date symlink: /workspace/ros_ws/src/install/p3at_description/share/p3at_description/cmake/p3at_descriptionConfig.cmake
[5.643s] -- Up-to-date symlink: /workspace/ros_ws/src/install/p3at_description/share/p3at_description/cmake/p3at_descriptionConfig-version.cmake
[5.643s] -- Up-to-date symlink: /workspace/ros_ws/src/install/p3at_description/share/p3at_description/package.xml
[5.651s] Invoked command in '/workspace/ros_ws/src/build/p3at_description' returned '0': CMAKE_PREFIX_PATH=${CMAKE_PREFIX_PATH}:/workspace/ros_ws/install/nav2_gps_waypoint_follower_demo:/workspace/ros_ws/install/digit_recognition:/opt/ros/jazzy /usr/bin/cmake --install /workspace/ros_ws/src/build/p3at_description
