[0.745s] Invoking command in '/workspace/ros_ws/build/lakibeam1': CMAKE_PREFIX_PATH=${CMAKE_PREFIX_PATH}:/opt/ros/jazzy /usr/bin/cmake --build /workspace/ros_ws/build/lakibeam1 -- -j8 -l8
[1.490s] [100%] Built target lakibeam1_scan_node
[1.501s] Invoked command in '/workspace/ros_ws/build/lakibeam1' returned '0': CMAKE_PREFIX_PATH=${CMAKE_PREFIX_PATH}:/opt/ros/jazzy /usr/bin/cmake --build /workspace/ros_ws/build/lakibeam1 -- -j8 -l8
[1.524s] Invoking command in '/workspace/ros_ws/build/lakibeam1': CMAKE_PREFIX_PATH=${CMAKE_PREFIX_PATH}:/opt/ros/jazzy /usr/bin/cmake --install /workspace/ros_ws/build/lakibeam1
[1.610s] -- Install configuration: ""
[1.610s] -- Execute custom install script
[1.610s] -- Up-to-date symlink: /workspace/ros_ws/install/lakibeam1/share/ament_index/resource_index/package_run_dependencies/lakibeam1
[1.610s] -- Up-to-date symlink: /workspace/ros_ws/install/lakibeam1/share/ament_index/resource_index/parent_prefix_path/lakibeam1
[1.610s] -- Up-to-date symlink: /workspace/ros_ws/install/lakibeam1/share/lakibeam1/environment/ament_prefix_path.sh
[1.610s] -- Up-to-date symlink: /workspace/ros_ws/install/lakibeam1/share/lakibeam1/environment/ament_prefix_path.dsv
[1.610s] -- Up-to-date symlink: /workspace/ros_ws/install/lakibeam1/share/lakibeam1/environment/path.sh
[1.611s] -- Up-to-date symlink: /workspace/ros_ws/install/lakibeam1/share/lakibeam1/environment/path.dsv
[1.615s] -- Up-to-date symlink: /workspace/ros_ws/install/lakibeam1/share/lakibeam1/local_setup.bash
[1.636s] -- Up-to-date symlink: /workspace/ros_ws/install/lakibeam1/share/lakibeam1/local_setup.sh
[1.637s] -- Up-to-date symlink: /workspace/ros_ws/install/lakibeam1/share/lakibeam1/local_setup.zsh
[1.637s] -- Up-to-date symlink: /workspace/ros_ws/install/lakibeam1/share/lakibeam1/local_setup.dsv
[1.637s] -- Symlinking: /workspace/ros_ws/install/lakibeam1/share/lakibeam1/package.dsv
[1.650s] -- Up-to-date symlink: /workspace/ros_ws/install/lakibeam1/share/ament_index/resource_index/packages/lakibeam1
[1.650s] -- Up-to-date symlink: /workspace/ros_ws/install/lakibeam1/share/lakibeam1/cmake/lakibeam1Config.cmake
[1.650s] -- Up-to-date symlink: /workspace/ros_ws/install/lakibeam1/share/lakibeam1/cmake/lakibeam1Config-version.cmake
[1.650s] -- Up-to-date symlink: /workspace/ros_ws/install/lakibeam1/share/lakibeam1/package.xml
[1.650s] -- Up-to-date symlink: /workspace/ros_ws/install/lakibeam1/lib/lakibeam1/lakibeam1_scan_node
[1.664s] -- Up-to-date symlink: /workspace/ros_ws/install/lakibeam1/share/lakibeam1/launch/lakibeam1_scan.launch.py
[1.665s] -- Up-to-date symlink: /workspace/ros_ws/install/lakibeam1/share/lakibeam1/launch/lakibeam1_scan_dual_lidar.launch.py
[1.665s] -- Up-to-date symlink: /workspace/ros_ws/install/lakibeam1/share/lakibeam1/launch/lakibeam1_scan_dual_lidar_view.launch.py
[1.665s] -- Up-to-date symlink: /workspace/ros_ws/install/lakibeam1/share/lakibeam1/launch/lakibeam1_scan_view.launch.py
[1.666s] -- Up-to-date symlink: /workspace/ros_ws/install/lakibeam1/share/lakibeam1/rviz/lakibeam1_scan.rviz
[1.666s] -- Up-to-date symlink: /workspace/ros_ws/install/lakibeam1/share/lakibeam1/rviz/lakibeam1_scan_dual.rviz
[1.666s] -- Up-to-date symlink: /workspace/ros_ws/install/lakibeam1/share/lakibeam1/rviz/rviz_scan.rviz
[2.050s] Invoked command in '/workspace/ros_ws/build/lakibeam1' returned '0': CMAKE_PREFIX_PATH=${CMAKE_PREFIX_PATH}:/opt/ros/jazzy /usr/bin/cmake --install /workspace/ros_ws/build/lakibeam1
