[0.251s] DEBUG:colcon:Command line arguments: ['/usr/bin/colcon', 'build', '--packages-select', 'digit_recognition']
[0.251s] DEBUG:colcon:Parsed command line arguments: Namespace(log_base=None, log_level=None, verb_name='build', build_base='build', install_base='install', merge_install=False, symlink_install=False, test_result_base=None, continue_on_error=False, executor='parallel', parallel_workers=8, event_handlers=None, ignore_user_meta=False, metas=['./colcon.meta'], base_paths=['.'], packages_ignore=None, packages_ignore_regex=None, paths=None, packages_up_to=None, packages_up_to_regex=None, packages_above=None, packages_above_and_dependencies=None, packages_above_depth=None, packages_select_by_dep=None, packages_skip_by_dep=None, packages_skip_up_to=None, packages_select_build_failed=False, packages_skip_build_finished=False, packages_select_test_failures=False, packages_skip_test_passed=False, packages_select=['digit_recognition'], packages_skip=None, packages_select_regex=None, packages_skip_regex=None, packages_start=None, packages_end=None, cmake_args=None, cmake_target=None, cmake_target_skip_unavailable=False, cmake_clean_cache=False, cmake_clean_first=False, cmake_force_configure=False, ament_cmake_args=None, catkin_cmake_args=None, catkin_skip_building_tests=False, mixin_files=None, mixin=None, verb_parser=<colcon_mixin.mixin.mixin_argument.MixinArgumentDecorator object at 0x7f241f6fda30>, verb_extension=<colcon_core.verb.build.BuildVerb object at 0x7f241f85a150>, main=<bound method BuildVerb.main of <colcon_core.verb.build.BuildVerb object at 0x7f241f85a150>>, mixin_verb=('build',))
[0.349s] Level 1:colcon.colcon_core.package_discovery:discover_packages(colcon_meta) check parameters
[0.351s] INFO:colcon.colcon_metadata.package_discovery.colcon_meta:Using configuration from '/root/.colcon/metadata/default/Gazebo.meta'
[0.352s] INFO:colcon.colcon_metadata.package_discovery.colcon_meta:Using configuration from '/root/.colcon/metadata/default/fastrtps.meta'
[0.352s] Level 1:colcon.colcon_core.package_discovery:discover_packages(recursive) check parameters
[0.352s] Level 1:colcon.colcon_core.package_discovery:discover_packages(ignore) check parameters
[0.352s] Level 1:colcon.colcon_core.package_discovery:discover_packages(path) check parameters
[0.352s] Level 1:colcon.colcon_core.package_discovery:discover_packages(colcon_meta) discover
[0.353s] Level 1:colcon.colcon_core.package_discovery:discover_packages(recursive) discover
[0.353s] INFO:colcon.colcon_core.package_discovery:Crawling recursively for packages in '/workspace/ros_ws'
[0.354s] Level 1:colcon.colcon_core.package_identification:_identify(.) by extensions ['ignore', 'ignore_ament_install']
[0.355s] Level 1:colcon.colcon_core.package_identification:_identify(.) by extension 'ignore'
[0.356s] Level 1:colcon.colcon_core.package_identification:_identify(.) by extension 'ignore_ament_install'
[0.356s] Level 1:colcon.colcon_core.package_identification:_identify(.) by extensions ['colcon_pkg']
[0.357s] Level 1:colcon.colcon_core.package_identification:_identify(.) by extension 'colcon_pkg'
[0.357s] Level 1:colcon.colcon_core.package_identification:_identify(.) by extensions ['colcon_meta']
[0.357s] Level 1:colcon.colcon_core.package_identification:_identify(.) by extension 'colcon_meta'
[0.357s] Level 1:colcon.colcon_core.package_identification:_identify(.) by extensions ['ros']
[0.358s] Level 1:colcon.colcon_core.package_identification:_identify(.) by extension 'ros'
[0.435s] Level 1:colcon.colcon_core.package_identification:_identify(.) by extensions ['cmake', 'python']
[0.435s] Level 1:colcon.colcon_core.package_identification:_identify(.) by extension 'cmake'
[0.435s] Level 1:colcon.colcon_core.package_identification:_identify(.) by extension 'python'
[0.436s] Level 1:colcon.colcon_core.package_identification:_identify(.) by extensions ['python_setup_py']
[0.436s] Level 1:colcon.colcon_core.package_identification:_identify(.) by extension 'python_setup_py'
[0.436s] Level 1:colcon.colcon_core.package_identification:_identify(build) by extensions ['ignore', 'ignore_ament_install']
[0.436s] Level 1:colcon.colcon_core.package_identification:_identify(build) by extension 'ignore'
[0.437s] Level 1:colcon.colcon_core.package_identification:_identify(build) ignored
[0.437s] Level 1:colcon.colcon_core.package_identification:_identify(install) by extensions ['ignore', 'ignore_ament_install']
[0.437s] Level 1:colcon.colcon_core.package_identification:_identify(install) by extension 'ignore'
[0.437s] Level 1:colcon.colcon_core.package_identification:_identify(install) ignored
[0.438s] Level 1:colcon.colcon_core.package_identification:_identify(log) by extensions ['ignore', 'ignore_ament_install']
[0.438s] Level 1:colcon.colcon_core.package_identification:_identify(log) by extension 'ignore'
[0.438s] Level 1:colcon.colcon_core.package_identification:_identify(log) ignored
[0.438s] Level 1:colcon.colcon_core.package_identification:_identify(src) by extensions ['ignore', 'ignore_ament_install']
[0.438s] Level 1:colcon.colcon_core.package_identification:_identify(src) by extension 'ignore'
[0.438s] Level 1:colcon.colcon_core.package_identification:_identify(src) by extension 'ignore_ament_install'
[0.438s] Level 1:colcon.colcon_core.package_identification:_identify(src) by extensions ['colcon_pkg']
[0.438s] Level 1:colcon.colcon_core.package_identification:_identify(src) by extension 'colcon_pkg'
[0.438s] Level 1:colcon.colcon_core.package_identification:_identify(src) by extensions ['colcon_meta']
[0.438s] Level 1:colcon.colcon_core.package_identification:_identify(src) by extension 'colcon_meta'
[0.439s] Level 1:colcon.colcon_core.package_identification:_identify(src) by extensions ['ros']
[0.439s] Level 1:colcon.colcon_core.package_identification:_identify(src) by extension 'ros'
[0.439s] Level 1:colcon.colcon_core.package_identification:_identify(src) by extensions ['cmake', 'python']
[0.439s] Level 1:colcon.colcon_core.package_identification:_identify(src) by extension 'cmake'
[0.439s] Level 1:colcon.colcon_core.package_identification:_identify(src) by extension 'python'
[0.439s] Level 1:colcon.colcon_core.package_identification:_identify(src) by extensions ['python_setup_py']
[0.440s] Level 1:colcon.colcon_core.package_identification:_identify(src) by extension 'python_setup_py'
[0.440s] Level 1:colcon.colcon_core.package_identification:_identify(src/ariaNode) by extensions ['ignore', 'ignore_ament_install']
[0.440s] Level 1:colcon.colcon_core.package_identification:_identify(src/ariaNode) by extension 'ignore'
[0.440s] Level 1:colcon.colcon_core.package_identification:_identify(src/ariaNode) by extension 'ignore_ament_install'
[0.440s] Level 1:colcon.colcon_core.package_identification:_identify(src/ariaNode) by extensions ['colcon_pkg']
[0.440s] Level 1:colcon.colcon_core.package_identification:_identify(src/ariaNode) by extension 'colcon_pkg'
[0.441s] Level 1:colcon.colcon_core.package_identification:_identify(src/ariaNode) by extensions ['colcon_meta']
[0.441s] Level 1:colcon.colcon_core.package_identification:_identify(src/ariaNode) by extension 'colcon_meta'
[0.441s] Level 1:colcon.colcon_core.package_identification:_identify(src/ariaNode) by extensions ['ros']
[0.441s] Level 1:colcon.colcon_core.package_identification:_identify(src/ariaNode) by extension 'ros'
[0.445s] DEBUG:colcon.colcon_core.package_identification:Package 'src/ariaNode' with type 'ros.ament_cmake' and name 'ariaNode'
[0.445s] Level 1:colcon.colcon_core.package_identification:_identify(src/build) by extensions ['ignore', 'ignore_ament_install']
[0.445s] Level 1:colcon.colcon_core.package_identification:_identify(src/build) by extension 'ignore'
[0.445s] Level 1:colcon.colcon_core.package_identification:_identify(src/build) ignored
[0.447s] Level 1:colcon.colcon_core.package_identification:_identify(src/digit_recognition) by extensions ['ignore', 'ignore_ament_install']
[0.447s] Level 1:colcon.colcon_core.package_identification:_identify(src/digit_recognition) by extension 'ignore'
[0.448s] Level 1:colcon.colcon_core.package_identification:_identify(src/digit_recognition) by extension 'ignore_ament_install'
[0.448s] Level 1:colcon.colcon_core.package_identification:_identify(src/digit_recognition) by extensions ['colcon_pkg']
[0.448s] Level 1:colcon.colcon_core.package_identification:_identify(src/digit_recognition) by extension 'colcon_pkg'
[0.448s] Level 1:colcon.colcon_core.package_identification:_identify(src/digit_recognition) by extensions ['colcon_meta']
[0.449s] Level 1:colcon.colcon_core.package_identification:_identify(src/digit_recognition) by extension 'colcon_meta'
[0.449s] Level 1:colcon.colcon_core.package_identification:_identify(src/digit_recognition) by extensions ['ros']
[0.449s] Level 1:colcon.colcon_core.package_identification:_identify(src/digit_recognition) by extension 'ros'
[0.452s] DEBUG:colcon.colcon_core.package_identification:Package 'src/digit_recognition' with type 'ros.ament_python' and name 'digit_recognition'
[0.452s] Level 1:colcon.colcon_core.package_identification:_identify(src/install) by extensions ['ignore', 'ignore_ament_install']
[0.452s] Level 1:colcon.colcon_core.package_identification:_identify(src/install) by extension 'ignore'
[0.452s] Level 1:colcon.colcon_core.package_identification:_identify(src/install) ignored
[0.453s] Level 1:colcon.colcon_core.package_identification:_identify(src/log) by extensions ['ignore', 'ignore_ament_install']
[0.454s] Level 1:colcon.colcon_core.package_identification:_identify(src/log) by extension 'ignore'
[0.455s] Level 1:colcon.colcon_core.package_identification:_identify(src/log) ignored
[0.455s] Level 1:colcon.colcon_core.package_identification:_identify(src/master) by extensions ['ignore', 'ignore_ament_install']
[0.456s] Level 1:colcon.colcon_core.package_identification:_identify(src/master) by extension 'ignore'
[0.457s] Level 1:colcon.colcon_core.package_identification:_identify(src/master) by extension 'ignore_ament_install'
[0.457s] Level 1:colcon.colcon_core.package_identification:_identify(src/master) by extensions ['colcon_pkg']
[0.458s] Level 1:colcon.colcon_core.package_identification:_identify(src/master) by extension 'colcon_pkg'
[0.458s] Level 1:colcon.colcon_core.package_identification:_identify(src/master) by extensions ['colcon_meta']
[0.458s] Level 1:colcon.colcon_core.package_identification:_identify(src/master) by extension 'colcon_meta'
[0.458s] Level 1:colcon.colcon_core.package_identification:_identify(src/master) by extensions ['ros']
[0.459s] Level 1:colcon.colcon_core.package_identification:_identify(src/master) by extension 'ros'
[0.462s] DEBUG:colcon.colcon_core.package_identification:Package 'src/master' with type 'ros.ament_cmake' and name 'master'
[0.463s] Level 1:colcon.colcon_core.package_identification:_identify(src/my_package2) by extensions ['ignore', 'ignore_ament_install']
[0.463s] Level 1:colcon.colcon_core.package_identification:_identify(src/my_package2) by extension 'ignore'
[0.464s] Level 1:colcon.colcon_core.package_identification:_identify(src/my_package2) by extension 'ignore_ament_install'
[0.464s] Level 1:colcon.colcon_core.package_identification:_identify(src/my_package2) by extensions ['colcon_pkg']
[0.464s] Level 1:colcon.colcon_core.package_identification:_identify(src/my_package2) by extension 'colcon_pkg'
[0.464s] Level 1:colcon.colcon_core.package_identification:_identify(src/my_package2) by extensions ['colcon_meta']
[0.465s] Level 1:colcon.colcon_core.package_identification:_identify(src/my_package2) by extension 'colcon_meta'
[0.465s] Level 1:colcon.colcon_core.package_identification:_identify(src/my_package2) by extensions ['ros']
[0.465s] Level 1:colcon.colcon_core.package_identification:_identify(src/my_package2) by extension 'ros'
[0.467s] DEBUG:colcon.colcon_core.package_identification:Package 'src/my_package2' with type 'ros.ament_cmake' and name 'my_package2'
[0.467s] Level 1:colcon.colcon_core.package_identification:_identify(src/nav2_costmap_filters_demo) by extensions ['ignore', 'ignore_ament_install']
[0.467s] Level 1:colcon.colcon_core.package_identification:_identify(src/nav2_costmap_filters_demo) by extension 'ignore'
[0.469s] Level 1:colcon.colcon_core.package_identification:_identify(src/nav2_costmap_filters_demo) by extension 'ignore_ament_install'
[0.469s] Level 1:colcon.colcon_core.package_identification:_identify(src/nav2_costmap_filters_demo) by extensions ['colcon_pkg']
[0.469s] Level 1:colcon.colcon_core.package_identification:_identify(src/nav2_costmap_filters_demo) by extension 'colcon_pkg'
[0.469s] Level 1:colcon.colcon_core.package_identification:_identify(src/nav2_costmap_filters_demo) by extensions ['colcon_meta']
[0.470s] Level 1:colcon.colcon_core.package_identification:_identify(src/nav2_costmap_filters_demo) by extension 'colcon_meta'
[0.470s] Level 1:colcon.colcon_core.package_identification:_identify(src/nav2_costmap_filters_demo) by extensions ['ros']
[0.470s] Level 1:colcon.colcon_core.package_identification:_identify(src/nav2_costmap_filters_demo) by extension 'ros'
[0.472s] DEBUG:colcon.colcon_core.package_identification:Package 'src/nav2_costmap_filters_demo' with type 'ros.ament_cmake' and name 'nav2_costmap_filters_demo'
[0.472s] Level 1:colcon.colcon_core.package_identification:_identify(src/nav2_gps_waypoint_follower_demo) by extensions ['ignore', 'ignore_ament_install']
[0.473s] Level 1:colcon.colcon_core.package_identification:_identify(src/nav2_gps_waypoint_follower_demo) by extension 'ignore'
[0.473s] Level 1:colcon.colcon_core.package_identification:_identify(src/nav2_gps_waypoint_follower_demo) by extension 'ignore_ament_install'
[0.473s] Level 1:colcon.colcon_core.package_identification:_identify(src/nav2_gps_waypoint_follower_demo) by extensions ['colcon_pkg']
[0.473s] Level 1:colcon.colcon_core.package_identification:_identify(src/nav2_gps_waypoint_follower_demo) by extension 'colcon_pkg'
[0.473s] Level 1:colcon.colcon_core.package_identification:_identify(src/nav2_gps_waypoint_follower_demo) by extensions ['colcon_meta']
[0.474s] Level 1:colcon.colcon_core.package_identification:_identify(src/nav2_gps_waypoint_follower_demo) by extension 'colcon_meta'
[0.474s] Level 1:colcon.colcon_core.package_identification:_identify(src/nav2_gps_waypoint_follower_demo) by extensions ['ros']
[0.474s] Level 1:colcon.colcon_core.package_identification:_identify(src/nav2_gps_waypoint_follower_demo) by extension 'ros'
[0.475s] DEBUG:colcon.colcon_core.package_identification:Package 'src/nav2_gps_waypoint_follower_demo' with type 'ros.ament_python' and name 'nav2_gps_waypoint_follower_demo'
[0.476s] Level 1:colcon.colcon_core.package_identification:_identify(src/nav2_gradient_costmap_plugin) by extensions ['ignore', 'ignore_ament_install']
[0.476s] Level 1:colcon.colcon_core.package_identification:_identify(src/nav2_gradient_costmap_plugin) by extension 'ignore'
[0.476s] Level 1:colcon.colcon_core.package_identification:_identify(src/nav2_gradient_costmap_plugin) by extension 'ignore_ament_install'
[0.476s] Level 1:colcon.colcon_core.package_identification:_identify(src/nav2_gradient_costmap_plugin) by extensions ['colcon_pkg']
[0.476s] Level 1:colcon.colcon_core.package_identification:_identify(src/nav2_gradient_costmap_plugin) by extension 'colcon_pkg'
[0.476s] Level 1:colcon.colcon_core.package_identification:_identify(src/nav2_gradient_costmap_plugin) by extensions ['colcon_meta']
[0.477s] Level 1:colcon.colcon_core.package_identification:_identify(src/nav2_gradient_costmap_plugin) by extension 'colcon_meta'
[0.477s] Level 1:colcon.colcon_core.package_identification:_identify(src/nav2_gradient_costmap_plugin) by extensions ['ros']
[0.477s] Level 1:colcon.colcon_core.package_identification:_identify(src/nav2_gradient_costmap_plugin) by extension 'ros'
[0.482s] DEBUG:colcon.colcon_core.package_identification:Package 'src/nav2_gradient_costmap_plugin' with type 'ros.ament_cmake' and name 'nav2_gradient_costmap_plugin'
[0.483s] Level 1:colcon.colcon_core.package_identification:_identify(src/nav2_pure_pursuit_controller) by extensions ['ignore', 'ignore_ament_install']
[0.484s] Level 1:colcon.colcon_core.package_identification:_identify(src/nav2_pure_pursuit_controller) by extension 'ignore'
[0.484s] Level 1:colcon.colcon_core.package_identification:_identify(src/nav2_pure_pursuit_controller) by extension 'ignore_ament_install'
[0.485s] Level 1:colcon.colcon_core.package_identification:_identify(src/nav2_pure_pursuit_controller) by extensions ['colcon_pkg']
[0.485s] Level 1:colcon.colcon_core.package_identification:_identify(src/nav2_pure_pursuit_controller) by extension 'colcon_pkg'
[0.486s] Level 1:colcon.colcon_core.package_identification:_identify(src/nav2_pure_pursuit_controller) by extensions ['colcon_meta']
[0.486s] Level 1:colcon.colcon_core.package_identification:_identify(src/nav2_pure_pursuit_controller) by extension 'colcon_meta'
[0.487s] Level 1:colcon.colcon_core.package_identification:_identify(src/nav2_pure_pursuit_controller) by extensions ['ros']
[0.488s] Level 1:colcon.colcon_core.package_identification:_identify(src/nav2_pure_pursuit_controller) by extension 'ros'
[0.491s] DEBUG:colcon.colcon_core.package_identification:Package 'src/nav2_pure_pursuit_controller' with type 'ros.ament_cmake' and name 'nav2_pure_pursuit_controller'
[0.492s] Level 1:colcon.colcon_core.package_identification:_identify(src/nav2_sms_behavior) by extensions ['ignore', 'ignore_ament_install']
[0.492s] Level 1:colcon.colcon_core.package_identification:_identify(src/nav2_sms_behavior) by extension 'ignore'
[0.493s] Level 1:colcon.colcon_core.package_identification:_identify(src/nav2_sms_behavior) by extension 'ignore_ament_install'
[0.494s] Level 1:colcon.colcon_core.package_identification:_identify(src/nav2_sms_behavior) by extensions ['colcon_pkg']
[0.494s] Level 1:colcon.colcon_core.package_identification:_identify(src/nav2_sms_behavior) by extension 'colcon_pkg'
[0.494s] Level 1:colcon.colcon_core.package_identification:_identify(src/nav2_sms_behavior) by extensions ['colcon_meta']
[0.494s] Level 1:colcon.colcon_core.package_identification:_identify(src/nav2_sms_behavior) by extension 'colcon_meta'
[0.494s] Level 1:colcon.colcon_core.package_identification:_identify(src/nav2_sms_behavior) by extensions ['ros']
[0.494s] Level 1:colcon.colcon_core.package_identification:_identify(src/nav2_sms_behavior) by extension 'ros'
[0.499s] DEBUG:colcon.colcon_core.package_identification:Package 'src/nav2_sms_behavior' with type 'ros.ament_cmake' and name 'nav2_sms_behavior'
[0.500s] Level 1:colcon.colcon_core.package_identification:_identify(src/nav2_straightline_planner) by extensions ['ignore', 'ignore_ament_install']
[0.500s] Level 1:colcon.colcon_core.package_identification:_identify(src/nav2_straightline_planner) by extension 'ignore'
[0.502s] Level 1:colcon.colcon_core.package_identification:_identify(src/nav2_straightline_planner) by extension 'ignore_ament_install'
[0.502s] Level 1:colcon.colcon_core.package_identification:_identify(src/nav2_straightline_planner) by extensions ['colcon_pkg']
[0.502s] Level 1:colcon.colcon_core.package_identification:_identify(src/nav2_straightline_planner) by extension 'colcon_pkg'
[0.503s] Level 1:colcon.colcon_core.package_identification:_identify(src/nav2_straightline_planner) by extensions ['colcon_meta']
[0.503s] Level 1:colcon.colcon_core.package_identification:_identify(src/nav2_straightline_planner) by extension 'colcon_meta'
[0.503s] Level 1:colcon.colcon_core.package_identification:_identify(src/nav2_straightline_planner) by extensions ['ros']
[0.503s] Level 1:colcon.colcon_core.package_identification:_identify(src/nav2_straightline_planner) by extension 'ros'
[0.505s] DEBUG:colcon.colcon_core.package_identification:Package 'src/nav2_straightline_planner' with type 'ros.ament_cmake' and name 'nav2_straightline_planner'
[0.505s] Level 1:colcon.colcon_core.package_identification:_identify(src/ros2_coco_detector) by extensions ['ignore', 'ignore_ament_install']
[0.505s] Level 1:colcon.colcon_core.package_identification:_identify(src/ros2_coco_detector) by extension 'ignore'
[0.505s] Level 1:colcon.colcon_core.package_identification:_identify(src/ros2_coco_detector) by extension 'ignore_ament_install'
[0.506s] Level 1:colcon.colcon_core.package_identification:_identify(src/ros2_coco_detector) by extensions ['colcon_pkg']
[0.506s] Level 1:colcon.colcon_core.package_identification:_identify(src/ros2_coco_detector) by extension 'colcon_pkg'
[0.506s] Level 1:colcon.colcon_core.package_identification:_identify(src/ros2_coco_detector) by extensions ['colcon_meta']
[0.506s] Level 1:colcon.colcon_core.package_identification:_identify(src/ros2_coco_detector) by extension 'colcon_meta'
[0.507s] Level 1:colcon.colcon_core.package_identification:_identify(src/ros2_coco_detector) by extensions ['ros']
[0.507s] Level 1:colcon.colcon_core.package_identification:_identify(src/ros2_coco_detector) by extension 'ros'
[0.507s] Level 1:colcon.colcon_core.package_identification:_identify(src/ros2_coco_detector) by extensions ['cmake', 'python']
[0.510s] Level 1:colcon.colcon_core.package_identification:_identify(src/ros2_coco_detector) by extension 'cmake'
[0.512s] Level 1:colcon.colcon_core.package_identification:_identify(src/ros2_coco_detector) by extension 'python'
[0.514s] Level 1:colcon.colcon_core.package_identification:_identify(src/ros2_coco_detector) by extensions ['python_setup_py']
[0.514s] Level 1:colcon.colcon_core.package_identification:_identify(src/ros2_coco_detector) by extension 'python_setup_py'
[0.514s] Level 1:colcon.colcon_core.package_identification:_identify(src/ros2_coco_detector/coco_detector) by extensions ['ignore', 'ignore_ament_install']
[0.514s] Level 1:colcon.colcon_core.package_identification:_identify(src/ros2_coco_detector/coco_detector) by extension 'ignore'
[0.514s] Level 1:colcon.colcon_core.package_identification:_identify(src/ros2_coco_detector/coco_detector) by extension 'ignore_ament_install'
[0.515s] Level 1:colcon.colcon_core.package_identification:_identify(src/ros2_coco_detector/coco_detector) by extensions ['colcon_pkg']
[0.515s] Level 1:colcon.colcon_core.package_identification:_identify(src/ros2_coco_detector/coco_detector) by extension 'colcon_pkg'
[0.515s] Level 1:colcon.colcon_core.package_identification:_identify(src/ros2_coco_detector/coco_detector) by extensions ['colcon_meta']
[0.515s] Level 1:colcon.colcon_core.package_identification:_identify(src/ros2_coco_detector/coco_detector) by extension 'colcon_meta'
[0.515s] Level 1:colcon.colcon_core.package_identification:_identify(src/ros2_coco_detector/coco_detector) by extensions ['ros']
[0.515s] Level 1:colcon.colcon_core.package_identification:_identify(src/ros2_coco_detector/coco_detector) by extension 'ros'
[0.515s] DEBUG:colcon.colcon_core.package_identification:Package 'src/ros2_coco_detector/coco_detector' with type 'ros.ament_python' and name 'coco_detector'
[0.516s] Level 1:colcon.colcon_core.package_identification:_identify(src/sam_bot_description) by extensions ['ignore', 'ignore_ament_install']
[0.516s] Level 1:colcon.colcon_core.package_identification:_identify(src/sam_bot_description) by extension 'ignore'
[0.516s] Level 1:colcon.colcon_core.package_identification:_identify(src/sam_bot_description) by extension 'ignore_ament_install'
[0.516s] Level 1:colcon.colcon_core.package_identification:_identify(src/sam_bot_description) by extensions ['colcon_pkg']
[0.516s] Level 1:colcon.colcon_core.package_identification:_identify(src/sam_bot_description) by extension 'colcon_pkg'
[0.516s] Level 1:colcon.colcon_core.package_identification:_identify(src/sam_bot_description) by extensions ['colcon_meta']
[0.516s] Level 1:colcon.colcon_core.package_identification:_identify(src/sam_bot_description) by extension 'colcon_meta'
[0.516s] Level 1:colcon.colcon_core.package_identification:_identify(src/sam_bot_description) by extensions ['ros']
[0.516s] Level 1:colcon.colcon_core.package_identification:_identify(src/sam_bot_description) by extension 'ros'
[0.517s] DEBUG:colcon.colcon_core.package_identification:Package 'src/sam_bot_description' with type 'ros.ament_cmake' and name 'sam_bot_description'
[0.517s] Level 1:colcon.colcon_core.package_identification:_identify(src/yolov8-digits-detection) by extensions ['ignore', 'ignore_ament_install']
[0.517s] Level 1:colcon.colcon_core.package_identification:_identify(src/yolov8-digits-detection) by extension 'ignore'
[0.518s] Level 1:colcon.colcon_core.package_identification:_identify(src/yolov8-digits-detection) by extension 'ignore_ament_install'
[0.518s] Level 1:colcon.colcon_core.package_identification:_identify(src/yolov8-digits-detection) by extensions ['colcon_pkg']
[0.518s] Level 1:colcon.colcon_core.package_identification:_identify(src/yolov8-digits-detection) by extension 'colcon_pkg'
[0.518s] Level 1:colcon.colcon_core.package_identification:_identify(src/yolov8-digits-detection) by extensions ['colcon_meta']
[0.518s] Level 1:colcon.colcon_core.package_identification:_identify(src/yolov8-digits-detection) by extension 'colcon_meta'
[0.518s] Level 1:colcon.colcon_core.package_identification:_identify(src/yolov8-digits-detection) by extensions ['ros']
[0.518s] Level 1:colcon.colcon_core.package_identification:_identify(src/yolov8-digits-detection) by extension 'ros'
[0.518s] Level 1:colcon.colcon_core.package_identification:_identify(src/yolov8-digits-detection) by extensions ['cmake', 'python']
[0.518s] Level 1:colcon.colcon_core.package_identification:_identify(src/yolov8-digits-detection) by extension 'cmake'
[0.518s] Level 1:colcon.colcon_core.package_identification:_identify(src/yolov8-digits-detection) by extension 'python'
[0.518s] Level 1:colcon.colcon_core.package_identification:_identify(src/yolov8-digits-detection) by extensions ['python_setup_py']
[0.518s] Level 1:colcon.colcon_core.package_identification:_identify(src/yolov8-digits-detection) by extension 'python_setup_py'
[0.518s] Level 1:colcon.colcon_core.package_identification:_identify(world) by extensions ['ignore', 'ignore_ament_install']
[0.518s] Level 1:colcon.colcon_core.package_identification:_identify(world) by extension 'ignore'
[0.519s] Level 1:colcon.colcon_core.package_identification:_identify(world) by extension 'ignore_ament_install'
[0.519s] Level 1:colcon.colcon_core.package_identification:_identify(world) by extensions ['colcon_pkg']
[0.519s] Level 1:colcon.colcon_core.package_identification:_identify(world) by extension 'colcon_pkg'
[0.519s] Level 1:colcon.colcon_core.package_identification:_identify(world) by extensions ['colcon_meta']
[0.519s] Level 1:colcon.colcon_core.package_identification:_identify(world) by extension 'colcon_meta'
[0.519s] Level 1:colcon.colcon_core.package_identification:_identify(world) by extensions ['ros']
[0.519s] Level 1:colcon.colcon_core.package_identification:_identify(world) by extension 'ros'
[0.519s] Level 1:colcon.colcon_core.package_identification:_identify(world) by extensions ['cmake', 'python']
[0.519s] Level 1:colcon.colcon_core.package_identification:_identify(world) by extension 'cmake'
[0.519s] Level 1:colcon.colcon_core.package_identification:_identify(world) by extension 'python'
[0.519s] Level 1:colcon.colcon_core.package_identification:_identify(world) by extensions ['python_setup_py']
[0.519s] Level 1:colcon.colcon_core.package_identification:_identify(world) by extension 'python_setup_py'
[0.519s] Level 1:colcon.colcon_core.package_discovery:discover_packages(recursive) using defaults
[0.519s] Level 1:colcon.colcon_core.package_discovery:discover_packages(ignore) discover
[0.519s] Level 1:colcon.colcon_core.package_discovery:discover_packages(ignore) using defaults
[0.520s] Level 1:colcon.colcon_core.package_discovery:discover_packages(path) discover
[0.520s] Level 1:colcon.colcon_core.package_discovery:discover_packages(path) using defaults
[0.562s] INFO:colcon.colcon_core.package_selection:Skipping not selected package 'ariaNode' in 'src/ariaNode'
[0.563s] INFO:colcon.colcon_core.package_selection:Skipping not selected package 'coco_detector' in 'src/ros2_coco_detector/coco_detector'
[0.563s] INFO:colcon.colcon_core.package_selection:Skipping not selected package 'master' in 'src/master'
[0.563s] INFO:colcon.colcon_core.package_selection:Skipping not selected package 'my_package2' in 'src/my_package2'
[0.563s] INFO:colcon.colcon_core.package_selection:Skipping not selected package 'nav2_costmap_filters_demo' in 'src/nav2_costmap_filters_demo'
[0.563s] INFO:colcon.colcon_core.package_selection:Skipping not selected package 'nav2_gps_waypoint_follower_demo' in 'src/nav2_gps_waypoint_follower_demo'
[0.563s] INFO:colcon.colcon_core.package_selection:Skipping not selected package 'nav2_gradient_costmap_plugin' in 'src/nav2_gradient_costmap_plugin'
[0.563s] INFO:colcon.colcon_core.package_selection:Skipping not selected package 'nav2_pure_pursuit_controller' in 'src/nav2_pure_pursuit_controller'
[0.564s] INFO:colcon.colcon_core.package_selection:Skipping not selected package 'nav2_sms_behavior' in 'src/nav2_sms_behavior'
[0.564s] INFO:colcon.colcon_core.package_selection:Skipping not selected package 'nav2_straightline_planner' in 'src/nav2_straightline_planner'
[0.564s] INFO:colcon.colcon_core.package_selection:Skipping not selected package 'sam_bot_description' in 'src/sam_bot_description'
[0.564s] Level 5:colcon.colcon_core.verb:set package 'digit_recognition' build argument 'cmake_args' from command line to 'None'
[0.564s] Level 5:colcon.colcon_core.verb:set package 'digit_recognition' build argument 'cmake_target' from command line to 'None'
[0.565s] Level 5:colcon.colcon_core.verb:set package 'digit_recognition' build argument 'cmake_target_skip_unavailable' from command line to 'False'
[0.565s] Level 5:colcon.colcon_core.verb:set package 'digit_recognition' build argument 'cmake_clean_cache' from command line to 'False'
[0.565s] Level 5:colcon.colcon_core.verb:set package 'digit_recognition' build argument 'cmake_clean_first' from command line to 'False'
[0.565s] Level 5:colcon.colcon_core.verb:set package 'digit_recognition' build argument 'cmake_force_configure' from command line to 'False'
[0.565s] Level 5:colcon.colcon_core.verb:set package 'digit_recognition' build argument 'ament_cmake_args' from command line to 'None'
[0.565s] Level 5:colcon.colcon_core.verb:set package 'digit_recognition' build argument 'catkin_cmake_args' from command line to 'None'
[0.565s] Level 5:colcon.colcon_core.verb:set package 'digit_recognition' build argument 'catkin_skip_building_tests' from command line to 'False'
[0.565s] DEBUG:colcon.colcon_core.verb:Building package 'digit_recognition' with the following arguments: {'ament_cmake_args': None, 'build_base': '/workspace/ros_ws/build/digit_recognition', 'catkin_cmake_args': None, 'catkin_skip_building_tests': False, 'cmake_args': None, 'cmake_clean_cache': False, 'cmake_clean_first': False, 'cmake_force_configure': False, 'cmake_target': None, 'cmake_target_skip_unavailable': False, 'install_base': '/workspace/ros_ws/install/digit_recognition', 'merge_install': False, 'path': '/workspace/ros_ws/src/digit_recognition', 'symlink_install': False, 'test_result_base': None}
[0.566s] INFO:colcon.colcon_core.executor:Executing jobs using 'parallel' executor
[0.570s] DEBUG:colcon.colcon_parallel_executor.executor.parallel:run_until_complete
[0.570s] INFO:colcon.colcon_ros.task.ament_python.build:Building ROS package in '/workspace/ros_ws/src/digit_recognition' with build type 'ament_python'
[0.570s] Level 1:colcon.colcon_core.shell:create_environment_hook('digit_recognition', 'ament_prefix_path')
[0.575s] INFO:colcon.colcon_core.plugin_system:Skipping extension 'colcon_core.shell.bat': Not used on non-Windows systems
[0.576s] INFO:colcon.colcon_core.shell:Creating environment hook '/workspace/ros_ws/install/digit_recognition/share/digit_recognition/hook/ament_prefix_path.ps1'
[0.581s] INFO:colcon.colcon_core.shell:Creating environment descriptor '/workspace/ros_ws/install/digit_recognition/share/digit_recognition/hook/ament_prefix_path.dsv'
[0.582s] INFO:colcon.colcon_core.shell:Creating environment hook '/workspace/ros_ws/install/digit_recognition/share/digit_recognition/hook/ament_prefix_path.sh'
[0.582s] INFO:colcon.colcon_core.shell:Skip shell extension 'powershell' for command environment: Not usable outside of PowerShell
[0.582s] DEBUG:colcon.colcon_core.shell:Skip shell extension 'dsv' for command environment
[1.247s] WARNING:colcon.colcon_ros.task.ament_python.build:Package 'digit_recognition' doesn't explicitly install a marker in the package index (colcon-ros currently does it implicitly but that fallback will be removed in the future)
[1.248s] INFO:colcon.colcon_core.task.python.build:Building Python package in '/workspace/ros_ws/src/digit_recognition'
[1.249s] INFO:colcon.colcon_core.shell:Skip shell extension 'powershell' for command environment: Not usable outside of PowerShell
[1.249s] DEBUG:colcon.colcon_core.shell:Skip shell extension 'dsv' for command environment
[2.798s] DEBUG:colcon.colcon_core.event_handler.log_command:Invoking command in '/workspace/ros_ws/src/digit_recognition': PYTHONPATH=/workspace/ros_ws/build/digit_recognition/prefix_override:/usr/lib/python3/dist-packages/colcon_core/task/python/colcon_distutils_commands:/workspace/ros_ws/install/digit_recognition/lib/python3.12/site-packages:${PYTHONPATH} /usr/bin/python3 -W ignore:setup.py install is deprecated -W ignore:easy_install command is deprecated setup.py egg_info --egg-base ../../build/digit_recognition build --build-base /workspace/ros_ws/build/digit_recognition/build install --record /workspace/ros_ws/build/digit_recognition/install.log --single-version-externally-managed install_data
[4.579s] DEBUG:colcon.colcon_core.event_handler.log_command:Invoked command in '/workspace/ros_ws/src/digit_recognition' returned '0': PYTHONPATH=/workspace/ros_ws/build/digit_recognition/prefix_override:/usr/lib/python3/dist-packages/colcon_core/task/python/colcon_distutils_commands:/workspace/ros_ws/install/digit_recognition/lib/python3.12/site-packages:${PYTHONPATH} /usr/bin/python3 -W ignore:setup.py install is deprecated -W ignore:easy_install command is deprecated setup.py egg_info --egg-base ../../build/digit_recognition build --build-base /workspace/ros_ws/build/digit_recognition/build install --record /workspace/ros_ws/build/digit_recognition/install.log --single-version-externally-managed install_data
[4.579s] Level 1:colcon.colcon_core.environment:checking '/workspace/ros_ws/install/digit_recognition' for CMake module files
[4.579s] Level 1:colcon.colcon_core.environment:checking '/workspace/ros_ws/install/digit_recognition' for CMake config files
[4.580s] Level 1:colcon.colcon_core.environment:checking '/workspace/ros_ws/install/digit_recognition/lib'
[4.580s] Level 1:colcon.colcon_core.environment:checking '/workspace/ros_ws/install/digit_recognition/bin'
[4.580s] Level 1:colcon.colcon_core.environment:checking '/workspace/ros_ws/install/digit_recognition/lib/pkgconfig/digit_recognition.pc'
[4.581s] Level 1:colcon.colcon_core.environment:checking '/workspace/ros_ws/install/digit_recognition/lib/python3.12/site-packages'
[4.581s] Level 1:colcon.colcon_core.shell:create_environment_hook('digit_recognition', 'pythonpath')
[4.581s] INFO:colcon.colcon_core.shell:Creating environment hook '/workspace/ros_ws/install/digit_recognition/share/digit_recognition/hook/pythonpath.ps1'
[4.587s] INFO:colcon.colcon_core.shell:Creating environment descriptor '/workspace/ros_ws/install/digit_recognition/share/digit_recognition/hook/pythonpath.dsv'
[4.590s] INFO:colcon.colcon_core.shell:Creating environment hook '/workspace/ros_ws/install/digit_recognition/share/digit_recognition/hook/pythonpath.sh'
[4.602s] Level 1:colcon.colcon_core.environment:checking '/workspace/ros_ws/install/digit_recognition/bin'
[4.603s] Level 1:colcon.colcon_core.environment:create_environment_scripts_only(digit_recognition)
[4.604s] INFO:colcon.colcon_core.shell:Creating package script '/workspace/ros_ws/install/digit_recognition/share/digit_recognition/package.ps1'
[4.612s] INFO:colcon.colcon_core.shell:Creating package descriptor '/workspace/ros_ws/install/digit_recognition/share/digit_recognition/package.dsv'
[4.617s] INFO:colcon.colcon_core.shell:Creating package script '/workspace/ros_ws/install/digit_recognition/share/digit_recognition/package.sh'
[4.625s] INFO:colcon.colcon_core.shell:Creating package script '/workspace/ros_ws/install/digit_recognition/share/digit_recognition/package.bash'
[4.632s] INFO:colcon.colcon_core.shell:Creating package script '/workspace/ros_ws/install/digit_recognition/share/digit_recognition/package.zsh'
[4.635s] Level 1:colcon.colcon_core.environment:create_file_with_runtime_dependencies(/workspace/ros_ws/install/digit_recognition/share/colcon-core/packages/digit_recognition)
[4.644s] DEBUG:colcon.colcon_parallel_executor.executor.parallel:closing loop
[4.645s] DEBUG:colcon.colcon_parallel_executor.executor.parallel:loop closed
[4.645s] DEBUG:colcon.colcon_parallel_executor.executor.parallel:run_until_complete finished with '0'
[4.645s] DEBUG:colcon.colcon_core.event_reactor:joining thread
[4.677s] INFO:colcon.colcon_core.plugin_system:Skipping extension 'colcon_notification.desktop_notification.notify_send': Could not find 'notify-send'
[4.684s] INFO:colcon.colcon_core.plugin_system:Skipping extension 'colcon_notification.desktop_notification.terminal_notifier': Not used on non-Darwin systems
[4.684s] INFO:colcon.colcon_core.plugin_system:Skipping extension 'colcon_notification.desktop_notification.win32': Not used on non-Windows systems
[4.685s] INFO:colcon.colcon_notification.desktop_notification:Sending desktop notification using 'notify2'
[4.696s] DEBUG:colcon.colcon_notification.desktop_notification.notify2:Failed to initialize notify2: org.freedesktop.DBus.Error.Spawn.ExecFailed: /usr/bin/dbus-launch terminated abnormally without any error message
[4.703s] DEBUG:colcon.colcon_core.event_reactor:joined thread
[4.706s] INFO:colcon.colcon_core.shell:Creating prefix script '/workspace/ros_ws/install/local_setup.ps1'
[4.711s] INFO:colcon.colcon_core.shell:Creating prefix util module '/workspace/ros_ws/install/_local_setup_util_ps1.py'
[4.715s] INFO:colcon.colcon_core.shell:Creating prefix chain script '/workspace/ros_ws/install/setup.ps1'
[4.716s] INFO:colcon.colcon_core.shell:Creating prefix script '/workspace/ros_ws/install/local_setup.sh'
[4.717s] INFO:colcon.colcon_core.shell:Creating prefix util module '/workspace/ros_ws/install/_local_setup_util_sh.py'
[4.717s] INFO:colcon.colcon_core.shell:Creating prefix chain script '/workspace/ros_ws/install/setup.sh'
[4.719s] INFO:colcon.colcon_core.shell:Creating prefix script '/workspace/ros_ws/install/local_setup.bash'
[4.720s] INFO:colcon.colcon_core.shell:Creating prefix chain script '/workspace/ros_ws/install/setup.bash'
[4.721s] INFO:colcon.colcon_core.shell:Creating prefix script '/workspace/ros_ws/install/local_setup.zsh'
[4.725s] INFO:colcon.colcon_core.shell:Creating prefix chain script '/workspace/ros_ws/install/setup.zsh'
