[0.017s] Invoking command in '/workspace/ros_ws/src/master/build/master': CMAKE_PREFIX_PATH=${CMAKE_PREFIX_PATH}:/opt/ros/jazzy /usr/bin/cmake --build /workspace/ros_ws/src/master/build/master -- -j12 -l12
[0.053s] -- Found ament_cmake: 2.5.3 (/opt/ros/jazzy/share/ament_cmake/cmake)
[0.353s] -- Found rclcpp_components: 28.1.6 (/opt/ros/jazzy/share/rclcpp_components/cmake)
[0.402s] -- Found rosidl_generator_c: 4.6.5 (/opt/ros/jazzy/share/rosidl_generator_c/cmake)
[0.416s] -- Found rosidl_generator_cpp: 4.6.5 (/opt/ros/jazzy/share/rosidl_generator_cpp/cmake)
[0.431s] -- Using all available rosidl_typesupport_c: rosidl_typesupport_fastrtps_c;rosidl_typesupport_introspection_c
[0.446s] -- Using all available rosidl_typesupport_cpp: rosidl_typesupport_fastrtps_cpp;rosidl_typesupport_introspection_cpp
[0.589s] -- Found rmw_implementation_cmake: 7.3.1 (/opt/ros/jazzy/share/rmw_implementation_cmake/cmake)
[0.591s] -- Found rmw_fastrtps_cpp: 8.4.1 (/opt/ros/jazzy/share/rmw_fastrtps_cpp/cmake)
[0.683s] -- Using RMW implementation 'rmw_fastrtps_cpp' as default
[0.781s] -- Found std_msgs: 5.3.5 (/opt/ros/jazzy/share/std_msgs/cmake)
[0.799s] -- Found geometry_msgs: 5.3.5 (/opt/ros/jazzy/share/geometry_msgs/cmake)
[0.820s] -- Found teleop_twist_joy: 2.6.2 (/opt/ros/jazzy/share/teleop_twist_joy/cmake)
[0.826s] -- Found sensor_msgs: 5.3.5 (/opt/ros/jazzy/share/sensor_msgs/cmake)
[0.869s] -- Found ament_lint_auto: 0.17.1 (/opt/ros/jazzy/share/ament_lint_auto/cmake)
[1.017s] -- Added test 'cppcheck' to perform static code analysis on C / C++ code
[1.017s] -- Configured cppcheck include dirs: 
[1.017s] -- Configured cppcheck exclude dirs and/or files: 
[1.021s] -- Added test 'flake8' to check Python code syntax and style conventions
[1.021s] -- Configured 'flake8' exclude dirs and/or files: 
[1.027s] -- Added test 'lint_cmake' to check CMake code style
[1.029s] -- Added test 'pep257' to check Python code against some of the docstring style conventions in PEP 257
[1.054s] -- Added test 'uncrustify' to check C / C++ code style
[1.054s] -- Configured uncrustify additional arguments: 
[1.058s] -- Added test 'xmllint' to check XML markup files
[1.060s] -- Configuring done (1.0s)
[1.084s] -- Generating done (0.0s)
[1.092s] -- Build files have been written to: /workspace/ros_ws/src/master/build/master
[1.152s] [100%] Built target master_node
[1.167s] Invoked command in '/workspace/ros_ws/src/master/build/master' returned '0': CMAKE_PREFIX_PATH=${CMAKE_PREFIX_PATH}:/opt/ros/jazzy /usr/bin/cmake --build /workspace/ros_ws/src/master/build/master -- -j12 -l12
[1.181s] Invoking command in '/workspace/ros_ws/src/master/build/master': CMAKE_PREFIX_PATH=${CMAKE_PREFIX_PATH}:/opt/ros/jazzy /usr/bin/cmake --install /workspace/ros_ws/src/master/build/master
[1.189s] -- Install configuration: ""
[1.190s] -- Up-to-date: /workspace/ros_ws/src/master/install/master/lib/master/master_node
[1.190s] -- Installing: /workspace/ros_ws/src/master/install/master/share/ament_index/resource_index/package_run_dependencies/master
[1.191s] -- Up-to-date: /workspace/ros_ws/src/master/install/master/share/ament_index/resource_index/parent_prefix_path/master
[1.191s] -- Up-to-date: /workspace/ros_ws/src/master/install/master/share/master/environment/ament_prefix_path.sh
[1.191s] -- Up-to-date: /workspace/ros_ws/src/master/install/master/share/master/environment/ament_prefix_path.dsv
[1.192s] -- Up-to-date: /workspace/ros_ws/src/master/install/master/share/master/environment/path.sh
[1.192s] -- Up-to-date: /workspace/ros_ws/src/master/install/master/share/master/environment/path.dsv
[1.193s] -- Up-to-date: /workspace/ros_ws/src/master/install/master/share/master/local_setup.bash
[1.193s] -- Up-to-date: /workspace/ros_ws/src/master/install/master/share/master/local_setup.sh
[1.193s] -- Up-to-date: /workspace/ros_ws/src/master/install/master/share/master/local_setup.zsh
[1.194s] -- Up-to-date: /workspace/ros_ws/src/master/install/master/share/master/local_setup.dsv
[1.194s] -- Installing: /workspace/ros_ws/src/master/install/master/share/master/package.dsv
[1.194s] -- Up-to-date: /workspace/ros_ws/src/master/install/master/share/ament_index/resource_index/packages/master
[1.194s] -- Up-to-date: /workspace/ros_ws/src/master/install/master/share/master/cmake/masterConfig.cmake
[1.194s] -- Up-to-date: /workspace/ros_ws/src/master/install/master/share/master/cmake/masterConfig-version.cmake
[1.195s] -- Installing: /workspace/ros_ws/src/master/install/master/share/master/package.xml
[1.196s] Invoked command in '/workspace/ros_ws/src/master/build/master' returned '0': CMAKE_PREFIX_PATH=${CMAKE_PREFIX_PATH}:/opt/ros/jazzy /usr/bin/cmake --install /workspace/ros_ws/src/master/build/master
