[0.053s] Invoking command in '/workspace/ros_ws/build/my_package2': CMAKE_PREFIX_PATH=${CMAKE_PREFIX_PATH}:/workspace/ros_ws/install/nav2_gps_waypoint_follower_demo:/workspace/ros_ws/src/install/nav2_gps_waypoint_follower_demo:/opt/ros/jazzy /usr/bin/cmake --build /workspace/ros_ws/build/my_package2 -- -j12 -l12
[0.136s] [100%] Built target my_node2
[0.375s] Invoked command in '/workspace/ros_ws/build/my_package2' returned '0': CMAKE_PREFIX_PATH=${CMAKE_PREFIX_PATH}:/workspace/ros_ws/install/nav2_gps_waypoint_follower_demo:/workspace/ros_ws/src/install/nav2_gps_waypoint_follower_demo:/opt/ros/jazzy /usr/bin/cmake --build /workspace/ros_ws/build/my_package2 -- -j12 -l12
[0.376s] Invoking command in '/workspace/ros_ws/build/my_package2': CMAKE_PREFIX_PATH=${CMAKE_PREFIX_PATH}:/workspace/ros_ws/install/nav2_gps_waypoint_follower_demo:/workspace/ros_ws/src/install/nav2_gps_waypoint_follower_demo:/opt/ros/jazzy /usr/bin/cmake --install /workspace/ros_ws/build/my_package2
[0.395s] -- Install configuration: ""
[0.396s] -- Up-to-date: /workspace/ros_ws/install/my_package2/lib/my_package2/my_node2
[0.397s] -- Up-to-date: /workspace/ros_ws/install/my_package2/share/ament_index/resource_index/package_run_dependencies/my_package2
[0.397s] -- Up-to-date: /workspace/ros_ws/install/my_package2/share/ament_index/resource_index/parent_prefix_path/my_package2
[0.397s] -- Up-to-date: /workspace/ros_ws/install/my_package2/share/my_package2/environment/ament_prefix_path.sh
[0.397s] -- Up-to-date: /workspace/ros_ws/install/my_package2/share/my_package2/environment/ament_prefix_path.dsv
[0.397s] -- Up-to-date: /workspace/ros_ws/install/my_package2/share/my_package2/environment/path.sh
[0.397s] -- Up-to-date: /workspace/ros_ws/install/my_package2/share/my_package2/environment/path.dsv
[0.398s] -- Up-to-date: /workspace/ros_ws/install/my_package2/share/my_package2/local_setup.bash
[0.399s] -- Up-to-date: /workspace/ros_ws/install/my_package2/share/my_package2/local_setup.sh
[0.401s] -- Up-to-date: /workspace/ros_ws/install/my_package2/share/my_package2/local_setup.zsh
[0.401s] -- Up-to-date: /workspace/ros_ws/install/my_package2/share/my_package2/local_setup.dsv
[0.402s] -- Up-to-date: /workspace/ros_ws/install/my_package2/share/my_package2/package.dsv
[0.408s] -- Up-to-date: /workspace/ros_ws/install/my_package2/share/ament_index/resource_index/packages/my_package2
[0.410s] -- Up-to-date: /workspace/ros_ws/install/my_package2/share/my_package2/cmake/my_package2Config.cmake
[0.410s] -- Up-to-date: /workspace/ros_ws/install/my_package2/share/my_package2/cmake/my_package2Config-version.cmake
[0.410s] -- Up-to-date: /workspace/ros_ws/install/my_package2/share/my_package2/package.xml
[0.456s] Invoked command in '/workspace/ros_ws/build/my_package2' returned '0': CMAKE_PREFIX_PATH=${CMAKE_PREFIX_PATH}:/workspace/ros_ws/install/nav2_gps_waypoint_follower_demo:/workspace/ros_ws/src/install/nav2_gps_waypoint_follower_demo:/opt/ros/jazzy /usr/bin/cmake --install /workspace/ros_ws/build/my_package2
