[1.361s] Invoking command in '/workspace/ros_ws/src/digit_recognition': PYTHONPATH=/workspace/ros_ws/build/digit_recognition/prefix_override:/usr/lib/python3/dist-packages/colcon_core/task/python/colcon_distutils_commands:/workspace/ros_ws/install/digit_recognition/lib/python3.12/site-packages:${PYTHONPATH} /usr/bin/python3 -W ignore:setup.py install is deprecated -W ignore:easy_install command is deprecated setup.py egg_info --egg-base ../../build/digit_recognition build --build-base /workspace/ros_ws/build/digit_recognition/build install --record /workspace/ros_ws/build/digit_recognition/install.log --single-version-externally-managed install_data
[1.843s] running egg_info
[1.914s] writing ../../build/digit_recognition/digit_recognition.egg-info/PKG-INFO
[1.914s] writing dependency_links to ../../build/digit_recognition/digit_recognition.egg-info/dependency_links.txt
[1.915s] writing entry points to ../../build/digit_recognition/digit_recognition.egg-info/entry_points.txt
[1.919s] writing requirements to ../../build/digit_recognition/digit_recognition.egg-info/requires.txt
[1.923s] writing top-level names to ../../build/digit_recognition/digit_recognition.egg-info/top_level.txt
[1.973s] reading manifest file '../../build/digit_recognition/digit_recognition.egg-info/SOURCES.txt'
[1.974s] writing manifest file '../../build/digit_recognition/digit_recognition.egg-info/SOURCES.txt'
[1.976s] running build
[1.976s] running build_py
[1.978s] copying digit_recognition/digit_recognition_node.py -> /workspace/ros_ws/build/digit_recognition/build/lib/digit_recognition
[1.982s] running install
[1.997s] running install_lib
[2.030s] copying /workspace/ros_ws/build/digit_recognition/build/lib/digit_recognition/digit_recognition_node.py -> /workspace/ros_ws/install/digit_recognition/lib/python3.12/site-packages/digit_recognition
[2.031s] byte-compiling /workspace/ros_ws/install/digit_recognition/lib/python3.12/site-packages/digit_recognition/digit_recognition_node.py to digit_recognition_node.cpython-312.pyc
[2.038s] running install_data
[2.041s] running install_egg_info
[2.065s] removing '/workspace/ros_ws/install/digit_recognition/lib/python3.12/site-packages/digit_recognition-0.0.0-py3.12.egg-info' (and everything under it)
[2.071s] Copying ../../build/digit_recognition/digit_recognition.egg-info to /workspace/ros_ws/install/digit_recognition/lib/python3.12/site-packages/digit_recognition-0.0.0-py3.12.egg-info
[2.071s] running install_scripts
[2.366s] Installing digit_recognition_node script to /workspace/ros_ws/install/digit_recognition/lib/digit_recognition
[2.371s] writing list of installed files to '/workspace/ros_ws/build/digit_recognition/install.log'
[2.514s] Invoked command in '/workspace/ros_ws/src/digit_recognition' returned '0': PYTHONPATH=/workspace/ros_ws/build/digit_recognition/prefix_override:/usr/lib/python3/dist-packages/colcon_core/task/python/colcon_distutils_commands:/workspace/ros_ws/install/digit_recognition/lib/python3.12/site-packages:${PYTHONPATH} /usr/bin/python3 -W ignore:setup.py install is deprecated -W ignore:easy_install command is deprecated setup.py egg_info --egg-base ../../build/digit_recognition build --build-base /workspace/ros_ws/build/digit_recognition/build install --record /workspace/ros_ws/build/digit_recognition/install.log --single-version-externally-managed install_data
