[0.034s] Invoking command in '/workspace/ros_ws/build/nav2_straightline_planner': CMAKE_PREFIX_PATH=${CMAKE_PREFIX_PATH}:/opt/ros/jazzy /usr/bin/cmake --build /workspace/ros_ws/build/nav2_straightline_planner -- -j8 -l8
[0.076s] -- Found ament_cmake: 2.5.4 (/opt/ros/jazzy/share/ament_cmake/cmake)
[0.395s] -- Override CMake install command with custom implementation using symlinks instead of copying resources
[0.411s] -- Found rclcpp: 28.1.9 (/opt/ros/jazzy/share/rclcpp/cmake)
[0.456s] -- Found rosidl_generator_c: 4.6.5 (/opt/ros/jazzy/share/rosidl_generator_c/cmake)
[0.467s] -- Found rosidl_generator_cpp: 4.6.5 (/opt/ros/jazzy/share/rosidl_generator_cpp/cmake)
[0.488s] -- Using all available rosidl_typesupport_c: rosidl_typesupport_fastrtps_c;rosidl_typesupport_introspection_c
[0.507s] -- Using all available rosidl_typesupport_cpp: rosidl_typesupport_fastrtps_cpp;rosidl_typesupport_introspection_cpp
[0.622s] -- Found rmw_implementation_cmake: 7.3.2 (/opt/ros/jazzy/share/rmw_implementation_cmake/cmake)
[0.624s] -- Found rmw_fastrtps_cpp: 8.4.2 (/opt/ros/jazzy/share/rmw_fastrtps_cpp/cmake)
[0.732s] -- Using RMW implementation 'rmw_fastrtps_cpp' as default
[0.820s] -- Found rclcpp_action: 28.1.9 (/opt/ros/jazzy/share/rclcpp_action/cmake)
[0.875s] -- Found rclcpp_lifecycle: 28.1.9 (/opt/ros/jazzy/share/rclcpp_lifecycle/cmake)
[0.909s] -- Found std_msgs: 5.3.6 (/opt/ros/jazzy/share/std_msgs/cmake)
[0.927s] -- Found visualization_msgs: 5.3.6 (/opt/ros/jazzy/share/visualization_msgs/cmake)
[1.015s] -- Found nav2_util: 1.3.6 (/opt/ros/jazzy/share/nav2_util/cmake)
[1.217s] -- Found eigen3_cmake_module: 0.3.0 (/opt/ros/jazzy/share/eigen3_cmake_module/cmake)
[1.219s] -- Ensuring Eigen3 include directory is part of orocos-kdl CMake target
[1.304s] -- Found nav2_costmap_2d: 1.3.6 (/opt/ros/jazzy/share/nav2_costmap_2d/cmake)
[1.409s] -- Found nav2_core: 1.3.6 (/opt/ros/jazzy/share/nav2_core/cmake)
[1.499s] -- Found ament_lint_auto: 0.17.2 (/opt/ros/jazzy/share/ament_lint_auto/cmake)
[1.614s] -- Added test 'copyright' to check source files copyright and LICENSE
[1.616s] -- Added test 'cppcheck' to perform static code analysis on C / C++ code
[1.616s] -- Configured cppcheck include dirs: /workspace/ros_ws/src/nav2_straightline_planner/include
[1.616s] -- Configured cppcheck exclude dirs and/or files: 
[1.617s] -- Added test 'cpplint' to check C / C++ code against the Google style
[1.618s] -- Configured cpplint exclude dirs and/or files: 
[1.618s] -- Added test 'lint_cmake' to check CMake code style
[1.620s] -- Added test 'uncrustify' to check C / C++ code style
[1.620s] -- Configured uncrustify additional arguments: 
[1.620s] -- Added test 'xmllint' to check XML markup files
[1.623s] -- Configuring done (1.6s)
[1.684s] -- Generating done (0.0s)
[1.691s] -- Build files have been written to: /workspace/ros_ws/build/nav2_straightline_planner
[1.751s] [ 50%] [32mBuilding CXX object CMakeFiles/nav2_straightline_planner_plugin.dir/src/straight_line_planner.cpp.o[0m
[6.041s] [100%] [32m[1mLinking CXX shared library libnav2_straightline_planner_plugin.so[0m
[6.269s] [100%] Built target nav2_straightline_planner_plugin
