[0.179s] DEBUG:colcon:Command line arguments: ['/usr/bin/colcon', 'build', '--symlink-install']
[0.179s] DEBUG:colcon:Parsed command line arguments: Namespace(log_base=None, log_level=None, verb_name='build', build_base='build', install_base='install', merge_install=False, symlink_install=True, test_result_base=None, continue_on_error=False, executor='parallel', parallel_workers=12, event_handlers=None, ignore_user_meta=False, metas=['./colcon.meta'], base_paths=['.'], packages_ignore=None, packages_ignore_regex=None, paths=None, packages_up_to=None, packages_up_to_regex=None, packages_above=None, packages_above_and_dependencies=None, packages_above_depth=None, packages_select_by_dep=None, packages_skip_by_dep=None, packages_skip_up_to=None, packages_select_build_failed=False, packages_skip_build_finished=False, packages_select_test_failures=False, packages_skip_test_passed=False, packages_select=None, packages_skip=None, packages_select_regex=None, packages_skip_regex=None, packages_start=None, packages_end=None, cmake_args=None, cmake_target=None, cmake_target_skip_unavailable=False, cmake_clean_cache=False, cmake_clean_first=False, cmake_force_configure=False, ament_cmake_args=None, catkin_cmake_args=None, catkin_skip_building_tests=False, mixin_files=None, mixin=None, verb_parser=<colcon_mixin.mixin.mixin_argument.MixinArgumentDecorator object at 0x7f6fc7392a50>, verb_extension=<colcon_core.verb.build.BuildVerb object at 0x7f6fc750f410>, main=<bound method BuildVerb.main of <colcon_core.verb.build.BuildVerb object at 0x7f6fc750f410>>, mixin_verb=('build',))
[0.251s] Level 1:colcon.colcon_core.package_discovery:discover_packages(colcon_meta) check parameters
[0.252s] INFO:colcon.colcon_metadata.package_discovery.colcon_meta:Using configuration from '/root/.colcon/metadata/default/Gazebo.meta'
[0.252s] INFO:colcon.colcon_metadata.package_discovery.colcon_meta:Using configuration from '/root/.colcon/metadata/default/fastrtps.meta'
[0.253s] Level 1:colcon.colcon_core.package_discovery:discover_packages(recursive) check parameters
[0.253s] Level 1:colcon.colcon_core.package_discovery:discover_packages(ignore) check parameters
[0.253s] Level 1:colcon.colcon_core.package_discovery:discover_packages(path) check parameters
[0.253s] Level 1:colcon.colcon_core.package_discovery:discover_packages(colcon_meta) discover
[0.253s] Level 1:colcon.colcon_core.package_discovery:discover_packages(recursive) discover
[0.253s] INFO:colcon.colcon_core.package_discovery:Crawling recursively for packages in '/workspace/ros_ws/src/ariaNode'
[0.253s] Level 1:colcon.colcon_core.package_identification:_identify(.) by extensions ['ignore', 'ignore_ament_install']
[0.253s] Level 1:colcon.colcon_core.package_identification:_identify(.) by extension 'ignore'
[0.253s] Level 1:colcon.colcon_core.package_identification:_identify(.) by extension 'ignore_ament_install'
[0.253s] Level 1:colcon.colcon_core.package_identification:_identify(.) by extensions ['colcon_pkg']
[0.255s] Level 1:colcon.colcon_core.package_identification:_identify(.) by extension 'colcon_pkg'
[0.255s] Level 1:colcon.colcon_core.package_identification:_identify(.) by extensions ['colcon_meta']
[0.255s] Level 1:colcon.colcon_core.package_identification:_identify(.) by extension 'colcon_meta'
[0.255s] Level 1:colcon.colcon_core.package_identification:_identify(.) by extensions ['ros']
[0.255s] Level 1:colcon.colcon_core.package_identification:_identify(.) by extension 'ros'
[0.297s] DEBUG:colcon.colcon_core.package_identification:Package '.' with type 'ros.ament_cmake' and name 'ariaNode'
[0.297s] Level 1:colcon.colcon_core.package_discovery:discover_packages(recursive) using defaults
[0.298s] Level 1:colcon.colcon_core.package_discovery:discover_packages(ignore) discover
[0.298s] Level 1:colcon.colcon_core.package_discovery:discover_packages(ignore) using defaults
[0.298s] Level 1:colcon.colcon_core.package_discovery:discover_packages(path) discover
[0.298s] Level 1:colcon.colcon_core.package_discovery:discover_packages(path) using defaults
[0.336s] Level 5:colcon.colcon_core.verb:set package 'ariaNode' build argument 'cmake_args' from command line to 'None'
[0.336s] Level 5:colcon.colcon_core.verb:set package 'ariaNode' build argument 'cmake_target' from command line to 'None'
[0.336s] Level 5:colcon.colcon_core.verb:set package 'ariaNode' build argument 'cmake_target_skip_unavailable' from command line to 'False'
[0.336s] Level 5:colcon.colcon_core.verb:set package 'ariaNode' build argument 'cmake_clean_cache' from command line to 'False'
[0.336s] Level 5:colcon.colcon_core.verb:set package 'ariaNode' build argument 'cmake_clean_first' from command line to 'False'
[0.336s] Level 5:colcon.colcon_core.verb:set package 'ariaNode' build argument 'cmake_force_configure' from command line to 'False'
[0.336s] Level 5:colcon.colcon_core.verb:set package 'ariaNode' build argument 'ament_cmake_args' from command line to 'None'
[0.337s] Level 5:colcon.colcon_core.verb:set package 'ariaNode' build argument 'catkin_cmake_args' from command line to 'None'
[0.337s] Level 5:colcon.colcon_core.verb:set package 'ariaNode' build argument 'catkin_skip_building_tests' from command line to 'False'
[0.337s] DEBUG:colcon.colcon_core.verb:Building package 'ariaNode' with the following arguments: {'ament_cmake_args': None, 'build_base': '/workspace/ros_ws/src/ariaNode/build/ariaNode', 'catkin_cmake_args': None, 'catkin_skip_building_tests': False, 'cmake_args': None, 'cmake_clean_cache': False, 'cmake_clean_first': False, 'cmake_force_configure': False, 'cmake_target': None, 'cmake_target_skip_unavailable': False, 'install_base': '/workspace/ros_ws/src/ariaNode/install/ariaNode', 'merge_install': False, 'path': '/workspace/ros_ws/src/ariaNode', 'symlink_install': True, 'test_result_base': None}
[0.337s] INFO:colcon.colcon_core.executor:Executing jobs using 'parallel' executor
[0.338s] DEBUG:colcon.colcon_parallel_executor.executor.parallel:run_until_complete
[0.338s] INFO:colcon.colcon_ros.task.ament_cmake.build:Building ROS package in '/workspace/ros_ws/src/ariaNode' with build type 'ament_cmake'
[0.338s] INFO:colcon.colcon_cmake.task.cmake.build:Building CMake package in '/workspace/ros_ws/src/ariaNode'
[0.344s] INFO:colcon.colcon_core.plugin_system:Skipping extension 'colcon_core.shell.bat': Not used on non-Windows systems
[0.345s] INFO:colcon.colcon_core.shell:Skip shell extension 'powershell' for command environment: Not usable outside of PowerShell
[0.345s] DEBUG:colcon.colcon_core.shell:Skip shell extension 'dsv' for command environment
[0.353s] DEBUG:colcon.colcon_core.event_handler.log_command:Invoking command in '/workspace/ros_ws/src/ariaNode/build/ariaNode': /usr/bin/cmake /workspace/ros_ws/src/ariaNode -DAMENT_CMAKE_SYMLINK_INSTALL=1 -DCMAKE_INSTALL_PREFIX=/workspace/ros_ws/src/ariaNode/install/ariaNode
[0.671s] DEBUG:colcon.colcon_core.event_handler.log_command:Invoked command in '/workspace/ros_ws/src/ariaNode/build/ariaNode' returned '1': /usr/bin/cmake /workspace/ros_ws/src/ariaNode -DAMENT_CMAKE_SYMLINK_INSTALL=1 -DCMAKE_INSTALL_PREFIX=/workspace/ros_ws/src/ariaNode/install/ariaNode
[0.680s] Level 1:colcon.colcon_core.environment:create_environment_scripts_only(ariaNode)
[0.687s] Level 1:colcon.colcon_core.environment:checking '/workspace/ros_ws/src/ariaNode/install/ariaNode' for CMake module files
[0.688s] Level 1:colcon.colcon_core.environment:checking '/workspace/ros_ws/src/ariaNode/install/ariaNode' for CMake config files
[0.688s] Level 1:colcon.colcon_core.environment:checking '/workspace/ros_ws/src/ariaNode/install/ariaNode/bin'
[0.688s] Level 1:colcon.colcon_core.environment:checking '/workspace/ros_ws/src/ariaNode/install/ariaNode/lib/pkgconfig/ariaNode.pc'
[0.689s] Level 1:colcon.colcon_core.environment:checking '/workspace/ros_ws/src/ariaNode/install/ariaNode/lib/python3.12/site-packages'
[0.689s] Level 1:colcon.colcon_core.environment:checking '/workspace/ros_ws/src/ariaNode/install/ariaNode/bin'
[0.689s] INFO:colcon.colcon_core.shell:Creating package script '/workspace/ros_ws/src/ariaNode/install/ariaNode/share/ariaNode/package.ps1'
[0.690s] INFO:colcon.colcon_core.shell:Creating package descriptor '/workspace/ros_ws/src/ariaNode/install/ariaNode/share/ariaNode/package.dsv'
[0.691s] INFO:colcon.colcon_core.shell:Creating package script '/workspace/ros_ws/src/ariaNode/install/ariaNode/share/ariaNode/package.sh'
[0.692s] INFO:colcon.colcon_core.shell:Creating package script '/workspace/ros_ws/src/ariaNode/install/ariaNode/share/ariaNode/package.bash'
[0.693s] INFO:colcon.colcon_core.shell:Creating package script '/workspace/ros_ws/src/ariaNode/install/ariaNode/share/ariaNode/package.zsh'
[0.694s] Level 1:colcon.colcon_core.environment:create_file_with_runtime_dependencies(/workspace/ros_ws/src/ariaNode/install/ariaNode/share/colcon-core/packages/ariaNode)
[0.704s] DEBUG:colcon.colcon_parallel_executor.executor.parallel:closing loop
[0.704s] DEBUG:colcon.colcon_parallel_executor.executor.parallel:loop closed
[0.704s] DEBUG:colcon.colcon_parallel_executor.executor.parallel:run_until_complete finished with '1'
[0.705s] DEBUG:colcon.colcon_core.event_reactor:joining thread
[0.720s] INFO:colcon.colcon_core.plugin_system:Skipping extension 'colcon_notification.desktop_notification.notify_send': Could not find 'notify-send'
[0.721s] INFO:colcon.colcon_core.plugin_system:Skipping extension 'colcon_notification.desktop_notification.terminal_notifier': Not used on non-Darwin systems
[0.721s] INFO:colcon.colcon_core.plugin_system:Skipping extension 'colcon_notification.desktop_notification.win32': Not used on non-Windows systems
[0.721s] INFO:colcon.colcon_notification.desktop_notification:Sending desktop notification using 'notify2'
[0.721s] DEBUG:colcon.colcon_notification.desktop_notification.notify2:Failed to initialize notify2: org.freedesktop.DBus.Error.NotSupported: Unable to autolaunch a dbus-daemon without a $DISPLAY for X11
[0.721s] DEBUG:colcon.colcon_core.event_reactor:joined thread
[0.721s] INFO:colcon.colcon_core.shell:Creating prefix script '/workspace/ros_ws/src/ariaNode/install/local_setup.ps1'
[0.722s] INFO:colcon.colcon_core.shell:Creating prefix util module '/workspace/ros_ws/src/ariaNode/install/_local_setup_util_ps1.py'
[0.723s] INFO:colcon.colcon_core.shell:Creating prefix chain script '/workspace/ros_ws/src/ariaNode/install/setup.ps1'
[0.724s] INFO:colcon.colcon_core.shell:Creating prefix script '/workspace/ros_ws/src/ariaNode/install/local_setup.sh'
[0.725s] INFO:colcon.colcon_core.shell:Creating prefix util module '/workspace/ros_ws/src/ariaNode/install/_local_setup_util_sh.py'
[0.726s] INFO:colcon.colcon_core.shell:Creating prefix chain script '/workspace/ros_ws/src/ariaNode/install/setup.sh'
[0.727s] INFO:colcon.colcon_core.shell:Creating prefix script '/workspace/ros_ws/src/ariaNode/install/local_setup.bash'
[0.728s] INFO:colcon.colcon_core.shell:Creating prefix chain script '/workspace/ros_ws/src/ariaNode/install/setup.bash'
[0.728s] INFO:colcon.colcon_core.shell:Creating prefix script '/workspace/ros_ws/src/ariaNode/install/local_setup.zsh'
[0.729s] INFO:colcon.colcon_core.shell:Creating prefix chain script '/workspace/ros_ws/src/ariaNode/install/setup.zsh'
