[0.012s] Invoking command in '/workspace/ros_ws/build/sam_bot_description': CMAKE_PREFIX_PATH=${CMAKE_PREFIX_PATH}:/opt/ros/jazzy /usr/bin/cmake --build /workspace/ros_ws/build/sam_bot_description -- -j8 -l8
[0.591s] -- Found ament_cmake: 2.5.4 (/opt/ros/jazzy/share/ament_cmake/cmake)
[0.591s] -- Override CMake install command with custom implementation using symlinks instead of copying resources
[0.591s] -- Found xacro: 2.0.13 (/opt/ros/jazzy/share/xacro/cmake)
[0.591s] -- Found ament_lint_auto: 0.17.2 (/opt/ros/jazzy/share/ament_lint_auto/cmake)
[0.591s] -- Added test 'copyright' to check source files copyright and LICENSE
[0.591s] -- Added test 'flake8' to check Python code syntax and style conventions
[0.591s] -- Configured 'flake8' exclude dirs and/or files: 
[0.592s] -- Added test 'lint_cmake' to check CMake code style
[0.592s] -- Added test 'pep257' to check Python code against some of the docstring style conventions in PEP 257
[0.592s] -- Added test 'xmllint' to check XML markup files
[0.592s] -- Configuring done (0.5s)
[0.592s] -- Generating done (0.0s)
[0.592s] -- Build files have been written to: /workspace/ros_ws/build/sam_bot_description
[0.598s] Invoked command in '/workspace/ros_ws/build/sam_bot_description' returned '0': CMAKE_PREFIX_PATH=${CMAKE_PREFIX_PATH}:/opt/ros/jazzy /usr/bin/cmake --build /workspace/ros_ws/build/sam_bot_description -- -j8 -l8
[0.598s] Invoking command in '/workspace/ros_ws/build/sam_bot_description': CMAKE_PREFIX_PATH=${CMAKE_PREFIX_PATH}:/opt/ros/jazzy /usr/bin/cmake --install /workspace/ros_ws/build/sam_bot_description
[0.625s] -- Install configuration: ""
[0.625s] -- Execute custom install script
[0.625s] -- Up-to-date symlink: /workspace/ros_ws/install/sam_bot_description/share/sam_bot_description/src/description/sam_bot_description.sdf
[0.625s] -- Up-to-date symlink: /workspace/ros_ws/install/sam_bot_description/share/sam_bot_description/src/description/sam_bot_description.sdf:Zone.Identifier
[0.625s] -- Up-to-date symlink: /workspace/ros_ws/install/sam_bot_description/share/sam_bot_description/src/description/sam_bot_description.urdf
[0.625s] -- Up-to-date symlink: /workspace/ros_ws/install/sam_bot_description/share/sam_bot_description/src/description/sam_bot_description.urdf:Zone.Identifier
[0.625s] -- Up-to-date symlink: /workspace/ros_ws/install/sam_bot_description/share/sam_bot_description/launch/display.launch.py
[0.625s] -- Up-to-date symlink: /workspace/ros_ws/install/sam_bot_description/share/sam_bot_description/launch/display.launch.py:Zone.Identifier
[0.625s] -- Up-to-date symlink: /workspace/ros_ws/install/sam_bot_description/share/sam_bot_description/rviz/config.rviz
[0.626s] -- Up-to-date symlink: /workspace/ros_ws/install/sam_bot_description/share/sam_bot_description/rviz/config.rviz:Zone.Identifier
[0.626s] -- Up-to-date symlink: /workspace/ros_ws/install/sam_bot_description/share/sam_bot_description/config/bridge_config.yaml
[0.626s] -- Up-to-date symlink: /workspace/ros_ws/install/sam_bot_description/share/sam_bot_description/config/bridge_config.yaml:Zone.Identifier
[0.626s] -- Up-to-date symlink: /workspace/ros_ws/install/sam_bot_description/share/sam_bot_description/config/ekf.yaml
[0.626s] -- Up-to-date symlink: /workspace/ros_ws/install/sam_bot_description/share/sam_bot_description/config/ekf.yaml:Zone.Identifier
[0.626s] -- Up-to-date symlink: /workspace/ros_ws/install/sam_bot_description/share/sam_bot_description/config/nav2_params.yaml
[0.626s] -- Up-to-date symlink: /workspace/ros_ws/install/sam_bot_description/share/sam_bot_description/config/nav2_params.yaml:Zone.Identifier
[0.626s] -- Up-to-date symlink: /workspace/ros_ws/install/sam_bot_description/share/sam_bot_description/world/my_world.sdf
[0.626s] -- Up-to-date symlink: /workspace/ros_ws/install/sam_bot_description/share/sam_bot_description/world/my_world.sdf:Zone.Identifier
[0.626s] -- Up-to-date symlink: /workspace/ros_ws/install/sam_bot_description/share/ament_index/resource_index/package_run_dependencies/sam_bot_description
[0.626s] -- Up-to-date symlink: /workspace/ros_ws/install/sam_bot_description/share/ament_index/resource_index/parent_prefix_path/sam_bot_description
[0.626s] -- Up-to-date symlink: /workspace/ros_ws/install/sam_bot_description/share/sam_bot_description/environment/ament_prefix_path.sh
[0.626s] -- Up-to-date symlink: /workspace/ros_ws/install/sam_bot_description/share/sam_bot_description/environment/ament_prefix_path.dsv
[0.627s] -- Up-to-date symlink: /workspace/ros_ws/install/sam_bot_description/share/sam_bot_description/environment/path.sh
[0.627s] -- Up-to-date symlink: /workspace/ros_ws/install/sam_bot_description/share/sam_bot_description/environment/path.dsv
[0.627s] -- Up-to-date symlink: /workspace/ros_ws/install/sam_bot_description/share/sam_bot_description/local_setup.bash
[0.627s] -- Up-to-date symlink: /workspace/ros_ws/install/sam_bot_description/share/sam_bot_description/local_setup.sh
[0.627s] -- Up-to-date symlink: /workspace/ros_ws/install/sam_bot_description/share/sam_bot_description/local_setup.zsh
[0.627s] -- Up-to-date symlink: /workspace/ros_ws/install/sam_bot_description/share/sam_bot_description/local_setup.dsv
[0.627s] -- Symlinking: /workspace/ros_ws/install/sam_bot_description/share/sam_bot_description/package.dsv
[0.645s] -- Up-to-date symlink: /workspace/ros_ws/install/sam_bot_description/share/ament_index/resource_index/packages/sam_bot_description
[0.645s] -- Up-to-date symlink: /workspace/ros_ws/install/sam_bot_description/share/sam_bot_description/cmake/sam_bot_descriptionConfig.cmake
[0.645s] -- Up-to-date symlink: /workspace/ros_ws/install/sam_bot_description/share/sam_bot_description/cmake/sam_bot_descriptionConfig-version.cmake
[0.645s] -- Up-to-date symlink: /workspace/ros_ws/install/sam_bot_description/share/sam_bot_description/package.xml
[0.661s] Invoked command in '/workspace/ros_ws/build/sam_bot_description' returned '0': CMAKE_PREFIX_PATH=${CMAKE_PREFIX_PATH}:/opt/ros/jazzy /usr/bin/cmake --install /workspace/ros_ws/build/sam_bot_description
