running egg_info
writing ../../build/nav2_gps_waypoint_follower_demo/nav2_gps_waypoint_follower_demo.egg-info/PKG-INFO
writing dependency_links to ../../build/nav2_gps_waypoint_follower_demo/nav2_gps_waypoint_follower_demo.egg-info/dependency_links.txt
writing entry points to ../../build/nav2_gps_waypoint_follower_demo/nav2_gps_waypoint_follower_demo.egg-info/entry_points.txt
writing requirements to ../../build/nav2_gps_waypoint_follower_demo/nav2_gps_waypoint_follower_demo.egg-info/requires.txt
writing top-level names to ../../build/nav2_gps_waypoint_follower_demo/nav2_gps_waypoint_follower_demo.egg-info/top_level.txt
reading manifest file '../../build/nav2_gps_waypoint_follower_demo/nav2_gps_waypoint_follower_demo.egg-info/SOURCES.txt'
writing manifest file '../../build/nav2_gps_waypoint_follower_demo/nav2_gps_waypoint_follower_demo.egg-info/SOURCES.txt'
running build
running build_py
running install
running install_lib
running install_data
copying config/nav2_no_map_params.yaml:Zone.Identifier -> /workspace/ros_ws/install/nav2_gps_waypoint_follower_demo/share/nav2_gps_waypoint_follower_demo/config
copying config/dual_ekf_navsat_params.yaml:Zone.Identifier -> /workspace/ros_ws/install/nav2_gps_waypoint_follower_demo/share/nav2_gps_waypoint_follower_demo/config
copying config/demo_waypoints.yaml:Zone.Identifier -> /workspace/ros_ws/install/nav2_gps_waypoint_follower_demo/share/nav2_gps_waypoint_follower_demo/config
copying config/gps_wpf_demo.mvc:Zone.Identifier -> /workspace/ros_ws/install/nav2_gps_waypoint_follower_demo/share/nav2_gps_waypoint_follower_demo/config
copying urdf/turtlebot3_waffle_gps.urdf:Zone.Identifier -> /workspace/ros_ws/install/nav2_gps_waypoint_follower_demo/share/nav2_gps_waypoint_follower_demo/urdf
copying worlds/sonoma_raceway.world:Zone.Identifier -> /workspace/ros_ws/install/nav2_gps_waypoint_follower_demo/share/nav2_gps_waypoint_follower_demo/worlds
copying models/turtlebot_waffle_gps/model.config:Zone.Identifier -> /workspace/ros_ws/install/nav2_gps_waypoint_follower_demo/share/nav2_gps_waypoint_follower_demo/models/turtlebot_waffle_gps
copying models/turtlebot_waffle_gps/model.sdf:Zone.Identifier -> /workspace/ros_ws/install/nav2_gps_waypoint_follower_demo/share/nav2_gps_waypoint_follower_demo/models/turtlebot_waffle_gps
running install_egg_info
removing '/workspace/ros_ws/install/nav2_gps_waypoint_follower_demo/lib/python3.12/site-packages/nav2_gps_waypoint_follower_demo-0.0.1-py3.12.egg-info' (and everything under it)
Copying ../../build/nav2_gps_waypoint_follower_demo/nav2_gps_waypoint_follower_demo.egg-info to /workspace/ros_ws/install/nav2_gps_waypoint_follower_demo/lib/python3.12/site-packages/nav2_gps_waypoint_follower_demo-0.0.1-py3.12.egg-info
running install_scripts
Installing gps_waypoint_logger script to /workspace/ros_ws/install/nav2_gps_waypoint_follower_demo/lib/nav2_gps_waypoint_follower_demo
Installing interactive_waypoint_follower script to /workspace/ros_ws/install/nav2_gps_waypoint_follower_demo/lib/nav2_gps_waypoint_follower_demo
Installing logged_waypoint_follower script to /workspace/ros_ws/install/nav2_gps_waypoint_follower_demo/lib/nav2_gps_waypoint_follower_demo
writing list of installed files to '/workspace/ros_ws/build/nav2_gps_waypoint_follower_demo/install.log'
