[0.016s] Invoking command in '/workspace/ros_ws/build/p3at_description': CMAKE_PREFIX_PATH=${CMAKE_PREFIX_PATH}:/opt/ros/jazzy /usr/bin/cmake --build /workspace/ros_ws/build/p3at_description -- -j8 -l8
[1.933s] Invoked command in '/workspace/ros_ws/build/p3at_description' returned '0': CMAKE_PREFIX_PATH=${CMAKE_PREFIX_PATH}:/opt/ros/jazzy /usr/bin/cmake --build /workspace/ros_ws/build/p3at_description -- -j8 -l8
[1.936s] Invoking command in '/workspace/ros_ws/build/p3at_description': CMAKE_PREFIX_PATH=${CMAKE_PREFIX_PATH}:/opt/ros/jazzy /usr/bin/cmake --install /workspace/ros_ws/build/p3at_description
[3.269s] -- Install configuration: ""
[3.270s] -- Up-to-date: /workspace/ros_ws/install/p3at_description/share/p3at_description/launch
[3.279s] -- Up-to-date: /workspace/ros_ws/install/p3at_description/share/p3at_description/launch/display.launch.py
[3.280s] -- Up-to-date: /workspace/ros_ws/install/p3at_description/share/p3at_description/launch/install
[3.280s] -- Up-to-date: /workspace/ros_ws/install/p3at_description/share/p3at_description/launch/install/_local_setup_util_ps1.py
[3.281s] -- Up-to-date: /workspace/ros_ws/install/p3at_description/share/p3at_description/launch/install/COLCON_IGNORE
[3.281s] -- Up-to-date: /workspace/ros_ws/install/p3at_description/share/p3at_description/launch/install/local_setup.ps1
[3.281s] -- Up-to-date: /workspace/ros_ws/install/p3at_description/share/p3at_description/launch/install/setup.sh
[3.281s] -- Up-to-date: /workspace/ros_ws/install/p3at_description/share/p3at_description/launch/install/.colcon_install_layout
[3.281s] -- Up-to-date: /workspace/ros_ws/install/p3at_description/share/p3at_description/launch/install/local_setup.bash
[3.281s] -- Up-to-date: /workspace/ros_ws/install/p3at_description/share/p3at_description/launch/install/setup.zsh
[3.281s] -- Up-to-date: /workspace/ros_ws/install/p3at_description/share/p3at_description/launch/install/local_setup.sh
[3.282s] -- Up-to-date: /workspace/ros_ws/install/p3at_description/share/p3at_description/launch/install/setup.bash
[3.282s] -- Up-to-date: /workspace/ros_ws/install/p3at_description/share/p3at_description/launch/install/_local_setup_util_sh.py
[3.282s] -- Up-to-date: /workspace/ros_ws/install/p3at_description/share/p3at_description/launch/install/setup.ps1
[3.282s] -- Up-to-date: /workspace/ros_ws/install/p3at_description/share/p3at_description/launch/install/local_setup.zsh
[3.282s] -- Up-to-date: /workspace/ros_ws/install/p3at_description/share/p3at_description/launch/log
[3.282s] -- Up-to-date: /workspace/ros_ws/install/p3at_description/share/p3at_description/launch/log/latest
[3.282s] -- Up-to-date: /workspace/ros_ws/install/p3at_description/share/p3at_description/launch/log/COLCON_IGNORE
[3.282s] -- Up-to-date: /workspace/ros_ws/install/p3at_description/share/p3at_description/launch/log/build_2025-05-17_10-45-05
[3.285s] -- Up-to-date: /workspace/ros_ws/install/p3at_description/share/p3at_description/launch/log/build_2025-05-17_10-45-05/logger_all.log
[3.285s] -- Up-to-date: /workspace/ros_ws/install/p3at_description/share/p3at_description/launch/log/build_2025-05-17_10-45-05/events.log
[3.286s] -- Up-to-date: /workspace/ros_ws/install/p3at_description/share/p3at_description/launch/log/latest_build
[3.286s] -- Up-to-date: /workspace/ros_ws/install/p3at_description/share/p3at_description/launch/ekf_launch.py
[3.286s] -- Up-to-date: /workspace/ros_ws/install/p3at_description/share/p3at_description/launch/build
[3.286s] -- Up-to-date: /workspace/ros_ws/install/p3at_description/share/p3at_description/launch/build/COLCON_IGNORE
[3.286s] -- Up-to-date: /workspace/ros_ws/install/p3at_description/share/p3at_description/launch/build/.built_by
[3.286s] -- Up-to-date: /workspace/ros_ws/install/p3at_description/share/p3at_description/meshes
[3.286s] -- Up-to-date: /workspace/ros_ws/install/p3at_description/share/p3at_description/meshes/axle.dae
[3.286s] -- Up-to-date: /workspace/ros_ws/install/p3at_description/share/p3at_description/meshes/top.dae
[3.286s] -- Up-to-date: /workspace/ros_ws/install/p3at_description/share/p3at_description/meshes/hokuyo.dae
[3.286s] -- Up-to-date: /workspace/ros_ws/install/p3at_description/share/p3at_description/meshes/kinect.dae
[3.287s] -- Up-to-date: /workspace/ros_ws/install/p3at_description/share/p3at_description/meshes/right_hubcap.dae
[3.287s] -- Up-to-date: /workspace/ros_ws/install/p3at_description/share/p3at_description/meshes/kinect.tga
[3.287s] -- Up-to-date: /workspace/ros_ws/install/p3at_description/share/p3at_description/meshes/hokuyo_convex.stl
[3.287s] -- Up-to-date: /workspace/ros_ws/install/p3at_description/share/p3at_description/meshes/tampa1_mesh.dae
[3.287s] -- Up-to-date: /workspace/ros_ws/install/p3at_description/share/p3at_description/meshes/suporte_kinect_mesh.dae
[3.287s] -- Up-to-date: /workspace/ros_ws/install/p3at_description/share/p3at_description/meshes/suporte_base_mesh.dae
[3.287s] -- Up-to-date: /workspace/ros_ws/install/p3at_description/share/p3at_description/meshes/suporte_depth_mesh.dae
[3.287s] -- Up-to-date: /workspace/ros_ws/install/p3at_description/share/p3at_description/meshes/hokuyo1.dae
[3.287s] -- Up-to-date: /workspace/ros_ws/install/p3at_description/share/p3at_description/meshes/wheel.dae
[3.287s] -- Up-to-date: /workspace/ros_ws/install/p3at_description/share/p3at_description/meshes/back_sonar.dae
[3.287s] -- Up-to-date: /workspace/ros_ws/install/p3at_description/share/p3at_description/meshes/suporte_armControl_mesh.dae
[3.287s] -- Up-to-date: /workspace/ros_ws/install/p3at_description/share/p3at_description/meshes/suporte_base_mesh2.dae
[3.288s] -- Up-to-date: /workspace/ros_ws/install/p3at_description/share/p3at_description/meshes/arm_control_box_mesh.dae
[3.288s] -- Up-to-date: /workspace/ros_ws/install/p3at_description/share/p3at_description/meshes/tampa2_mesh.dae
[3.288s] -- Up-to-date: /workspace/ros_ws/install/p3at_description/share/p3at_description/meshes/back_sonar_mesh.dae
[3.288s] -- Up-to-date: /workspace/ros_ws/install/p3at_description/share/p3at_description/meshes/left_hubcap_mesh.dae
[3.288s] -- Up-to-date: /workspace/ros_ws/install/p3at_description/share/p3at_description/meshes/tampa4_mesh.dae
[3.288s] -- Up-to-date: /workspace/ros_ws/install/p3at_description/share/p3at_description/meshes/tampa3_mesh.dae
[3.288s] -- Up-to-date: /workspace/ros_ws/install/p3at_description/share/p3at_description/meshes/left_hubcap.dae
[3.288s] -- Up-to-date: /workspace/ros_ws/install/p3at_description/share/p3at_description/meshes/p3at_meshes
[3.301s] -- Up-to-date: /workspace/ros_ws/install/p3at_description/share/p3at_description/meshes/p3at_meshes/axle.dae
[3.302s] -- Up-to-date: /workspace/ros_ws/install/p3at_description/share/p3at_description/meshes/p3at_meshes/top.dae
[3.302s] -- Up-to-date: /workspace/ros_ws/install/p3at_description/share/p3at_description/meshes/p3at_meshes/front_sonar.stl
[3.302s] -- Up-to-date: /workspace/ros_ws/install/p3at_description/share/p3at_description/meshes/p3at_meshes/right_hubcap.dae
[3.302s] -- Up-to-date: /workspace/ros_ws/install/p3at_description/share/p3at_description/meshes/p3at_meshes/top.stl
[3.302s] -- Up-to-date: /workspace/ros_ws/install/p3at_description/share/p3at_description/meshes/p3at_meshes/.svn
[3.302s] -- Up-to-date: /workspace/ros_ws/install/p3at_description/share/p3at_description/meshes/p3at_meshes/.svn/entries
[3.302s] -- Up-to-date: /workspace/ros_ws/install/p3at_description/share/p3at_description/meshes/p3at_meshes/.svn/text-base
[3.302s] -- Up-to-date: /workspace/ros_ws/install/p3at_description/share/p3at_description/meshes/p3at_meshes/.svn/text-base/wheel.stl.svn-base
[3.302s] -- Up-to-date: /workspace/ros_ws/install/p3at_description/share/p3at_description/meshes/p3at_meshes/.svn/text-base/right_hubcap.stl.svn-base
[3.302s] -- Up-to-date: /workspace/ros_ws/install/p3at_description/share/p3at_description/meshes/p3at_meshes/.svn/text-base/chassis.stl.svn-base
[3.302s] -- Up-to-date: /workspace/ros_ws/install/p3at_description/share/p3at_description/meshes/p3at_meshes/.svn/text-base/top.stl.svn-base
[3.302s] -- Up-to-date: /workspace/ros_ws/install/p3at_description/share/p3at_description/meshes/p3at_meshes/.svn/text-base/axle.stl.svn-base
[3.303s] -- Up-to-date: /workspace/ros_ws/install/p3at_description/share/p3at_description/meshes/p3at_meshes/.svn/text-base/back_sonar.stl.svn-base
[3.303s] -- Up-to-date: /workspace/ros_ws/install/p3at_description/share/p3at_description/meshes/p3at_meshes/.svn/text-base/front_sonar.stl.svn-base
[3.303s] -- Up-to-date: /workspace/ros_ws/install/p3at_description/share/p3at_description/meshes/p3at_meshes/.svn/text-base/left_hubcap.stl.svn-base
[3.303s] -- Up-to-date: /workspace/ros_ws/install/p3at_description/share/p3at_description/meshes/p3at_meshes/.svn/text-base/Coordinates.svn-base
[3.303s] -- Up-to-date: /workspace/ros_ws/install/p3at_description/share/p3at_description/meshes/p3at_meshes/.svn/all-wcprops
[3.309s] -- Up-to-date: /workspace/ros_ws/install/p3at_description/share/p3at_description/meshes/p3at_meshes/.svn/prop-base
[3.309s] -- Up-to-date: /workspace/ros_ws/install/p3at_description/share/p3at_description/meshes/p3at_meshes/.svn/prop-base/wheel.stl.svn-base
[3.309s] -- Up-to-date: /workspace/ros_ws/install/p3at_description/share/p3at_description/meshes/p3at_meshes/.svn/prop-base/right_hubcap.stl.svn-base
[3.319s] -- Up-to-date: /workspace/ros_ws/install/p3at_description/share/p3at_description/meshes/p3at_meshes/.svn/prop-base/chassis.stl.svn-base
[3.319s] -- Up-to-date: /workspace/ros_ws/install/p3at_description/share/p3at_description/meshes/p3at_meshes/.svn/prop-base/top.stl.svn-base
[3.319s] -- Up-to-date: /workspace/ros_ws/install/p3at_description/share/p3at_description/meshes/p3at_meshes/.svn/prop-base/axle.stl.svn-base
[3.319s] -- Up-to-date: /workspace/ros_ws/install/p3at_description/share/p3at_description/meshes/p3at_meshes/.svn/prop-base/back_sonar.stl.svn-base
[3.319s] -- Up-to-date: /workspace/ros_ws/install/p3at_description/share/p3at_description/meshes/p3at_meshes/.svn/prop-base/front_sonar.stl.svn-base
[3.319s] -- Up-to-date: /workspace/ros_ws/install/p3at_description/share/p3at_description/meshes/p3at_meshes/.svn/prop-base/left_hubcap.stl.svn-base
[3.319s] -- Up-to-date: /workspace/ros_ws/install/p3at_description/share/p3at_description/meshes/p3at_meshes/wheel.dae
[3.319s] -- Up-to-date: /workspace/ros_ws/install/p3at_description/share/p3at_description/meshes/p3at_meshes/back_sonar.dae
[3.323s] -- Up-to-date: /workspace/ros_ws/install/p3at_description/share/p3at_description/meshes/p3at_meshes/chassis.stl
[3.323s] -- Up-to-date: /workspace/ros_ws/install/p3at_description/share/p3at_description/meshes/p3at_meshes/axle.stl
[3.323s] -- Up-to-date: /workspace/ros_ws/install/p3at_description/share/p3at_description/meshes/p3at_meshes/right_hubcap.stl
[3.323s] -- Up-to-date: /workspace/ros_ws/install/p3at_description/share/p3at_description/meshes/p3at_meshes/back_sonar.stl
[3.323s] -- Up-to-date: /workspace/ros_ws/install/p3at_description/share/p3at_description/meshes/p3at_meshes/left_hubcap.dae
[3.323s] -- Up-to-date: /workspace/ros_ws/install/p3at_description/share/p3at_description/meshes/p3at_meshes/front_sonar.dae
[3.323s] -- Up-to-date: /workspace/ros_ws/install/p3at_description/share/p3at_description/meshes/p3at_meshes/Coordinates
[3.323s] -- Up-to-date: /workspace/ros_ws/install/p3at_description/share/p3at_description/meshes/p3at_meshes/wheel.stl
[3.323s] -- Up-to-date: /workspace/ros_ws/install/p3at_description/share/p3at_description/meshes/p3at_meshes/chassis.dae
[3.325s] -- Up-to-date: /workspace/ros_ws/install/p3at_description/share/p3at_description/meshes/p3at_meshes/left_hubcap.stl
[3.329s] -- Up-to-date: /workspace/ros_ws/install/p3at_description/share/p3at_description/meshes/front_sonar.dae
[3.329s] -- Up-to-date: /workspace/ros_ws/install/p3at_description/share/p3at_description/meshes/suporte_monitor_mesh.dae
[3.329s] -- Up-to-date: /workspace/ros_ws/install/p3at_description/share/p3at_description/meshes/tv_mesh.dae
[3.329s] -- Up-to-date: /workspace/ros_ws/install/p3at_description/share/p3at_description/meshes/Coordinates
[3.329s] -- Up-to-date: /workspace/ros_ws/install/p3at_description/share/p3at_description/meshes/chassis.dae
[3.330s] -- Up-to-date: /workspace/ros_ws/install/p3at_description/share/p3at_description/urdf
[3.330s] -- Up-to-date: /workspace/ros_ws/install/p3at_description/share/p3at_description/urdf/pioneer.urdf.xacro
[3.330s] -- Up-to-date: /workspace/ros_ws/install/p3at_description/share/p3at_description/urdf/pioneer.urdf
[3.330s] -- Installing: /workspace/ros_ws/install/p3at_description/share/p3at_description/urdf/pioneer1.urdf
[3.330s] -- Up-to-date: /workspace/ros_ws/install/p3at_description/share/p3at_description/world
[3.333s] -- Up-to-date: /workspace/ros_ws/install/p3at_description/share/p3at_description/world/empty.sdf
[3.333s] -- Up-to-date: /workspace/ros_ws/install/p3at_description/share/p3at_description/rviz
[3.334s] -- Up-to-date: /workspace/ros_ws/install/p3at_description/share/p3at_description/rviz/display.rviz
[3.334s] -- Up-to-date: /workspace/ros_ws/install/p3at_description/share/ament_index/resource_index/package_run_dependencies/p3at_description
[3.334s] -- Up-to-date: /workspace/ros_ws/install/p3at_description/share/ament_index/resource_index/parent_prefix_path/p3at_description
[3.334s] -- Up-to-date: /workspace/ros_ws/install/p3at_description/share/p3at_description/environment/ament_prefix_path.sh
[3.334s] -- Up-to-date: /workspace/ros_ws/install/p3at_description/share/p3at_description/environment/ament_prefix_path.dsv
[3.335s] -- Up-to-date: /workspace/ros_ws/install/p3at_description/share/p3at_description/environment/path.sh
[3.335s] -- Up-to-date: /workspace/ros_ws/install/p3at_description/share/p3at_description/environment/path.dsv
[3.335s] -- Up-to-date: /workspace/ros_ws/install/p3at_description/share/p3at_description/local_setup.bash
[3.335s] -- Up-to-date: /workspace/ros_ws/install/p3at_description/share/p3at_description/local_setup.sh
[3.335s] -- Up-to-date: /workspace/ros_ws/install/p3at_description/share/p3at_description/local_setup.zsh
[3.339s] -- Up-to-date: /workspace/ros_ws/install/p3at_description/share/p3at_description/local_setup.dsv
[3.342s] -- Installing: /workspace/ros_ws/install/p3at_description/share/p3at_description/package.dsv
[3.343s] -- Up-to-date: /workspace/ros_ws/install/p3at_description/share/ament_index/resource_index/packages/p3at_description
[3.344s] -- Up-to-date: /workspace/ros_ws/install/p3at_description/share/p3at_description/cmake/p3at_descriptionConfig.cmake
[3.344s] -- Up-to-date: /workspace/ros_ws/install/p3at_description/share/p3at_description/cmake/p3at_descriptionConfig-version.cmake
[3.352s] -- Up-to-date: /workspace/ros_ws/install/p3at_description/share/p3at_description/package.xml
[3.353s] Invoked command in '/workspace/ros_ws/build/p3at_description' returned '0': CMAKE_PREFIX_PATH=${CMAKE_PREFIX_PATH}:/opt/ros/jazzy /usr/bin/cmake --install /workspace/ros_ws/build/p3at_description
