-- Found ament_cmake: 2.5.3 (/opt/ros/jazzy/share/ament_cmake/cmake)
-- Found rclcpp_components: 28.1.6 (/opt/ros/jazzy/share/rclcpp_components/cmake)
-- Found rosidl_generator_c: 4.6.5 (/opt/ros/jazzy/share/rosidl_generator_c/cmake)
-- Found rosidl_generator_cpp: 4.6.5 (/opt/ros/jazzy/share/rosidl_generator_cpp/cmake)
-- Using all available rosidl_typesupport_c: rosidl_typesupport_fastrtps_c;rosidl_typesupport_introspection_c
-- Using all available rosidl_typesupport_cpp: rosidl_typesupport_fastrtps_cpp;rosidl_typesupport_introspection_cpp
-- Found rmw_implementation_cmake: 7.3.1 (/opt/ros/jazzy/share/rmw_implementation_cmake/cmake)
-- Found rmw_fastrtps_cpp: 8.4.1 (/opt/ros/jazzy/share/rmw_fastrtps_cpp/cmake)
-- Found OpenSSL: /usr/lib/x86_64-linux-gnu/libcrypto.so (found version "3.0.13")  
-- Found FastRTPS: /opt/ros/jazzy/include (Required is at least version "2.13") 
-- Using RMW implementation 'rmw_fastrtps_cpp' as default
-- Found ament_lint_auto: 0.17.1 (/opt/ros/jazzy/share/ament_lint_auto/cmake)
-- Added test 'cppcheck' to perform static code analysis on C / C++ code
-- Configured cppcheck include dirs: 
-- Configured cppcheck exclude dirs and/or files: 
-- Added test 'flake8' to check Python code syntax and style conventions
-- Configured 'flake8' exclude dirs and/or files: 
-- Added test 'lint_cmake' to check CMake code style
-- Added test 'pep257' to check Python code against some of the docstring style conventions in PEP 257
-- Added test 'uncrustify' to check C / C++ code style
-- Configured uncrustify additional arguments: 
-- Added test 'xmllint' to check XML markup files
-- Configuring done (1.3s)
-- Generating done (0.0s)
-- Build files have been written to: /workspace/ros_ws/src/master/build/master
-- Install configuration: ""
-- Installing: /workspace/ros_ws/src/master/install/master/share/ament_index/resource_index/package_run_dependencies/master
-- Installing: /workspace/ros_ws/src/master/install/master/share/ament_index/resource_index/parent_prefix_path/master
-- Up-to-date: /workspace/ros_ws/src/master/install/master/share/master/environment/ament_prefix_path.sh
-- Up-to-date: /workspace/ros_ws/src/master/install/master/share/master/environment/ament_prefix_path.dsv
-- Up-to-date: /workspace/ros_ws/src/master/install/master/share/master/environment/path.sh
-- Up-to-date: /workspace/ros_ws/src/master/install/master/share/master/environment/path.dsv
-- Up-to-date: /workspace/ros_ws/src/master/install/master/share/master/local_setup.bash
-- Up-to-date: /workspace/ros_ws/src/master/install/master/share/master/local_setup.sh
-- Up-to-date: /workspace/ros_ws/src/master/install/master/share/master/local_setup.zsh
-- Up-to-date: /workspace/ros_ws/src/master/install/master/share/master/local_setup.dsv
-- Up-to-date: /workspace/ros_ws/src/master/install/master/share/master/package.dsv
-- Up-to-date: /workspace/ros_ws/src/master/install/master/share/ament_index/resource_index/packages/master
-- Up-to-date: /workspace/ros_ws/src/master/install/master/share/master/cmake/masterConfig.cmake
-- Up-to-date: /workspace/ros_ws/src/master/install/master/share/master/cmake/masterConfig-version.cmake
-- Installing: /workspace/ros_ws/src/master/install/master/share/master/package.xml
