[0.024s] Invoking command in '/workspace/ros_ws/src/master/build/master': CMAKE_PREFIX_PATH=${CMAKE_PREFIX_PATH}:/opt/ros/jazzy /usr/bin/cmake --build /workspace/ros_ws/src/master/build/master -- -j12 -l12
[0.058s] -- Found ament_cmake: 2.5.3 (/opt/ros/jazzy/share/ament_cmake/cmake)
[0.403s] -- Found rclcpp_components: 28.1.6 (/opt/ros/jazzy/share/rclcpp_components/cmake)
[0.547s] -- Found rosidl_generator_c: 4.6.5 (/opt/ros/jazzy/share/rosidl_generator_c/cmake)
[0.571s] -- Found rosidl_generator_cpp: 4.6.5 (/opt/ros/jazzy/share/rosidl_generator_cpp/cmake)
[0.595s] -- Using all available rosidl_typesupport_c: rosidl_typesupport_fastrtps_c;rosidl_typesupport_introspection_c
[0.620s] -- Using all available rosidl_typesupport_cpp: rosidl_typesupport_fastrtps_cpp;rosidl_typesupport_introspection_cpp
[0.804s] -- Found rmw_implementation_cmake: 7.3.1 (/opt/ros/jazzy/share/rmw_implementation_cmake/cmake)
[0.811s] -- Found rmw_fastrtps_cpp: 8.4.1 (/opt/ros/jazzy/share/rmw_fastrtps_cpp/cmake)
[0.925s] -- Found OpenSSL: /usr/lib/x86_64-linux-gnu/libcrypto.so (found version "3.0.13")  
[0.969s] -- Found FastRTPS: /opt/ros/jazzy/include (Required is at least version "2.13") 
[1.005s] -- Using RMW implementation 'rmw_fastrtps_cpp' as default
[1.163s] -- Found ament_lint_auto: 0.17.1 (/opt/ros/jazzy/share/ament_lint_auto/cmake)
[1.329s] -- Added test 'cppcheck' to perform static code analysis on C / C++ code
[1.329s] -- Configured cppcheck include dirs: 
[1.329s] -- Configured cppcheck exclude dirs and/or files: 
[1.330s] -- Added test 'flake8' to check Python code syntax and style conventions
[1.330s] -- Configured 'flake8' exclude dirs and/or files: 
[1.336s] -- Added test 'lint_cmake' to check CMake code style
[1.337s] -- Added test 'pep257' to check Python code against some of the docstring style conventions in PEP 257
[1.344s] -- Added test 'uncrustify' to check C / C++ code style
[1.344s] -- Configured uncrustify additional arguments: 
[1.345s] -- Added test 'xmllint' to check XML markup files
[1.349s] -- Configuring done (1.3s)
[1.360s] -- Generating done (0.0s)
[1.364s] -- Build files have been written to: /workspace/ros_ws/src/master/build/master
[1.392s] Invoked command in '/workspace/ros_ws/src/master/build/master' returned '0': CMAKE_PREFIX_PATH=${CMAKE_PREFIX_PATH}:/opt/ros/jazzy /usr/bin/cmake --build /workspace/ros_ws/src/master/build/master -- -j12 -l12
[1.403s] Invoking command in '/workspace/ros_ws/src/master/build/master': CMAKE_PREFIX_PATH=${CMAKE_PREFIX_PATH}:/opt/ros/jazzy /usr/bin/cmake --install /workspace/ros_ws/src/master/build/master
[1.411s] -- Install configuration: ""
[1.412s] -- Installing: /workspace/ros_ws/src/master/install/master/share/ament_index/resource_index/package_run_dependencies/master
[1.412s] -- Installing: /workspace/ros_ws/src/master/install/master/share/ament_index/resource_index/parent_prefix_path/master
[1.413s] -- Up-to-date: /workspace/ros_ws/src/master/install/master/share/master/environment/ament_prefix_path.sh
[1.413s] -- Up-to-date: /workspace/ros_ws/src/master/install/master/share/master/environment/ament_prefix_path.dsv
[1.417s] -- Up-to-date: /workspace/ros_ws/src/master/install/master/share/master/environment/path.sh
[1.417s] -- Up-to-date: /workspace/ros_ws/src/master/install/master/share/master/environment/path.dsv
[1.418s] -- Up-to-date: /workspace/ros_ws/src/master/install/master/share/master/local_setup.bash
[1.419s] -- Up-to-date: /workspace/ros_ws/src/master/install/master/share/master/local_setup.sh
[1.419s] -- Up-to-date: /workspace/ros_ws/src/master/install/master/share/master/local_setup.zsh
[1.420s] -- Up-to-date: /workspace/ros_ws/src/master/install/master/share/master/local_setup.dsv
[1.420s] -- Up-to-date: /workspace/ros_ws/src/master/install/master/share/master/package.dsv
[1.420s] -- Up-to-date: /workspace/ros_ws/src/master/install/master/share/ament_index/resource_index/packages/master
[1.420s] -- Up-to-date: /workspace/ros_ws/src/master/install/master/share/master/cmake/masterConfig.cmake
[1.421s] -- Up-to-date: /workspace/ros_ws/src/master/install/master/share/master/cmake/masterConfig-version.cmake
[1.421s] -- Installing: /workspace/ros_ws/src/master/install/master/share/master/package.xml
[1.423s] Invoked command in '/workspace/ros_ws/src/master/build/master' returned '0': CMAKE_PREFIX_PATH=${CMAKE_PREFIX_PATH}:/opt/ros/jazzy /usr/bin/cmake --install /workspace/ros_ws/src/master/build/master
