running egg_info
creating ../../build/digit_recognition/digit_recognition.egg-info
writing ../../build/digit_recognition/digit_recognition.egg-info/PKG-INFO
writing dependency_links to ../../build/digit_recognition/digit_recognition.egg-info/dependency_links.txt
writing requirements to ../../build/digit_recognition/digit_recognition.egg-info/requires.txt
writing top-level names to ../../build/digit_recognition/digit_recognition.egg-info/top_level.txt
writing manifest file '../../build/digit_recognition/digit_recognition.egg-info/SOURCES.txt'
reading manifest file '../../build/digit_recognition/digit_recognition.egg-info/SOURCES.txt'
writing manifest file '../../build/digit_recognition/digit_recognition.egg-info/SOURCES.txt'
running build
running build_py
creating /workspace/ros_ws/build/digit_recognition/build
creating /workspace/ros_ws/build/digit_recognition/build/lib
creating /workspace/ros_ws/build/digit_recognition/build/lib/digit_recognition
copying digit_recognition/digit_recognition_node.py -> /workspace/ros_ws/build/digit_recognition/build/lib/digit_recognition
copying digit_recognition/model.py -> /workspace/ros_ws/build/digit_recognition/build/lib/digit_recognition
copying digit_recognition/__init__.py -> /workspace/ros_ws/build/digit_recognition/build/lib/digit_recognition
running install
running install_lib
creating /workspace/ros_ws/install/digit_recognition/lib/python3.12/site-packages/digit_recognition
copying /workspace/ros_ws/build/digit_recognition/build/lib/digit_recognition/digit_recognition_node.py -> /workspace/ros_ws/install/digit_recognition/lib/python3.12/site-packages/digit_recognition
copying /workspace/ros_ws/build/digit_recognition/build/lib/digit_recognition/model.py -> /workspace/ros_ws/install/digit_recognition/lib/python3.12/site-packages/digit_recognition
copying /workspace/ros_ws/build/digit_recognition/build/lib/digit_recognition/__init__.py -> /workspace/ros_ws/install/digit_recognition/lib/python3.12/site-packages/digit_recognition
byte-compiling /workspace/ros_ws/install/digit_recognition/lib/python3.12/site-packages/digit_recognition/digit_recognition_node.py to digit_recognition_node.cpython-312.pyc
byte-compiling /workspace/ros_ws/install/digit_recognition/lib/python3.12/site-packages/digit_recognition/model.py to model.cpython-312.pyc
byte-compiling /workspace/ros_ws/install/digit_recognition/lib/python3.12/site-packages/digit_recognition/__init__.py to __init__.cpython-312.pyc
running install_data
creating /workspace/ros_ws/install/digit_recognition/share/ament_index
creating /workspace/ros_ws/install/digit_recognition/share/ament_index/resource_index
creating /workspace/ros_ws/install/digit_recognition/share/ament_index/resource_index/packages
copying resource/digit_recognition -> /workspace/ros_ws/install/digit_recognition/share/ament_index/resource_index/packages
copying package.xml -> /workspace/ros_ws/install/digit_recognition/share/digit_recognition
running install_egg_info
Copying ../../build/digit_recognition/digit_recognition.egg-info to /workspace/ros_ws/install/digit_recognition/lib/python3.12/site-packages/digit_recognition-0.0.0-py3.12.egg-info
running install_scripts
writing list of installed files to '/workspace/ros_ws/build/digit_recognition/install.log'
