[0.053s] Invoking command in '/workspace/ros_ws/build/ariaNode': CMAKE_PREFIX_PATH=${CMAKE_PREFIX_PATH}:/opt/ros/jazzy /usr/bin/cmake /workspace/ros_ws/src/ariaNode -DCMAKE_INSTALL_PREFIX=/workspace/ros_ws/install/ariaNode
[0.679s] -- Found ament_cmake: 2.5.4 (/opt/ros/jazzy/share/ament_cmake/cmake)
[0.681s] -- Override CMake install command with custom implementation using symlinks instead of copying resources
[0.682s] -- Found rclcpp: 28.1.9 (/opt/ros/jazzy/share/rclcpp/cmake)
[0.682s] -- Found rosidl_generator_c: 4.6.5 (/opt/ros/jazzy/share/rosidl_generator_c/cmake)
[0.682s] -- Found rosidl_generator_cpp: 4.6.5 (/opt/ros/jazzy/share/rosidl_generator_cpp/cmake)
[0.683s] -- Using all available rosidl_typesupport_c: rosidl_typesupport_fastrtps_c;rosidl_typesupport_introspection_c
[0.683s] -- Using all available rosidl_typesupport_cpp: rosidl_typesupport_fastrtps_cpp;rosidl_typesupport_introspection_cpp
[0.683s] -- Found rmw_implementation_cmake: 7.3.2 (/opt/ros/jazzy/share/rmw_implementation_cmake/cmake)
[0.683s] -- Found rmw_fastrtps_cpp: 8.4.2 (/opt/ros/jazzy/share/rmw_fastrtps_cpp/cmake)
[0.683s] -- Using RMW implementation 'rmw_fastrtps_cpp' as default
[0.796s] -- Found geometry_msgs: 5.3.6 (/opt/ros/jazzy/share/geometry_msgs/cmake)
[0.863s] [0mThe root directory is /opt/ros/jazzy/share/fastrtps_cmake_module/cmake/Modules[0m
[0.864s] -- Found ament_lint_auto: 0.17.2 (/opt/ros/jazzy/share/ament_lint_auto/cmake)
[1.030s] WARNING: Package name "ariaNode" does not follow the naming conventions. It should start with a lower case letter and only contain lower case letters, digits, underscores, and dashes.
[1.063s] -- Added test 'cppcheck' to perform static code analysis on C / C++ code
[1.063s] -- Configured cppcheck include dirs: 
[1.063s] -- Configured cppcheck exclude dirs and/or files: 
[1.071s] -- Added test 'lint_cmake' to check CMake code style
[1.075s] -- Added test 'uncrustify' to check C / C++ code style
[1.075s] -- Configured uncrustify additional arguments: 
[1.075s] -- Added test 'xmllint' to check XML markup files
[1.075s] -- Configuring done (1.0s)
[1.089s] -- Generating done (0.0s)
[1.090s] -- Build files have been written to: /workspace/ros_ws/build/ariaNode
[1.114s] Invoked command in '/workspace/ros_ws/build/ariaNode' returned '0': CMAKE_PREFIX_PATH=${CMAKE_PREFIX_PATH}:/opt/ros/jazzy /usr/bin/cmake /workspace/ros_ws/src/ariaNode -DCMAKE_INSTALL_PREFIX=/workspace/ros_ws/install/ariaNode
[1.115s] Invoking command in '/workspace/ros_ws/build/ariaNode': CMAKE_PREFIX_PATH=${CMAKE_PREFIX_PATH}:/opt/ros/jazzy /usr/bin/cmake --build /workspace/ros_ws/build/ariaNode -- -j8 -l8
[1.322s] [100%] Built target ariaNode
[1.405s] Invoked command in '/workspace/ros_ws/build/ariaNode' returned '0': CMAKE_PREFIX_PATH=${CMAKE_PREFIX_PATH}:/opt/ros/jazzy /usr/bin/cmake --build /workspace/ros_ws/build/ariaNode -- -j8 -l8
[1.406s] Invoking command in '/workspace/ros_ws/build/ariaNode': CMAKE_PREFIX_PATH=${CMAKE_PREFIX_PATH}:/opt/ros/jazzy /usr/bin/cmake --install /workspace/ros_ws/build/ariaNode
[1.428s] -- Install configuration: ""
[1.428s] -- Execute custom install script
[1.429s] -- Up-to-date symlink: /workspace/ros_ws/install/ariaNode/lib/ariaNode/ariaNode
[1.429s] -- Up-to-date symlink: /workspace/ros_ws/install/ariaNode/share/ament_index/resource_index/package_run_dependencies/ariaNode
[1.429s] -- Up-to-date symlink: /workspace/ros_ws/install/ariaNode/share/ament_index/resource_index/parent_prefix_path/ariaNode
[1.430s] -- Up-to-date symlink: /workspace/ros_ws/install/ariaNode/share/ariaNode/environment/ament_prefix_path.sh
[1.430s] -- Up-to-date symlink: /workspace/ros_ws/install/ariaNode/share/ariaNode/environment/ament_prefix_path.dsv
[1.430s] -- Up-to-date symlink: /workspace/ros_ws/install/ariaNode/share/ariaNode/environment/path.sh
[1.432s] -- Up-to-date symlink: /workspace/ros_ws/install/ariaNode/share/ariaNode/environment/path.dsv
[1.432s] -- Up-to-date symlink: /workspace/ros_ws/install/ariaNode/share/ariaNode/local_setup.bash
[1.432s] -- Up-to-date symlink: /workspace/ros_ws/install/ariaNode/share/ariaNode/local_setup.sh
[1.432s] -- Up-to-date symlink: /workspace/ros_ws/install/ariaNode/share/ariaNode/local_setup.zsh
[1.433s] -- Up-to-date symlink: /workspace/ros_ws/install/ariaNode/share/ariaNode/local_setup.dsv
[1.433s] -- Symlinking: /workspace/ros_ws/install/ariaNode/share/ariaNode/package.dsv
[1.465s] -- Up-to-date symlink: /workspace/ros_ws/install/ariaNode/share/ament_index/resource_index/packages/ariaNode
[1.465s] -- Up-to-date symlink: /workspace/ros_ws/install/ariaNode/share/ariaNode/cmake/ariaNodeConfig.cmake
[1.465s] -- Up-to-date symlink: /workspace/ros_ws/install/ariaNode/share/ariaNode/cmake/ariaNodeConfig-version.cmake
[1.465s] -- Up-to-date symlink: /workspace/ros_ws/install/ariaNode/share/ariaNode/package.xml
[1.465s] Invoked command in '/workspace/ros_ws/build/ariaNode' returned '0': CMAKE_PREFIX_PATH=${CMAKE_PREFIX_PATH}:/opt/ros/jazzy /usr/bin/cmake --install /workspace/ros_ws/build/ariaNode
