[0.020s] Invoking command in '/workspace/ros_ws/src/master/build/master': CMAKE_PREFIX_PATH=${CMAKE_PREFIX_PATH}:/opt/ros/jazzy /usr/bin/cmake --build /workspace/ros_ws/src/master/build/master -- -j12 -l12
[0.101s] [ 50%] [32mBuilding CXX object CMakeFiles/master_node.dir/src/theMaster.cpp.o[0m
[3.021s] [01m[K/workspace/ros_ws/src/master/src/theMaster.cpp:[m[K In constructor ‘[01m[KreTwist::[01;32m[KreTwist[m[K(float*, float*, int*)[m[K’:
[3.022s] [01m[K/workspace/ros_ws/src/master/src/theMaster.cpp:57:20:[m[K [01;35m[Kwarning: [m[Kunused parameter ‘[01m[Kfspeed[m[K’ [[01;35m[K]8;;https://gcc.gnu.org/onlinedocs/gcc/Warning-Options.html#index-Wunused-parameter-Wunused-parameter]8;;[m[K]
[3.022s]    57 |     reTwist([01;35m[Kfloat* fspeed[m[K, float* rspeed, int* mode) : Node("reTwist"), count_(0)
[3.022s]       |             [01;35m[K~~~~~~~^~~~~~[m[K
[3.022s] [01m[K/workspace/ros_ws/src/master/src/theMaster.cpp:57:35:[m[K [01;35m[Kwarning: [m[Kunused parameter ‘[01m[Krspeed[m[K’ [[01;35m[K]8;;https://gcc.gnu.org/onlinedocs/gcc/Warning-Options.html#index-Wunused-parameter-Wunused-parameter]8;;[m[K]
[3.022s]    57 |     reTwist(float* fspeed, [01;35m[Kfloat* rspeed[m[K, int* mode) : Node("reTwist"), count_(0)
[3.022s]       |                            [01;35m[K~~~~~~~^~~~~~[m[K
[3.793s] In file included from [01m[K/usr/include/c++/13/vector:65[m[K,
[3.793s]                  from [01m[K/usr/include/c++/13/functional:64[m[K,
[3.793s]                  from [01m[K/workspace/ros_ws/src/master/src/theMaster.cpp:3[m[K:
[3.793s] /usr/include/c++/13/bits/stl_uninitialized.h: In instantiation of ‘[01m[Kconstexpr bool std::[01;32m[K__check_constructible[m[K() [35m[K[with _ValueType = float*; _Tp = float&][m[K[m[K’:
[3.793s] [01m[K/usr/include/c++/13/bits/stl_uninitialized.h:182:4:[m[K   required from ‘[01m[K_ForwardIterator std::[01;32m[Kuninitialized_copy[m[K(_InputIterator, _InputIterator, _ForwardIterator) [35m[K[with _InputIterator = float*; _ForwardIterator = float**][m[K[m[K’
[3.793s] [01m[K/usr/include/c++/13/bits/stl_uninitialized.h:373:37:[m[K   required from ‘[01m[K_ForwardIterator std::[01;32m[K__uninitialized_copy_a[m[K(_InputIterator, _InputIterator, _ForwardIterator, allocator<_Tp>&) [35m[K[with _InputIterator = float*; _ForwardIterator = float**; _Tp = float*][m[K[m[K’
[3.793s] [01m[K/usr/include/c++/13/bits/stl_vector.h:1695:33:[m[K   required from ‘[01m[Kvoid std::vector<_Tp, _Alloc>::[01;32m[K_M_range_initialize[m[K(_ForwardIterator, _ForwardIterator, std::forward_iterator_tag) [35m[K[with _ForwardIterator = float*; _Tp = float*; _Alloc = std::allocator<float*>][m[K[m[K’
[3.793s] [01m[K/usr/include/c++/13/bits/stl_vector.h:711:23:[m[K   required from ‘[01m[Kstd::vector<_Tp, _Alloc>::[01;32m[Kvector[m[K(_InputIterator, _InputIterator, const allocator_type&) [35m[K[with _InputIterator = float*; <template-parameter-2-2> = void; _Tp = float*; _Alloc = std::allocator<float*>; allocator_type = std::allocator<float*>][m[K[m[K’
[3.793s] [01m[K/workspace/ros_ws/src/master/src/theMaster.cpp:113:53:[m[K   required from here
[3.794s] [01m[K/usr/include/c++/13/bits/stl_uninitialized.h:90:56:[m[K [01;31m[Kerror: [m[Kstatic assertion failed: result type must be constructible from input type
[3.794s]    90 |       static_assert(is_constructible<_ValueType, _Tp>::[01;31m[Kvalue[m[K,
[3.794s]       |                                                        [01;31m[K^~~~~[m[K
[3.794s] [01m[K/usr/include/c++/13/bits/stl_uninitialized.h:90:56:[m[K [01;36m[Knote: [m[K‘[01m[Kstd::integral_constant<bool, false>::value[m[K’ evaluates to false
[6.780s] gmake[2]: *** [CMakeFiles/master_node.dir/build.make:76: CMakeFiles/master_node.dir/src/theMaster.cpp.o] Error 1
[6.781s] gmake[1]: *** [CMakeFiles/Makefile2:137: CMakeFiles/master_node.dir/all] Error 2
[6.781s] gmake: *** [Makefile:146: all] Error 2
[6.784s] Invoked command in '/workspace/ros_ws/src/master/build/master' returned '2': CMAKE_PREFIX_PATH=${CMAKE_PREFIX_PATH}:/opt/ros/jazzy /usr/bin/cmake --build /workspace/ros_ws/src/master/build/master -- -j12 -l12
