[0.427s] DEBUG:colcon:Command line arguments: ['/usr/bin/colcon', 'build']
[0.427s] DEBUG:colcon:Parsed command line arguments: Namespace(log_base=None, log_level=None, verb_name='build', build_base='build', install_base='install', merge_install=False, symlink_install=False, test_result_base=None, continue_on_error=False, executor='parallel', parallel_workers=12, event_handlers=None, ignore_user_meta=False, metas=['./colcon.meta'], base_paths=['.'], packages_ignore=None, packages_ignore_regex=None, paths=None, packages_up_to=None, packages_up_to_regex=None, packages_above=None, packages_above_and_dependencies=None, packages_above_depth=None, packages_select_by_dep=None, packages_skip_by_dep=None, packages_skip_up_to=None, packages_select_build_failed=False, packages_skip_build_finished=False, packages_select_test_failures=False, packages_skip_test_passed=False, packages_select=None, packages_skip=None, packages_select_regex=None, packages_skip_regex=None, packages_start=None, packages_end=None, allow_overriding=[], cmake_args=None, cmake_target=None, cmake_target_skip_unavailable=False, cmake_clean_cache=False, cmake_clean_first=False, cmake_force_configure=False, ament_cmake_args=None, catkin_cmake_args=None, catkin_skip_building_tests=False, mixin_files=None, mixin=None, verb_parser=<colcon_mixin.mixin.mixin_argument.MixinArgumentDecorator object at 0x7f2fa6a131a0>, verb_extension=<colcon_core.verb.build.BuildVerb object at 0x7f2fa6a12cf0>, main=<bound method BuildVerb.main of <colcon_core.verb.build.BuildVerb object at 0x7f2fa6a12cf0>>, mixin_verb=('build',))
[0.523s] Level 1:colcon.colcon_core.package_discovery:discover_packages(colcon_meta) check parameters
[0.523s] Level 1:colcon.colcon_core.package_discovery:discover_packages(recursive) check parameters
[0.523s] Level 1:colcon.colcon_core.package_discovery:discover_packages(ignore) check parameters
[0.523s] Level 1:colcon.colcon_core.package_discovery:discover_packages(path) check parameters
[0.523s] Level 1:colcon.colcon_core.package_discovery:discover_packages(colcon_meta) discover
[0.523s] Level 1:colcon.colcon_core.package_discovery:discover_packages(recursive) discover
[0.523s] INFO:colcon.colcon_core.package_discovery:Crawling recursively for packages in '/home/lachlan/mobile/src/my_package2'
[0.523s] Level 1:colcon.colcon_core.package_identification:_identify(.) by extensions ['ignore', 'ignore_ament_install']
[0.523s] Level 1:colcon.colcon_core.package_identification:_identify(.) by extension 'ignore'
[0.523s] Level 1:colcon.colcon_core.package_identification:_identify(.) by extension 'ignore_ament_install'
[0.523s] Level 1:colcon.colcon_core.package_identification:_identify(.) by extensions ['colcon_pkg']
[0.523s] Level 1:colcon.colcon_core.package_identification:_identify(.) by extension 'colcon_pkg'
[0.523s] Level 1:colcon.colcon_core.package_identification:_identify(.) by extensions ['colcon_meta']
[0.523s] Level 1:colcon.colcon_core.package_identification:_identify(.) by extension 'colcon_meta'
[0.523s] Level 1:colcon.colcon_core.package_identification:_identify(.) by extensions ['ros']
[0.523s] Level 1:colcon.colcon_core.package_identification:_identify(.) by extension 'ros'
[0.581s] DEBUG:colcon.colcon_core.package_identification:Package '.' with type 'ros.ament_cmake' and name 'my_package2'
[0.581s] Level 1:colcon.colcon_core.package_discovery:discover_packages(recursive) using defaults
[0.581s] Level 1:colcon.colcon_core.package_discovery:discover_packages(ignore) discover
[0.581s] Level 1:colcon.colcon_core.package_discovery:discover_packages(ignore) using defaults
[0.581s] Level 1:colcon.colcon_core.package_discovery:discover_packages(path) discover
[0.581s] Level 1:colcon.colcon_core.package_discovery:discover_packages(path) using defaults
[0.624s] Level 1:colcon.colcon_core.package_discovery:discover_packages(prefix_path) check parameters
[0.624s] Level 1:colcon.colcon_core.package_discovery:discover_packages(prefix_path) discover
[0.635s] DEBUG:colcon.colcon_installed_package_information.package_discovery:Found 192 installed packages in /opt/ros/jazzy
[0.635s] Level 1:colcon.colcon_core.package_discovery:discover_packages(prefix_path) using defaults
[0.705s] Level 5:colcon.colcon_core.verb:set package 'my_package2' build argument 'cmake_args' from command line to 'None'
[0.705s] Level 5:colcon.colcon_core.verb:set package 'my_package2' build argument 'cmake_target' from command line to 'None'
[0.705s] Level 5:colcon.colcon_core.verb:set package 'my_package2' build argument 'cmake_target_skip_unavailable' from command line to 'False'
[0.705s] Level 5:colcon.colcon_core.verb:set package 'my_package2' build argument 'cmake_clean_cache' from command line to 'False'
[0.705s] Level 5:colcon.colcon_core.verb:set package 'my_package2' build argument 'cmake_clean_first' from command line to 'False'
[0.705s] Level 5:colcon.colcon_core.verb:set package 'my_package2' build argument 'cmake_force_configure' from command line to 'False'
[0.705s] Level 5:colcon.colcon_core.verb:set package 'my_package2' build argument 'ament_cmake_args' from command line to 'None'
[0.705s] Level 5:colcon.colcon_core.verb:set package 'my_package2' build argument 'catkin_cmake_args' from command line to 'None'
[0.705s] Level 5:colcon.colcon_core.verb:set package 'my_package2' build argument 'catkin_skip_building_tests' from command line to 'False'
[0.706s] DEBUG:colcon.colcon_core.verb:Building package 'my_package2' with the following arguments: {'ament_cmake_args': None, 'build_base': '/home/lachlan/mobile/src/my_package2/build/my_package2', 'catkin_cmake_args': None, 'catkin_skip_building_tests': False, 'cmake_args': None, 'cmake_clean_cache': False, 'cmake_clean_first': False, 'cmake_force_configure': False, 'cmake_target': None, 'cmake_target_skip_unavailable': False, 'install_base': '/home/lachlan/mobile/src/my_package2/install/my_package2', 'merge_install': False, 'path': '/home/lachlan/mobile/src/my_package2', 'symlink_install': False, 'test_result_base': None}
[0.706s] INFO:colcon.colcon_core.executor:Executing jobs using 'parallel' executor
[0.707s] DEBUG:colcon.colcon_parallel_executor.executor.parallel:run_until_complete
[0.708s] INFO:colcon.colcon_ros.task.ament_cmake.build:Building ROS package in '/home/lachlan/mobile/src/my_package2' with build type 'ament_cmake'
[0.708s] INFO:colcon.colcon_cmake.task.cmake.build:Building CMake package in '/home/lachlan/mobile/src/my_package2'
[0.719s] INFO:colcon.colcon_core.plugin_system:Skipping extension 'colcon_core.shell.bat': Not used on non-Windows systems
[0.719s] INFO:colcon.colcon_core.shell:Skip shell extension 'powershell' for command environment: Not usable outside of PowerShell
[0.719s] DEBUG:colcon.colcon_core.shell:Skip shell extension 'dsv' for command environment
[0.730s] DEBUG:colcon.colcon_core.event_handler.log_command:Invoking command in '/home/lachlan/mobile/src/my_package2/build/my_package2': CMAKE_PREFIX_PATH=/opt/ros/jazzy DEBUGINFOD_URLS=https://debuginfod.ubuntu.com /usr/bin/cmake /home/lachlan/mobile/src/my_package2 -DCMAKE_INSTALL_PREFIX=/home/lachlan/mobile/src/my_package2/install/my_package2
[1.380s] DEBUG:colcon.colcon_core.event_handler.log_command:Invoked command in '/home/lachlan/mobile/src/my_package2/build/my_package2' returned '0': CMAKE_PREFIX_PATH=/opt/ros/jazzy DEBUGINFOD_URLS=https://debuginfod.ubuntu.com /usr/bin/cmake /home/lachlan/mobile/src/my_package2 -DCMAKE_INSTALL_PREFIX=/home/lachlan/mobile/src/my_package2/install/my_package2
[1.383s] DEBUG:colcon.colcon_core.event_handler.log_command:Invoking command in '/home/lachlan/mobile/src/my_package2/build/my_package2': CMAKE_PREFIX_PATH=/opt/ros/jazzy DEBUGINFOD_URLS=https://debuginfod.ubuntu.com /usr/bin/cmake --build /home/lachlan/mobile/src/my_package2/build/my_package2 -- -j12 -l12
[1.510s] DEBUG:colcon.colcon_core.event_handler.log_command:Invoked command in '/home/lachlan/mobile/src/my_package2/build/my_package2' returned '2': CMAKE_PREFIX_PATH=/opt/ros/jazzy DEBUGINFOD_URLS=https://debuginfod.ubuntu.com /usr/bin/cmake --build /home/lachlan/mobile/src/my_package2/build/my_package2 -- -j12 -l12
[1.511s] Level 1:colcon.colcon_core.environment:create_environment_scripts_only(my_package2)
[1.526s] Level 1:colcon.colcon_core.environment:checking '/home/lachlan/mobile/src/my_package2/install/my_package2' for CMake module files
[1.526s] Level 1:colcon.colcon_core.environment:checking '/home/lachlan/mobile/src/my_package2/install/my_package2' for CMake config files
[1.527s] Level 1:colcon.colcon_core.environment:checking '/home/lachlan/mobile/src/my_package2/install/my_package2/bin'
[1.527s] Level 1:colcon.colcon_core.environment:checking '/home/lachlan/mobile/src/my_package2/install/my_package2/lib/pkgconfig/my_package2.pc'
[1.528s] Level 1:colcon.colcon_core.environment:checking '/home/lachlan/mobile/src/my_package2/install/my_package2/lib/python3.12/site-packages'
[1.528s] Level 1:colcon.colcon_core.environment:checking '/home/lachlan/mobile/src/my_package2/install/my_package2/bin'
[1.528s] INFO:colcon.colcon_core.shell:Creating package script '/home/lachlan/mobile/src/my_package2/install/my_package2/share/my_package2/package.ps1'
[1.530s] INFO:colcon.colcon_core.shell:Creating package descriptor '/home/lachlan/mobile/src/my_package2/install/my_package2/share/my_package2/package.dsv'
[1.531s] INFO:colcon.colcon_core.shell:Creating package script '/home/lachlan/mobile/src/my_package2/install/my_package2/share/my_package2/package.sh'
[1.533s] INFO:colcon.colcon_core.shell:Creating package script '/home/lachlan/mobile/src/my_package2/install/my_package2/share/my_package2/package.bash'
[1.534s] INFO:colcon.colcon_core.shell:Creating package script '/home/lachlan/mobile/src/my_package2/install/my_package2/share/my_package2/package.zsh'
[1.536s] Level 1:colcon.colcon_core.environment:create_file_with_runtime_dependencies(/home/lachlan/mobile/src/my_package2/install/my_package2/share/colcon-core/packages/my_package2)
[1.537s] DEBUG:colcon.colcon_parallel_executor.executor.parallel:closing loop
[1.537s] DEBUG:colcon.colcon_parallel_executor.executor.parallel:loop closed
[1.537s] DEBUG:colcon.colcon_parallel_executor.executor.parallel:run_until_complete finished with '2'
[1.538s] DEBUG:colcon.colcon_core.event_reactor:joining thread
[1.623s] INFO:colcon.colcon_core.plugin_system:Skipping extension 'colcon_notification.desktop_notification.notify_send': Could not find 'notify-send'
[1.623s] INFO:colcon.colcon_core.plugin_system:Skipping extension 'colcon_notification.desktop_notification.terminal_notifier': Not used on non-Darwin systems
[1.623s] INFO:colcon.colcon_core.plugin_system:Skipping extension 'colcon_notification.desktop_notification.win32': Not used on non-Windows systems
[1.623s] INFO:colcon.colcon_notification.desktop_notification:Sending desktop notification using 'notify2'
[1.637s] DEBUG:colcon.colcon_notification.desktop_notification.notify2:Failed to initialize notify2: org.freedesktop.DBus.Error.ServiceUnknown: The name org.freedesktop.Notifications was not provided by any .service files
[1.638s] DEBUG:colcon.colcon_core.event_reactor:joined thread
[1.638s] INFO:colcon.colcon_core.shell:Creating prefix script '/home/lachlan/mobile/src/my_package2/install/local_setup.ps1'
[1.640s] INFO:colcon.colcon_core.shell:Creating prefix util module '/home/lachlan/mobile/src/my_package2/install/_local_setup_util_ps1.py'
[1.642s] INFO:colcon.colcon_core.shell:Creating prefix chain script '/home/lachlan/mobile/src/my_package2/install/setup.ps1'
[1.644s] INFO:colcon.colcon_core.shell:Creating prefix script '/home/lachlan/mobile/src/my_package2/install/local_setup.sh'
[1.645s] INFO:colcon.colcon_core.shell:Creating prefix util module '/home/lachlan/mobile/src/my_package2/install/_local_setup_util_sh.py'
[1.646s] INFO:colcon.colcon_core.shell:Creating prefix chain script '/home/lachlan/mobile/src/my_package2/install/setup.sh'
[1.678s] INFO:colcon.colcon_core.shell:Creating prefix script '/home/lachlan/mobile/src/my_package2/install/local_setup.bash'
[1.679s] INFO:colcon.colcon_core.shell:Creating prefix chain script '/home/lachlan/mobile/src/my_package2/install/setup.bash'
[1.681s] INFO:colcon.colcon_core.shell:Creating prefix script '/home/lachlan/mobile/src/my_package2/install/local_setup.zsh'
[1.682s] INFO:colcon.colcon_core.shell:Creating prefix chain script '/home/lachlan/mobile/src/my_package2/install/setup.zsh'
