[0.021s] Invoking command in '/workspace/ros_ws/src/master/build/master': CMAKE_PREFIX_PATH=${CMAKE_PREFIX_PATH}:/opt/ros/jazzy /usr/bin/cmake /workspace/ros_ws/src/master -DCMAKE_INSTALL_PREFIX=/workspace/ros_ws/src/master/install/master
[0.075s] -- The C compiler identification is GNU 13.3.0
[0.126s] -- The CXX compiler identification is GNU 13.3.0
[0.138s] -- Detecting C compiler ABI info
[0.216s] -- Detecting C compiler ABI info - done
[0.223s] -- Check for working C compiler: /usr/bin/cc - skipped
[0.224s] -- Detecting C compile features
[0.224s] -- Detecting C compile features - done
[0.232s] -- Detecting CXX compiler ABI info
[0.310s] -- Detecting CXX compiler ABI info - done
[0.318s] -- Check for working CXX compiler: /usr/bin/c++ - skipped
[0.318s] -- Detecting CXX compile features
[0.319s] -- Detecting CXX compile features - done
[0.322s] -- Found ament_cmake: 2.5.3 (/opt/ros/jazzy/share/ament_cmake/cmake)
[0.456s] -- Found Python3: /usr/bin/python3 (found version "3.12.3") found components: Interpreter 
[0.564s] -- Found ament_lint_auto: 0.17.1 (/opt/ros/jazzy/share/ament_lint_auto/cmake)
[0.669s] -- Added test 'cppcheck' to perform static code analysis on C / C++ code
[0.669s] -- Configured cppcheck include dirs: 
[0.669s] -- Configured cppcheck exclude dirs and/or files: 
[0.671s] -- Added test 'lint_cmake' to check CMake code style
[0.673s] -- Added test 'uncrustify' to check C / C++ code style
[0.673s] -- Configured uncrustify additional arguments: 
[0.674s] -- Added test 'xmllint' to check XML markup files
[0.676s] -- Configuring done (0.6s)
[0.679s] -- Generating done (0.0s)
[0.681s] -- Build files have been written to: /workspace/ros_ws/src/master/build/master
[0.687s] Invoked command in '/workspace/ros_ws/src/master/build/master' returned '0': CMAKE_PREFIX_PATH=${CMAKE_PREFIX_PATH}:/opt/ros/jazzy /usr/bin/cmake /workspace/ros_ws/src/master -DCMAKE_INSTALL_PREFIX=/workspace/ros_ws/src/master/install/master
[0.688s] Invoking command in '/workspace/ros_ws/src/master/build/master': CMAKE_PREFIX_PATH=${CMAKE_PREFIX_PATH}:/opt/ros/jazzy /usr/bin/cmake --build /workspace/ros_ws/src/master/build/master -- -j12 -l12
[0.723s] Invoked command in '/workspace/ros_ws/src/master/build/master' returned '0': CMAKE_PREFIX_PATH=${CMAKE_PREFIX_PATH}:/opt/ros/jazzy /usr/bin/cmake --build /workspace/ros_ws/src/master/build/master -- -j12 -l12
[0.731s] Invoking command in '/workspace/ros_ws/src/master/build/master': CMAKE_PREFIX_PATH=${CMAKE_PREFIX_PATH}:/opt/ros/jazzy /usr/bin/cmake --install /workspace/ros_ws/src/master/build/master
[0.738s] -- Install configuration: ""
[0.738s] -- Installing: /workspace/ros_ws/src/master/install/master/share/ament_index/resource_index/package_run_dependencies/master
[0.738s] -- Installing: /workspace/ros_ws/src/master/install/master/share/ament_index/resource_index/parent_prefix_path/master
[0.738s] -- Installing: /workspace/ros_ws/src/master/install/master/share/master/environment/ament_prefix_path.sh
[0.738s] -- Installing: /workspace/ros_ws/src/master/install/master/share/master/environment/ament_prefix_path.dsv
[0.738s] -- Installing: /workspace/ros_ws/src/master/install/master/share/master/environment/path.sh
[0.739s] -- Installing: /workspace/ros_ws/src/master/install/master/share/master/environment/path.dsv
[0.739s] -- Installing: /workspace/ros_ws/src/master/install/master/share/master/local_setup.bash
[0.739s] -- Installing: /workspace/ros_ws/src/master/install/master/share/master/local_setup.sh
[0.739s] -- Installing: /workspace/ros_ws/src/master/install/master/share/master/local_setup.zsh
[0.739s] -- Installing: /workspace/ros_ws/src/master/install/master/share/master/local_setup.dsv
[0.739s] -- Installing: /workspace/ros_ws/src/master/install/master/share/master/package.dsv
[0.739s] -- Installing: /workspace/ros_ws/src/master/install/master/share/ament_index/resource_index/packages/master
[0.739s] -- Installing: /workspace/ros_ws/src/master/install/master/share/master/cmake/masterConfig.cmake
[0.739s] -- Installing: /workspace/ros_ws/src/master/install/master/share/master/cmake/masterConfig-version.cmake
[0.739s] -- Installing: /workspace/ros_ws/src/master/install/master/share/master/package.xml
[0.740s] Invoked command in '/workspace/ros_ws/src/master/build/master' returned '0': CMAKE_PREFIX_PATH=${CMAKE_PREFIX_PATH}:/opt/ros/jazzy /usr/bin/cmake --install /workspace/ros_ws/src/master/build/master
