[0.168s] DEBUG:colcon:Command line arguments: ['/usr/bin/colcon', 'build']
[0.168s] DEBUG:colcon:Parsed command line arguments: Namespace(log_base=None, log_level=None, verb_name='build', build_base='build', install_base='install', merge_install=False, symlink_install=False, test_result_base=None, continue_on_error=False, executor='parallel', parallel_workers=12, event_handlers=None, ignore_user_meta=False, metas=['./colcon.meta'], base_paths=['.'], packages_ignore=None, packages_ignore_regex=None, paths=None, packages_up_to=None, packages_up_to_regex=None, packages_above=None, packages_above_and_dependencies=None, packages_above_depth=None, packages_select_by_dep=None, packages_skip_by_dep=None, packages_skip_up_to=None, packages_select_build_failed=False, packages_skip_build_finished=False, packages_select_test_failures=False, packages_skip_test_passed=False, packages_select=None, packages_skip=None, packages_select_regex=None, packages_skip_regex=None, packages_start=None, packages_end=None, cmake_args=None, cmake_target=None, cmake_target_skip_unavailable=False, cmake_clean_cache=False, cmake_clean_first=False, cmake_force_configure=False, ament_cmake_args=None, catkin_cmake_args=None, catkin_skip_building_tests=False, mixin_files=None, mixin=None, verb_parser=<colcon_mixin.mixin.mixin_argument.MixinArgumentDecorator object at 0x7ffb340451c0>, verb_extension=<colcon_core.verb.build.BuildVerb object at 0x7ffb341a19d0>, main=<bound method BuildVerb.main of <colcon_core.verb.build.BuildVerb object at 0x7ffb341a19d0>>, mixin_verb=('build',))
[0.228s] Level 1:colcon.colcon_core.package_discovery:discover_packages(colcon_meta) check parameters
[0.229s] INFO:colcon.colcon_metadata.package_discovery.colcon_meta:Using configuration from '/root/.colcon/metadata/default/Gazebo.meta'
[0.241s] INFO:colcon.colcon_metadata.package_discovery.colcon_meta:Using configuration from '/root/.colcon/metadata/default/fastrtps.meta'
[0.241s] Level 1:colcon.colcon_core.package_discovery:discover_packages(recursive) check parameters
[0.241s] Level 1:colcon.colcon_core.package_discovery:discover_packages(ignore) check parameters
[0.241s] Level 1:colcon.colcon_core.package_discovery:discover_packages(path) check parameters
[0.241s] Level 1:colcon.colcon_core.package_discovery:discover_packages(colcon_meta) discover
[0.241s] Level 1:colcon.colcon_core.package_discovery:discover_packages(recursive) discover
[0.241s] INFO:colcon.colcon_core.package_discovery:Crawling recursively for packages in '/workspace/ros_ws/src'
[0.241s] Level 1:colcon.colcon_core.package_identification:_identify(.) by extensions ['ignore', 'ignore_ament_install']
[0.242s] Level 1:colcon.colcon_core.package_identification:_identify(.) by extension 'ignore'
[0.242s] Level 1:colcon.colcon_core.package_identification:_identify(.) by extension 'ignore_ament_install'
[0.242s] Level 1:colcon.colcon_core.package_identification:_identify(.) by extensions ['colcon_pkg']
[0.242s] Level 1:colcon.colcon_core.package_identification:_identify(.) by extension 'colcon_pkg'
[0.242s] Level 1:colcon.colcon_core.package_identification:_identify(.) by extensions ['colcon_meta']
[0.242s] Level 1:colcon.colcon_core.package_identification:_identify(.) by extension 'colcon_meta'
[0.242s] Level 1:colcon.colcon_core.package_identification:_identify(.) by extensions ['ros']
[0.242s] Level 1:colcon.colcon_core.package_identification:_identify(.) by extension 'ros'
[0.275s] Level 1:colcon.colcon_core.package_identification:_identify(.) by extensions ['cmake', 'python']
[0.275s] Level 1:colcon.colcon_core.package_identification:_identify(.) by extension 'cmake'
[0.275s] Level 1:colcon.colcon_core.package_identification:_identify(.) by extension 'python'
[0.275s] Level 1:colcon.colcon_core.package_identification:_identify(.) by extensions ['python_setup_py']
[0.275s] Level 1:colcon.colcon_core.package_identification:_identify(.) by extension 'python_setup_py'
[0.275s] Level 1:colcon.colcon_core.package_identification:_identify(ariaNode) by extensions ['ignore', 'ignore_ament_install']
[0.276s] Level 1:colcon.colcon_core.package_identification:_identify(ariaNode) by extension 'ignore'
[0.276s] Level 1:colcon.colcon_core.package_identification:_identify(ariaNode) by extension 'ignore_ament_install'
[0.276s] Level 1:colcon.colcon_core.package_identification:_identify(ariaNode) by extensions ['colcon_pkg']
[0.276s] Level 1:colcon.colcon_core.package_identification:_identify(ariaNode) by extension 'colcon_pkg'
[0.276s] Level 1:colcon.colcon_core.package_identification:_identify(ariaNode) by extensions ['colcon_meta']
[0.276s] Level 1:colcon.colcon_core.package_identification:_identify(ariaNode) by extension 'colcon_meta'
[0.276s] Level 1:colcon.colcon_core.package_identification:_identify(ariaNode) by extensions ['ros']
[0.276s] Level 1:colcon.colcon_core.package_identification:_identify(ariaNode) by extension 'ros'
[0.280s] DEBUG:colcon.colcon_core.package_identification:Package 'ariaNode' with type 'ros.ament_cmake' and name 'ariaNode'
[0.280s] Level 1:colcon.colcon_core.package_identification:_identify(build) by extensions ['ignore', 'ignore_ament_install']
[0.280s] Level 1:colcon.colcon_core.package_identification:_identify(build) by extension 'ignore'
[0.280s] Level 1:colcon.colcon_core.package_identification:_identify(build) ignored
[0.280s] Level 1:colcon.colcon_core.package_identification:_identify(install) by extensions ['ignore', 'ignore_ament_install']
[0.280s] Level 1:colcon.colcon_core.package_identification:_identify(install) by extension 'ignore'
[0.280s] Level 1:colcon.colcon_core.package_identification:_identify(install) ignored
[0.281s] Level 1:colcon.colcon_core.package_identification:_identify(log) by extensions ['ignore', 'ignore_ament_install']
[0.281s] Level 1:colcon.colcon_core.package_identification:_identify(log) by extension 'ignore'
[0.281s] Level 1:colcon.colcon_core.package_identification:_identify(log) ignored
[0.281s] Level 1:colcon.colcon_core.package_identification:_identify(master) by extensions ['ignore', 'ignore_ament_install']
[0.281s] Level 1:colcon.colcon_core.package_identification:_identify(master) by extension 'ignore'
[0.281s] Level 1:colcon.colcon_core.package_identification:_identify(master) by extension 'ignore_ament_install'
[0.281s] Level 1:colcon.colcon_core.package_identification:_identify(master) by extensions ['colcon_pkg']
[0.281s] Level 1:colcon.colcon_core.package_identification:_identify(master) by extension 'colcon_pkg'
[0.281s] Level 1:colcon.colcon_core.package_identification:_identify(master) by extensions ['colcon_meta']
[0.281s] Level 1:colcon.colcon_core.package_identification:_identify(master) by extension 'colcon_meta'
[0.281s] Level 1:colcon.colcon_core.package_identification:_identify(master) by extensions ['ros']
[0.281s] Level 1:colcon.colcon_core.package_identification:_identify(master) by extension 'ros'
[0.282s] DEBUG:colcon.colcon_core.package_identification:Package 'master' with type 'ros.ament_cmake' and name 'master'
[0.282s] Level 1:colcon.colcon_core.package_identification:_identify(my_package2) by extensions ['ignore', 'ignore_ament_install']
[0.282s] Level 1:colcon.colcon_core.package_identification:_identify(my_package2) by extension 'ignore'
[0.282s] Level 1:colcon.colcon_core.package_identification:_identify(my_package2) by extension 'ignore_ament_install'
[0.283s] Level 1:colcon.colcon_core.package_identification:_identify(my_package2) by extensions ['colcon_pkg']
[0.283s] Level 1:colcon.colcon_core.package_identification:_identify(my_package2) by extension 'colcon_pkg'
[0.283s] Level 1:colcon.colcon_core.package_identification:_identify(my_package2) by extensions ['colcon_meta']
[0.283s] Level 1:colcon.colcon_core.package_identification:_identify(my_package2) by extension 'colcon_meta'
[0.283s] Level 1:colcon.colcon_core.package_identification:_identify(my_package2) by extensions ['ros']
[0.283s] Level 1:colcon.colcon_core.package_identification:_identify(my_package2) by extension 'ros'
[0.283s] DEBUG:colcon.colcon_core.package_identification:Package 'my_package2' with type 'ros.ament_cmake' and name 'my_package2'
[0.283s] Level 1:colcon.colcon_core.package_identification:_identify(nav2_gps_waypoint_follower_demo) by extensions ['ignore', 'ignore_ament_install']
[0.283s] Level 1:colcon.colcon_core.package_identification:_identify(nav2_gps_waypoint_follower_demo) by extension 'ignore'
[0.284s] Level 1:colcon.colcon_core.package_identification:_identify(nav2_gps_waypoint_follower_demo) by extension 'ignore_ament_install'
[0.284s] Level 1:colcon.colcon_core.package_identification:_identify(nav2_gps_waypoint_follower_demo) by extensions ['colcon_pkg']
[0.284s] Level 1:colcon.colcon_core.package_identification:_identify(nav2_gps_waypoint_follower_demo) by extension 'colcon_pkg'
[0.284s] Level 1:colcon.colcon_core.package_identification:_identify(nav2_gps_waypoint_follower_demo) by extensions ['colcon_meta']
[0.284s] Level 1:colcon.colcon_core.package_identification:_identify(nav2_gps_waypoint_follower_demo) by extension 'colcon_meta'
[0.284s] Level 1:colcon.colcon_core.package_identification:_identify(nav2_gps_waypoint_follower_demo) by extensions ['ros']
[0.284s] Level 1:colcon.colcon_core.package_identification:_identify(nav2_gps_waypoint_follower_demo) by extension 'ros'
[0.285s] DEBUG:colcon.colcon_core.package_identification:Package 'nav2_gps_waypoint_follower_demo' with type 'ros.ament_python' and name 'nav2_gps_waypoint_follower_demo'
[0.285s] Level 1:colcon.colcon_core.package_discovery:discover_packages(recursive) using defaults
[0.285s] Level 1:colcon.colcon_core.package_discovery:discover_packages(ignore) discover
[0.285s] Level 1:colcon.colcon_core.package_discovery:discover_packages(ignore) using defaults
[0.285s] Level 1:colcon.colcon_core.package_discovery:discover_packages(path) discover
[0.285s] Level 1:colcon.colcon_core.package_discovery:discover_packages(path) using defaults
[0.311s] Level 5:colcon.colcon_core.verb:set package 'ariaNode' build argument 'cmake_args' from command line to 'None'
[0.311s] Level 5:colcon.colcon_core.verb:set package 'ariaNode' build argument 'cmake_target' from command line to 'None'
[0.311s] Level 5:colcon.colcon_core.verb:set package 'ariaNode' build argument 'cmake_target_skip_unavailable' from command line to 'False'
[0.311s] Level 5:colcon.colcon_core.verb:set package 'ariaNode' build argument 'cmake_clean_cache' from command line to 'False'
[0.312s] Level 5:colcon.colcon_core.verb:set package 'ariaNode' build argument 'cmake_clean_first' from command line to 'False'
[0.312s] Level 5:colcon.colcon_core.verb:set package 'ariaNode' build argument 'cmake_force_configure' from command line to 'False'
[0.312s] Level 5:colcon.colcon_core.verb:set package 'ariaNode' build argument 'ament_cmake_args' from command line to 'None'
[0.312s] Level 5:colcon.colcon_core.verb:set package 'ariaNode' build argument 'catkin_cmake_args' from command line to 'None'
[0.312s] Level 5:colcon.colcon_core.verb:set package 'ariaNode' build argument 'catkin_skip_building_tests' from command line to 'False'
[0.312s] DEBUG:colcon.colcon_core.verb:Building package 'ariaNode' with the following arguments: {'ament_cmake_args': None, 'build_base': '/workspace/ros_ws/src/build/ariaNode', 'catkin_cmake_args': None, 'catkin_skip_building_tests': False, 'cmake_args': None, 'cmake_clean_cache': False, 'cmake_clean_first': False, 'cmake_force_configure': False, 'cmake_target': None, 'cmake_target_skip_unavailable': False, 'install_base': '/workspace/ros_ws/src/install/ariaNode', 'merge_install': False, 'path': '/workspace/ros_ws/src/ariaNode', 'symlink_install': False, 'test_result_base': None}
[0.312s] Level 5:colcon.colcon_core.verb:set package 'master' build argument 'cmake_args' from command line to 'None'
[0.312s] Level 5:colcon.colcon_core.verb:set package 'master' build argument 'cmake_target' from command line to 'None'
[0.312s] Level 5:colcon.colcon_core.verb:set package 'master' build argument 'cmake_target_skip_unavailable' from command line to 'False'
[0.312s] Level 5:colcon.colcon_core.verb:set package 'master' build argument 'cmake_clean_cache' from command line to 'False'
[0.312s] Level 5:colcon.colcon_core.verb:set package 'master' build argument 'cmake_clean_first' from command line to 'False'
[0.312s] Level 5:colcon.colcon_core.verb:set package 'master' build argument 'cmake_force_configure' from command line to 'False'
[0.312s] Level 5:colcon.colcon_core.verb:set package 'master' build argument 'ament_cmake_args' from command line to 'None'
[0.312s] Level 5:colcon.colcon_core.verb:set package 'master' build argument 'catkin_cmake_args' from command line to 'None'
[0.312s] Level 5:colcon.colcon_core.verb:set package 'master' build argument 'catkin_skip_building_tests' from command line to 'False'
[0.312s] DEBUG:colcon.colcon_core.verb:Building package 'master' with the following arguments: {'ament_cmake_args': None, 'build_base': '/workspace/ros_ws/src/build/master', 'catkin_cmake_args': None, 'catkin_skip_building_tests': False, 'cmake_args': None, 'cmake_clean_cache': False, 'cmake_clean_first': False, 'cmake_force_configure': False, 'cmake_target': None, 'cmake_target_skip_unavailable': False, 'install_base': '/workspace/ros_ws/src/install/master', 'merge_install': False, 'path': '/workspace/ros_ws/src/master', 'symlink_install': False, 'test_result_base': None}
[0.313s] Level 5:colcon.colcon_core.verb:set package 'my_package2' build argument 'cmake_args' from command line to 'None'
[0.313s] Level 5:colcon.colcon_core.verb:set package 'my_package2' build argument 'cmake_target' from command line to 'None'
[0.313s] Level 5:colcon.colcon_core.verb:set package 'my_package2' build argument 'cmake_target_skip_unavailable' from command line to 'False'
[0.313s] Level 5:colcon.colcon_core.verb:set package 'my_package2' build argument 'cmake_clean_cache' from command line to 'False'
[0.314s] Level 5:colcon.colcon_core.verb:set package 'my_package2' build argument 'cmake_clean_first' from command line to 'False'
[0.314s] Level 5:colcon.colcon_core.verb:set package 'my_package2' build argument 'cmake_force_configure' from command line to 'False'
[0.314s] Level 5:colcon.colcon_core.verb:set package 'my_package2' build argument 'ament_cmake_args' from command line to 'None'
[0.314s] Level 5:colcon.colcon_core.verb:set package 'my_package2' build argument 'catkin_cmake_args' from command line to 'None'
[0.314s] Level 5:colcon.colcon_core.verb:set package 'my_package2' build argument 'catkin_skip_building_tests' from command line to 'False'
[0.314s] DEBUG:colcon.colcon_core.verb:Building package 'my_package2' with the following arguments: {'ament_cmake_args': None, 'build_base': '/workspace/ros_ws/src/build/my_package2', 'catkin_cmake_args': None, 'catkin_skip_building_tests': False, 'cmake_args': None, 'cmake_clean_cache': False, 'cmake_clean_first': False, 'cmake_force_configure': False, 'cmake_target': None, 'cmake_target_skip_unavailable': False, 'install_base': '/workspace/ros_ws/src/install/my_package2', 'merge_install': False, 'path': '/workspace/ros_ws/src/my_package2', 'symlink_install': False, 'test_result_base': None}
[0.314s] Level 5:colcon.colcon_core.verb:set package 'nav2_gps_waypoint_follower_demo' build argument 'cmake_args' from command line to 'None'
[0.315s] Level 5:colcon.colcon_core.verb:set package 'nav2_gps_waypoint_follower_demo' build argument 'cmake_target' from command line to 'None'
[0.315s] Level 5:colcon.colcon_core.verb:set package 'nav2_gps_waypoint_follower_demo' build argument 'cmake_target_skip_unavailable' from command line to 'False'
[0.315s] Level 5:colcon.colcon_core.verb:set package 'nav2_gps_waypoint_follower_demo' build argument 'cmake_clean_cache' from command line to 'False'
[0.315s] Level 5:colcon.colcon_core.verb:set package 'nav2_gps_waypoint_follower_demo' build argument 'cmake_clean_first' from command line to 'False'
[0.315s] Level 5:colcon.colcon_core.verb:set package 'nav2_gps_waypoint_follower_demo' build argument 'cmake_force_configure' from command line to 'False'
[0.315s] Level 5:colcon.colcon_core.verb:set package 'nav2_gps_waypoint_follower_demo' build argument 'ament_cmake_args' from command line to 'None'
[0.315s] Level 5:colcon.colcon_core.verb:set package 'nav2_gps_waypoint_follower_demo' build argument 'catkin_cmake_args' from command line to 'None'
[0.315s] Level 5:colcon.colcon_core.verb:set package 'nav2_gps_waypoint_follower_demo' build argument 'catkin_skip_building_tests' from command line to 'False'
[0.315s] DEBUG:colcon.colcon_core.verb:Building package 'nav2_gps_waypoint_follower_demo' with the following arguments: {'ament_cmake_args': None, 'build_base': '/workspace/ros_ws/src/build/nav2_gps_waypoint_follower_demo', 'catkin_cmake_args': None, 'catkin_skip_building_tests': False, 'cmake_args': None, 'cmake_clean_cache': False, 'cmake_clean_first': False, 'cmake_force_configure': False, 'cmake_target': None, 'cmake_target_skip_unavailable': False, 'install_base': '/workspace/ros_ws/src/install/nav2_gps_waypoint_follower_demo', 'merge_install': False, 'path': '/workspace/ros_ws/src/nav2_gps_waypoint_follower_demo', 'symlink_install': False, 'test_result_base': None}
[0.315s] INFO:colcon.colcon_core.executor:Executing jobs using 'parallel' executor
[0.316s] DEBUG:colcon.colcon_parallel_executor.executor.parallel:run_until_complete
[0.316s] INFO:colcon.colcon_ros.task.ament_cmake.build:Building ROS package in '/workspace/ros_ws/src/ariaNode' with build type 'ament_cmake'
[0.317s] INFO:colcon.colcon_cmake.task.cmake.build:Building CMake package in '/workspace/ros_ws/src/ariaNode'
[0.320s] INFO:colcon.colcon_core.plugin_system:Skipping extension 'colcon_core.shell.bat': Not used on non-Windows systems
[0.320s] INFO:colcon.colcon_core.shell:Skip shell extension 'powershell' for command environment: Not usable outside of PowerShell
[0.320s] DEBUG:colcon.colcon_core.shell:Skip shell extension 'dsv' for command environment
[0.327s] INFO:colcon.colcon_ros.task.ament_cmake.build:Building ROS package in '/workspace/ros_ws/src/master' with build type 'ament_cmake'
[0.327s] INFO:colcon.colcon_cmake.task.cmake.build:Building CMake package in '/workspace/ros_ws/src/master'
[0.327s] INFO:colcon.colcon_core.shell:Skip shell extension 'powershell' for command environment: Not usable outside of PowerShell
[0.328s] DEBUG:colcon.colcon_core.shell:Skip shell extension 'dsv' for command environment
[0.336s] INFO:colcon.colcon_ros.task.ament_cmake.build:Building ROS package in '/workspace/ros_ws/src/my_package2' with build type 'ament_cmake'
[0.337s] INFO:colcon.colcon_cmake.task.cmake.build:Building CMake package in '/workspace/ros_ws/src/my_package2'
[0.337s] INFO:colcon.colcon_core.shell:Skip shell extension 'powershell' for command environment: Not usable outside of PowerShell
[0.337s] DEBUG:colcon.colcon_core.shell:Skip shell extension 'dsv' for command environment
[0.345s] INFO:colcon.colcon_ros.task.ament_python.build:Building ROS package in '/workspace/ros_ws/src/nav2_gps_waypoint_follower_demo' with build type 'ament_python'
[0.346s] Level 1:colcon.colcon_core.shell:create_environment_hook('nav2_gps_waypoint_follower_demo', 'ament_prefix_path')
[0.346s] INFO:colcon.colcon_core.shell:Creating environment hook '/workspace/ros_ws/src/install/nav2_gps_waypoint_follower_demo/share/nav2_gps_waypoint_follower_demo/hook/ament_prefix_path.ps1'
[0.347s] INFO:colcon.colcon_core.shell:Creating environment descriptor '/workspace/ros_ws/src/install/nav2_gps_waypoint_follower_demo/share/nav2_gps_waypoint_follower_demo/hook/ament_prefix_path.dsv'
[0.348s] INFO:colcon.colcon_core.shell:Creating environment hook '/workspace/ros_ws/src/install/nav2_gps_waypoint_follower_demo/share/nav2_gps_waypoint_follower_demo/hook/ament_prefix_path.sh'
[0.348s] INFO:colcon.colcon_core.shell:Skip shell extension 'powershell' for command environment: Not usable outside of PowerShell
[0.349s] DEBUG:colcon.colcon_core.shell:Skip shell extension 'dsv' for command environment
[0.363s] DEBUG:colcon.colcon_core.event_handler.log_command:Invoking command in '/workspace/ros_ws/src/build/ariaNode': CMAKE_PREFIX_PATH=${CMAKE_PREFIX_PATH}:/workspace/ros_ws/src/install/nav2_gps_waypoint_follower_demo:/opt/ros/jazzy /usr/bin/cmake /workspace/ros_ws/src/ariaNode -DCMAKE_INSTALL_PREFIX=/workspace/ros_ws/src/install/ariaNode
[0.369s] DEBUG:colcon.colcon_core.event_handler.log_command:Invoking command in '/workspace/ros_ws/src/build/master': CMAKE_PREFIX_PATH=${CMAKE_PREFIX_PATH}:/workspace/ros_ws/src/install/nav2_gps_waypoint_follower_demo:/opt/ros/jazzy /usr/bin/cmake /workspace/ros_ws/src/master -DCMAKE_INSTALL_PREFIX=/workspace/ros_ws/src/install/master
[0.370s] DEBUG:colcon.colcon_core.event_handler.log_command:Invoking command in '/workspace/ros_ws/src/build/my_package2': CMAKE_PREFIX_PATH=${CMAKE_PREFIX_PATH}:/workspace/ros_ws/src/install/nav2_gps_waypoint_follower_demo:/opt/ros/jazzy /usr/bin/cmake /workspace/ros_ws/src/my_package2 -DCMAKE_INSTALL_PREFIX=/workspace/ros_ws/src/install/my_package2
[0.760s] INFO:colcon.colcon_core.task.python.build:Building Python package in '/workspace/ros_ws/src/nav2_gps_waypoint_follower_demo'
[0.760s] INFO:colcon.colcon_core.shell:Skip shell extension 'powershell' for command environment: Not usable outside of PowerShell
[0.760s] DEBUG:colcon.colcon_core.shell:Skip shell extension 'dsv' for command environment
[1.685s] DEBUG:colcon.colcon_core.event_handler.log_command:Invoked command in '/workspace/ros_ws/src/build/my_package2' returned '0': CMAKE_PREFIX_PATH=${CMAKE_PREFIX_PATH}:/workspace/ros_ws/src/install/nav2_gps_waypoint_follower_demo:/opt/ros/jazzy /usr/bin/cmake /workspace/ros_ws/src/my_package2 -DCMAKE_INSTALL_PREFIX=/workspace/ros_ws/src/install/my_package2
[1.689s] DEBUG:colcon.colcon_core.event_handler.log_command:Invoking command in '/workspace/ros_ws/src/build/my_package2': CMAKE_PREFIX_PATH=${CMAKE_PREFIX_PATH}:/workspace/ros_ws/src/install/nav2_gps_waypoint_follower_demo:/opt/ros/jazzy /usr/bin/cmake --build /workspace/ros_ws/src/build/my_package2 -- -j12 -l12
[1.747s] DEBUG:colcon.colcon_core.event_handler.log_command:Invoking command in '/workspace/ros_ws/src/nav2_gps_waypoint_follower_demo': PYTHONPATH=/workspace/ros_ws/src/build/nav2_gps_waypoint_follower_demo/prefix_override:/usr/lib/python3/dist-packages/colcon_core/task/python/colcon_distutils_commands:/workspace/ros_ws/src/install/nav2_gps_waypoint_follower_demo/lib/python3.12/site-packages:${PYTHONPATH} /usr/bin/python3 -W ignore:setup.py install is deprecated -W ignore:easy_install command is deprecated setup.py egg_info --egg-base ../build/nav2_gps_waypoint_follower_demo build --build-base /workspace/ros_ws/src/build/nav2_gps_waypoint_follower_demo/build install --record /workspace/ros_ws/src/build/nav2_gps_waypoint_follower_demo/install.log --single-version-externally-managed install_data
[1.877s] DEBUG:colcon.colcon_core.event_handler.log_command:Invoked command in '/workspace/ros_ws/src/build/my_package2' returned '0': CMAKE_PREFIX_PATH=${CMAKE_PREFIX_PATH}:/workspace/ros_ws/src/install/nav2_gps_waypoint_follower_demo:/opt/ros/jazzy /usr/bin/cmake --build /workspace/ros_ws/src/build/my_package2 -- -j12 -l12
[1.889s] DEBUG:colcon.colcon_core.event_handler.log_command:Invoking command in '/workspace/ros_ws/src/build/my_package2': CMAKE_PREFIX_PATH=${CMAKE_PREFIX_PATH}:/workspace/ros_ws/src/install/nav2_gps_waypoint_follower_demo:/opt/ros/jazzy /usr/bin/cmake --install /workspace/ros_ws/src/build/my_package2
[1.907s] Level 1:colcon.colcon_core.environment:create_environment_scripts_only(my_package2)
[1.908s] DEBUG:colcon.colcon_core.event_handler.log_command:Invoked command in '/workspace/ros_ws/src/build/my_package2' returned '0': CMAKE_PREFIX_PATH=${CMAKE_PREFIX_PATH}:/workspace/ros_ws/src/install/nav2_gps_waypoint_follower_demo:/opt/ros/jazzy /usr/bin/cmake --install /workspace/ros_ws/src/build/my_package2
[1.912s] Level 1:colcon.colcon_core.environment:checking '/workspace/ros_ws/src/install/my_package2' for CMake module files
[1.913s] Level 1:colcon.colcon_core.environment:checking '/workspace/ros_ws/src/install/my_package2' for CMake config files
[1.913s] Level 1:colcon.colcon_core.shell:create_environment_hook('my_package2', 'cmake_prefix_path')
[1.914s] INFO:colcon.colcon_core.shell:Creating environment hook '/workspace/ros_ws/src/install/my_package2/share/my_package2/hook/cmake_prefix_path.ps1'
[1.915s] INFO:colcon.colcon_core.shell:Creating environment descriptor '/workspace/ros_ws/src/install/my_package2/share/my_package2/hook/cmake_prefix_path.dsv'
[1.916s] INFO:colcon.colcon_core.shell:Creating environment hook '/workspace/ros_ws/src/install/my_package2/share/my_package2/hook/cmake_prefix_path.sh'
[1.917s] Level 1:colcon.colcon_core.environment:checking '/workspace/ros_ws/src/install/my_package2/lib'
[1.917s] Level 1:colcon.colcon_core.environment:checking '/workspace/ros_ws/src/install/my_package2/bin'
[1.918s] Level 1:colcon.colcon_core.environment:checking '/workspace/ros_ws/src/install/my_package2/lib/pkgconfig/my_package2.pc'
[1.918s] Level 1:colcon.colcon_core.environment:checking '/workspace/ros_ws/src/install/my_package2/lib/python3.12/site-packages'
[1.919s] Level 1:colcon.colcon_core.environment:checking '/workspace/ros_ws/src/install/my_package2/bin'
[1.919s] INFO:colcon.colcon_core.shell:Creating package script '/workspace/ros_ws/src/install/my_package2/share/my_package2/package.ps1'
[1.920s] INFO:colcon.colcon_core.shell:Creating package descriptor '/workspace/ros_ws/src/install/my_package2/share/my_package2/package.dsv'
[1.923s] INFO:colcon.colcon_core.shell:Creating package script '/workspace/ros_ws/src/install/my_package2/share/my_package2/package.sh'
[1.924s] INFO:colcon.colcon_core.shell:Creating package script '/workspace/ros_ws/src/install/my_package2/share/my_package2/package.bash'
[1.925s] INFO:colcon.colcon_core.shell:Creating package script '/workspace/ros_ws/src/install/my_package2/share/my_package2/package.zsh'
[1.926s] Level 1:colcon.colcon_core.environment:create_file_with_runtime_dependencies(/workspace/ros_ws/src/install/my_package2/share/colcon-core/packages/my_package2)
[1.927s] Level 1:colcon.colcon_core.environment:create_environment_scripts_only(my_package2)
[1.928s] Level 1:colcon.colcon_core.environment:checking '/workspace/ros_ws/src/install/my_package2' for CMake module files
[1.928s] Level 1:colcon.colcon_core.environment:checking '/workspace/ros_ws/src/install/my_package2' for CMake config files
[1.929s] Level 1:colcon.colcon_core.shell:create_environment_hook('my_package2', 'cmake_prefix_path')
[1.929s] INFO:colcon.colcon_core.shell:Creating environment hook '/workspace/ros_ws/src/install/my_package2/share/my_package2/hook/cmake_prefix_path.ps1'
[1.930s] INFO:colcon.colcon_core.shell:Creating environment descriptor '/workspace/ros_ws/src/install/my_package2/share/my_package2/hook/cmake_prefix_path.dsv'
[1.931s] INFO:colcon.colcon_core.shell:Creating environment hook '/workspace/ros_ws/src/install/my_package2/share/my_package2/hook/cmake_prefix_path.sh'
[1.932s] Level 1:colcon.colcon_core.environment:checking '/workspace/ros_ws/src/install/my_package2/lib'
[1.932s] Level 1:colcon.colcon_core.environment:checking '/workspace/ros_ws/src/install/my_package2/bin'
[1.933s] Level 1:colcon.colcon_core.environment:checking '/workspace/ros_ws/src/install/my_package2/lib/pkgconfig/my_package2.pc'
[1.934s] Level 1:colcon.colcon_core.environment:checking '/workspace/ros_ws/src/install/my_package2/lib/python3.12/site-packages'
[1.934s] Level 1:colcon.colcon_core.environment:checking '/workspace/ros_ws/src/install/my_package2/bin'
[1.935s] INFO:colcon.colcon_core.shell:Creating package script '/workspace/ros_ws/src/install/my_package2/share/my_package2/package.ps1'
[1.935s] INFO:colcon.colcon_core.shell:Creating package descriptor '/workspace/ros_ws/src/install/my_package2/share/my_package2/package.dsv'
[1.937s] INFO:colcon.colcon_core.shell:Creating package script '/workspace/ros_ws/src/install/my_package2/share/my_package2/package.sh'
[1.938s] INFO:colcon.colcon_core.shell:Creating package script '/workspace/ros_ws/src/install/my_package2/share/my_package2/package.bash'
[1.939s] INFO:colcon.colcon_core.shell:Creating package script '/workspace/ros_ws/src/install/my_package2/share/my_package2/package.zsh'
[1.940s] Level 1:colcon.colcon_core.environment:create_file_with_runtime_dependencies(/workspace/ros_ws/src/install/my_package2/share/colcon-core/packages/my_package2)
[2.521s] DEBUG:colcon.colcon_core.event_handler.log_command:Invoked command in '/workspace/ros_ws/src/build/ariaNode' returned '0': CMAKE_PREFIX_PATH=${CMAKE_PREFIX_PATH}:/workspace/ros_ws/src/install/nav2_gps_waypoint_follower_demo:/opt/ros/jazzy /usr/bin/cmake /workspace/ros_ws/src/ariaNode -DCMAKE_INSTALL_PREFIX=/workspace/ros_ws/src/install/ariaNode
[2.524s] DEBUG:colcon.colcon_core.event_handler.log_command:Invoking command in '/workspace/ros_ws/src/build/ariaNode': CMAKE_PREFIX_PATH=${CMAKE_PREFIX_PATH}:/workspace/ros_ws/src/install/nav2_gps_waypoint_follower_demo:/opt/ros/jazzy /usr/bin/cmake --build /workspace/ros_ws/src/build/ariaNode -- -j12 -l12
[2.572s] Level 1:colcon.colcon_core.environment:checking '/workspace/ros_ws/src/install/nav2_gps_waypoint_follower_demo' for CMake module files
[2.573s] DEBUG:colcon.colcon_core.event_handler.log_command:Invoked command in '/workspace/ros_ws/src/nav2_gps_waypoint_follower_demo' returned '0': PYTHONPATH=/workspace/ros_ws/src/build/nav2_gps_waypoint_follower_demo/prefix_override:/usr/lib/python3/dist-packages/colcon_core/task/python/colcon_distutils_commands:/workspace/ros_ws/src/install/nav2_gps_waypoint_follower_demo/lib/python3.12/site-packages:${PYTHONPATH} /usr/bin/python3 -W ignore:setup.py install is deprecated -W ignore:easy_install command is deprecated setup.py egg_info --egg-base ../build/nav2_gps_waypoint_follower_demo build --build-base /workspace/ros_ws/src/build/nav2_gps_waypoint_follower_demo/build install --record /workspace/ros_ws/src/build/nav2_gps_waypoint_follower_demo/install.log --single-version-externally-managed install_data
[2.574s] Level 1:colcon.colcon_core.environment:checking '/workspace/ros_ws/src/install/nav2_gps_waypoint_follower_demo' for CMake config files
[2.575s] Level 1:colcon.colcon_core.environment:checking '/workspace/ros_ws/src/install/nav2_gps_waypoint_follower_demo/lib'
[2.575s] Level 1:colcon.colcon_core.environment:checking '/workspace/ros_ws/src/install/nav2_gps_waypoint_follower_demo/bin'
[2.575s] Level 1:colcon.colcon_core.environment:checking '/workspace/ros_ws/src/install/nav2_gps_waypoint_follower_demo/lib/pkgconfig/nav2_gps_waypoint_follower_demo.pc'
[2.575s] Level 1:colcon.colcon_core.environment:checking '/workspace/ros_ws/src/install/nav2_gps_waypoint_follower_demo/lib/python3.12/site-packages'
[2.575s] Level 1:colcon.colcon_core.shell:create_environment_hook('nav2_gps_waypoint_follower_demo', 'pythonpath')
[2.575s] INFO:colcon.colcon_core.shell:Creating environment hook '/workspace/ros_ws/src/install/nav2_gps_waypoint_follower_demo/share/nav2_gps_waypoint_follower_demo/hook/pythonpath.ps1'
[2.576s] INFO:colcon.colcon_core.shell:Creating environment descriptor '/workspace/ros_ws/src/install/nav2_gps_waypoint_follower_demo/share/nav2_gps_waypoint_follower_demo/hook/pythonpath.dsv'
[2.576s] INFO:colcon.colcon_core.shell:Creating environment hook '/workspace/ros_ws/src/install/nav2_gps_waypoint_follower_demo/share/nav2_gps_waypoint_follower_demo/hook/pythonpath.sh'
[2.577s] Level 1:colcon.colcon_core.environment:checking '/workspace/ros_ws/src/install/nav2_gps_waypoint_follower_demo/bin'
[2.577s] Level 1:colcon.colcon_core.environment:create_environment_scripts_only(nav2_gps_waypoint_follower_demo)
[2.577s] INFO:colcon.colcon_core.shell:Creating package script '/workspace/ros_ws/src/install/nav2_gps_waypoint_follower_demo/share/nav2_gps_waypoint_follower_demo/package.ps1'
[2.579s] INFO:colcon.colcon_core.shell:Creating package descriptor '/workspace/ros_ws/src/install/nav2_gps_waypoint_follower_demo/share/nav2_gps_waypoint_follower_demo/package.dsv'
[2.580s] INFO:colcon.colcon_core.shell:Creating package script '/workspace/ros_ws/src/install/nav2_gps_waypoint_follower_demo/share/nav2_gps_waypoint_follower_demo/package.sh'
[2.581s] INFO:colcon.colcon_core.shell:Creating package script '/workspace/ros_ws/src/install/nav2_gps_waypoint_follower_demo/share/nav2_gps_waypoint_follower_demo/package.bash'
[2.581s] INFO:colcon.colcon_core.shell:Creating package script '/workspace/ros_ws/src/install/nav2_gps_waypoint_follower_demo/share/nav2_gps_waypoint_follower_demo/package.zsh'
[2.581s] Level 1:colcon.colcon_core.environment:create_file_with_runtime_dependencies(/workspace/ros_ws/src/install/nav2_gps_waypoint_follower_demo/share/colcon-core/packages/nav2_gps_waypoint_follower_demo)
[2.844s] DEBUG:colcon.colcon_core.event_handler.log_command:Invoked command in '/workspace/ros_ws/src/build/master' returned '0': CMAKE_PREFIX_PATH=${CMAKE_PREFIX_PATH}:/workspace/ros_ws/src/install/nav2_gps_waypoint_follower_demo:/opt/ros/jazzy /usr/bin/cmake /workspace/ros_ws/src/master -DCMAKE_INSTALL_PREFIX=/workspace/ros_ws/src/install/master
[2.845s] DEBUG:colcon.colcon_core.event_handler.log_command:Invoking command in '/workspace/ros_ws/src/build/master': CMAKE_PREFIX_PATH=${CMAKE_PREFIX_PATH}:/workspace/ros_ws/src/install/nav2_gps_waypoint_follower_demo:/opt/ros/jazzy /usr/bin/cmake --build /workspace/ros_ws/src/build/master -- -j12 -l12
[14.226s] DEBUG:colcon.colcon_core.event_handler.log_command:Invoked command in '/workspace/ros_ws/src/build/ariaNode' returned '0': CMAKE_PREFIX_PATH=${CMAKE_PREFIX_PATH}:/workspace/ros_ws/src/install/nav2_gps_waypoint_follower_demo:/opt/ros/jazzy /usr/bin/cmake --build /workspace/ros_ws/src/build/ariaNode -- -j12 -l12
[14.228s] DEBUG:colcon.colcon_core.event_handler.log_command:Invoking command in '/workspace/ros_ws/src/build/ariaNode': CMAKE_PREFIX_PATH=${CMAKE_PREFIX_PATH}:/workspace/ros_ws/src/install/nav2_gps_waypoint_follower_demo:/opt/ros/jazzy /usr/bin/cmake --install /workspace/ros_ws/src/build/ariaNode
[14.254s] Level 1:colcon.colcon_core.environment:create_environment_scripts_only(ariaNode)
[14.254s] Level 1:colcon.colcon_core.environment:checking '/workspace/ros_ws/src/install/ariaNode' for CMake module files
[14.255s] DEBUG:colcon.colcon_core.event_handler.log_command:Invoked command in '/workspace/ros_ws/src/build/ariaNode' returned '0': CMAKE_PREFIX_PATH=${CMAKE_PREFIX_PATH}:/workspace/ros_ws/src/install/nav2_gps_waypoint_follower_demo:/opt/ros/jazzy /usr/bin/cmake --install /workspace/ros_ws/src/build/ariaNode
[14.256s] Level 1:colcon.colcon_core.environment:checking '/workspace/ros_ws/src/install/ariaNode' for CMake config files
[14.256s] Level 1:colcon.colcon_core.shell:create_environment_hook('ariaNode', 'cmake_prefix_path')
[14.256s] INFO:colcon.colcon_core.shell:Creating environment hook '/workspace/ros_ws/src/install/ariaNode/share/ariaNode/hook/cmake_prefix_path.ps1'
[14.257s] INFO:colcon.colcon_core.shell:Creating environment descriptor '/workspace/ros_ws/src/install/ariaNode/share/ariaNode/hook/cmake_prefix_path.dsv'
[14.257s] INFO:colcon.colcon_core.shell:Creating environment hook '/workspace/ros_ws/src/install/ariaNode/share/ariaNode/hook/cmake_prefix_path.sh'
[14.258s] Level 1:colcon.colcon_core.environment:checking '/workspace/ros_ws/src/install/ariaNode/lib'
[14.258s] Level 1:colcon.colcon_core.environment:checking '/workspace/ros_ws/src/install/ariaNode/bin'
[14.258s] Level 1:colcon.colcon_core.environment:checking '/workspace/ros_ws/src/install/ariaNode/lib/pkgconfig/ariaNode.pc'
[14.259s] Level 1:colcon.colcon_core.environment:checking '/workspace/ros_ws/src/install/ariaNode/lib/python3.12/site-packages'
[14.259s] Level 1:colcon.colcon_core.environment:checking '/workspace/ros_ws/src/install/ariaNode/bin'
[14.259s] INFO:colcon.colcon_core.shell:Creating package script '/workspace/ros_ws/src/install/ariaNode/share/ariaNode/package.ps1'
[14.260s] INFO:colcon.colcon_core.shell:Creating package descriptor '/workspace/ros_ws/src/install/ariaNode/share/ariaNode/package.dsv'
[14.260s] INFO:colcon.colcon_core.shell:Creating package script '/workspace/ros_ws/src/install/ariaNode/share/ariaNode/package.sh'
[14.261s] INFO:colcon.colcon_core.shell:Creating package script '/workspace/ros_ws/src/install/ariaNode/share/ariaNode/package.bash'
[14.261s] INFO:colcon.colcon_core.shell:Creating package script '/workspace/ros_ws/src/install/ariaNode/share/ariaNode/package.zsh'
[14.262s] Level 1:colcon.colcon_core.environment:create_file_with_runtime_dependencies(/workspace/ros_ws/src/install/ariaNode/share/colcon-core/packages/ariaNode)
[14.262s] Level 1:colcon.colcon_core.environment:create_environment_scripts_only(ariaNode)
[14.263s] Level 1:colcon.colcon_core.environment:checking '/workspace/ros_ws/src/install/ariaNode' for CMake module files
[14.264s] Level 1:colcon.colcon_core.environment:checking '/workspace/ros_ws/src/install/ariaNode' for CMake config files
[14.265s] Level 1:colcon.colcon_core.shell:create_environment_hook('ariaNode', 'cmake_prefix_path')
[14.265s] INFO:colcon.colcon_core.shell:Creating environment hook '/workspace/ros_ws/src/install/ariaNode/share/ariaNode/hook/cmake_prefix_path.ps1'
[14.266s] INFO:colcon.colcon_core.shell:Creating environment descriptor '/workspace/ros_ws/src/install/ariaNode/share/ariaNode/hook/cmake_prefix_path.dsv'
[14.266s] INFO:colcon.colcon_core.shell:Creating environment hook '/workspace/ros_ws/src/install/ariaNode/share/ariaNode/hook/cmake_prefix_path.sh'
[14.267s] Level 1:colcon.colcon_core.environment:checking '/workspace/ros_ws/src/install/ariaNode/lib'
[14.267s] Level 1:colcon.colcon_core.environment:checking '/workspace/ros_ws/src/install/ariaNode/bin'
[14.267s] Level 1:colcon.colcon_core.environment:checking '/workspace/ros_ws/src/install/ariaNode/lib/pkgconfig/ariaNode.pc'
[14.267s] Level 1:colcon.colcon_core.environment:checking '/workspace/ros_ws/src/install/ariaNode/lib/python3.12/site-packages'
[14.268s] Level 1:colcon.colcon_core.environment:checking '/workspace/ros_ws/src/install/ariaNode/bin'
[14.268s] INFO:colcon.colcon_core.shell:Creating package script '/workspace/ros_ws/src/install/ariaNode/share/ariaNode/package.ps1'
[14.269s] INFO:colcon.colcon_core.shell:Creating package descriptor '/workspace/ros_ws/src/install/ariaNode/share/ariaNode/package.dsv'
[14.269s] INFO:colcon.colcon_core.shell:Creating package script '/workspace/ros_ws/src/install/ariaNode/share/ariaNode/package.sh'
[14.270s] INFO:colcon.colcon_core.shell:Creating package script '/workspace/ros_ws/src/install/ariaNode/share/ariaNode/package.bash'
[14.271s] INFO:colcon.colcon_core.shell:Creating package script '/workspace/ros_ws/src/install/ariaNode/share/ariaNode/package.zsh'
[14.271s] Level 1:colcon.colcon_core.environment:create_file_with_runtime_dependencies(/workspace/ros_ws/src/install/ariaNode/share/colcon-core/packages/ariaNode)
[17.007s] DEBUG:colcon.colcon_core.event_handler.log_command:Invoked command in '/workspace/ros_ws/src/build/master' returned '0': CMAKE_PREFIX_PATH=${CMAKE_PREFIX_PATH}:/workspace/ros_ws/src/install/nav2_gps_waypoint_follower_demo:/opt/ros/jazzy /usr/bin/cmake --build /workspace/ros_ws/src/build/master -- -j12 -l12
[17.008s] DEBUG:colcon.colcon_core.event_handler.log_command:Invoking command in '/workspace/ros_ws/src/build/master': CMAKE_PREFIX_PATH=${CMAKE_PREFIX_PATH}:/workspace/ros_ws/src/install/nav2_gps_waypoint_follower_demo:/opt/ros/jazzy /usr/bin/cmake --install /workspace/ros_ws/src/build/master
[17.032s] Level 1:colcon.colcon_core.environment:create_environment_scripts_only(master)
[17.032s] Level 1:colcon.colcon_core.environment:checking '/workspace/ros_ws/src/install/master' for CMake module files
[17.033s] DEBUG:colcon.colcon_core.event_handler.log_command:Invoked command in '/workspace/ros_ws/src/build/master' returned '0': CMAKE_PREFIX_PATH=${CMAKE_PREFIX_PATH}:/workspace/ros_ws/src/install/nav2_gps_waypoint_follower_demo:/opt/ros/jazzy /usr/bin/cmake --install /workspace/ros_ws/src/build/master
[17.034s] Level 1:colcon.colcon_core.environment:checking '/workspace/ros_ws/src/install/master' for CMake config files
[17.034s] Level 1:colcon.colcon_core.shell:create_environment_hook('master', 'cmake_prefix_path')
[17.034s] INFO:colcon.colcon_core.shell:Creating environment hook '/workspace/ros_ws/src/install/master/share/master/hook/cmake_prefix_path.ps1'
[17.035s] INFO:colcon.colcon_core.shell:Creating environment descriptor '/workspace/ros_ws/src/install/master/share/master/hook/cmake_prefix_path.dsv'
[17.036s] INFO:colcon.colcon_core.shell:Creating environment hook '/workspace/ros_ws/src/install/master/share/master/hook/cmake_prefix_path.sh'
[17.037s] Level 1:colcon.colcon_core.environment:checking '/workspace/ros_ws/src/install/master/lib'
[17.037s] Level 1:colcon.colcon_core.environment:checking '/workspace/ros_ws/src/install/master/bin'
[17.037s] Level 1:colcon.colcon_core.environment:checking '/workspace/ros_ws/src/install/master/lib/pkgconfig/master.pc'
[17.037s] Level 1:colcon.colcon_core.environment:checking '/workspace/ros_ws/src/install/master/lib/python3.12/site-packages'
[17.037s] Level 1:colcon.colcon_core.environment:checking '/workspace/ros_ws/src/install/master/bin'
[17.038s] INFO:colcon.colcon_core.shell:Creating package script '/workspace/ros_ws/src/install/master/share/master/package.ps1'
[17.038s] INFO:colcon.colcon_core.shell:Creating package descriptor '/workspace/ros_ws/src/install/master/share/master/package.dsv'
[17.039s] INFO:colcon.colcon_core.shell:Creating package script '/workspace/ros_ws/src/install/master/share/master/package.sh'
[17.039s] INFO:colcon.colcon_core.shell:Creating package script '/workspace/ros_ws/src/install/master/share/master/package.bash'
[17.040s] INFO:colcon.colcon_core.shell:Creating package script '/workspace/ros_ws/src/install/master/share/master/package.zsh'
[17.040s] Level 1:colcon.colcon_core.environment:create_file_with_runtime_dependencies(/workspace/ros_ws/src/install/master/share/colcon-core/packages/master)
[17.041s] Level 1:colcon.colcon_core.environment:create_environment_scripts_only(master)
[17.041s] Level 1:colcon.colcon_core.environment:checking '/workspace/ros_ws/src/install/master' for CMake module files
[17.042s] Level 1:colcon.colcon_core.environment:checking '/workspace/ros_ws/src/install/master' for CMake config files
[17.042s] Level 1:colcon.colcon_core.shell:create_environment_hook('master', 'cmake_prefix_path')
[17.042s] INFO:colcon.colcon_core.shell:Creating environment hook '/workspace/ros_ws/src/install/master/share/master/hook/cmake_prefix_path.ps1'
[17.043s] INFO:colcon.colcon_core.shell:Creating environment descriptor '/workspace/ros_ws/src/install/master/share/master/hook/cmake_prefix_path.dsv'
[17.043s] INFO:colcon.colcon_core.shell:Creating environment hook '/workspace/ros_ws/src/install/master/share/master/hook/cmake_prefix_path.sh'
[17.044s] Level 1:colcon.colcon_core.environment:checking '/workspace/ros_ws/src/install/master/lib'
[17.044s] Level 1:colcon.colcon_core.environment:checking '/workspace/ros_ws/src/install/master/bin'
[17.044s] Level 1:colcon.colcon_core.environment:checking '/workspace/ros_ws/src/install/master/lib/pkgconfig/master.pc'
[17.044s] Level 1:colcon.colcon_core.environment:checking '/workspace/ros_ws/src/install/master/lib/python3.12/site-packages'
[17.045s] Level 1:colcon.colcon_core.environment:checking '/workspace/ros_ws/src/install/master/bin'
[17.045s] INFO:colcon.colcon_core.shell:Creating package script '/workspace/ros_ws/src/install/master/share/master/package.ps1'
[17.045s] INFO:colcon.colcon_core.shell:Creating package descriptor '/workspace/ros_ws/src/install/master/share/master/package.dsv'
[17.046s] INFO:colcon.colcon_core.shell:Creating package script '/workspace/ros_ws/src/install/master/share/master/package.sh'
[17.047s] INFO:colcon.colcon_core.shell:Creating package script '/workspace/ros_ws/src/install/master/share/master/package.bash'
[17.048s] INFO:colcon.colcon_core.shell:Creating package script '/workspace/ros_ws/src/install/master/share/master/package.zsh'
[17.048s] Level 1:colcon.colcon_core.environment:create_file_with_runtime_dependencies(/workspace/ros_ws/src/install/master/share/colcon-core/packages/master)
[17.048s] DEBUG:colcon.colcon_parallel_executor.executor.parallel:closing loop
[17.049s] DEBUG:colcon.colcon_parallel_executor.executor.parallel:loop closed
[17.050s] DEBUG:colcon.colcon_parallel_executor.executor.parallel:run_until_complete finished with '0'
[17.050s] DEBUG:colcon.colcon_core.event_reactor:joining thread
[17.058s] INFO:colcon.colcon_core.plugin_system:Skipping extension 'colcon_notification.desktop_notification.notify_send': Could not find 'notify-send'
[17.058s] INFO:colcon.colcon_core.plugin_system:Skipping extension 'colcon_notification.desktop_notification.terminal_notifier': Not used on non-Darwin systems
[17.058s] INFO:colcon.colcon_core.plugin_system:Skipping extension 'colcon_notification.desktop_notification.win32': Not used on non-Windows systems
[17.058s] INFO:colcon.colcon_notification.desktop_notification:Sending desktop notification using 'notify2'
[17.061s] DEBUG:colcon.colcon_notification.desktop_notification.notify2:Failed to initialize notify2: org.freedesktop.DBus.Error.Spawn.ExecFailed: /usr/bin/dbus-launch terminated abnormally without any error message
[17.062s] DEBUG:colcon.colcon_core.event_reactor:joined thread
[17.062s] INFO:colcon.colcon_core.shell:Creating prefix script '/workspace/ros_ws/src/install/local_setup.ps1'
[17.064s] INFO:colcon.colcon_core.shell:Creating prefix util module '/workspace/ros_ws/src/install/_local_setup_util_ps1.py'
[17.065s] INFO:colcon.colcon_core.shell:Creating prefix chain script '/workspace/ros_ws/src/install/setup.ps1'
[17.067s] INFO:colcon.colcon_core.shell:Creating prefix script '/workspace/ros_ws/src/install/local_setup.sh'
[17.068s] INFO:colcon.colcon_core.shell:Creating prefix util module '/workspace/ros_ws/src/install/_local_setup_util_sh.py'
[17.068s] INFO:colcon.colcon_core.shell:Creating prefix chain script '/workspace/ros_ws/src/install/setup.sh'
[17.071s] INFO:colcon.colcon_core.shell:Creating prefix script '/workspace/ros_ws/src/install/local_setup.bash'
[17.075s] INFO:colcon.colcon_core.shell:Creating prefix chain script '/workspace/ros_ws/src/install/setup.bash'
[17.079s] INFO:colcon.colcon_core.shell:Creating prefix script '/workspace/ros_ws/src/install/local_setup.zsh'
[17.080s] INFO:colcon.colcon_core.shell:Creating prefix chain script '/workspace/ros_ws/src/install/setup.zsh'
