[0.016s] Invoking command in '/workspace/ros_ws/src/master/build/master': CMAKE_PREFIX_PATH=${CMAKE_PREFIX_PATH}:/opt/ros/jazzy /usr/bin/cmake --build /workspace/ros_ws/src/master/build/master -- -j12 -l12
[0.056s] -- Found ament_cmake: 2.5.3 (/opt/ros/jazzy/share/ament_cmake/cmake)
[0.400s] -- Found rclcpp_components: 28.1.6 (/opt/ros/jazzy/share/rclcpp_components/cmake)
[0.451s] -- Found rosidl_generator_c: 4.6.5 (/opt/ros/jazzy/share/rosidl_generator_c/cmake)
[0.463s] -- Found rosidl_generator_cpp: 4.6.5 (/opt/ros/jazzy/share/rosidl_generator_cpp/cmake)
[0.484s] -- Using all available rosidl_typesupport_c: rosidl_typesupport_fastrtps_c;rosidl_typesupport_introspection_c
[0.502s] -- Using all available rosidl_typesupport_cpp: rosidl_typesupport_fastrtps_cpp;rosidl_typesupport_introspection_cpp
[0.673s] -- Found rmw_implementation_cmake: 7.3.1 (/opt/ros/jazzy/share/rmw_implementation_cmake/cmake)
[0.675s] -- Found rmw_fastrtps_cpp: 8.4.1 (/opt/ros/jazzy/share/rmw_fastrtps_cpp/cmake)
[0.775s] -- Using RMW implementation 'rmw_fastrtps_cpp' as default
[0.870s] -- Found std_msgs: 5.3.5 (/opt/ros/jazzy/share/std_msgs/cmake)
[0.890s] -- Found geometry_msgs: 5.3.5 (/opt/ros/jazzy/share/geometry_msgs/cmake)
[0.914s] -- Found ament_lint_auto: 0.17.1 (/opt/ros/jazzy/share/ament_lint_auto/cmake)
[1.079s] -- Added test 'cppcheck' to perform static code analysis on C / C++ code
[1.079s] -- Configured cppcheck include dirs: 
[1.080s] -- Configured cppcheck exclude dirs and/or files: 
[1.081s] -- Added test 'flake8' to check Python code syntax and style conventions
[1.081s] -- Configured 'flake8' exclude dirs and/or files: 
[1.084s] -- Added test 'lint_cmake' to check CMake code style
[1.085s] -- Added test 'pep257' to check Python code against some of the docstring style conventions in PEP 257
[1.096s] -- Added test 'uncrustify' to check C / C++ code style
[1.097s] -- Configured uncrustify additional arguments: 
[1.098s] -- Added test 'xmllint' to check XML markup files
[1.099s] -- Configuring done (1.0s)
[1.118s] -- Generating done (0.0s)
[1.127s] -- Build files have been written to: /workspace/ros_ws/src/master/build/master
[1.188s] [ 50%] [32mBuilding CXX object CMakeFiles/master_node.dir/src/theMaster.cpp.o[0m
[12.256s] [100%] [32m[1mLinking CXX executable master_node[0m
[12.733s] [100%] Built target master_node
[12.746s] Invoked command in '/workspace/ros_ws/src/master/build/master' returned '0': CMAKE_PREFIX_PATH=${CMAKE_PREFIX_PATH}:/opt/ros/jazzy /usr/bin/cmake --build /workspace/ros_ws/src/master/build/master -- -j12 -l12
[12.757s] Invoking command in '/workspace/ros_ws/src/master/build/master': CMAKE_PREFIX_PATH=${CMAKE_PREFIX_PATH}:/opt/ros/jazzy /usr/bin/cmake --install /workspace/ros_ws/src/master/build/master
[12.767s] -- Install configuration: ""
[12.767s] -- Installing: /workspace/ros_ws/src/master/install/master/lib/master/master_node
[12.772s] -- Set non-toolchain portion of runtime path of "/workspace/ros_ws/src/master/install/master/lib/master/master_node" to ""
[12.773s] -- Installing: /workspace/ros_ws/src/master/install/master/share/ament_index/resource_index/package_run_dependencies/master
[12.773s] -- Up-to-date: /workspace/ros_ws/src/master/install/master/share/ament_index/resource_index/parent_prefix_path/master
[12.773s] -- Up-to-date: /workspace/ros_ws/src/master/install/master/share/master/environment/ament_prefix_path.sh
[12.774s] -- Up-to-date: /workspace/ros_ws/src/master/install/master/share/master/environment/ament_prefix_path.dsv
[12.774s] -- Up-to-date: /workspace/ros_ws/src/master/install/master/share/master/environment/path.sh
[12.774s] -- Up-to-date: /workspace/ros_ws/src/master/install/master/share/master/environment/path.dsv
[12.775s] -- Up-to-date: /workspace/ros_ws/src/master/install/master/share/master/local_setup.bash
[12.775s] -- Up-to-date: /workspace/ros_ws/src/master/install/master/share/master/local_setup.sh
[12.775s] -- Up-to-date: /workspace/ros_ws/src/master/install/master/share/master/local_setup.zsh
[12.775s] -- Up-to-date: /workspace/ros_ws/src/master/install/master/share/master/local_setup.dsv
[12.776s] -- Installing: /workspace/ros_ws/src/master/install/master/share/master/package.dsv
[12.776s] -- Up-to-date: /workspace/ros_ws/src/master/install/master/share/ament_index/resource_index/packages/master
[12.777s] -- Up-to-date: /workspace/ros_ws/src/master/install/master/share/master/cmake/masterConfig.cmake
[12.777s] -- Up-to-date: /workspace/ros_ws/src/master/install/master/share/master/cmake/masterConfig-version.cmake
[12.778s] -- Installing: /workspace/ros_ws/src/master/install/master/share/master/package.xml
[12.780s] Invoked command in '/workspace/ros_ws/src/master/build/master' returned '0': CMAKE_PREFIX_PATH=${CMAKE_PREFIX_PATH}:/opt/ros/jazzy /usr/bin/cmake --install /workspace/ros_ws/src/master/build/master
