running develop
Removing /workspace/ros_ws/install/digit_recognition/lib/python3.12/site-packages/digit-recognition.egg-link (link to .)
running egg_info
writing ../../build/digit_recognition/digit_recognition.egg-info/PKG-INFO
writing dependency_links to ../../build/digit_recognition/digit_recognition.egg-info/dependency_links.txt
writing entry points to ../../build/digit_recognition/digit_recognition.egg-info/entry_points.txt
writing requirements to ../../build/digit_recognition/digit_recognition.egg-info/requires.txt
writing top-level names to ../../build/digit_recognition/digit_recognition.egg-info/top_level.txt
reading manifest file '../../build/digit_recognition/digit_recognition.egg-info/SOURCES.txt'
writing manifest file '../../build/digit_recognition/digit_recognition.egg-info/SOURCES.txt'
running build
running build_py
running install
running install_lib
creating /workspace/ros_ws/install/digit_recognition/lib/python3.12/site-packages/digit_recognition
copying /workspace/ros_ws/build/digit_recognition/build/lib/digit_recognition/__init__.py -> /workspace/ros_ws/install/digit_recognition/lib/python3.12/site-packages/digit_recognition
copying /workspace/ros_ws/build/digit_recognition/build/lib/digit_recognition/model.py -> /workspace/ros_ws/install/digit_recognition/lib/python3.12/site-packages/digit_recognition
copying /workspace/ros_ws/build/digit_recognition/build/lib/digit_recognition/digit_recognition_node.py -> /workspace/ros_ws/install/digit_recognition/lib/python3.12/site-packages/digit_recognition
byte-compiling /workspace/ros_ws/install/digit_recognition/lib/python3.12/site-packages/digit_recognition/__init__.py to __init__.cpython-312.pyc
byte-compiling /workspace/ros_ws/install/digit_recognition/lib/python3.12/site-packages/digit_recognition/model.py to model.cpython-312.pyc
byte-compiling /workspace/ros_ws/install/digit_recognition/lib/python3.12/site-packages/digit_recognition/digit_recognition_node.py to digit_recognition_node.cpython-312.pyc
running install_data
copying package.xml -> /workspace/ros_ws/install/digit_recognition/share/digit_recognition
copying model/mnist_cnn_model.pth -> /workspace/ros_ws/install/digit_recognition/share/digit_recognition/model
running install_egg_info
Copying ../../build/digit_recognition/digit_recognition.egg-info to /workspace/ros_ws/install/digit_recognition/lib/python3.12/site-packages/digit_recognition-0.0.0-py3.12.egg-info
running install_scripts
Installing digit_recognition_node script to /workspace/ros_ws/install/digit_recognition/lib/digit_recognition
writing list of installed files to '/workspace/ros_ws/build/digit_recognition/install.log'
