[0.088s] DEBUG:colcon:Command line arguments: ['/usr/bin/colcon', 'build']
[0.088s] DEBUG:colcon:Parsed command line arguments: Namespace(log_base=None, log_level=None, verb_name='build', build_base='build', install_base='install', merge_install=False, symlink_install=False, test_result_base=None, continue_on_error=False, executor='parallel', parallel_workers=12, event_handlers=None, ignore_user_meta=False, metas=['./colcon.meta'], base_paths=['.'], packages_ignore=None, packages_ignore_regex=None, paths=None, packages_up_to=None, packages_up_to_regex=None, packages_above=None, packages_above_and_dependencies=None, packages_above_depth=None, packages_select_by_dep=None, packages_skip_by_dep=None, packages_skip_up_to=None, packages_select_build_failed=False, packages_skip_build_finished=False, packages_select_test_failures=False, packages_skip_test_passed=False, packages_select=None, packages_skip=None, packages_select_regex=None, packages_skip_regex=None, packages_start=None, packages_end=None, cmake_args=None, cmake_target=None, cmake_target_skip_unavailable=False, cmake_clean_cache=False, cmake_clean_first=False, cmake_force_configure=False, ament_cmake_args=None, catkin_cmake_args=None, catkin_skip_building_tests=False, mixin_files=None, mixin=None, verb_parser=<colcon_mixin.mixin.mixin_argument.MixinArgumentDecorator object at 0x7f1b235603b0>, verb_extension=<colcon_core.verb.build.BuildVerb object at 0x7f1b236b49e0>, main=<bound method BuildVerb.main of <colcon_core.verb.build.BuildVerb object at 0x7f1b236b49e0>>, mixin_verb=('build',))
[0.119s] Level 1:colcon.colcon_core.package_discovery:discover_packages(colcon_meta) check parameters
[0.119s] INFO:colcon.colcon_metadata.package_discovery.colcon_meta:Using configuration from '/root/.colcon/metadata/default/Gazebo.meta'
[0.120s] INFO:colcon.colcon_metadata.package_discovery.colcon_meta:Using configuration from '/root/.colcon/metadata/default/fastrtps.meta'
[0.120s] Level 1:colcon.colcon_core.package_discovery:discover_packages(recursive) check parameters
[0.120s] Level 1:colcon.colcon_core.package_discovery:discover_packages(ignore) check parameters
[0.120s] Level 1:colcon.colcon_core.package_discovery:discover_packages(path) check parameters
[0.120s] Level 1:colcon.colcon_core.package_discovery:discover_packages(colcon_meta) discover
[0.120s] Level 1:colcon.colcon_core.package_discovery:discover_packages(recursive) discover
[0.120s] INFO:colcon.colcon_core.package_discovery:Crawling recursively for packages in '/workspace/ros_ws/src'
[0.120s] Level 1:colcon.colcon_core.package_identification:_identify(.) by extensions ['ignore', 'ignore_ament_install']
[0.120s] Level 1:colcon.colcon_core.package_identification:_identify(.) by extension 'ignore'
[0.120s] Level 1:colcon.colcon_core.package_identification:_identify(.) by extension 'ignore_ament_install'
[0.120s] Level 1:colcon.colcon_core.package_identification:_identify(.) by extensions ['colcon_pkg']
[0.120s] Level 1:colcon.colcon_core.package_identification:_identify(.) by extension 'colcon_pkg'
[0.120s] Level 1:colcon.colcon_core.package_identification:_identify(.) by extensions ['colcon_meta']
[0.120s] Level 1:colcon.colcon_core.package_identification:_identify(.) by extension 'colcon_meta'
[0.120s] Level 1:colcon.colcon_core.package_identification:_identify(.) by extensions ['ros']
[0.120s] Level 1:colcon.colcon_core.package_identification:_identify(.) by extension 'ros'
[0.140s] Level 1:colcon.colcon_core.package_identification:_identify(.) by extensions ['cmake', 'python']
[0.140s] Level 1:colcon.colcon_core.package_identification:_identify(.) by extension 'cmake'
[0.141s] Level 1:colcon.colcon_core.package_identification:_identify(.) by extension 'python'
[0.141s] Level 1:colcon.colcon_core.package_identification:_identify(.) by extensions ['python_setup_py']
[0.141s] Level 1:colcon.colcon_core.package_identification:_identify(.) by extension 'python_setup_py'
[0.141s] Level 1:colcon.colcon_core.package_identification:_identify(build) by extensions ['ignore', 'ignore_ament_install']
[0.141s] Level 1:colcon.colcon_core.package_identification:_identify(build) by extension 'ignore'
[0.141s] Level 1:colcon.colcon_core.package_identification:_identify(build) ignored
[0.141s] Level 1:colcon.colcon_core.package_identification:_identify(install) by extensions ['ignore', 'ignore_ament_install']
[0.141s] Level 1:colcon.colcon_core.package_identification:_identify(install) by extension 'ignore'
[0.141s] Level 1:colcon.colcon_core.package_identification:_identify(install) ignored
[0.141s] Level 1:colcon.colcon_core.package_identification:_identify(log) by extensions ['ignore', 'ignore_ament_install']
[0.141s] Level 1:colcon.colcon_core.package_identification:_identify(log) by extension 'ignore'
[0.141s] Level 1:colcon.colcon_core.package_identification:_identify(log) ignored
[0.141s] Level 1:colcon.colcon_core.package_identification:_identify(master) by extensions ['ignore', 'ignore_ament_install']
[0.141s] Level 1:colcon.colcon_core.package_identification:_identify(master) by extension 'ignore'
[0.141s] Level 1:colcon.colcon_core.package_identification:_identify(master) by extension 'ignore_ament_install'
[0.141s] Level 1:colcon.colcon_core.package_identification:_identify(master) by extensions ['colcon_pkg']
[0.141s] Level 1:colcon.colcon_core.package_identification:_identify(master) by extension 'colcon_pkg'
[0.141s] Level 1:colcon.colcon_core.package_identification:_identify(master) by extensions ['colcon_meta']
[0.141s] Level 1:colcon.colcon_core.package_identification:_identify(master) by extension 'colcon_meta'
[0.141s] Level 1:colcon.colcon_core.package_identification:_identify(master) by extensions ['ros']
[0.141s] Level 1:colcon.colcon_core.package_identification:_identify(master) by extension 'ros'
[0.143s] DEBUG:colcon.colcon_core.package_identification:Package 'master' with type 'ros.ament_cmake' and name 'master'
[0.143s] Level 1:colcon.colcon_core.package_identification:_identify(my_package2) by extensions ['ignore', 'ignore_ament_install']
[0.143s] Level 1:colcon.colcon_core.package_identification:_identify(my_package2) by extension 'ignore'
[0.143s] Level 1:colcon.colcon_core.package_identification:_identify(my_package2) by extension 'ignore_ament_install'
[0.144s] Level 1:colcon.colcon_core.package_identification:_identify(my_package2) by extensions ['colcon_pkg']
[0.144s] Level 1:colcon.colcon_core.package_identification:_identify(my_package2) by extension 'colcon_pkg'
[0.144s] Level 1:colcon.colcon_core.package_identification:_identify(my_package2) by extensions ['colcon_meta']
[0.144s] Level 1:colcon.colcon_core.package_identification:_identify(my_package2) by extension 'colcon_meta'
[0.144s] Level 1:colcon.colcon_core.package_identification:_identify(my_package2) by extensions ['ros']
[0.144s] Level 1:colcon.colcon_core.package_identification:_identify(my_package2) by extension 'ros'
[0.144s] DEBUG:colcon.colcon_core.package_identification:Package 'my_package2' with type 'ros.ament_cmake' and name 'my_package2'
[0.144s] Level 1:colcon.colcon_core.package_discovery:discover_packages(recursive) using defaults
[0.144s] Level 1:colcon.colcon_core.package_discovery:discover_packages(ignore) discover
[0.144s] Level 1:colcon.colcon_core.package_discovery:discover_packages(ignore) using defaults
[0.144s] Level 1:colcon.colcon_core.package_discovery:discover_packages(path) discover
[0.144s] Level 1:colcon.colcon_core.package_discovery:discover_packages(path) using defaults
[0.158s] Level 5:colcon.colcon_core.verb:set package 'master' build argument 'cmake_args' from command line to 'None'
[0.158s] Level 5:colcon.colcon_core.verb:set package 'master' build argument 'cmake_target' from command line to 'None'
[0.158s] Level 5:colcon.colcon_core.verb:set package 'master' build argument 'cmake_target_skip_unavailable' from command line to 'False'
[0.158s] Level 5:colcon.colcon_core.verb:set package 'master' build argument 'cmake_clean_cache' from command line to 'False'
[0.158s] Level 5:colcon.colcon_core.verb:set package 'master' build argument 'cmake_clean_first' from command line to 'False'
[0.158s] Level 5:colcon.colcon_core.verb:set package 'master' build argument 'cmake_force_configure' from command line to 'False'
[0.158s] Level 5:colcon.colcon_core.verb:set package 'master' build argument 'ament_cmake_args' from command line to 'None'
[0.158s] Level 5:colcon.colcon_core.verb:set package 'master' build argument 'catkin_cmake_args' from command line to 'None'
[0.158s] Level 5:colcon.colcon_core.verb:set package 'master' build argument 'catkin_skip_building_tests' from command line to 'False'
[0.158s] DEBUG:colcon.colcon_core.verb:Building package 'master' with the following arguments: {'ament_cmake_args': None, 'build_base': '/workspace/ros_ws/src/build/master', 'catkin_cmake_args': None, 'catkin_skip_building_tests': False, 'cmake_args': None, 'cmake_clean_cache': False, 'cmake_clean_first': False, 'cmake_force_configure': False, 'cmake_target': None, 'cmake_target_skip_unavailable': False, 'install_base': '/workspace/ros_ws/src/install/master', 'merge_install': False, 'path': '/workspace/ros_ws/src/master', 'symlink_install': False, 'test_result_base': None}
[0.158s] Level 5:colcon.colcon_core.verb:set package 'my_package2' build argument 'cmake_args' from command line to 'None'
[0.158s] Level 5:colcon.colcon_core.verb:set package 'my_package2' build argument 'cmake_target' from command line to 'None'
[0.158s] Level 5:colcon.colcon_core.verb:set package 'my_package2' build argument 'cmake_target_skip_unavailable' from command line to 'False'
[0.158s] Level 5:colcon.colcon_core.verb:set package 'my_package2' build argument 'cmake_clean_cache' from command line to 'False'
[0.158s] Level 5:colcon.colcon_core.verb:set package 'my_package2' build argument 'cmake_clean_first' from command line to 'False'
[0.158s] Level 5:colcon.colcon_core.verb:set package 'my_package2' build argument 'cmake_force_configure' from command line to 'False'
[0.158s] Level 5:colcon.colcon_core.verb:set package 'my_package2' build argument 'ament_cmake_args' from command line to 'None'
[0.158s] Level 5:colcon.colcon_core.verb:set package 'my_package2' build argument 'catkin_cmake_args' from command line to 'None'
[0.158s] Level 5:colcon.colcon_core.verb:set package 'my_package2' build argument 'catkin_skip_building_tests' from command line to 'False'
[0.158s] DEBUG:colcon.colcon_core.verb:Building package 'my_package2' with the following arguments: {'ament_cmake_args': None, 'build_base': '/workspace/ros_ws/src/build/my_package2', 'catkin_cmake_args': None, 'catkin_skip_building_tests': False, 'cmake_args': None, 'cmake_clean_cache': False, 'cmake_clean_first': False, 'cmake_force_configure': False, 'cmake_target': None, 'cmake_target_skip_unavailable': False, 'install_base': '/workspace/ros_ws/src/install/my_package2', 'merge_install': False, 'path': '/workspace/ros_ws/src/my_package2', 'symlink_install': False, 'test_result_base': None}
[0.158s] INFO:colcon.colcon_core.executor:Executing jobs using 'parallel' executor
[0.159s] DEBUG:colcon.colcon_parallel_executor.executor.parallel:run_until_complete
[0.160s] INFO:colcon.colcon_ros.task.ament_cmake.build:Building ROS package in '/workspace/ros_ws/src/master' with build type 'ament_cmake'
[0.160s] INFO:colcon.colcon_cmake.task.cmake.build:Building CMake package in '/workspace/ros_ws/src/master'
[0.162s] INFO:colcon.colcon_core.plugin_system:Skipping extension 'colcon_core.shell.bat': Not used on non-Windows systems
[0.162s] INFO:colcon.colcon_core.shell:Skip shell extension 'powershell' for command environment: Not usable outside of PowerShell
[0.162s] DEBUG:colcon.colcon_core.shell:Skip shell extension 'dsv' for command environment
[0.166s] INFO:colcon.colcon_ros.task.ament_cmake.build:Building ROS package in '/workspace/ros_ws/src/my_package2' with build type 'ament_cmake'
[0.167s] INFO:colcon.colcon_cmake.task.cmake.build:Building CMake package in '/workspace/ros_ws/src/my_package2'
[0.167s] INFO:colcon.colcon_core.shell:Skip shell extension 'powershell' for command environment: Not usable outside of PowerShell
[0.168s] DEBUG:colcon.colcon_core.shell:Skip shell extension 'dsv' for command environment
[0.179s] DEBUG:colcon.colcon_core.event_handler.log_command:Invoking command in '/workspace/ros_ws/src/build/master': CMAKE_PREFIX_PATH=${CMAKE_PREFIX_PATH}:/opt/ros/jazzy /usr/bin/cmake --build /workspace/ros_ws/src/build/master -- -j12 -l12
[0.185s] DEBUG:colcon.colcon_core.event_handler.log_command:Invoking command in '/workspace/ros_ws/src/build/my_package2': CMAKE_PREFIX_PATH=${CMAKE_PREFIX_PATH}:/opt/ros/jazzy /usr/bin/cmake --build /workspace/ros_ws/src/build/my_package2 -- -j12 -l12
[0.213s] DEBUG:colcon.colcon_core.event_handler.log_command:Invoked command in '/workspace/ros_ws/src/build/master' returned '0': CMAKE_PREFIX_PATH=${CMAKE_PREFIX_PATH}:/opt/ros/jazzy /usr/bin/cmake --build /workspace/ros_ws/src/build/master -- -j12 -l12
[0.222s] DEBUG:colcon.colcon_core.event_handler.log_command:Invoking command in '/workspace/ros_ws/src/build/master': CMAKE_PREFIX_PATH=${CMAKE_PREFIX_PATH}:/opt/ros/jazzy /usr/bin/cmake --install /workspace/ros_ws/src/build/master
[0.230s] Level 1:colcon.colcon_core.environment:create_environment_scripts_only(master)
[0.232s] DEBUG:colcon.colcon_core.event_handler.log_command:Invoked command in '/workspace/ros_ws/src/build/master' returned '0': CMAKE_PREFIX_PATH=${CMAKE_PREFIX_PATH}:/opt/ros/jazzy /usr/bin/cmake --install /workspace/ros_ws/src/build/master
[0.234s] Level 1:colcon.colcon_core.environment:checking '/workspace/ros_ws/src/install/master' for CMake module files
[0.234s] Level 1:colcon.colcon_core.environment:checking '/workspace/ros_ws/src/install/master' for CMake config files
[0.234s] Level 1:colcon.colcon_core.shell:create_environment_hook('master', 'cmake_prefix_path')
[0.235s] INFO:colcon.colcon_core.shell:Creating environment hook '/workspace/ros_ws/src/install/master/share/master/hook/cmake_prefix_path.ps1'
[0.235s] INFO:colcon.colcon_core.shell:Creating environment descriptor '/workspace/ros_ws/src/install/master/share/master/hook/cmake_prefix_path.dsv'
[0.235s] INFO:colcon.colcon_core.shell:Creating environment hook '/workspace/ros_ws/src/install/master/share/master/hook/cmake_prefix_path.sh'
[0.236s] Level 1:colcon.colcon_core.environment:checking '/workspace/ros_ws/src/install/master/bin'
[0.236s] Level 1:colcon.colcon_core.environment:checking '/workspace/ros_ws/src/install/master/lib/pkgconfig/master.pc'
[0.240s] Level 1:colcon.colcon_core.environment:checking '/workspace/ros_ws/src/install/master/lib/python3.12/site-packages'
[0.240s] Level 1:colcon.colcon_core.environment:checking '/workspace/ros_ws/src/install/master/bin'
[0.240s] INFO:colcon.colcon_core.shell:Creating package script '/workspace/ros_ws/src/install/master/share/master/package.ps1'
[0.241s] INFO:colcon.colcon_core.shell:Creating package descriptor '/workspace/ros_ws/src/install/master/share/master/package.dsv'
[0.241s] INFO:colcon.colcon_core.shell:Creating package script '/workspace/ros_ws/src/install/master/share/master/package.sh'
[0.242s] INFO:colcon.colcon_core.shell:Creating package script '/workspace/ros_ws/src/install/master/share/master/package.bash'
[0.242s] INFO:colcon.colcon_core.shell:Creating package script '/workspace/ros_ws/src/install/master/share/master/package.zsh'
[0.243s] Level 1:colcon.colcon_core.environment:create_file_with_runtime_dependencies(/workspace/ros_ws/src/install/master/share/colcon-core/packages/master)
[0.243s] Level 1:colcon.colcon_core.environment:create_environment_scripts_only(master)
[0.243s] Level 1:colcon.colcon_core.environment:checking '/workspace/ros_ws/src/install/master' for CMake module files
[0.244s] Level 1:colcon.colcon_core.environment:checking '/workspace/ros_ws/src/install/master' for CMake config files
[0.244s] Level 1:colcon.colcon_core.shell:create_environment_hook('master', 'cmake_prefix_path')
[0.244s] INFO:colcon.colcon_core.shell:Creating environment hook '/workspace/ros_ws/src/install/master/share/master/hook/cmake_prefix_path.ps1'
[0.244s] INFO:colcon.colcon_core.shell:Creating environment descriptor '/workspace/ros_ws/src/install/master/share/master/hook/cmake_prefix_path.dsv'
[0.245s] INFO:colcon.colcon_core.shell:Creating environment hook '/workspace/ros_ws/src/install/master/share/master/hook/cmake_prefix_path.sh'
[0.245s] Level 1:colcon.colcon_core.environment:checking '/workspace/ros_ws/src/install/master/bin'
[0.245s] Level 1:colcon.colcon_core.environment:checking '/workspace/ros_ws/src/install/master/lib/pkgconfig/master.pc'
[0.245s] Level 1:colcon.colcon_core.environment:checking '/workspace/ros_ws/src/install/master/lib/python3.12/site-packages'
[0.245s] Level 1:colcon.colcon_core.environment:checking '/workspace/ros_ws/src/install/master/bin'
[0.246s] INFO:colcon.colcon_core.shell:Creating package script '/workspace/ros_ws/src/install/master/share/master/package.ps1'
[0.246s] INFO:colcon.colcon_core.shell:Creating package descriptor '/workspace/ros_ws/src/install/master/share/master/package.dsv'
[0.246s] INFO:colcon.colcon_core.shell:Creating package script '/workspace/ros_ws/src/install/master/share/master/package.sh'
[0.247s] INFO:colcon.colcon_core.shell:Creating package script '/workspace/ros_ws/src/install/master/share/master/package.bash'
[0.247s] INFO:colcon.colcon_core.shell:Creating package script '/workspace/ros_ws/src/install/master/share/master/package.zsh'
[0.247s] Level 1:colcon.colcon_core.environment:create_file_with_runtime_dependencies(/workspace/ros_ws/src/install/master/share/colcon-core/packages/master)
[0.249s] DEBUG:colcon.colcon_core.event_handler.log_command:Invoked command in '/workspace/ros_ws/src/build/my_package2' returned '0': CMAKE_PREFIX_PATH=${CMAKE_PREFIX_PATH}:/opt/ros/jazzy /usr/bin/cmake --build /workspace/ros_ws/src/build/my_package2 -- -j12 -l12
[0.250s] DEBUG:colcon.colcon_core.event_handler.log_command:Invoking command in '/workspace/ros_ws/src/build/my_package2': CMAKE_PREFIX_PATH=${CMAKE_PREFIX_PATH}:/opt/ros/jazzy /usr/bin/cmake --install /workspace/ros_ws/src/build/my_package2
[0.260s] Level 1:colcon.colcon_core.environment:create_environment_scripts_only(my_package2)
[0.260s] DEBUG:colcon.colcon_core.event_handler.log_command:Invoked command in '/workspace/ros_ws/src/build/my_package2' returned '0': CMAKE_PREFIX_PATH=${CMAKE_PREFIX_PATH}:/opt/ros/jazzy /usr/bin/cmake --install /workspace/ros_ws/src/build/my_package2
[0.261s] Level 1:colcon.colcon_core.environment:checking '/workspace/ros_ws/src/install/my_package2' for CMake module files
[0.261s] Level 1:colcon.colcon_core.environment:checking '/workspace/ros_ws/src/install/my_package2' for CMake config files
[0.262s] Level 1:colcon.colcon_core.shell:create_environment_hook('my_package2', 'cmake_prefix_path')
[0.262s] INFO:colcon.colcon_core.shell:Creating environment hook '/workspace/ros_ws/src/install/my_package2/share/my_package2/hook/cmake_prefix_path.ps1'
[0.262s] INFO:colcon.colcon_core.shell:Creating environment descriptor '/workspace/ros_ws/src/install/my_package2/share/my_package2/hook/cmake_prefix_path.dsv'
[0.263s] INFO:colcon.colcon_core.shell:Creating environment hook '/workspace/ros_ws/src/install/my_package2/share/my_package2/hook/cmake_prefix_path.sh'
[0.264s] Level 1:colcon.colcon_core.environment:checking '/workspace/ros_ws/src/install/my_package2/lib'
[0.264s] Level 1:colcon.colcon_core.environment:checking '/workspace/ros_ws/src/install/my_package2/bin'
[0.264s] Level 1:colcon.colcon_core.environment:checking '/workspace/ros_ws/src/install/my_package2/lib/pkgconfig/my_package2.pc'
[0.265s] Level 1:colcon.colcon_core.environment:checking '/workspace/ros_ws/src/install/my_package2/lib/python3.12/site-packages'
[0.265s] Level 1:colcon.colcon_core.environment:checking '/workspace/ros_ws/src/install/my_package2/bin'
[0.266s] INFO:colcon.colcon_core.shell:Creating package script '/workspace/ros_ws/src/install/my_package2/share/my_package2/package.ps1'
[0.267s] INFO:colcon.colcon_core.shell:Creating package descriptor '/workspace/ros_ws/src/install/my_package2/share/my_package2/package.dsv'
[0.267s] INFO:colcon.colcon_core.shell:Creating package script '/workspace/ros_ws/src/install/my_package2/share/my_package2/package.sh'
[0.268s] INFO:colcon.colcon_core.shell:Creating package script '/workspace/ros_ws/src/install/my_package2/share/my_package2/package.bash'
[0.268s] INFO:colcon.colcon_core.shell:Creating package script '/workspace/ros_ws/src/install/my_package2/share/my_package2/package.zsh'
[0.269s] Level 1:colcon.colcon_core.environment:create_file_with_runtime_dependencies(/workspace/ros_ws/src/install/my_package2/share/colcon-core/packages/my_package2)
[0.270s] Level 1:colcon.colcon_core.environment:create_environment_scripts_only(my_package2)
[0.271s] Level 1:colcon.colcon_core.environment:checking '/workspace/ros_ws/src/install/my_package2' for CMake module files
[0.271s] Level 1:colcon.colcon_core.environment:checking '/workspace/ros_ws/src/install/my_package2' for CMake config files
[0.271s] Level 1:colcon.colcon_core.shell:create_environment_hook('my_package2', 'cmake_prefix_path')
[0.272s] INFO:colcon.colcon_core.shell:Creating environment hook '/workspace/ros_ws/src/install/my_package2/share/my_package2/hook/cmake_prefix_path.ps1'
[0.273s] INFO:colcon.colcon_core.shell:Creating environment descriptor '/workspace/ros_ws/src/install/my_package2/share/my_package2/hook/cmake_prefix_path.dsv'
[0.273s] INFO:colcon.colcon_core.shell:Creating environment hook '/workspace/ros_ws/src/install/my_package2/share/my_package2/hook/cmake_prefix_path.sh'
[0.275s] Level 1:colcon.colcon_core.environment:checking '/workspace/ros_ws/src/install/my_package2/lib'
[0.275s] Level 1:colcon.colcon_core.environment:checking '/workspace/ros_ws/src/install/my_package2/bin'
[0.275s] Level 1:colcon.colcon_core.environment:checking '/workspace/ros_ws/src/install/my_package2/lib/pkgconfig/my_package2.pc'
[0.275s] Level 1:colcon.colcon_core.environment:checking '/workspace/ros_ws/src/install/my_package2/lib/python3.12/site-packages'
[0.275s] Level 1:colcon.colcon_core.environment:checking '/workspace/ros_ws/src/install/my_package2/bin'
[0.276s] INFO:colcon.colcon_core.shell:Creating package script '/workspace/ros_ws/src/install/my_package2/share/my_package2/package.ps1'
[0.276s] INFO:colcon.colcon_core.shell:Creating package descriptor '/workspace/ros_ws/src/install/my_package2/share/my_package2/package.dsv'
[0.276s] INFO:colcon.colcon_core.shell:Creating package script '/workspace/ros_ws/src/install/my_package2/share/my_package2/package.sh'
[0.277s] INFO:colcon.colcon_core.shell:Creating package script '/workspace/ros_ws/src/install/my_package2/share/my_package2/package.bash'
[0.277s] INFO:colcon.colcon_core.shell:Creating package script '/workspace/ros_ws/src/install/my_package2/share/my_package2/package.zsh'
[0.277s] Level 1:colcon.colcon_core.environment:create_file_with_runtime_dependencies(/workspace/ros_ws/src/install/my_package2/share/colcon-core/packages/my_package2)
[0.278s] DEBUG:colcon.colcon_parallel_executor.executor.parallel:closing loop
[0.278s] DEBUG:colcon.colcon_parallel_executor.executor.parallel:loop closed
[0.278s] DEBUG:colcon.colcon_parallel_executor.executor.parallel:run_until_complete finished with '0'
[0.279s] DEBUG:colcon.colcon_core.event_reactor:joining thread
[0.285s] INFO:colcon.colcon_core.plugin_system:Skipping extension 'colcon_notification.desktop_notification.notify_send': Could not find 'notify-send'
[0.285s] INFO:colcon.colcon_core.plugin_system:Skipping extension 'colcon_notification.desktop_notification.terminal_notifier': Not used on non-Darwin systems
[0.285s] INFO:colcon.colcon_core.plugin_system:Skipping extension 'colcon_notification.desktop_notification.win32': Not used on non-Windows systems
[0.285s] INFO:colcon.colcon_notification.desktop_notification:Sending desktop notification using 'notify2'
[0.288s] DEBUG:colcon.colcon_notification.desktop_notification.notify2:Failed to initialize notify2: org.freedesktop.DBus.Error.Spawn.ExecFailed: /usr/bin/dbus-launch terminated abnormally without any error message
[0.289s] DEBUG:colcon.colcon_core.event_reactor:joined thread
[0.289s] INFO:colcon.colcon_core.shell:Creating prefix script '/workspace/ros_ws/src/install/local_setup.ps1'
[0.291s] INFO:colcon.colcon_core.shell:Creating prefix util module '/workspace/ros_ws/src/install/_local_setup_util_ps1.py'
[0.292s] INFO:colcon.colcon_core.shell:Creating prefix chain script '/workspace/ros_ws/src/install/setup.ps1'
[0.294s] INFO:colcon.colcon_core.shell:Creating prefix script '/workspace/ros_ws/src/install/local_setup.sh'
[0.294s] INFO:colcon.colcon_core.shell:Creating prefix util module '/workspace/ros_ws/src/install/_local_setup_util_sh.py'
[0.295s] INFO:colcon.colcon_core.shell:Creating prefix chain script '/workspace/ros_ws/src/install/setup.sh'
[0.296s] INFO:colcon.colcon_core.shell:Creating prefix script '/workspace/ros_ws/src/install/local_setup.bash'
[0.296s] INFO:colcon.colcon_core.shell:Creating prefix chain script '/workspace/ros_ws/src/install/setup.bash'
[0.297s] INFO:colcon.colcon_core.shell:Creating prefix script '/workspace/ros_ws/src/install/local_setup.zsh'
[0.297s] INFO:colcon.colcon_core.shell:Creating prefix chain script '/workspace/ros_ws/src/install/setup.zsh'
