[0.010s] Invoking command in '/workspace/ros_ws/build/p3at_description': CMAKE_PREFIX_PATH=${CMAKE_PREFIX_PATH}:/opt/ros/jazzy /usr/bin/cmake --build /workspace/ros_ws/build/p3at_description -- -j8 -l8
[0.048s] Invoked command in '/workspace/ros_ws/build/p3at_description' returned '0': CMAKE_PREFIX_PATH=${CMAKE_PREFIX_PATH}:/opt/ros/jazzy /usr/bin/cmake --build /workspace/ros_ws/build/p3at_description -- -j8 -l8
[0.058s] Invoking command in '/workspace/ros_ws/build/p3at_description': CMAKE_PREFIX_PATH=${CMAKE_PREFIX_PATH}:/opt/ros/jazzy /usr/bin/cmake --install /workspace/ros_ws/build/p3at_description
[0.065s] -- Install configuration: ""
[0.066s] -- Up-to-date: /workspace/ros_ws/install/p3at_description/share/p3at_description/launch
[0.066s] -- Installing: /workspace/ros_ws/install/p3at_description/share/p3at_description/launch/display.launch.py
[0.066s] -- Installing: /workspace/ros_ws/install/p3at_description/share/p3at_description/launch/install
[0.066s] -- Installing: /workspace/ros_ws/install/p3at_description/share/p3at_description/launch/install/_local_setup_util_ps1.py
[0.066s] -- Installing: /workspace/ros_ws/install/p3at_description/share/p3at_description/launch/install/COLCON_IGNORE
[0.066s] -- Installing: /workspace/ros_ws/install/p3at_description/share/p3at_description/launch/install/local_setup.ps1
[0.066s] -- Installing: /workspace/ros_ws/install/p3at_description/share/p3at_description/launch/install/setup.sh
[0.067s] -- Installing: /workspace/ros_ws/install/p3at_description/share/p3at_description/launch/install/.colcon_install_layout
[0.067s] -- Installing: /workspace/ros_ws/install/p3at_description/share/p3at_description/launch/install/local_setup.bash
[0.067s] -- Installing: /workspace/ros_ws/install/p3at_description/share/p3at_description/launch/install/setup.zsh
[0.067s] -- Installing: /workspace/ros_ws/install/p3at_description/share/p3at_description/launch/install/local_setup.sh
[0.067s] -- Installing: /workspace/ros_ws/install/p3at_description/share/p3at_description/launch/install/setup.bash
[0.067s] -- Installing: /workspace/ros_ws/install/p3at_description/share/p3at_description/launch/install/_local_setup_util_sh.py
[0.067s] -- Installing: /workspace/ros_ws/install/p3at_description/share/p3at_description/launch/install/setup.ps1
[0.067s] -- Installing: /workspace/ros_ws/install/p3at_description/share/p3at_description/launch/install/local_setup.zsh
[0.067s] -- Installing: /workspace/ros_ws/install/p3at_description/share/p3at_description/launch/log
[0.067s] -- Installing: /workspace/ros_ws/install/p3at_description/share/p3at_description/launch/log/latest
[0.067s] -- Installing: /workspace/ros_ws/install/p3at_description/share/p3at_description/launch/log/COLCON_IGNORE
[0.067s] -- Installing: /workspace/ros_ws/install/p3at_description/share/p3at_description/launch/log/build_2025-05-17_10-45-05
[0.067s] -- Installing: /workspace/ros_ws/install/p3at_description/share/p3at_description/launch/log/build_2025-05-17_10-45-05/logger_all.log
[0.068s] -- Installing: /workspace/ros_ws/install/p3at_description/share/p3at_description/launch/log/build_2025-05-17_10-45-05/events.log
[0.068s] -- Installing: /workspace/ros_ws/install/p3at_description/share/p3at_description/launch/log/latest_build
[0.068s] -- Up-to-date: /workspace/ros_ws/install/p3at_description/share/p3at_description/launch/ekf_launch.py
[0.068s] -- Installing: /workspace/ros_ws/install/p3at_description/share/p3at_description/launch/build
[0.068s] -- Installing: /workspace/ros_ws/install/p3at_description/share/p3at_description/launch/build/COLCON_IGNORE
[0.068s] -- Installing: /workspace/ros_ws/install/p3at_description/share/p3at_description/launch/build/.built_by
[0.068s] -- Up-to-date: /workspace/ros_ws/install/p3at_description/share/p3at_description/meshes
[0.068s] -- Up-to-date: /workspace/ros_ws/install/p3at_description/share/p3at_description/meshes/axle.dae
[0.068s] -- Up-to-date: /workspace/ros_ws/install/p3at_description/share/p3at_description/meshes/top.dae
[0.068s] -- Up-to-date: /workspace/ros_ws/install/p3at_description/share/p3at_description/meshes/hokuyo.dae
[0.068s] -- Up-to-date: /workspace/ros_ws/install/p3at_description/share/p3at_description/meshes/kinect.dae
[0.068s] -- Up-to-date: /workspace/ros_ws/install/p3at_description/share/p3at_description/meshes/right_hubcap.dae
[0.068s] -- Up-to-date: /workspace/ros_ws/install/p3at_description/share/p3at_description/meshes/kinect.tga
[0.068s] -- Up-to-date: /workspace/ros_ws/install/p3at_description/share/p3at_description/meshes/hokuyo_convex.stl
[0.069s] -- Up-to-date: /workspace/ros_ws/install/p3at_description/share/p3at_description/meshes/tampa1_mesh.dae
[0.069s] -- Up-to-date: /workspace/ros_ws/install/p3at_description/share/p3at_description/meshes/suporte_kinect_mesh.dae
[0.069s] -- Up-to-date: /workspace/ros_ws/install/p3at_description/share/p3at_description/meshes/suporte_base_mesh.dae
[0.069s] -- Up-to-date: /workspace/ros_ws/install/p3at_description/share/p3at_description/meshes/suporte_depth_mesh.dae
[0.069s] -- Up-to-date: /workspace/ros_ws/install/p3at_description/share/p3at_description/meshes/hokuyo1.dae
[0.069s] -- Up-to-date: /workspace/ros_ws/install/p3at_description/share/p3at_description/meshes/wheel.dae
[0.069s] -- Up-to-date: /workspace/ros_ws/install/p3at_description/share/p3at_description/meshes/back_sonar.dae
[0.069s] -- Up-to-date: /workspace/ros_ws/install/p3at_description/share/p3at_description/meshes/suporte_armControl_mesh.dae
[0.069s] -- Up-to-date: /workspace/ros_ws/install/p3at_description/share/p3at_description/meshes/suporte_base_mesh2.dae
[0.069s] -- Up-to-date: /workspace/ros_ws/install/p3at_description/share/p3at_description/meshes/arm_control_box_mesh.dae
[0.069s] -- Up-to-date: /workspace/ros_ws/install/p3at_description/share/p3at_description/meshes/tampa2_mesh.dae
[0.070s] -- Up-to-date: /workspace/ros_ws/install/p3at_description/share/p3at_description/meshes/back_sonar_mesh.dae
[0.070s] -- Up-to-date: /workspace/ros_ws/install/p3at_description/share/p3at_description/meshes/left_hubcap_mesh.dae
[0.070s] -- Up-to-date: /workspace/ros_ws/install/p3at_description/share/p3at_description/meshes/tampa4_mesh.dae
[0.070s] -- Up-to-date: /workspace/ros_ws/install/p3at_description/share/p3at_description/meshes/tampa3_mesh.dae
[0.070s] -- Up-to-date: /workspace/ros_ws/install/p3at_description/share/p3at_description/meshes/left_hubcap.dae
[0.070s] -- Up-to-date: /workspace/ros_ws/install/p3at_description/share/p3at_description/meshes/p3at_meshes
[0.070s] -- Up-to-date: /workspace/ros_ws/install/p3at_description/share/p3at_description/meshes/p3at_meshes/axle.dae
[0.070s] -- Up-to-date: /workspace/ros_ws/install/p3at_description/share/p3at_description/meshes/p3at_meshes/top.dae
[0.070s] -- Up-to-date: /workspace/ros_ws/install/p3at_description/share/p3at_description/meshes/p3at_meshes/front_sonar.stl
[0.070s] -- Up-to-date: /workspace/ros_ws/install/p3at_description/share/p3at_description/meshes/p3at_meshes/right_hubcap.dae
[0.070s] -- Up-to-date: /workspace/ros_ws/install/p3at_description/share/p3at_description/meshes/p3at_meshes/top.stl
[0.070s] -- Up-to-date: /workspace/ros_ws/install/p3at_description/share/p3at_description/meshes/p3at_meshes/.svn
[0.070s] -- Up-to-date: /workspace/ros_ws/install/p3at_description/share/p3at_description/meshes/p3at_meshes/.svn/entries
[0.070s] -- Up-to-date: /workspace/ros_ws/install/p3at_description/share/p3at_description/meshes/p3at_meshes/.svn/text-base
[0.071s] -- Up-to-date: /workspace/ros_ws/install/p3at_description/share/p3at_description/meshes/p3at_meshes/.svn/text-base/wheel.stl.svn-base
[0.071s] -- Up-to-date: /workspace/ros_ws/install/p3at_description/share/p3at_description/meshes/p3at_meshes/.svn/text-base/right_hubcap.stl.svn-base
[0.071s] -- Up-to-date: /workspace/ros_ws/install/p3at_description/share/p3at_description/meshes/p3at_meshes/.svn/text-base/chassis.stl.svn-base
[0.071s] -- Up-to-date: /workspace/ros_ws/install/p3at_description/share/p3at_description/meshes/p3at_meshes/.svn/text-base/top.stl.svn-base
[0.071s] -- Up-to-date: /workspace/ros_ws/install/p3at_description/share/p3at_description/meshes/p3at_meshes/.svn/text-base/axle.stl.svn-base
[0.071s] -- Up-to-date: /workspace/ros_ws/install/p3at_description/share/p3at_description/meshes/p3at_meshes/.svn/text-base/back_sonar.stl.svn-base
[0.071s] -- Up-to-date: /workspace/ros_ws/install/p3at_description/share/p3at_description/meshes/p3at_meshes/.svn/text-base/front_sonar.stl.svn-base
[0.071s] -- Up-to-date: /workspace/ros_ws/install/p3at_description/share/p3at_description/meshes/p3at_meshes/.svn/text-base/left_hubcap.stl.svn-base
[0.071s] -- Up-to-date: /workspace/ros_ws/install/p3at_description/share/p3at_description/meshes/p3at_meshes/.svn/text-base/Coordinates.svn-base
[0.071s] -- Up-to-date: /workspace/ros_ws/install/p3at_description/share/p3at_description/meshes/p3at_meshes/.svn/all-wcprops
[0.071s] -- Up-to-date: /workspace/ros_ws/install/p3at_description/share/p3at_description/meshes/p3at_meshes/.svn/prop-base
[0.071s] -- Up-to-date: /workspace/ros_ws/install/p3at_description/share/p3at_description/meshes/p3at_meshes/.svn/prop-base/wheel.stl.svn-base
[0.071s] -- Up-to-date: /workspace/ros_ws/install/p3at_description/share/p3at_description/meshes/p3at_meshes/.svn/prop-base/right_hubcap.stl.svn-base
[0.072s] -- Up-to-date: /workspace/ros_ws/install/p3at_description/share/p3at_description/meshes/p3at_meshes/.svn/prop-base/chassis.stl.svn-base
[0.072s] -- Up-to-date: /workspace/ros_ws/install/p3at_description/share/p3at_description/meshes/p3at_meshes/.svn/prop-base/top.stl.svn-base
[0.072s] -- Up-to-date: /workspace/ros_ws/install/p3at_description/share/p3at_description/meshes/p3at_meshes/.svn/prop-base/axle.stl.svn-base
[0.072s] -- Up-to-date: /workspace/ros_ws/install/p3at_description/share/p3at_description/meshes/p3at_meshes/.svn/prop-base/back_sonar.stl.svn-base
[0.072s] -- Up-to-date: /workspace/ros_ws/install/p3at_description/share/p3at_description/meshes/p3at_meshes/.svn/prop-base/front_sonar.stl.svn-base
[0.072s] -- Up-to-date: /workspace/ros_ws/install/p3at_description/share/p3at_description/meshes/p3at_meshes/.svn/prop-base/left_hubcap.stl.svn-base
[0.072s] -- Up-to-date: /workspace/ros_ws/install/p3at_description/share/p3at_description/meshes/p3at_meshes/wheel.dae
[0.072s] -- Up-to-date: /workspace/ros_ws/install/p3at_description/share/p3at_description/meshes/p3at_meshes/back_sonar.dae
[0.073s] -- Up-to-date: /workspace/ros_ws/install/p3at_description/share/p3at_description/meshes/p3at_meshes/chassis.stl
[0.073s] -- Up-to-date: /workspace/ros_ws/install/p3at_description/share/p3at_description/meshes/p3at_meshes/axle.stl
[0.073s] -- Up-to-date: /workspace/ros_ws/install/p3at_description/share/p3at_description/meshes/p3at_meshes/right_hubcap.stl
[0.073s] -- Up-to-date: /workspace/ros_ws/install/p3at_description/share/p3at_description/meshes/p3at_meshes/back_sonar.stl
[0.073s] -- Up-to-date: /workspace/ros_ws/install/p3at_description/share/p3at_description/meshes/p3at_meshes/left_hubcap.dae
[0.073s] -- Up-to-date: /workspace/ros_ws/install/p3at_description/share/p3at_description/meshes/p3at_meshes/front_sonar.dae
[0.073s] -- Up-to-date: /workspace/ros_ws/install/p3at_description/share/p3at_description/meshes/p3at_meshes/Coordinates
[0.073s] -- Up-to-date: /workspace/ros_ws/install/p3at_description/share/p3at_description/meshes/p3at_meshes/wheel.stl
[0.073s] -- Up-to-date: /workspace/ros_ws/install/p3at_description/share/p3at_description/meshes/p3at_meshes/chassis.dae
[0.073s] -- Up-to-date: /workspace/ros_ws/install/p3at_description/share/p3at_description/meshes/p3at_meshes/left_hubcap.stl
[0.073s] -- Up-to-date: /workspace/ros_ws/install/p3at_description/share/p3at_description/meshes/front_sonar.dae
[0.074s] -- Up-to-date: /workspace/ros_ws/install/p3at_description/share/p3at_description/meshes/suporte_monitor_mesh.dae
[0.074s] -- Up-to-date: /workspace/ros_ws/install/p3at_description/share/p3at_description/meshes/tv_mesh.dae
[0.074s] -- Up-to-date: /workspace/ros_ws/install/p3at_description/share/p3at_description/meshes/Coordinates
[0.074s] -- Up-to-date: /workspace/ros_ws/install/p3at_description/share/p3at_description/meshes/chassis.dae
[0.074s] -- Up-to-date: /workspace/ros_ws/install/p3at_description/share/p3at_description/urdf
[0.074s] -- Up-to-date: /workspace/ros_ws/install/p3at_description/share/p3at_description/urdf/pioneer.urdf.xacro
[0.074s] -- Up-to-date: /workspace/ros_ws/install/p3at_description/share/p3at_description/urdf/pioneer1.urdf
[0.074s] -- Up-to-date: /workspace/ros_ws/install/p3at_description/share/p3at_description/world
[0.074s] -- Up-to-date: /workspace/ros_ws/install/p3at_description/share/p3at_description/world/empty.sdf
[0.074s] -- Up-to-date: /workspace/ros_ws/install/p3at_description/share/p3at_description/rviz
[0.075s] -- Up-to-date: /workspace/ros_ws/install/p3at_description/share/p3at_description/rviz/display.rviz
[0.075s] -- Up-to-date: /workspace/ros_ws/install/p3at_description/share/ament_index/resource_index/package_run_dependencies/p3at_description
[0.075s] -- Up-to-date: /workspace/ros_ws/install/p3at_description/share/ament_index/resource_index/parent_prefix_path/p3at_description
[0.075s] -- Up-to-date: /workspace/ros_ws/install/p3at_description/share/p3at_description/environment/ament_prefix_path.sh
[0.075s] -- Up-to-date: /workspace/ros_ws/install/p3at_description/share/p3at_description/environment/ament_prefix_path.dsv
[0.075s] -- Up-to-date: /workspace/ros_ws/install/p3at_description/share/p3at_description/environment/path.sh
[0.075s] -- Up-to-date: /workspace/ros_ws/install/p3at_description/share/p3at_description/environment/path.dsv
[0.075s] -- Up-to-date: /workspace/ros_ws/install/p3at_description/share/p3at_description/local_setup.bash
[0.076s] -- Up-to-date: /workspace/ros_ws/install/p3at_description/share/p3at_description/local_setup.sh
[0.076s] -- Up-to-date: /workspace/ros_ws/install/p3at_description/share/p3at_description/local_setup.zsh
[0.076s] -- Up-to-date: /workspace/ros_ws/install/p3at_description/share/p3at_description/local_setup.dsv
[0.076s] -- Up-to-date: /workspace/ros_ws/install/p3at_description/share/p3at_description/package.dsv
[0.076s] -- Up-to-date: /workspace/ros_ws/install/p3at_description/share/ament_index/resource_index/packages/p3at_description
[0.076s] -- Up-to-date: /workspace/ros_ws/install/p3at_description/share/p3at_description/cmake/p3at_descriptionConfig.cmake
[0.076s] -- Up-to-date: /workspace/ros_ws/install/p3at_description/share/p3at_description/cmake/p3at_descriptionConfig-version.cmake
[0.076s] -- Up-to-date: /workspace/ros_ws/install/p3at_description/share/p3at_description/package.xml
[0.076s] Invoked command in '/workspace/ros_ws/build/p3at_description' returned '0': CMAKE_PREFIX_PATH=${CMAKE_PREFIX_PATH}:/opt/ros/jazzy /usr/bin/cmake --install /workspace/ros_ws/build/p3at_description
