This file contains any messages produced by compilers while
running configure, to aid debugging if configure makes a mistake.

It was created by phidget22 C Library configure 1.22.20250324, which was
generated by GNU Autoconf 2.71.  Invocation command line was

  $ ./configure

## --------- ##
## Platform. ##
## --------- ##

hostname = pioneer-NUC11PHi7
uname -m = x86_64
uname -r = 6.11.0-26-generic
uname -s = Linux
uname -v = #26~24.04.1-Ubuntu SMP PREEMPT_DYNAMIC Thu Apr 17 19:20:47 UTC 2

/usr/bin/uname -p = x86_64
/bin/uname -X     = unknown

/bin/arch              = x86_64
/usr/bin/arch -k       = unknown
/usr/convex/getsysinfo = unknown
/usr/bin/hostinfo      = unknown
/bin/machine           = unknown
/usr/bin/oslevel       = unknown
/bin/universe          = unknown

PATH: /opt/ros/jazzy/opt/gz_msgs_vendor/bin/
PATH: /opt/ros/jazzy/opt/gz_tools_vendor/bin/
PATH: /opt/ros/jazzy/opt/gz_ogre_next_vendor/bin/
PATH: /opt/ros/jazzy/bin/
PATH: /usr/local/sbin/
PATH: /usr/local/bin/
PATH: /usr/sbin/
PATH: /usr/bin/
PATH: /sbin/
PATH: /bin/


## ----------- ##
## Core tests. ##
## ----------- ##

configure:2419: looking for aux files: ltmain.sh config.guess config.sub compile ar-lib missing install-sh
configure:2432:  trying ./build/
configure:2461:   ./build/ltmain.sh found
configure:2461:   ./build/config.guess found
configure:2461:   ./build/config.sub found
configure:2461:   ./build/compile found
configure:2461:   ./build/ar-lib found
configure:2461:   ./build/missing found
configure:2443:   ./build/install-sh found
configure:2591: checking for a BSD-compatible install
configure:2664: result: /usr/bin/install -c
configure:2675: checking whether build environment is sane
configure:2730: result: yes
configure:2889: checking for a race-free mkdir -p
configure:2933: result: /usr/bin/mkdir -p
configure:2940: checking for gawk
configure:2975: result: no
configure:2940: checking for mawk
configure:2961: found /usr/bin/mawk
configure:2972: result: mawk
configure:2983: checking whether make sets $(MAKE)
configure:3006: result: yes
configure:3036: checking whether make supports nested variables
configure:3054: result: yes
configure:3204: checking whether make supports the include directive
configure:3219: make -f confmf.GNU && cat confinc.out
this is the am__doit target
configure:3222: $? = 0
configure:3241: result: yes (GNU style)
configure:3317: checking for gcc
configure:3338: found /usr/bin/gcc
configure:3349: result: gcc
configure:3702: checking for C compiler version
configure:3711: gcc --version >&5
gcc (Ubuntu 13.3.0-6ubuntu2~24.04) 13.3.0
Copyright (C) 2023 Free Software Foundation, Inc.
This is free software; see the source for copying conditions.  There is NO
warranty; not even for MERCHANTABILITY or FITNESS FOR A PARTICULAR PURPOSE.

configure:3722: $? = 0
configure:3711: gcc -v >&5
Using built-in specs.
COLLECT_GCC=gcc
COLLECT_LTO_WRAPPER=/usr/libexec/gcc/x86_64-linux-gnu/13/lto-wrapper
OFFLOAD_TARGET_NAMES=nvptx-none:amdgcn-amdhsa
OFFLOAD_TARGET_DEFAULT=1
Target: x86_64-linux-gnu
Configured with: ../src/configure -v --with-pkgversion='Ubuntu 13.3.0-6ubuntu2~24.04' --with-bugurl=file:///usr/share/doc/gcc-13/README.Bugs --enable-languages=c,ada,c++,go,d,fortran,objc,obj-c++,m2 --prefix=/usr --with-gcc-major-version-only --program-suffix=-13 --program-prefix=x86_64-linux-gnu- --enable-shared --enable-linker-build-id --libexecdir=/usr/libexec --without-included-gettext --enable-threads=posix --libdir=/usr/lib --enable-nls --enable-bootstrap --enable-clocale=gnu --enable-libstdcxx-debug --enable-libstdcxx-time=yes --with-default-libstdcxx-abi=new --enable-libstdcxx-backtrace --enable-gnu-unique-object --disable-vtable-verify --enable-plugin --enable-default-pie --with-system-zlib --enable-libphobos-checking=release --with-target-system-zlib=auto --enable-objc-gc=auto --enable-multiarch --disable-werror --enable-cet --with-arch-32=i686 --with-abi=m64 --with-multilib-list=m32,m64,mx32 --enable-multilib --with-tune=generic --enable-offload-targets=nvptx-none=/build/gcc-13-fG75Ri/gcc-13-13.3.0/debian/tmp-nvptx/usr,amdgcn-amdhsa=/build/gcc-13-fG75Ri/gcc-13-13.3.0/debian/tmp-gcn/usr --enable-offload-defaulted --without-cuda-driver --enable-checking=release --build=x86_64-linux-gnu --host=x86_64-linux-gnu --target=x86_64-linux-gnu --with-build-config=bootstrap-lto-lean --enable-link-serialization=2
Thread model: posix
Supported LTO compression algorithms: zlib zstd
gcc version 13.3.0 (Ubuntu 13.3.0-6ubuntu2~24.04) 
... rest of stderr output deleted ...
configure:3722: $? = 0
configure:3711: gcc -V >&5
gcc: error: unrecognized command-line option '-V'
gcc: fatal error: no input files
compilation terminated.
configure:3722: $? = 1
configure:3711: gcc -qversion >&5
gcc: error: unrecognized command-line option '-qversion'; did you mean '--version'?
gcc: fatal error: no input files
compilation terminated.
configure:3722: $? = 1
configure:3711: gcc -version >&5
gcc: error: unrecognized command-line option '-version'
gcc: fatal error: no input files
compilation terminated.
configure:3722: $? = 1
configure:3742: checking whether the C compiler works
configure:3764: gcc    conftest.c  >&5
configure:3768: $? = 0
configure:3818: result: yes
configure:3821: checking for C compiler default output file name
configure:3823: result: a.out
configure:3829: checking for suffix of executables
configure:3836: gcc -o conftest    conftest.c  >&5
configure:3840: $? = 0
configure:3863: result: 
configure:3885: checking whether we are cross compiling
configure:3893: gcc -o conftest    conftest.c  >&5
configure:3897: $? = 0
configure:3904: ./conftest
configure:3908: $? = 0
configure:3923: result: no
configure:3928: checking for suffix of object files
configure:3951: gcc -c   conftest.c >&5
configure:3955: $? = 0
configure:3977: result: o
configure:3981: checking whether the compiler supports GNU C
configure:4001: gcc -c   conftest.c >&5
configure:4001: $? = 0
configure:4011: result: yes
configure:4022: checking whether gcc accepts -g
configure:4043: gcc -c -g  conftest.c >&5
configure:4043: $? = 0
configure:4087: result: yes
configure:4107: checking for gcc option to enable C11 features
configure:4122: gcc  -c -g -O2  conftest.c >&5
configure:4122: $? = 0
configure:4140: result: none needed
configure:4256: checking whether gcc understands -c and -o together
configure:4279: gcc -c conftest.c -o conftest2.o
configure:4282: $? = 0
configure:4279: gcc -c conftest.c -o conftest2.o
configure:4282: $? = 0
configure:4294: result: yes
configure:4313: checking dependency style of gcc
configure:4425: result: gcc3
configure:4496: checking for ar
configure:4517: found /usr/bin/ar
configure:4528: result: ar
configure:4554: checking the archiver (ar) interface
configure:4571: gcc -c -g -O2  conftest.c >&5
configure:4571: $? = 0
configure:4574: ar cru libconftest.a conftest.o >&5
ar: `u' modifier ignored since `D' is the default (see `U')
configure:4577: $? = 0
configure:4605: result: ar
configure:4635: checking build system type
configure:4650: result: x86_64-pc-linux-gnu
configure:4670: checking host system type
configure:4684: result: x86_64-pc-linux-gnu
configure:4778: checking how to print strings
configure:4805: result: printf
configure:4826: checking for a sed that does not truncate output
configure:4896: result: /usr/bin/sed
configure:4914: checking for grep that handles long lines and -e
configure:4978: result: /usr/bin/grep
configure:4983: checking for egrep
configure:5051: result: /usr/bin/grep -E
configure:5056: checking for fgrep
configure:5124: result: /usr/bin/grep -F
configure:5160: checking for ld used by gcc
configure:5228: result: /usr/bin/ld
configure:5235: checking if the linker (/usr/bin/ld) is GNU ld
configure:5251: result: yes
configure:5263: checking for BSD- or MS-compatible name lister (nm)
configure:5318: result: /usr/bin/nm -B
configure:5458: checking the name lister (/usr/bin/nm -B) interface
configure:5466: gcc -c -g -O2  conftest.c >&5
configure:5469: /usr/bin/nm -B "conftest.o"
configure:5472: output
0000000000000000 B some_variable
configure:5479: result: BSD nm
configure:5482: checking whether ln -s works
configure:5486: result: yes
configure:5494: checking the maximum length of command line arguments
configure:5626: result: 1572864
configure:5674: checking how to convert x86_64-pc-linux-gnu file names to x86_64-pc-linux-gnu format
configure:5715: result: func_convert_file_noop
configure:5722: checking how to convert x86_64-pc-linux-gnu file names to toolchain format
configure:5743: result: func_convert_file_noop
configure:5750: checking for /usr/bin/ld option to reload object files
configure:5758: result: -r
configure:5837: checking for objdump
configure:5858: found /usr/bin/objdump
configure:5869: result: objdump
configure:5901: checking how to recognize dependent libraries
configure:6102: result: pass_all
configure:6192: checking for dlltool
configure:6227: result: no
configure:6257: checking how to associate runtime and link libraries
configure:6285: result: printf %s\n
configure:6419: checking for archiver @FILE support
configure:6437: gcc -c -g -O2  conftest.c >&5
configure:6437: $? = 0
configure:6441: ar cr libconftest.a @conftest.lst >&5
configure:6444: $? = 0
configure:6449: ar cr libconftest.a @conftest.lst >&5
ar: conftest.o: No such file or directory
configure:6452: $? = 1
configure:6464: result: @
configure:6527: checking for strip
configure:6548: found /usr/bin/strip
configure:6559: result: strip
configure:6636: checking for ranlib
configure:6657: found /usr/bin/ranlib
configure:6668: result: ranlib
configure:6770: checking command to parse /usr/bin/nm -B output from gcc object
configure:6924: gcc -c -g -O2  conftest.c >&5
configure:6927: $? = 0
configure:6931: /usr/bin/nm -B conftest.o | sed -n -e 's/^.*[	 ]\([ABCDGIRSTW][ABCDGIRSTW]*\)[	 ][	 ]*\([_A-Za-z][_A-Za-z0-9]*\)$/\1 \2 \2/p' | sed '/ __gnu_lto/d' > conftest.nm
configure:6997: gcc -o conftest -g -O2   conftest.c conftstm.o >&5
configure:7000: $? = 0
configure:7038: result: ok
configure:7085: checking for sysroot
configure:7116: result: no
configure:7123: checking for a working dd
configure:7167: result: /usr/bin/dd
configure:7171: checking how to truncate binary pipes
configure:7187: result: /usr/bin/dd bs=4096 count=1
configure:7324: gcc -c -g -O2  conftest.c >&5
configure:7327: $? = 0
configure:7524: checking for mt
configure:7559: result: no
configure:7579: checking if : is a manifest tool
configure:7586: : '-?'
configure:7594: result: no
configure:8324: checking for stdio.h
configure:8324: gcc -c -g -O2  conftest.c >&5
configure:8324: $? = 0
configure:8324: result: yes
configure:8324: checking for stdlib.h
configure:8324: gcc -c -g -O2  conftest.c >&5
configure:8324: $? = 0
configure:8324: result: yes
configure:8324: checking for string.h
configure:8324: gcc -c -g -O2  conftest.c >&5
configure:8324: $? = 0
configure:8324: result: yes
configure:8324: checking for inttypes.h
configure:8324: gcc -c -g -O2  conftest.c >&5
configure:8324: $? = 0
configure:8324: result: yes
configure:8324: checking for stdint.h
configure:8324: gcc -c -g -O2  conftest.c >&5
configure:8324: $? = 0
configure:8324: result: yes
configure:8324: checking for strings.h
configure:8324: gcc -c -g -O2  conftest.c >&5
configure:8324: $? = 0
configure:8324: result: yes
configure:8324: checking for sys/stat.h
configure:8324: gcc -c -g -O2  conftest.c >&5
configure:8324: $? = 0
configure:8324: result: yes
configure:8324: checking for sys/types.h
configure:8324: gcc -c -g -O2  conftest.c >&5
configure:8324: $? = 0
configure:8324: result: yes
configure:8324: checking for unistd.h
configure:8324: gcc -c -g -O2  conftest.c >&5
configure:8324: $? = 0
configure:8324: result: yes
configure:8349: checking for dlfcn.h
configure:8349: gcc -c -g -O2  conftest.c >&5
configure:8349: $? = 0
configure:8349: result: yes
configure:8608: checking for objdir
configure:8624: result: .libs
configure:8888: checking if gcc supports -fno-rtti -fno-exceptions
configure:8907: gcc -c -g -O2  -fno-rtti -fno-exceptions conftest.c >&5
cc1: warning: command-line option '-fno-rtti' is valid for C++/D/ObjC++ but not for C
configure:8911: $? = 0
configure:8924: result: no
configure:9288: checking for gcc option to produce PIC
configure:9296: result: -fPIC -DPIC
configure:9304: checking if gcc PIC flag -fPIC -DPIC works
configure:9323: gcc -c -g -O2  -fPIC -DPIC -DPIC conftest.c >&5
configure:9327: $? = 0
configure:9340: result: yes
configure:9369: checking if gcc static flag -static works
configure:9398: result: yes
configure:9413: checking if gcc supports -c -o file.o
configure:9435: gcc -c -g -O2  -o out/conftest2.o conftest.c >&5
configure:9439: $? = 0
configure:9461: result: yes
configure:9469: checking if gcc supports -c -o file.o
configure:9517: result: yes
configure:9550: checking whether the gcc linker (/usr/bin/ld -m elf_x86_64) supports shared libraries
configure:10820: result: yes
configure:10857: checking whether -lc should be explicitly linked in
configure:10866: gcc -c -g -O2  conftest.c >&5
configure:10869: $? = 0
configure:10884: gcc -shared  -fPIC -DPIC conftest.o  -v -Wl,-soname -Wl,conftest -o conftest 2\>\&1 \| /usr/bin/grep  -lc  \>/dev/null 2\>\&1
configure:10887: $? = 0
configure:10901: result: no
configure:11061: checking dynamic linker characteristics
configure:11643: gcc -o conftest -g -O2   -Wl,-rpath -Wl,/foo conftest.c  >&5
configure:11643: $? = 0
configure:11894: result: GNU/Linux ld.so
configure:12016: checking how to hardcode library paths into programs
configure:12041: result: immediate
configure:12593: checking whether stripping libraries is possible
configure:12598: result: yes
configure:12633: checking if libtool supports shared libraries
configure:12635: result: yes
configure:12638: checking whether to build shared libraries
configure:12663: result: yes
configure:12666: checking whether to build static libraries
configure:12670: result: yes
configure:12720: checking whether make supports nested variables
configure:12738: result: yes
configure:12759: checking whether byte ordering is bigendian
configure:12775: gcc -c -g -O2  conftest.c >&5
conftest.c:27:16: error: unknown type name 'not'
   27 |                not a universal capable compiler
      |                ^~~
conftest.c:27:22: error: expected '=', ',', ';', 'asm' or '__attribute__' before 'universal'
   27 |                not a universal capable compiler
      |                      ^~~~~~~~~
conftest.c:27:22: error: unknown type name 'universal'
configure:12775: $? = 1
configure: failed program was:
| /* confdefs.h */
| #define PACKAGE_NAME "phidget22 C Library"
| #define PACKAGE_TARNAME "libphidget22"
| #define PACKAGE_VERSION "1.22.20250324"
| #define PACKAGE_STRING "phidget22 C Library 1.22.20250324"
| #define PACKAGE_BUGREPORT "support@phidgets.com"
| #define PACKAGE_URL "www.phidgets.com"
| #define PACKAGE "libphidget22"
| #define VERSION "1.22.20250324"
| #define P22_LIB_VERSION "1.22.20250324"
| #define _HOST_CPU x86_64
| #define _MACHINE x86_64
| #define HAVE_STDIO_H 1
| #define HAVE_STDLIB_H 1
| #define HAVE_STRING_H 1
| #define HAVE_INTTYPES_H 1
| #define HAVE_STDINT_H 1
| #define HAVE_STRINGS_H 1
| #define HAVE_SYS_STAT_H 1
| #define HAVE_SYS_TYPES_H 1
| #define HAVE_UNISTD_H 1
| #define STDC_HEADERS 1
| #define HAVE_DLFCN_H 1
| #define LT_OBJDIR ".libs/"
| /* end confdefs.h.  */
| #ifndef __APPLE_CC__
| 	       not a universal capable compiler
| 	     #endif
| 	     typedef int dummy;
| 
configure:12821: gcc -c -g -O2  conftest.c >&5
configure:12821: $? = 0
configure:12840: gcc -c -g -O2  conftest.c >&5
conftest.c: In function 'main':
conftest.c:33:18: error: unknown type name 'not'; did you mean 'ino_t'?
   33 |                  not big endian
      |                  ^~~
      |                  ino_t
conftest.c:33:26: error: expected '=', ',', ';', 'asm' or '__attribute__' before 'endian'
   33 |                  not big endian
      |                          ^~~~~~
configure:12840: $? = 1
configure: failed program was:
| /* confdefs.h */
| #define PACKAGE_NAME "phidget22 C Library"
| #define PACKAGE_TARNAME "libphidget22"
| #define PACKAGE_VERSION "1.22.20250324"
| #define PACKAGE_STRING "phidget22 C Library 1.22.20250324"
| #define PACKAGE_BUGREPORT "support@phidgets.com"
| #define PACKAGE_URL "www.phidgets.com"
| #define PACKAGE "libphidget22"
| #define VERSION "1.22.20250324"
| #define P22_LIB_VERSION "1.22.20250324"
| #define _HOST_CPU x86_64
| #define _MACHINE x86_64
| #define HAVE_STDIO_H 1
| #define HAVE_STDLIB_H 1
| #define HAVE_STRING_H 1
| #define HAVE_INTTYPES_H 1
| #define HAVE_STDINT_H 1
| #define HAVE_STRINGS_H 1
| #define HAVE_SYS_STAT_H 1
| #define HAVE_SYS_TYPES_H 1
| #define HAVE_UNISTD_H 1
| #define STDC_HEADERS 1
| #define HAVE_DLFCN_H 1
| #define LT_OBJDIR ".libs/"
| /* end confdefs.h.  */
| #include <sys/types.h>
| 		#include <sys/param.h>
| 
| int
| main (void)
| {
| #if BYTE_ORDER != BIG_ENDIAN
| 		 not big endian
| 		#endif
| 
|   ;
|   return 0;
| }
configure:12974: result: no
configure:12999: checking for ldconfig
configure:13022: found /sbin/ldconfig
configure:13035: result: /sbin/ldconfig
configure:13047: checking for library containing dlopen
configure:13077: gcc -o conftest -g -O2   conftest.c  >&5
configure:13077: $? = 0
configure:13097: result: none required
configure:13108: checking for library containing sqrt
configure:13138: gcc -o conftest -g -O2   conftest.c  >&5
conftest.c:31:6: warning: conflicting types for built-in function 'sqrt'; expected 'double(double)' [-Wbuiltin-declaration-mismatch]
   31 | char sqrt ();
      |      ^~~~
conftest.c:1:1: note: 'sqrt' is declared in header '<math.h>'
    1 | /* confdefs.h */
/usr/bin/ld: /tmp/ccNshzTi.o: in function `main':
/workspace/configs/libphidget22-1.22.20250324/conftest.c:35:(.text.startup+0xb): undefined reference to `sqrt'
collect2: error: ld returned 1 exit status
configure:13138: $? = 1
configure: failed program was:
| /* confdefs.h */
| #define PACKAGE_NAME "phidget22 C Library"
| #define PACKAGE_TARNAME "libphidget22"
| #define PACKAGE_VERSION "1.22.20250324"
| #define PACKAGE_STRING "phidget22 C Library 1.22.20250324"
| #define PACKAGE_BUGREPORT "support@phidgets.com"
| #define PACKAGE_URL "www.phidgets.com"
| #define PACKAGE "libphidget22"
| #define VERSION "1.22.20250324"
| #define P22_LIB_VERSION "1.22.20250324"
| #define _HOST_CPU x86_64
| #define _MACHINE x86_64
| #define HAVE_STDIO_H 1
| #define HAVE_STDLIB_H 1
| #define HAVE_STRING_H 1
| #define HAVE_INTTYPES_H 1
| #define HAVE_STDINT_H 1
| #define HAVE_STRINGS_H 1
| #define HAVE_SYS_STAT_H 1
| #define HAVE_SYS_TYPES_H 1
| #define HAVE_UNISTD_H 1
| #define STDC_HEADERS 1
| #define HAVE_DLFCN_H 1
| #define LT_OBJDIR ".libs/"
| #define MOS_BYTE_ORDER MOS_LITTLE_ENDIAN
| /* end confdefs.h.  */
| 
| /* Override any GCC internal prototype to avoid an error.
|    Use char because int might match the return type of a GCC
|    builtin and then its argument prototype would still apply.  */
| char sqrt ();
| int
| main (void)
| {
| return sqrt ();
|   ;
|   return 0;
| }
configure:13138: gcc -o conftest -g -O2   conftest.c -lm   >&5
conftest.c:31:6: warning: conflicting types for built-in function 'sqrt'; expected 'double(double)' [-Wbuiltin-declaration-mismatch]
   31 | char sqrt ();
      |      ^~~~
conftest.c:1:1: note: 'sqrt' is declared in header '<math.h>'
    1 | /* confdefs.h */
configure:13138: $? = 0
configure:13158: result: -lm
configure:13169: checking for library containing pthread_create
configure:13199: gcc -o conftest -g -O2   conftest.c -lm  >&5
configure:13199: $? = 0
configure:13219: result: none required
configure:13231: checking for library containing libusb_init
configure:13261: gcc -o conftest -g -O2   conftest.c -lm  >&5
/usr/bin/ld: /tmp/ccsvWJq0.o: in function `main':
/workspace/configs/libphidget22-1.22.20250324/conftest.c:36:(.text.startup+0xb): undefined reference to `libusb_init'
collect2: error: ld returned 1 exit status
configure:13261: $? = 1
configure: failed program was:
| /* confdefs.h */
| #define PACKAGE_NAME "phidget22 C Library"
| #define PACKAGE_TARNAME "libphidget22"
| #define PACKAGE_VERSION "1.22.20250324"
| #define PACKAGE_STRING "phidget22 C Library 1.22.20250324"
| #define PACKAGE_BUGREPORT "support@phidgets.com"
| #define PACKAGE_URL "www.phidgets.com"
| #define PACKAGE "libphidget22"
| #define VERSION "1.22.20250324"
| #define P22_LIB_VERSION "1.22.20250324"
| #define _HOST_CPU x86_64
| #define _MACHINE x86_64
| #define HAVE_STDIO_H 1
| #define HAVE_STDLIB_H 1
| #define HAVE_STRING_H 1
| #define HAVE_INTTYPES_H 1
| #define HAVE_STDINT_H 1
| #define HAVE_STRINGS_H 1
| #define HAVE_SYS_STAT_H 1
| #define HAVE_SYS_TYPES_H 1
| #define HAVE_UNISTD_H 1
| #define STDC_HEADERS 1
| #define HAVE_DLFCN_H 1
| #define LT_OBJDIR ".libs/"
| #define MOS_BYTE_ORDER MOS_LITTLE_ENDIAN
| #define _MOS_PTHREADS 1
| /* end confdefs.h.  */
| 
| /* Override any GCC internal prototype to avoid an error.
|    Use char because int might match the return type of a GCC
|    builtin and then its argument prototype would still apply.  */
| char libusb_init ();
| int
| main (void)
| {
| return libusb_init ();
|   ;
|   return 0;
| }
configure:13261: gcc -o conftest -g -O2   conftest.c -lusb-1.0  -lm  >&5
configure:13261: $? = 0
configure:13281: result: -lusb-1.0
configure:13621: checking for newlocale in xlocale.h
configure:13636: gcc -c -g -O2  conftest.c >&5
conftest.c:34:14: fatal error: xlocale.h: No such file or directory
   34 |     #include <xlocale.h>
      |              ^~~~~~~~~~~
compilation terminated.
configure:13636: $? = 1
configure: failed program was:
| /* confdefs.h */
| #define PACKAGE_NAME "phidget22 C Library"
| #define PACKAGE_TARNAME "libphidget22"
| #define PACKAGE_VERSION "1.22.20250324"
| #define PACKAGE_STRING "phidget22 C Library 1.22.20250324"
| #define PACKAGE_BUGREPORT "support@phidgets.com"
| #define PACKAGE_URL "www.phidgets.com"
| #define PACKAGE "libphidget22"
| #define VERSION "1.22.20250324"
| #define P22_LIB_VERSION "1.22.20250324"
| #define _HOST_CPU x86_64
| #define _MACHINE x86_64
| #define HAVE_STDIO_H 1
| #define HAVE_STDLIB_H 1
| #define HAVE_STRING_H 1
| #define HAVE_INTTYPES_H 1
| #define HAVE_STDINT_H 1
| #define HAVE_STRINGS_H 1
| #define HAVE_SYS_STAT_H 1
| #define HAVE_SYS_TYPES_H 1
| #define HAVE_UNISTD_H 1
| #define STDC_HEADERS 1
| #define HAVE_DLFCN_H 1
| #define LT_OBJDIR ".libs/"
| #define MOS_BYTE_ORDER MOS_LITTLE_ENDIAN
| #define _MOS_PTHREADS 1
| #define UNIX 1
| #define _LINUX 1
| #define Linux 1
| #define LIBUSB_ASYNC 1
| #define NDEBUG 1
| /* end confdefs.h.  */
| 
|     #include <xlocale.h>
| 
| int
| main (void)
| {
| newlocale(LC_ALL_MASK, "C", NULL)
|   ;
|   return 0;
| }
configure:13650: result: no
configure:13652: checking for newlocale in locale.h
configure:13669: gcc -c -g -O2  conftest.c >&5
configure:13669: $? = 0
configure:13680: result: yes
configure:13852: checking that generated files are newer than configure
configure:13858: result: done
configure:13894: creating ./config.status

## ---------------------- ##
## Running config.status. ##
## ---------------------- ##

This file was extended by phidget22 C Library config.status 1.22.20250324, which was
generated by GNU Autoconf 2.71.  Invocation command line was

  CONFIG_FILES    = 
  CONFIG_HEADERS  = 
  CONFIG_LINKS    = 
  CONFIG_COMMANDS = 
  $ ./config.status 

on pioneer-NUC11PHi7

config.status:1014: creating Makefile
config.status:1014: creating libphidget22.pc
config.status:1186: executing depfiles commands
config.status:1263: cd .       && sed -e '/# am--include-marker/d' Makefile         | make -f - am--depfiles
config.status:1268: $? = 0
config.status:1186: executing libtool commands

## ---------------- ##
## Cache variables. ##
## ---------------- ##

ac_cv_build=x86_64-pc-linux-gnu
ac_cv_c_bigendian=no
ac_cv_c_compiler_gnu=yes
ac_cv_env_CC_set=
ac_cv_env_CC_value=
ac_cv_env_CFLAGS_set=
ac_cv_env_CFLAGS_value=
ac_cv_env_CPPFLAGS_set=
ac_cv_env_CPPFLAGS_value=
ac_cv_env_LDCONFIG_set=
ac_cv_env_LDCONFIG_value=
ac_cv_env_LDFLAGS_set=
ac_cv_env_LDFLAGS_value=
ac_cv_env_LIBS_set=
ac_cv_env_LIBS_value=
ac_cv_env_LT_SYS_LIBRARY_PATH_set=
ac_cv_env_LT_SYS_LIBRARY_PATH_value=
ac_cv_env_build_alias_set=
ac_cv_env_build_alias_value=
ac_cv_env_host_alias_set=
ac_cv_env_host_alias_value=
ac_cv_env_target_alias_set=
ac_cv_env_target_alias_value=
ac_cv_header_dlfcn_h=yes
ac_cv_header_inttypes_h=yes
ac_cv_header_stdint_h=yes
ac_cv_header_stdio_h=yes
ac_cv_header_stdlib_h=yes
ac_cv_header_string_h=yes
ac_cv_header_strings_h=yes
ac_cv_header_sys_stat_h=yes
ac_cv_header_sys_types_h=yes
ac_cv_header_unistd_h=yes
ac_cv_host=x86_64-pc-linux-gnu
ac_cv_objext=o
ac_cv_path_EGREP='/usr/bin/grep -E'
ac_cv_path_FGREP='/usr/bin/grep -F'
ac_cv_path_GREP=/usr/bin/grep
ac_cv_path_LDCONFIG=/sbin/ldconfig
ac_cv_path_SED=/usr/bin/sed
ac_cv_path_install='/usr/bin/install -c'
ac_cv_path_lt_DD=/usr/bin/dd
ac_cv_path_mkdir=/usr/bin/mkdir
ac_cv_prog_AWK=mawk
ac_cv_prog_ac_ct_AR=ar
ac_cv_prog_ac_ct_CC=gcc
ac_cv_prog_ac_ct_OBJDUMP=objdump
ac_cv_prog_ac_ct_RANLIB=ranlib
ac_cv_prog_ac_ct_STRIP=strip
ac_cv_prog_cc_c11=
ac_cv_prog_cc_g=yes
ac_cv_prog_cc_stdc=
ac_cv_prog_make_make_set=yes
ac_cv_search_dlopen='none required'
ac_cv_search_libusb_init=-lusb-1.0
ac_cv_search_pthread_create='none required'
ac_cv_search_sqrt=-lm
am_cv_CC_dependencies_compiler_type=gcc3
am_cv_ar_interface=ar
am_cv_make_support_nested_variables=yes
am_cv_prog_cc_c_o=yes
lt_cv_ar_at_file=@
lt_cv_archive_cmds_need_lc=no
lt_cv_deplibs_check_method=pass_all
lt_cv_file_magic_cmd='$MAGIC_CMD'
lt_cv_file_magic_test_file=
lt_cv_ld_reload_flag=-r
lt_cv_nm_interface='BSD nm'
lt_cv_objdir=.libs
lt_cv_path_LD=/usr/bin/ld
lt_cv_path_NM='/usr/bin/nm -B'
lt_cv_path_mainfest_tool=no
lt_cv_prog_compiler_c_o=yes
lt_cv_prog_compiler_pic='-fPIC -DPIC'
lt_cv_prog_compiler_pic_works=yes
lt_cv_prog_compiler_rtti_exceptions=no
lt_cv_prog_compiler_static_works=yes
lt_cv_prog_gnu_ld=yes
lt_cv_sharedlib_from_linklib_cmd='printf %s\n'
lt_cv_shlibpath_overrides_runpath=yes
lt_cv_sys_global_symbol_pipe='sed -n -e '\''s/^.*[	 ]\([ABCDGIRSTW][ABCDGIRSTW]*\)[	 ][	 ]*\([_A-Za-z][_A-Za-z0-9]*\)$/\1 \2 \2/p'\'' | sed '\''/ __gnu_lto/d'\'''
lt_cv_sys_global_symbol_to_c_name_address='sed -n -e '\''s/^: \(.*\) .*$/  {"\1", (void *) 0},/p'\'' -e '\''s/^[ABCDGIRSTW][ABCDGIRSTW]* .* \(.*\)$/  {"\1", (void *) \&\1},/p'\'''
lt_cv_sys_global_symbol_to_c_name_address_lib_prefix='sed -n -e '\''s/^: \(.*\) .*$/  {"\1", (void *) 0},/p'\'' -e '\''s/^[ABCDGIRSTW][ABCDGIRSTW]* .* \(lib.*\)$/  {"\1", (void *) \&\1},/p'\'' -e '\''s/^[ABCDGIRSTW][ABCDGIRSTW]* .* \(.*\)$/  {"lib\1", (void *) \&\1},/p'\'''
lt_cv_sys_global_symbol_to_cdecl='sed -n -e '\''s/^T .* \(.*\)$/extern int \1();/p'\'' -e '\''s/^[ABCDGIRSTW][ABCDGIRSTW]* .* \(.*\)$/extern char \1;/p'\'''
lt_cv_sys_global_symbol_to_import=
lt_cv_sys_max_cmd_len=1572864
lt_cv_to_host_file_cmd=func_convert_file_noop
lt_cv_to_tool_file_cmd=func_convert_file_noop
lt_cv_truncate_bin='/usr/bin/dd bs=4096 count=1'

## ----------------- ##
## Output variables. ##
## ----------------- ##

ACLOCAL='${SHELL} '\''/workspace/configs/libphidget22-1.22.20250324/build/missing'\'' aclocal-1.16'
AMDEPBACKSLASH='\'
AMDEP_FALSE='#'
AMDEP_TRUE=''
AMTAR='$${TAR-tar}'
AM_BACKSLASH='\'
AM_DEFAULT_V='$(AM_DEFAULT_VERBOSITY)'
AM_DEFAULT_VERBOSITY='0'
AM_V='$(V)'
AR='ar'
AUTOCONF='${SHELL} '\''/workspace/configs/libphidget22-1.22.20250324/build/missing'\'' autoconf'
AUTOHEADER='${SHELL} '\''/workspace/configs/libphidget22-1.22.20250324/build/missing'\'' autoheader'
AUTOMAKE='${SHELL} '\''/workspace/configs/libphidget22-1.22.20250324/build/missing'\'' automake-1.16'
AWK='mawk'
CC='gcc'
CCDEPMODE='depmode=gcc3'
CFLAGS='-g -O2'
CPPFLAGS=''
CSCOPE='cscope'
CTAGS='ctags'
CYGPATH_W='echo'
DEFS='-DPACKAGE_NAME=\"phidget22\ C\ Library\" -DPACKAGE_TARNAME=\"libphidget22\" -DPACKAGE_VERSION=\"1.22.20250324\" -DPACKAGE_STRING=\"phidget22\ C\ Library\ 1.22.20250324\" -DPACKAGE_BUGREPORT=\"support@phidgets.com\" -DPACKAGE_URL=\"www.phidgets.com\" -DPACKAGE=\"libphidget22\" -DVERSION=\"1.22.20250324\" -DP22_LIB_VERSION=\"1.22.20250324\" -D_HOST_CPU=x86_64 -D_MACHINE=x86_64 -DHAVE_STDIO_H=1 -DHAVE_STDLIB_H=1 -DHAVE_STRING_H=1 -DHAVE_INTTYPES_H=1 -DHAVE_STDINT_H=1 -DHAVE_STRINGS_H=1 -DHAVE_SYS_STAT_H=1 -DHAVE_SYS_TYPES_H=1 -DHAVE_UNISTD_H=1 -DSTDC_HEADERS=1 -DHAVE_DLFCN_H=1 -DLT_OBJDIR=\".libs/\" -DMOS_BYTE_ORDER=MOS_LITTLE_ENDIAN -D_MOS_PTHREADS=1 -DUNIX=1 -D_LINUX=1 -DLinux=1 -DLIBUSB_ASYNC=1 -DNDEBUG=1 -DTHREAD_LOCALE_LOCALE_H=1'
DEPDIR='.deps'
DLLTOOL='false'
DSYMUTIL=''
DUMPBIN=''
ECHO_C=''
ECHO_N='-n'
ECHO_T=''
EGREP='/usr/bin/grep -E'
ETAGS='etags'
EXEEXT=''
FGREP='/usr/bin/grep -F'
GREP='/usr/bin/grep'
INSTALL_DATA='${INSTALL} -m 644'
INSTALL_PROGRAM='${INSTALL}'
INSTALL_SCRIPT='${INSTALL}'
INSTALL_STRIP_PROGRAM='$(install_sh) -c -s'
LABVIEW_FALSE=''
LABVIEW_TRUE='#'
LD='/usr/bin/ld -m elf_x86_64'
LDCONFIG='/sbin/ldconfig'
LDFLAGS=''
LIBOBJS=''
LIBS='-lusb-1.0 -lm '
LIBTOOL='$(SHELL) $(top_builddir)/libtool'
LIPO=''
LN_S='ln -s'
LTLIBOBJS=''
LT_SYS_LIBRARY_PATH=''
MAKEINFO='${SHELL} '\''/workspace/configs/libphidget22-1.22.20250324/build/missing'\'' makeinfo'
MANIFEST_TOOL=':'
MKDIR_P='/usr/bin/mkdir -p'
NM='/usr/bin/nm -B'
NMEDIT=''
OBJDUMP='objdump'
OBJEXT='o'
OS='Linux'
OTOOL64=''
OTOOL=''
PACKAGE='libphidget22'
PACKAGE_BUGREPORT='support@phidgets.com'
PACKAGE_NAME='phidget22 C Library'
PACKAGE_STRING='phidget22 C Library 1.22.20250324'
PACKAGE_TARNAME='libphidget22'
PACKAGE_URL='www.phidgets.com'
PACKAGE_VERSION='1.22.20250324'
PATH_SEPARATOR=':'
RANLIB='ranlib'
RUN_LDCONFIG_FALSE='#'
RUN_LDCONFIG_TRUE=''
SED='/usr/bin/sed'
SET_MAKE=''
SHELL='/bin/bash'
SPI_FALSE=''
SPI_TRUE='#'
STRIP='strip'
VERSION='1.22.20250324'
ac_ct_AR='ar'
ac_ct_CC='gcc'
ac_ct_DUMPBIN=''
am__EXEEXT_FALSE=''
am__EXEEXT_TRUE='#'
am__fastdepCC_FALSE='#'
am__fastdepCC_TRUE=''
am__include='include'
am__isrc=''
am__leading_dot='.'
am__nodep='_no'
am__quote=''
am__tar='$${TAR-tar} chof - "$$tardir"'
am__untar='$${TAR-tar} xf -'
bindir='${exec_prefix}/bin'
build='x86_64-pc-linux-gnu'
build_alias=''
build_cpu='x86_64'
build_os='linux-gnu'
build_vendor='pc'
datadir='${datarootdir}'
datarootdir='${prefix}/share'
docdir='${datarootdir}/doc/${PACKAGE_TARNAME}'
dvidir='${docdir}'
exec_prefix='${prefix}'
host='x86_64-pc-linux-gnu'
host_alias=''
host_cpu='x86_64'
host_os='linux-gnu'
host_vendor='pc'
htmldir='${docdir}'
includedir='${prefix}/include'
infodir='${datarootdir}/info'
install_sh='${SHELL} /workspace/configs/libphidget22-1.22.20250324/build/install-sh'
libdir='${exec_prefix}/lib'
libexecdir='${exec_prefix}/libexec'
localedir='${datarootdir}/locale'
localstatedir='${prefix}/var'
mandir='${datarootdir}/man'
mkdir_p='$(MKDIR_P)'
oldincludedir='/usr/include'
pdfdir='${docdir}'
prefix='/usr/local'
program_transform_name='s,x,x,'
psdir='${docdir}'
runstatedir='${localstatedir}/run'
sbindir='${exec_prefix}/sbin'
sharedstatedir='${prefix}/com'
sysconfdir='${prefix}/etc'
target_alias=''

## ----------- ##
## confdefs.h. ##
## ----------- ##

/* confdefs.h */
#define PACKAGE_NAME "phidget22 C Library"
#define PACKAGE_TARNAME "libphidget22"
#define PACKAGE_VERSION "1.22.20250324"
#define PACKAGE_STRING "phidget22 C Library 1.22.20250324"
#define PACKAGE_BUGREPORT "support@phidgets.com"
#define PACKAGE_URL "www.phidgets.com"
#define PACKAGE "libphidget22"
#define VERSION "1.22.20250324"
#define P22_LIB_VERSION "1.22.20250324"
#define _HOST_CPU x86_64
#define _MACHINE x86_64
#define HAVE_STDIO_H 1
#define HAVE_STDLIB_H 1
#define HAVE_STRING_H 1
#define HAVE_INTTYPES_H 1
#define HAVE_STDINT_H 1
#define HAVE_STRINGS_H 1
#define HAVE_SYS_STAT_H 1
#define HAVE_SYS_TYPES_H 1
#define HAVE_UNISTD_H 1
#define STDC_HEADERS 1
#define HAVE_DLFCN_H 1
#define LT_OBJDIR ".libs/"
#define MOS_BYTE_ORDER MOS_LITTLE_ENDIAN
#define _MOS_PTHREADS 1
#define UNIX 1
#define _LINUX 1
#define Linux 1
#define LIBUSB_ASYNC 1
#define NDEBUG 1
#define THREAD_LOCALE_LOCALE_H 1

configure: exit 0
