-- Found ament_cmake: 2.5.3 (/opt/ros/jazzy/share/ament_cmake/cmake)
-- Found Python3: /usr/bin/python3 (found version "3.12.3") found components: Interpreter 
-- Override CMake install command with custom implementation using symlinks instead of copying resources
-- Found rclcpp: 28.1.6 (/opt/ros/jazzy/share/rclcpp/cmake)
-- Found rosidl_generator_c: 4.6.5 (/opt/ros/jazzy/share/rosidl_generator_c/cmake)
-- Found rosidl_generator_cpp: 4.6.5 (/opt/ros/jazzy/share/rosidl_generator_cpp/cmake)
-- Using all available rosidl_typesupport_c: rosidl_typesupport_fastrtps_c;rosidl_typesupport_introspection_c
-- Using all available rosidl_typesupport_cpp: rosidl_typesupport_fastrtps_cpp;rosidl_typesupport_introspection_cpp
-- Found rmw_implementation_cmake: 7.3.1 (/opt/ros/jazzy/share/rmw_implementation_cmake/cmake)
-- Found rmw_fastrtps_cpp: 8.4.1 (/opt/ros/jazzy/share/rmw_fastrtps_cpp/cmake)
-- Found OpenSSL: /usr/lib/x86_64-linux-gnu/libcrypto.so (found version "3.0.13")  
-- Found FastRTPS: /opt/ros/jazzy/include (Required is at least version "2.13") 
-- Using RMW implementation 'rmw_fastrtps_cpp' as default
-- Found geometry_msgs: 5.3.5 (/opt/ros/jazzy/share/geometry_msgs/cmake)
-- Found ament_lint_auto: 0.17.1 (/opt/ros/jazzy/share/ament_lint_auto/cmake)
-- Added test 'cppcheck' to perform static code analysis on C / C++ code
-- Configured cppcheck include dirs: 
-- Configured cppcheck exclude dirs and/or files: 
-- Added test 'flake8' to check Python code syntax and style conventions
-- Configured 'flake8' exclude dirs and/or files: 
-- Added test 'lint_cmake' to check CMake code style
-- Added test 'pep257' to check Python code against some of the docstring style conventions in PEP 257
-- Added test 'uncrustify' to check C / C++ code style
-- Configured uncrustify additional arguments: 
-- Added test 'xmllint' to check XML markup files
-- Configuring done (1.1s)
-- Generating done (0.0s)
-- Build files have been written to: /workspace/ros_ws/src/ariaNode/build/ariaNode
[ 50%] [32mBuilding CXX object CMakeFiles/ariaNode.dir/src/ariaNode.cpp.o[0m
[100%] [32m[1mLinking CXX executable ariaNode[0m
[100%] Built target ariaNode
-- Install configuration: ""
-- Execute custom install script
-- Symlinking: /workspace/ros_ws/src/ariaNode/install/ariaNode/lib/ariaNode/ariaNode
-- Symlinking: /workspace/ros_ws/src/ariaNode/install/ariaNode/share/ament_index/resource_index/package_run_dependencies/ariaNode
-- Symlinking: /workspace/ros_ws/src/ariaNode/install/ariaNode/share/ament_index/resource_index/parent_prefix_path/ariaNode
-- Symlinking: /workspace/ros_ws/src/ariaNode/install/ariaNode/share/ariaNode/environment/ament_prefix_path.sh
-- Symlinking: /workspace/ros_ws/src/ariaNode/install/ariaNode/share/ariaNode/environment/ament_prefix_path.dsv
-- Symlinking: /workspace/ros_ws/src/ariaNode/install/ariaNode/share/ariaNode/environment/path.sh
-- Symlinking: /workspace/ros_ws/src/ariaNode/install/ariaNode/share/ariaNode/environment/path.dsv
-- Symlinking: /workspace/ros_ws/src/ariaNode/install/ariaNode/share/ariaNode/local_setup.bash
-- Symlinking: /workspace/ros_ws/src/ariaNode/install/ariaNode/share/ariaNode/local_setup.sh
-- Symlinking: /workspace/ros_ws/src/ariaNode/install/ariaNode/share/ariaNode/local_setup.zsh
-- Symlinking: /workspace/ros_ws/src/ariaNode/install/ariaNode/share/ariaNode/local_setup.dsv
-- Symlinking: /workspace/ros_ws/src/ariaNode/install/ariaNode/share/ariaNode/package.dsv
-- Symlinking: /workspace/ros_ws/src/ariaNode/install/ariaNode/share/ament_index/resource_index/packages/ariaNode
-- Symlinking: /workspace/ros_ws/src/ariaNode/install/ariaNode/share/ariaNode/cmake/ariaNodeConfig.cmake
-- Symlinking: /workspace/ros_ws/src/ariaNode/install/ariaNode/share/ariaNode/cmake/ariaNodeConfig-version.cmake
-- Symlinking: /workspace/ros_ws/src/ariaNode/install/ariaNode/share/ariaNode/package.xml
