[0.026s] Invoking command in '/workspace/ros_ws/src/ariaNode/build/ariaNode': CMAKE_PREFIX_PATH=${CMAKE_PREFIX_PATH}:/opt/ros/jazzy /usr/bin/cmake /workspace/ros_ws/src/ariaNode -DAMENT_CMAKE_SYMLINK_INSTALL=1 -DCMAKE_INSTALL_PREFIX=/workspace/ros_ws/src/ariaNode/install/ariaNode
[0.049s] -- Found ament_cmake: 2.5.3 (/opt/ros/jazzy/share/ament_cmake/cmake)
[0.215s] -- Found Python3: /usr/bin/python3 (found version "3.12.3") found components: Interpreter 
[0.299s] -- Override CMake install command with custom implementation using symlinks instead of copying resources
[0.368s] -- Found rclcpp: 28.1.6 (/opt/ros/jazzy/share/rclcpp/cmake)
[0.446s] -- Found rosidl_generator_c: 4.6.5 (/opt/ros/jazzy/share/rosidl_generator_c/cmake)
[0.469s] -- Found rosidl_generator_cpp: 4.6.5 (/opt/ros/jazzy/share/rosidl_generator_cpp/cmake)
[0.497s] -- Using all available rosidl_typesupport_c: rosidl_typesupport_fastrtps_c;rosidl_typesupport_introspection_c
[0.534s] -- Using all available rosidl_typesupport_cpp: rosidl_typesupport_fastrtps_cpp;rosidl_typesupport_introspection_cpp
[0.659s] -- Found rmw_implementation_cmake: 7.3.1 (/opt/ros/jazzy/share/rmw_implementation_cmake/cmake)
[0.666s] -- Found rmw_fastrtps_cpp: 8.4.1 (/opt/ros/jazzy/share/rmw_fastrtps_cpp/cmake)
[0.765s] -- Found OpenSSL: /usr/lib/x86_64-linux-gnu/libcrypto.so (found version "3.0.13")  
[0.789s] -- Found FastRTPS: /opt/ros/jazzy/include (Required is at least version "2.13") 
[0.809s] -- Using RMW implementation 'rmw_fastrtps_cpp' as default
[0.913s] -- Found geometry_msgs: 5.3.5 (/opt/ros/jazzy/share/geometry_msgs/cmake)
[0.959s] [0mThe root directory is /opt/ros/jazzy/share/fastrtps_cmake_module/cmake/Modules[0m
[0.963s] -- Found ament_lint_auto: 0.17.1 (/opt/ros/jazzy/share/ament_lint_auto/cmake)
[1.026s] WARNING: Package name "ariaNode" does not follow the naming conventions. It should start with a lower case letter and only contain lower case letters, digits, underscores, and dashes.
[1.081s] -- Added test 'cppcheck' to perform static code analysis on C / C++ code
[1.081s] -- Configured cppcheck include dirs: 
[1.081s] -- Configured cppcheck exclude dirs and/or files: 
[1.083s] -- Added test 'flake8' to check Python code syntax and style conventions
[1.083s] -- Configured 'flake8' exclude dirs and/or files: 
[1.084s] -- Added test 'lint_cmake' to check CMake code style
[1.086s] -- Added test 'pep257' to check Python code against some of the docstring style conventions in PEP 257
[1.089s] -- Added test 'uncrustify' to check C / C++ code style
[1.089s] -- Configured uncrustify additional arguments: 
[1.090s] -- Added test 'xmllint' to check XML markup files
[1.094s] -- Configuring done (1.1s)
[1.105s] -- Generating done (0.0s)
[1.108s] -- Build files have been written to: /workspace/ros_ws/src/ariaNode/build/ariaNode
[1.118s] Invoked command in '/workspace/ros_ws/src/ariaNode/build/ariaNode' returned '0': CMAKE_PREFIX_PATH=${CMAKE_PREFIX_PATH}:/opt/ros/jazzy /usr/bin/cmake /workspace/ros_ws/src/ariaNode -DAMENT_CMAKE_SYMLINK_INSTALL=1 -DCMAKE_INSTALL_PREFIX=/workspace/ros_ws/src/ariaNode/install/ariaNode
[1.118s] Invoking command in '/workspace/ros_ws/src/ariaNode/build/ariaNode': CMAKE_PREFIX_PATH=${CMAKE_PREFIX_PATH}:/opt/ros/jazzy /usr/bin/cmake --build /workspace/ros_ws/src/ariaNode/build/ariaNode -- -j12 -l12
[1.157s] [ 50%] [32mBuilding CXX object CMakeFiles/ariaNode.dir/src/ariaNode.cpp.o[0m
[8.379s] [100%] [32m[1mLinking CXX executable ariaNode[0m
[8.675s] [100%] Built target ariaNode
[8.683s] Invoked command in '/workspace/ros_ws/src/ariaNode/build/ariaNode' returned '0': CMAKE_PREFIX_PATH=${CMAKE_PREFIX_PATH}:/opt/ros/jazzy /usr/bin/cmake --build /workspace/ros_ws/src/ariaNode/build/ariaNode -- -j12 -l12
[8.689s] Invoking command in '/workspace/ros_ws/src/ariaNode/build/ariaNode': CMAKE_PREFIX_PATH=${CMAKE_PREFIX_PATH}:/opt/ros/jazzy /usr/bin/cmake --install /workspace/ros_ws/src/ariaNode/build/ariaNode
[8.695s] -- Install configuration: ""
[8.695s] -- Execute custom install script
[8.696s] -- Symlinking: /workspace/ros_ws/src/ariaNode/install/ariaNode/lib/ariaNode/ariaNode
[8.702s] -- Symlinking: /workspace/ros_ws/src/ariaNode/install/ariaNode/share/ament_index/resource_index/package_run_dependencies/ariaNode
[8.709s] -- Symlinking: /workspace/ros_ws/src/ariaNode/install/ariaNode/share/ament_index/resource_index/parent_prefix_path/ariaNode
[8.715s] -- Symlinking: /workspace/ros_ws/src/ariaNode/install/ariaNode/share/ariaNode/environment/ament_prefix_path.sh
[8.721s] -- Symlinking: /workspace/ros_ws/src/ariaNode/install/ariaNode/share/ariaNode/environment/ament_prefix_path.dsv
[8.727s] -- Symlinking: /workspace/ros_ws/src/ariaNode/install/ariaNode/share/ariaNode/environment/path.sh
[8.733s] -- Symlinking: /workspace/ros_ws/src/ariaNode/install/ariaNode/share/ariaNode/environment/path.dsv
[8.743s] -- Symlinking: /workspace/ros_ws/src/ariaNode/install/ariaNode/share/ariaNode/local_setup.bash
[8.751s] -- Symlinking: /workspace/ros_ws/src/ariaNode/install/ariaNode/share/ariaNode/local_setup.sh
[8.763s] -- Symlinking: /workspace/ros_ws/src/ariaNode/install/ariaNode/share/ariaNode/local_setup.zsh
[8.765s] -- Symlinking: /workspace/ros_ws/src/ariaNode/install/ariaNode/share/ariaNode/local_setup.dsv
[8.772s] -- Symlinking: /workspace/ros_ws/src/ariaNode/install/ariaNode/share/ariaNode/package.dsv
[8.778s] -- Symlinking: /workspace/ros_ws/src/ariaNode/install/ariaNode/share/ament_index/resource_index/packages/ariaNode
[8.784s] -- Symlinking: /workspace/ros_ws/src/ariaNode/install/ariaNode/share/ariaNode/cmake/ariaNodeConfig.cmake
[8.790s] -- Symlinking: /workspace/ros_ws/src/ariaNode/install/ariaNode/share/ariaNode/cmake/ariaNodeConfig-version.cmake
[8.796s] -- Symlinking: /workspace/ros_ws/src/ariaNode/install/ariaNode/share/ariaNode/package.xml
[8.803s] Invoked command in '/workspace/ros_ws/src/ariaNode/build/ariaNode' returned '0': CMAKE_PREFIX_PATH=${CMAKE_PREFIX_PATH}:/opt/ros/jazzy /usr/bin/cmake --install /workspace/ros_ws/src/ariaNode/build/ariaNode
