running egg_info
creating ../../../build/coco_detector/coco_detector.egg-info
writing ../../../build/coco_detector/coco_detector.egg-info/PKG-INFO
writing dependency_links to ../../../build/coco_detector/coco_detector.egg-info/dependency_links.txt
writing entry points to ../../../build/coco_detector/coco_detector.egg-info/entry_points.txt
writing requirements to ../../../build/coco_detector/coco_detector.egg-info/requires.txt
writing top-level names to ../../../build/coco_detector/coco_detector.egg-info/top_level.txt
writing manifest file '../../../build/coco_detector/coco_detector.egg-info/SOURCES.txt'
reading manifest file '../../../build/coco_detector/coco_detector.egg-info/SOURCES.txt'
writing manifest file '../../../build/coco_detector/coco_detector.egg-info/SOURCES.txt'
running build
running build_py
creating /workspace/ros_ws/build/coco_detector/build
creating /workspace/ros_ws/build/coco_detector/build/lib
creating /workspace/ros_ws/build/coco_detector/build/lib/coco_detector
copying coco_detector/__init__.py -> /workspace/ros_ws/build/coco_detector/build/lib/coco_detector
copying coco_detector/coco_detector_node.py -> /workspace/ros_ws/build/coco_detector/build/lib/coco_detector
running install
running install_lib
creating /workspace/ros_ws/install/coco_detector/lib/python3.12/site-packages/coco_detector
copying /workspace/ros_ws/build/coco_detector/build/lib/coco_detector/__init__.py -> /workspace/ros_ws/install/coco_detector/lib/python3.12/site-packages/coco_detector
copying /workspace/ros_ws/build/coco_detector/build/lib/coco_detector/coco_detector_node.py -> /workspace/ros_ws/install/coco_detector/lib/python3.12/site-packages/coco_detector
byte-compiling /workspace/ros_ws/install/coco_detector/lib/python3.12/site-packages/coco_detector/__init__.py to __init__.cpython-312.pyc
byte-compiling /workspace/ros_ws/install/coco_detector/lib/python3.12/site-packages/coco_detector/coco_detector_node.py to coco_detector_node.cpython-312.pyc
running install_data
creating /workspace/ros_ws/install/coco_detector/share/ament_index
creating /workspace/ros_ws/install/coco_detector/share/ament_index/resource_index
creating /workspace/ros_ws/install/coco_detector/share/ament_index/resource_index/packages
copying resource/coco_detector -> /workspace/ros_ws/install/coco_detector/share/ament_index/resource_index/packages
copying package.xml -> /workspace/ros_ws/install/coco_detector/share/coco_detector
running install_egg_info
Copying ../../../build/coco_detector/coco_detector.egg-info to /workspace/ros_ws/install/coco_detector/lib/python3.12/site-packages/coco_detector-0.0.0-py3.12.egg-info
running install_scripts
Installing coco_detector_node script to /workspace/ros_ws/install/coco_detector/lib/coco_detector
writing list of installed files to '/workspace/ros_ws/build/coco_detector/install.log'
