[1.367s] Invoking command in '/workspace/ros_ws/src/ros2_coco_detector/coco_detector': PYTHONPATH=/workspace/ros_ws/build/coco_detector/prefix_override:/usr/lib/python3/dist-packages/colcon_core/task/python/colcon_distutils_commands:/workspace/ros_ws/install/coco_detector/lib/python3.12/site-packages:${PYTHONPATH} /usr/bin/python3 -W ignore:setup.py install is deprecated -W ignore:easy_install command is deprecated setup.py egg_info --egg-base ../../../build/coco_detector build --build-base /workspace/ros_ws/build/coco_detector/build install --record /workspace/ros_ws/build/coco_detector/install.log --single-version-externally-managed install_data
[1.689s] running egg_info
[1.689s] creating ../../../build/coco_detector/coco_detector.egg-info
[1.713s] writing ../../../build/coco_detector/coco_detector.egg-info/PKG-INFO
[1.713s] writing dependency_links to ../../../build/coco_detector/coco_detector.egg-info/dependency_links.txt
[1.713s] writing entry points to ../../../build/coco_detector/coco_detector.egg-info/entry_points.txt
[1.713s] writing requirements to ../../../build/coco_detector/coco_detector.egg-info/requires.txt
[1.713s] writing top-level names to ../../../build/coco_detector/coco_detector.egg-info/top_level.txt
[1.714s] writing manifest file '../../../build/coco_detector/coco_detector.egg-info/SOURCES.txt'
[1.763s] reading manifest file '../../../build/coco_detector/coco_detector.egg-info/SOURCES.txt'
[1.764s] writing manifest file '../../../build/coco_detector/coco_detector.egg-info/SOURCES.txt'
[1.764s] running build
[1.764s] running build_py
[1.764s] creating /workspace/ros_ws/build/coco_detector/build
[1.764s] creating /workspace/ros_ws/build/coco_detector/build/lib
[1.764s] creating /workspace/ros_ws/build/coco_detector/build/lib/coco_detector
[1.765s] copying coco_detector/__init__.py -> /workspace/ros_ws/build/coco_detector/build/lib/coco_detector
[1.765s] copying coco_detector/coco_detector_node.py -> /workspace/ros_ws/build/coco_detector/build/lib/coco_detector
[1.765s] running install
[1.774s] running install_lib
[1.798s] creating /workspace/ros_ws/install/coco_detector/lib/python3.12/site-packages/coco_detector
[1.799s] copying /workspace/ros_ws/build/coco_detector/build/lib/coco_detector/__init__.py -> /workspace/ros_ws/install/coco_detector/lib/python3.12/site-packages/coco_detector
[1.800s] copying /workspace/ros_ws/build/coco_detector/build/lib/coco_detector/coco_detector_node.py -> /workspace/ros_ws/install/coco_detector/lib/python3.12/site-packages/coco_detector
[1.800s] byte-compiling /workspace/ros_ws/install/coco_detector/lib/python3.12/site-packages/coco_detector/__init__.py to __init__.cpython-312.pyc
[1.800s] byte-compiling /workspace/ros_ws/install/coco_detector/lib/python3.12/site-packages/coco_detector/coco_detector_node.py to coco_detector_node.cpython-312.pyc
[1.802s] running install_data
[1.803s] creating /workspace/ros_ws/install/coco_detector/share/ament_index
[1.803s] creating /workspace/ros_ws/install/coco_detector/share/ament_index/resource_index
[1.803s] creating /workspace/ros_ws/install/coco_detector/share/ament_index/resource_index/packages
[1.803s] copying resource/coco_detector -> /workspace/ros_ws/install/coco_detector/share/ament_index/resource_index/packages
[1.804s] copying package.xml -> /workspace/ros_ws/install/coco_detector/share/coco_detector
[1.804s] running install_egg_info
[1.830s] Copying ../../../build/coco_detector/coco_detector.egg-info to /workspace/ros_ws/install/coco_detector/lib/python3.12/site-packages/coco_detector-0.0.0-py3.12.egg-info
[1.834s] running install_scripts
[1.987s] Installing coco_detector_node script to /workspace/ros_ws/install/coco_detector/lib/coco_detector
[1.987s] writing list of installed files to '/workspace/ros_ws/build/coco_detector/install.log'
[2.037s] Invoked command in '/workspace/ros_ws/src/ros2_coco_detector/coco_detector' returned '0': PYTHONPATH=/workspace/ros_ws/build/coco_detector/prefix_override:/usr/lib/python3/dist-packages/colcon_core/task/python/colcon_distutils_commands:/workspace/ros_ws/install/coco_detector/lib/python3.12/site-packages:${PYTHONPATH} /usr/bin/python3 -W ignore:setup.py install is deprecated -W ignore:easy_install command is deprecated setup.py egg_info --egg-base ../../../build/coco_detector build --build-base /workspace/ros_ws/build/coco_detector/build install --record /workspace/ros_ws/build/coco_detector/install.log --single-version-externally-managed install_data
