[0.057s] Invoking command in '/workspace/ros_ws/build/master': CMAKE_PREFIX_PATH=${CMAKE_PREFIX_PATH}:/workspace/ros_ws/install/nav2_gps_waypoint_follower_demo:/workspace/ros_ws/src/install/nav2_gps_waypoint_follower_demo:/opt/ros/jazzy /usr/bin/cmake /workspace/ros_ws/src/master -DCMAKE_INSTALL_PREFIX=/workspace/ros_ws/install/master
[0.446s] -- The C compiler identification is GNU 13.3.0
[0.446s] -- The CXX compiler identification is GNU 13.3.0
[0.446s] -- Detecting C compiler ABI info
[0.447s] -- Detecting C compiler ABI info - done
[0.447s] -- Check for working C compiler: /usr/bin/cc - skipped
[0.447s] -- Detecting C compile features
[0.448s] -- Detecting C compile features - done
[0.448s] -- Detecting CXX compiler ABI info
[0.564s] -- Detecting CXX compiler ABI info - done
[0.580s] -- Check for working CXX compiler: /usr/bin/c++ - skipped
[0.581s] -- Detecting CXX compile features
[0.583s] -- Detecting CXX compile features - done
[0.591s] -- Found ament_cmake: 2.5.3 (/opt/ros/jazzy/share/ament_cmake/cmake)
[0.879s] -- Found Python3: /usr/bin/python3 (found version "3.12.3") found components: Interpreter 
[1.126s] -- Found rclcpp_components: 28.1.6 (/opt/ros/jazzy/share/rclcpp_components/cmake)
[1.289s] -- Found rosidl_generator_c: 4.6.5 (/opt/ros/jazzy/share/rosidl_generator_c/cmake)
[1.323s] -- Found rosidl_generator_cpp: 4.6.5 (/opt/ros/jazzy/share/rosidl_generator_cpp/cmake)
[1.357s] -- Using all available rosidl_typesupport_c: rosidl_typesupport_fastrtps_c;rosidl_typesupport_introspection_c
[1.385s] -- Using all available rosidl_typesupport_cpp: rosidl_typesupport_fastrtps_cpp;rosidl_typesupport_introspection_cpp
[1.640s] -- Found rmw_implementation_cmake: 7.3.1 (/opt/ros/jazzy/share/rmw_implementation_cmake/cmake)
[1.650s] -- Found rmw_fastrtps_cpp: 8.4.1 (/opt/ros/jazzy/share/rmw_fastrtps_cpp/cmake)
[1.793s] -- Found OpenSSL: /usr/lib/x86_64-linux-gnu/libcrypto.so (found version "3.0.13")  
[1.826s] -- Found FastRTPS: /opt/ros/jazzy/include (Required is at least version "2.13") 
[1.865s] -- Using RMW implementation 'rmw_fastrtps_cpp' as default
[1.988s] -- Found std_msgs: 5.3.5 (/opt/ros/jazzy/share/std_msgs/cmake)
[2.019s] -- Found geometry_msgs: 5.3.5 (/opt/ros/jazzy/share/geometry_msgs/cmake)
[2.044s] -- Found teleop_twist_joy: 2.6.2 (/opt/ros/jazzy/share/teleop_twist_joy/cmake)
[2.052s] -- Found sensor_msgs: 5.3.5 (/opt/ros/jazzy/share/sensor_msgs/cmake)
[2.105s] -- Found ament_lint_auto: 0.17.1 (/opt/ros/jazzy/share/ament_lint_auto/cmake)
[2.352s] -- Added test 'cppcheck' to perform static code analysis on C / C++ code
[2.353s] -- Configured cppcheck include dirs: 
[2.353s] -- Configured cppcheck exclude dirs and/or files: 
[2.357s] -- Added test 'flake8' to check Python code syntax and style conventions
[2.357s] -- Configured 'flake8' exclude dirs and/or files: 
[2.364s] -- Added test 'lint_cmake' to check CMake code style
[2.369s] -- Added test 'pep257' to check Python code against some of the docstring style conventions in PEP 257
[2.393s] -- Added test 'uncrustify' to check C / C++ code style
[2.393s] -- Configured uncrustify additional arguments: 
[2.397s] -- Added test 'xmllint' to check XML markup files
[2.400s] -- Configuring done (2.3s)
[2.417s] -- Generating done (0.0s)
[2.423s] -- Build files have been written to: /workspace/ros_ws/build/master
[2.436s] Invoked command in '/workspace/ros_ws/build/master' returned '0': CMAKE_PREFIX_PATH=${CMAKE_PREFIX_PATH}:/workspace/ros_ws/install/nav2_gps_waypoint_follower_demo:/workspace/ros_ws/src/install/nav2_gps_waypoint_follower_demo:/opt/ros/jazzy /usr/bin/cmake /workspace/ros_ws/src/master -DCMAKE_INSTALL_PREFIX=/workspace/ros_ws/install/master
[2.438s] Invoking command in '/workspace/ros_ws/build/master': CMAKE_PREFIX_PATH=${CMAKE_PREFIX_PATH}:/workspace/ros_ws/install/nav2_gps_waypoint_follower_demo:/workspace/ros_ws/src/install/nav2_gps_waypoint_follower_demo:/opt/ros/jazzy /usr/bin/cmake --build /workspace/ros_ws/build/master -- -j12 -l12
[2.496s] [ 50%] [32mBuilding CXX object CMakeFiles/master_node.dir/src/theMaster.cpp.o[0m
[9.244s] [01m[K/workspace/ros_ws/src/master/src/theMaster.cpp:[m[K In lambda function:
[9.244s] [01m[K/workspace/ros_ws/src/master/src/theMaster.cpp:95:15:[m[K [01;35m[Kwarning: [m[Kthis statement may fall through [[01;35m[K-Wimplicit-fallthrough=[m[K]
[9.244s]    95 |               [01;35m[Kif[m[K(*trigger)
[9.244s]       |               [01;35m[K^~[m[K
[9.244s] [01m[K/workspace/ros_ws/src/master/src/theMaster.cpp:103:13:[m[K [01;36m[Knote: [m[Khere
[9.245s]   103 |             [01;36m[Kcase[m[K 0: //deactivated
[9.245s]       |             [01;36m[K^~~~[m[K
[15.966s] [100%] [32m[1mLinking CXX executable master_node[0m
[16.449s] [100%] Built target master_node
[16.460s] Invoked command in '/workspace/ros_ws/build/master' returned '0': CMAKE_PREFIX_PATH=${CMAKE_PREFIX_PATH}:/workspace/ros_ws/install/nav2_gps_waypoint_follower_demo:/workspace/ros_ws/src/install/nav2_gps_waypoint_follower_demo:/opt/ros/jazzy /usr/bin/cmake --build /workspace/ros_ws/build/master -- -j12 -l12
[16.462s] Invoking command in '/workspace/ros_ws/build/master': CMAKE_PREFIX_PATH=${CMAKE_PREFIX_PATH}:/workspace/ros_ws/install/nav2_gps_waypoint_follower_demo:/workspace/ros_ws/src/install/nav2_gps_waypoint_follower_demo:/opt/ros/jazzy /usr/bin/cmake --install /workspace/ros_ws/build/master
[16.469s] -- Install configuration: ""
[16.470s] -- Installing: /workspace/ros_ws/install/master/lib/master/master_node
[16.477s] -- Set non-toolchain portion of runtime path of "/workspace/ros_ws/install/master/lib/master/master_node" to ""
[16.477s] -- Installing: /workspace/ros_ws/install/master/share/ament_index/resource_index/package_run_dependencies/master
[16.478s] -- Installing: /workspace/ros_ws/install/master/share/ament_index/resource_index/parent_prefix_path/master
[16.478s] -- Installing: /workspace/ros_ws/install/master/share/master/environment/ament_prefix_path.sh
[16.479s] -- Installing: /workspace/ros_ws/install/master/share/master/environment/ament_prefix_path.dsv
[16.479s] -- Installing: /workspace/ros_ws/install/master/share/master/environment/path.sh
[16.480s] -- Installing: /workspace/ros_ws/install/master/share/master/environment/path.dsv
[16.480s] -- Installing: /workspace/ros_ws/install/master/share/master/local_setup.bash
[16.481s] -- Installing: /workspace/ros_ws/install/master/share/master/local_setup.sh
[16.481s] -- Installing: /workspace/ros_ws/install/master/share/master/local_setup.zsh
[16.481s] -- Installing: /workspace/ros_ws/install/master/share/master/local_setup.dsv
[16.481s] -- Installing: /workspace/ros_ws/install/master/share/master/package.dsv
[16.483s] -- Installing: /workspace/ros_ws/install/master/share/ament_index/resource_index/packages/master
[16.484s] -- Installing: /workspace/ros_ws/install/master/share/master/cmake/masterConfig.cmake
[16.484s] -- Installing: /workspace/ros_ws/install/master/share/master/cmake/masterConfig-version.cmake
[16.484s] -- Installing: /workspace/ros_ws/install/master/share/master/package.xml
[16.486s] Invoked command in '/workspace/ros_ws/build/master' returned '0': CMAKE_PREFIX_PATH=${CMAKE_PREFIX_PATH}:/workspace/ros_ws/install/nav2_gps_waypoint_follower_demo:/workspace/ros_ws/src/install/nav2_gps_waypoint_follower_demo:/opt/ros/jazzy /usr/bin/cmake --install /workspace/ros_ws/build/master
