[0.032s] Invoking command in '/workspace/ros_ws/build/master': CMAKE_PREFIX_PATH=${CMAKE_PREFIX_PATH}:/opt/ros/jazzy /usr/bin/cmake --build /workspace/ros_ws/build/master -- -j8 -l8
[0.255s] -- Found ament_cmake: 2.5.4 (/opt/ros/jazzy/share/ament_cmake/cmake)
[0.276s] -- Override CMake install command with custom implementation using symlinks instead of copying resources
[0.282s] -- Found rclcpp_components: 28.1.9 (/opt/ros/jazzy/share/rclcpp_components/cmake)
[0.349s] -- Found rosidl_generator_c: 4.6.5 (/opt/ros/jazzy/share/rosidl_generator_c/cmake)
[0.368s] -- Found rosidl_generator_cpp: 4.6.5 (/opt/ros/jazzy/share/rosidl_generator_cpp/cmake)
[0.385s] -- Using all available rosidl_typesupport_c: rosidl_typesupport_fastrtps_c;rosidl_typesupport_introspection_c
[0.415s] -- Using all available rosidl_typesupport_cpp: rosidl_typesupport_fastrtps_cpp;rosidl_typesupport_introspection_cpp
[0.561s] -- Found rmw_implementation_cmake: 7.3.2 (/opt/ros/jazzy/share/rmw_implementation_cmake/cmake)
[0.564s] -- Found rmw_fastrtps_cpp: 8.4.2 (/opt/ros/jazzy/share/rmw_fastrtps_cpp/cmake)
[0.655s] -- Using RMW implementation 'rmw_fastrtps_cpp' as default
[0.766s] -- Found std_msgs: 5.3.6 (/opt/ros/jazzy/share/std_msgs/cmake)
[0.784s] -- Found geometry_msgs: 5.3.6 (/opt/ros/jazzy/share/geometry_msgs/cmake)
[0.806s] -- Found teleop_twist_joy: 2.6.3 (/opt/ros/jazzy/share/teleop_twist_joy/cmake)
[0.814s] -- Found sensor_msgs: 5.3.6 (/opt/ros/jazzy/share/sensor_msgs/cmake)
[0.848s] -- Found ament_lint_auto: 0.17.2 (/opt/ros/jazzy/share/ament_lint_auto/cmake)
[1.029s] -- Added test 'cppcheck' to perform static code analysis on C / C++ code
[1.030s] -- Configured cppcheck include dirs: 
[1.030s] -- Configured cppcheck exclude dirs and/or files: 
[1.037s] -- Added test 'flake8' to check Python code syntax and style conventions
[1.037s] -- Configured 'flake8' exclude dirs and/or files: 
[1.052s] -- Added test 'lint_cmake' to check CMake code style
[1.059s] -- Added test 'pep257' to check Python code against some of the docstring style conventions in PEP 257
[1.139s] -- Added test 'uncrustify' to check C / C++ code style
[1.140s] -- Configured uncrustify additional arguments: 
[1.157s] -- Added test 'xmllint' to check XML markup files
[1.165s] -- Configuring done (1.1s)
[1.192s] -- Generating done (0.0s)
[1.198s] -- Build files have been written to: /workspace/ros_ws/build/master
[1.260s] [100%] Built target master_node
[1.285s] Invoked command in '/workspace/ros_ws/build/master' returned '0': CMAKE_PREFIX_PATH=${CMAKE_PREFIX_PATH}:/opt/ros/jazzy /usr/bin/cmake --build /workspace/ros_ws/build/master -- -j8 -l8
[1.285s] Invoking command in '/workspace/ros_ws/build/master': CMAKE_PREFIX_PATH=${CMAKE_PREFIX_PATH}:/opt/ros/jazzy /usr/bin/cmake --install /workspace/ros_ws/build/master
[1.300s] -- Install configuration: ""
[1.301s] -- Execute custom install script
[1.302s] -- Up-to-date symlink: /workspace/ros_ws/install/master/lib/master/master_node
[1.302s] -- Up-to-date symlink: /workspace/ros_ws/install/master/share/ament_index/resource_index/package_run_dependencies/master
[1.302s] -- Up-to-date symlink: /workspace/ros_ws/install/master/share/ament_index/resource_index/parent_prefix_path/master
[1.302s] -- Up-to-date symlink: /workspace/ros_ws/install/master/share/master/environment/ament_prefix_path.sh
[1.302s] -- Up-to-date symlink: /workspace/ros_ws/install/master/share/master/environment/ament_prefix_path.dsv
[1.303s] -- Up-to-date symlink: /workspace/ros_ws/install/master/share/master/environment/path.sh
[1.303s] -- Up-to-date symlink: /workspace/ros_ws/install/master/share/master/environment/path.dsv
[1.303s] -- Up-to-date symlink: /workspace/ros_ws/install/master/share/master/local_setup.bash
[1.303s] -- Up-to-date symlink: /workspace/ros_ws/install/master/share/master/local_setup.sh
[1.303s] -- Up-to-date symlink: /workspace/ros_ws/install/master/share/master/local_setup.zsh
[1.303s] -- Up-to-date symlink: /workspace/ros_ws/install/master/share/master/local_setup.dsv
[1.303s] -- Symlinking: /workspace/ros_ws/install/master/share/master/package.dsv
[1.317s] -- Up-to-date symlink: /workspace/ros_ws/install/master/share/ament_index/resource_index/packages/master
[1.317s] -- Up-to-date symlink: /workspace/ros_ws/install/master/share/master/cmake/masterConfig.cmake
[1.318s] -- Up-to-date symlink: /workspace/ros_ws/install/master/share/master/cmake/masterConfig-version.cmake
[1.320s] -- Up-to-date symlink: /workspace/ros_ws/install/master/share/master/package.xml
[1.326s] Invoked command in '/workspace/ros_ws/build/master' returned '0': CMAKE_PREFIX_PATH=${CMAKE_PREFIX_PATH}:/opt/ros/jazzy /usr/bin/cmake --install /workspace/ros_ws/build/master
