running egg_info
writing ../../build/digit_recognition/digit_recognition.egg-info/PKG-INFO
writing dependency_links to ../../build/digit_recognition/digit_recognition.egg-info/dependency_links.txt
writing entry points to ../../build/digit_recognition/digit_recognition.egg-info/entry_points.txt
writing requirements to ../../build/digit_recognition/digit_recognition.egg-info/requires.txt
writing top-level names to ../../build/digit_recognition/digit_recognition.egg-info/top_level.txt
reading manifest file '../../build/digit_recognition/digit_recognition.egg-info/SOURCES.txt'
writing manifest file '../../build/digit_recognition/digit_recognition.egg-info/SOURCES.txt'
running build
running build_py
running install
running install_lib
running install_data
creating /workspace/ros_ws/install/digit_recognition/share/digit_recognition/model
copying model/mnist_cnn_model.pth -> /workspace/ros_ws/install/digit_recognition/share/digit_recognition/model
running install_egg_info
removing '/workspace/ros_ws/install/digit_recognition/lib/python3.12/site-packages/digit_recognition-0.0.0-py3.12.egg-info' (and everything under it)
Copying ../../build/digit_recognition/digit_recognition.egg-info to /workspace/ros_ws/install/digit_recognition/lib/python3.12/site-packages/digit_recognition-0.0.0-py3.12.egg-info
running install_scripts
Installing digit_recognition_node script to /workspace/ros_ws/install/digit_recognition/lib/digit_recognition
writing list of installed files to '/workspace/ros_ws/build/digit_recognition/install.log'
