[1.029s] Invoking command in '/workspace/ros_ws/src/digit_recognition': PYTHONPATH=/workspace/ros_ws/build/digit_recognition/prefix_override:/usr/lib/python3/dist-packages/colcon_core/task/python/colcon_distutils_commands:/workspace/ros_ws/install/digit_recognition/lib/python3.12/site-packages:${PYTHONPATH} /usr/bin/python3 -W ignore:setup.py install is deprecated -W ignore:easy_install command is deprecated setup.py egg_info --egg-base ../../build/digit_recognition build --build-base /workspace/ros_ws/build/digit_recognition/build install --record /workspace/ros_ws/build/digit_recognition/install.log --single-version-externally-managed install_data
[1.328s] running egg_info
[1.361s] writing ../../build/digit_recognition/digit_recognition.egg-info/PKG-INFO
[1.364s] writing dependency_links to ../../build/digit_recognition/digit_recognition.egg-info/dependency_links.txt
[1.365s] writing entry points to ../../build/digit_recognition/digit_recognition.egg-info/entry_points.txt
[1.366s] writing requirements to ../../build/digit_recognition/digit_recognition.egg-info/requires.txt
[1.367s] writing top-level names to ../../build/digit_recognition/digit_recognition.egg-info/top_level.txt
[1.415s] reading manifest file '../../build/digit_recognition/digit_recognition.egg-info/SOURCES.txt'
[1.418s] writing manifest file '../../build/digit_recognition/digit_recognition.egg-info/SOURCES.txt'
[1.419s] running build
[1.419s] running build_py
[1.420s] running install
[1.431s] running install_lib
[1.457s] running install_data
[1.457s] creating /workspace/ros_ws/install/digit_recognition/share/digit_recognition/model
[1.457s] copying model/mnist_cnn_model.pth -> /workspace/ros_ws/install/digit_recognition/share/digit_recognition/model
[1.463s] running install_egg_info
[1.492s] removing '/workspace/ros_ws/install/digit_recognition/lib/python3.12/site-packages/digit_recognition-0.0.0-py3.12.egg-info' (and everything under it)
[1.494s] Copying ../../build/digit_recognition/digit_recognition.egg-info to /workspace/ros_ws/install/digit_recognition/lib/python3.12/site-packages/digit_recognition-0.0.0-py3.12.egg-info
[1.497s] running install_scripts
[1.649s] Installing digit_recognition_node script to /workspace/ros_ws/install/digit_recognition/lib/digit_recognition
[1.650s] writing list of installed files to '/workspace/ros_ws/build/digit_recognition/install.log'
[1.680s] Invoked command in '/workspace/ros_ws/src/digit_recognition' returned '0': PYTHONPATH=/workspace/ros_ws/build/digit_recognition/prefix_override:/usr/lib/python3/dist-packages/colcon_core/task/python/colcon_distutils_commands:/workspace/ros_ws/install/digit_recognition/lib/python3.12/site-packages:${PYTHONPATH} /usr/bin/python3 -W ignore:setup.py install is deprecated -W ignore:easy_install command is deprecated setup.py egg_info --egg-base ../../build/digit_recognition build --build-base /workspace/ros_ws/build/digit_recognition/build install --record /workspace/ros_ws/build/digit_recognition/install.log --single-version-externally-managed install_data
