[2.256s] Invoking command in '/workspace/ros_ws/src/digit_recognition': PYTHONPATH=/workspace/ros_ws/build/digit_recognition/prefix_override:/usr/lib/python3/dist-packages/colcon_core/task/python/colcon_distutils_commands:/workspace/ros_ws/install/digit_recognition/lib/python3.12/site-packages:${PYTHONPATH} /usr/bin/python3 -W ignore:setup.py install is deprecated -W ignore:easy_install command is deprecated setup.py egg_info --egg-base ../../build/digit_recognition build --build-base /workspace/ros_ws/build/digit_recognition/build install --record /workspace/ros_ws/build/digit_recognition/install.log --single-version-externally-managed install_data
[2.652s] running egg_info
[2.709s] writing ../../build/digit_recognition/digit_recognition.egg-info/PKG-INFO
[2.710s] writing dependency_links to ../../build/digit_recognition/digit_recognition.egg-info/dependency_links.txt
[2.710s] writing entry points to ../../build/digit_recognition/digit_recognition.egg-info/entry_points.txt
[2.712s] writing requirements to ../../build/digit_recognition/digit_recognition.egg-info/requires.txt
[2.713s] writing top-level names to ../../build/digit_recognition/digit_recognition.egg-info/top_level.txt
[2.782s] reading manifest file '../../build/digit_recognition/digit_recognition.egg-info/SOURCES.txt'
[2.784s] writing manifest file '../../build/digit_recognition/digit_recognition.egg-info/SOURCES.txt'
[2.784s] running build
[2.784s] running build_py
[2.784s] copying digit_recognition/digit_recognition_node.py -> /workspace/ros_ws/build/digit_recognition/build/lib/digit_recognition
[2.787s] running install
[2.802s] running install_lib
[2.831s] copying /workspace/ros_ws/build/digit_recognition/build/lib/digit_recognition/digit_recognition_node.py -> /workspace/ros_ws/install/digit_recognition/lib/python3.12/site-packages/digit_recognition
[2.832s] byte-compiling /workspace/ros_ws/install/digit_recognition/lib/python3.12/site-packages/digit_recognition/digit_recognition_node.py to digit_recognition_node.cpython-312.pyc
[2.832s] running install_data
[2.835s] running install_egg_info
[2.863s] removing '/workspace/ros_ws/install/digit_recognition/lib/python3.12/site-packages/digit_recognition-0.0.0-py3.12.egg-info' (and everything under it)
[2.864s] Copying ../../build/digit_recognition/digit_recognition.egg-info to /workspace/ros_ws/install/digit_recognition/lib/python3.12/site-packages/digit_recognition-0.0.0-py3.12.egg-info
[2.872s] running install_scripts
[3.300s] Installing digit_recognition_node script to /workspace/ros_ws/install/digit_recognition/lib/digit_recognition
[3.301s] writing list of installed files to '/workspace/ros_ws/build/digit_recognition/install.log'
[3.401s] Invoked command in '/workspace/ros_ws/src/digit_recognition' returned '0': PYTHONPATH=/workspace/ros_ws/build/digit_recognition/prefix_override:/usr/lib/python3/dist-packages/colcon_core/task/python/colcon_distutils_commands:/workspace/ros_ws/install/digit_recognition/lib/python3.12/site-packages:${PYTHONPATH} /usr/bin/python3 -W ignore:setup.py install is deprecated -W ignore:easy_install command is deprecated setup.py egg_info --egg-base ../../build/digit_recognition build --build-base /workspace/ros_ws/build/digit_recognition/build install --record /workspace/ros_ws/build/digit_recognition/install.log --single-version-externally-managed install_data
