-- Found ament_cmake: 2.5.3 (/opt/ros/jazzy/share/ament_cmake/cmake)
-- Override CMake install command with custom implementation using symlinks instead of copying resources
-- Found xacro: 2.0.11 (/opt/ros/jazzy/share/xacro/cmake)
-- Found ament_lint_auto: 0.17.1 (/opt/ros/jazzy/share/ament_lint_auto/cmake)
-- Added test 'copyright' to check source files copyright and LICENSE
-- Added test 'flake8' to check Python code syntax and style conventions
-- Configured 'flake8' exclude dirs and/or files: 
-- Added test 'lint_cmake' to check CMake code style
-- Added test 'pep257' to check Python code against some of the docstring style conventions in PEP 257
-- Added test 'xmllint' to check XML markup files
-- Configuring done (1.0s)
-- Generating done (0.0s)
-- Build files have been written to: /workspace/ros_ws/build/sam_bot_description
-- Install configuration: ""
-- Execute custom install script
-- Symlinking: /workspace/ros_ws/install/sam_bot_description/share/sam_bot_description/src/description/sam_bot_description.sdf
-- Symlinking: /workspace/ros_ws/install/sam_bot_description/share/sam_bot_description/src/description/sam_bot_description.sdf:Zone.Identifier
-- Symlinking: /workspace/ros_ws/install/sam_bot_description/share/sam_bot_description/src/description/sam_bot_description.urdf
-- Symlinking: /workspace/ros_ws/install/sam_bot_description/share/sam_bot_description/src/description/sam_bot_description.urdf:Zone.Identifier
-- Symlinking: /workspace/ros_ws/install/sam_bot_description/share/sam_bot_description/launch/display.launch.py
-- Symlinking: /workspace/ros_ws/install/sam_bot_description/share/sam_bot_description/launch/display.launch.py:Zone.Identifier
-- Symlinking: /workspace/ros_ws/install/sam_bot_description/share/sam_bot_description/rviz/config.rviz
-- Symlinking: /workspace/ros_ws/install/sam_bot_description/share/sam_bot_description/rviz/config.rviz:Zone.Identifier
-- Symlinking: /workspace/ros_ws/install/sam_bot_description/share/sam_bot_description/config/bridge_config.yaml
-- Symlinking: /workspace/ros_ws/install/sam_bot_description/share/sam_bot_description/config/bridge_config.yaml:Zone.Identifier
-- Symlinking: /workspace/ros_ws/install/sam_bot_description/share/sam_bot_description/config/ekf.yaml
-- Symlinking: /workspace/ros_ws/install/sam_bot_description/share/sam_bot_description/config/ekf.yaml:Zone.Identifier
-- Symlinking: /workspace/ros_ws/install/sam_bot_description/share/sam_bot_description/config/nav2_params.yaml
-- Symlinking: /workspace/ros_ws/install/sam_bot_description/share/sam_bot_description/config/nav2_params.yaml:Zone.Identifier
-- Symlinking: /workspace/ros_ws/install/sam_bot_description/share/sam_bot_description/world/my_world.sdf
-- Symlinking: /workspace/ros_ws/install/sam_bot_description/share/sam_bot_description/world/my_world.sdf:Zone.Identifier
-- Symlinking: /workspace/ros_ws/install/sam_bot_description/share/ament_index/resource_index/package_run_dependencies/sam_bot_description
-- Symlinking: /workspace/ros_ws/install/sam_bot_description/share/ament_index/resource_index/parent_prefix_path/sam_bot_description
-- Symlinking: /workspace/ros_ws/install/sam_bot_description/share/sam_bot_description/environment/ament_prefix_path.sh
-- Symlinking: /workspace/ros_ws/install/sam_bot_description/share/sam_bot_description/environment/ament_prefix_path.dsv
-- Symlinking: /workspace/ros_ws/install/sam_bot_description/share/sam_bot_description/environment/path.sh
-- Symlinking: /workspace/ros_ws/install/sam_bot_description/share/sam_bot_description/environment/path.dsv
-- Symlinking: /workspace/ros_ws/install/sam_bot_description/share/sam_bot_description/local_setup.bash
-- Symlinking: /workspace/ros_ws/install/sam_bot_description/share/sam_bot_description/local_setup.sh
-- Symlinking: /workspace/ros_ws/install/sam_bot_description/share/sam_bot_description/local_setup.zsh
-- Symlinking: /workspace/ros_ws/install/sam_bot_description/share/sam_bot_description/local_setup.dsv
-- Symlinking: /workspace/ros_ws/install/sam_bot_description/share/sam_bot_description/package.dsv
-- Symlinking: /workspace/ros_ws/install/sam_bot_description/share/ament_index/resource_index/packages/sam_bot_description
-- Symlinking: /workspace/ros_ws/install/sam_bot_description/share/sam_bot_description/cmake/sam_bot_descriptionConfig.cmake
-- Symlinking: /workspace/ros_ws/install/sam_bot_description/share/sam_bot_description/cmake/sam_bot_descriptionConfig-version.cmake
-- Symlinking: /workspace/ros_ws/install/sam_bot_description/share/sam_bot_description/package.xml
