[0.536s] DEBUG:colcon:Command line arguments: ['/usr/bin/colcon', 'build']
[0.537s] DEBUG:colcon:Parsed command line arguments: Namespace(log_base=None, log_level=None, verb_name='build', build_base='build', install_base='install', merge_install=False, symlink_install=False, test_result_base=None, continue_on_error=False, executor='parallel', parallel_workers=12, event_handlers=None, ignore_user_meta=False, metas=['./colcon.meta'], base_paths=['.'], packages_ignore=None, packages_ignore_regex=None, paths=None, packages_up_to=None, packages_up_to_regex=None, packages_above=None, packages_above_and_dependencies=None, packages_above_depth=None, packages_select_by_dep=None, packages_skip_by_dep=None, packages_skip_up_to=None, packages_select_build_failed=False, packages_skip_build_finished=False, packages_select_test_failures=False, packages_skip_test_passed=False, packages_select=None, packages_skip=None, packages_select_regex=None, packages_skip_regex=None, packages_start=None, packages_end=None, cmake_args=None, cmake_target=None, cmake_target_skip_unavailable=False, cmake_clean_cache=False, cmake_clean_first=False, cmake_force_configure=False, ament_cmake_args=None, catkin_cmake_args=None, catkin_skip_building_tests=False, mixin_files=None, mixin=None, verb_parser=<colcon_mixin.mixin.mixin_argument.MixinArgumentDecorator object at 0x7f2d29620f20>, verb_extension=<colcon_core.verb.build.BuildVerb object at 0x7f2d2979cc20>, main=<bound method BuildVerb.main of <colcon_core.verb.build.BuildVerb object at 0x7f2d2979cc20>>, mixin_verb=('build',))
[0.701s] Level 1:colcon.colcon_core.package_discovery:discover_packages(colcon_meta) check parameters
[0.703s] INFO:colcon.colcon_metadata.package_discovery.colcon_meta:Using configuration from '/root/.colcon/metadata/default/Gazebo.meta'
[0.704s] INFO:colcon.colcon_metadata.package_discovery.colcon_meta:Using configuration from '/root/.colcon/metadata/default/fastrtps.meta'
[0.705s] Level 1:colcon.colcon_core.package_discovery:discover_packages(recursive) check parameters
[0.705s] Level 1:colcon.colcon_core.package_discovery:discover_packages(ignore) check parameters
[0.705s] Level 1:colcon.colcon_core.package_discovery:discover_packages(path) check parameters
[0.705s] Level 1:colcon.colcon_core.package_discovery:discover_packages(colcon_meta) discover
[0.705s] Level 1:colcon.colcon_core.package_discovery:discover_packages(recursive) discover
[0.705s] INFO:colcon.colcon_core.package_discovery:Crawling recursively for packages in '/workspace/ros_ws/src'
[0.705s] Level 1:colcon.colcon_core.package_identification:_identify(.) by extensions ['ignore', 'ignore_ament_install']
[0.705s] Level 1:colcon.colcon_core.package_identification:_identify(.) by extension 'ignore'
[0.705s] Level 1:colcon.colcon_core.package_identification:_identify(.) by extension 'ignore_ament_install'
[0.705s] Level 1:colcon.colcon_core.package_identification:_identify(.) by extensions ['colcon_pkg']
[0.705s] Level 1:colcon.colcon_core.package_identification:_identify(.) by extension 'colcon_pkg'
[0.705s] Level 1:colcon.colcon_core.package_identification:_identify(.) by extensions ['colcon_meta']
[0.705s] Level 1:colcon.colcon_core.package_identification:_identify(.) by extension 'colcon_meta'
[0.705s] Level 1:colcon.colcon_core.package_identification:_identify(.) by extensions ['ros']
[0.705s] Level 1:colcon.colcon_core.package_identification:_identify(.) by extension 'ros'
[0.768s] Level 1:colcon.colcon_core.package_identification:_identify(.) by extensions ['cmake', 'python']
[0.769s] Level 1:colcon.colcon_core.package_identification:_identify(.) by extension 'cmake'
[0.769s] Level 1:colcon.colcon_core.package_identification:_identify(.) by extension 'python'
[0.769s] Level 1:colcon.colcon_core.package_identification:_identify(.) by extensions ['python_setup_py']
[0.769s] Level 1:colcon.colcon_core.package_identification:_identify(.) by extension 'python_setup_py'
[0.769s] Level 1:colcon.colcon_core.package_identification:_identify(ariaNode) by extensions ['ignore', 'ignore_ament_install']
[0.770s] Level 1:colcon.colcon_core.package_identification:_identify(ariaNode) by extension 'ignore'
[0.770s] Level 1:colcon.colcon_core.package_identification:_identify(ariaNode) by extension 'ignore_ament_install'
[0.771s] Level 1:colcon.colcon_core.package_identification:_identify(ariaNode) by extensions ['colcon_pkg']
[0.771s] Level 1:colcon.colcon_core.package_identification:_identify(ariaNode) by extension 'colcon_pkg'
[0.771s] Level 1:colcon.colcon_core.package_identification:_identify(ariaNode) by extensions ['colcon_meta']
[0.771s] Level 1:colcon.colcon_core.package_identification:_identify(ariaNode) by extension 'colcon_meta'
[0.771s] Level 1:colcon.colcon_core.package_identification:_identify(ariaNode) by extensions ['ros']
[0.771s] Level 1:colcon.colcon_core.package_identification:_identify(ariaNode) by extension 'ros'
[0.778s] DEBUG:colcon.colcon_core.package_identification:Package 'ariaNode' with type 'ros.ament_cmake' and name 'ariaNode'
[0.778s] Level 1:colcon.colcon_core.package_identification:_identify(build) by extensions ['ignore', 'ignore_ament_install']
[0.778s] Level 1:colcon.colcon_core.package_identification:_identify(build) by extension 'ignore'
[0.778s] Level 1:colcon.colcon_core.package_identification:_identify(build) ignored
[0.779s] Level 1:colcon.colcon_core.package_identification:_identify(install) by extensions ['ignore', 'ignore_ament_install']
[0.779s] Level 1:colcon.colcon_core.package_identification:_identify(install) by extension 'ignore'
[0.779s] Level 1:colcon.colcon_core.package_identification:_identify(install) ignored
[0.779s] Level 1:colcon.colcon_core.package_identification:_identify(log) by extensions ['ignore', 'ignore_ament_install']
[0.779s] Level 1:colcon.colcon_core.package_identification:_identify(log) by extension 'ignore'
[0.779s] Level 1:colcon.colcon_core.package_identification:_identify(log) ignored
[0.779s] Level 1:colcon.colcon_core.package_identification:_identify(master) by extensions ['ignore', 'ignore_ament_install']
[0.779s] Level 1:colcon.colcon_core.package_identification:_identify(master) by extension 'ignore'
[0.779s] Level 1:colcon.colcon_core.package_identification:_identify(master) by extension 'ignore_ament_install'
[0.779s] Level 1:colcon.colcon_core.package_identification:_identify(master) by extensions ['colcon_pkg']
[0.779s] Level 1:colcon.colcon_core.package_identification:_identify(master) by extension 'colcon_pkg'
[0.779s] Level 1:colcon.colcon_core.package_identification:_identify(master) by extensions ['colcon_meta']
[0.779s] Level 1:colcon.colcon_core.package_identification:_identify(master) by extension 'colcon_meta'
[0.779s] Level 1:colcon.colcon_core.package_identification:_identify(master) by extensions ['ros']
[0.779s] Level 1:colcon.colcon_core.package_identification:_identify(master) by extension 'ros'
[0.781s] DEBUG:colcon.colcon_core.package_identification:Package 'master' with type 'ros.ament_cmake' and name 'master'
[0.781s] Level 1:colcon.colcon_core.package_identification:_identify(my_package2) by extensions ['ignore', 'ignore_ament_install']
[0.781s] Level 1:colcon.colcon_core.package_identification:_identify(my_package2) by extension 'ignore'
[0.781s] Level 1:colcon.colcon_core.package_identification:_identify(my_package2) by extension 'ignore_ament_install'
[0.782s] Level 1:colcon.colcon_core.package_identification:_identify(my_package2) by extensions ['colcon_pkg']
[0.782s] Level 1:colcon.colcon_core.package_identification:_identify(my_package2) by extension 'colcon_pkg'
[0.782s] Level 1:colcon.colcon_core.package_identification:_identify(my_package2) by extensions ['colcon_meta']
[0.782s] Level 1:colcon.colcon_core.package_identification:_identify(my_package2) by extension 'colcon_meta'
[0.782s] Level 1:colcon.colcon_core.package_identification:_identify(my_package2) by extensions ['ros']
[0.782s] Level 1:colcon.colcon_core.package_identification:_identify(my_package2) by extension 'ros'
[0.783s] DEBUG:colcon.colcon_core.package_identification:Package 'my_package2' with type 'ros.ament_cmake' and name 'my_package2'
[0.783s] Level 1:colcon.colcon_core.package_identification:_identify(nav2_gps_waypoint_follower_demo) by extensions ['ignore', 'ignore_ament_install']
[0.783s] Level 1:colcon.colcon_core.package_identification:_identify(nav2_gps_waypoint_follower_demo) by extension 'ignore'
[0.783s] Level 1:colcon.colcon_core.package_identification:_identify(nav2_gps_waypoint_follower_demo) by extension 'ignore_ament_install'
[0.783s] Level 1:colcon.colcon_core.package_identification:_identify(nav2_gps_waypoint_follower_demo) by extensions ['colcon_pkg']
[0.783s] Level 1:colcon.colcon_core.package_identification:_identify(nav2_gps_waypoint_follower_demo) by extension 'colcon_pkg'
[0.783s] Level 1:colcon.colcon_core.package_identification:_identify(nav2_gps_waypoint_follower_demo) by extensions ['colcon_meta']
[0.783s] Level 1:colcon.colcon_core.package_identification:_identify(nav2_gps_waypoint_follower_demo) by extension 'colcon_meta'
[0.783s] Level 1:colcon.colcon_core.package_identification:_identify(nav2_gps_waypoint_follower_demo) by extensions ['ros']
[0.783s] Level 1:colcon.colcon_core.package_identification:_identify(nav2_gps_waypoint_follower_demo) by extension 'ros'
[0.784s] DEBUG:colcon.colcon_core.package_identification:Package 'nav2_gps_waypoint_follower_demo' with type 'ros.ament_python' and name 'nav2_gps_waypoint_follower_demo'
[0.784s] Level 1:colcon.colcon_core.package_discovery:discover_packages(recursive) using defaults
[0.785s] Level 1:colcon.colcon_core.package_discovery:discover_packages(ignore) discover
[0.785s] Level 1:colcon.colcon_core.package_discovery:discover_packages(ignore) using defaults
[0.785s] Level 1:colcon.colcon_core.package_discovery:discover_packages(path) discover
[0.785s] Level 1:colcon.colcon_core.package_discovery:discover_packages(path) using defaults
[0.837s] Level 5:colcon.colcon_core.verb:set package 'ariaNode' build argument 'cmake_args' from command line to 'None'
[0.837s] Level 5:colcon.colcon_core.verb:set package 'ariaNode' build argument 'cmake_target' from command line to 'None'
[0.837s] Level 5:colcon.colcon_core.verb:set package 'ariaNode' build argument 'cmake_target_skip_unavailable' from command line to 'False'
[0.837s] Level 5:colcon.colcon_core.verb:set package 'ariaNode' build argument 'cmake_clean_cache' from command line to 'False'
[0.837s] Level 5:colcon.colcon_core.verb:set package 'ariaNode' build argument 'cmake_clean_first' from command line to 'False'
[0.837s] Level 5:colcon.colcon_core.verb:set package 'ariaNode' build argument 'cmake_force_configure' from command line to 'False'
[0.837s] Level 5:colcon.colcon_core.verb:set package 'ariaNode' build argument 'ament_cmake_args' from command line to 'None'
[0.837s] Level 5:colcon.colcon_core.verb:set package 'ariaNode' build argument 'catkin_cmake_args' from command line to 'None'
[0.837s] Level 5:colcon.colcon_core.verb:set package 'ariaNode' build argument 'catkin_skip_building_tests' from command line to 'False'
[0.837s] DEBUG:colcon.colcon_core.verb:Building package 'ariaNode' with the following arguments: {'ament_cmake_args': None, 'build_base': '/workspace/ros_ws/src/build/ariaNode', 'catkin_cmake_args': None, 'catkin_skip_building_tests': False, 'cmake_args': None, 'cmake_clean_cache': False, 'cmake_clean_first': False, 'cmake_force_configure': False, 'cmake_target': None, 'cmake_target_skip_unavailable': False, 'install_base': '/workspace/ros_ws/src/install/ariaNode', 'merge_install': False, 'path': '/workspace/ros_ws/src/ariaNode', 'symlink_install': False, 'test_result_base': None}
[0.838s] Level 5:colcon.colcon_core.verb:set package 'master' build argument 'cmake_args' from command line to 'None'
[0.838s] Level 5:colcon.colcon_core.verb:set package 'master' build argument 'cmake_target' from command line to 'None'
[0.838s] Level 5:colcon.colcon_core.verb:set package 'master' build argument 'cmake_target_skip_unavailable' from command line to 'False'
[0.838s] Level 5:colcon.colcon_core.verb:set package 'master' build argument 'cmake_clean_cache' from command line to 'False'
[0.838s] Level 5:colcon.colcon_core.verb:set package 'master' build argument 'cmake_clean_first' from command line to 'False'
[0.838s] Level 5:colcon.colcon_core.verb:set package 'master' build argument 'cmake_force_configure' from command line to 'False'
[0.838s] Level 5:colcon.colcon_core.verb:set package 'master' build argument 'ament_cmake_args' from command line to 'None'
[0.838s] Level 5:colcon.colcon_core.verb:set package 'master' build argument 'catkin_cmake_args' from command line to 'None'
[0.838s] Level 5:colcon.colcon_core.verb:set package 'master' build argument 'catkin_skip_building_tests' from command line to 'False'
[0.838s] DEBUG:colcon.colcon_core.verb:Building package 'master' with the following arguments: {'ament_cmake_args': None, 'build_base': '/workspace/ros_ws/src/build/master', 'catkin_cmake_args': None, 'catkin_skip_building_tests': False, 'cmake_args': None, 'cmake_clean_cache': False, 'cmake_clean_first': False, 'cmake_force_configure': False, 'cmake_target': None, 'cmake_target_skip_unavailable': False, 'install_base': '/workspace/ros_ws/src/install/master', 'merge_install': False, 'path': '/workspace/ros_ws/src/master', 'symlink_install': False, 'test_result_base': None}
[0.838s] Level 5:colcon.colcon_core.verb:set package 'my_package2' build argument 'cmake_args' from command line to 'None'
[0.838s] Level 5:colcon.colcon_core.verb:set package 'my_package2' build argument 'cmake_target' from command line to 'None'
[0.838s] Level 5:colcon.colcon_core.verb:set package 'my_package2' build argument 'cmake_target_skip_unavailable' from command line to 'False'
[0.838s] Level 5:colcon.colcon_core.verb:set package 'my_package2' build argument 'cmake_clean_cache' from command line to 'False'
[0.838s] Level 5:colcon.colcon_core.verb:set package 'my_package2' build argument 'cmake_clean_first' from command line to 'False'
[0.838s] Level 5:colcon.colcon_core.verb:set package 'my_package2' build argument 'cmake_force_configure' from command line to 'False'
[0.838s] Level 5:colcon.colcon_core.verb:set package 'my_package2' build argument 'ament_cmake_args' from command line to 'None'
[0.838s] Level 5:colcon.colcon_core.verb:set package 'my_package2' build argument 'catkin_cmake_args' from command line to 'None'
[0.838s] Level 5:colcon.colcon_core.verb:set package 'my_package2' build argument 'catkin_skip_building_tests' from command line to 'False'
[0.838s] DEBUG:colcon.colcon_core.verb:Building package 'my_package2' with the following arguments: {'ament_cmake_args': None, 'build_base': '/workspace/ros_ws/src/build/my_package2', 'catkin_cmake_args': None, 'catkin_skip_building_tests': False, 'cmake_args': None, 'cmake_clean_cache': False, 'cmake_clean_first': False, 'cmake_force_configure': False, 'cmake_target': None, 'cmake_target_skip_unavailable': False, 'install_base': '/workspace/ros_ws/src/install/my_package2', 'merge_install': False, 'path': '/workspace/ros_ws/src/my_package2', 'symlink_install': False, 'test_result_base': None}
[0.839s] Level 5:colcon.colcon_core.verb:set package 'nav2_gps_waypoint_follower_demo' build argument 'cmake_args' from command line to 'None'
[0.839s] Level 5:colcon.colcon_core.verb:set package 'nav2_gps_waypoint_follower_demo' build argument 'cmake_target' from command line to 'None'
[0.839s] Level 5:colcon.colcon_core.verb:set package 'nav2_gps_waypoint_follower_demo' build argument 'cmake_target_skip_unavailable' from command line to 'False'
[0.839s] Level 5:colcon.colcon_core.verb:set package 'nav2_gps_waypoint_follower_demo' build argument 'cmake_clean_cache' from command line to 'False'
[0.839s] Level 5:colcon.colcon_core.verb:set package 'nav2_gps_waypoint_follower_demo' build argument 'cmake_clean_first' from command line to 'False'
[0.839s] Level 5:colcon.colcon_core.verb:set package 'nav2_gps_waypoint_follower_demo' build argument 'cmake_force_configure' from command line to 'False'
[0.839s] Level 5:colcon.colcon_core.verb:set package 'nav2_gps_waypoint_follower_demo' build argument 'ament_cmake_args' from command line to 'None'
[0.839s] Level 5:colcon.colcon_core.verb:set package 'nav2_gps_waypoint_follower_demo' build argument 'catkin_cmake_args' from command line to 'None'
[0.839s] Level 5:colcon.colcon_core.verb:set package 'nav2_gps_waypoint_follower_demo' build argument 'catkin_skip_building_tests' from command line to 'False'
[0.839s] DEBUG:colcon.colcon_core.verb:Building package 'nav2_gps_waypoint_follower_demo' with the following arguments: {'ament_cmake_args': None, 'build_base': '/workspace/ros_ws/src/build/nav2_gps_waypoint_follower_demo', 'catkin_cmake_args': None, 'catkin_skip_building_tests': False, 'cmake_args': None, 'cmake_clean_cache': False, 'cmake_clean_first': False, 'cmake_force_configure': False, 'cmake_target': None, 'cmake_target_skip_unavailable': False, 'install_base': '/workspace/ros_ws/src/install/nav2_gps_waypoint_follower_demo', 'merge_install': False, 'path': '/workspace/ros_ws/src/nav2_gps_waypoint_follower_demo', 'symlink_install': False, 'test_result_base': None}
[0.839s] INFO:colcon.colcon_core.executor:Executing jobs using 'parallel' executor
[0.841s] DEBUG:colcon.colcon_parallel_executor.executor.parallel:run_until_complete
[0.841s] INFO:colcon.colcon_ros.task.ament_cmake.build:Building ROS package in '/workspace/ros_ws/src/ariaNode' with build type 'ament_cmake'
[0.841s] INFO:colcon.colcon_cmake.task.cmake.build:Building CMake package in '/workspace/ros_ws/src/ariaNode'
[0.849s] INFO:colcon.colcon_core.plugin_system:Skipping extension 'colcon_core.shell.bat': Not used on non-Windows systems
[0.850s] INFO:colcon.colcon_core.shell:Skip shell extension 'powershell' for command environment: Not usable outside of PowerShell
[0.850s] DEBUG:colcon.colcon_core.shell:Skip shell extension 'dsv' for command environment
[0.877s] INFO:colcon.colcon_ros.task.ament_cmake.build:Building ROS package in '/workspace/ros_ws/src/master' with build type 'ament_cmake'
[0.877s] INFO:colcon.colcon_cmake.task.cmake.build:Building CMake package in '/workspace/ros_ws/src/master'
[0.877s] INFO:colcon.colcon_core.shell:Skip shell extension 'powershell' for command environment: Not usable outside of PowerShell
[0.877s] DEBUG:colcon.colcon_core.shell:Skip shell extension 'dsv' for command environment
[0.884s] INFO:colcon.colcon_ros.task.ament_cmake.build:Building ROS package in '/workspace/ros_ws/src/my_package2' with build type 'ament_cmake'
[0.884s] INFO:colcon.colcon_cmake.task.cmake.build:Building CMake package in '/workspace/ros_ws/src/my_package2'
[0.885s] INFO:colcon.colcon_core.shell:Skip shell extension 'powershell' for command environment: Not usable outside of PowerShell
[0.885s] DEBUG:colcon.colcon_core.shell:Skip shell extension 'dsv' for command environment
[0.891s] INFO:colcon.colcon_ros.task.ament_python.build:Building ROS package in '/workspace/ros_ws/src/nav2_gps_waypoint_follower_demo' with build type 'ament_python'
[0.891s] Level 1:colcon.colcon_core.shell:create_environment_hook('nav2_gps_waypoint_follower_demo', 'ament_prefix_path')
[0.892s] INFO:colcon.colcon_core.shell:Creating environment hook '/workspace/ros_ws/src/install/nav2_gps_waypoint_follower_demo/share/nav2_gps_waypoint_follower_demo/hook/ament_prefix_path.ps1'
[0.894s] INFO:colcon.colcon_core.shell:Creating environment descriptor '/workspace/ros_ws/src/install/nav2_gps_waypoint_follower_demo/share/nav2_gps_waypoint_follower_demo/hook/ament_prefix_path.dsv'
[0.895s] INFO:colcon.colcon_core.shell:Creating environment hook '/workspace/ros_ws/src/install/nav2_gps_waypoint_follower_demo/share/nav2_gps_waypoint_follower_demo/hook/ament_prefix_path.sh'
[0.897s] INFO:colcon.colcon_core.shell:Skip shell extension 'powershell' for command environment: Not usable outside of PowerShell
[0.897s] DEBUG:colcon.colcon_core.shell:Skip shell extension 'dsv' for command environment
[0.911s] DEBUG:colcon.colcon_core.event_handler.log_command:Invoking command in '/workspace/ros_ws/src/build/ariaNode': CMAKE_PREFIX_PATH=${CMAKE_PREFIX_PATH}:/opt/ros/jazzy /usr/bin/cmake /workspace/ros_ws/src/ariaNode -DCMAKE_INSTALL_PREFIX=/workspace/ros_ws/src/install/ariaNode
[0.923s] DEBUG:colcon.colcon_core.event_handler.log_command:Invoking command in '/workspace/ros_ws/src/build/master': CMAKE_PREFIX_PATH=${CMAKE_PREFIX_PATH}:/opt/ros/jazzy /usr/bin/cmake --build /workspace/ros_ws/src/build/master -- -j12 -l12
[0.929s] DEBUG:colcon.colcon_core.event_handler.log_command:Invoking command in '/workspace/ros_ws/src/build/my_package2': CMAKE_PREFIX_PATH=${CMAKE_PREFIX_PATH}:/opt/ros/jazzy /usr/bin/cmake --build /workspace/ros_ws/src/build/my_package2 -- -j12 -l12
[1.325s] INFO:colcon.colcon_core.task.python.build:Building Python package in '/workspace/ros_ws/src/nav2_gps_waypoint_follower_demo'
[1.325s] INFO:colcon.colcon_core.shell:Skip shell extension 'powershell' for command environment: Not usable outside of PowerShell
[1.325s] DEBUG:colcon.colcon_core.shell:Skip shell extension 'dsv' for command environment
[1.338s] DEBUG:colcon.colcon_core.event_handler.log_command:Invoked command in '/workspace/ros_ws/src/build/my_package2' returned '0': CMAKE_PREFIX_PATH=${CMAKE_PREFIX_PATH}:/opt/ros/jazzy /usr/bin/cmake --build /workspace/ros_ws/src/build/my_package2 -- -j12 -l12
[1.351s] DEBUG:colcon.colcon_core.event_handler.log_command:Invoking command in '/workspace/ros_ws/src/build/my_package2': CMAKE_PREFIX_PATH=${CMAKE_PREFIX_PATH}:/opt/ros/jazzy /usr/bin/cmake --install /workspace/ros_ws/src/build/my_package2
[1.375s] Level 1:colcon.colcon_core.environment:create_environment_scripts_only(my_package2)
[1.376s] DEBUG:colcon.colcon_core.event_handler.log_command:Invoked command in '/workspace/ros_ws/src/build/my_package2' returned '0': CMAKE_PREFIX_PATH=${CMAKE_PREFIX_PATH}:/opt/ros/jazzy /usr/bin/cmake --install /workspace/ros_ws/src/build/my_package2
[1.389s] Level 1:colcon.colcon_core.environment:checking '/workspace/ros_ws/src/install/my_package2' for CMake module files
[1.390s] Level 1:colcon.colcon_core.environment:checking '/workspace/ros_ws/src/install/my_package2' for CMake config files
[1.391s] Level 1:colcon.colcon_core.shell:create_environment_hook('my_package2', 'cmake_prefix_path')
[1.391s] INFO:colcon.colcon_core.shell:Creating environment hook '/workspace/ros_ws/src/install/my_package2/share/my_package2/hook/cmake_prefix_path.ps1'
[1.392s] INFO:colcon.colcon_core.shell:Creating environment descriptor '/workspace/ros_ws/src/install/my_package2/share/my_package2/hook/cmake_prefix_path.dsv'
[1.392s] INFO:colcon.colcon_core.shell:Creating environment hook '/workspace/ros_ws/src/install/my_package2/share/my_package2/hook/cmake_prefix_path.sh'
[1.395s] Level 1:colcon.colcon_core.environment:checking '/workspace/ros_ws/src/install/my_package2/lib'
[1.396s] Level 1:colcon.colcon_core.environment:checking '/workspace/ros_ws/src/install/my_package2/bin'
[1.396s] Level 1:colcon.colcon_core.environment:checking '/workspace/ros_ws/src/install/my_package2/lib/pkgconfig/my_package2.pc'
[1.396s] Level 1:colcon.colcon_core.environment:checking '/workspace/ros_ws/src/install/my_package2/lib/python3.12/site-packages'
[1.397s] Level 1:colcon.colcon_core.environment:checking '/workspace/ros_ws/src/install/my_package2/bin'
[1.397s] INFO:colcon.colcon_core.shell:Creating package script '/workspace/ros_ws/src/install/my_package2/share/my_package2/package.ps1'
[1.399s] INFO:colcon.colcon_core.shell:Creating package descriptor '/workspace/ros_ws/src/install/my_package2/share/my_package2/package.dsv'
[1.401s] INFO:colcon.colcon_core.shell:Creating package script '/workspace/ros_ws/src/install/my_package2/share/my_package2/package.sh'
[1.403s] INFO:colcon.colcon_core.shell:Creating package script '/workspace/ros_ws/src/install/my_package2/share/my_package2/package.bash'
[1.405s] INFO:colcon.colcon_core.shell:Creating package script '/workspace/ros_ws/src/install/my_package2/share/my_package2/package.zsh'
[1.407s] Level 1:colcon.colcon_core.environment:create_file_with_runtime_dependencies(/workspace/ros_ws/src/install/my_package2/share/colcon-core/packages/my_package2)
[1.408s] Level 1:colcon.colcon_core.environment:create_environment_scripts_only(my_package2)
[1.409s] Level 1:colcon.colcon_core.environment:checking '/workspace/ros_ws/src/install/my_package2' for CMake module files
[1.409s] Level 1:colcon.colcon_core.environment:checking '/workspace/ros_ws/src/install/my_package2' for CMake config files
[1.410s] Level 1:colcon.colcon_core.shell:create_environment_hook('my_package2', 'cmake_prefix_path')
[1.410s] INFO:colcon.colcon_core.shell:Creating environment hook '/workspace/ros_ws/src/install/my_package2/share/my_package2/hook/cmake_prefix_path.ps1'
[1.411s] INFO:colcon.colcon_core.shell:Creating environment descriptor '/workspace/ros_ws/src/install/my_package2/share/my_package2/hook/cmake_prefix_path.dsv'
[1.411s] INFO:colcon.colcon_core.shell:Creating environment hook '/workspace/ros_ws/src/install/my_package2/share/my_package2/hook/cmake_prefix_path.sh'
[1.412s] Level 1:colcon.colcon_core.environment:checking '/workspace/ros_ws/src/install/my_package2/lib'
[1.413s] Level 1:colcon.colcon_core.environment:checking '/workspace/ros_ws/src/install/my_package2/bin'
[1.413s] Level 1:colcon.colcon_core.environment:checking '/workspace/ros_ws/src/install/my_package2/lib/pkgconfig/my_package2.pc'
[1.413s] Level 1:colcon.colcon_core.environment:checking '/workspace/ros_ws/src/install/my_package2/lib/python3.12/site-packages'
[1.413s] Level 1:colcon.colcon_core.environment:checking '/workspace/ros_ws/src/install/my_package2/bin'
[1.414s] INFO:colcon.colcon_core.shell:Creating package script '/workspace/ros_ws/src/install/my_package2/share/my_package2/package.ps1'
[1.415s] INFO:colcon.colcon_core.shell:Creating package descriptor '/workspace/ros_ws/src/install/my_package2/share/my_package2/package.dsv'
[1.416s] INFO:colcon.colcon_core.shell:Creating package script '/workspace/ros_ws/src/install/my_package2/share/my_package2/package.sh'
[1.416s] INFO:colcon.colcon_core.shell:Creating package script '/workspace/ros_ws/src/install/my_package2/share/my_package2/package.bash'
[1.417s] INFO:colcon.colcon_core.shell:Creating package script '/workspace/ros_ws/src/install/my_package2/share/my_package2/package.zsh'
[1.418s] Level 1:colcon.colcon_core.environment:create_file_with_runtime_dependencies(/workspace/ros_ws/src/install/my_package2/share/colcon-core/packages/my_package2)
[2.996s] DEBUG:colcon.colcon_core.event_handler.log_command:Invoking command in '/workspace/ros_ws/src/nav2_gps_waypoint_follower_demo': PYTHONPATH=/workspace/ros_ws/src/build/nav2_gps_waypoint_follower_demo/prefix_override:/usr/lib/python3/dist-packages/colcon_core/task/python/colcon_distutils_commands:/workspace/ros_ws/src/install/nav2_gps_waypoint_follower_demo/lib/python3.12/site-packages:${PYTHONPATH} /usr/bin/python3 -W ignore:setup.py install is deprecated -W ignore:easy_install command is deprecated setup.py egg_info --egg-base ../build/nav2_gps_waypoint_follower_demo build --build-base /workspace/ros_ws/src/build/nav2_gps_waypoint_follower_demo/build install --record /workspace/ros_ws/src/build/nav2_gps_waypoint_follower_demo/install.log --single-version-externally-managed install_data
[3.495s] DEBUG:colcon.colcon_core.event_handler.log_command:Invoked command in '/workspace/ros_ws/src/build/ariaNode' returned '0': CMAKE_PREFIX_PATH=${CMAKE_PREFIX_PATH}:/opt/ros/jazzy /usr/bin/cmake /workspace/ros_ws/src/ariaNode -DCMAKE_INSTALL_PREFIX=/workspace/ros_ws/src/install/ariaNode
[3.497s] DEBUG:colcon.colcon_core.event_handler.log_command:Invoking command in '/workspace/ros_ws/src/build/ariaNode': CMAKE_PREFIX_PATH=${CMAKE_PREFIX_PATH}:/opt/ros/jazzy /usr/bin/cmake --build /workspace/ros_ws/src/build/ariaNode -- -j12 -l12
[3.728s] Level 1:colcon.colcon_core.environment:checking '/workspace/ros_ws/src/install/nav2_gps_waypoint_follower_demo' for CMake module files
[3.730s] DEBUG:colcon.colcon_core.event_handler.log_command:Invoked command in '/workspace/ros_ws/src/nav2_gps_waypoint_follower_demo' returned '0': PYTHONPATH=/workspace/ros_ws/src/build/nav2_gps_waypoint_follower_demo/prefix_override:/usr/lib/python3/dist-packages/colcon_core/task/python/colcon_distutils_commands:/workspace/ros_ws/src/install/nav2_gps_waypoint_follower_demo/lib/python3.12/site-packages:${PYTHONPATH} /usr/bin/python3 -W ignore:setup.py install is deprecated -W ignore:easy_install command is deprecated setup.py egg_info --egg-base ../build/nav2_gps_waypoint_follower_demo build --build-base /workspace/ros_ws/src/build/nav2_gps_waypoint_follower_demo/build install --record /workspace/ros_ws/src/build/nav2_gps_waypoint_follower_demo/install.log --single-version-externally-managed install_data
[3.730s] Level 1:colcon.colcon_core.environment:checking '/workspace/ros_ws/src/install/nav2_gps_waypoint_follower_demo' for CMake config files
[3.731s] Level 1:colcon.colcon_core.environment:checking '/workspace/ros_ws/src/install/nav2_gps_waypoint_follower_demo/lib'
[3.731s] Level 1:colcon.colcon_core.environment:checking '/workspace/ros_ws/src/install/nav2_gps_waypoint_follower_demo/bin'
[3.731s] Level 1:colcon.colcon_core.environment:checking '/workspace/ros_ws/src/install/nav2_gps_waypoint_follower_demo/lib/pkgconfig/nav2_gps_waypoint_follower_demo.pc'
[3.731s] Level 1:colcon.colcon_core.environment:checking '/workspace/ros_ws/src/install/nav2_gps_waypoint_follower_demo/lib/python3.12/site-packages'
[3.731s] Level 1:colcon.colcon_core.shell:create_environment_hook('nav2_gps_waypoint_follower_demo', 'pythonpath')
[3.732s] INFO:colcon.colcon_core.shell:Creating environment hook '/workspace/ros_ws/src/install/nav2_gps_waypoint_follower_demo/share/nav2_gps_waypoint_follower_demo/hook/pythonpath.ps1'
[3.732s] INFO:colcon.colcon_core.shell:Creating environment descriptor '/workspace/ros_ws/src/install/nav2_gps_waypoint_follower_demo/share/nav2_gps_waypoint_follower_demo/hook/pythonpath.dsv'
[3.732s] INFO:colcon.colcon_core.shell:Creating environment hook '/workspace/ros_ws/src/install/nav2_gps_waypoint_follower_demo/share/nav2_gps_waypoint_follower_demo/hook/pythonpath.sh'
[3.733s] Level 1:colcon.colcon_core.environment:checking '/workspace/ros_ws/src/install/nav2_gps_waypoint_follower_demo/bin'
[3.733s] Level 1:colcon.colcon_core.environment:create_environment_scripts_only(nav2_gps_waypoint_follower_demo)
[3.733s] INFO:colcon.colcon_core.shell:Creating package script '/workspace/ros_ws/src/install/nav2_gps_waypoint_follower_demo/share/nav2_gps_waypoint_follower_demo/package.ps1'
[3.734s] INFO:colcon.colcon_core.shell:Creating package descriptor '/workspace/ros_ws/src/install/nav2_gps_waypoint_follower_demo/share/nav2_gps_waypoint_follower_demo/package.dsv'
[3.734s] INFO:colcon.colcon_core.shell:Creating package script '/workspace/ros_ws/src/install/nav2_gps_waypoint_follower_demo/share/nav2_gps_waypoint_follower_demo/package.sh'
[3.735s] INFO:colcon.colcon_core.shell:Creating package script '/workspace/ros_ws/src/install/nav2_gps_waypoint_follower_demo/share/nav2_gps_waypoint_follower_demo/package.bash'
[3.735s] INFO:colcon.colcon_core.shell:Creating package script '/workspace/ros_ws/src/install/nav2_gps_waypoint_follower_demo/share/nav2_gps_waypoint_follower_demo/package.zsh'
[3.736s] Level 1:colcon.colcon_core.environment:create_file_with_runtime_dependencies(/workspace/ros_ws/src/install/nav2_gps_waypoint_follower_demo/share/colcon-core/packages/nav2_gps_waypoint_follower_demo)
[16.055s] DEBUG:colcon.colcon_core.event_handler.log_command:Invoked command in '/workspace/ros_ws/src/build/ariaNode' returned '0': CMAKE_PREFIX_PATH=${CMAKE_PREFIX_PATH}:/opt/ros/jazzy /usr/bin/cmake --build /workspace/ros_ws/src/build/ariaNode -- -j12 -l12
[16.057s] DEBUG:colcon.colcon_core.event_handler.log_command:Invoking command in '/workspace/ros_ws/src/build/ariaNode': CMAKE_PREFIX_PATH=${CMAKE_PREFIX_PATH}:/opt/ros/jazzy /usr/bin/cmake --install /workspace/ros_ws/src/build/ariaNode
[16.078s] Level 1:colcon.colcon_core.environment:create_environment_scripts_only(ariaNode)
[16.078s] Level 1:colcon.colcon_core.environment:checking '/workspace/ros_ws/src/install/ariaNode' for CMake module files
[16.079s] DEBUG:colcon.colcon_core.event_handler.log_command:Invoked command in '/workspace/ros_ws/src/build/ariaNode' returned '0': CMAKE_PREFIX_PATH=${CMAKE_PREFIX_PATH}:/opt/ros/jazzy /usr/bin/cmake --install /workspace/ros_ws/src/build/ariaNode
[16.080s] Level 1:colcon.colcon_core.environment:checking '/workspace/ros_ws/src/install/ariaNode' for CMake config files
[16.080s] Level 1:colcon.colcon_core.shell:create_environment_hook('ariaNode', 'cmake_prefix_path')
[16.080s] INFO:colcon.colcon_core.shell:Creating environment hook '/workspace/ros_ws/src/install/ariaNode/share/ariaNode/hook/cmake_prefix_path.ps1'
[16.081s] INFO:colcon.colcon_core.shell:Creating environment descriptor '/workspace/ros_ws/src/install/ariaNode/share/ariaNode/hook/cmake_prefix_path.dsv'
[16.082s] INFO:colcon.colcon_core.shell:Creating environment hook '/workspace/ros_ws/src/install/ariaNode/share/ariaNode/hook/cmake_prefix_path.sh'
[16.082s] Level 1:colcon.colcon_core.environment:checking '/workspace/ros_ws/src/install/ariaNode/lib'
[16.082s] Level 1:colcon.colcon_core.environment:checking '/workspace/ros_ws/src/install/ariaNode/bin'
[16.082s] Level 1:colcon.colcon_core.environment:checking '/workspace/ros_ws/src/install/ariaNode/lib/pkgconfig/ariaNode.pc'
[16.083s] Level 1:colcon.colcon_core.environment:checking '/workspace/ros_ws/src/install/ariaNode/lib/python3.12/site-packages'
[16.083s] Level 1:colcon.colcon_core.environment:checking '/workspace/ros_ws/src/install/ariaNode/bin'
[16.083s] INFO:colcon.colcon_core.shell:Creating package script '/workspace/ros_ws/src/install/ariaNode/share/ariaNode/package.ps1'
[16.084s] INFO:colcon.colcon_core.shell:Creating package descriptor '/workspace/ros_ws/src/install/ariaNode/share/ariaNode/package.dsv'
[16.084s] INFO:colcon.colcon_core.shell:Creating package script '/workspace/ros_ws/src/install/ariaNode/share/ariaNode/package.sh'
[16.085s] INFO:colcon.colcon_core.shell:Creating package script '/workspace/ros_ws/src/install/ariaNode/share/ariaNode/package.bash'
[16.085s] INFO:colcon.colcon_core.shell:Creating package script '/workspace/ros_ws/src/install/ariaNode/share/ariaNode/package.zsh'
[16.085s] Level 1:colcon.colcon_core.environment:create_file_with_runtime_dependencies(/workspace/ros_ws/src/install/ariaNode/share/colcon-core/packages/ariaNode)
[16.086s] Level 1:colcon.colcon_core.environment:create_environment_scripts_only(ariaNode)
[16.087s] Level 1:colcon.colcon_core.environment:checking '/workspace/ros_ws/src/install/ariaNode' for CMake module files
[16.087s] Level 1:colcon.colcon_core.environment:checking '/workspace/ros_ws/src/install/ariaNode' for CMake config files
[16.088s] Level 1:colcon.colcon_core.shell:create_environment_hook('ariaNode', 'cmake_prefix_path')
[16.088s] INFO:colcon.colcon_core.shell:Creating environment hook '/workspace/ros_ws/src/install/ariaNode/share/ariaNode/hook/cmake_prefix_path.ps1'
[16.088s] INFO:colcon.colcon_core.shell:Creating environment descriptor '/workspace/ros_ws/src/install/ariaNode/share/ariaNode/hook/cmake_prefix_path.dsv'
[16.089s] INFO:colcon.colcon_core.shell:Creating environment hook '/workspace/ros_ws/src/install/ariaNode/share/ariaNode/hook/cmake_prefix_path.sh'
[16.090s] Level 1:colcon.colcon_core.environment:checking '/workspace/ros_ws/src/install/ariaNode/lib'
[16.090s] Level 1:colcon.colcon_core.environment:checking '/workspace/ros_ws/src/install/ariaNode/bin'
[16.090s] Level 1:colcon.colcon_core.environment:checking '/workspace/ros_ws/src/install/ariaNode/lib/pkgconfig/ariaNode.pc'
[16.090s] Level 1:colcon.colcon_core.environment:checking '/workspace/ros_ws/src/install/ariaNode/lib/python3.12/site-packages'
[16.090s] Level 1:colcon.colcon_core.environment:checking '/workspace/ros_ws/src/install/ariaNode/bin'
[16.091s] INFO:colcon.colcon_core.shell:Creating package script '/workspace/ros_ws/src/install/ariaNode/share/ariaNode/package.ps1'
[16.091s] INFO:colcon.colcon_core.shell:Creating package descriptor '/workspace/ros_ws/src/install/ariaNode/share/ariaNode/package.dsv'
[16.092s] INFO:colcon.colcon_core.shell:Creating package script '/workspace/ros_ws/src/install/ariaNode/share/ariaNode/package.sh'
[16.092s] INFO:colcon.colcon_core.shell:Creating package script '/workspace/ros_ws/src/install/ariaNode/share/ariaNode/package.bash'
[16.093s] INFO:colcon.colcon_core.shell:Creating package script '/workspace/ros_ws/src/install/ariaNode/share/ariaNode/package.zsh'
[16.093s] Level 1:colcon.colcon_core.environment:create_file_with_runtime_dependencies(/workspace/ros_ws/src/install/ariaNode/share/colcon-core/packages/ariaNode)
[18.458s] DEBUG:colcon.colcon_core.event_handler.log_command:Invoked command in '/workspace/ros_ws/src/build/master' returned '0': CMAKE_PREFIX_PATH=${CMAKE_PREFIX_PATH}:/opt/ros/jazzy /usr/bin/cmake --build /workspace/ros_ws/src/build/master -- -j12 -l12
[18.460s] DEBUG:colcon.colcon_core.event_handler.log_command:Invoking command in '/workspace/ros_ws/src/build/master': CMAKE_PREFIX_PATH=${CMAKE_PREFIX_PATH}:/opt/ros/jazzy /usr/bin/cmake --install /workspace/ros_ws/src/build/master
[18.485s] Level 1:colcon.colcon_core.environment:create_environment_scripts_only(master)
[18.485s] Level 1:colcon.colcon_core.environment:checking '/workspace/ros_ws/src/install/master' for CMake module files
[18.489s] DEBUG:colcon.colcon_core.event_handler.log_command:Invoked command in '/workspace/ros_ws/src/build/master' returned '0': CMAKE_PREFIX_PATH=${CMAKE_PREFIX_PATH}:/opt/ros/jazzy /usr/bin/cmake --install /workspace/ros_ws/src/build/master
[18.489s] Level 1:colcon.colcon_core.environment:checking '/workspace/ros_ws/src/install/master' for CMake config files
[18.489s] Level 1:colcon.colcon_core.shell:create_environment_hook('master', 'cmake_prefix_path')
[18.489s] INFO:colcon.colcon_core.shell:Creating environment hook '/workspace/ros_ws/src/install/master/share/master/hook/cmake_prefix_path.ps1'
[18.490s] INFO:colcon.colcon_core.shell:Creating environment descriptor '/workspace/ros_ws/src/install/master/share/master/hook/cmake_prefix_path.dsv'
[18.490s] INFO:colcon.colcon_core.shell:Creating environment hook '/workspace/ros_ws/src/install/master/share/master/hook/cmake_prefix_path.sh'
[18.491s] Level 1:colcon.colcon_core.environment:checking '/workspace/ros_ws/src/install/master/lib'
[18.491s] Level 1:colcon.colcon_core.environment:checking '/workspace/ros_ws/src/install/master/bin'
[18.491s] Level 1:colcon.colcon_core.environment:checking '/workspace/ros_ws/src/install/master/lib/pkgconfig/master.pc'
[18.491s] Level 1:colcon.colcon_core.environment:checking '/workspace/ros_ws/src/install/master/lib/python3.12/site-packages'
[18.492s] Level 1:colcon.colcon_core.environment:checking '/workspace/ros_ws/src/install/master/bin'
[18.492s] INFO:colcon.colcon_core.shell:Creating package script '/workspace/ros_ws/src/install/master/share/master/package.ps1'
[18.493s] INFO:colcon.colcon_core.shell:Creating package descriptor '/workspace/ros_ws/src/install/master/share/master/package.dsv'
[18.494s] INFO:colcon.colcon_core.shell:Creating package script '/workspace/ros_ws/src/install/master/share/master/package.sh'
[18.495s] INFO:colcon.colcon_core.shell:Creating package script '/workspace/ros_ws/src/install/master/share/master/package.bash'
[18.496s] INFO:colcon.colcon_core.shell:Creating package script '/workspace/ros_ws/src/install/master/share/master/package.zsh'
[18.496s] Level 1:colcon.colcon_core.environment:create_file_with_runtime_dependencies(/workspace/ros_ws/src/install/master/share/colcon-core/packages/master)
[18.498s] Level 1:colcon.colcon_core.environment:create_environment_scripts_only(master)
[18.499s] Level 1:colcon.colcon_core.environment:checking '/workspace/ros_ws/src/install/master' for CMake module files
[18.500s] Level 1:colcon.colcon_core.environment:checking '/workspace/ros_ws/src/install/master' for CMake config files
[18.500s] Level 1:colcon.colcon_core.shell:create_environment_hook('master', 'cmake_prefix_path')
[18.500s] INFO:colcon.colcon_core.shell:Creating environment hook '/workspace/ros_ws/src/install/master/share/master/hook/cmake_prefix_path.ps1'
[18.501s] INFO:colcon.colcon_core.shell:Creating environment descriptor '/workspace/ros_ws/src/install/master/share/master/hook/cmake_prefix_path.dsv'
[18.502s] INFO:colcon.colcon_core.shell:Creating environment hook '/workspace/ros_ws/src/install/master/share/master/hook/cmake_prefix_path.sh'
[18.503s] Level 1:colcon.colcon_core.environment:checking '/workspace/ros_ws/src/install/master/lib'
[18.503s] Level 1:colcon.colcon_core.environment:checking '/workspace/ros_ws/src/install/master/bin'
[18.503s] Level 1:colcon.colcon_core.environment:checking '/workspace/ros_ws/src/install/master/lib/pkgconfig/master.pc'
[18.503s] Level 1:colcon.colcon_core.environment:checking '/workspace/ros_ws/src/install/master/lib/python3.12/site-packages'
[18.503s] Level 1:colcon.colcon_core.environment:checking '/workspace/ros_ws/src/install/master/bin'
[18.504s] INFO:colcon.colcon_core.shell:Creating package script '/workspace/ros_ws/src/install/master/share/master/package.ps1'
[18.504s] INFO:colcon.colcon_core.shell:Creating package descriptor '/workspace/ros_ws/src/install/master/share/master/package.dsv'
[18.505s] INFO:colcon.colcon_core.shell:Creating package script '/workspace/ros_ws/src/install/master/share/master/package.sh'
[18.506s] INFO:colcon.colcon_core.shell:Creating package script '/workspace/ros_ws/src/install/master/share/master/package.bash'
[18.506s] INFO:colcon.colcon_core.shell:Creating package script '/workspace/ros_ws/src/install/master/share/master/package.zsh'
[18.506s] Level 1:colcon.colcon_core.environment:create_file_with_runtime_dependencies(/workspace/ros_ws/src/install/master/share/colcon-core/packages/master)
[18.507s] DEBUG:colcon.colcon_parallel_executor.executor.parallel:closing loop
[18.507s] DEBUG:colcon.colcon_parallel_executor.executor.parallel:loop closed
[18.507s] DEBUG:colcon.colcon_parallel_executor.executor.parallel:run_until_complete finished with '0'
[18.507s] DEBUG:colcon.colcon_core.event_reactor:joining thread
[18.546s] INFO:colcon.colcon_core.plugin_system:Skipping extension 'colcon_notification.desktop_notification.notify_send': Could not find 'notify-send'
[18.546s] INFO:colcon.colcon_core.plugin_system:Skipping extension 'colcon_notification.desktop_notification.terminal_notifier': Not used on non-Darwin systems
[18.547s] INFO:colcon.colcon_core.plugin_system:Skipping extension 'colcon_notification.desktop_notification.win32': Not used on non-Windows systems
[18.547s] INFO:colcon.colcon_notification.desktop_notification:Sending desktop notification using 'notify2'
[18.550s] DEBUG:colcon.colcon_notification.desktop_notification.notify2:Failed to initialize notify2: org.freedesktop.DBus.Error.Spawn.ExecFailed: /usr/bin/dbus-launch terminated abnormally without any error message
[18.550s] DEBUG:colcon.colcon_core.event_reactor:joined thread
[18.551s] INFO:colcon.colcon_core.shell:Creating prefix script '/workspace/ros_ws/src/install/local_setup.ps1'
[18.554s] INFO:colcon.colcon_core.shell:Creating prefix util module '/workspace/ros_ws/src/install/_local_setup_util_ps1.py'
[18.557s] INFO:colcon.colcon_core.shell:Creating prefix chain script '/workspace/ros_ws/src/install/setup.ps1'
[18.559s] INFO:colcon.colcon_core.shell:Creating prefix script '/workspace/ros_ws/src/install/local_setup.sh'
[18.566s] INFO:colcon.colcon_core.shell:Creating prefix util module '/workspace/ros_ws/src/install/_local_setup_util_sh.py'
[18.567s] INFO:colcon.colcon_core.shell:Creating prefix chain script '/workspace/ros_ws/src/install/setup.sh'
[18.571s] INFO:colcon.colcon_core.shell:Creating prefix script '/workspace/ros_ws/src/install/local_setup.bash'
[18.573s] INFO:colcon.colcon_core.shell:Creating prefix chain script '/workspace/ros_ws/src/install/setup.bash'
[18.583s] INFO:colcon.colcon_core.shell:Creating prefix script '/workspace/ros_ws/src/install/local_setup.zsh'
[18.584s] INFO:colcon.colcon_core.shell:Creating prefix chain script '/workspace/ros_ws/src/install/setup.zsh'
