[0.061s] Invoking command in '/workspace/ros_ws/src/build/master': CMAKE_PREFIX_PATH=${CMAKE_PREFIX_PATH}:/opt/ros/jazzy /usr/bin/cmake --build /workspace/ros_ws/src/build/master -- -j12 -l12
[0.268s] -- Found ament_cmake: 2.5.3 (/opt/ros/jazzy/share/ament_cmake/cmake)
[0.730s] -- Found rclcpp_components: 28.1.6 (/opt/ros/jazzy/share/rclcpp_components/cmake)
[0.957s] -- Found rosidl_generator_c: 4.6.5 (/opt/ros/jazzy/share/rosidl_generator_c/cmake)
[0.989s] -- Found rosidl_generator_cpp: 4.6.5 (/opt/ros/jazzy/share/rosidl_generator_cpp/cmake)
[1.049s] -- Using all available rosidl_typesupport_c: rosidl_typesupport_fastrtps_c;rosidl_typesupport_introspection_c
[1.083s] -- Using all available rosidl_typesupport_cpp: rosidl_typesupport_fastrtps_cpp;rosidl_typesupport_introspection_cpp
[1.384s] -- Found rmw_implementation_cmake: 7.3.1 (/opt/ros/jazzy/share/rmw_implementation_cmake/cmake)
[1.399s] -- Found rmw_fastrtps_cpp: 8.4.1 (/opt/ros/jazzy/share/rmw_fastrtps_cpp/cmake)
[1.682s] -- Found OpenSSL: /usr/lib/x86_64-linux-gnu/libcrypto.so (found version "3.0.13")  
[1.725s] -- Found FastRTPS: /opt/ros/jazzy/include (Required is at least version "2.13") 
[1.785s] -- Using RMW implementation 'rmw_fastrtps_cpp' as default
[1.956s] -- Found ament_lint_auto: 0.17.1 (/opt/ros/jazzy/share/ament_lint_auto/cmake)
[2.125s] -- Added test 'cppcheck' to perform static code analysis on C / C++ code
[2.125s] -- Configured cppcheck include dirs: 
[2.125s] -- Configured cppcheck exclude dirs and/or files: 
[2.127s] -- Added test 'flake8' to check Python code syntax and style conventions
[2.127s] -- Configured 'flake8' exclude dirs and/or files: 
[2.130s] -- Added test 'lint_cmake' to check CMake code style
[2.133s] -- Added test 'pep257' to check Python code against some of the docstring style conventions in PEP 257
[2.147s] -- Added test 'uncrustify' to check C / C++ code style
[2.147s] -- Configured uncrustify additional arguments: 
[2.149s] -- Added test 'xmllint' to check XML markup files
[2.152s] -- Configuring done (1.9s)
[2.167s] -- Generating done (0.0s)
[2.170s] -- Build files have been written to: /workspace/ros_ws/src/build/master
[2.204s] Invoked command in '/workspace/ros_ws/src/build/master' returned '0': CMAKE_PREFIX_PATH=${CMAKE_PREFIX_PATH}:/opt/ros/jazzy /usr/bin/cmake --build /workspace/ros_ws/src/build/master -- -j12 -l12
[2.205s] Invoking command in '/workspace/ros_ws/src/build/master': CMAKE_PREFIX_PATH=${CMAKE_PREFIX_PATH}:/opt/ros/jazzy /usr/bin/cmake --install /workspace/ros_ws/src/build/master
[2.213s] -- Install configuration: ""
[2.213s] -- Installing: /workspace/ros_ws/src/install/master/share/ament_index/resource_index/package_run_dependencies/master
[2.214s] -- Up-to-date: /workspace/ros_ws/src/install/master/share/ament_index/resource_index/parent_prefix_path/master
[2.214s] -- Up-to-date: /workspace/ros_ws/src/install/master/share/master/environment/ament_prefix_path.sh
[2.214s] -- Up-to-date: /workspace/ros_ws/src/install/master/share/master/environment/ament_prefix_path.dsv
[2.215s] -- Up-to-date: /workspace/ros_ws/src/install/master/share/master/environment/path.sh
[2.215s] -- Up-to-date: /workspace/ros_ws/src/install/master/share/master/environment/path.dsv
[2.215s] -- Up-to-date: /workspace/ros_ws/src/install/master/share/master/local_setup.bash
[2.215s] -- Up-to-date: /workspace/ros_ws/src/install/master/share/master/local_setup.sh
[2.215s] -- Up-to-date: /workspace/ros_ws/src/install/master/share/master/local_setup.zsh
[2.216s] -- Up-to-date: /workspace/ros_ws/src/install/master/share/master/local_setup.dsv
[2.216s] -- Installing: /workspace/ros_ws/src/install/master/share/master/package.dsv
[2.216s] -- Up-to-date: /workspace/ros_ws/src/install/master/share/ament_index/resource_index/packages/master
[2.216s] -- Up-to-date: /workspace/ros_ws/src/install/master/share/master/cmake/masterConfig.cmake
[2.216s] -- Up-to-date: /workspace/ros_ws/src/install/master/share/master/cmake/masterConfig-version.cmake
[2.216s] -- Installing: /workspace/ros_ws/src/install/master/share/master/package.xml
[2.218s] Invoked command in '/workspace/ros_ws/src/build/master' returned '0': CMAKE_PREFIX_PATH=${CMAKE_PREFIX_PATH}:/opt/ros/jazzy /usr/bin/cmake --install /workspace/ros_ws/src/build/master
