[0.017s] Invoking command in '/workspace/ros_ws/src/ariaNode/build/ariaNode': /usr/bin/cmake --build /workspace/ros_ws/src/ariaNode/build/ariaNode -- -j12 -l12
[0.140s] [100%] Built target ariaNode
[0.148s] Invoked command in '/workspace/ros_ws/src/ariaNode/build/ariaNode' returned '0': /usr/bin/cmake --build /workspace/ros_ws/src/ariaNode/build/ariaNode -- -j12 -l12
[0.158s] Invoking command in '/workspace/ros_ws/src/ariaNode/build/ariaNode': /usr/bin/cmake --install /workspace/ros_ws/src/ariaNode/build/ariaNode
[0.163s] -- Install configuration: ""
[0.165s] -- Execute custom install script
[0.165s] -- Up-to-date symlink: /workspace/ros_ws/src/ariaNode/install/ariaNode/lib/ariaNode/ariaNode
[0.166s] -- Up-to-date symlink: /workspace/ros_ws/src/ariaNode/install/ariaNode/share/ament_index/resource_index/package_run_dependencies/ariaNode
[0.166s] -- Up-to-date symlink: /workspace/ros_ws/src/ariaNode/install/ariaNode/share/ament_index/resource_index/parent_prefix_path/ariaNode
[0.167s] -- Up-to-date symlink: /workspace/ros_ws/src/ariaNode/install/ariaNode/share/ariaNode/environment/ament_prefix_path.sh
[0.168s] -- Up-to-date symlink: /workspace/ros_ws/src/ariaNode/install/ariaNode/share/ariaNode/environment/ament_prefix_path.dsv
[0.168s] -- Up-to-date symlink: /workspace/ros_ws/src/ariaNode/install/ariaNode/share/ariaNode/environment/path.sh
[0.169s] -- Up-to-date symlink: /workspace/ros_ws/src/ariaNode/install/ariaNode/share/ariaNode/environment/path.dsv
[0.169s] -- Up-to-date symlink: /workspace/ros_ws/src/ariaNode/install/ariaNode/share/ariaNode/local_setup.bash
[0.170s] -- Up-to-date symlink: /workspace/ros_ws/src/ariaNode/install/ariaNode/share/ariaNode/local_setup.sh
[0.170s] -- Up-to-date symlink: /workspace/ros_ws/src/ariaNode/install/ariaNode/share/ariaNode/local_setup.zsh
[0.171s] -- Up-to-date symlink: /workspace/ros_ws/src/ariaNode/install/ariaNode/share/ariaNode/local_setup.dsv
[0.171s] -- Symlinking: /workspace/ros_ws/src/ariaNode/install/ariaNode/share/ariaNode/package.dsv
[0.179s] -- Up-to-date symlink: /workspace/ros_ws/src/ariaNode/install/ariaNode/share/ament_index/resource_index/packages/ariaNode
[0.180s] -- Up-to-date symlink: /workspace/ros_ws/src/ariaNode/install/ariaNode/share/ariaNode/cmake/ariaNodeConfig.cmake
[0.180s] -- Up-to-date symlink: /workspace/ros_ws/src/ariaNode/install/ariaNode/share/ariaNode/cmake/ariaNodeConfig-version.cmake
[0.180s] -- Up-to-date symlink: /workspace/ros_ws/src/ariaNode/install/ariaNode/share/ariaNode/package.xml
[0.182s] Invoked command in '/workspace/ros_ws/src/ariaNode/build/ariaNode' returned '0': /usr/bin/cmake --install /workspace/ros_ws/src/ariaNode/build/ariaNode
