[ 50%] [32mBuilding CXX object CMakeFiles/master_node.dir/src/theMaster.cpp.o[0m
[01m[K/workspace/ros_ws/src/master/src/theMaster.cpp:[m[K In constructor ‘[01m[KreTwist::[01;32m[KreTwist[m[K(float*, float*, int*)[m[K’:
[01m[K/workspace/ros_ws/src/master/src/theMaster.cpp:60:14:[m[K [01;31m[Kerror: [m[Kcannot convert ‘[01m[Kfloat**[m[K’ to ‘[01m[Kfloat*[m[K’ in assignment
   60 |       retf = [01;31m[K&fspeed[m[K;
      |              [01;31m[K^~~~~~~[m[K
      |              [01;31m[K|[m[K
      |              [01;31m[Kfloat**[m[K
[01m[K/workspace/ros_ws/src/master/src/theMaster.cpp:61:14:[m[K [01;31m[Kerror: [m[Kcannot convert ‘[01m[Kfloat**[m[K’ to ‘[01m[Kfloat*[m[K’ in assignment
   61 |       reta = [01;31m[K&rspeed[m[K;
      |              [01;31m[K^~~~~~~[m[K
      |              [01;31m[K|[m[K
      |              [01;31m[Kfloat**[m[K
[01m[K/workspace/ros_ws/src/master/src/theMaster.cpp:[m[K In lambda function:
[01m[K/workspace/ros_ws/src/master/src/theMaster.cpp:89:22:[m[K [01;31m[Kerror: [m[Kcannot convert ‘[01m[Kdouble[m[K’ to ‘[01m[Kfloat*[m[K’ in assignment
   89 |               retf = [01;31m[K0.0[m[K;
      |                      [01;31m[K^~~[m[K
      |                      [01;31m[K|[m[K
      |                      [01;31m[Kdouble[m[K
[01m[K/workspace/ros_ws/src/master/src/theMaster.cpp:90:22:[m[K [01;31m[Kerror: [m[Kcannot convert ‘[01m[Kdouble[m[K’ to ‘[01m[Kfloat*[m[K’ in assignment
   90 |               reta = [01;31m[K0.0[m[K;
      |                      [01;31m[K^~~[m[K
      |                      [01;31m[K|[m[K
      |                      [01;31m[Kdouble[m[K
gmake[2]: *** [CMakeFiles/master_node.dir/build.make:76: CMakeFiles/master_node.dir/src/theMaster.cpp.o] Error 1
gmake[1]: *** [CMakeFiles/Makefile2:137: CMakeFiles/master_node.dir/all] Error 2
gmake: *** [Makefile:146: all] Error 2
