[0.088s] Invoking command in '/workspace/ros_ws/build/my_package2': CMAKE_PREFIX_PATH=${CMAKE_PREFIX_PATH}:/opt/ros/jazzy /usr/bin/cmake --build /workspace/ros_ws/build/my_package2 -- -j12 -l12
[0.479s] [100%] Built target my_node2
[0.525s] Invoked command in '/workspace/ros_ws/build/my_package2' returned '0': CMAKE_PREFIX_PATH=${CMAKE_PREFIX_PATH}:/opt/ros/jazzy /usr/bin/cmake --build /workspace/ros_ws/build/my_package2 -- -j12 -l12
[0.526s] Invoking command in '/workspace/ros_ws/build/my_package2': CMAKE_PREFIX_PATH=${CMAKE_PREFIX_PATH}:/opt/ros/jazzy /usr/bin/cmake --install /workspace/ros_ws/build/my_package2
[0.556s] -- Install configuration: ""
[0.557s] -- Up-to-date: /workspace/ros_ws/install/my_package2/lib/my_package2/my_node2
[0.557s] -- Up-to-date: /workspace/ros_ws/install/my_package2/share/ament_index/resource_index/package_run_dependencies/my_package2
[0.558s] -- Up-to-date: /workspace/ros_ws/install/my_package2/share/ament_index/resource_index/parent_prefix_path/my_package2
[0.559s] -- Up-to-date: /workspace/ros_ws/install/my_package2/share/my_package2/environment/ament_prefix_path.sh
[0.560s] -- Up-to-date: /workspace/ros_ws/install/my_package2/share/my_package2/environment/ament_prefix_path.dsv
[0.560s] -- Up-to-date: /workspace/ros_ws/install/my_package2/share/my_package2/environment/path.sh
[0.560s] -- Up-to-date: /workspace/ros_ws/install/my_package2/share/my_package2/environment/path.dsv
[0.561s] -- Up-to-date: /workspace/ros_ws/install/my_package2/share/my_package2/local_setup.bash
[0.561s] -- Up-to-date: /workspace/ros_ws/install/my_package2/share/my_package2/local_setup.sh
[0.562s] -- Up-to-date: /workspace/ros_ws/install/my_package2/share/my_package2/local_setup.zsh
[0.562s] -- Up-to-date: /workspace/ros_ws/install/my_package2/share/my_package2/local_setup.dsv
[0.563s] -- Installing: /workspace/ros_ws/install/my_package2/share/my_package2/package.dsv
[0.563s] -- Up-to-date: /workspace/ros_ws/install/my_package2/share/ament_index/resource_index/packages/my_package2
[0.563s] -- Up-to-date: /workspace/ros_ws/install/my_package2/share/my_package2/cmake/my_package2Config.cmake
[0.563s] -- Up-to-date: /workspace/ros_ws/install/my_package2/share/my_package2/cmake/my_package2Config-version.cmake
[0.563s] -- Up-to-date: /workspace/ros_ws/install/my_package2/share/my_package2/package.xml
[0.655s] Invoked command in '/workspace/ros_ws/build/my_package2' returned '0': CMAKE_PREFIX_PATH=${CMAKE_PREFIX_PATH}:/opt/ros/jazzy /usr/bin/cmake --install /workspace/ros_ws/build/my_package2
