-- Found ament_cmake: 2.5.4 (/opt/ros/jazzy/share/ament_cmake/cmake)
-- Override CMake install command with custom implementation using symlinks instead of copying resources
-- Found ament_lint_auto: 0.17.2 (/opt/ros/jazzy/share/ament_lint_auto/cmake)
-- Added test 'flake8' to check Python code syntax and style conventions
-- Configured 'flake8' exclude dirs and/or files: 
-- Added test 'lint_cmake' to check CMake code style
-- Added test 'pep257' to check Python code against some of the docstring style conventions in PEP 257
-- Added test 'xmllint' to check XML markup files
-- Configuring done (0.6s)
-- Generating done (0.0s)
-- Build files have been written to: /workspace/ros_ws/build/p3at_description
-- Install configuration: ""
-- Execute custom install script
-- Symlinking: /workspace/ros_ws/install/p3at_description/share//launch/build/.built_by
-- Symlinking: /workspace/ros_ws/install/p3at_description/share//launch/build/COLCON_IGNORE
-- Symlinking: /workspace/ros_ws/install/p3at_description/share//launch/display.launch.py
-- Symlinking: /workspace/ros_ws/install/p3at_description/share//launch/ekf_launch.py
-- Symlinking: /workspace/ros_ws/install/p3at_description/share//launch/install/.colcon_install_layout
-- Symlinking: /workspace/ros_ws/install/p3at_description/share//launch/install/COLCON_IGNORE
-- Symlinking: /workspace/ros_ws/install/p3at_description/share//launch/install/_local_setup_util_ps1.py
-- Symlinking: /workspace/ros_ws/install/p3at_description/share//launch/install/_local_setup_util_sh.py
-- Symlinking: /workspace/ros_ws/install/p3at_description/share//launch/install/local_setup.bash
-- Symlinking: /workspace/ros_ws/install/p3at_description/share//launch/install/local_setup.ps1
-- Symlinking: /workspace/ros_ws/install/p3at_description/share//launch/install/local_setup.sh
-- Symlinking: /workspace/ros_ws/install/p3at_description/share//launch/install/local_setup.zsh
-- Symlinking: /workspace/ros_ws/install/p3at_description/share//launch/install/setup.bash
-- Symlinking: /workspace/ros_ws/install/p3at_description/share//launch/install/setup.ps1
-- Symlinking: /workspace/ros_ws/install/p3at_description/share//launch/install/setup.sh
-- Symlinking: /workspace/ros_ws/install/p3at_description/share//launch/install/setup.zsh
-- Symlinking: /workspace/ros_ws/install/p3at_description/share//launch/log/COLCON_IGNORE
-- Symlinking: /workspace/ros_ws/install/p3at_description/share//launch/log/build_2025-05-17_10-45-05/events.log
-- Symlinking: /workspace/ros_ws/install/p3at_description/share//launch/log/build_2025-05-17_10-45-05/logger_all.log
-- Symlinking: /workspace/ros_ws/install/p3at_description/share//launch/log/latest/events.log
-- Symlinking: /workspace/ros_ws/install/p3at_description/share//launch/log/latest/logger_all.log
-- Symlinking: /workspace/ros_ws/install/p3at_description/share//launch/log/latest_build/events.log
-- Symlinking: /workspace/ros_ws/install/p3at_description/share//launch/log/latest_build/logger_all.log
-- Symlinking: /workspace/ros_ws/install/p3at_description/share//meshes/Coordinates
-- Symlinking: /workspace/ros_ws/install/p3at_description/share//meshes/arm_control_box_mesh.dae
-- Symlinking: /workspace/ros_ws/install/p3at_description/share//meshes/axle.dae
-- Symlinking: /workspace/ros_ws/install/p3at_description/share//meshes/back_sonar.dae
-- Symlinking: /workspace/ros_ws/install/p3at_description/share//meshes/back_sonar_mesh.dae
-- Symlinking: /workspace/ros_ws/install/p3at_description/share//meshes/chassis.dae
-- Symlinking: /workspace/ros_ws/install/p3at_description/share//meshes/front_sonar.dae
-- Symlinking: /workspace/ros_ws/install/p3at_description/share//meshes/hokuyo.dae
-- Symlinking: /workspace/ros_ws/install/p3at_description/share//meshes/hokuyo1.dae
-- Symlinking: /workspace/ros_ws/install/p3at_description/share//meshes/hokuyo_convex.stl
-- Symlinking: /workspace/ros_ws/install/p3at_description/share//meshes/kinect.dae
-- Symlinking: /workspace/ros_ws/install/p3at_description/share//meshes/kinect.tga
-- Symlinking: /workspace/ros_ws/install/p3at_description/share//meshes/left_hubcap.dae
-- Symlinking: /workspace/ros_ws/install/p3at_description/share//meshes/left_hubcap_mesh.dae
-- Symlinking: /workspace/ros_ws/install/p3at_description/share//meshes/p3at_meshes/.svn/all-wcprops
-- Symlinking: /workspace/ros_ws/install/p3at_description/share//meshes/p3at_meshes/.svn/entries
-- Symlinking: /workspace/ros_ws/install/p3at_description/share//meshes/p3at_meshes/.svn/prop-base/axle.stl.svn-base
-- Symlinking: /workspace/ros_ws/install/p3at_description/share//meshes/p3at_meshes/.svn/prop-base/back_sonar.stl.svn-base
-- Symlinking: /workspace/ros_ws/install/p3at_description/share//meshes/p3at_meshes/.svn/prop-base/chassis.stl.svn-base
-- Symlinking: /workspace/ros_ws/install/p3at_description/share//meshes/p3at_meshes/.svn/prop-base/front_sonar.stl.svn-base
-- Symlinking: /workspace/ros_ws/install/p3at_description/share//meshes/p3at_meshes/.svn/prop-base/left_hubcap.stl.svn-base
-- Symlinking: /workspace/ros_ws/install/p3at_description/share//meshes/p3at_meshes/.svn/prop-base/right_hubcap.stl.svn-base
-- Symlinking: /workspace/ros_ws/install/p3at_description/share//meshes/p3at_meshes/.svn/prop-base/top.stl.svn-base
-- Symlinking: /workspace/ros_ws/install/p3at_description/share//meshes/p3at_meshes/.svn/prop-base/wheel.stl.svn-base
-- Symlinking: /workspace/ros_ws/install/p3at_description/share//meshes/p3at_meshes/.svn/text-base/Coordinates.svn-base
-- Symlinking: /workspace/ros_ws/install/p3at_description/share//meshes/p3at_meshes/.svn/text-base/axle.stl.svn-base
-- Symlinking: /workspace/ros_ws/install/p3at_description/share//meshes/p3at_meshes/.svn/text-base/back_sonar.stl.svn-base
-- Symlinking: /workspace/ros_ws/install/p3at_description/share//meshes/p3at_meshes/.svn/text-base/chassis.stl.svn-base
-- Symlinking: /workspace/ros_ws/install/p3at_description/share//meshes/p3at_meshes/.svn/text-base/front_sonar.stl.svn-base
-- Symlinking: /workspace/ros_ws/install/p3at_description/share//meshes/p3at_meshes/.svn/text-base/left_hubcap.stl.svn-base
-- Symlinking: /workspace/ros_ws/install/p3at_description/share//meshes/p3at_meshes/.svn/text-base/right_hubcap.stl.svn-base
-- Symlinking: /workspace/ros_ws/install/p3at_description/share//meshes/p3at_meshes/.svn/text-base/top.stl.svn-base
-- Symlinking: /workspace/ros_ws/install/p3at_description/share//meshes/p3at_meshes/.svn/text-base/wheel.stl.svn-base
-- Symlinking: /workspace/ros_ws/install/p3at_description/share//meshes/p3at_meshes/Coordinates
-- Symlinking: /workspace/ros_ws/install/p3at_description/share//meshes/p3at_meshes/axle.dae
-- Symlinking: /workspace/ros_ws/install/p3at_description/share//meshes/p3at_meshes/axle.stl
-- Symlinking: /workspace/ros_ws/install/p3at_description/share//meshes/p3at_meshes/back_sonar.dae
-- Symlinking: /workspace/ros_ws/install/p3at_description/share//meshes/p3at_meshes/back_sonar.stl
-- Symlinking: /workspace/ros_ws/install/p3at_description/share//meshes/p3at_meshes/chassis.dae
-- Symlinking: /workspace/ros_ws/install/p3at_description/share//meshes/p3at_meshes/chassis.stl
-- Symlinking: /workspace/ros_ws/install/p3at_description/share//meshes/p3at_meshes/front_sonar.dae
-- Symlinking: /workspace/ros_ws/install/p3at_description/share//meshes/p3at_meshes/front_sonar.stl
-- Symlinking: /workspace/ros_ws/install/p3at_description/share//meshes/p3at_meshes/left_hubcap.dae
-- Symlinking: /workspace/ros_ws/install/p3at_description/share//meshes/p3at_meshes/left_hubcap.stl
-- Symlinking: /workspace/ros_ws/install/p3at_description/share//meshes/p3at_meshes/right_hubcap.dae
-- Symlinking: /workspace/ros_ws/install/p3at_description/share//meshes/p3at_meshes/right_hubcap.stl
-- Symlinking: /workspace/ros_ws/install/p3at_description/share//meshes/p3at_meshes/top.dae
-- Symlinking: /workspace/ros_ws/install/p3at_description/share//meshes/p3at_meshes/top.stl
-- Symlinking: /workspace/ros_ws/install/p3at_description/share//meshes/p3at_meshes/wheel.dae
-- Symlinking: /workspace/ros_ws/install/p3at_description/share//meshes/p3at_meshes/wheel.stl
-- Symlinking: /workspace/ros_ws/install/p3at_description/share//meshes/right_hubcap.dae
-- Symlinking: /workspace/ros_ws/install/p3at_description/share//meshes/suporte_armControl_mesh.dae
-- Symlinking: /workspace/ros_ws/install/p3at_description/share//meshes/suporte_base_mesh.dae
-- Symlinking: /workspace/ros_ws/install/p3at_description/share//meshes/suporte_base_mesh2.dae
-- Symlinking: /workspace/ros_ws/install/p3at_description/share//meshes/suporte_depth_mesh.dae
-- Symlinking: /workspace/ros_ws/install/p3at_description/share//meshes/suporte_kinect_mesh.dae
-- Symlinking: /workspace/ros_ws/install/p3at_description/share//meshes/suporte_monitor_mesh.dae
-- Symlinking: /workspace/ros_ws/install/p3at_description/share//meshes/tampa1_mesh.dae
-- Symlinking: /workspace/ros_ws/install/p3at_description/share//meshes/tampa2_mesh.dae
-- Symlinking: /workspace/ros_ws/install/p3at_description/share//meshes/tampa3_mesh.dae
-- Symlinking: /workspace/ros_ws/install/p3at_description/share//meshes/tampa4_mesh.dae
-- Symlinking: /workspace/ros_ws/install/p3at_description/share//meshes/top.dae
-- Symlinking: /workspace/ros_ws/install/p3at_description/share//meshes/tv_mesh.dae
-- Symlinking: /workspace/ros_ws/install/p3at_description/share//meshes/wheel.dae
-- Symlinking: /workspace/ros_ws/install/p3at_description/share//urdf/build/.built_by
-- Symlinking: /workspace/ros_ws/install/p3at_description/share//urdf/build/COLCON_IGNORE
-- Symlinking: /workspace/ros_ws/install/p3at_description/share//urdf/install/.colcon_install_layout
-- Symlinking: /workspace/ros_ws/install/p3at_description/share//urdf/install/COLCON_IGNORE
-- Symlinking: /workspace/ros_ws/install/p3at_description/share//urdf/install/_local_setup_util_ps1.py
-- Symlinking: /workspace/ros_ws/install/p3at_description/share//urdf/install/_local_setup_util_sh.py
-- Symlinking: /workspace/ros_ws/install/p3at_description/share//urdf/install/local_setup.bash
-- Symlinking: /workspace/ros_ws/install/p3at_description/share//urdf/install/local_setup.ps1
-- Symlinking: /workspace/ros_ws/install/p3at_description/share//urdf/install/local_setup.sh
-- Symlinking: /workspace/ros_ws/install/p3at_description/share//urdf/install/local_setup.zsh
-- Symlinking: /workspace/ros_ws/install/p3at_description/share//urdf/install/setup.bash
-- Symlinking: /workspace/ros_ws/install/p3at_description/share//urdf/install/setup.ps1
-- Symlinking: /workspace/ros_ws/install/p3at_description/share//urdf/install/setup.sh
-- Symlinking: /workspace/ros_ws/install/p3at_description/share//urdf/install/setup.zsh
-- Symlinking: /workspace/ros_ws/install/p3at_description/share//urdf/log/COLCON_IGNORE
-- Symlinking: /workspace/ros_ws/install/p3at_description/share//urdf/log/build_2025-05-17_11-15-30/events.log
-- Symlinking: /workspace/ros_ws/install/p3at_description/share//urdf/log/build_2025-05-17_11-15-30/logger_all.log
-- Symlinking: /workspace/ros_ws/install/p3at_description/share//urdf/log/latest/events.log
-- Symlinking: /workspace/ros_ws/install/p3at_description/share//urdf/log/latest/logger_all.log
-- Symlinking: /workspace/ros_ws/install/p3at_description/share//urdf/log/latest_build/events.log
-- Symlinking: /workspace/ros_ws/install/p3at_description/share//urdf/log/latest_build/logger_all.log
-- Symlinking: /workspace/ros_ws/install/p3at_description/share//urdf/pioneer.urdf
-- Symlinking: /workspace/ros_ws/install/p3at_description/share//urdf/pioneer.urdf.xacro
-- Symlinking: /workspace/ros_ws/install/p3at_description/share//urdf/pioneer1.urdf
-- Symlinking: /workspace/ros_ws/install/p3at_description/share//world/empty.sdf
-- Symlinking: /workspace/ros_ws/install/p3at_description/share//rviz/display.rviz
-- Symlinking: /workspace/ros_ws/install/p3at_description/share//config/ekf.yaml
-- Up-to-date symlink: /workspace/ros_ws/install/p3at_description/share/ament_index/resource_index/package_run_dependencies/p3at_description
-- Up-to-date symlink: /workspace/ros_ws/install/p3at_description/share/ament_index/resource_index/parent_prefix_path/p3at_description
-- Up-to-date symlink: /workspace/ros_ws/install/p3at_description/share/p3at_description/environment/ament_prefix_path.sh
-- Up-to-date symlink: /workspace/ros_ws/install/p3at_description/share/p3at_description/environment/ament_prefix_path.dsv
-- Up-to-date symlink: /workspace/ros_ws/install/p3at_description/share/p3at_description/environment/path.sh
-- Up-to-date symlink: /workspace/ros_ws/install/p3at_description/share/p3at_description/environment/path.dsv
-- Up-to-date symlink: /workspace/ros_ws/install/p3at_description/share/p3at_description/local_setup.bash
-- Up-to-date symlink: /workspace/ros_ws/install/p3at_description/share/p3at_description/local_setup.sh
-- Up-to-date symlink: /workspace/ros_ws/install/p3at_description/share/p3at_description/local_setup.zsh
-- Up-to-date symlink: /workspace/ros_ws/install/p3at_description/share/p3at_description/local_setup.dsv
-- Symlinking: /workspace/ros_ws/install/p3at_description/share/p3at_description/package.dsv
-- Up-to-date symlink: /workspace/ros_ws/install/p3at_description/share/ament_index/resource_index/packages/p3at_description
-- Up-to-date symlink: /workspace/ros_ws/install/p3at_description/share/p3at_description/cmake/p3at_descriptionConfig.cmake
-- Up-to-date symlink: /workspace/ros_ws/install/p3at_description/share/p3at_description/cmake/p3at_descriptionConfig-version.cmake
-- Up-to-date symlink: /workspace/ros_ws/install/p3at_description/share/p3at_description/package.xml
