[0.021s] Invoking command in '/workspace/ros_ws/build/p3at_description': CMAKE_PREFIX_PATH=${CMAKE_PREFIX_PATH}:/opt/ros/jazzy /usr/bin/cmake --build /workspace/ros_ws/build/p3at_description -- -j8 -l8
[0.070s] -- Found ament_cmake: 2.5.4 (/opt/ros/jazzy/share/ament_cmake/cmake)
[0.441s] -- Override CMake install command with custom implementation using symlinks instead of copying resources
[0.454s] -- Found ament_lint_auto: 0.17.2 (/opt/ros/jazzy/share/ament_lint_auto/cmake)
[0.678s] -- Added test 'flake8' to check Python code syntax and style conventions
[0.679s] -- Configured 'flake8' exclude dirs and/or files: 
[0.679s] -- Added test 'lint_cmake' to check CMake code style
[0.679s] -- Added test 'pep257' to check Python code against some of the docstring style conventions in PEP 257
[0.695s] -- Added test 'xmllint' to check XML markup files
[0.699s] -- Configuring done (0.6s)
[0.705s] -- Generating done (0.0s)
[0.711s] -- Build files have been written to: /workspace/ros_ws/build/p3at_description
[0.790s] Invoked command in '/workspace/ros_ws/build/p3at_description' returned '0': CMAKE_PREFIX_PATH=${CMAKE_PREFIX_PATH}:/opt/ros/jazzy /usr/bin/cmake --build /workspace/ros_ws/build/p3at_description -- -j8 -l8
[0.813s] Invoking command in '/workspace/ros_ws/build/p3at_description': CMAKE_PREFIX_PATH=${CMAKE_PREFIX_PATH}:/opt/ros/jazzy /usr/bin/cmake --install /workspace/ros_ws/build/p3at_description
[0.839s] -- Install configuration: ""
[0.841s] -- Execute custom install script
[0.841s] [33mCMake Warning (dev) at ament_cmake_symlink_install/ament_cmake_symlink_install.cmake:62 (file):
[0.841s]   Policy CMP0009 is not set: FILE GLOB_RECURSE calls should not follow
[0.845s]   symlinks by default.  Run "cmake --help-policy CMP0009" for policy details.
[0.847s]   Use the cmake_policy command to set the policy and suppress this warning.
[0.847s] Call Stack (most recent call first):
[0.847s]   ament_cmake_symlink_install/ament_cmake_symlink_install.cmake:314 (ament_cmake_symlink_install_directory)
[0.847s]   cmake_install.cmake:46 (include)
[0.847s] This warning is for project developers.  Use -Wno-dev to suppress it.
[0.847s] [0m
[0.854s] -- Symlinking: /workspace/ros_ws/install/p3at_description/share//launch/build/.built_by
[0.869s] -- Symlinking: /workspace/ros_ws/install/p3at_description/share//launch/build/COLCON_IGNORE
[0.889s] -- Symlinking: /workspace/ros_ws/install/p3at_description/share//launch/display.launch.py
[0.910s] -- Symlinking: /workspace/ros_ws/install/p3at_description/share//launch/ekf_launch.py
[0.932s] -- Symlinking: /workspace/ros_ws/install/p3at_description/share//launch/install/.colcon_install_layout
[0.951s] -- Symlinking: /workspace/ros_ws/install/p3at_description/share//launch/install/COLCON_IGNORE
[0.980s] -- Symlinking: /workspace/ros_ws/install/p3at_description/share//launch/install/_local_setup_util_ps1.py
[0.997s] -- Symlinking: /workspace/ros_ws/install/p3at_description/share//launch/install/_local_setup_util_sh.py
[1.015s] -- Symlinking: /workspace/ros_ws/install/p3at_description/share//launch/install/local_setup.bash
[1.044s] -- Symlinking: /workspace/ros_ws/install/p3at_description/share//launch/install/local_setup.ps1
[1.065s] -- Symlinking: /workspace/ros_ws/install/p3at_description/share//launch/install/local_setup.sh
[1.077s] -- Symlinking: /workspace/ros_ws/install/p3at_description/share//launch/install/local_setup.zsh
[1.093s] -- Symlinking: /workspace/ros_ws/install/p3at_description/share//launch/install/setup.bash
[1.110s] -- Symlinking: /workspace/ros_ws/install/p3at_description/share//launch/install/setup.ps1
[1.137s] -- Symlinking: /workspace/ros_ws/install/p3at_description/share//launch/install/setup.sh
[1.155s] -- Symlinking: /workspace/ros_ws/install/p3at_description/share//launch/install/setup.zsh
[1.183s] -- Symlinking: /workspace/ros_ws/install/p3at_description/share//launch/log/COLCON_IGNORE
[1.195s] -- Symlinking: /workspace/ros_ws/install/p3at_description/share//launch/log/build_2025-05-17_10-45-05/events.log
[1.209s] -- Symlinking: /workspace/ros_ws/install/p3at_description/share//launch/log/build_2025-05-17_10-45-05/logger_all.log
[1.225s] -- Symlinking: /workspace/ros_ws/install/p3at_description/share//launch/log/latest/events.log
[1.251s] -- Symlinking: /workspace/ros_ws/install/p3at_description/share//launch/log/latest/logger_all.log
[1.273s] -- Symlinking: /workspace/ros_ws/install/p3at_description/share//launch/log/latest_build/events.log
[1.296s] -- Symlinking: /workspace/ros_ws/install/p3at_description/share//launch/log/latest_build/logger_all.log
[1.315s] -- Symlinking: /workspace/ros_ws/install/p3at_description/share//meshes/Coordinates
[1.338s] -- Symlinking: /workspace/ros_ws/install/p3at_description/share//meshes/arm_control_box_mesh.dae
[1.353s] -- Symlinking: /workspace/ros_ws/install/p3at_description/share//meshes/axle.dae
[1.380s] -- Symlinking: /workspace/ros_ws/install/p3at_description/share//meshes/back_sonar.dae
[1.407s] -- Symlinking: /workspace/ros_ws/install/p3at_description/share//meshes/back_sonar_mesh.dae
[1.423s] -- Symlinking: /workspace/ros_ws/install/p3at_description/share//meshes/chassis.dae
[1.440s] -- Symlinking: /workspace/ros_ws/install/p3at_description/share//meshes/front_sonar.dae
[1.454s] -- Symlinking: /workspace/ros_ws/install/p3at_description/share//meshes/hokuyo.dae
[1.471s] -- Symlinking: /workspace/ros_ws/install/p3at_description/share//meshes/hokuyo1.dae
[1.498s] -- Symlinking: /workspace/ros_ws/install/p3at_description/share//meshes/hokuyo_convex.stl
[1.500s] -- Symlinking: /workspace/ros_ws/install/p3at_description/share//meshes/kinect.dae
[1.525s] -- Symlinking: /workspace/ros_ws/install/p3at_description/share//meshes/kinect.tga
[1.547s] -- Symlinking: /workspace/ros_ws/install/p3at_description/share//meshes/left_hubcap.dae
[1.566s] -- Symlinking: /workspace/ros_ws/install/p3at_description/share//meshes/left_hubcap_mesh.dae
[1.583s] -- Symlinking: /workspace/ros_ws/install/p3at_description/share//meshes/p3at_meshes/.svn/all-wcprops
[1.596s] -- Symlinking: /workspace/ros_ws/install/p3at_description/share//meshes/p3at_meshes/.svn/entries
[1.611s] -- Symlinking: /workspace/ros_ws/install/p3at_description/share//meshes/p3at_meshes/.svn/prop-base/axle.stl.svn-base
[1.627s] -- Symlinking: /workspace/ros_ws/install/p3at_description/share//meshes/p3at_meshes/.svn/prop-base/back_sonar.stl.svn-base
[1.653s] -- Symlinking: /workspace/ros_ws/install/p3at_description/share//meshes/p3at_meshes/.svn/prop-base/chassis.stl.svn-base
[1.671s] -- Symlinking: /workspace/ros_ws/install/p3at_description/share//meshes/p3at_meshes/.svn/prop-base/front_sonar.stl.svn-base
[1.689s] -- Symlinking: /workspace/ros_ws/install/p3at_description/share//meshes/p3at_meshes/.svn/prop-base/left_hubcap.stl.svn-base
[1.704s] -- Symlinking: /workspace/ros_ws/install/p3at_description/share//meshes/p3at_meshes/.svn/prop-base/right_hubcap.stl.svn-base
[1.718s] -- Symlinking: /workspace/ros_ws/install/p3at_description/share//meshes/p3at_meshes/.svn/prop-base/top.stl.svn-base
[1.748s] -- Symlinking: /workspace/ros_ws/install/p3at_description/share//meshes/p3at_meshes/.svn/prop-base/wheel.stl.svn-base
[1.762s] -- Symlinking: /workspace/ros_ws/install/p3at_description/share//meshes/p3at_meshes/.svn/text-base/Coordinates.svn-base
[1.777s] -- Symlinking: /workspace/ros_ws/install/p3at_description/share//meshes/p3at_meshes/.svn/text-base/axle.stl.svn-base
[1.806s] -- Symlinking: /workspace/ros_ws/install/p3at_description/share//meshes/p3at_meshes/.svn/text-base/back_sonar.stl.svn-base
[1.829s] -- Symlinking: /workspace/ros_ws/install/p3at_description/share//meshes/p3at_meshes/.svn/text-base/chassis.stl.svn-base
[1.846s] -- Symlinking: /workspace/ros_ws/install/p3at_description/share//meshes/p3at_meshes/.svn/text-base/front_sonar.stl.svn-base
[1.876s] -- Symlinking: /workspace/ros_ws/install/p3at_description/share//meshes/p3at_meshes/.svn/text-base/left_hubcap.stl.svn-base
[1.883s] -- Symlinking: /workspace/ros_ws/install/p3at_description/share//meshes/p3at_meshes/.svn/text-base/right_hubcap.stl.svn-base
[1.896s] -- Symlinking: /workspace/ros_ws/install/p3at_description/share//meshes/p3at_meshes/.svn/text-base/top.stl.svn-base
[1.920s] -- Symlinking: /workspace/ros_ws/install/p3at_description/share//meshes/p3at_meshes/.svn/text-base/wheel.stl.svn-base
[1.937s] -- Symlinking: /workspace/ros_ws/install/p3at_description/share//meshes/p3at_meshes/Coordinates
[1.956s] -- Symlinking: /workspace/ros_ws/install/p3at_description/share//meshes/p3at_meshes/axle.dae
[1.977s] -- Symlinking: /workspace/ros_ws/install/p3at_description/share//meshes/p3at_meshes/axle.stl
[1.996s] -- Symlinking: /workspace/ros_ws/install/p3at_description/share//meshes/p3at_meshes/back_sonar.dae
[2.018s] -- Symlinking: /workspace/ros_ws/install/p3at_description/share//meshes/p3at_meshes/back_sonar.stl
[2.036s] -- Symlinking: /workspace/ros_ws/install/p3at_description/share//meshes/p3at_meshes/chassis.dae
[2.057s] -- Symlinking: /workspace/ros_ws/install/p3at_description/share//meshes/p3at_meshes/chassis.stl
[2.075s] -- Symlinking: /workspace/ros_ws/install/p3at_description/share//meshes/p3at_meshes/front_sonar.dae
[2.088s] -- Symlinking: /workspace/ros_ws/install/p3at_description/share//meshes/p3at_meshes/front_sonar.stl
[2.107s] -- Symlinking: /workspace/ros_ws/install/p3at_description/share//meshes/p3at_meshes/left_hubcap.dae
[2.132s] -- Symlinking: /workspace/ros_ws/install/p3at_description/share//meshes/p3at_meshes/left_hubcap.stl
[2.189s] -- Symlinking: /workspace/ros_ws/install/p3at_description/share//meshes/p3at_meshes/right_hubcap.dae
[2.223s] -- Symlinking: /workspace/ros_ws/install/p3at_description/share//meshes/p3at_meshes/right_hubcap.stl
[2.262s] -- Symlinking: /workspace/ros_ws/install/p3at_description/share//meshes/p3at_meshes/top.dae
[2.277s] -- Symlinking: /workspace/ros_ws/install/p3at_description/share//meshes/p3at_meshes/top.stl
[2.295s] -- Symlinking: /workspace/ros_ws/install/p3at_description/share//meshes/p3at_meshes/wheel.dae
[2.313s] -- Symlinking: /workspace/ros_ws/install/p3at_description/share//meshes/p3at_meshes/wheel.stl
[2.330s] -- Symlinking: /workspace/ros_ws/install/p3at_description/share//meshes/right_hubcap.dae
[2.347s] -- Symlinking: /workspace/ros_ws/install/p3at_description/share//meshes/suporte_armControl_mesh.dae
[2.371s] -- Symlinking: /workspace/ros_ws/install/p3at_description/share//meshes/suporte_base_mesh.dae
[2.387s] -- Symlinking: /workspace/ros_ws/install/p3at_description/share//meshes/suporte_base_mesh2.dae
[2.404s] -- Symlinking: /workspace/ros_ws/install/p3at_description/share//meshes/suporte_depth_mesh.dae
[2.420s] -- Symlinking: /workspace/ros_ws/install/p3at_description/share//meshes/suporte_kinect_mesh.dae
[2.454s] -- Symlinking: /workspace/ros_ws/install/p3at_description/share//meshes/suporte_monitor_mesh.dae
[2.472s] -- Symlinking: /workspace/ros_ws/install/p3at_description/share//meshes/tampa1_mesh.dae
[2.490s] -- Symlinking: /workspace/ros_ws/install/p3at_description/share//meshes/tampa2_mesh.dae
[2.504s] -- Symlinking: /workspace/ros_ws/install/p3at_description/share//meshes/tampa3_mesh.dae
[2.525s] -- Symlinking: /workspace/ros_ws/install/p3at_description/share//meshes/tampa4_mesh.dae
[2.558s] -- Symlinking: /workspace/ros_ws/install/p3at_description/share//meshes/top.dae
[2.576s] -- Symlinking: /workspace/ros_ws/install/p3at_description/share//meshes/tv_mesh.dae
[2.605s] -- Symlinking: /workspace/ros_ws/install/p3at_description/share//meshes/wheel.dae
[2.621s] [33mCMake Warning (dev) at ament_cmake_symlink_install/ament_cmake_symlink_install.cmake:62 (file):
[2.621s]   Policy CMP0009 is not set: FILE GLOB_RECURSE calls should not follow
[2.621s]   symlinks by default.  Run "cmake --help-policy CMP0009" for policy details.
[2.621s]   Use the cmake_policy command to set the policy and suppress this warning.
[2.621s] Call Stack (most recent call first):
[2.621s]   ament_cmake_symlink_install/ament_cmake_symlink_install.cmake:314 (ament_cmake_symlink_install_directory)
[2.621s]   cmake_install.cmake:46 (include)
[2.621s] This warning is for project developers.  Use -Wno-dev to suppress it.
[2.621s] [0m
[2.622s] -- Symlinking: /workspace/ros_ws/install/p3at_description/share//urdf/build/.built_by
[2.649s] -- Symlinking: /workspace/ros_ws/install/p3at_description/share//urdf/build/COLCON_IGNORE
[2.665s] -- Symlinking: /workspace/ros_ws/install/p3at_description/share//urdf/install/.colcon_install_layout
[2.681s] -- Symlinking: /workspace/ros_ws/install/p3at_description/share//urdf/install/COLCON_IGNORE
[2.704s] -- Symlinking: /workspace/ros_ws/install/p3at_description/share//urdf/install/_local_setup_util_ps1.py
[2.728s] -- Symlinking: /workspace/ros_ws/install/p3at_description/share//urdf/install/_local_setup_util_sh.py
[2.747s] -- Symlinking: /workspace/ros_ws/install/p3at_description/share//urdf/install/local_setup.bash
[2.777s] -- Symlinking: /workspace/ros_ws/install/p3at_description/share//urdf/install/local_setup.ps1
[2.793s] -- Symlinking: /workspace/ros_ws/install/p3at_description/share//urdf/install/local_setup.sh
[2.813s] -- Symlinking: /workspace/ros_ws/install/p3at_description/share//urdf/install/local_setup.zsh
[2.832s] -- Symlinking: /workspace/ros_ws/install/p3at_description/share//urdf/install/setup.bash
[2.854s] -- Symlinking: /workspace/ros_ws/install/p3at_description/share//urdf/install/setup.ps1
[2.882s] -- Symlinking: /workspace/ros_ws/install/p3at_description/share//urdf/install/setup.sh
[2.898s] -- Symlinking: /workspace/ros_ws/install/p3at_description/share//urdf/install/setup.zsh
[2.916s] -- Symlinking: /workspace/ros_ws/install/p3at_description/share//urdf/log/COLCON_IGNORE
[2.931s] -- Symlinking: /workspace/ros_ws/install/p3at_description/share//urdf/log/build_2025-05-17_11-15-30/events.log
[2.952s] -- Symlinking: /workspace/ros_ws/install/p3at_description/share//urdf/log/build_2025-05-17_11-15-30/logger_all.log
[2.969s] -- Symlinking: /workspace/ros_ws/install/p3at_description/share//urdf/log/latest/events.log
[2.985s] -- Symlinking: /workspace/ros_ws/install/p3at_description/share//urdf/log/latest/logger_all.log
[3.000s] -- Symlinking: /workspace/ros_ws/install/p3at_description/share//urdf/log/latest_build/events.log
[3.017s] -- Symlinking: /workspace/ros_ws/install/p3at_description/share//urdf/log/latest_build/logger_all.log
[3.034s] -- Symlinking: /workspace/ros_ws/install/p3at_description/share//urdf/pioneer.urdf
[3.053s] -- Symlinking: /workspace/ros_ws/install/p3at_description/share//urdf/pioneer.urdf.xacro
[3.065s] -- Symlinking: /workspace/ros_ws/install/p3at_description/share//urdf/pioneer1.urdf
[3.097s] -- Symlinking: /workspace/ros_ws/install/p3at_description/share//world/empty.sdf
[3.118s] -- Symlinking: /workspace/ros_ws/install/p3at_description/share//rviz/display.rviz
[3.135s] -- Symlinking: /workspace/ros_ws/install/p3at_description/share//config/ekf.yaml
[3.161s] -- Up-to-date symlink: /workspace/ros_ws/install/p3at_description/share/ament_index/resource_index/package_run_dependencies/p3at_description
[3.161s] -- Up-to-date symlink: /workspace/ros_ws/install/p3at_description/share/ament_index/resource_index/parent_prefix_path/p3at_description
[3.162s] -- Up-to-date symlink: /workspace/ros_ws/install/p3at_description/share/p3at_description/environment/ament_prefix_path.sh
[3.162s] -- Up-to-date symlink: /workspace/ros_ws/install/p3at_description/share/p3at_description/environment/ament_prefix_path.dsv
[3.162s] -- Up-to-date symlink: /workspace/ros_ws/install/p3at_description/share/p3at_description/environment/path.sh
[3.162s] -- Up-to-date symlink: /workspace/ros_ws/install/p3at_description/share/p3at_description/environment/path.dsv
[3.162s] -- Up-to-date symlink: /workspace/ros_ws/install/p3at_description/share/p3at_description/local_setup.bash
[3.163s] -- Up-to-date symlink: /workspace/ros_ws/install/p3at_description/share/p3at_description/local_setup.sh
[3.164s] -- Up-to-date symlink: /workspace/ros_ws/install/p3at_description/share/p3at_description/local_setup.zsh
[3.164s] -- Up-to-date symlink: /workspace/ros_ws/install/p3at_description/share/p3at_description/local_setup.dsv
[3.165s] -- Symlinking: /workspace/ros_ws/install/p3at_description/share/p3at_description/package.dsv
[3.185s] -- Up-to-date symlink: /workspace/ros_ws/install/p3at_description/share/ament_index/resource_index/packages/p3at_description
[3.186s] -- Up-to-date symlink: /workspace/ros_ws/install/p3at_description/share/p3at_description/cmake/p3at_descriptionConfig.cmake
[3.186s] -- Up-to-date symlink: /workspace/ros_ws/install/p3at_description/share/p3at_description/cmake/p3at_descriptionConfig-version.cmake
[3.186s] -- Up-to-date symlink: /workspace/ros_ws/install/p3at_description/share/p3at_description/package.xml
[3.188s] Invoked command in '/workspace/ros_ws/build/p3at_description' returned '0': CMAKE_PREFIX_PATH=${CMAKE_PREFIX_PATH}:/opt/ros/jazzy /usr/bin/cmake --install /workspace/ros_ws/build/p3at_description
