[0.016s] Invoking command in '/workspace/ros_ws/src/build/my_package2': CMAKE_PREFIX_PATH=${CMAKE_PREFIX_PATH}:/opt/ros/jazzy /usr/bin/cmake --build /workspace/ros_ws/src/build/my_package2 -- -j12 -l12
[0.065s] [ 50%] [32mBuilding CXX object CMakeFiles/my_node2.dir/src/my_node2.cpp.o[0m
[0.095s] [100%] [32m[1mLinking CXX executable my_node2[0m
[0.137s] [100%] Built target my_node2
[0.146s] Invoked command in '/workspace/ros_ws/src/build/my_package2' returned '0': CMAKE_PREFIX_PATH=${CMAKE_PREFIX_PATH}:/opt/ros/jazzy /usr/bin/cmake --build /workspace/ros_ws/src/build/my_package2 -- -j12 -l12
[0.147s] Invoking command in '/workspace/ros_ws/src/build/my_package2': CMAKE_PREFIX_PATH=${CMAKE_PREFIX_PATH}:/opt/ros/jazzy /usr/bin/cmake --install /workspace/ros_ws/src/build/my_package2
[0.153s] -- Install configuration: ""
[0.153s] -- Installing: /workspace/ros_ws/src/install/my_package2/lib/my_package2/my_node2
[0.154s] -- Installing: /workspace/ros_ws/src/install/my_package2/share/ament_index/resource_index/package_run_dependencies/my_package2
[0.154s] -- Installing: /workspace/ros_ws/src/install/my_package2/share/ament_index/resource_index/parent_prefix_path/my_package2
[0.154s] -- Installing: /workspace/ros_ws/src/install/my_package2/share/my_package2/environment/ament_prefix_path.sh
[0.154s] -- Installing: /workspace/ros_ws/src/install/my_package2/share/my_package2/environment/ament_prefix_path.dsv
[0.154s] -- Installing: /workspace/ros_ws/src/install/my_package2/share/my_package2/environment/path.sh
[0.155s] -- Installing: /workspace/ros_ws/src/install/my_package2/share/my_package2/environment/path.dsv
[0.155s] -- Installing: /workspace/ros_ws/src/install/my_package2/share/my_package2/local_setup.bash
[0.155s] -- Installing: /workspace/ros_ws/src/install/my_package2/share/my_package2/local_setup.sh
[0.155s] -- Installing: /workspace/ros_ws/src/install/my_package2/share/my_package2/local_setup.zsh
[0.155s] -- Installing: /workspace/ros_ws/src/install/my_package2/share/my_package2/local_setup.dsv
[0.155s] -- Up-to-date: /workspace/ros_ws/src/install/my_package2/share/my_package2/package.dsv
[0.156s] -- Installing: /workspace/ros_ws/src/install/my_package2/share/ament_index/resource_index/packages/my_package2
[0.156s] -- Installing: /workspace/ros_ws/src/install/my_package2/share/my_package2/cmake/my_package2Config.cmake
[0.156s] -- Installing: /workspace/ros_ws/src/install/my_package2/share/my_package2/cmake/my_package2Config-version.cmake
[0.156s] -- Installing: /workspace/ros_ws/src/install/my_package2/share/my_package2/package.xml
[0.158s] Invoked command in '/workspace/ros_ws/src/build/my_package2' returned '0': CMAKE_PREFIX_PATH=${CMAKE_PREFIX_PATH}:/opt/ros/jazzy /usr/bin/cmake --install /workspace/ros_ws/src/build/my_package2
