[0.142s] Invoking command in '/workspace/ros_ws/build/ariaNode': CMAKE_PREFIX_PATH=${CMAKE_PREFIX_PATH}:/workspace/ros_ws/install/nav2_gps_waypoint_follower_demo:/opt/ros/jazzy /usr/bin/cmake /workspace/ros_ws/src/ariaNode -DAMENT_CMAKE_SYMLINK_INSTALL=1 -DCMAKE_INSTALL_PREFIX=/workspace/ros_ws/install/ariaNode
[0.623s] -- Found ament_cmake: 2.5.3 (/opt/ros/jazzy/share/ament_cmake/cmake)
[0.751s] -- Override CMake install command with custom implementation using symlinks instead of copying resources
[0.836s] -- Found rclcpp: 28.1.6 (/opt/ros/jazzy/share/rclcpp/cmake)
[1.020s] -- Found rosidl_generator_c: 4.6.5 (/opt/ros/jazzy/share/rosidl_generator_c/cmake)
[1.059s] -- Found rosidl_generator_cpp: 4.6.5 (/opt/ros/jazzy/share/rosidl_generator_cpp/cmake)
[1.125s] -- Using all available rosidl_typesupport_c: rosidl_typesupport_fastrtps_c;rosidl_typesupport_introspection_c
[1.184s] -- Using all available rosidl_typesupport_cpp: rosidl_typesupport_fastrtps_cpp;rosidl_typesupport_introspection_cpp
[1.442s] -- Found rmw_implementation_cmake: 7.3.1 (/opt/ros/jazzy/share/rmw_implementation_cmake/cmake)
[1.449s] -- Found rmw_fastrtps_cpp: 8.4.1 (/opt/ros/jazzy/share/rmw_fastrtps_cpp/cmake)
[1.770s] -- Using RMW implementation 'rmw_fastrtps_cpp' as default
[1.961s] -- Found geometry_msgs: 5.3.5 (/opt/ros/jazzy/share/geometry_msgs/cmake)
[2.052s] [0mThe root directory is /opt/ros/jazzy/share/fastrtps_cmake_module/cmake/Modules[0m
[2.052s] -- Found ament_lint_auto: 0.17.1 (/opt/ros/jazzy/share/ament_lint_auto/cmake)
[2.209s] WARNING: Package name "ariaNode" does not follow the naming conventions. It should start with a lower case letter and only contain lower case letters, digits, underscores, and dashes.
[2.259s] -- Added test 'cppcheck' to perform static code analysis on C / C++ code
[2.259s] -- Configured cppcheck include dirs: 
[2.259s] -- Configured cppcheck exclude dirs and/or files: 
[2.260s] -- Added test 'lint_cmake' to check CMake code style
[2.261s] -- Added test 'uncrustify' to check C / C++ code style
[2.262s] -- Configured uncrustify additional arguments: 
[2.263s] -- Added test 'xmllint' to check XML markup files
[2.266s] -- Configuring done (2.0s)
[2.295s] -- Generating done (0.0s)
[2.300s] -- Build files have been written to: /workspace/ros_ws/build/ariaNode
[2.312s] Invoked command in '/workspace/ros_ws/build/ariaNode' returned '0': CMAKE_PREFIX_PATH=${CMAKE_PREFIX_PATH}:/workspace/ros_ws/install/nav2_gps_waypoint_follower_demo:/opt/ros/jazzy /usr/bin/cmake /workspace/ros_ws/src/ariaNode -DAMENT_CMAKE_SYMLINK_INSTALL=1 -DCMAKE_INSTALL_PREFIX=/workspace/ros_ws/install/ariaNode
[2.314s] Invoking command in '/workspace/ros_ws/build/ariaNode': CMAKE_PREFIX_PATH=${CMAKE_PREFIX_PATH}:/workspace/ros_ws/install/nav2_gps_waypoint_follower_demo:/opt/ros/jazzy /usr/bin/cmake --build /workspace/ros_ws/build/ariaNode -- -j12 -l12
[2.485s] [ 50%] [32m[1mLinking CXX executable ariaNode[0m
[3.297s] [100%] Built target ariaNode
[3.313s] Invoked command in '/workspace/ros_ws/build/ariaNode' returned '0': CMAKE_PREFIX_PATH=${CMAKE_PREFIX_PATH}:/workspace/ros_ws/install/nav2_gps_waypoint_follower_demo:/opt/ros/jazzy /usr/bin/cmake --build /workspace/ros_ws/build/ariaNode -- -j12 -l12
[3.317s] Invoking command in '/workspace/ros_ws/build/ariaNode': CMAKE_PREFIX_PATH=${CMAKE_PREFIX_PATH}:/workspace/ros_ws/install/nav2_gps_waypoint_follower_demo:/opt/ros/jazzy /usr/bin/cmake --install /workspace/ros_ws/build/ariaNode
[3.326s] -- Install configuration: ""
[3.326s] -- Execute custom install script
[3.327s] -- Symlinking: /workspace/ros_ws/install/ariaNode/lib/ariaNode/ariaNode
[3.342s] -- Symlinking: /workspace/ros_ws/install/ariaNode/share/ament_index/resource_index/package_run_dependencies/ariaNode
[3.359s] -- Symlinking: /workspace/ros_ws/install/ariaNode/share/ament_index/resource_index/parent_prefix_path/ariaNode
[3.372s] -- Symlinking: /workspace/ros_ws/install/ariaNode/share/ariaNode/environment/ament_prefix_path.sh
[3.385s] -- Symlinking: /workspace/ros_ws/install/ariaNode/share/ariaNode/environment/ament_prefix_path.dsv
[3.402s] -- Symlinking: /workspace/ros_ws/install/ariaNode/share/ariaNode/environment/path.sh
[3.417s] -- Symlinking: /workspace/ros_ws/install/ariaNode/share/ariaNode/environment/path.dsv
[3.432s] -- Symlinking: /workspace/ros_ws/install/ariaNode/share/ariaNode/local_setup.bash
[3.449s] -- Symlinking: /workspace/ros_ws/install/ariaNode/share/ariaNode/local_setup.sh
[3.464s] -- Symlinking: /workspace/ros_ws/install/ariaNode/share/ariaNode/local_setup.zsh
[3.481s] -- Symlinking: /workspace/ros_ws/install/ariaNode/share/ariaNode/local_setup.dsv
[3.496s] -- Symlinking: /workspace/ros_ws/install/ariaNode/share/ariaNode/package.dsv
[3.512s] -- Symlinking: /workspace/ros_ws/install/ariaNode/share/ament_index/resource_index/packages/ariaNode
[3.527s] -- Symlinking: /workspace/ros_ws/install/ariaNode/share/ariaNode/cmake/ariaNodeConfig.cmake
[3.539s] -- Symlinking: /workspace/ros_ws/install/ariaNode/share/ariaNode/cmake/ariaNodeConfig-version.cmake
[3.557s] -- Symlinking: /workspace/ros_ws/install/ariaNode/share/ariaNode/package.xml
[3.575s] Invoked command in '/workspace/ros_ws/build/ariaNode' returned '0': CMAKE_PREFIX_PATH=${CMAKE_PREFIX_PATH}:/workspace/ros_ws/install/nav2_gps_waypoint_follower_demo:/opt/ros/jazzy /usr/bin/cmake --install /workspace/ros_ws/build/ariaNode
