[0.301s] Invoking command in '/workspace/ros_ws/build/my_package2': CMAKE_PREFIX_PATH=${CMAKE_PREFIX_PATH}:/workspace/ros_ws/install/sam_bot_description:/workspace/ros_ws/install/nav2_straightline_planner:/workspace/ros_ws/install/nav2_pure_pursuit_controller:/workspace/ros_ws/install/nav2_gps_waypoint_follower_demo:/workspace/ros_ws/install/digit_recognition:/opt/ros/jazzy /usr/bin/cmake --build /workspace/ros_ws/build/my_package2 -- -j8 -l8
[0.577s] [100%] Built target my_node2
[0.616s] Invoked command in '/workspace/ros_ws/build/my_package2' returned '0': CMAKE_PREFIX_PATH=${CMAKE_PREFIX_PATH}:/workspace/ros_ws/install/sam_bot_description:/workspace/ros_ws/install/nav2_straightline_planner:/workspace/ros_ws/install/nav2_pure_pursuit_controller:/workspace/ros_ws/install/nav2_gps_waypoint_follower_demo:/workspace/ros_ws/install/digit_recognition:/opt/ros/jazzy /usr/bin/cmake --build /workspace/ros_ws/build/my_package2 -- -j8 -l8
[0.617s] Invoking command in '/workspace/ros_ws/build/my_package2': CMAKE_PREFIX_PATH=${CMAKE_PREFIX_PATH}:/workspace/ros_ws/install/sam_bot_description:/workspace/ros_ws/install/nav2_straightline_planner:/workspace/ros_ws/install/nav2_pure_pursuit_controller:/workspace/ros_ws/install/nav2_gps_waypoint_follower_demo:/workspace/ros_ws/install/digit_recognition:/opt/ros/jazzy /usr/bin/cmake --install /workspace/ros_ws/build/my_package2
[0.656s] -- Install configuration: ""
[0.656s] -- Execute custom install script
[0.656s] -- Up-to-date symlink: /workspace/ros_ws/install/my_package2/lib/my_package2/my_node2
[0.657s] -- Up-to-date symlink: /workspace/ros_ws/install/my_package2/share/ament_index/resource_index/package_run_dependencies/my_package2
[0.657s] -- Up-to-date symlink: /workspace/ros_ws/install/my_package2/share/ament_index/resource_index/parent_prefix_path/my_package2
[0.658s] -- Up-to-date symlink: /workspace/ros_ws/install/my_package2/share/my_package2/environment/ament_prefix_path.sh
[0.658s] -- Up-to-date symlink: /workspace/ros_ws/install/my_package2/share/my_package2/environment/ament_prefix_path.dsv
[0.658s] -- Up-to-date symlink: /workspace/ros_ws/install/my_package2/share/my_package2/environment/path.sh
[0.658s] -- Up-to-date symlink: /workspace/ros_ws/install/my_package2/share/my_package2/environment/path.dsv
[0.658s] -- Up-to-date symlink: /workspace/ros_ws/install/my_package2/share/my_package2/local_setup.bash
[0.659s] -- Up-to-date symlink: /workspace/ros_ws/install/my_package2/share/my_package2/local_setup.sh
[0.659s] -- Up-to-date symlink: /workspace/ros_ws/install/my_package2/share/my_package2/local_setup.zsh
[0.659s] -- Up-to-date symlink: /workspace/ros_ws/install/my_package2/share/my_package2/local_setup.dsv
[0.659s] -- Symlinking: /workspace/ros_ws/install/my_package2/share/my_package2/package.dsv
[0.659s] -- Up-to-date symlink: /workspace/ros_ws/install/my_package2/share/ament_index/resource_index/packages/my_package2
[0.659s] -- Up-to-date symlink: /workspace/ros_ws/install/my_package2/share/my_package2/cmake/my_package2Config.cmake
[0.660s] -- Up-to-date symlink: /workspace/ros_ws/install/my_package2/share/my_package2/cmake/my_package2Config-version.cmake
[0.661s] -- Up-to-date symlink: /workspace/ros_ws/install/my_package2/share/my_package2/package.xml
[0.737s] Invoked command in '/workspace/ros_ws/build/my_package2' returned '0': CMAKE_PREFIX_PATH=${CMAKE_PREFIX_PATH}:/workspace/ros_ws/install/sam_bot_description:/workspace/ros_ws/install/nav2_straightline_planner:/workspace/ros_ws/install/nav2_pure_pursuit_controller:/workspace/ros_ws/install/nav2_gps_waypoint_follower_demo:/workspace/ros_ws/install/digit_recognition:/opt/ros/jazzy /usr/bin/cmake --install /workspace/ros_ws/build/my_package2
