[0.122s] Invoking command in '/workspace/ros_ws/src/build/ariaNode': CMAKE_PREFIX_PATH=${CMAKE_PREFIX_PATH}:/opt/ros/jazzy /usr/bin/cmake /workspace/ros_ws/src/ariaNode -DAMENT_CMAKE_SYMLINK_INSTALL=1 -DCMAKE_INSTALL_PREFIX=/workspace/ros_ws/src/install/ariaNode
[1.146s] -- Found ament_cmake: 2.5.4 (/opt/ros/jazzy/share/ament_cmake/cmake)
[1.148s] -- Override CMake install command with custom implementation using symlinks instead of copying resources
[1.149s] -- Found rclcpp: 28.1.9 (/opt/ros/jazzy/share/rclcpp/cmake)
[1.150s] -- Found rosidl_generator_c: 4.6.5 (/opt/ros/jazzy/share/rosidl_generator_c/cmake)
[1.151s] -- Found rosidl_generator_cpp: 4.6.5 (/opt/ros/jazzy/share/rosidl_generator_cpp/cmake)
[1.152s] -- Using all available rosidl_typesupport_c: rosidl_typesupport_fastrtps_c;rosidl_typesupport_introspection_c
[1.153s] -- Using all available rosidl_typesupport_cpp: rosidl_typesupport_fastrtps_cpp;rosidl_typesupport_introspection_cpp
[1.153s] -- Found rmw_implementation_cmake: 7.3.2 (/opt/ros/jazzy/share/rmw_implementation_cmake/cmake)
[1.153s] -- Found rmw_fastrtps_cpp: 8.4.2 (/opt/ros/jazzy/share/rmw_fastrtps_cpp/cmake)
[1.153s] -- Using RMW implementation 'rmw_fastrtps_cpp' as default
[1.208s] -- Found geometry_msgs: 5.3.6 (/opt/ros/jazzy/share/geometry_msgs/cmake)
[1.336s] [0mThe root directory is /opt/ros/jazzy/share/fastrtps_cmake_module/cmake/Modules[0m
[1.338s] -- Found ament_lint_auto: 0.17.2 (/opt/ros/jazzy/share/ament_lint_auto/cmake)
[1.573s] WARNING: Package name "ariaNode" does not follow the naming conventions. It should start with a lower case letter and only contain lower case letters, digits, underscores, and dashes.
[1.669s] -- Added test 'cppcheck' to perform static code analysis on C / C++ code
[1.671s] -- Configured cppcheck include dirs: 
[1.671s] -- Configured cppcheck exclude dirs and/or files: 
[1.674s] -- Added test 'lint_cmake' to check CMake code style
[1.677s] -- Added test 'uncrustify' to check C / C++ code style
[1.678s] -- Configured uncrustify additional arguments: 
[1.679s] -- Added test 'xmllint' to check XML markup files
[1.686s] -- Configuring done (1.5s)
[1.724s] -- Generating done (0.0s)
[1.751s] -- Build files have been written to: /workspace/ros_ws/src/build/ariaNode
[1.773s] Invoked command in '/workspace/ros_ws/src/build/ariaNode' returned '0': CMAKE_PREFIX_PATH=${CMAKE_PREFIX_PATH}:/opt/ros/jazzy /usr/bin/cmake /workspace/ros_ws/src/ariaNode -DAMENT_CMAKE_SYMLINK_INSTALL=1 -DCMAKE_INSTALL_PREFIX=/workspace/ros_ws/src/install/ariaNode
[1.774s] Invoking command in '/workspace/ros_ws/src/build/ariaNode': CMAKE_PREFIX_PATH=${CMAKE_PREFIX_PATH}:/opt/ros/jazzy /usr/bin/cmake --build /workspace/ros_ws/src/build/ariaNode -- -j8 -l8
[2.299s] [ 50%] [32m[1mLinking CXX executable ariaNode[0m
[3.592s] [100%] Built target ariaNode
[3.743s] Invoked command in '/workspace/ros_ws/src/build/ariaNode' returned '0': CMAKE_PREFIX_PATH=${CMAKE_PREFIX_PATH}:/opt/ros/jazzy /usr/bin/cmake --build /workspace/ros_ws/src/build/ariaNode -- -j8 -l8
[3.750s] Invoking command in '/workspace/ros_ws/src/build/ariaNode': CMAKE_PREFIX_PATH=${CMAKE_PREFIX_PATH}:/opt/ros/jazzy /usr/bin/cmake --install /workspace/ros_ws/src/build/ariaNode
[5.391s] -- Install configuration: ""
[5.393s] -- Execute custom install script
[5.393s] -- Symlinking: /workspace/ros_ws/src/install/ariaNode/lib/ariaNode/ariaNode
[5.393s] -- Symlinking: /workspace/ros_ws/src/install/ariaNode/share/ament_index/resource_index/package_run_dependencies/ariaNode
[5.393s] -- Symlinking: /workspace/ros_ws/src/install/ariaNode/share/ament_index/resource_index/parent_prefix_path/ariaNode
[5.393s] -- Symlinking: /workspace/ros_ws/src/install/ariaNode/share/ariaNode/environment/ament_prefix_path.sh
[5.393s] -- Symlinking: /workspace/ros_ws/src/install/ariaNode/share/ariaNode/environment/ament_prefix_path.dsv
[5.393s] -- Symlinking: /workspace/ros_ws/src/install/ariaNode/share/ariaNode/environment/path.sh
[5.393s] -- Symlinking: /workspace/ros_ws/src/install/ariaNode/share/ariaNode/environment/path.dsv
[5.394s] -- Symlinking: /workspace/ros_ws/src/install/ariaNode/share/ariaNode/local_setup.bash
[5.394s] -- Symlinking: /workspace/ros_ws/src/install/ariaNode/share/ariaNode/local_setup.sh
[5.394s] -- Symlinking: /workspace/ros_ws/src/install/ariaNode/share/ariaNode/local_setup.zsh
[5.397s] -- Symlinking: /workspace/ros_ws/src/install/ariaNode/share/ariaNode/local_setup.dsv
[5.397s] -- Symlinking: /workspace/ros_ws/src/install/ariaNode/share/ariaNode/package.dsv
[5.397s] -- Symlinking: /workspace/ros_ws/src/install/ariaNode/share/ament_index/resource_index/packages/ariaNode
[5.397s] -- Symlinking: /workspace/ros_ws/src/install/ariaNode/share/ariaNode/cmake/ariaNodeConfig.cmake
[5.398s] -- Symlinking: /workspace/ros_ws/src/install/ariaNode/share/ariaNode/cmake/ariaNodeConfig-version.cmake
[5.398s] -- Symlinking: /workspace/ros_ws/src/install/ariaNode/share/ariaNode/package.xml
[5.496s] Invoked command in '/workspace/ros_ws/src/build/ariaNode' returned '0': CMAKE_PREFIX_PATH=${CMAKE_PREFIX_PATH}:/opt/ros/jazzy /usr/bin/cmake --install /workspace/ros_ws/src/build/ariaNode
