[ 50%] [32mBuilding CXX object CMakeFiles/master_node.dir/src/theMaster.cpp.o[0m
[01m[K/workspace/ros_ws/src/master/src/theMaster.cpp:[m[K In member function ‘[01m[Kvoid joyreader::[01;32m[KjoyCallback[m[K(sensor_msgs::msg::Joy_<std::allocator<void> >::SharedPtr)[m[K’:
[01m[K/workspace/ros_ws/src/master/src/theMaster.cpp:37:13:[m[K [01;35m[Kwarning: [m[Kstoring the address of local variable ‘[01m[Kxbutton[m[K’ in ‘[01m[K*this.joyreader::abutt[m[K’ [[01;35m[K]8;;https://gcc.gnu.org/onlinedocs/gcc/Warning-Options.html#index-Wdangling-pointer=-Wdangling-pointer=]8;;[m[K]
   37 |       [01;35m[Kabutt = &xbutton[m[K;
      |       [01;35m[K~~~~~~^~~~~~~~~~[m[K
[01m[K/workspace/ros_ws/src/master/src/theMaster.cpp:34:12:[m[K [01;36m[Knote: [m[K‘[01m[Kxbutton[m[K’ declared here
   34 |       bool [01;36m[Kxbutton[m[K = (bool) msg->buttons[2];
      |            [01;36m[K^~~~~~~[m[K
[01m[K/workspace/ros_ws/src/master/src/theMaster.cpp:31:64:[m[K [01;36m[Knote: [m[K‘[01m[Kthis[m[K’ declared here
   31 |     void joyCallback(const sensor_msgs::msg::Joy::SharedPtr msg[01;36m[K)[m[K
      |                                                                [01;36m[K^[m[K
[100%] [32m[1mLinking CXX executable master_node[0m
[100%] Built target master_node
-- Install configuration: ""
-- Installing: /workspace/ros_ws/src/master/install/master/lib/master/master_node
-- Set non-toolchain portion of runtime path of "/workspace/ros_ws/src/master/install/master/lib/master/master_node" to ""
-- Up-to-date: /workspace/ros_ws/src/master/install/master/share/ament_index/resource_index/package_run_dependencies/master
-- Up-to-date: /workspace/ros_ws/src/master/install/master/share/ament_index/resource_index/parent_prefix_path/master
-- Up-to-date: /workspace/ros_ws/src/master/install/master/share/master/environment/ament_prefix_path.sh
-- Up-to-date: /workspace/ros_ws/src/master/install/master/share/master/environment/ament_prefix_path.dsv
-- Up-to-date: /workspace/ros_ws/src/master/install/master/share/master/environment/path.sh
-- Up-to-date: /workspace/ros_ws/src/master/install/master/share/master/environment/path.dsv
-- Up-to-date: /workspace/ros_ws/src/master/install/master/share/master/local_setup.bash
-- Up-to-date: /workspace/ros_ws/src/master/install/master/share/master/local_setup.sh
-- Up-to-date: /workspace/ros_ws/src/master/install/master/share/master/local_setup.zsh
-- Up-to-date: /workspace/ros_ws/src/master/install/master/share/master/local_setup.dsv
-- Installing: /workspace/ros_ws/src/master/install/master/share/master/package.dsv
-- Up-to-date: /workspace/ros_ws/src/master/install/master/share/ament_index/resource_index/packages/master
-- Up-to-date: /workspace/ros_ws/src/master/install/master/share/master/cmake/masterConfig.cmake
-- Up-to-date: /workspace/ros_ws/src/master/install/master/share/master/cmake/masterConfig-version.cmake
-- Up-to-date: /workspace/ros_ws/src/master/install/master/share/master/package.xml
