[0.044s] Invoking command in '/workspace/ros_ws/build/nav2_straightline_planner': CMAKE_PREFIX_PATH=${CMAKE_PREFIX_PATH}:/opt/ros/jazzy /usr/bin/cmake /workspace/ros_ws/src/nav2_straightline_planner -DCMAKE_INSTALL_PREFIX=/workspace/ros_ws/install/nav2_straightline_planner
[0.082s] -- Found ament_cmake: 2.5.4 (/opt/ros/jazzy/share/ament_cmake/cmake)
[0.795s] -- Override CMake install command with custom implementation using symlinks instead of copying resources
[0.815s] -- Found rclcpp: 28.1.9 (/opt/ros/jazzy/share/rclcpp/cmake)
[0.863s] -- Found rosidl_generator_c: 4.6.5 (/opt/ros/jazzy/share/rosidl_generator_c/cmake)
[0.878s] -- Found rosidl_generator_cpp: 4.6.5 (/opt/ros/jazzy/share/rosidl_generator_cpp/cmake)
[0.896s] -- Using all available rosidl_typesupport_c: rosidl_typesupport_fastrtps_c;rosidl_typesupport_introspection_c
[0.935s] -- Using all available rosidl_typesupport_cpp: rosidl_typesupport_fastrtps_cpp;rosidl_typesupport_introspection_cpp
[1.077s] -- Found rmw_implementation_cmake: 7.3.2 (/opt/ros/jazzy/share/rmw_implementation_cmake/cmake)
[1.080s] -- Found rmw_fastrtps_cpp: 8.4.2 (/opt/ros/jazzy/share/rmw_fastrtps_cpp/cmake)
[1.249s] -- Using RMW implementation 'rmw_fastrtps_cpp' as default
[1.429s] -- Found rclcpp_action: 28.1.9 (/opt/ros/jazzy/share/rclcpp_action/cmake)
[1.490s] -- Found rclcpp_lifecycle: 28.1.9 (/opt/ros/jazzy/share/rclcpp_lifecycle/cmake)
[1.576s] -- Found std_msgs: 5.3.6 (/opt/ros/jazzy/share/std_msgs/cmake)
[1.598s] -- Found visualization_msgs: 5.3.6 (/opt/ros/jazzy/share/visualization_msgs/cmake)
[1.722s] -- Found nav2_util: 1.3.6 (/opt/ros/jazzy/share/nav2_util/cmake)
[2.143s] -- Found eigen3_cmake_module: 0.3.0 (/opt/ros/jazzy/share/eigen3_cmake_module/cmake)
[2.145s] -- Ensuring Eigen3 include directory is part of orocos-kdl CMake target
[2.307s] -- Found nav2_costmap_2d: 1.3.6 (/opt/ros/jazzy/share/nav2_costmap_2d/cmake)
[2.548s] -- Found nav2_core: 1.3.6 (/opt/ros/jazzy/share/nav2_core/cmake)
[2.726s] -- Found ament_lint_auto: 0.17.2 (/opt/ros/jazzy/share/ament_lint_auto/cmake)
[3.065s] -- Added test 'copyright' to check source files copyright and LICENSE
[3.065s] -- Added test 'cppcheck' to perform static code analysis on C / C++ code
[3.065s] -- Configured cppcheck include dirs: /workspace/ros_ws/src/nav2_straightline_planner/include
[3.065s] -- Configured cppcheck exclude dirs and/or files: 
[3.072s] -- Added test 'cpplint' to check C / C++ code against the Google style
[3.072s] -- Configured cpplint exclude dirs and/or files: 
[3.072s] -- Added test 'lint_cmake' to check CMake code style
[3.073s] -- Added test 'uncrustify' to check C / C++ code style
[3.073s] -- Configured uncrustify additional arguments: 
[3.073s] -- Added test 'xmllint' to check XML markup files
[3.093s] -- Configuring done (3.0s)
[3.313s] -- Generating done (0.2s)
[3.335s] -- Build files have been written to: /workspace/ros_ws/build/nav2_straightline_planner
[3.409s] Invoked command in '/workspace/ros_ws/build/nav2_straightline_planner' returned '0': CMAKE_PREFIX_PATH=${CMAKE_PREFIX_PATH}:/opt/ros/jazzy /usr/bin/cmake /workspace/ros_ws/src/nav2_straightline_planner -DCMAKE_INSTALL_PREFIX=/workspace/ros_ws/install/nav2_straightline_planner
[3.413s] Invoking command in '/workspace/ros_ws/build/nav2_straightline_planner': CMAKE_PREFIX_PATH=${CMAKE_PREFIX_PATH}:/opt/ros/jazzy /usr/bin/cmake --build /workspace/ros_ws/build/nav2_straightline_planner -- -j8 -l8
[3.639s] [100%] Built target nav2_straightline_planner_plugin
[3.721s] Invoked command in '/workspace/ros_ws/build/nav2_straightline_planner' returned '0': CMAKE_PREFIX_PATH=${CMAKE_PREFIX_PATH}:/opt/ros/jazzy /usr/bin/cmake --build /workspace/ros_ws/build/nav2_straightline_planner -- -j8 -l8
[3.721s] Invoking command in '/workspace/ros_ws/build/nav2_straightline_planner': CMAKE_PREFIX_PATH=${CMAKE_PREFIX_PATH}:/opt/ros/jazzy /usr/bin/cmake --install /workspace/ros_ws/build/nav2_straightline_planner
[3.752s] -- Install configuration: ""
[3.752s] -- Execute custom install script
[3.752s] -- Up-to-date symlink: /workspace/ros_ws/install/nav2_straightline_planner/share/nav2_straightline_planner//global_planner_plugin.xml
[3.757s] -- Up-to-date symlink: /workspace/ros_ws/install/nav2_straightline_planner/lib/libnav2_straightline_planner_plugin.so
[3.757s] -- Up-to-date symlink: /workspace/ros_ws/install/nav2_straightline_planner/include//nav2_straightline_planner/straight_line_planner.hpp
[3.757s] -- Up-to-date symlink: /workspace/ros_ws/install/nav2_straightline_planner/include//nav2_straightline_planner/straight_line_planner.hpp:Zone.Identifier
[3.757s] -- Up-to-date symlink: /workspace/ros_ws/install/nav2_straightline_planner/share/nav2_straightline_planner/global_planner_plugin.xml
[3.757s] -- Up-to-date symlink: /workspace/ros_ws/install/nav2_straightline_planner/share/nav2_straightline_planner/environment/library_path.sh
[3.757s] -- Up-to-date symlink: /workspace/ros_ws/install/nav2_straightline_planner/share/nav2_straightline_planner/environment/library_path.dsv
[3.759s] -- Up-to-date symlink: /workspace/ros_ws/install/nav2_straightline_planner/share/ament_index/resource_index/package_run_dependencies/nav2_straightline_planner
[3.759s] -- Up-to-date symlink: /workspace/ros_ws/install/nav2_straightline_planner/share/ament_index/resource_index/parent_prefix_path/nav2_straightline_planner
[3.759s] -- Up-to-date symlink: /workspace/ros_ws/install/nav2_straightline_planner/share/nav2_straightline_planner/environment/ament_prefix_path.sh
[3.759s] -- Up-to-date symlink: /workspace/ros_ws/install/nav2_straightline_planner/share/nav2_straightline_planner/environment/ament_prefix_path.dsv
[3.759s] -- Up-to-date symlink: /workspace/ros_ws/install/nav2_straightline_planner/share/nav2_straightline_planner/environment/path.sh
[3.759s] -- Up-to-date symlink: /workspace/ros_ws/install/nav2_straightline_planner/share/nav2_straightline_planner/environment/path.dsv
[3.760s] -- Up-to-date symlink: /workspace/ros_ws/install/nav2_straightline_planner/share/nav2_straightline_planner/local_setup.bash
[3.761s] -- Up-to-date symlink: /workspace/ros_ws/install/nav2_straightline_planner/share/nav2_straightline_planner/local_setup.sh
[3.765s] -- Up-to-date symlink: /workspace/ros_ws/install/nav2_straightline_planner/share/nav2_straightline_planner/local_setup.zsh
[3.765s] -- Up-to-date symlink: /workspace/ros_ws/install/nav2_straightline_planner/share/nav2_straightline_planner/local_setup.dsv
[3.765s] -- Symlinking: /workspace/ros_ws/install/nav2_straightline_planner/share/nav2_straightline_planner/package.dsv
[3.794s] -- Up-to-date symlink: /workspace/ros_ws/install/nav2_straightline_planner/share/ament_index/resource_index/packages/nav2_straightline_planner
[3.794s] -- Up-to-date symlink: /workspace/ros_ws/install/nav2_straightline_planner/share/ament_index/resource_index/nav2_core__pluginlib__plugin/nav2_straightline_planner
[3.795s] -- Up-to-date symlink: /workspace/ros_ws/install/nav2_straightline_planner/share/nav2_straightline_planner/cmake/ament_cmake_export_include_directories-extras.cmake
[3.795s] -- Up-to-date symlink: /workspace/ros_ws/install/nav2_straightline_planner/share/nav2_straightline_planner/cmake/ament_cmake_export_libraries-extras.cmake
[3.799s] -- Up-to-date symlink: /workspace/ros_ws/install/nav2_straightline_planner/share/nav2_straightline_planner/cmake/ament_cmake_export_dependencies-extras.cmake
[3.799s] -- Up-to-date symlink: /workspace/ros_ws/install/nav2_straightline_planner/share/nav2_straightline_planner/cmake/nav2_straightline_plannerConfig.cmake
[3.800s] -- Up-to-date symlink: /workspace/ros_ws/install/nav2_straightline_planner/share/nav2_straightline_planner/cmake/nav2_straightline_plannerConfig-version.cmake
[3.800s] -- Up-to-date symlink: /workspace/ros_ws/install/nav2_straightline_planner/share/nav2_straightline_planner/package.xml
[3.816s] Invoked command in '/workspace/ros_ws/build/nav2_straightline_planner' returned '0': CMAKE_PREFIX_PATH=${CMAKE_PREFIX_PATH}:/opt/ros/jazzy /usr/bin/cmake --install /workspace/ros_ws/build/nav2_straightline_planner
