-- Install configuration: ""
[33mCMake Warning (dev) at ament_cmake_symlink_install/ament_cmake_symlink_install.cmake:62 (file):
  Policy CMP0009 is not set: FILE GLOB_RECURSE calls should not follow
  symlinks by default.  Run "cmake --help-policy CMP0009" for policy details.
  Use the cmake_policy command to set the policy and suppress this warning.
Call Stack (most recent call first):
  ament_cmake_symlink_install/ament_cmake_symlink_install.cmake:314 (ament_cmake_symlink_install_directory)
  cmake_install.cmake:46 (include)
This warning is for project developers.  Use -Wno-dev to suppress it.
[0m
-- Execute custom install script
-- Up-to-date symlink: /workspace/ros_ws/install/p3at_description/share//launch/build/.built_by
-- Up-to-date symlink: /workspace/ros_ws/install/p3at_description/share//launch/build/COLCON_IGNORE
-- Up-to-date symlink: /workspace/ros_ws/install/p3at_description/share//launch/display.launch.py
-- Up-to-date symlink: /workspace/ros_ws/install/p3at_description/share//launch/ekf_launch.py
-- Up-to-date symlink: /workspace/ros_ws/install/p3at_description/share//launch/install/.colcon_install_layout
-- Up-to-date symlink: /workspace/ros_ws/install/p3at_description/share//launch/install/COLCON_IGNORE
-- Up-to-date symlink: /workspace/ros_ws/install/p3at_description/share//launch/install/_local_setup_util_ps1.py
-- Up-to-date symlink: /workspace/ros_ws/install/p3at_description/share//launch/install/_local_setup_util_sh.py
-- Up-to-date symlink: /workspace/ros_ws/install/p3at_description/share//launch/install/local_setup.bash
-- Up-to-date symlink: /workspace/ros_ws/install/p3at_description/share//launch/install/local_setup.ps1
-- Up-to-date symlink: /workspace/ros_ws/install/p3at_description/share//launch/install/local_setup.sh
-- Up-to-date symlink: /workspace/ros_ws/install/p3at_description/share//launch/install/local_setup.zsh
-- Up-to-date symlink: /workspace/ros_ws/install/p3at_description/share//launch/install/setup.bash
-- Up-to-date symlink: /workspace/ros_ws/install/p3at_description/share//launch/install/setup.ps1
-- Up-to-date symlink: /workspace/ros_ws/install/p3at_description/share//launch/install/setup.sh
-- Up-to-date symlink: /workspace/ros_ws/install/p3at_description/share//launch/install/setup.zsh
-- Up-to-date symlink: /workspace/ros_ws/install/p3at_description/share//launch/log/COLCON_IGNORE
-- Up-to-date symlink: /workspace/ros_ws/install/p3at_description/share//launch/log/build_2025-05-17_10-45-05/events.log
-- Up-to-date symlink: /workspace/ros_ws/install/p3at_description/share//launch/log/build_2025-05-17_10-45-05/logger_all.log
-- Up-to-date symlink: /workspace/ros_ws/install/p3at_description/share//launch/log/latest/events.log
-- Up-to-date symlink: /workspace/ros_ws/install/p3at_description/share//launch/log/latest/logger_all.log
-- Up-to-date symlink: /workspace/ros_ws/install/p3at_description/share//launch/log/latest_build/events.log
-- Up-to-date symlink: /workspace/ros_ws/install/p3at_description/share//launch/log/latest_build/logger_all.log
-- Up-to-date symlink: /workspace/ros_ws/install/p3at_description/share//meshes/Coordinates
-- Up-to-date symlink: /workspace/ros_ws/install/p3at_description/share//meshes/arm_control_box_mesh.dae
-- Up-to-date symlink: /workspace/ros_ws/install/p3at_description/share//meshes/axle.dae
-- Up-to-date symlink: /workspace/ros_ws/install/p3at_description/share//meshes/back_sonar.dae
-- Up-to-date symlink: /workspace/ros_ws/install/p3at_description/share//meshes/back_sonar_mesh.dae
-- Up-to-date symlink: /workspace/ros_ws/install/p3at_description/share//meshes/chassis.dae
-- Up-to-date symlink: /workspace/ros_ws/install/p3at_description/share//meshes/front_sonar.dae
-- Up-to-date symlink: /workspace/ros_ws/install/p3at_description/share//meshes/hokuyo.dae
-- Up-to-date symlink: /workspace/ros_ws/install/p3at_description/share//meshes/hokuyo1.dae
-- Up-to-date symlink: /workspace/ros_ws/install/p3at_description/share//meshes/hokuyo_convex.stl
-- Up-to-date symlink: /workspace/ros_ws/install/p3at_description/share//meshes/kinect.dae
-- Up-to-date symlink: /workspace/ros_ws/install/p3at_description/share//meshes/kinect.tga
-- Up-to-date symlink: /workspace/ros_ws/install/p3at_description/share//meshes/left_hubcap.dae
-- Up-to-date symlink: /workspace/ros_ws/install/p3at_description/share//meshes/left_hubcap_mesh.dae
-- Up-to-date symlink: /workspace/ros_ws/install/p3at_description/share//meshes/p3at_meshes/.svn/all-wcprops
-- Up-to-date symlink: /workspace/ros_ws/install/p3at_description/share//meshes/p3at_meshes/.svn/entries
-- Up-to-date symlink: /workspace/ros_ws/install/p3at_description/share//meshes/p3at_meshes/.svn/prop-base/axle.stl.svn-base
-- Up-to-date symlink: /workspace/ros_ws/install/p3at_description/share//meshes/p3at_meshes/.svn/prop-base/back_sonar.stl.svn-base
-- Up-to-date symlink: /workspace/ros_ws/install/p3at_description/share//meshes/p3at_meshes/.svn/prop-base/chassis.stl.svn-base
-- Up-to-date symlink: /workspace/ros_ws/install/p3at_description/share//meshes/p3at_meshes/.svn/prop-base/front_sonar.stl.svn-base
-- Up-to-date symlink: /workspace/ros_ws/install/p3at_description/share//meshes/p3at_meshes/.svn/prop-base/left_hubcap.stl.svn-base
-- Up-to-date symlink: /workspace/ros_ws/install/p3at_description/share//meshes/p3at_meshes/.svn/prop-base/right_hubcap.stl.svn-base
-- Up-to-date symlink: /workspace/ros_ws/install/p3at_description/share//meshes/p3at_meshes/.svn/prop-base/top.stl.svn-base
-- Up-to-date symlink: /workspace/ros_ws/install/p3at_description/share//meshes/p3at_meshes/.svn/prop-base/wheel.stl.svn-base
-- Up-to-date symlink: /workspace/ros_ws/install/p3at_description/share//meshes/p3at_meshes/.svn/text-base/Coordinates.svn-base
-- Up-to-date symlink: /workspace/ros_ws/install/p3at_description/share//meshes/p3at_meshes/.svn/text-base/axle.stl.svn-base
-- Up-to-date symlink: /workspace/ros_ws/install/p3at_description/share//meshes/p3at_meshes/.svn/text-base/back_sonar.stl.svn-base
-- Up-to-date symlink: /workspace/ros_ws/install/p3at_description/share//meshes/p3at_meshes/.svn/text-base/chassis.stl.svn-base
-- Up-to-date symlink: /workspace/ros_ws/install/p3at_description/share//meshes/p3at_meshes/.svn/text-base/front_sonar.stl.svn-base
-- Up-to-date symlink: /workspace/ros_ws/install/p3at_description/share//meshes/p3at_meshes/.svn/text-base/left_hubcap.stl.svn-base
-- Up-to-date symlink: /workspace/ros_ws/install/p3at_description/share//meshes/p3at_meshes/.svn/text-base/right_hubcap.stl.svn-base
-- Up-to-date symlink: /workspace/ros_ws/install/p3at_description/share//meshes/p3at_meshes/.svn/text-base/top.stl.svn-base
-- Up-to-date symlink: /workspace/ros_ws/install/p3at_description/share//meshes/p3at_meshes/.svn/text-base/wheel.stl.svn-base
-- Up-to-date symlink: /workspace/ros_ws/install/p3at_description/share//meshes/p3at_meshes/Coordinates
-- Up-to-date symlink: /workspace/ros_ws/install/p3at_description/share//meshes/p3at_meshes/axle.dae
-- Up-to-date symlink: /workspace/ros_ws/install/p3at_description/share//meshes/p3at_meshes/axle.stl
-- Up-to-date symlink: /workspace/ros_ws/install/p3at_description/share//meshes/p3at_meshes/back_sonar.dae
-- Up-to-date symlink: /workspace/ros_ws/install/p3at_description/share//meshes/p3at_meshes/back_sonar.stl
-- Up-to-date symlink: /workspace/ros_ws/install/p3at_description/share//meshes/p3at_meshes/chassis.dae
-- Up-to-date symlink: /workspace/ros_ws/install/p3at_description/share//meshes/p3at_meshes/chassis.stl
-- Up-to-date symlink: /workspace/ros_ws/install/p3at_description/share//meshes/p3at_meshes/front_sonar.dae
-- Up-to-date symlink: /workspace/ros_ws/install/p3at_description/share//meshes/p3at_meshes/front_sonar.stl
-- Up-to-date symlink: /workspace/ros_ws/install/p3at_description/share//meshes/p3at_meshes/left_hubcap.dae
-- Up-to-date symlink: /workspace/ros_ws/install/p3at_description/share//meshes/p3at_meshes/left_hubcap.stl
-- Up-to-date symlink: /workspace/ros_ws/install/p3at_description/share//meshes/p3at_meshes/right_hubcap.dae
-- Up-to-date symlink: /workspace/ros_ws/install/p3at_description/share//meshes/p3at_meshes/right_hubcap.stl
-- Up-to-date symlink: /workspace/ros_ws/install/p3at_description/share//meshes/p3at_meshes/top.dae
-- Up-to-date symlink: /workspace/ros_ws/install/p3at_description/share//meshes/p3at_meshes/top.stl
-- Up-to-date symlink: /workspace/ros_ws/install/p3at_description/share//meshes/p3at_meshes/wheel.dae
-- Up-to-date symlink: /workspace/ros_ws/install/p3at_description/share//meshes/p3at_meshes/wheel.stl
-- Up-to-date symlink: /workspace/ros_ws/install/p3at_description/share//meshes/right_hubcap.dae
-- Up-to-date symlink: /workspace/ros_ws/install/p3at_description/share//meshes/suporte_armControl_mesh.dae
-- Up-to-date symlink: /workspace/ros_ws/install/p3at_description/share//meshes/suporte_base_mesh.dae
-- Up-to-date symlink: /workspace/ros_ws/install/p3at_description/share//meshes/suporte_base_mesh2.dae
-- Up-to-date symlink: /workspace/ros_ws/install/p3at_description/share//meshes/suporte_depth_mesh.dae
-- Up-to-date symlink: /workspace/ros_ws/install/p3at_description/share//meshes/suporte_kinect_mesh.dae
-- Up-to-date symlink: /workspace/ros_ws/install/p3at_description/share//meshes/suporte_monitor_mesh.dae
-- Up-to-date symlink: /workspace/ros_ws/install/p3at_description/share//meshes/tampa1_mesh.dae
-- Up-to-date symlink: /workspace/ros_ws/install/p3at_description/share//meshes/tampa2_mesh.dae
-- Up-to-date symlink: /workspace/ros_ws/install/p3at_description/share//meshes/tampa3_mesh.dae
-- Up-to-date symlink: /workspace/ros_ws/install/p3at_description/share//meshes/tampa4_mesh.dae
-- Up-to-date symlink: /workspace/ros_ws/install/p3at_description/share//meshes/top.dae
-- Up-to-date symlink: /workspace/ros_ws/install/p3at_description/share//meshes/tv_mesh.dae
-- Up-to-date symlink: /workspace/ros_ws/install/p3at_description/share//meshes/wheel.dae
[33mCMake Warning (dev) at ament_cmake_symlink_install/ament_cmake_symlink_install.cmake:62 (file):
  Policy CMP0009 is not set: FILE GLOB_RECURSE calls should not follow
  symlinks by default.  Run "cmake --help-policy CMP0009" for policy details.
  Use the cmake_policy command to set the policy and suppress this warning.
Call Stack (most recent call first):
  ament_cmake_symlink_install/ament_cmake_symlink_install.cmake:314 (ament_cmake_symlink_install_directory)
  cmake_install.cmake:46 (include)
This warning is for project developers.  Use -Wno-dev to suppress it.
[0m
-- Up-to-date symlink: /workspace/ros_ws/install/p3at_description/share//urdf/build/.built_by
-- Up-to-date symlink: /workspace/ros_ws/install/p3at_description/share//urdf/build/COLCON_IGNORE
-- Up-to-date symlink: /workspace/ros_ws/install/p3at_description/share//urdf/install/.colcon_install_layout
-- Up-to-date symlink: /workspace/ros_ws/install/p3at_description/share//urdf/install/COLCON_IGNORE
-- Up-to-date symlink: /workspace/ros_ws/install/p3at_description/share//urdf/install/_local_setup_util_ps1.py
-- Up-to-date symlink: /workspace/ros_ws/install/p3at_description/share//urdf/install/_local_setup_util_sh.py
-- Up-to-date symlink: /workspace/ros_ws/install/p3at_description/share//urdf/install/local_setup.bash
-- Up-to-date symlink: /workspace/ros_ws/install/p3at_description/share//urdf/install/local_setup.ps1
-- Up-to-date symlink: /workspace/ros_ws/install/p3at_description/share//urdf/install/local_setup.sh
-- Up-to-date symlink: /workspace/ros_ws/install/p3at_description/share//urdf/install/local_setup.zsh
-- Up-to-date symlink: /workspace/ros_ws/install/p3at_description/share//urdf/install/setup.bash
-- Up-to-date symlink: /workspace/ros_ws/install/p3at_description/share//urdf/install/setup.ps1
-- Up-to-date symlink: /workspace/ros_ws/install/p3at_description/share//urdf/install/setup.sh
-- Up-to-date symlink: /workspace/ros_ws/install/p3at_description/share//urdf/install/setup.zsh
-- Up-to-date symlink: /workspace/ros_ws/install/p3at_description/share//urdf/log/COLCON_IGNORE
-- Up-to-date symlink: /workspace/ros_ws/install/p3at_description/share//urdf/log/build_2025-05-17_11-15-30/events.log
-- Up-to-date symlink: /workspace/ros_ws/install/p3at_description/share//urdf/log/build_2025-05-17_11-15-30/logger_all.log
-- Up-to-date symlink: /workspace/ros_ws/install/p3at_description/share//urdf/log/latest/events.log
-- Up-to-date symlink: /workspace/ros_ws/install/p3at_description/share//urdf/log/latest/logger_all.log
-- Up-to-date symlink: /workspace/ros_ws/install/p3at_description/share//urdf/log/latest_build/events.log
-- Up-to-date symlink: /workspace/ros_ws/install/p3at_description/share//urdf/log/latest_build/logger_all.log
-- Up-to-date symlink: /workspace/ros_ws/install/p3at_description/share//urdf/pioneer.urdf
-- Up-to-date symlink: /workspace/ros_ws/install/p3at_description/share//urdf/pioneer.urdf.xacro
-- Up-to-date symlink: /workspace/ros_ws/install/p3at_description/share//urdf/pioneer1.urdf
-- Up-to-date symlink: /workspace/ros_ws/install/p3at_description/share//world/empty.sdf
-- Up-to-date symlink: /workspace/ros_ws/install/p3at_description/share//rviz/display.rviz
-- Up-to-date symlink: /workspace/ros_ws/install/p3at_description/share//config/ekf.yaml
-- Up-to-date symlink: /workspace/ros_ws/install/p3at_description/share//config/mapper_params_online_async.yaml
-- Up-to-date symlink: /workspace/ros_ws/install/p3at_description/share/ament_index/resource_index/package_run_dependencies/p3at_description
-- Up-to-date symlink: /workspace/ros_ws/install/p3at_description/share/ament_index/resource_index/parent_prefix_path/p3at_description
-- Up-to-date symlink: /workspace/ros_ws/install/p3at_description/share/p3at_description/environment/ament_prefix_path.sh
-- Up-to-date symlink: /workspace/ros_ws/install/p3at_description/share/p3at_description/environment/ament_prefix_path.dsv
-- Up-to-date symlink: /workspace/ros_ws/install/p3at_description/share/p3at_description/environment/path.sh
-- Up-to-date symlink: /workspace/ros_ws/install/p3at_description/share/p3at_description/environment/path.dsv
-- Up-to-date symlink: /workspace/ros_ws/install/p3at_description/share/p3at_description/local_setup.bash
-- Up-to-date symlink: /workspace/ros_ws/install/p3at_description/share/p3at_description/local_setup.sh
-- Up-to-date symlink: /workspace/ros_ws/install/p3at_description/share/p3at_description/local_setup.zsh
-- Up-to-date symlink: /workspace/ros_ws/install/p3at_description/share/p3at_description/local_setup.dsv
-- Symlinking: /workspace/ros_ws/install/p3at_description/share/p3at_description/package.dsv
-- Up-to-date symlink: /workspace/ros_ws/install/p3at_description/share/ament_index/resource_index/packages/p3at_description
-- Up-to-date symlink: /workspace/ros_ws/install/p3at_description/share/p3at_description/cmake/p3at_descriptionConfig.cmake
-- Up-to-date symlink: /workspace/ros_ws/install/p3at_description/share/p3at_description/cmake/p3at_descriptionConfig-version.cmake
-- Up-to-date symlink: /workspace/ros_ws/install/p3at_description/share/p3at_description/package.xml
