[0.306s] Invoking command in '/workspace/ros_ws/build/master': CMAKE_PREFIX_PATH=${CMAKE_PREFIX_PATH}:/workspace/ros_ws/install/sam_bot_description:/workspace/ros_ws/install/nav2_straightline_planner:/workspace/ros_ws/install/nav2_pure_pursuit_controller:/workspace/ros_ws/install/nav2_gps_waypoint_follower_demo:/workspace/ros_ws/install/digit_recognition:/opt/ros/jazzy /usr/bin/cmake --build /workspace/ros_ws/build/master -- -j8 -l8
[0.585s] [100%] Built target master_node
[0.605s] Invoked command in '/workspace/ros_ws/build/master' returned '0': CMAKE_PREFIX_PATH=${CMAKE_PREFIX_PATH}:/workspace/ros_ws/install/sam_bot_description:/workspace/ros_ws/install/nav2_straightline_planner:/workspace/ros_ws/install/nav2_pure_pursuit_controller:/workspace/ros_ws/install/nav2_gps_waypoint_follower_demo:/workspace/ros_ws/install/digit_recognition:/opt/ros/jazzy /usr/bin/cmake --build /workspace/ros_ws/build/master -- -j8 -l8
[0.605s] Invoking command in '/workspace/ros_ws/build/master': CMAKE_PREFIX_PATH=${CMAKE_PREFIX_PATH}:/workspace/ros_ws/install/sam_bot_description:/workspace/ros_ws/install/nav2_straightline_planner:/workspace/ros_ws/install/nav2_pure_pursuit_controller:/workspace/ros_ws/install/nav2_gps_waypoint_follower_demo:/workspace/ros_ws/install/digit_recognition:/opt/ros/jazzy /usr/bin/cmake --install /workspace/ros_ws/build/master
[0.618s] -- Install configuration: ""
[0.622s] -- Execute custom install script
[0.622s] -- Up-to-date symlink: /workspace/ros_ws/install/master/lib/master/master_node
[0.622s] -- Up-to-date symlink: /workspace/ros_ws/install/master/share/ament_index/resource_index/package_run_dependencies/master
[0.622s] -- Up-to-date symlink: /workspace/ros_ws/install/master/share/ament_index/resource_index/parent_prefix_path/master
[0.622s] -- Up-to-date symlink: /workspace/ros_ws/install/master/share/master/environment/ament_prefix_path.sh
[0.622s] -- Up-to-date symlink: /workspace/ros_ws/install/master/share/master/environment/ament_prefix_path.dsv
[0.622s] -- Up-to-date symlink: /workspace/ros_ws/install/master/share/master/environment/path.sh
[0.623s] -- Up-to-date symlink: /workspace/ros_ws/install/master/share/master/environment/path.dsv
[0.623s] -- Up-to-date symlink: /workspace/ros_ws/install/master/share/master/local_setup.bash
[0.623s] -- Up-to-date symlink: /workspace/ros_ws/install/master/share/master/local_setup.sh
[0.623s] -- Up-to-date symlink: /workspace/ros_ws/install/master/share/master/local_setup.zsh
[0.623s] -- Up-to-date symlink: /workspace/ros_ws/install/master/share/master/local_setup.dsv
[0.623s] -- Symlinking: /workspace/ros_ws/install/master/share/master/package.dsv
[0.637s] -- Up-to-date symlink: /workspace/ros_ws/install/master/share/ament_index/resource_index/packages/master
[0.637s] -- Up-to-date symlink: /workspace/ros_ws/install/master/share/master/cmake/masterConfig.cmake
[0.637s] -- Up-to-date symlink: /workspace/ros_ws/install/master/share/master/cmake/masterConfig-version.cmake
[0.637s] -- Up-to-date symlink: /workspace/ros_ws/install/master/share/master/package.xml
[0.728s] Invoked command in '/workspace/ros_ws/build/master' returned '0': CMAKE_PREFIX_PATH=${CMAKE_PREFIX_PATH}:/workspace/ros_ws/install/sam_bot_description:/workspace/ros_ws/install/nav2_straightline_planner:/workspace/ros_ws/install/nav2_pure_pursuit_controller:/workspace/ros_ws/install/nav2_gps_waypoint_follower_demo:/workspace/ros_ws/install/digit_recognition:/opt/ros/jazzy /usr/bin/cmake --install /workspace/ros_ws/build/master
