[0.027s] Invoking command in '/workspace/ros_ws/build/nav2_straightline_planner': CMAKE_PREFIX_PATH=${CMAKE_PREFIX_PATH}:/workspace/ros_ws/install/sam_bot_description:/workspace/ros_ws/install/nav2_gps_waypoint_follower_demo:/workspace/ros_ws/install/digit_recognition:/opt/ros/jazzy /usr/bin/cmake /workspace/ros_ws/src/nav2_straightline_planner -DCMAKE_INSTALL_PREFIX=/workspace/ros_ws/install/nav2_straightline_planner
[0.612s] -- Found ament_cmake: 2.5.4 (/opt/ros/jazzy/share/ament_cmake/cmake)
[1.032s] -- Override CMake install command with custom implementation using symlinks instead of copying resources
[1.052s] -- Found rclcpp: 28.1.9 (/opt/ros/jazzy/share/rclcpp/cmake)
[1.178s] -- Found rosidl_generator_c: 4.6.5 (/opt/ros/jazzy/share/rosidl_generator_c/cmake)
[1.206s] -- Found rosidl_generator_cpp: 4.6.5 (/opt/ros/jazzy/share/rosidl_generator_cpp/cmake)
[1.248s] -- Using all available rosidl_typesupport_c: rosidl_typesupport_fastrtps_c;rosidl_typesupport_introspection_c
[1.312s] -- Using all available rosidl_typesupport_cpp: rosidl_typesupport_fastrtps_cpp;rosidl_typesupport_introspection_cpp
[1.512s] -- Found rmw_implementation_cmake: 7.3.2 (/opt/ros/jazzy/share/rmw_implementation_cmake/cmake)
[1.513s] -- Found rmw_fastrtps_cpp: 8.4.2 (/opt/ros/jazzy/share/rmw_fastrtps_cpp/cmake)
[1.779s] -- Using RMW implementation 'rmw_fastrtps_cpp' as default
[1.994s] -- Found rclcpp_action: 28.1.9 (/opt/ros/jazzy/share/rclcpp_action/cmake)
[2.146s] -- Found rclcpp_lifecycle: 28.1.9 (/opt/ros/jazzy/share/rclcpp_lifecycle/cmake)
[2.248s] -- Found std_msgs: 5.3.6 (/opt/ros/jazzy/share/std_msgs/cmake)
[2.265s] -- Found visualization_msgs: 5.3.6 (/opt/ros/jazzy/share/visualization_msgs/cmake)
[2.358s] -- Found nav2_util: 1.3.6 (/opt/ros/jazzy/share/nav2_util/cmake)
[2.680s] -- Found eigen3_cmake_module: 0.3.0 (/opt/ros/jazzy/share/eigen3_cmake_module/cmake)
[2.680s] -- Ensuring Eigen3 include directory is part of orocos-kdl CMake target
[2.836s] -- Found nav2_costmap_2d: 1.3.6 (/opt/ros/jazzy/share/nav2_costmap_2d/cmake)
[3.084s] -- Found nav2_core: 1.3.6 (/opt/ros/jazzy/share/nav2_core/cmake)
[3.253s] -- Found ament_lint_auto: 0.17.2 (/opt/ros/jazzy/share/ament_lint_auto/cmake)
[3.606s] -- Added test 'copyright' to check source files copyright and LICENSE
[3.610s] -- Added test 'cppcheck' to perform static code analysis on C / C++ code
[3.613s] -- Configured cppcheck include dirs: /workspace/ros_ws/src/nav2_straightline_planner/include
[3.614s] -- Configured cppcheck exclude dirs and/or files: 
[3.614s] -- Added test 'cpplint' to check C / C++ code against the Google style
[3.615s] -- Configured cpplint exclude dirs and/or files: 
[3.617s] -- Added test 'lint_cmake' to check CMake code style
[3.620s] -- Added test 'uncrustify' to check C / C++ code style
[3.620s] -- Configured uncrustify additional arguments: 
[3.621s] -- Added test 'xmllint' to check XML markup files
[3.630s] -- Configuring done (3.6s)
[3.756s] -- Generating done (0.1s)
[3.781s] -- Build files have been written to: /workspace/ros_ws/build/nav2_straightline_planner
[3.792s] Invoked command in '/workspace/ros_ws/build/nav2_straightline_planner' returned '0': CMAKE_PREFIX_PATH=${CMAKE_PREFIX_PATH}:/workspace/ros_ws/install/sam_bot_description:/workspace/ros_ws/install/nav2_gps_waypoint_follower_demo:/workspace/ros_ws/install/digit_recognition:/opt/ros/jazzy /usr/bin/cmake /workspace/ros_ws/src/nav2_straightline_planner -DCMAKE_INSTALL_PREFIX=/workspace/ros_ws/install/nav2_straightline_planner
[3.792s] Invoking command in '/workspace/ros_ws/build/nav2_straightline_planner': CMAKE_PREFIX_PATH=${CMAKE_PREFIX_PATH}:/workspace/ros_ws/install/sam_bot_description:/workspace/ros_ws/install/nav2_gps_waypoint_follower_demo:/workspace/ros_ws/install/digit_recognition:/opt/ros/jazzy /usr/bin/cmake --build /workspace/ros_ws/build/nav2_straightline_planner -- -j8 -l8
[3.983s] [100%] Built target nav2_straightline_planner_plugin
[4.021s] Invoked command in '/workspace/ros_ws/build/nav2_straightline_planner' returned '0': CMAKE_PREFIX_PATH=${CMAKE_PREFIX_PATH}:/workspace/ros_ws/install/sam_bot_description:/workspace/ros_ws/install/nav2_gps_waypoint_follower_demo:/workspace/ros_ws/install/digit_recognition:/opt/ros/jazzy /usr/bin/cmake --build /workspace/ros_ws/build/nav2_straightline_planner -- -j8 -l8
[4.022s] Invoking command in '/workspace/ros_ws/build/nav2_straightline_planner': CMAKE_PREFIX_PATH=${CMAKE_PREFIX_PATH}:/workspace/ros_ws/install/sam_bot_description:/workspace/ros_ws/install/nav2_gps_waypoint_follower_demo:/workspace/ros_ws/install/digit_recognition:/opt/ros/jazzy /usr/bin/cmake --install /workspace/ros_ws/build/nav2_straightline_planner
[4.055s] -- Install configuration: ""
[4.055s] -- Execute custom install script
[4.058s] -- Up-to-date symlink: /workspace/ros_ws/install/nav2_straightline_planner/share/nav2_straightline_planner//global_planner_plugin.xml
[4.058s] -- Up-to-date symlink: /workspace/ros_ws/install/nav2_straightline_planner/lib/libnav2_straightline_planner_plugin.so
[4.058s] -- Up-to-date symlink: /workspace/ros_ws/install/nav2_straightline_planner/include//nav2_straightline_planner/straight_line_planner.hpp
[4.058s] -- Up-to-date symlink: /workspace/ros_ws/install/nav2_straightline_planner/include//nav2_straightline_planner/straight_line_planner.hpp:Zone.Identifier
[4.058s] -- Up-to-date symlink: /workspace/ros_ws/install/nav2_straightline_planner/share/nav2_straightline_planner/global_planner_plugin.xml
[4.058s] -- Up-to-date symlink: /workspace/ros_ws/install/nav2_straightline_planner/share/nav2_straightline_planner/environment/library_path.sh
[4.058s] -- Up-to-date symlink: /workspace/ros_ws/install/nav2_straightline_planner/share/nav2_straightline_planner/environment/library_path.dsv
[4.058s] -- Up-to-date symlink: /workspace/ros_ws/install/nav2_straightline_planner/share/ament_index/resource_index/package_run_dependencies/nav2_straightline_planner
[4.058s] -- Up-to-date symlink: /workspace/ros_ws/install/nav2_straightline_planner/share/ament_index/resource_index/parent_prefix_path/nav2_straightline_planner
[4.059s] -- Up-to-date symlink: /workspace/ros_ws/install/nav2_straightline_planner/share/nav2_straightline_planner/environment/ament_prefix_path.sh
[4.059s] -- Up-to-date symlink: /workspace/ros_ws/install/nav2_straightline_planner/share/nav2_straightline_planner/environment/ament_prefix_path.dsv
[4.059s] -- Up-to-date symlink: /workspace/ros_ws/install/nav2_straightline_planner/share/nav2_straightline_planner/environment/path.sh
[4.061s] -- Up-to-date symlink: /workspace/ros_ws/install/nav2_straightline_planner/share/nav2_straightline_planner/environment/path.dsv
[4.063s] -- Up-to-date symlink: /workspace/ros_ws/install/nav2_straightline_planner/share/nav2_straightline_planner/local_setup.bash
[4.063s] -- Up-to-date symlink: /workspace/ros_ws/install/nav2_straightline_planner/share/nav2_straightline_planner/local_setup.sh
[4.063s] -- Up-to-date symlink: /workspace/ros_ws/install/nav2_straightline_planner/share/nav2_straightline_planner/local_setup.zsh
[4.064s] -- Up-to-date symlink: /workspace/ros_ws/install/nav2_straightline_planner/share/nav2_straightline_planner/local_setup.dsv
[4.064s] -- Symlinking: /workspace/ros_ws/install/nav2_straightline_planner/share/nav2_straightline_planner/package.dsv
[4.089s] -- Up-to-date symlink: /workspace/ros_ws/install/nav2_straightline_planner/share/ament_index/resource_index/packages/nav2_straightline_planner
[4.089s] -- Up-to-date symlink: /workspace/ros_ws/install/nav2_straightline_planner/share/ament_index/resource_index/nav2_core__pluginlib__plugin/nav2_straightline_planner
[4.089s] -- Up-to-date symlink: /workspace/ros_ws/install/nav2_straightline_planner/share/nav2_straightline_planner/cmake/ament_cmake_export_include_directories-extras.cmake
[4.089s] -- Up-to-date symlink: /workspace/ros_ws/install/nav2_straightline_planner/share/nav2_straightline_planner/cmake/ament_cmake_export_libraries-extras.cmake
[4.091s] -- Up-to-date symlink: /workspace/ros_ws/install/nav2_straightline_planner/share/nav2_straightline_planner/cmake/ament_cmake_export_dependencies-extras.cmake
[4.091s] -- Up-to-date symlink: /workspace/ros_ws/install/nav2_straightline_planner/share/nav2_straightline_planner/cmake/nav2_straightline_plannerConfig.cmake
[4.091s] -- Up-to-date symlink: /workspace/ros_ws/install/nav2_straightline_planner/share/nav2_straightline_planner/cmake/nav2_straightline_plannerConfig-version.cmake
[4.091s] -- Up-to-date symlink: /workspace/ros_ws/install/nav2_straightline_planner/share/nav2_straightline_planner/package.xml
[4.106s] Invoked command in '/workspace/ros_ws/build/nav2_straightline_planner' returned '0': CMAKE_PREFIX_PATH=${CMAKE_PREFIX_PATH}:/workspace/ros_ws/install/sam_bot_description:/workspace/ros_ws/install/nav2_gps_waypoint_follower_demo:/workspace/ros_ws/install/digit_recognition:/opt/ros/jazzy /usr/bin/cmake --install /workspace/ros_ws/build/nav2_straightline_planner
