[0.045s] Invoking command in '/workspace/ros_ws/src/build/ariaNode': CMAKE_PREFIX_PATH=${CMAKE_PREFIX_PATH}:/workspace/ros_ws/src/install/nav2_gps_waypoint_follower_demo:/opt/ros/jazzy /usr/bin/cmake /workspace/ros_ws/src/ariaNode -DCMAKE_INSTALL_PREFIX=/workspace/ros_ws/src/install/ariaNode
[0.458s] -- The C compiler identification is GNU 13.3.0
[0.459s] -- The CXX compiler identification is GNU 13.3.0
[0.459s] -- Detecting C compiler ABI info
[0.459s] -- Detecting C compiler ABI info - done
[0.460s] -- Check for working C compiler: /usr/bin/cc - skipped
[0.460s] -- Detecting C compile features
[0.460s] -- Detecting C compile features - done
[0.460s] -- Detecting CXX compiler ABI info
[0.548s] -- Detecting CXX compiler ABI info - done
[0.562s] -- Check for working CXX compiler: /usr/bin/c++ - skipped
[0.562s] -- Detecting CXX compile features
[0.563s] -- Detecting CXX compile features - done
[0.570s] -- Found ament_cmake: 2.5.3 (/opt/ros/jazzy/share/ament_cmake/cmake)
[0.862s] -- Found Python3: /usr/bin/python3 (found version "3.12.3") found components: Interpreter 
[1.099s] -- Found rclcpp: 28.1.6 (/opt/ros/jazzy/share/rclcpp/cmake)
[1.209s] -- Found rosidl_generator_c: 4.6.5 (/opt/ros/jazzy/share/rosidl_generator_c/cmake)
[1.249s] -- Found rosidl_generator_cpp: 4.6.5 (/opt/ros/jazzy/share/rosidl_generator_cpp/cmake)
[1.291s] -- Using all available rosidl_typesupport_c: rosidl_typesupport_fastrtps_c;rosidl_typesupport_introspection_c
[1.335s] -- Using all available rosidl_typesupport_cpp: rosidl_typesupport_fastrtps_cpp;rosidl_typesupport_introspection_cpp
[1.514s] -- Found rmw_implementation_cmake: 7.3.1 (/opt/ros/jazzy/share/rmw_implementation_cmake/cmake)
[1.522s] -- Found rmw_fastrtps_cpp: 8.4.1 (/opt/ros/jazzy/share/rmw_fastrtps_cpp/cmake)
[1.684s] -- Found OpenSSL: /usr/lib/x86_64-linux-gnu/libcrypto.so (found version "3.0.13")  
[1.718s] -- Found FastRTPS: /opt/ros/jazzy/include (Required is at least version "2.13") 
[1.754s] -- Using RMW implementation 'rmw_fastrtps_cpp' as default
[1.914s] -- Found geometry_msgs: 5.3.5 (/opt/ros/jazzy/share/geometry_msgs/cmake)
[1.974s] [0mThe root directory is /opt/ros/jazzy/share/fastrtps_cmake_module/cmake/Modules[0m
[1.979s] -- Found ament_lint_auto: 0.17.1 (/opt/ros/jazzy/share/ament_lint_auto/cmake)
[2.088s] WARNING: Package name "ariaNode" does not follow the naming conventions. It should start with a lower case letter and only contain lower case letters, digits, underscores, and dashes.
[2.158s] -- Added test 'cppcheck' to perform static code analysis on C / C++ code
[2.159s] -- Configured cppcheck include dirs: 
[2.159s] -- Configured cppcheck exclude dirs and/or files: 
[2.160s] -- Added test 'lint_cmake' to check CMake code style
[2.163s] -- Added test 'uncrustify' to check C / C++ code style
[2.163s] -- Configured uncrustify additional arguments: 
[2.164s] -- Added test 'xmllint' to check XML markup files
[2.166s] -- Configuring done (2.1s)
[2.178s] -- Generating done (0.0s)
[2.185s] -- Build files have been written to: /workspace/ros_ws/src/build/ariaNode
[2.203s] Invoked command in '/workspace/ros_ws/src/build/ariaNode' returned '0': CMAKE_PREFIX_PATH=${CMAKE_PREFIX_PATH}:/workspace/ros_ws/src/install/nav2_gps_waypoint_follower_demo:/opt/ros/jazzy /usr/bin/cmake /workspace/ros_ws/src/ariaNode -DCMAKE_INSTALL_PREFIX=/workspace/ros_ws/src/install/ariaNode
[2.206s] Invoking command in '/workspace/ros_ws/src/build/ariaNode': CMAKE_PREFIX_PATH=${CMAKE_PREFIX_PATH}:/workspace/ros_ws/src/install/nav2_gps_waypoint_follower_demo:/opt/ros/jazzy /usr/bin/cmake --build /workspace/ros_ws/src/build/ariaNode -- -j12 -l12
[2.280s] [ 50%] [32mBuilding CXX object CMakeFiles/ariaNode.dir/src/ariaNode.cpp.o[0m
[13.508s] [100%] [32m[1mLinking CXX executable ariaNode[0m
[13.890s] [100%] Built target ariaNode
[13.908s] Invoked command in '/workspace/ros_ws/src/build/ariaNode' returned '0': CMAKE_PREFIX_PATH=${CMAKE_PREFIX_PATH}:/workspace/ros_ws/src/install/nav2_gps_waypoint_follower_demo:/opt/ros/jazzy /usr/bin/cmake --build /workspace/ros_ws/src/build/ariaNode -- -j12 -l12
[13.910s] Invoking command in '/workspace/ros_ws/src/build/ariaNode': CMAKE_PREFIX_PATH=${CMAKE_PREFIX_PATH}:/workspace/ros_ws/src/install/nav2_gps_waypoint_follower_demo:/opt/ros/jazzy /usr/bin/cmake --install /workspace/ros_ws/src/build/ariaNode
[13.926s] -- Install configuration: ""
[13.926s] -- Installing: /workspace/ros_ws/src/install/ariaNode/lib/ariaNode/ariaNode
[13.930s] -- Set non-toolchain portion of runtime path of "/workspace/ros_ws/src/install/ariaNode/lib/ariaNode/ariaNode" to ""
[13.930s] -- Installing: /workspace/ros_ws/src/install/ariaNode/share/ament_index/resource_index/package_run_dependencies/ariaNode
[13.931s] -- Installing: /workspace/ros_ws/src/install/ariaNode/share/ament_index/resource_index/parent_prefix_path/ariaNode
[13.931s] -- Up-to-date: /workspace/ros_ws/src/install/ariaNode/share/ariaNode/environment/ament_prefix_path.sh
[13.932s] -- Installing: /workspace/ros_ws/src/install/ariaNode/share/ariaNode/environment/ament_prefix_path.dsv
[13.932s] -- Up-to-date: /workspace/ros_ws/src/install/ariaNode/share/ariaNode/environment/path.sh
[13.932s] -- Installing: /workspace/ros_ws/src/install/ariaNode/share/ariaNode/environment/path.dsv
[13.932s] -- Installing: /workspace/ros_ws/src/install/ariaNode/share/ariaNode/local_setup.bash
[13.932s] -- Installing: /workspace/ros_ws/src/install/ariaNode/share/ariaNode/local_setup.sh
[13.932s] -- Installing: /workspace/ros_ws/src/install/ariaNode/share/ariaNode/local_setup.zsh
[13.933s] -- Installing: /workspace/ros_ws/src/install/ariaNode/share/ariaNode/local_setup.dsv
[13.933s] -- Installing: /workspace/ros_ws/src/install/ariaNode/share/ariaNode/package.dsv
[13.934s] -- Installing: /workspace/ros_ws/src/install/ariaNode/share/ament_index/resource_index/packages/ariaNode
[13.934s] -- Installing: /workspace/ros_ws/src/install/ariaNode/share/ariaNode/cmake/ariaNodeConfig.cmake
[13.934s] -- Installing: /workspace/ros_ws/src/install/ariaNode/share/ariaNode/cmake/ariaNodeConfig-version.cmake
[13.935s] -- Up-to-date: /workspace/ros_ws/src/install/ariaNode/share/ariaNode/package.xml
[13.937s] Invoked command in '/workspace/ros_ws/src/build/ariaNode' returned '0': CMAKE_PREFIX_PATH=${CMAKE_PREFIX_PATH}:/workspace/ros_ws/src/install/nav2_gps_waypoint_follower_demo:/opt/ros/jazzy /usr/bin/cmake --install /workspace/ros_ws/src/build/ariaNode
