-- The C compiler identification is GNU 13.3.0
-- The CXX compiler identification is GNU 13.3.0
-- Detecting C compiler ABI info
-- Detecting C compiler ABI info - done
-- Check for working C compiler: /usr/bin/cc - skipped
-- Detecting C compile features
-- Detecting C compile features - done
-- Detecting CXX compiler ABI info
-- Detecting CXX compiler ABI info - done
-- Check for working CXX compiler: /usr/bin/c++ - skipped
-- Detecting CXX compile features
-- Detecting CXX compile features - done
-- Found ament_cmake: 2.5.4 (/opt/ros/jazzy/share/ament_cmake/cmake)
-- Found Python3: /usr/bin/python3 (found version "3.12.3") found components: Interpreter 
-- Override CMake install command with custom implementation using symlinks instead of copying resources
-- Found rclcpp: 28.1.9 (/opt/ros/jazzy/share/rclcpp/cmake)
-- Found rosidl_generator_c: 4.6.5 (/opt/ros/jazzy/share/rosidl_generator_c/cmake)
-- Found rosidl_generator_cpp: 4.6.5 (/opt/ros/jazzy/share/rosidl_generator_cpp/cmake)
-- Using all available rosidl_typesupport_c: rosidl_typesupport_fastrtps_c;rosidl_typesupport_introspection_c
-- Using all available rosidl_typesupport_cpp: rosidl_typesupport_fastrtps_cpp;rosidl_typesupport_introspection_cpp
-- Found rmw_implementation_cmake: 7.3.2 (/opt/ros/jazzy/share/rmw_implementation_cmake/cmake)
-- Found rmw_fastrtps_cpp: 8.4.2 (/opt/ros/jazzy/share/rmw_fastrtps_cpp/cmake)
-- Found OpenSSL: /usr/lib/x86_64-linux-gnu/libcrypto.so (found version "3.0.13")  
-- Found FastRTPS: /opt/ros/jazzy/include (Required is at least version "2.13") 
-- Using RMW implementation 'rmw_fastrtps_cpp' as default
-- Found rclcpp_action: 28.1.9 (/opt/ros/jazzy/share/rclcpp_action/cmake)
-- Found rclcpp_lifecycle: 28.1.9 (/opt/ros/jazzy/share/rclcpp_lifecycle/cmake)
-- Found std_msgs: 5.3.6 (/opt/ros/jazzy/share/std_msgs/cmake)
-- Found visualization_msgs: 5.3.6 (/opt/ros/jazzy/share/visualization_msgs/cmake)
-- Found nav2_util: 1.3.6 (/opt/ros/jazzy/share/nav2_util/cmake)
-- Found eigen3_cmake_module: 0.3.0 (/opt/ros/jazzy/share/eigen3_cmake_module/cmake)
-- Found Eigen3: TRUE (found version "3.4.0") 
-- Ensuring Eigen3 include directory is part of orocos-kdl CMake target
-- Found nav2_costmap_2d: 1.3.6 (/opt/ros/jazzy/share/nav2_costmap_2d/cmake)
-- Found nav2_core: 1.3.6 (/opt/ros/jazzy/share/nav2_core/cmake)
-- Found ament_lint_auto: 0.17.2 (/opt/ros/jazzy/share/ament_lint_auto/cmake)
-- Added test 'copyright' to check source files copyright and LICENSE
-- Added test 'cppcheck' to perform static code analysis on C / C++ code
-- Configured cppcheck include dirs: /workspace/ros_ws/src/nav2_straightline_planner/include
-- Configured cppcheck exclude dirs and/or files: 
-- Added test 'cpplint' to check C / C++ code against the Google style
-- Configured cpplint exclude dirs and/or files: 
-- Added test 'lint_cmake' to check CMake code style
-- Added test 'uncrustify' to check C / C++ code style
-- Configured uncrustify additional arguments: 
-- Added test 'xmllint' to check XML markup files
-- Configuring done (7.0s)
-- Generating done (0.1s)
-- Build files have been written to: /workspace/ros_ws/src/build/nav2_straightline_planner
[ 50%] [32mBuilding CXX object CMakeFiles/nav2_straightline_planner_plugin.dir/src/straight_line_planner.cpp.o[0m
[100%] [32m[1mLinking CXX shared library libnav2_straightline_planner_plugin.so[0m
[100%] Built target nav2_straightline_planner_plugin
-- Install configuration: ""
-- Execute custom install script
-- Symlinking: /workspace/ros_ws/src/install/nav2_straightline_planner/share/nav2_straightline_planner//global_planner_plugin.xml
-- Symlinking: /workspace/ros_ws/src/install/nav2_straightline_planner/lib/libnav2_straightline_planner_plugin.so
-- Symlinking: /workspace/ros_ws/src/install/nav2_straightline_planner/include//nav2_straightline_planner/straight_line_planner.hpp
-- Symlinking: /workspace/ros_ws/src/install/nav2_straightline_planner/include//nav2_straightline_planner/straight_line_planner.hpp:Zone.Identifier
-- Up-to-date symlink: /workspace/ros_ws/src/install/nav2_straightline_planner/share/nav2_straightline_planner/global_planner_plugin.xml
-- Symlinking: /workspace/ros_ws/src/install/nav2_straightline_planner/share/nav2_straightline_planner/environment/library_path.sh
-- Symlinking: /workspace/ros_ws/src/install/nav2_straightline_planner/share/nav2_straightline_planner/environment/library_path.dsv
-- Symlinking: /workspace/ros_ws/src/install/nav2_straightline_planner/share/ament_index/resource_index/package_run_dependencies/nav2_straightline_planner
-- Symlinking: /workspace/ros_ws/src/install/nav2_straightline_planner/share/ament_index/resource_index/parent_prefix_path/nav2_straightline_planner
-- Symlinking: /workspace/ros_ws/src/install/nav2_straightline_planner/share/nav2_straightline_planner/environment/ament_prefix_path.sh
-- Symlinking: /workspace/ros_ws/src/install/nav2_straightline_planner/share/nav2_straightline_planner/environment/ament_prefix_path.dsv
-- Symlinking: /workspace/ros_ws/src/install/nav2_straightline_planner/share/nav2_straightline_planner/environment/path.sh
-- Symlinking: /workspace/ros_ws/src/install/nav2_straightline_planner/share/nav2_straightline_planner/environment/path.dsv
-- Symlinking: /workspace/ros_ws/src/install/nav2_straightline_planner/share/nav2_straightline_planner/local_setup.bash
-- Symlinking: /workspace/ros_ws/src/install/nav2_straightline_planner/share/nav2_straightline_planner/local_setup.sh
-- Symlinking: /workspace/ros_ws/src/install/nav2_straightline_planner/share/nav2_straightline_planner/local_setup.zsh
-- Symlinking: /workspace/ros_ws/src/install/nav2_straightline_planner/share/nav2_straightline_planner/local_setup.dsv
-- Symlinking: /workspace/ros_ws/src/install/nav2_straightline_planner/share/nav2_straightline_planner/package.dsv
-- Symlinking: /workspace/ros_ws/src/install/nav2_straightline_planner/share/ament_index/resource_index/packages/nav2_straightline_planner
-- Symlinking: /workspace/ros_ws/src/install/nav2_straightline_planner/share/ament_index/resource_index/nav2_core__pluginlib__plugin/nav2_straightline_planner
-- Symlinking: /workspace/ros_ws/src/install/nav2_straightline_planner/share/nav2_straightline_planner/cmake/ament_cmake_export_include_directories-extras.cmake
-- Symlinking: /workspace/ros_ws/src/install/nav2_straightline_planner/share/nav2_straightline_planner/cmake/ament_cmake_export_libraries-extras.cmake
-- Symlinking: /workspace/ros_ws/src/install/nav2_straightline_planner/share/nav2_straightline_planner/cmake/ament_cmake_export_dependencies-extras.cmake
-- Symlinking: /workspace/ros_ws/src/install/nav2_straightline_planner/share/nav2_straightline_planner/cmake/nav2_straightline_plannerConfig.cmake
-- Symlinking: /workspace/ros_ws/src/install/nav2_straightline_planner/share/nav2_straightline_planner/cmake/nav2_straightline_plannerConfig-version.cmake
-- Symlinking: /workspace/ros_ws/src/install/nav2_straightline_planner/share/nav2_straightline_planner/package.xml
