[0.072s] Invoking command in '/workspace/ros_ws/src/build/nav2_straightline_planner': CMAKE_PREFIX_PATH=${CMAKE_PREFIX_PATH}:/workspace/ros_ws/install/nav2_gps_waypoint_follower_demo:/workspace/ros_ws/install/digit_recognition:/opt/ros/jazzy /usr/bin/cmake /workspace/ros_ws/src/nav2_straightline_planner -DCMAKE_INSTALL_PREFIX=/workspace/ros_ws/src/install/nav2_straightline_planner
[0.166s] -- Found ament_cmake: 2.5.4 (/opt/ros/jazzy/share/ament_cmake/cmake)
[1.139s] -- Override CMake install command with custom implementation using symlinks instead of copying resources
[1.189s] -- Found rclcpp: 28.1.9 (/opt/ros/jazzy/share/rclcpp/cmake)
[1.294s] -- Found rosidl_generator_c: 4.6.5 (/opt/ros/jazzy/share/rosidl_generator_c/cmake)
[1.336s] -- Found rosidl_generator_cpp: 4.6.5 (/opt/ros/jazzy/share/rosidl_generator_cpp/cmake)
[1.395s] -- Using all available rosidl_typesupport_c: rosidl_typesupport_fastrtps_c;rosidl_typesupport_introspection_c
[1.458s] -- Using all available rosidl_typesupport_cpp: rosidl_typesupport_fastrtps_cpp;rosidl_typesupport_introspection_cpp
[1.809s] -- Found rmw_implementation_cmake: 7.3.2 (/opt/ros/jazzy/share/rmw_implementation_cmake/cmake)
[1.819s] -- Found rmw_fastrtps_cpp: 8.4.2 (/opt/ros/jazzy/share/rmw_fastrtps_cpp/cmake)
[2.039s] -- Using RMW implementation 'rmw_fastrtps_cpp' as default
[2.246s] -- Found rclcpp_action: 28.1.9 (/opt/ros/jazzy/share/rclcpp_action/cmake)
[2.309s] -- Found rclcpp_lifecycle: 28.1.9 (/opt/ros/jazzy/share/rclcpp_lifecycle/cmake)
[2.360s] -- Found std_msgs: 5.3.6 (/opt/ros/jazzy/share/std_msgs/cmake)
[2.391s] -- Found visualization_msgs: 5.3.6 (/opt/ros/jazzy/share/visualization_msgs/cmake)
[2.592s] -- Found nav2_util: 1.3.6 (/opt/ros/jazzy/share/nav2_util/cmake)
[3.129s] -- Found eigen3_cmake_module: 0.3.0 (/opt/ros/jazzy/share/eigen3_cmake_module/cmake)
[3.134s] -- Ensuring Eigen3 include directory is part of orocos-kdl CMake target
[3.482s] -- Found nav2_costmap_2d: 1.3.6 (/opt/ros/jazzy/share/nav2_costmap_2d/cmake)
[3.664s] -- Found nav2_core: 1.3.6 (/opt/ros/jazzy/share/nav2_core/cmake)
[3.885s] -- Found ament_lint_auto: 0.17.2 (/opt/ros/jazzy/share/ament_lint_auto/cmake)
[4.116s] -- Added test 'copyright' to check source files copyright and LICENSE
[4.117s] -- Added test 'cppcheck' to perform static code analysis on C / C++ code
[4.117s] -- Configured cppcheck include dirs: /workspace/ros_ws/src/nav2_straightline_planner/include
[4.117s] -- Configured cppcheck exclude dirs and/or files: 
[4.121s] -- Added test 'cpplint' to check C / C++ code against the Google style
[4.121s] -- Configured cpplint exclude dirs and/or files: 
[4.125s] -- Added test 'lint_cmake' to check CMake code style
[4.125s] -- Added test 'uncrustify' to check C / C++ code style
[4.126s] -- Configured uncrustify additional arguments: 
[4.126s] -- Added test 'xmllint' to check XML markup files
[4.140s] -- Configuring done (4.0s)
[4.280s] -- Generating done (0.1s)
[4.301s] -- Build files have been written to: /workspace/ros_ws/src/build/nav2_straightline_planner
[4.399s] Invoked command in '/workspace/ros_ws/src/build/nav2_straightline_planner' returned '0': CMAKE_PREFIX_PATH=${CMAKE_PREFIX_PATH}:/workspace/ros_ws/install/nav2_gps_waypoint_follower_demo:/workspace/ros_ws/install/digit_recognition:/opt/ros/jazzy /usr/bin/cmake /workspace/ros_ws/src/nav2_straightline_planner -DCMAKE_INSTALL_PREFIX=/workspace/ros_ws/src/install/nav2_straightline_planner
[4.400s] Invoking command in '/workspace/ros_ws/src/build/nav2_straightline_planner': CMAKE_PREFIX_PATH=${CMAKE_PREFIX_PATH}:/workspace/ros_ws/install/nav2_gps_waypoint_follower_demo:/workspace/ros_ws/install/digit_recognition:/opt/ros/jazzy /usr/bin/cmake --build /workspace/ros_ws/src/build/nav2_straightline_planner -- -j8 -l8
[4.637s] [100%] Built target nav2_straightline_planner_plugin
[4.715s] Invoked command in '/workspace/ros_ws/src/build/nav2_straightline_planner' returned '0': CMAKE_PREFIX_PATH=${CMAKE_PREFIX_PATH}:/workspace/ros_ws/install/nav2_gps_waypoint_follower_demo:/workspace/ros_ws/install/digit_recognition:/opt/ros/jazzy /usr/bin/cmake --build /workspace/ros_ws/src/build/nav2_straightline_planner -- -j8 -l8
[4.717s] Invoking command in '/workspace/ros_ws/src/build/nav2_straightline_planner': CMAKE_PREFIX_PATH=${CMAKE_PREFIX_PATH}:/workspace/ros_ws/install/nav2_gps_waypoint_follower_demo:/workspace/ros_ws/install/digit_recognition:/opt/ros/jazzy /usr/bin/cmake --install /workspace/ros_ws/src/build/nav2_straightline_planner
[4.857s] -- Install configuration: ""
[4.858s] -- Execute custom install script
[4.858s] -- Up-to-date symlink: /workspace/ros_ws/src/install/nav2_straightline_planner/share/nav2_straightline_planner//global_planner_plugin.xml
[4.858s] -- Up-to-date symlink: /workspace/ros_ws/src/install/nav2_straightline_planner/lib/libnav2_straightline_planner_plugin.so
[4.858s] -- Up-to-date symlink: /workspace/ros_ws/src/install/nav2_straightline_planner/include//nav2_straightline_planner/straight_line_planner.hpp
[4.858s] -- Up-to-date symlink: /workspace/ros_ws/src/install/nav2_straightline_planner/include//nav2_straightline_planner/straight_line_planner.hpp:Zone.Identifier
[4.859s] -- Up-to-date symlink: /workspace/ros_ws/src/install/nav2_straightline_planner/share/nav2_straightline_planner/global_planner_plugin.xml
[4.860s] -- Up-to-date symlink: /workspace/ros_ws/src/install/nav2_straightline_planner/share/nav2_straightline_planner/environment/library_path.sh
[4.860s] -- Up-to-date symlink: /workspace/ros_ws/src/install/nav2_straightline_planner/share/nav2_straightline_planner/environment/library_path.dsv
[4.860s] -- Up-to-date symlink: /workspace/ros_ws/src/install/nav2_straightline_planner/share/ament_index/resource_index/package_run_dependencies/nav2_straightline_planner
[4.860s] -- Up-to-date symlink: /workspace/ros_ws/src/install/nav2_straightline_planner/share/ament_index/resource_index/parent_prefix_path/nav2_straightline_planner
[4.861s] -- Up-to-date symlink: /workspace/ros_ws/src/install/nav2_straightline_planner/share/nav2_straightline_planner/environment/ament_prefix_path.sh
[4.861s] -- Up-to-date symlink: /workspace/ros_ws/src/install/nav2_straightline_planner/share/nav2_straightline_planner/environment/ament_prefix_path.dsv
[4.861s] -- Up-to-date symlink: /workspace/ros_ws/src/install/nav2_straightline_planner/share/nav2_straightline_planner/environment/path.sh
[4.861s] -- Up-to-date symlink: /workspace/ros_ws/src/install/nav2_straightline_planner/share/nav2_straightline_planner/environment/path.dsv
[4.861s] -- Up-to-date symlink: /workspace/ros_ws/src/install/nav2_straightline_planner/share/nav2_straightline_planner/local_setup.bash
[4.862s] -- Up-to-date symlink: /workspace/ros_ws/src/install/nav2_straightline_planner/share/nav2_straightline_planner/local_setup.sh
[4.862s] -- Up-to-date symlink: /workspace/ros_ws/src/install/nav2_straightline_planner/share/nav2_straightline_planner/local_setup.zsh
[4.862s] -- Up-to-date symlink: /workspace/ros_ws/src/install/nav2_straightline_planner/share/nav2_straightline_planner/local_setup.dsv
[4.862s] -- Symlinking: /workspace/ros_ws/src/install/nav2_straightline_planner/share/nav2_straightline_planner/package.dsv
[4.862s] -- Up-to-date symlink: /workspace/ros_ws/src/install/nav2_straightline_planner/share/ament_index/resource_index/packages/nav2_straightline_planner
[4.862s] -- Up-to-date symlink: /workspace/ros_ws/src/install/nav2_straightline_planner/share/ament_index/resource_index/nav2_core__pluginlib__plugin/nav2_straightline_planner
[4.862s] -- Up-to-date symlink: /workspace/ros_ws/src/install/nav2_straightline_planner/share/nav2_straightline_planner/cmake/ament_cmake_export_include_directories-extras.cmake
[4.862s] -- Up-to-date symlink: /workspace/ros_ws/src/install/nav2_straightline_planner/share/nav2_straightline_planner/cmake/ament_cmake_export_libraries-extras.cmake
[4.862s] -- Up-to-date symlink: /workspace/ros_ws/src/install/nav2_straightline_planner/share/nav2_straightline_planner/cmake/ament_cmake_export_dependencies-extras.cmake
[4.862s] -- Up-to-date symlink: /workspace/ros_ws/src/install/nav2_straightline_planner/share/nav2_straightline_planner/cmake/nav2_straightline_plannerConfig.cmake
[4.863s] -- Up-to-date symlink: /workspace/ros_ws/src/install/nav2_straightline_planner/share/nav2_straightline_planner/cmake/nav2_straightline_plannerConfig-version.cmake
[4.863s] -- Up-to-date symlink: /workspace/ros_ws/src/install/nav2_straightline_planner/share/nav2_straightline_planner/package.xml
[4.863s] Invoked command in '/workspace/ros_ws/src/build/nav2_straightline_planner' returned '0': CMAKE_PREFIX_PATH=${CMAKE_PREFIX_PATH}:/workspace/ros_ws/install/nav2_gps_waypoint_follower_demo:/workspace/ros_ws/install/digit_recognition:/opt/ros/jazzy /usr/bin/cmake --install /workspace/ros_ws/src/build/nav2_straightline_planner
