[0.016s] Invoking command in '/workspace/ros_ws/build/p3at_description': CMAKE_PREFIX_PATH=${CMAKE_PREFIX_PATH}:/opt/ros/jazzy /usr/bin/cmake /workspace/ros_ws/src/p3at_description -DCMAKE_INSTALL_PREFIX=/workspace/ros_ws/install/p3at_description
[0.453s] -- Found ament_cmake: 2.5.4 (/opt/ros/jazzy/share/ament_cmake/cmake)
[0.662s] -- Override CMake install command with custom implementation using symlinks instead of copying resources
[0.684s] -- Found ament_lint_auto: 0.17.2 (/opt/ros/jazzy/share/ament_lint_auto/cmake)
[1.013s] -- Added test 'flake8' to check Python code syntax and style conventions
[1.013s] -- Configured 'flake8' exclude dirs and/or files: 
[1.018s] -- Added test 'lint_cmake' to check CMake code style
[1.026s] -- Added test 'pep257' to check Python code against some of the docstring style conventions in PEP 257
[1.039s] -- Added test 'xmllint' to check XML markup files
[1.039s] -- Configuring done (1.0s)
[1.042s] -- Generating done (0.0s)
[1.047s] -- Build files have been written to: /workspace/ros_ws/build/p3at_description
[1.101s] Invoked command in '/workspace/ros_ws/build/p3at_description' returned '0': CMAKE_PREFIX_PATH=${CMAKE_PREFIX_PATH}:/opt/ros/jazzy /usr/bin/cmake /workspace/ros_ws/src/p3at_description -DCMAKE_INSTALL_PREFIX=/workspace/ros_ws/install/p3at_description
[1.101s] Invoking command in '/workspace/ros_ws/build/p3at_description': CMAKE_PREFIX_PATH=${CMAKE_PREFIX_PATH}:/opt/ros/jazzy /usr/bin/cmake --build /workspace/ros_ws/build/p3at_description -- -j8 -l8
[1.233s] Invoked command in '/workspace/ros_ws/build/p3at_description' returned '0': CMAKE_PREFIX_PATH=${CMAKE_PREFIX_PATH}:/opt/ros/jazzy /usr/bin/cmake --build /workspace/ros_ws/build/p3at_description -- -j8 -l8
[1.234s] Invoking command in '/workspace/ros_ws/build/p3at_description': CMAKE_PREFIX_PATH=${CMAKE_PREFIX_PATH}:/opt/ros/jazzy /usr/bin/cmake --install /workspace/ros_ws/build/p3at_description
[1.249s] -- Install configuration: ""
[1.251s] [33mCMake Warning (dev) at ament_cmake_symlink_install/ament_cmake_symlink_install.cmake:62 (file):
[1.251s]   Policy CMP0009 is not set: FILE GLOB_RECURSE calls should not follow
[1.251s]   symlinks by default.  Run "cmake --help-policy CMP0009" for policy details.
[1.251s]   Use the cmake_policy command to set the policy and suppress this warning.
[1.251s] Call Stack (most recent call first):
[1.252s]   ament_cmake_symlink_install/ament_cmake_symlink_install.cmake:314 (ament_cmake_symlink_install_directory)
[1.252s]   cmake_install.cmake:46 (include)
[1.252s] This warning is for project developers.  Use -Wno-dev to suppress it.
[1.252s] [0m
[1.252s] -- Execute custom install script
[1.252s] -- Up-to-date symlink: /workspace/ros_ws/install/p3at_description/share/p3at_description/launch/build/.built_by
[1.252s] -- Up-to-date symlink: /workspace/ros_ws/install/p3at_description/share/p3at_description/launch/build/COLCON_IGNORE
[1.252s] -- Up-to-date symlink: /workspace/ros_ws/install/p3at_description/share/p3at_description/launch/display.launch.py
[1.252s] -- Up-to-date symlink: /workspace/ros_ws/install/p3at_description/share/p3at_description/launch/ekf_launch.py
[1.252s] -- Up-to-date symlink: /workspace/ros_ws/install/p3at_description/share/p3at_description/launch/install/.colcon_install_layout
[1.252s] -- Up-to-date symlink: /workspace/ros_ws/install/p3at_description/share/p3at_description/launch/install/COLCON_IGNORE
[1.253s] -- Up-to-date symlink: /workspace/ros_ws/install/p3at_description/share/p3at_description/launch/install/_local_setup_util_ps1.py
[1.253s] -- Up-to-date symlink: /workspace/ros_ws/install/p3at_description/share/p3at_description/launch/install/_local_setup_util_sh.py
[1.253s] -- Up-to-date symlink: /workspace/ros_ws/install/p3at_description/share/p3at_description/launch/install/local_setup.bash
[1.253s] -- Up-to-date symlink: /workspace/ros_ws/install/p3at_description/share/p3at_description/launch/install/local_setup.ps1
[1.253s] -- Up-to-date symlink: /workspace/ros_ws/install/p3at_description/share/p3at_description/launch/install/local_setup.sh
[1.253s] -- Up-to-date symlink: /workspace/ros_ws/install/p3at_description/share/p3at_description/launch/install/local_setup.zsh
[1.254s] -- Up-to-date symlink: /workspace/ros_ws/install/p3at_description/share/p3at_description/launch/install/setup.bash
[1.254s] -- Up-to-date symlink: /workspace/ros_ws/install/p3at_description/share/p3at_description/launch/install/setup.ps1
[1.254s] -- Up-to-date symlink: /workspace/ros_ws/install/p3at_description/share/p3at_description/launch/install/setup.sh
[1.254s] -- Up-to-date symlink: /workspace/ros_ws/install/p3at_description/share/p3at_description/launch/install/setup.zsh
[1.254s] -- Up-to-date symlink: /workspace/ros_ws/install/p3at_description/share/p3at_description/launch/log/COLCON_IGNORE
[1.254s] -- Up-to-date symlink: /workspace/ros_ws/install/p3at_description/share/p3at_description/launch/log/build_2025-05-17_10-45-05/events.log
[1.255s] -- Up-to-date symlink: /workspace/ros_ws/install/p3at_description/share/p3at_description/launch/log/build_2025-05-17_10-45-05/logger_all.log
[1.255s] -- Up-to-date symlink: /workspace/ros_ws/install/p3at_description/share/p3at_description/launch/log/latest/events.log
[1.255s] -- Up-to-date symlink: /workspace/ros_ws/install/p3at_description/share/p3at_description/launch/log/latest/logger_all.log
[1.255s] -- Up-to-date symlink: /workspace/ros_ws/install/p3at_description/share/p3at_description/launch/log/latest_build/events.log
[1.255s] -- Up-to-date symlink: /workspace/ros_ws/install/p3at_description/share/p3at_description/launch/log/latest_build/logger_all.log
[1.258s] -- Up-to-date symlink: /workspace/ros_ws/install/p3at_description/share/p3at_description/meshes/Coordinates
[1.258s] -- Up-to-date symlink: /workspace/ros_ws/install/p3at_description/share/p3at_description/meshes/arm_control_box_mesh.dae
[1.258s] -- Up-to-date symlink: /workspace/ros_ws/install/p3at_description/share/p3at_description/meshes/axle.dae
[1.258s] -- Up-to-date symlink: /workspace/ros_ws/install/p3at_description/share/p3at_description/meshes/back_sonar.dae
[1.258s] -- Up-to-date symlink: /workspace/ros_ws/install/p3at_description/share/p3at_description/meshes/back_sonar_mesh.dae
[1.258s] -- Up-to-date symlink: /workspace/ros_ws/install/p3at_description/share/p3at_description/meshes/chassis.dae
[1.258s] -- Up-to-date symlink: /workspace/ros_ws/install/p3at_description/share/p3at_description/meshes/front_sonar.dae
[1.258s] -- Up-to-date symlink: /workspace/ros_ws/install/p3at_description/share/p3at_description/meshes/hokuyo.dae
[1.258s] -- Up-to-date symlink: /workspace/ros_ws/install/p3at_description/share/p3at_description/meshes/hokuyo1.dae
[1.258s] -- Up-to-date symlink: /workspace/ros_ws/install/p3at_description/share/p3at_description/meshes/hokuyo_convex.stl
[1.258s] -- Up-to-date symlink: /workspace/ros_ws/install/p3at_description/share/p3at_description/meshes/kinect.dae
[1.258s] -- Up-to-date symlink: /workspace/ros_ws/install/p3at_description/share/p3at_description/meshes/kinect.tga
[1.259s] -- Up-to-date symlink: /workspace/ros_ws/install/p3at_description/share/p3at_description/meshes/left_hubcap.dae
[1.259s] -- Up-to-date symlink: /workspace/ros_ws/install/p3at_description/share/p3at_description/meshes/left_hubcap_mesh.dae
[1.259s] -- Up-to-date symlink: /workspace/ros_ws/install/p3at_description/share/p3at_description/meshes/p3at_meshes/.svn/all-wcprops
[1.259s] -- Up-to-date symlink: /workspace/ros_ws/install/p3at_description/share/p3at_description/meshes/p3at_meshes/.svn/entries
[1.259s] -- Up-to-date symlink: /workspace/ros_ws/install/p3at_description/share/p3at_description/meshes/p3at_meshes/.svn/prop-base/axle.stl.svn-base
[1.259s] -- Up-to-date symlink: /workspace/ros_ws/install/p3at_description/share/p3at_description/meshes/p3at_meshes/.svn/prop-base/back_sonar.stl.svn-base
[1.259s] -- Up-to-date symlink: /workspace/ros_ws/install/p3at_description/share/p3at_description/meshes/p3at_meshes/.svn/prop-base/chassis.stl.svn-base
[1.259s] -- Up-to-date symlink: /workspace/ros_ws/install/p3at_description/share/p3at_description/meshes/p3at_meshes/.svn/prop-base/front_sonar.stl.svn-base
[1.259s] -- Up-to-date symlink: /workspace/ros_ws/install/p3at_description/share/p3at_description/meshes/p3at_meshes/.svn/prop-base/left_hubcap.stl.svn-base
[1.259s] -- Up-to-date symlink: /workspace/ros_ws/install/p3at_description/share/p3at_description/meshes/p3at_meshes/.svn/prop-base/right_hubcap.stl.svn-base
[1.259s] -- Up-to-date symlink: /workspace/ros_ws/install/p3at_description/share/p3at_description/meshes/p3at_meshes/.svn/prop-base/top.stl.svn-base
[1.259s] -- Up-to-date symlink: /workspace/ros_ws/install/p3at_description/share/p3at_description/meshes/p3at_meshes/.svn/prop-base/wheel.stl.svn-base
[1.259s] -- Up-to-date symlink: /workspace/ros_ws/install/p3at_description/share/p3at_description/meshes/p3at_meshes/.svn/text-base/Coordinates.svn-base
[1.260s] -- Up-to-date symlink: /workspace/ros_ws/install/p3at_description/share/p3at_description/meshes/p3at_meshes/.svn/text-base/axle.stl.svn-base
[1.262s] -- Up-to-date symlink: /workspace/ros_ws/install/p3at_description/share/p3at_description/meshes/p3at_meshes/.svn/text-base/back_sonar.stl.svn-base
[1.262s] -- Up-to-date symlink: /workspace/ros_ws/install/p3at_description/share/p3at_description/meshes/p3at_meshes/.svn/text-base/chassis.stl.svn-base
[1.263s] -- Up-to-date symlink: /workspace/ros_ws/install/p3at_description/share/p3at_description/meshes/p3at_meshes/.svn/text-base/front_sonar.stl.svn-base
[1.263s] -- Up-to-date symlink: /workspace/ros_ws/install/p3at_description/share/p3at_description/meshes/p3at_meshes/.svn/text-base/left_hubcap.stl.svn-base
[1.263s] -- Up-to-date symlink: /workspace/ros_ws/install/p3at_description/share/p3at_description/meshes/p3at_meshes/.svn/text-base/right_hubcap.stl.svn-base
[1.263s] -- Up-to-date symlink: /workspace/ros_ws/install/p3at_description/share/p3at_description/meshes/p3at_meshes/.svn/text-base/top.stl.svn-base
[1.263s] -- Up-to-date symlink: /workspace/ros_ws/install/p3at_description/share/p3at_description/meshes/p3at_meshes/.svn/text-base/wheel.stl.svn-base
[1.263s] -- Up-to-date symlink: /workspace/ros_ws/install/p3at_description/share/p3at_description/meshes/p3at_meshes/Coordinates
[1.263s] -- Up-to-date symlink: /workspace/ros_ws/install/p3at_description/share/p3at_description/meshes/p3at_meshes/axle.dae
[1.263s] -- Up-to-date symlink: /workspace/ros_ws/install/p3at_description/share/p3at_description/meshes/p3at_meshes/axle.stl
[1.263s] -- Up-to-date symlink: /workspace/ros_ws/install/p3at_description/share/p3at_description/meshes/p3at_meshes/back_sonar.dae
[1.264s] -- Up-to-date symlink: /workspace/ros_ws/install/p3at_description/share/p3at_description/meshes/p3at_meshes/back_sonar.stl
[1.264s] -- Up-to-date symlink: /workspace/ros_ws/install/p3at_description/share/p3at_description/meshes/p3at_meshes/chassis.dae
[1.264s] -- Up-to-date symlink: /workspace/ros_ws/install/p3at_description/share/p3at_description/meshes/p3at_meshes/chassis.stl
[1.264s] -- Up-to-date symlink: /workspace/ros_ws/install/p3at_description/share/p3at_description/meshes/p3at_meshes/front_sonar.dae
[1.264s] -- Up-to-date symlink: /workspace/ros_ws/install/p3at_description/share/p3at_description/meshes/p3at_meshes/front_sonar.stl
[1.264s] -- Up-to-date symlink: /workspace/ros_ws/install/p3at_description/share/p3at_description/meshes/p3at_meshes/left_hubcap.dae
[1.264s] -- Up-to-date symlink: /workspace/ros_ws/install/p3at_description/share/p3at_description/meshes/p3at_meshes/left_hubcap.stl
[1.264s] -- Up-to-date symlink: /workspace/ros_ws/install/p3at_description/share/p3at_description/meshes/p3at_meshes/right_hubcap.dae
[1.264s] -- Up-to-date symlink: /workspace/ros_ws/install/p3at_description/share/p3at_description/meshes/p3at_meshes/right_hubcap.stl
[1.264s] -- Up-to-date symlink: /workspace/ros_ws/install/p3at_description/share/p3at_description/meshes/p3at_meshes/top.dae
[1.265s] -- Up-to-date symlink: /workspace/ros_ws/install/p3at_description/share/p3at_description/meshes/p3at_meshes/top.stl
[1.265s] -- Up-to-date symlink: /workspace/ros_ws/install/p3at_description/share/p3at_description/meshes/p3at_meshes/wheel.dae
[1.265s] -- Up-to-date symlink: /workspace/ros_ws/install/p3at_description/share/p3at_description/meshes/p3at_meshes/wheel.stl
[1.265s] -- Up-to-date symlink: /workspace/ros_ws/install/p3at_description/share/p3at_description/meshes/right_hubcap.dae
[1.266s] -- Up-to-date symlink: /workspace/ros_ws/install/p3at_description/share/p3at_description/meshes/suporte_armControl_mesh.dae
[1.266s] -- Up-to-date symlink: /workspace/ros_ws/install/p3at_description/share/p3at_description/meshes/suporte_base_mesh.dae
[1.266s] -- Up-to-date symlink: /workspace/ros_ws/install/p3at_description/share/p3at_description/meshes/suporte_base_mesh2.dae
[1.266s] -- Up-to-date symlink: /workspace/ros_ws/install/p3at_description/share/p3at_description/meshes/suporte_depth_mesh.dae
[1.266s] -- Up-to-date symlink: /workspace/ros_ws/install/p3at_description/share/p3at_description/meshes/suporte_kinect_mesh.dae
[1.266s] -- Up-to-date symlink: /workspace/ros_ws/install/p3at_description/share/p3at_description/meshes/suporte_monitor_mesh.dae
[1.269s] -- Up-to-date symlink: /workspace/ros_ws/install/p3at_description/share/p3at_description/meshes/tampa1_mesh.dae
[1.269s] -- Up-to-date symlink: /workspace/ros_ws/install/p3at_description/share/p3at_description/meshes/tampa2_mesh.dae
[1.269s] -- Up-to-date symlink: /workspace/ros_ws/install/p3at_description/share/p3at_description/meshes/tampa3_mesh.dae
[1.269s] -- Up-to-date symlink: /workspace/ros_ws/install/p3at_description/share/p3at_description/meshes/tampa4_mesh.dae
[1.269s] -- Up-to-date symlink: /workspace/ros_ws/install/p3at_description/share/p3at_description/meshes/top.dae
[1.270s] -- Up-to-date symlink: /workspace/ros_ws/install/p3at_description/share/p3at_description/meshes/tv_mesh.dae
[1.270s] -- Up-to-date symlink: /workspace/ros_ws/install/p3at_description/share/p3at_description/meshes/wheel.dae
[1.270s] [33mCMake Warning (dev) at ament_cmake_symlink_install/ament_cmake_symlink_install.cmake:62 (file):
[1.270s]   Policy CMP0009 is not set: FILE GLOB_RECURSE calls should not follow
[1.270s]   symlinks by default.  Run "cmake --help-policy CMP0009" for policy details.
[1.271s]   Use the cmake_policy command to set the policy and suppress this warning.
[1.271s] Call Stack (most recent call first):
[1.271s]   ament_cmake_symlink_install/ament_cmake_symlink_install.cmake:314 (ament_cmake_symlink_install_directory)
[1.271s]   cmake_install.cmake:46 (include)
[1.271s] This warning is for project developers.  Use -Wno-dev to suppress it.
[1.275s] [0m
[1.275s] -- Up-to-date symlink: /workspace/ros_ws/install/p3at_description/share/p3at_description/urdf/build/.built_by
[1.275s] -- Up-to-date symlink: /workspace/ros_ws/install/p3at_description/share/p3at_description/urdf/build/COLCON_IGNORE
[1.275s] -- Up-to-date symlink: /workspace/ros_ws/install/p3at_description/share/p3at_description/urdf/install/.colcon_install_layout
[1.275s] -- Up-to-date symlink: /workspace/ros_ws/install/p3at_description/share/p3at_description/urdf/install/COLCON_IGNORE
[1.275s] -- Up-to-date symlink: /workspace/ros_ws/install/p3at_description/share/p3at_description/urdf/install/_local_setup_util_ps1.py
[1.277s] -- Up-to-date symlink: /workspace/ros_ws/install/p3at_description/share/p3at_description/urdf/install/_local_setup_util_sh.py
[1.277s] -- Up-to-date symlink: /workspace/ros_ws/install/p3at_description/share/p3at_description/urdf/install/local_setup.bash
[1.279s] -- Up-to-date symlink: /workspace/ros_ws/install/p3at_description/share/p3at_description/urdf/install/local_setup.ps1
[1.279s] -- Up-to-date symlink: /workspace/ros_ws/install/p3at_description/share/p3at_description/urdf/install/local_setup.sh
[1.279s] -- Up-to-date symlink: /workspace/ros_ws/install/p3at_description/share/p3at_description/urdf/install/local_setup.zsh
[1.279s] -- Up-to-date symlink: /workspace/ros_ws/install/p3at_description/share/p3at_description/urdf/install/setup.bash
[1.279s] -- Up-to-date symlink: /workspace/ros_ws/install/p3at_description/share/p3at_description/urdf/install/setup.ps1
[1.279s] -- Up-to-date symlink: /workspace/ros_ws/install/p3at_description/share/p3at_description/urdf/install/setup.sh
[1.284s] -- Up-to-date symlink: /workspace/ros_ws/install/p3at_description/share/p3at_description/urdf/install/setup.zsh
[1.284s] -- Up-to-date symlink: /workspace/ros_ws/install/p3at_description/share/p3at_description/urdf/log/COLCON_IGNORE
[1.285s] -- Up-to-date symlink: /workspace/ros_ws/install/p3at_description/share/p3at_description/urdf/log/build_2025-05-17_11-15-30/events.log
[1.286s] -- Up-to-date symlink: /workspace/ros_ws/install/p3at_description/share/p3at_description/urdf/log/build_2025-05-17_11-15-30/logger_all.log
[1.286s] -- Up-to-date symlink: /workspace/ros_ws/install/p3at_description/share/p3at_description/urdf/log/latest/events.log
[1.287s] -- Up-to-date symlink: /workspace/ros_ws/install/p3at_description/share/p3at_description/urdf/log/latest/logger_all.log
[1.287s] -- Up-to-date symlink: /workspace/ros_ws/install/p3at_description/share/p3at_description/urdf/log/latest_build/events.log
[1.287s] -- Up-to-date symlink: /workspace/ros_ws/install/p3at_description/share/p3at_description/urdf/log/latest_build/logger_all.log
[1.288s] -- Up-to-date symlink: /workspace/ros_ws/install/p3at_description/share/p3at_description/urdf/pioneer.urdf
[1.289s] -- Up-to-date symlink: /workspace/ros_ws/install/p3at_description/share/p3at_description/urdf/pioneer.urdf.xacro
[1.289s] -- Up-to-date symlink: /workspace/ros_ws/install/p3at_description/share/p3at_description/urdf/pioneer1.urdf
[1.289s] -- Up-to-date symlink: /workspace/ros_ws/install/p3at_description/share/p3at_description/world/empty.sdf
[1.289s] -- Up-to-date symlink: /workspace/ros_ws/install/p3at_description/share/p3at_description/rviz/display.rviz
[1.289s] -- Up-to-date symlink: /workspace/ros_ws/install/p3at_description/share/ament_index/resource_index/package_run_dependencies/p3at_description
[1.290s] -- Up-to-date symlink: /workspace/ros_ws/install/p3at_description/share/ament_index/resource_index/parent_prefix_path/p3at_description
[1.290s] -- Up-to-date symlink: /workspace/ros_ws/install/p3at_description/share/p3at_description/environment/ament_prefix_path.sh
[1.290s] -- Up-to-date symlink: /workspace/ros_ws/install/p3at_description/share/p3at_description/environment/ament_prefix_path.dsv
[1.290s] -- Up-to-date symlink: /workspace/ros_ws/install/p3at_description/share/p3at_description/environment/path.sh
[1.290s] -- Up-to-date symlink: /workspace/ros_ws/install/p3at_description/share/p3at_description/environment/path.dsv
[1.291s] -- Up-to-date symlink: /workspace/ros_ws/install/p3at_description/share/p3at_description/local_setup.bash
[1.291s] -- Up-to-date symlink: /workspace/ros_ws/install/p3at_description/share/p3at_description/local_setup.sh
[1.291s] -- Up-to-date symlink: /workspace/ros_ws/install/p3at_description/share/p3at_description/local_setup.zsh
[1.291s] -- Up-to-date symlink: /workspace/ros_ws/install/p3at_description/share/p3at_description/local_setup.dsv
[1.292s] -- Symlinking: /workspace/ros_ws/install/p3at_description/share/p3at_description/package.dsv
[1.330s] -- Up-to-date symlink: /workspace/ros_ws/install/p3at_description/share/ament_index/resource_index/packages/p3at_description
[1.330s] -- Up-to-date symlink: /workspace/ros_ws/install/p3at_description/share/p3at_description/cmake/p3at_descriptionConfig.cmake
[1.331s] -- Up-to-date symlink: /workspace/ros_ws/install/p3at_description/share/p3at_description/cmake/p3at_descriptionConfig-version.cmake
[1.331s] -- Up-to-date symlink: /workspace/ros_ws/install/p3at_description/share/p3at_description/package.xml
[1.338s] Invoked command in '/workspace/ros_ws/build/p3at_description' returned '0': CMAKE_PREFIX_PATH=${CMAKE_PREFIX_PATH}:/opt/ros/jazzy /usr/bin/cmake --install /workspace/ros_ws/build/p3at_description
