[0.021s] Invoking command in '/workspace/ros_ws/src/master/build/master': CMAKE_PREFIX_PATH=${CMAKE_PREFIX_PATH}:/opt/ros/jazzy /usr/bin/cmake --build /workspace/ros_ws/src/master/build/master -- -j12 -l12
[0.055s] -- Found ament_cmake: 2.5.3 (/opt/ros/jazzy/share/ament_cmake/cmake)
[0.384s] -- Found rclcpp_components: 28.1.6 (/opt/ros/jazzy/share/rclcpp_components/cmake)
[0.437s] -- Found rosidl_generator_c: 4.6.5 (/opt/ros/jazzy/share/rosidl_generator_c/cmake)
[0.449s] -- Found rosidl_generator_cpp: 4.6.5 (/opt/ros/jazzy/share/rosidl_generator_cpp/cmake)
[0.466s] -- Using all available rosidl_typesupport_c: rosidl_typesupport_fastrtps_c;rosidl_typesupport_introspection_c
[0.483s] -- Using all available rosidl_typesupport_cpp: rosidl_typesupport_fastrtps_cpp;rosidl_typesupport_introspection_cpp
[0.640s] -- Found rmw_implementation_cmake: 7.3.1 (/opt/ros/jazzy/share/rmw_implementation_cmake/cmake)
[0.642s] -- Found rmw_fastrtps_cpp: 8.4.1 (/opt/ros/jazzy/share/rmw_fastrtps_cpp/cmake)
[0.739s] -- Using RMW implementation 'rmw_fastrtps_cpp' as default
[0.840s] -- Found std_msgs: 5.3.5 (/opt/ros/jazzy/share/std_msgs/cmake)
[0.860s] -- Found geometry_msgs: 5.3.5 (/opt/ros/jazzy/share/geometry_msgs/cmake)
[0.886s] -- Found teleop_twist_joy: 2.6.2 (/opt/ros/jazzy/share/teleop_twist_joy/cmake)
[0.889s] -- Found ament_lint_auto: 0.17.1 (/opt/ros/jazzy/share/ament_lint_auto/cmake)
[1.042s] -- Added test 'cppcheck' to perform static code analysis on C / C++ code
[1.042s] -- Configured cppcheck include dirs: 
[1.042s] -- Configured cppcheck exclude dirs and/or files: 
[1.043s] -- Added test 'flake8' to check Python code syntax and style conventions
[1.044s] -- Configured 'flake8' exclude dirs and/or files: 
[1.046s] -- Added test 'lint_cmake' to check CMake code style
[1.048s] -- Added test 'pep257' to check Python code against some of the docstring style conventions in PEP 257
[1.058s] -- Added test 'uncrustify' to check C / C++ code style
[1.058s] -- Configured uncrustify additional arguments: 
[1.060s] -- Added test 'xmllint' to check XML markup files
[1.061s] -- Configuring done (1.0s)
[1.077s] [31mCMake Error at /opt/ros/jazzy/share/teleop_twist_joy/cmake/export_teleop_twist_joyExport.cmake:61 (set_target_properties):
[1.077s]   The link interface of target "teleop_twist_joy::teleop_twist_joy" contains:
[1.077s] 
[1.077s]     sensor_msgs::sensor_msgs__rosidl_generator_c
[1.077s] 
[1.077s]   but the target was not found.  Possible reasons include:
[1.078s] 
[1.078s]     * There is a typo in the target name.
[1.078s]     * A find_package call is missing for an IMPORTED target.
[1.078s]     * An ALIAS target is missing.
[1.078s] 
[1.078s] Call Stack (most recent call first):
[1.078s]   /opt/ros/jazzy/share/teleop_twist_joy/cmake/ament_cmake_export_targets-extras.cmake:9 (include)
[1.078s]   /opt/ros/jazzy/share/teleop_twist_joy/cmake/teleop_twist_joyConfig.cmake:41 (include)
[1.079s]   CMakeLists.txt:14 (find_package)
[1.079s] 
[1.079s] [0m
[1.079s] -- Generating done (0.0s)
[1.084s] [0mCMake Generate step failed.  Build files cannot be regenerated correctly.[0m
[1.094s] gmake: *** [Makefile:267: cmake_check_build_system] Error 1
[1.096s] Invoked command in '/workspace/ros_ws/src/master/build/master' returned '2': CMAKE_PREFIX_PATH=${CMAKE_PREFIX_PATH}:/opt/ros/jazzy /usr/bin/cmake --build /workspace/ros_ws/src/master/build/master -- -j12 -l12
