-- The C compiler identification is GNU 13.3.0
-- The CXX compiler identification is GNU 13.3.0
-- Detecting C compiler ABI info
-- Detecting C compiler ABI info - done
-- Check for working C compiler: /usr/bin/cc - skipped
-- Detecting C compile features
-- Detecting C compile features - done
-- Detecting CXX compiler ABI info
-- Detecting CXX compiler ABI info - done
-- Check for working CXX compiler: /usr/bin/c++ - skipped
-- Detecting CXX compile features
-- Detecting CXX compile features - done
-- Found ament_cmake: 2.5.3 (/opt/ros/jazzy/share/ament_cmake/cmake)
-- Found Python3: /usr/bin/python3 (found version "3.12.3") found components: Interpreter 
-- Found ament_lint_auto: 0.17.1 (/opt/ros/jazzy/share/ament_lint_auto/cmake)
-- Added test 'cppcheck' to perform static code analysis on C / C++ code
-- Configured cppcheck include dirs: $<BUILD_INTERFACE:/workspace/ros_ws/src/my_package2/include>
-- Configured cppcheck exclude dirs and/or files: 
-- Added test 'flake8' to check Python code syntax and style conventions
-- Configured 'flake8' exclude dirs and/or files: 
-- Added test 'lint_cmake' to check CMake code style
-- Added test 'pep257' to check Python code against some of the docstring style conventions in PEP 257
-- Added test 'uncrustify' to check C / C++ code style
-- Configured uncrustify additional arguments: 
-- Added test 'xmllint' to check XML markup files
-- Configuring done (1.2s)
-- Generating done (0.0s)
-- Build files have been written to: /workspace/ros_ws/build/my_package2
[ 50%] [32mBuilding CXX object CMakeFiles/my_node2.dir/src/my_node2.cpp.o[0m
[100%] [32m[1mLinking CXX executable my_node2[0m
[100%] Built target my_node2
-- Install configuration: ""
-- Installing: /workspace/ros_ws/install/my_package2/lib/my_package2/my_node2
-- Installing: /workspace/ros_ws/install/my_package2/share/ament_index/resource_index/package_run_dependencies/my_package2
-- Installing: /workspace/ros_ws/install/my_package2/share/ament_index/resource_index/parent_prefix_path/my_package2
-- Up-to-date: /workspace/ros_ws/install/my_package2/share/my_package2/environment/ament_prefix_path.sh
-- Installing: /workspace/ros_ws/install/my_package2/share/my_package2/environment/ament_prefix_path.dsv
-- Up-to-date: /workspace/ros_ws/install/my_package2/share/my_package2/environment/path.sh
-- Installing: /workspace/ros_ws/install/my_package2/share/my_package2/environment/path.dsv
-- Installing: /workspace/ros_ws/install/my_package2/share/my_package2/local_setup.bash
-- Installing: /workspace/ros_ws/install/my_package2/share/my_package2/local_setup.sh
-- Installing: /workspace/ros_ws/install/my_package2/share/my_package2/local_setup.zsh
-- Installing: /workspace/ros_ws/install/my_package2/share/my_package2/local_setup.dsv
-- Installing: /workspace/ros_ws/install/my_package2/share/my_package2/package.dsv
-- Installing: /workspace/ros_ws/install/my_package2/share/ament_index/resource_index/packages/my_package2
-- Installing: /workspace/ros_ws/install/my_package2/share/my_package2/cmake/my_package2Config.cmake
-- Installing: /workspace/ros_ws/install/my_package2/share/my_package2/cmake/my_package2Config-version.cmake
-- Up-to-date: /workspace/ros_ws/install/my_package2/share/my_package2/package.xml
