[0.037s] Invoking command in '/workspace/ros_ws/build/my_package2': CMAKE_PREFIX_PATH=${CMAKE_PREFIX_PATH}:/workspace/ros_ws/install/nav2_gps_waypoint_follower_demo:/workspace/ros_ws/src/install/nav2_gps_waypoint_follower_demo:/opt/ros/jazzy /usr/bin/cmake /workspace/ros_ws/src/my_package2 -DCMAKE_INSTALL_PREFIX=/workspace/ros_ws/install/my_package2
[0.122s] -- The C compiler identification is GNU 13.3.0
[0.221s] -- The CXX compiler identification is GNU 13.3.0
[0.241s] -- Detecting C compiler ABI info
[0.365s] -- Detecting C compiler ABI info - done
[0.381s] -- Check for working C compiler: /usr/bin/cc - skipped
[0.382s] -- Detecting C compile features
[0.383s] -- Detecting C compile features - done
[0.398s] -- Detecting CXX compiler ABI info
[0.541s] -- Detecting CXX compiler ABI info - done
[0.558s] -- Check for working CXX compiler: /usr/bin/c++ - skipped
[0.558s] -- Detecting CXX compile features
[0.559s] -- Detecting CXX compile features - done
[0.568s] -- Found ament_cmake: 2.5.3 (/opt/ros/jazzy/share/ament_cmake/cmake)
[0.824s] -- Found Python3: /usr/bin/python3 (found version "3.12.3") found components: Interpreter 
[1.047s] -- Found ament_lint_auto: 0.17.1 (/opt/ros/jazzy/share/ament_lint_auto/cmake)
[1.254s] -- Added test 'cppcheck' to perform static code analysis on C / C++ code
[1.254s] -- Configured cppcheck include dirs: $<BUILD_INTERFACE:/workspace/ros_ws/src/my_package2/include>
[1.254s] -- Configured cppcheck exclude dirs and/or files: 
[1.257s] -- Added test 'flake8' to check Python code syntax and style conventions
[1.257s] -- Configured 'flake8' exclude dirs and/or files: 
[1.260s] -- Added test 'lint_cmake' to check CMake code style
[1.261s] -- Added test 'pep257' to check Python code against some of the docstring style conventions in PEP 257
[1.269s] -- Added test 'uncrustify' to check C / C++ code style
[1.270s] -- Configured uncrustify additional arguments: 
[1.271s] -- Added test 'xmllint' to check XML markup files
[1.274s] -- Configuring done (1.2s)
[1.279s] -- Generating done (0.0s)
[1.282s] -- Build files have been written to: /workspace/ros_ws/build/my_package2
[1.291s] Invoked command in '/workspace/ros_ws/build/my_package2' returned '0': CMAKE_PREFIX_PATH=${CMAKE_PREFIX_PATH}:/workspace/ros_ws/install/nav2_gps_waypoint_follower_demo:/workspace/ros_ws/src/install/nav2_gps_waypoint_follower_demo:/opt/ros/jazzy /usr/bin/cmake /workspace/ros_ws/src/my_package2 -DCMAKE_INSTALL_PREFIX=/workspace/ros_ws/install/my_package2
[1.294s] Invoking command in '/workspace/ros_ws/build/my_package2': CMAKE_PREFIX_PATH=${CMAKE_PREFIX_PATH}:/workspace/ros_ws/install/nav2_gps_waypoint_follower_demo:/workspace/ros_ws/src/install/nav2_gps_waypoint_follower_demo:/opt/ros/jazzy /usr/bin/cmake --build /workspace/ros_ws/build/my_package2 -- -j12 -l12
[1.370s] [ 50%] [32mBuilding CXX object CMakeFiles/my_node2.dir/src/my_node2.cpp.o[0m
[1.409s] [100%] [32m[1mLinking CXX executable my_node2[0m
[1.473s] [100%] Built target my_node2
[1.488s] Invoked command in '/workspace/ros_ws/build/my_package2' returned '0': CMAKE_PREFIX_PATH=${CMAKE_PREFIX_PATH}:/workspace/ros_ws/install/nav2_gps_waypoint_follower_demo:/workspace/ros_ws/src/install/nav2_gps_waypoint_follower_demo:/opt/ros/jazzy /usr/bin/cmake --build /workspace/ros_ws/build/my_package2 -- -j12 -l12
[1.504s] Invoking command in '/workspace/ros_ws/build/my_package2': CMAKE_PREFIX_PATH=${CMAKE_PREFIX_PATH}:/workspace/ros_ws/install/nav2_gps_waypoint_follower_demo:/workspace/ros_ws/src/install/nav2_gps_waypoint_follower_demo:/opt/ros/jazzy /usr/bin/cmake --install /workspace/ros_ws/build/my_package2
[1.514s] -- Install configuration: ""
[1.514s] -- Installing: /workspace/ros_ws/install/my_package2/lib/my_package2/my_node2
[1.514s] -- Installing: /workspace/ros_ws/install/my_package2/share/ament_index/resource_index/package_run_dependencies/my_package2
[1.515s] -- Installing: /workspace/ros_ws/install/my_package2/share/ament_index/resource_index/parent_prefix_path/my_package2
[1.515s] -- Up-to-date: /workspace/ros_ws/install/my_package2/share/my_package2/environment/ament_prefix_path.sh
[1.516s] -- Installing: /workspace/ros_ws/install/my_package2/share/my_package2/environment/ament_prefix_path.dsv
[1.516s] -- Up-to-date: /workspace/ros_ws/install/my_package2/share/my_package2/environment/path.sh
[1.517s] -- Installing: /workspace/ros_ws/install/my_package2/share/my_package2/environment/path.dsv
[1.517s] -- Installing: /workspace/ros_ws/install/my_package2/share/my_package2/local_setup.bash
[1.517s] -- Installing: /workspace/ros_ws/install/my_package2/share/my_package2/local_setup.sh
[1.518s] -- Installing: /workspace/ros_ws/install/my_package2/share/my_package2/local_setup.zsh
[1.518s] -- Installing: /workspace/ros_ws/install/my_package2/share/my_package2/local_setup.dsv
[1.519s] -- Installing: /workspace/ros_ws/install/my_package2/share/my_package2/package.dsv
[1.519s] -- Installing: /workspace/ros_ws/install/my_package2/share/ament_index/resource_index/packages/my_package2
[1.519s] -- Installing: /workspace/ros_ws/install/my_package2/share/my_package2/cmake/my_package2Config.cmake
[1.520s] -- Installing: /workspace/ros_ws/install/my_package2/share/my_package2/cmake/my_package2Config-version.cmake
[1.520s] -- Up-to-date: /workspace/ros_ws/install/my_package2/share/my_package2/package.xml
[1.522s] Invoked command in '/workspace/ros_ws/build/my_package2' returned '0': CMAKE_PREFIX_PATH=${CMAKE_PREFIX_PATH}:/workspace/ros_ws/install/nav2_gps_waypoint_follower_demo:/workspace/ros_ws/src/install/nav2_gps_waypoint_follower_demo:/opt/ros/jazzy /usr/bin/cmake --install /workspace/ros_ws/build/my_package2
