[3.334s] Invoking command in '/workspace/ros_ws/src/build/nav2_gps_waypoint_follower_demo': PYTHONPATH=/workspace/ros_ws/src/build/nav2_gps_waypoint_follower_demo/prefix_override:/usr/lib/python3/dist-packages/colcon_core/task/python/colcon_distutils_commands:/workspace/ros_ws/src/install/nav2_gps_waypoint_follower_demo/lib/python3.12/site-packages:${PYTHONPATH} /usr/bin/python3 -W ignore:setup.py install is deprecated -W ignore:easy_install command is deprecated setup.py develop --editable --build-directory /workspace/ros_ws/src/build/nav2_gps_waypoint_follower_demo/build --no-deps symlink_data --force
[4.642s] running develop
[5.347s] running egg_info
[5.441s] writing nav2_gps_waypoint_follower_demo.egg-info/PKG-INFO
[5.442s] writing dependency_links to nav2_gps_waypoint_follower_demo.egg-info/dependency_links.txt
[5.442s] writing entry points to nav2_gps_waypoint_follower_demo.egg-info/entry_points.txt
[5.442s] writing requirements to nav2_gps_waypoint_follower_demo.egg-info/requires.txt
[5.442s] writing top-level names to nav2_gps_waypoint_follower_demo.egg-info/top_level.txt
[5.532s] reading manifest file 'nav2_gps_waypoint_follower_demo.egg-info/SOURCES.txt'
[5.532s] writing manifest file 'nav2_gps_waypoint_follower_demo.egg-info/SOURCES.txt'
[5.601s] running build_ext
[5.601s] Creating /workspace/ros_ws/src/install/nav2_gps_waypoint_follower_demo/lib/python3.12/site-packages/nav2-gps-waypoint-follower-demo.egg-link (link to .)
[5.613s] Installing gps_waypoint_logger script to /workspace/ros_ws/src/install/nav2_gps_waypoint_follower_demo/lib/nav2_gps_waypoint_follower_demo
[5.613s] Installing interactive_waypoint_follower script to /workspace/ros_ws/src/install/nav2_gps_waypoint_follower_demo/lib/nav2_gps_waypoint_follower_demo
[5.621s] Installing logged_waypoint_follower script to /workspace/ros_ws/src/install/nav2_gps_waypoint_follower_demo/lib/nav2_gps_waypoint_follower_demo
[5.621s] 
[5.621s] Installed /workspace/ros_ws/src/build/nav2_gps_waypoint_follower_demo
[5.621s] running symlink_data
[5.621s] symbolically linking /workspace/ros_ws/src/build/nav2_gps_waypoint_follower_demo/resource/nav2_gps_waypoint_follower_demo -> /workspace/ros_ws/src/install/nav2_gps_waypoint_follower_demo/share/ament_index/resource_index/packages
[5.621s] symbolically linking /workspace/ros_ws/src/build/nav2_gps_waypoint_follower_demo/package.xml -> /workspace/ros_ws/src/install/nav2_gps_waypoint_follower_demo/share/nav2_gps_waypoint_follower_demo
[5.621s] symbolically linking /workspace/ros_ws/src/build/nav2_gps_waypoint_follower_demo/launch/gazebo_gps_world.launch.py -> /workspace/ros_ws/src/install/nav2_gps_waypoint_follower_demo/share/nav2_gps_waypoint_follower_demo/launch
[5.625s] symbolically linking /workspace/ros_ws/src/build/nav2_gps_waypoint_follower_demo/launch/mapviz.launch.py -> /workspace/ros_ws/src/install/nav2_gps_waypoint_follower_demo/share/nav2_gps_waypoint_follower_demo/launch
[5.625s] symbolically linking /workspace/ros_ws/src/build/nav2_gps_waypoint_follower_demo/launch/dual_ekf_navsat.launch.py -> /workspace/ros_ws/src/install/nav2_gps_waypoint_follower_demo/share/nav2_gps_waypoint_follower_demo/launch
[5.628s] symbolically linking /workspace/ros_ws/src/build/nav2_gps_waypoint_follower_demo/launch/gps_waypoint_follower.launch.py -> /workspace/ros_ws/src/install/nav2_gps_waypoint_follower_demo/share/nav2_gps_waypoint_follower_demo/launch
[5.628s] symbolically linking /workspace/ros_ws/src/build/nav2_gps_waypoint_follower_demo/config/dual_ekf_navsat_params.yaml:Zone.Identifier -> /workspace/ros_ws/src/install/nav2_gps_waypoint_follower_demo/share/nav2_gps_waypoint_follower_demo/config
[5.628s] symbolically linking /workspace/ros_ws/src/build/nav2_gps_waypoint_follower_demo/config/gps_wpf_demo.mvc -> /workspace/ros_ws/src/install/nav2_gps_waypoint_follower_demo/share/nav2_gps_waypoint_follower_demo/config
[5.629s] symbolically linking /workspace/ros_ws/src/build/nav2_gps_waypoint_follower_demo/config/gps_wpf_demo.mvc:Zone.Identifier -> /workspace/ros_ws/src/install/nav2_gps_waypoint_follower_demo/share/nav2_gps_waypoint_follower_demo/config
[5.631s] symbolically linking /workspace/ros_ws/src/build/nav2_gps_waypoint_follower_demo/config/demo_waypoints.yaml -> /workspace/ros_ws/src/install/nav2_gps_waypoint_follower_demo/share/nav2_gps_waypoint_follower_demo/config
[5.633s] symbolically linking /workspace/ros_ws/src/build/nav2_gps_waypoint_follower_demo/config/dual_ekf_navsat_params.yaml -> /workspace/ros_ws/src/install/nav2_gps_waypoint_follower_demo/share/nav2_gps_waypoint_follower_demo/config
[5.634s] symbolically linking /workspace/ros_ws/src/build/nav2_gps_waypoint_follower_demo/config/nav2_no_map_params.yaml:Zone.Identifier -> /workspace/ros_ws/src/install/nav2_gps_waypoint_follower_demo/share/nav2_gps_waypoint_follower_demo/config
[5.636s] symbolically linking /workspace/ros_ws/src/build/nav2_gps_waypoint_follower_demo/config/demo_waypoints.yaml:Zone.Identifier -> /workspace/ros_ws/src/install/nav2_gps_waypoint_follower_demo/share/nav2_gps_waypoint_follower_demo/config
[5.636s] symbolically linking /workspace/ros_ws/src/build/nav2_gps_waypoint_follower_demo/config/nav2_no_map_params.yaml -> /workspace/ros_ws/src/install/nav2_gps_waypoint_follower_demo/share/nav2_gps_waypoint_follower_demo/config
[5.637s] symbolically linking /workspace/ros_ws/src/build/nav2_gps_waypoint_follower_demo/urdf/turtlebot3_waffle_gps.urdf -> /workspace/ros_ws/src/install/nav2_gps_waypoint_follower_demo/share/nav2_gps_waypoint_follower_demo/urdf
[5.639s] symbolically linking /workspace/ros_ws/src/build/nav2_gps_waypoint_follower_demo/worlds/sonoma_raceway.world:Zone.Identifier -> /workspace/ros_ws/src/install/nav2_gps_waypoint_follower_demo/share/nav2_gps_waypoint_follower_demo/worlds
[5.639s] symbolically linking /workspace/ros_ws/src/build/nav2_gps_waypoint_follower_demo/worlds/sonoma_raceway.world -> /workspace/ros_ws/src/install/nav2_gps_waypoint_follower_demo/share/nav2_gps_waypoint_follower_demo/worlds
[5.639s] symbolically linking /workspace/ros_ws/src/build/nav2_gps_waypoint_follower_demo/models/turtlebot_waffle_gps/model.sdf -> /workspace/ros_ws/src/install/nav2_gps_waypoint_follower_demo/share/nav2_gps_waypoint_follower_demo/models/turtlebot_waffle_gps
[5.639s] symbolically linking /workspace/ros_ws/src/build/nav2_gps_waypoint_follower_demo/models/turtlebot_waffle_gps/model.config -> /workspace/ros_ws/src/install/nav2_gps_waypoint_follower_demo/share/nav2_gps_waypoint_follower_demo/models/turtlebot_waffle_gps
[5.641s] symbolically linking /workspace/ros_ws/src/build/nav2_gps_waypoint_follower_demo/models/turtlebot_waffle_gps/model.config:Zone.Identifier -> /workspace/ros_ws/src/install/nav2_gps_waypoint_follower_demo/share/nav2_gps_waypoint_follower_demo/models/turtlebot_waffle_gps
[5.667s] symbolically linking /workspace/ros_ws/src/build/nav2_gps_waypoint_follower_demo/models/turtlebot_waffle_gps/model.sdf:Zone.Identifier -> /workspace/ros_ws/src/install/nav2_gps_waypoint_follower_demo/share/nav2_gps_waypoint_follower_demo/models/turtlebot_waffle_gps
[5.975s] Invoked command in '/workspace/ros_ws/src/build/nav2_gps_waypoint_follower_demo' returned '0': PYTHONPATH=/workspace/ros_ws/src/build/nav2_gps_waypoint_follower_demo/prefix_override:/usr/lib/python3/dist-packages/colcon_core/task/python/colcon_distutils_commands:/workspace/ros_ws/src/install/nav2_gps_waypoint_follower_demo/lib/python3.12/site-packages:${PYTHONPATH} /usr/bin/python3 -W ignore:setup.py install is deprecated -W ignore:easy_install command is deprecated setup.py develop --editable --build-directory /workspace/ros_ws/src/build/nav2_gps_waypoint_follower_demo/build --no-deps symlink_data --force
