[0.160s] DEBUG:colcon:Command line arguments: ['/usr/bin/colcon', 'build']
[0.160s] DEBUG:colcon:Parsed command line arguments: Namespace(log_base=None, log_level=None, verb_name='build', build_base='build', install_base='install', merge_install=False, symlink_install=False, test_result_base=None, continue_on_error=False, executor='parallel', parallel_workers=12, event_handlers=None, ignore_user_meta=False, metas=['./colcon.meta'], base_paths=['.'], packages_ignore=None, packages_ignore_regex=None, paths=None, packages_up_to=None, packages_up_to_regex=None, packages_above=None, packages_above_and_dependencies=None, packages_above_depth=None, packages_select_by_dep=None, packages_skip_by_dep=None, packages_skip_up_to=None, packages_select_build_failed=False, packages_skip_build_finished=False, packages_select_test_failures=False, packages_skip_test_passed=False, packages_select=None, packages_skip=None, packages_select_regex=None, packages_skip_regex=None, packages_start=None, packages_end=None, cmake_args=None, cmake_target=None, cmake_target_skip_unavailable=False, cmake_clean_cache=False, cmake_clean_first=False, cmake_force_configure=False, ament_cmake_args=None, catkin_cmake_args=None, catkin_skip_building_tests=False, mixin_files=None, mixin=None, verb_parser=<colcon_mixin.mixin.mixin_argument.MixinArgumentDecorator object at 0x7f1f358911c0>, verb_extension=<colcon_core.verb.build.BuildVerb object at 0x7f1f359f1bb0>, main=<bound method BuildVerb.main of <colcon_core.verb.build.BuildVerb object at 0x7f1f359f1bb0>>, mixin_verb=('build',))
[0.218s] Level 1:colcon.colcon_core.package_discovery:discover_packages(colcon_meta) check parameters
[0.219s] INFO:colcon.colcon_metadata.package_discovery.colcon_meta:Using configuration from '/root/.colcon/metadata/default/Gazebo.meta'
[0.220s] INFO:colcon.colcon_metadata.package_discovery.colcon_meta:Using configuration from '/root/.colcon/metadata/default/fastrtps.meta'
[0.220s] Level 1:colcon.colcon_core.package_discovery:discover_packages(recursive) check parameters
[0.220s] Level 1:colcon.colcon_core.package_discovery:discover_packages(ignore) check parameters
[0.220s] Level 1:colcon.colcon_core.package_discovery:discover_packages(path) check parameters
[0.220s] Level 1:colcon.colcon_core.package_discovery:discover_packages(colcon_meta) discover
[0.220s] Level 1:colcon.colcon_core.package_discovery:discover_packages(recursive) discover
[0.220s] INFO:colcon.colcon_core.package_discovery:Crawling recursively for packages in '/workspace/ros_ws'
[0.220s] Level 1:colcon.colcon_core.package_identification:_identify(.) by extensions ['ignore', 'ignore_ament_install']
[0.220s] Level 1:colcon.colcon_core.package_identification:_identify(.) by extension 'ignore'
[0.220s] Level 1:colcon.colcon_core.package_identification:_identify(.) by extension 'ignore_ament_install'
[0.220s] Level 1:colcon.colcon_core.package_identification:_identify(.) by extensions ['colcon_pkg']
[0.220s] Level 1:colcon.colcon_core.package_identification:_identify(.) by extension 'colcon_pkg'
[0.221s] Level 1:colcon.colcon_core.package_identification:_identify(.) by extensions ['colcon_meta']
[0.221s] Level 1:colcon.colcon_core.package_identification:_identify(.) by extension 'colcon_meta'
[0.221s] Level 1:colcon.colcon_core.package_identification:_identify(.) by extensions ['ros']
[0.221s] Level 1:colcon.colcon_core.package_identification:_identify(.) by extension 'ros'
[0.257s] Level 1:colcon.colcon_core.package_identification:_identify(.) by extensions ['cmake', 'python']
[0.258s] Level 1:colcon.colcon_core.package_identification:_identify(.) by extension 'cmake'
[0.258s] Level 1:colcon.colcon_core.package_identification:_identify(.) by extension 'python'
[0.258s] Level 1:colcon.colcon_core.package_identification:_identify(.) by extensions ['python_setup_py']
[0.258s] Level 1:colcon.colcon_core.package_identification:_identify(.) by extension 'python_setup_py'
[0.258s] Level 1:colcon.colcon_core.package_identification:_identify(build) by extensions ['ignore', 'ignore_ament_install']
[0.258s] Level 1:colcon.colcon_core.package_identification:_identify(build) by extension 'ignore'
[0.258s] Level 1:colcon.colcon_core.package_identification:_identify(build) ignored
[0.258s] Level 1:colcon.colcon_core.package_identification:_identify(install) by extensions ['ignore', 'ignore_ament_install']
[0.259s] Level 1:colcon.colcon_core.package_identification:_identify(install) by extension 'ignore'
[0.259s] Level 1:colcon.colcon_core.package_identification:_identify(install) ignored
[0.259s] Level 1:colcon.colcon_core.package_identification:_identify(log) by extensions ['ignore', 'ignore_ament_install']
[0.259s] Level 1:colcon.colcon_core.package_identification:_identify(log) by extension 'ignore'
[0.259s] Level 1:colcon.colcon_core.package_identification:_identify(log) ignored
[0.259s] Level 1:colcon.colcon_core.package_identification:_identify(src) by extensions ['ignore', 'ignore_ament_install']
[0.259s] Level 1:colcon.colcon_core.package_identification:_identify(src) by extension 'ignore'
[0.260s] Level 1:colcon.colcon_core.package_identification:_identify(src) by extension 'ignore_ament_install'
[0.260s] Level 1:colcon.colcon_core.package_identification:_identify(src) by extensions ['colcon_pkg']
[0.260s] Level 1:colcon.colcon_core.package_identification:_identify(src) by extension 'colcon_pkg'
[0.260s] Level 1:colcon.colcon_core.package_identification:_identify(src) by extensions ['colcon_meta']
[0.260s] Level 1:colcon.colcon_core.package_identification:_identify(src) by extension 'colcon_meta'
[0.260s] Level 1:colcon.colcon_core.package_identification:_identify(src) by extensions ['ros']
[0.260s] Level 1:colcon.colcon_core.package_identification:_identify(src) by extension 'ros'
[0.260s] Level 1:colcon.colcon_core.package_identification:_identify(src) by extensions ['cmake', 'python']
[0.260s] Level 1:colcon.colcon_core.package_identification:_identify(src) by extension 'cmake'
[0.260s] Level 1:colcon.colcon_core.package_identification:_identify(src) by extension 'python'
[0.260s] Level 1:colcon.colcon_core.package_identification:_identify(src) by extensions ['python_setup_py']
[0.260s] Level 1:colcon.colcon_core.package_identification:_identify(src) by extension 'python_setup_py'
[0.260s] Level 1:colcon.colcon_core.package_identification:_identify(src/ariaNode) by extensions ['ignore', 'ignore_ament_install']
[0.260s] Level 1:colcon.colcon_core.package_identification:_identify(src/ariaNode) by extension 'ignore'
[0.260s] Level 1:colcon.colcon_core.package_identification:_identify(src/ariaNode) by extension 'ignore_ament_install'
[0.261s] Level 1:colcon.colcon_core.package_identification:_identify(src/ariaNode) by extensions ['colcon_pkg']
[0.261s] Level 1:colcon.colcon_core.package_identification:_identify(src/ariaNode) by extension 'colcon_pkg'
[0.261s] Level 1:colcon.colcon_core.package_identification:_identify(src/ariaNode) by extensions ['colcon_meta']
[0.261s] Level 1:colcon.colcon_core.package_identification:_identify(src/ariaNode) by extension 'colcon_meta'
[0.261s] Level 1:colcon.colcon_core.package_identification:_identify(src/ariaNode) by extensions ['ros']
[0.261s] Level 1:colcon.colcon_core.package_identification:_identify(src/ariaNode) by extension 'ros'
[0.266s] DEBUG:colcon.colcon_core.package_identification:Package 'src/ariaNode' with type 'ros.ament_cmake' and name 'ariaNode'
[0.267s] Level 1:colcon.colcon_core.package_identification:_identify(src/build) by extensions ['ignore', 'ignore_ament_install']
[0.267s] Level 1:colcon.colcon_core.package_identification:_identify(src/build) by extension 'ignore'
[0.267s] Level 1:colcon.colcon_core.package_identification:_identify(src/build) ignored
[0.267s] Level 1:colcon.colcon_core.package_identification:_identify(src/install) by extensions ['ignore', 'ignore_ament_install']
[0.267s] Level 1:colcon.colcon_core.package_identification:_identify(src/install) by extension 'ignore'
[0.267s] Level 1:colcon.colcon_core.package_identification:_identify(src/install) ignored
[0.267s] Level 1:colcon.colcon_core.package_identification:_identify(src/log) by extensions ['ignore', 'ignore_ament_install']
[0.267s] Level 1:colcon.colcon_core.package_identification:_identify(src/log) by extension 'ignore'
[0.267s] Level 1:colcon.colcon_core.package_identification:_identify(src/log) ignored
[0.267s] Level 1:colcon.colcon_core.package_identification:_identify(src/master) by extensions ['ignore', 'ignore_ament_install']
[0.267s] Level 1:colcon.colcon_core.package_identification:_identify(src/master) by extension 'ignore'
[0.268s] Level 1:colcon.colcon_core.package_identification:_identify(src/master) by extension 'ignore_ament_install'
[0.268s] Level 1:colcon.colcon_core.package_identification:_identify(src/master) by extensions ['colcon_pkg']
[0.268s] Level 1:colcon.colcon_core.package_identification:_identify(src/master) by extension 'colcon_pkg'
[0.268s] Level 1:colcon.colcon_core.package_identification:_identify(src/master) by extensions ['colcon_meta']
[0.268s] Level 1:colcon.colcon_core.package_identification:_identify(src/master) by extension 'colcon_meta'
[0.268s] Level 1:colcon.colcon_core.package_identification:_identify(src/master) by extensions ['ros']
[0.268s] Level 1:colcon.colcon_core.package_identification:_identify(src/master) by extension 'ros'
[0.269s] DEBUG:colcon.colcon_core.package_identification:Package 'src/master' with type 'ros.ament_cmake' and name 'master'
[0.269s] Level 1:colcon.colcon_core.package_identification:_identify(src/my_package2) by extensions ['ignore', 'ignore_ament_install']
[0.269s] Level 1:colcon.colcon_core.package_identification:_identify(src/my_package2) by extension 'ignore'
[0.269s] Level 1:colcon.colcon_core.package_identification:_identify(src/my_package2) by extension 'ignore_ament_install'
[0.269s] Level 1:colcon.colcon_core.package_identification:_identify(src/my_package2) by extensions ['colcon_pkg']
[0.269s] Level 1:colcon.colcon_core.package_identification:_identify(src/my_package2) by extension 'colcon_pkg'
[0.269s] Level 1:colcon.colcon_core.package_identification:_identify(src/my_package2) by extensions ['colcon_meta']
[0.269s] Level 1:colcon.colcon_core.package_identification:_identify(src/my_package2) by extension 'colcon_meta'
[0.269s] Level 1:colcon.colcon_core.package_identification:_identify(src/my_package2) by extensions ['ros']
[0.269s] Level 1:colcon.colcon_core.package_identification:_identify(src/my_package2) by extension 'ros'
[0.270s] DEBUG:colcon.colcon_core.package_identification:Package 'src/my_package2' with type 'ros.ament_cmake' and name 'my_package2'
[0.270s] Level 1:colcon.colcon_core.package_identification:_identify(src/nav2_gps_waypoint_follower_demo) by extensions ['ignore', 'ignore_ament_install']
[0.270s] Level 1:colcon.colcon_core.package_identification:_identify(src/nav2_gps_waypoint_follower_demo) by extension 'ignore'
[0.270s] Level 1:colcon.colcon_core.package_identification:_identify(src/nav2_gps_waypoint_follower_demo) by extension 'ignore_ament_install'
[0.270s] Level 1:colcon.colcon_core.package_identification:_identify(src/nav2_gps_waypoint_follower_demo) by extensions ['colcon_pkg']
[0.270s] Level 1:colcon.colcon_core.package_identification:_identify(src/nav2_gps_waypoint_follower_demo) by extension 'colcon_pkg'
[0.270s] Level 1:colcon.colcon_core.package_identification:_identify(src/nav2_gps_waypoint_follower_demo) by extensions ['colcon_meta']
[0.270s] Level 1:colcon.colcon_core.package_identification:_identify(src/nav2_gps_waypoint_follower_demo) by extension 'colcon_meta'
[0.270s] Level 1:colcon.colcon_core.package_identification:_identify(src/nav2_gps_waypoint_follower_demo) by extensions ['ros']
[0.270s] Level 1:colcon.colcon_core.package_identification:_identify(src/nav2_gps_waypoint_follower_demo) by extension 'ros'
[0.271s] DEBUG:colcon.colcon_core.package_identification:Package 'src/nav2_gps_waypoint_follower_demo' with type 'ros.ament_python' and name 'nav2_gps_waypoint_follower_demo'
[0.271s] Level 1:colcon.colcon_core.package_discovery:discover_packages(recursive) using defaults
[0.271s] Level 1:colcon.colcon_core.package_discovery:discover_packages(ignore) discover
[0.272s] Level 1:colcon.colcon_core.package_discovery:discover_packages(ignore) using defaults
[0.272s] Level 1:colcon.colcon_core.package_discovery:discover_packages(path) discover
[0.272s] Level 1:colcon.colcon_core.package_discovery:discover_packages(path) using defaults
[0.309s] Level 5:colcon.colcon_core.verb:set package 'ariaNode' build argument 'cmake_args' from command line to 'None'
[0.309s] Level 5:colcon.colcon_core.verb:set package 'ariaNode' build argument 'cmake_target' from command line to 'None'
[0.310s] Level 5:colcon.colcon_core.verb:set package 'ariaNode' build argument 'cmake_target_skip_unavailable' from command line to 'False'
[0.310s] Level 5:colcon.colcon_core.verb:set package 'ariaNode' build argument 'cmake_clean_cache' from command line to 'False'
[0.310s] Level 5:colcon.colcon_core.verb:set package 'ariaNode' build argument 'cmake_clean_first' from command line to 'False'
[0.310s] Level 5:colcon.colcon_core.verb:set package 'ariaNode' build argument 'cmake_force_configure' from command line to 'False'
[0.310s] Level 5:colcon.colcon_core.verb:set package 'ariaNode' build argument 'ament_cmake_args' from command line to 'None'
[0.310s] Level 5:colcon.colcon_core.verb:set package 'ariaNode' build argument 'catkin_cmake_args' from command line to 'None'
[0.310s] Level 5:colcon.colcon_core.verb:set package 'ariaNode' build argument 'catkin_skip_building_tests' from command line to 'False'
[0.310s] DEBUG:colcon.colcon_core.verb:Building package 'ariaNode' with the following arguments: {'ament_cmake_args': None, 'build_base': '/workspace/ros_ws/build/ariaNode', 'catkin_cmake_args': None, 'catkin_skip_building_tests': False, 'cmake_args': None, 'cmake_clean_cache': False, 'cmake_clean_first': False, 'cmake_force_configure': False, 'cmake_target': None, 'cmake_target_skip_unavailable': False, 'install_base': '/workspace/ros_ws/install/ariaNode', 'merge_install': False, 'path': '/workspace/ros_ws/src/ariaNode', 'symlink_install': False, 'test_result_base': None}
[0.310s] Level 5:colcon.colcon_core.verb:set package 'master' build argument 'cmake_args' from command line to 'None'
[0.310s] Level 5:colcon.colcon_core.verb:set package 'master' build argument 'cmake_target' from command line to 'None'
[0.310s] Level 5:colcon.colcon_core.verb:set package 'master' build argument 'cmake_target_skip_unavailable' from command line to 'False'
[0.310s] Level 5:colcon.colcon_core.verb:set package 'master' build argument 'cmake_clean_cache' from command line to 'False'
[0.310s] Level 5:colcon.colcon_core.verb:set package 'master' build argument 'cmake_clean_first' from command line to 'False'
[0.310s] Level 5:colcon.colcon_core.verb:set package 'master' build argument 'cmake_force_configure' from command line to 'False'
[0.310s] Level 5:colcon.colcon_core.verb:set package 'master' build argument 'ament_cmake_args' from command line to 'None'
[0.310s] Level 5:colcon.colcon_core.verb:set package 'master' build argument 'catkin_cmake_args' from command line to 'None'
[0.310s] Level 5:colcon.colcon_core.verb:set package 'master' build argument 'catkin_skip_building_tests' from command line to 'False'
[0.310s] DEBUG:colcon.colcon_core.verb:Building package 'master' with the following arguments: {'ament_cmake_args': None, 'build_base': '/workspace/ros_ws/build/master', 'catkin_cmake_args': None, 'catkin_skip_building_tests': False, 'cmake_args': None, 'cmake_clean_cache': False, 'cmake_clean_first': False, 'cmake_force_configure': False, 'cmake_target': None, 'cmake_target_skip_unavailable': False, 'install_base': '/workspace/ros_ws/install/master', 'merge_install': False, 'path': '/workspace/ros_ws/src/master', 'symlink_install': False, 'test_result_base': None}
[0.311s] Level 5:colcon.colcon_core.verb:set package 'my_package2' build argument 'cmake_args' from command line to 'None'
[0.311s] Level 5:colcon.colcon_core.verb:set package 'my_package2' build argument 'cmake_target' from command line to 'None'
[0.311s] Level 5:colcon.colcon_core.verb:set package 'my_package2' build argument 'cmake_target_skip_unavailable' from command line to 'False'
[0.311s] Level 5:colcon.colcon_core.verb:set package 'my_package2' build argument 'cmake_clean_cache' from command line to 'False'
[0.311s] Level 5:colcon.colcon_core.verb:set package 'my_package2' build argument 'cmake_clean_first' from command line to 'False'
[0.311s] Level 5:colcon.colcon_core.verb:set package 'my_package2' build argument 'cmake_force_configure' from command line to 'False'
[0.311s] Level 5:colcon.colcon_core.verb:set package 'my_package2' build argument 'ament_cmake_args' from command line to 'None'
[0.311s] Level 5:colcon.colcon_core.verb:set package 'my_package2' build argument 'catkin_cmake_args' from command line to 'None'
[0.311s] Level 5:colcon.colcon_core.verb:set package 'my_package2' build argument 'catkin_skip_building_tests' from command line to 'False'
[0.311s] DEBUG:colcon.colcon_core.verb:Building package 'my_package2' with the following arguments: {'ament_cmake_args': None, 'build_base': '/workspace/ros_ws/build/my_package2', 'catkin_cmake_args': None, 'catkin_skip_building_tests': False, 'cmake_args': None, 'cmake_clean_cache': False, 'cmake_clean_first': False, 'cmake_force_configure': False, 'cmake_target': None, 'cmake_target_skip_unavailable': False, 'install_base': '/workspace/ros_ws/install/my_package2', 'merge_install': False, 'path': '/workspace/ros_ws/src/my_package2', 'symlink_install': False, 'test_result_base': None}
[0.311s] Level 5:colcon.colcon_core.verb:set package 'nav2_gps_waypoint_follower_demo' build argument 'cmake_args' from command line to 'None'
[0.312s] Level 5:colcon.colcon_core.verb:set package 'nav2_gps_waypoint_follower_demo' build argument 'cmake_target' from command line to 'None'
[0.312s] Level 5:colcon.colcon_core.verb:set package 'nav2_gps_waypoint_follower_demo' build argument 'cmake_target_skip_unavailable' from command line to 'False'
[0.312s] Level 5:colcon.colcon_core.verb:set package 'nav2_gps_waypoint_follower_demo' build argument 'cmake_clean_cache' from command line to 'False'
[0.312s] Level 5:colcon.colcon_core.verb:set package 'nav2_gps_waypoint_follower_demo' build argument 'cmake_clean_first' from command line to 'False'
[0.312s] Level 5:colcon.colcon_core.verb:set package 'nav2_gps_waypoint_follower_demo' build argument 'cmake_force_configure' from command line to 'False'
[0.312s] Level 5:colcon.colcon_core.verb:set package 'nav2_gps_waypoint_follower_demo' build argument 'ament_cmake_args' from command line to 'None'
[0.312s] Level 5:colcon.colcon_core.verb:set package 'nav2_gps_waypoint_follower_demo' build argument 'catkin_cmake_args' from command line to 'None'
[0.312s] Level 5:colcon.colcon_core.verb:set package 'nav2_gps_waypoint_follower_demo' build argument 'catkin_skip_building_tests' from command line to 'False'
[0.312s] DEBUG:colcon.colcon_core.verb:Building package 'nav2_gps_waypoint_follower_demo' with the following arguments: {'ament_cmake_args': None, 'build_base': '/workspace/ros_ws/build/nav2_gps_waypoint_follower_demo', 'catkin_cmake_args': None, 'catkin_skip_building_tests': False, 'cmake_args': None, 'cmake_clean_cache': False, 'cmake_clean_first': False, 'cmake_force_configure': False, 'cmake_target': None, 'cmake_target_skip_unavailable': False, 'install_base': '/workspace/ros_ws/install/nav2_gps_waypoint_follower_demo', 'merge_install': False, 'path': '/workspace/ros_ws/src/nav2_gps_waypoint_follower_demo', 'symlink_install': False, 'test_result_base': None}
[0.312s] INFO:colcon.colcon_core.executor:Executing jobs using 'parallel' executor
[0.313s] DEBUG:colcon.colcon_parallel_executor.executor.parallel:run_until_complete
[0.313s] INFO:colcon.colcon_ros.task.ament_cmake.build:Building ROS package in '/workspace/ros_ws/src/ariaNode' with build type 'ament_cmake'
[0.314s] INFO:colcon.colcon_cmake.task.cmake.build:Building CMake package in '/workspace/ros_ws/src/ariaNode'
[0.316s] INFO:colcon.colcon_core.plugin_system:Skipping extension 'colcon_core.shell.bat': Not used on non-Windows systems
[0.316s] INFO:colcon.colcon_core.shell:Skip shell extension 'powershell' for command environment: Not usable outside of PowerShell
[0.317s] DEBUG:colcon.colcon_core.shell:Skip shell extension 'dsv' for command environment
[0.323s] INFO:colcon.colcon_ros.task.ament_cmake.build:Building ROS package in '/workspace/ros_ws/src/master' with build type 'ament_cmake'
[0.323s] INFO:colcon.colcon_cmake.task.cmake.build:Building CMake package in '/workspace/ros_ws/src/master'
[0.323s] INFO:colcon.colcon_core.shell:Skip shell extension 'powershell' for command environment: Not usable outside of PowerShell
[0.324s] DEBUG:colcon.colcon_core.shell:Skip shell extension 'dsv' for command environment
[0.329s] INFO:colcon.colcon_ros.task.ament_cmake.build:Building ROS package in '/workspace/ros_ws/src/my_package2' with build type 'ament_cmake'
[0.329s] INFO:colcon.colcon_cmake.task.cmake.build:Building CMake package in '/workspace/ros_ws/src/my_package2'
[0.329s] INFO:colcon.colcon_core.shell:Skip shell extension 'powershell' for command environment: Not usable outside of PowerShell
[0.329s] DEBUG:colcon.colcon_core.shell:Skip shell extension 'dsv' for command environment
[0.336s] INFO:colcon.colcon_ros.task.ament_python.build:Building ROS package in '/workspace/ros_ws/src/nav2_gps_waypoint_follower_demo' with build type 'ament_python'
[0.336s] Level 1:colcon.colcon_core.shell:create_environment_hook('nav2_gps_waypoint_follower_demo', 'ament_prefix_path')
[0.339s] INFO:colcon.colcon_core.shell:Creating environment hook '/workspace/ros_ws/install/nav2_gps_waypoint_follower_demo/share/nav2_gps_waypoint_follower_demo/hook/ament_prefix_path.ps1'
[0.341s] INFO:colcon.colcon_core.shell:Creating environment descriptor '/workspace/ros_ws/install/nav2_gps_waypoint_follower_demo/share/nav2_gps_waypoint_follower_demo/hook/ament_prefix_path.dsv'
[0.342s] INFO:colcon.colcon_core.shell:Creating environment hook '/workspace/ros_ws/install/nav2_gps_waypoint_follower_demo/share/nav2_gps_waypoint_follower_demo/hook/ament_prefix_path.sh'
[0.343s] INFO:colcon.colcon_core.shell:Skip shell extension 'powershell' for command environment: Not usable outside of PowerShell
[0.344s] DEBUG:colcon.colcon_core.shell:Skip shell extension 'dsv' for command environment
[0.355s] DEBUG:colcon.colcon_core.event_handler.log_command:Invoking command in '/workspace/ros_ws/build/ariaNode': CMAKE_PREFIX_PATH=${CMAKE_PREFIX_PATH}:/workspace/ros_ws/src/install/nav2_gps_waypoint_follower_demo:/opt/ros/jazzy /usr/bin/cmake /workspace/ros_ws/src/ariaNode -DCMAKE_INSTALL_PREFIX=/workspace/ros_ws/install/ariaNode
[0.370s] DEBUG:colcon.colcon_core.event_handler.log_command:Invoking command in '/workspace/ros_ws/build/master': CMAKE_PREFIX_PATH=${CMAKE_PREFIX_PATH}:/workspace/ros_ws/src/install/nav2_gps_waypoint_follower_demo:/opt/ros/jazzy /usr/bin/cmake /workspace/ros_ws/src/master -DCMAKE_INSTALL_PREFIX=/workspace/ros_ws/install/master
[0.376s] DEBUG:colcon.colcon_core.event_handler.log_command:Invoking command in '/workspace/ros_ws/build/my_package2': CMAKE_PREFIX_PATH=${CMAKE_PREFIX_PATH}:/workspace/ros_ws/src/install/nav2_gps_waypoint_follower_demo:/opt/ros/jazzy /usr/bin/cmake /workspace/ros_ws/src/my_package2 -DCMAKE_INSTALL_PREFIX=/workspace/ros_ws/install/my_package2
[0.732s] INFO:colcon.colcon_core.task.python.build:Building Python package in '/workspace/ros_ws/src/nav2_gps_waypoint_follower_demo'
[0.733s] INFO:colcon.colcon_core.shell:Skip shell extension 'powershell' for command environment: Not usable outside of PowerShell
[0.733s] DEBUG:colcon.colcon_core.shell:Skip shell extension 'dsv' for command environment
[1.670s] DEBUG:colcon.colcon_core.event_handler.log_command:Invoked command in '/workspace/ros_ws/build/my_package2' returned '0': CMAKE_PREFIX_PATH=${CMAKE_PREFIX_PATH}:/workspace/ros_ws/src/install/nav2_gps_waypoint_follower_demo:/opt/ros/jazzy /usr/bin/cmake /workspace/ros_ws/src/my_package2 -DCMAKE_INSTALL_PREFIX=/workspace/ros_ws/install/my_package2
[1.672s] DEBUG:colcon.colcon_core.event_handler.log_command:Invoking command in '/workspace/ros_ws/build/my_package2': CMAKE_PREFIX_PATH=${CMAKE_PREFIX_PATH}:/workspace/ros_ws/src/install/nav2_gps_waypoint_follower_demo:/opt/ros/jazzy /usr/bin/cmake --build /workspace/ros_ws/build/my_package2 -- -j12 -l12
[1.695s] DEBUG:colcon.colcon_core.event_handler.log_command:Invoking command in '/workspace/ros_ws/src/nav2_gps_waypoint_follower_demo': PYTHONPATH=/workspace/ros_ws/build/nav2_gps_waypoint_follower_demo/prefix_override:/usr/lib/python3/dist-packages/colcon_core/task/python/colcon_distutils_commands:/workspace/ros_ws/install/nav2_gps_waypoint_follower_demo/lib/python3.12/site-packages:${PYTHONPATH} /usr/bin/python3 -W ignore:setup.py install is deprecated -W ignore:easy_install command is deprecated setup.py egg_info --egg-base ../../build/nav2_gps_waypoint_follower_demo build --build-base /workspace/ros_ws/build/nav2_gps_waypoint_follower_demo/build install --record /workspace/ros_ws/build/nav2_gps_waypoint_follower_demo/install.log --single-version-externally-managed install_data
[1.853s] DEBUG:colcon.colcon_core.event_handler.log_command:Invoked command in '/workspace/ros_ws/build/my_package2' returned '0': CMAKE_PREFIX_PATH=${CMAKE_PREFIX_PATH}:/workspace/ros_ws/src/install/nav2_gps_waypoint_follower_demo:/opt/ros/jazzy /usr/bin/cmake --build /workspace/ros_ws/build/my_package2 -- -j12 -l12
[1.866s] DEBUG:colcon.colcon_core.event_handler.log_command:Invoking command in '/workspace/ros_ws/build/my_package2': CMAKE_PREFIX_PATH=${CMAKE_PREFIX_PATH}:/workspace/ros_ws/src/install/nav2_gps_waypoint_follower_demo:/opt/ros/jazzy /usr/bin/cmake --install /workspace/ros_ws/build/my_package2
[1.883s] Level 1:colcon.colcon_core.environment:create_environment_scripts_only(my_package2)
[1.884s] DEBUG:colcon.colcon_core.event_handler.log_command:Invoked command in '/workspace/ros_ws/build/my_package2' returned '0': CMAKE_PREFIX_PATH=${CMAKE_PREFIX_PATH}:/workspace/ros_ws/src/install/nav2_gps_waypoint_follower_demo:/opt/ros/jazzy /usr/bin/cmake --install /workspace/ros_ws/build/my_package2
[1.886s] Level 1:colcon.colcon_core.environment:checking '/workspace/ros_ws/install/my_package2' for CMake module files
[1.888s] Level 1:colcon.colcon_core.environment:checking '/workspace/ros_ws/install/my_package2' for CMake config files
[1.888s] Level 1:colcon.colcon_core.shell:create_environment_hook('my_package2', 'cmake_prefix_path')
[1.888s] INFO:colcon.colcon_core.shell:Creating environment hook '/workspace/ros_ws/install/my_package2/share/my_package2/hook/cmake_prefix_path.ps1'
[1.889s] INFO:colcon.colcon_core.shell:Creating environment descriptor '/workspace/ros_ws/install/my_package2/share/my_package2/hook/cmake_prefix_path.dsv'
[1.889s] INFO:colcon.colcon_core.shell:Creating environment hook '/workspace/ros_ws/install/my_package2/share/my_package2/hook/cmake_prefix_path.sh'
[1.890s] Level 1:colcon.colcon_core.environment:checking '/workspace/ros_ws/install/my_package2/lib'
[1.891s] Level 1:colcon.colcon_core.environment:checking '/workspace/ros_ws/install/my_package2/bin'
[1.891s] Level 1:colcon.colcon_core.environment:checking '/workspace/ros_ws/install/my_package2/lib/pkgconfig/my_package2.pc'
[1.891s] Level 1:colcon.colcon_core.environment:checking '/workspace/ros_ws/install/my_package2/lib/python3.12/site-packages'
[1.892s] Level 1:colcon.colcon_core.environment:checking '/workspace/ros_ws/install/my_package2/bin'
[1.892s] INFO:colcon.colcon_core.shell:Creating package script '/workspace/ros_ws/install/my_package2/share/my_package2/package.ps1'
[1.894s] INFO:colcon.colcon_core.shell:Creating package descriptor '/workspace/ros_ws/install/my_package2/share/my_package2/package.dsv'
[1.895s] INFO:colcon.colcon_core.shell:Creating package script '/workspace/ros_ws/install/my_package2/share/my_package2/package.sh'
[1.896s] INFO:colcon.colcon_core.shell:Creating package script '/workspace/ros_ws/install/my_package2/share/my_package2/package.bash'
[1.897s] INFO:colcon.colcon_core.shell:Creating package script '/workspace/ros_ws/install/my_package2/share/my_package2/package.zsh'
[1.897s] Level 1:colcon.colcon_core.environment:create_file_with_runtime_dependencies(/workspace/ros_ws/install/my_package2/share/colcon-core/packages/my_package2)
[1.898s] Level 1:colcon.colcon_core.environment:create_environment_scripts_only(my_package2)
[1.899s] Level 1:colcon.colcon_core.environment:checking '/workspace/ros_ws/install/my_package2' for CMake module files
[1.900s] Level 1:colcon.colcon_core.environment:checking '/workspace/ros_ws/install/my_package2' for CMake config files
[1.900s] Level 1:colcon.colcon_core.shell:create_environment_hook('my_package2', 'cmake_prefix_path')
[1.901s] INFO:colcon.colcon_core.shell:Creating environment hook '/workspace/ros_ws/install/my_package2/share/my_package2/hook/cmake_prefix_path.ps1'
[1.901s] INFO:colcon.colcon_core.shell:Creating environment descriptor '/workspace/ros_ws/install/my_package2/share/my_package2/hook/cmake_prefix_path.dsv'
[1.902s] INFO:colcon.colcon_core.shell:Creating environment hook '/workspace/ros_ws/install/my_package2/share/my_package2/hook/cmake_prefix_path.sh'
[1.902s] Level 1:colcon.colcon_core.environment:checking '/workspace/ros_ws/install/my_package2/lib'
[1.902s] Level 1:colcon.colcon_core.environment:checking '/workspace/ros_ws/install/my_package2/bin'
[1.902s] Level 1:colcon.colcon_core.environment:checking '/workspace/ros_ws/install/my_package2/lib/pkgconfig/my_package2.pc'
[1.903s] Level 1:colcon.colcon_core.environment:checking '/workspace/ros_ws/install/my_package2/lib/python3.12/site-packages'
[1.903s] Level 1:colcon.colcon_core.environment:checking '/workspace/ros_ws/install/my_package2/bin'
[1.903s] INFO:colcon.colcon_core.shell:Creating package script '/workspace/ros_ws/install/my_package2/share/my_package2/package.ps1'
[1.904s] INFO:colcon.colcon_core.shell:Creating package descriptor '/workspace/ros_ws/install/my_package2/share/my_package2/package.dsv'
[1.904s] INFO:colcon.colcon_core.shell:Creating package script '/workspace/ros_ws/install/my_package2/share/my_package2/package.sh'
[1.905s] INFO:colcon.colcon_core.shell:Creating package script '/workspace/ros_ws/install/my_package2/share/my_package2/package.bash'
[1.905s] INFO:colcon.colcon_core.shell:Creating package script '/workspace/ros_ws/install/my_package2/share/my_package2/package.zsh'
[1.906s] Level 1:colcon.colcon_core.environment:create_file_with_runtime_dependencies(/workspace/ros_ws/install/my_package2/share/colcon-core/packages/my_package2)
[2.461s] DEBUG:colcon.colcon_core.event_handler.log_command:Invoked command in '/workspace/ros_ws/build/ariaNode' returned '0': CMAKE_PREFIX_PATH=${CMAKE_PREFIX_PATH}:/workspace/ros_ws/src/install/nav2_gps_waypoint_follower_demo:/opt/ros/jazzy /usr/bin/cmake /workspace/ros_ws/src/ariaNode -DCMAKE_INSTALL_PREFIX=/workspace/ros_ws/install/ariaNode
[2.463s] DEBUG:colcon.colcon_core.event_handler.log_command:Invoking command in '/workspace/ros_ws/build/ariaNode': CMAKE_PREFIX_PATH=${CMAKE_PREFIX_PATH}:/workspace/ros_ws/src/install/nav2_gps_waypoint_follower_demo:/opt/ros/jazzy /usr/bin/cmake --build /workspace/ros_ws/build/ariaNode -- -j12 -l12
[2.502s] Level 1:colcon.colcon_core.environment:checking '/workspace/ros_ws/install/nav2_gps_waypoint_follower_demo' for CMake module files
[2.504s] DEBUG:colcon.colcon_core.event_handler.log_command:Invoked command in '/workspace/ros_ws/src/nav2_gps_waypoint_follower_demo' returned '0': PYTHONPATH=/workspace/ros_ws/build/nav2_gps_waypoint_follower_demo/prefix_override:/usr/lib/python3/dist-packages/colcon_core/task/python/colcon_distutils_commands:/workspace/ros_ws/install/nav2_gps_waypoint_follower_demo/lib/python3.12/site-packages:${PYTHONPATH} /usr/bin/python3 -W ignore:setup.py install is deprecated -W ignore:easy_install command is deprecated setup.py egg_info --egg-base ../../build/nav2_gps_waypoint_follower_demo build --build-base /workspace/ros_ws/build/nav2_gps_waypoint_follower_demo/build install --record /workspace/ros_ws/build/nav2_gps_waypoint_follower_demo/install.log --single-version-externally-managed install_data
[2.504s] Level 1:colcon.colcon_core.environment:checking '/workspace/ros_ws/install/nav2_gps_waypoint_follower_demo' for CMake config files
[2.505s] Level 1:colcon.colcon_core.environment:checking '/workspace/ros_ws/install/nav2_gps_waypoint_follower_demo/lib'
[2.506s] Level 1:colcon.colcon_core.environment:checking '/workspace/ros_ws/install/nav2_gps_waypoint_follower_demo/bin'
[2.506s] Level 1:colcon.colcon_core.environment:checking '/workspace/ros_ws/install/nav2_gps_waypoint_follower_demo/lib/pkgconfig/nav2_gps_waypoint_follower_demo.pc'
[2.506s] Level 1:colcon.colcon_core.environment:checking '/workspace/ros_ws/install/nav2_gps_waypoint_follower_demo/lib/python3.12/site-packages'
[2.506s] Level 1:colcon.colcon_core.shell:create_environment_hook('nav2_gps_waypoint_follower_demo', 'pythonpath')
[2.507s] INFO:colcon.colcon_core.shell:Creating environment hook '/workspace/ros_ws/install/nav2_gps_waypoint_follower_demo/share/nav2_gps_waypoint_follower_demo/hook/pythonpath.ps1'
[2.507s] INFO:colcon.colcon_core.shell:Creating environment descriptor '/workspace/ros_ws/install/nav2_gps_waypoint_follower_demo/share/nav2_gps_waypoint_follower_demo/hook/pythonpath.dsv'
[2.508s] INFO:colcon.colcon_core.shell:Creating environment hook '/workspace/ros_ws/install/nav2_gps_waypoint_follower_demo/share/nav2_gps_waypoint_follower_demo/hook/pythonpath.sh'
[2.509s] Level 1:colcon.colcon_core.environment:checking '/workspace/ros_ws/install/nav2_gps_waypoint_follower_demo/bin'
[2.509s] Level 1:colcon.colcon_core.environment:create_environment_scripts_only(nav2_gps_waypoint_follower_demo)
[2.510s] INFO:colcon.colcon_core.shell:Creating package script '/workspace/ros_ws/install/nav2_gps_waypoint_follower_demo/share/nav2_gps_waypoint_follower_demo/package.ps1'
[2.510s] INFO:colcon.colcon_core.shell:Creating package descriptor '/workspace/ros_ws/install/nav2_gps_waypoint_follower_demo/share/nav2_gps_waypoint_follower_demo/package.dsv'
[2.511s] INFO:colcon.colcon_core.shell:Creating package script '/workspace/ros_ws/install/nav2_gps_waypoint_follower_demo/share/nav2_gps_waypoint_follower_demo/package.sh'
[2.511s] INFO:colcon.colcon_core.shell:Creating package script '/workspace/ros_ws/install/nav2_gps_waypoint_follower_demo/share/nav2_gps_waypoint_follower_demo/package.bash'
[2.511s] INFO:colcon.colcon_core.shell:Creating package script '/workspace/ros_ws/install/nav2_gps_waypoint_follower_demo/share/nav2_gps_waypoint_follower_demo/package.zsh'
[2.512s] Level 1:colcon.colcon_core.environment:create_file_with_runtime_dependencies(/workspace/ros_ws/install/nav2_gps_waypoint_follower_demo/share/colcon-core/packages/nav2_gps_waypoint_follower_demo)
[2.648s] DEBUG:colcon.colcon_core.event_handler.log_command:Invoked command in '/workspace/ros_ws/build/master' returned '0': CMAKE_PREFIX_PATH=${CMAKE_PREFIX_PATH}:/workspace/ros_ws/src/install/nav2_gps_waypoint_follower_demo:/opt/ros/jazzy /usr/bin/cmake /workspace/ros_ws/src/master -DCMAKE_INSTALL_PREFIX=/workspace/ros_ws/install/master
[2.649s] DEBUG:colcon.colcon_core.event_handler.log_command:Invoking command in '/workspace/ros_ws/build/master': CMAKE_PREFIX_PATH=${CMAKE_PREFIX_PATH}:/workspace/ros_ws/src/install/nav2_gps_waypoint_follower_demo:/opt/ros/jazzy /usr/bin/cmake --build /workspace/ros_ws/build/master -- -j12 -l12
[13.761s] DEBUG:colcon.colcon_core.event_handler.log_command:Invoked command in '/workspace/ros_ws/build/ariaNode' returned '0': CMAKE_PREFIX_PATH=${CMAKE_PREFIX_PATH}:/workspace/ros_ws/src/install/nav2_gps_waypoint_follower_demo:/opt/ros/jazzy /usr/bin/cmake --build /workspace/ros_ws/build/ariaNode -- -j12 -l12
[13.762s] DEBUG:colcon.colcon_core.event_handler.log_command:Invoking command in '/workspace/ros_ws/build/ariaNode': CMAKE_PREFIX_PATH=${CMAKE_PREFIX_PATH}:/workspace/ros_ws/src/install/nav2_gps_waypoint_follower_demo:/opt/ros/jazzy /usr/bin/cmake --install /workspace/ros_ws/build/ariaNode
[13.781s] Level 1:colcon.colcon_core.environment:create_environment_scripts_only(ariaNode)
[13.781s] Level 1:colcon.colcon_core.environment:checking '/workspace/ros_ws/install/ariaNode' for CMake module files
[13.782s] DEBUG:colcon.colcon_core.event_handler.log_command:Invoked command in '/workspace/ros_ws/build/ariaNode' returned '0': CMAKE_PREFIX_PATH=${CMAKE_PREFIX_PATH}:/workspace/ros_ws/src/install/nav2_gps_waypoint_follower_demo:/opt/ros/jazzy /usr/bin/cmake --install /workspace/ros_ws/build/ariaNode
[13.782s] Level 1:colcon.colcon_core.environment:checking '/workspace/ros_ws/install/ariaNode' for CMake config files
[13.783s] Level 1:colcon.colcon_core.shell:create_environment_hook('ariaNode', 'cmake_prefix_path')
[13.783s] INFO:colcon.colcon_core.shell:Creating environment hook '/workspace/ros_ws/install/ariaNode/share/ariaNode/hook/cmake_prefix_path.ps1'
[13.783s] INFO:colcon.colcon_core.shell:Creating environment descriptor '/workspace/ros_ws/install/ariaNode/share/ariaNode/hook/cmake_prefix_path.dsv'
[13.784s] INFO:colcon.colcon_core.shell:Creating environment hook '/workspace/ros_ws/install/ariaNode/share/ariaNode/hook/cmake_prefix_path.sh'
[13.785s] Level 1:colcon.colcon_core.environment:checking '/workspace/ros_ws/install/ariaNode/lib'
[13.785s] Level 1:colcon.colcon_core.environment:checking '/workspace/ros_ws/install/ariaNode/bin'
[13.785s] Level 1:colcon.colcon_core.environment:checking '/workspace/ros_ws/install/ariaNode/lib/pkgconfig/ariaNode.pc'
[13.785s] Level 1:colcon.colcon_core.environment:checking '/workspace/ros_ws/install/ariaNode/lib/python3.12/site-packages'
[13.785s] Level 1:colcon.colcon_core.environment:checking '/workspace/ros_ws/install/ariaNode/bin'
[13.786s] INFO:colcon.colcon_core.shell:Creating package script '/workspace/ros_ws/install/ariaNode/share/ariaNode/package.ps1'
[13.787s] INFO:colcon.colcon_core.shell:Creating package descriptor '/workspace/ros_ws/install/ariaNode/share/ariaNode/package.dsv'
[13.788s] INFO:colcon.colcon_core.shell:Creating package script '/workspace/ros_ws/install/ariaNode/share/ariaNode/package.sh'
[13.788s] INFO:colcon.colcon_core.shell:Creating package script '/workspace/ros_ws/install/ariaNode/share/ariaNode/package.bash'
[13.789s] INFO:colcon.colcon_core.shell:Creating package script '/workspace/ros_ws/install/ariaNode/share/ariaNode/package.zsh'
[13.789s] Level 1:colcon.colcon_core.environment:create_file_with_runtime_dependencies(/workspace/ros_ws/install/ariaNode/share/colcon-core/packages/ariaNode)
[13.790s] Level 1:colcon.colcon_core.environment:create_environment_scripts_only(ariaNode)
[13.790s] Level 1:colcon.colcon_core.environment:checking '/workspace/ros_ws/install/ariaNode' for CMake module files
[13.791s] Level 1:colcon.colcon_core.environment:checking '/workspace/ros_ws/install/ariaNode' for CMake config files
[13.791s] Level 1:colcon.colcon_core.shell:create_environment_hook('ariaNode', 'cmake_prefix_path')
[13.791s] INFO:colcon.colcon_core.shell:Creating environment hook '/workspace/ros_ws/install/ariaNode/share/ariaNode/hook/cmake_prefix_path.ps1'
[13.792s] INFO:colcon.colcon_core.shell:Creating environment descriptor '/workspace/ros_ws/install/ariaNode/share/ariaNode/hook/cmake_prefix_path.dsv'
[13.792s] INFO:colcon.colcon_core.shell:Creating environment hook '/workspace/ros_ws/install/ariaNode/share/ariaNode/hook/cmake_prefix_path.sh'
[13.793s] Level 1:colcon.colcon_core.environment:checking '/workspace/ros_ws/install/ariaNode/lib'
[13.793s] Level 1:colcon.colcon_core.environment:checking '/workspace/ros_ws/install/ariaNode/bin'
[13.793s] Level 1:colcon.colcon_core.environment:checking '/workspace/ros_ws/install/ariaNode/lib/pkgconfig/ariaNode.pc'
[13.794s] Level 1:colcon.colcon_core.environment:checking '/workspace/ros_ws/install/ariaNode/lib/python3.12/site-packages'
[13.794s] Level 1:colcon.colcon_core.environment:checking '/workspace/ros_ws/install/ariaNode/bin'
[13.795s] INFO:colcon.colcon_core.shell:Creating package script '/workspace/ros_ws/install/ariaNode/share/ariaNode/package.ps1'
[13.795s] INFO:colcon.colcon_core.shell:Creating package descriptor '/workspace/ros_ws/install/ariaNode/share/ariaNode/package.dsv'
[13.796s] INFO:colcon.colcon_core.shell:Creating package script '/workspace/ros_ws/install/ariaNode/share/ariaNode/package.sh'
[13.796s] INFO:colcon.colcon_core.shell:Creating package script '/workspace/ros_ws/install/ariaNode/share/ariaNode/package.bash'
[13.797s] INFO:colcon.colcon_core.shell:Creating package script '/workspace/ros_ws/install/ariaNode/share/ariaNode/package.zsh'
[13.797s] Level 1:colcon.colcon_core.environment:create_file_with_runtime_dependencies(/workspace/ros_ws/install/ariaNode/share/colcon-core/packages/ariaNode)
[16.242s] DEBUG:colcon.colcon_core.event_handler.log_command:Invoked command in '/workspace/ros_ws/build/master' returned '0': CMAKE_PREFIX_PATH=${CMAKE_PREFIX_PATH}:/workspace/ros_ws/src/install/nav2_gps_waypoint_follower_demo:/opt/ros/jazzy /usr/bin/cmake --build /workspace/ros_ws/build/master -- -j12 -l12
[16.243s] DEBUG:colcon.colcon_core.event_handler.log_command:Invoking command in '/workspace/ros_ws/build/master': CMAKE_PREFIX_PATH=${CMAKE_PREFIX_PATH}:/workspace/ros_ws/src/install/nav2_gps_waypoint_follower_demo:/opt/ros/jazzy /usr/bin/cmake --install /workspace/ros_ws/build/master
[16.267s] Level 1:colcon.colcon_core.environment:create_environment_scripts_only(master)
[16.268s] Level 1:colcon.colcon_core.environment:checking '/workspace/ros_ws/install/master' for CMake module files
[16.268s] DEBUG:colcon.colcon_core.event_handler.log_command:Invoked command in '/workspace/ros_ws/build/master' returned '0': CMAKE_PREFIX_PATH=${CMAKE_PREFIX_PATH}:/workspace/ros_ws/src/install/nav2_gps_waypoint_follower_demo:/opt/ros/jazzy /usr/bin/cmake --install /workspace/ros_ws/build/master
[16.269s] Level 1:colcon.colcon_core.environment:checking '/workspace/ros_ws/install/master' for CMake config files
[16.269s] Level 1:colcon.colcon_core.shell:create_environment_hook('master', 'cmake_prefix_path')
[16.269s] INFO:colcon.colcon_core.shell:Creating environment hook '/workspace/ros_ws/install/master/share/master/hook/cmake_prefix_path.ps1'
[16.270s] INFO:colcon.colcon_core.shell:Creating environment descriptor '/workspace/ros_ws/install/master/share/master/hook/cmake_prefix_path.dsv'
[16.270s] INFO:colcon.colcon_core.shell:Creating environment hook '/workspace/ros_ws/install/master/share/master/hook/cmake_prefix_path.sh'
[16.271s] Level 1:colcon.colcon_core.environment:checking '/workspace/ros_ws/install/master/lib'
[16.271s] Level 1:colcon.colcon_core.environment:checking '/workspace/ros_ws/install/master/bin'
[16.271s] Level 1:colcon.colcon_core.environment:checking '/workspace/ros_ws/install/master/lib/pkgconfig/master.pc'
[16.271s] Level 1:colcon.colcon_core.environment:checking '/workspace/ros_ws/install/master/lib/python3.12/site-packages'
[16.271s] Level 1:colcon.colcon_core.environment:checking '/workspace/ros_ws/install/master/bin'
[16.272s] INFO:colcon.colcon_core.shell:Creating package script '/workspace/ros_ws/install/master/share/master/package.ps1'
[16.272s] INFO:colcon.colcon_core.shell:Creating package descriptor '/workspace/ros_ws/install/master/share/master/package.dsv'
[16.273s] INFO:colcon.colcon_core.shell:Creating package script '/workspace/ros_ws/install/master/share/master/package.sh'
[16.273s] INFO:colcon.colcon_core.shell:Creating package script '/workspace/ros_ws/install/master/share/master/package.bash'
[16.273s] INFO:colcon.colcon_core.shell:Creating package script '/workspace/ros_ws/install/master/share/master/package.zsh'
[16.274s] Level 1:colcon.colcon_core.environment:create_file_with_runtime_dependencies(/workspace/ros_ws/install/master/share/colcon-core/packages/master)
[16.274s] Level 1:colcon.colcon_core.environment:create_environment_scripts_only(master)
[16.275s] Level 1:colcon.colcon_core.environment:checking '/workspace/ros_ws/install/master' for CMake module files
[16.275s] Level 1:colcon.colcon_core.environment:checking '/workspace/ros_ws/install/master' for CMake config files
[16.275s] Level 1:colcon.colcon_core.shell:create_environment_hook('master', 'cmake_prefix_path')
[16.276s] INFO:colcon.colcon_core.shell:Creating environment hook '/workspace/ros_ws/install/master/share/master/hook/cmake_prefix_path.ps1'
[16.276s] INFO:colcon.colcon_core.shell:Creating environment descriptor '/workspace/ros_ws/install/master/share/master/hook/cmake_prefix_path.dsv'
[16.276s] INFO:colcon.colcon_core.shell:Creating environment hook '/workspace/ros_ws/install/master/share/master/hook/cmake_prefix_path.sh'
[16.277s] Level 1:colcon.colcon_core.environment:checking '/workspace/ros_ws/install/master/lib'
[16.277s] Level 1:colcon.colcon_core.environment:checking '/workspace/ros_ws/install/master/bin'
[16.277s] Level 1:colcon.colcon_core.environment:checking '/workspace/ros_ws/install/master/lib/pkgconfig/master.pc'
[16.278s] Level 1:colcon.colcon_core.environment:checking '/workspace/ros_ws/install/master/lib/python3.12/site-packages'
[16.278s] Level 1:colcon.colcon_core.environment:checking '/workspace/ros_ws/install/master/bin'
[16.278s] INFO:colcon.colcon_core.shell:Creating package script '/workspace/ros_ws/install/master/share/master/package.ps1'
[16.279s] INFO:colcon.colcon_core.shell:Creating package descriptor '/workspace/ros_ws/install/master/share/master/package.dsv'
[16.279s] INFO:colcon.colcon_core.shell:Creating package script '/workspace/ros_ws/install/master/share/master/package.sh'
[16.280s] INFO:colcon.colcon_core.shell:Creating package script '/workspace/ros_ws/install/master/share/master/package.bash'
[16.280s] INFO:colcon.colcon_core.shell:Creating package script '/workspace/ros_ws/install/master/share/master/package.zsh'
[16.281s] Level 1:colcon.colcon_core.environment:create_file_with_runtime_dependencies(/workspace/ros_ws/install/master/share/colcon-core/packages/master)
[16.281s] DEBUG:colcon.colcon_parallel_executor.executor.parallel:closing loop
[16.282s] DEBUG:colcon.colcon_parallel_executor.executor.parallel:loop closed
[16.282s] DEBUG:colcon.colcon_parallel_executor.executor.parallel:run_until_complete finished with '0'
[16.283s] DEBUG:colcon.colcon_core.event_reactor:joining thread
[16.290s] INFO:colcon.colcon_core.plugin_system:Skipping extension 'colcon_notification.desktop_notification.notify_send': Could not find 'notify-send'
[16.290s] INFO:colcon.colcon_core.plugin_system:Skipping extension 'colcon_notification.desktop_notification.terminal_notifier': Not used on non-Darwin systems
[16.290s] INFO:colcon.colcon_core.plugin_system:Skipping extension 'colcon_notification.desktop_notification.win32': Not used on non-Windows systems
[16.290s] INFO:colcon.colcon_notification.desktop_notification:Sending desktop notification using 'notify2'
[16.293s] DEBUG:colcon.colcon_notification.desktop_notification.notify2:Failed to initialize notify2: org.freedesktop.DBus.Error.Spawn.ExecFailed: /usr/bin/dbus-launch terminated abnormally without any error message
[16.293s] DEBUG:colcon.colcon_core.event_reactor:joined thread
[16.294s] INFO:colcon.colcon_core.shell:Creating prefix script '/workspace/ros_ws/install/local_setup.ps1'
[16.295s] INFO:colcon.colcon_core.shell:Creating prefix util module '/workspace/ros_ws/install/_local_setup_util_ps1.py'
[16.296s] INFO:colcon.colcon_core.shell:Creating prefix chain script '/workspace/ros_ws/install/setup.ps1'
[16.297s] INFO:colcon.colcon_core.shell:Creating prefix script '/workspace/ros_ws/install/local_setup.sh'
[16.298s] INFO:colcon.colcon_core.shell:Creating prefix util module '/workspace/ros_ws/install/_local_setup_util_sh.py'
[16.298s] INFO:colcon.colcon_core.shell:Creating prefix chain script '/workspace/ros_ws/install/setup.sh'
[16.300s] INFO:colcon.colcon_core.shell:Creating prefix script '/workspace/ros_ws/install/local_setup.bash'
[16.300s] INFO:colcon.colcon_core.shell:Creating prefix chain script '/workspace/ros_ws/install/setup.bash'
[16.302s] INFO:colcon.colcon_core.shell:Creating prefix script '/workspace/ros_ws/install/local_setup.zsh'
[16.304s] INFO:colcon.colcon_core.shell:Creating prefix chain script '/workspace/ros_ws/install/setup.zsh'
