[0.016s] Invoking command in '/workspace/ros_ws/src/master/build/master': CMAKE_PREFIX_PATH=${CMAKE_PREFIX_PATH}:/opt/ros/jazzy /usr/bin/cmake --build /workspace/ros_ws/src/master/build/master -- -j12 -l12
[0.065s] [ 50%] [32mBuilding CXX object CMakeFiles/master_node.dir/src/theMaster.cpp.o[0m
[8.296s] [100%] [32m[1mLinking CXX executable master_node[0m
[8.721s] [100%] Built target master_node
[8.730s] Invoked command in '/workspace/ros_ws/src/master/build/master' returned '0': CMAKE_PREFIX_PATH=${CMAKE_PREFIX_PATH}:/opt/ros/jazzy /usr/bin/cmake --build /workspace/ros_ws/src/master/build/master -- -j12 -l12
[8.738s] Invoking command in '/workspace/ros_ws/src/master/build/master': CMAKE_PREFIX_PATH=${CMAKE_PREFIX_PATH}:/opt/ros/jazzy /usr/bin/cmake --install /workspace/ros_ws/src/master/build/master
[8.745s] -- Install configuration: ""
[8.748s] -- Installing: /workspace/ros_ws/src/master/install/master/lib/master/master_node
[8.754s] -- Set non-toolchain portion of runtime path of "/workspace/ros_ws/src/master/install/master/lib/master/master_node" to ""
[8.754s] -- Up-to-date: /workspace/ros_ws/src/master/install/master/share/ament_index/resource_index/package_run_dependencies/master
[8.754s] -- Up-to-date: /workspace/ros_ws/src/master/install/master/share/ament_index/resource_index/parent_prefix_path/master
[8.754s] -- Up-to-date: /workspace/ros_ws/src/master/install/master/share/master/environment/ament_prefix_path.sh
[8.755s] -- Up-to-date: /workspace/ros_ws/src/master/install/master/share/master/environment/ament_prefix_path.dsv
[8.755s] -- Up-to-date: /workspace/ros_ws/src/master/install/master/share/master/environment/path.sh
[8.755s] -- Up-to-date: /workspace/ros_ws/src/master/install/master/share/master/environment/path.dsv
[8.755s] -- Up-to-date: /workspace/ros_ws/src/master/install/master/share/master/local_setup.bash
[8.757s] -- Up-to-date: /workspace/ros_ws/src/master/install/master/share/master/local_setup.sh
[8.758s] -- Up-to-date: /workspace/ros_ws/src/master/install/master/share/master/local_setup.zsh
[8.758s] -- Up-to-date: /workspace/ros_ws/src/master/install/master/share/master/local_setup.dsv
[8.759s] -- Installing: /workspace/ros_ws/src/master/install/master/share/master/package.dsv
[8.760s] -- Up-to-date: /workspace/ros_ws/src/master/install/master/share/ament_index/resource_index/packages/master
[8.760s] -- Up-to-date: /workspace/ros_ws/src/master/install/master/share/master/cmake/masterConfig.cmake
[8.760s] -- Up-to-date: /workspace/ros_ws/src/master/install/master/share/master/cmake/masterConfig-version.cmake
[8.761s] -- Up-to-date: /workspace/ros_ws/src/master/install/master/share/master/package.xml
[8.761s] Invoked command in '/workspace/ros_ws/src/master/build/master' returned '0': CMAKE_PREFIX_PATH=${CMAKE_PREFIX_PATH}:/opt/ros/jazzy /usr/bin/cmake --install /workspace/ros_ws/src/master/build/master
