[0.502s] Invoking command in '/workspace/ros_ws/build/nav2_straightline_planner': CMAKE_PREFIX_PATH=${CMAKE_PREFIX_PATH}:/workspace/ros_ws/install/nav2_gps_waypoint_follower_demo:/opt/ros/jazzy /usr/bin/cmake /workspace/ros_ws/src/nav2_straightline_planner -DAMENT_CMAKE_SYMLINK_INSTALL=1 -DCMAKE_INSTALL_PREFIX=/workspace/ros_ws/install/nav2_straightline_planner
[0.550s] -- Found ament_cmake: 2.5.3 (/opt/ros/jazzy/share/ament_cmake/cmake)
[1.079s] -- Override CMake install command with custom implementation using symlinks instead of copying resources
[1.101s] -- Found rclcpp: 28.1.6 (/opt/ros/jazzy/share/rclcpp/cmake)
[1.167s] -- Found rosidl_generator_c: 4.6.5 (/opt/ros/jazzy/share/rosidl_generator_c/cmake)
[1.192s] -- Found rosidl_generator_cpp: 4.6.5 (/opt/ros/jazzy/share/rosidl_generator_cpp/cmake)
[1.229s] -- Using all available rosidl_typesupport_c: rosidl_typesupport_fastrtps_c;rosidl_typesupport_introspection_c
[1.264s] -- Using all available rosidl_typesupport_cpp: rosidl_typesupport_fastrtps_cpp;rosidl_typesupport_introspection_cpp
[1.447s] -- Found rmw_implementation_cmake: 7.3.1 (/opt/ros/jazzy/share/rmw_implementation_cmake/cmake)
[1.461s] -- Found rmw_fastrtps_cpp: 8.4.1 (/opt/ros/jazzy/share/rmw_fastrtps_cpp/cmake)
[1.644s] -- Using RMW implementation 'rmw_fastrtps_cpp' as default
[1.842s] -- Found rclcpp_action: 28.1.6 (/opt/ros/jazzy/share/rclcpp_action/cmake)
[1.969s] -- Found rclcpp_lifecycle: 28.1.6 (/opt/ros/jazzy/share/rclcpp_lifecycle/cmake)
[2.030s] -- Found std_msgs: 5.3.5 (/opt/ros/jazzy/share/std_msgs/cmake)
[2.061s] -- Found visualization_msgs: 5.3.5 (/opt/ros/jazzy/share/visualization_msgs/cmake)
[2.229s] -- Found nav2_util: 1.3.6 (/opt/ros/jazzy/share/nav2_util/cmake)
[2.620s] -- Found eigen3_cmake_module: 0.3.0 (/opt/ros/jazzy/share/eigen3_cmake_module/cmake)
[2.627s] -- Ensuring Eigen3 include directory is part of orocos-kdl CMake target
[2.842s] -- Found nav2_costmap_2d: 1.3.6 (/opt/ros/jazzy/share/nav2_costmap_2d/cmake)
[3.067s] -- Found nav2_core: 1.3.6 (/opt/ros/jazzy/share/nav2_core/cmake)
[3.213s] -- Found ament_lint_auto: 0.17.1 (/opt/ros/jazzy/share/ament_lint_auto/cmake)
[3.432s] -- Added test 'copyright' to check source files copyright and LICENSE
[3.434s] -- Added test 'cppcheck' to perform static code analysis on C / C++ code
[3.435s] -- Configured cppcheck include dirs: /workspace/ros_ws/src/nav2_straightline_planner/include
[3.435s] -- Configured cppcheck exclude dirs and/or files: 
[3.437s] -- Added test 'cpplint' to check C / C++ code against the Google style
[3.437s] -- Configured cpplint exclude dirs and/or files: 
[3.438s] -- Added test 'lint_cmake' to check CMake code style
[3.439s] -- Added test 'uncrustify' to check C / C++ code style
[3.439s] -- Configured uncrustify additional arguments: 
[3.440s] -- Added test 'xmllint' to check XML markup files
[3.457s] -- Configuring done (2.9s)
[3.689s] -- Generating done (0.2s)
[3.699s] -- Build files have been written to: /workspace/ros_ws/build/nav2_straightline_planner
[3.719s] Invoked command in '/workspace/ros_ws/build/nav2_straightline_planner' returned '0': CMAKE_PREFIX_PATH=${CMAKE_PREFIX_PATH}:/workspace/ros_ws/install/nav2_gps_waypoint_follower_demo:/opt/ros/jazzy /usr/bin/cmake /workspace/ros_ws/src/nav2_straightline_planner -DAMENT_CMAKE_SYMLINK_INSTALL=1 -DCMAKE_INSTALL_PREFIX=/workspace/ros_ws/install/nav2_straightline_planner
[3.722s] Invoking command in '/workspace/ros_ws/build/nav2_straightline_planner': CMAKE_PREFIX_PATH=${CMAKE_PREFIX_PATH}:/workspace/ros_ws/install/nav2_gps_waypoint_follower_demo:/opt/ros/jazzy /usr/bin/cmake --build /workspace/ros_ws/build/nav2_straightline_planner -- -j12 -l12
[3.852s] [ 50%] [32m[1mLinking CXX shared library libnav2_straightline_planner_plugin.so[0m
[4.356s] [100%] Built target nav2_straightline_planner_plugin
[4.377s] Invoked command in '/workspace/ros_ws/build/nav2_straightline_planner' returned '0': CMAKE_PREFIX_PATH=${CMAKE_PREFIX_PATH}:/workspace/ros_ws/install/nav2_gps_waypoint_follower_demo:/opt/ros/jazzy /usr/bin/cmake --build /workspace/ros_ws/build/nav2_straightline_planner -- -j12 -l12
[4.380s] Invoking command in '/workspace/ros_ws/build/nav2_straightline_planner': CMAKE_PREFIX_PATH=${CMAKE_PREFIX_PATH}:/workspace/ros_ws/install/nav2_gps_waypoint_follower_demo:/opt/ros/jazzy /usr/bin/cmake --install /workspace/ros_ws/build/nav2_straightline_planner
[4.391s] -- Install configuration: ""
[4.392s] -- Execute custom install script
[4.392s] -- Symlinking: /workspace/ros_ws/install/nav2_straightline_planner/share/nav2_straightline_planner//global_planner_plugin.xml
[4.403s] -- Symlinking: /workspace/ros_ws/install/nav2_straightline_planner/lib/libnav2_straightline_planner_plugin.so
[4.415s] -- Symlinking: /workspace/ros_ws/install/nav2_straightline_planner/include//nav2_straightline_planner/straight_line_planner.hpp
[4.427s] -- Symlinking: /workspace/ros_ws/install/nav2_straightline_planner/include//nav2_straightline_planner/straight_line_planner.hpp:Zone.Identifier
[4.437s] -- Up-to-date symlink: /workspace/ros_ws/install/nav2_straightline_planner/share/nav2_straightline_planner/global_planner_plugin.xml
[4.438s] -- Symlinking: /workspace/ros_ws/install/nav2_straightline_planner/share/nav2_straightline_planner/environment/library_path.sh
[4.449s] -- Symlinking: /workspace/ros_ws/install/nav2_straightline_planner/share/nav2_straightline_planner/environment/library_path.dsv
[4.465s] -- Symlinking: /workspace/ros_ws/install/nav2_straightline_planner/share/ament_index/resource_index/package_run_dependencies/nav2_straightline_planner
[4.473s] -- Symlinking: /workspace/ros_ws/install/nav2_straightline_planner/share/ament_index/resource_index/parent_prefix_path/nav2_straightline_planner
[4.488s] -- Symlinking: /workspace/ros_ws/install/nav2_straightline_planner/share/nav2_straightline_planner/environment/ament_prefix_path.sh
[4.499s] -- Symlinking: /workspace/ros_ws/install/nav2_straightline_planner/share/nav2_straightline_planner/environment/ament_prefix_path.dsv
[4.510s] -- Symlinking: /workspace/ros_ws/install/nav2_straightline_planner/share/nav2_straightline_planner/environment/path.sh
[4.520s] -- Symlinking: /workspace/ros_ws/install/nav2_straightline_planner/share/nav2_straightline_planner/environment/path.dsv
[4.531s] -- Symlinking: /workspace/ros_ws/install/nav2_straightline_planner/share/nav2_straightline_planner/local_setup.bash
[4.542s] -- Symlinking: /workspace/ros_ws/install/nav2_straightline_planner/share/nav2_straightline_planner/local_setup.sh
[4.555s] -- Symlinking: /workspace/ros_ws/install/nav2_straightline_planner/share/nav2_straightline_planner/local_setup.zsh
[4.567s] -- Symlinking: /workspace/ros_ws/install/nav2_straightline_planner/share/nav2_straightline_planner/local_setup.dsv
[4.580s] -- Symlinking: /workspace/ros_ws/install/nav2_straightline_planner/share/nav2_straightline_planner/package.dsv
[4.591s] -- Symlinking: /workspace/ros_ws/install/nav2_straightline_planner/share/ament_index/resource_index/packages/nav2_straightline_planner
[4.603s] -- Symlinking: /workspace/ros_ws/install/nav2_straightline_planner/share/ament_index/resource_index/nav2_core__pluginlib__plugin/nav2_straightline_planner
[4.617s] -- Symlinking: /workspace/ros_ws/install/nav2_straightline_planner/share/nav2_straightline_planner/cmake/ament_cmake_export_include_directories-extras.cmake
[4.629s] -- Symlinking: /workspace/ros_ws/install/nav2_straightline_planner/share/nav2_straightline_planner/cmake/ament_cmake_export_libraries-extras.cmake
[4.643s] -- Symlinking: /workspace/ros_ws/install/nav2_straightline_planner/share/nav2_straightline_planner/cmake/ament_cmake_export_dependencies-extras.cmake
[4.659s] -- Symlinking: /workspace/ros_ws/install/nav2_straightline_planner/share/nav2_straightline_planner/cmake/nav2_straightline_plannerConfig.cmake
[4.678s] -- Symlinking: /workspace/ros_ws/install/nav2_straightline_planner/share/nav2_straightline_planner/cmake/nav2_straightline_plannerConfig-version.cmake
[4.689s] -- Symlinking: /workspace/ros_ws/install/nav2_straightline_planner/share/nav2_straightline_planner/package.xml
[4.705s] Invoked command in '/workspace/ros_ws/build/nav2_straightline_planner' returned '0': CMAKE_PREFIX_PATH=${CMAKE_PREFIX_PATH}:/workspace/ros_ws/install/nav2_gps_waypoint_follower_demo:/opt/ros/jazzy /usr/bin/cmake --install /workspace/ros_ws/build/nav2_straightline_planner
