[0.259s] Invoking command in '/workspace/ros_ws/build/my_package2': CMAKE_PREFIX_PATH=${CMAKE_PREFIX_PATH}:/opt/ros/jazzy /usr/bin/cmake --build /workspace/ros_ws/build/my_package2 -- -j8 -l8
[0.495s] [100%] Built target my_node2
[0.518s] Invoked command in '/workspace/ros_ws/build/my_package2' returned '0': CMAKE_PREFIX_PATH=${CMAKE_PREFIX_PATH}:/opt/ros/jazzy /usr/bin/cmake --build /workspace/ros_ws/build/my_package2 -- -j8 -l8
[0.518s] Invoking command in '/workspace/ros_ws/build/my_package2': CMAKE_PREFIX_PATH=${CMAKE_PREFIX_PATH}:/opt/ros/jazzy /usr/bin/cmake --install /workspace/ros_ws/build/my_package2
[0.536s] -- Install configuration: ""
[0.541s] -- Execute custom install script
[0.541s] -- Up-to-date symlink: /workspace/ros_ws/install/my_package2/lib/my_package2/my_node2
[0.541s] -- Up-to-date symlink: /workspace/ros_ws/install/my_package2/share/ament_index/resource_index/package_run_dependencies/my_package2
[0.542s] -- Up-to-date symlink: /workspace/ros_ws/install/my_package2/share/ament_index/resource_index/parent_prefix_path/my_package2
[0.542s] -- Up-to-date symlink: /workspace/ros_ws/install/my_package2/share/my_package2/environment/ament_prefix_path.sh
[0.542s] -- Up-to-date symlink: /workspace/ros_ws/install/my_package2/share/my_package2/environment/ament_prefix_path.dsv
[0.542s] -- Up-to-date symlink: /workspace/ros_ws/install/my_package2/share/my_package2/environment/path.sh
[0.542s] -- Up-to-date symlink: /workspace/ros_ws/install/my_package2/share/my_package2/environment/path.dsv
[0.542s] -- Up-to-date symlink: /workspace/ros_ws/install/my_package2/share/my_package2/local_setup.bash
[0.542s] -- Up-to-date symlink: /workspace/ros_ws/install/my_package2/share/my_package2/local_setup.sh
[0.543s] -- Up-to-date symlink: /workspace/ros_ws/install/my_package2/share/my_package2/local_setup.zsh
[0.543s] -- Up-to-date symlink: /workspace/ros_ws/install/my_package2/share/my_package2/local_setup.dsv
[0.544s] -- Symlinking: /workspace/ros_ws/install/my_package2/share/my_package2/package.dsv
[0.554s] -- Up-to-date symlink: /workspace/ros_ws/install/my_package2/share/ament_index/resource_index/packages/my_package2
[0.554s] -- Up-to-date symlink: /workspace/ros_ws/install/my_package2/share/my_package2/cmake/my_package2Config.cmake
[0.555s] -- Up-to-date symlink: /workspace/ros_ws/install/my_package2/share/my_package2/cmake/my_package2Config-version.cmake
[0.555s] -- Up-to-date symlink: /workspace/ros_ws/install/my_package2/share/my_package2/package.xml
[0.639s] Invoked command in '/workspace/ros_ws/build/my_package2' returned '0': CMAKE_PREFIX_PATH=${CMAKE_PREFIX_PATH}:/opt/ros/jazzy /usr/bin/cmake --install /workspace/ros_ws/build/my_package2
