[0.022s] Invoking command in '/workspace/ros_ws/src/build/master': CMAKE_PREFIX_PATH=${CMAKE_PREFIX_PATH}:/opt/ros/jazzy /usr/bin/cmake /workspace/ros_ws/src/master -DCMAKE_INSTALL_PREFIX=/workspace/ros_ws/src/install/master
[0.083s] -- The C compiler identification is GNU 13.3.0
[0.134s] -- The CXX compiler identification is GNU 13.3.0
[0.151s] -- Detecting C compiler ABI info
[0.236s] -- Detecting C compiler ABI info - done
[0.244s] -- Check for working C compiler: /usr/bin/cc - skipped
[0.244s] -- Detecting C compile features
[0.244s] -- Detecting C compile features - done
[0.251s] -- Detecting CXX compiler ABI info
[0.360s] -- Detecting CXX compiler ABI info - done
[0.368s] -- Check for working CXX compiler: /usr/bin/c++ - skipped
[0.368s] -- Detecting CXX compile features
[0.369s] -- Detecting CXX compile features - done
[0.377s] -- Found ament_cmake: 2.5.3 (/opt/ros/jazzy/share/ament_cmake/cmake)
[0.530s] -- Found Python3: /usr/bin/python3 (found version "3.12.3") found components: Interpreter 
[0.670s] -- Found ament_lint_auto: 0.17.1 (/opt/ros/jazzy/share/ament_lint_auto/cmake)
[0.782s] -- Added test 'cppcheck' to perform static code analysis on C / C++ code
[0.783s] -- Configured cppcheck include dirs: 
[0.783s] -- Configured cppcheck exclude dirs and/or files: 
[0.783s] -- Added test 'lint_cmake' to check CMake code style
[0.786s] -- Added test 'uncrustify' to check C / C++ code style
[0.786s] -- Configured uncrustify additional arguments: 
[0.787s] -- Added test 'xmllint' to check XML markup files
[0.790s] -- Configuring done (0.8s)
[0.794s] -- Generating done (0.0s)
[0.796s] -- Build files have been written to: /workspace/ros_ws/src/build/master
[0.805s] Invoked command in '/workspace/ros_ws/src/build/master' returned '0': CMAKE_PREFIX_PATH=${CMAKE_PREFIX_PATH}:/opt/ros/jazzy /usr/bin/cmake /workspace/ros_ws/src/master -DCMAKE_INSTALL_PREFIX=/workspace/ros_ws/src/install/master
[0.807s] Invoking command in '/workspace/ros_ws/src/build/master': CMAKE_PREFIX_PATH=${CMAKE_PREFIX_PATH}:/opt/ros/jazzy /usr/bin/cmake --build /workspace/ros_ws/src/build/master -- -j12 -l12
[0.846s] Invoked command in '/workspace/ros_ws/src/build/master' returned '0': CMAKE_PREFIX_PATH=${CMAKE_PREFIX_PATH}:/opt/ros/jazzy /usr/bin/cmake --build /workspace/ros_ws/src/build/master -- -j12 -l12
[0.855s] Invoking command in '/workspace/ros_ws/src/build/master': CMAKE_PREFIX_PATH=${CMAKE_PREFIX_PATH}:/opt/ros/jazzy /usr/bin/cmake --install /workspace/ros_ws/src/build/master
[0.862s] -- Install configuration: ""
[0.862s] -- Installing: /workspace/ros_ws/src/install/master/share/ament_index/resource_index/package_run_dependencies/master
[0.862s] -- Installing: /workspace/ros_ws/src/install/master/share/ament_index/resource_index/parent_prefix_path/master
[0.863s] -- Installing: /workspace/ros_ws/src/install/master/share/master/environment/ament_prefix_path.sh
[0.863s] -- Installing: /workspace/ros_ws/src/install/master/share/master/environment/ament_prefix_path.dsv
[0.863s] -- Installing: /workspace/ros_ws/src/install/master/share/master/environment/path.sh
[0.863s] -- Installing: /workspace/ros_ws/src/install/master/share/master/environment/path.dsv
[0.863s] -- Installing: /workspace/ros_ws/src/install/master/share/master/local_setup.bash
[0.863s] -- Installing: /workspace/ros_ws/src/install/master/share/master/local_setup.sh
[0.864s] -- Installing: /workspace/ros_ws/src/install/master/share/master/local_setup.zsh
[0.864s] -- Installing: /workspace/ros_ws/src/install/master/share/master/local_setup.dsv
[0.864s] -- Installing: /workspace/ros_ws/src/install/master/share/master/package.dsv
[0.864s] -- Installing: /workspace/ros_ws/src/install/master/share/ament_index/resource_index/packages/master
[0.864s] -- Installing: /workspace/ros_ws/src/install/master/share/master/cmake/masterConfig.cmake
[0.864s] -- Installing: /workspace/ros_ws/src/install/master/share/master/cmake/masterConfig-version.cmake
[0.864s] -- Installing: /workspace/ros_ws/src/install/master/share/master/package.xml
[0.866s] Invoked command in '/workspace/ros_ws/src/build/master' returned '0': CMAKE_PREFIX_PATH=${CMAKE_PREFIX_PATH}:/opt/ros/jazzy /usr/bin/cmake --install /workspace/ros_ws/src/build/master
