[0.608s] Invoking command in '/workspace/ros_ws/build/nav2_gradient_costmap_plugin': CMAKE_PREFIX_PATH=${CMAKE_PREFIX_PATH}:/opt/ros/jazzy /usr/bin/cmake /workspace/ros_ws/src/nav2_gradient_costmap_plugin -DCMAKE_INSTALL_PREFIX=/workspace/ros_ws/install/nav2_gradient_costmap_plugin
[0.712s] -- The C compiler identification is GNU 13.3.0
[0.888s] -- The CXX compiler identification is GNU 13.3.0
[0.931s] -- Detecting C compiler ABI info
[1.173s] -- Detecting C compiler ABI info - done
[1.201s] -- Check for working C compiler: /usr/bin/cc - skipped
[1.204s] -- Detecting C compile features
[1.204s] -- Detecting C compile features - done
[1.215s] -- Detecting CXX compiler ABI info
[1.437s] -- Detecting CXX compiler ABI info - done
[1.464s] -- Check for working CXX compiler: /usr/bin/c++ - skipped
[1.465s] -- Detecting CXX compile features
[1.466s] -- Detecting CXX compile features - done
[1.478s] -- Found ament_cmake: 2.5.4 (/opt/ros/jazzy/share/ament_cmake/cmake)
[1.970s] -- Found Python3: /usr/bin/python3 (found version "3.12.3") found components: Interpreter 
[2.310s] -- Found rclcpp: 28.1.9 (/opt/ros/jazzy/share/rclcpp/cmake)
[2.429s] -- Found rosidl_generator_c: 4.6.5 (/opt/ros/jazzy/share/rosidl_generator_c/cmake)
[2.465s] -- Found rosidl_generator_cpp: 4.6.5 (/opt/ros/jazzy/share/rosidl_generator_cpp/cmake)
[2.504s] -- Using all available rosidl_typesupport_c: rosidl_typesupport_fastrtps_c;rosidl_typesupport_introspection_c
[2.541s] -- Using all available rosidl_typesupport_cpp: rosidl_typesupport_fastrtps_cpp;rosidl_typesupport_introspection_cpp
[2.748s] -- Found rmw_implementation_cmake: 7.3.2 (/opt/ros/jazzy/share/rmw_implementation_cmake/cmake)
[2.748s] -- Found rmw_fastrtps_cpp: 8.4.2 (/opt/ros/jazzy/share/rmw_fastrtps_cpp/cmake)
[2.964s] -- Found OpenSSL: /usr/lib/x86_64-linux-gnu/libcrypto.so (found version "3.0.13")  
[2.998s] -- Found FastRTPS: /opt/ros/jazzy/include (Required is at least version "2.13") 
[3.053s] -- Using RMW implementation 'rmw_fastrtps_cpp' as default
[3.212s] -- Found nav2_costmap_2d: 1.3.6 (/opt/ros/jazzy/share/nav2_costmap_2d/cmake)
[4.122s] -- Found eigen3_cmake_module: 0.3.0 (/opt/ros/jazzy/share/eigen3_cmake_module/cmake)
[4.128s] -- Found Eigen3: TRUE (found version "3.4.0") 
[4.129s] -- Ensuring Eigen3 include directory is part of orocos-kdl CMake target
[4.752s] -- Configuring done (4.1s)
[4.795s] -- Generating done (0.0s)
[4.814s] -- Build files have been written to: /workspace/ros_ws/build/nav2_gradient_costmap_plugin
[4.844s] Invoked command in '/workspace/ros_ws/build/nav2_gradient_costmap_plugin' returned '0': CMAKE_PREFIX_PATH=${CMAKE_PREFIX_PATH}:/opt/ros/jazzy /usr/bin/cmake /workspace/ros_ws/src/nav2_gradient_costmap_plugin -DCMAKE_INSTALL_PREFIX=/workspace/ros_ws/install/nav2_gradient_costmap_plugin
[4.845s] Invoking command in '/workspace/ros_ws/build/nav2_gradient_costmap_plugin': CMAKE_PREFIX_PATH=${CMAKE_PREFIX_PATH}:/opt/ros/jazzy /usr/bin/cmake --build /workspace/ros_ws/build/nav2_gradient_costmap_plugin -- -j8 -l8
[6.215s] [ 50%] [32mBuilding CXX object CMakeFiles/nav2_gradient_costmap_plugin_core.dir/src/gradient_layer.cpp.o[0m
[11.264s] [100%] [32m[1mLinking CXX shared library libnav2_gradient_costmap_plugin_core.so[0m
[11.558s] [100%] Built target nav2_gradient_costmap_plugin_core
[11.579s] Invoked command in '/workspace/ros_ws/build/nav2_gradient_costmap_plugin' returned '0': CMAKE_PREFIX_PATH=${CMAKE_PREFIX_PATH}:/opt/ros/jazzy /usr/bin/cmake --build /workspace/ros_ws/build/nav2_gradient_costmap_plugin -- -j8 -l8
[11.579s] Invoking command in '/workspace/ros_ws/build/nav2_gradient_costmap_plugin': CMAKE_PREFIX_PATH=${CMAKE_PREFIX_PATH}:/opt/ros/jazzy /usr/bin/cmake --install /workspace/ros_ws/build/nav2_gradient_costmap_plugin
[11.614s] -- Install configuration: ""
[11.614s] -- Installing: /workspace/ros_ws/install/nav2_gradient_costmap_plugin/lib/libnav2_gradient_costmap_plugin_core.so
[11.614s] -- Set non-toolchain portion of runtime path of "/workspace/ros_ws/install/nav2_gradient_costmap_plugin/lib/libnav2_gradient_costmap_plugin_core.so" to ""
[11.618s] -- Installing: /workspace/ros_ws/install/nav2_gradient_costmap_plugin/share/nav2_gradient_costmap_plugin/gradient_layer.xml
[11.619s] -- Installing: /workspace/ros_ws/install/nav2_gradient_costmap_plugin/share/ament_index/resource_index/package_run_dependencies/nav2_gradient_costmap_plugin
[11.619s] -- Installing: /workspace/ros_ws/install/nav2_gradient_costmap_plugin/share/ament_index/resource_index/parent_prefix_path/nav2_gradient_costmap_plugin
[11.620s] -- Installing: /workspace/ros_ws/install/nav2_gradient_costmap_plugin/share/nav2_gradient_costmap_plugin/environment/ament_prefix_path.sh
[11.620s] -- Installing: /workspace/ros_ws/install/nav2_gradient_costmap_plugin/share/nav2_gradient_costmap_plugin/environment/ament_prefix_path.dsv
[11.620s] -- Installing: /workspace/ros_ws/install/nav2_gradient_costmap_plugin/share/nav2_gradient_costmap_plugin/environment/path.sh
[11.620s] -- Installing: /workspace/ros_ws/install/nav2_gradient_costmap_plugin/share/nav2_gradient_costmap_plugin/environment/path.dsv
[11.620s] -- Installing: /workspace/ros_ws/install/nav2_gradient_costmap_plugin/share/nav2_gradient_costmap_plugin/local_setup.bash
[11.620s] -- Installing: /workspace/ros_ws/install/nav2_gradient_costmap_plugin/share/nav2_gradient_costmap_plugin/local_setup.sh
[11.620s] -- Installing: /workspace/ros_ws/install/nav2_gradient_costmap_plugin/share/nav2_gradient_costmap_plugin/local_setup.zsh
[11.620s] -- Installing: /workspace/ros_ws/install/nav2_gradient_costmap_plugin/share/nav2_gradient_costmap_plugin/local_setup.dsv
[11.620s] -- Installing: /workspace/ros_ws/install/nav2_gradient_costmap_plugin/share/nav2_gradient_costmap_plugin/package.dsv
[11.620s] -- Installing: /workspace/ros_ws/install/nav2_gradient_costmap_plugin/share/ament_index/resource_index/packages/nav2_gradient_costmap_plugin
[11.634s] -- Installing: /workspace/ros_ws/install/nav2_gradient_costmap_plugin/share/ament_index/resource_index/nav2_costmap_2d__pluginlib__plugin/nav2_gradient_costmap_plugin
[11.635s] -- Installing: /workspace/ros_ws/install/nav2_gradient_costmap_plugin/share/nav2_gradient_costmap_plugin/cmake/nav2_gradient_costmap_pluginConfig.cmake
[11.637s] -- Installing: /workspace/ros_ws/install/nav2_gradient_costmap_plugin/share/nav2_gradient_costmap_plugin/cmake/nav2_gradient_costmap_pluginConfig-version.cmake
[11.637s] -- Installing: /workspace/ros_ws/install/nav2_gradient_costmap_plugin/share/nav2_gradient_costmap_plugin/package.xml
[11.657s] Invoked command in '/workspace/ros_ws/build/nav2_gradient_costmap_plugin' returned '0': CMAKE_PREFIX_PATH=${CMAKE_PREFIX_PATH}:/opt/ros/jazzy /usr/bin/cmake --install /workspace/ros_ws/build/nav2_gradient_costmap_plugin
