[0.016s] Invoking command in '/workspace/ros_ws/src/ariaNode/build/ariaNode': CMAKE_PREFIX_PATH=${CMAKE_PREFIX_PATH}:/opt/ros/jazzy /usr/bin/cmake --build /workspace/ros_ws/src/ariaNode/build/ariaNode -- -j12 -l12
[0.068s] [100%] Built target ariaNode
[0.078s] Invoked command in '/workspace/ros_ws/src/ariaNode/build/ariaNode' returned '0': CMAKE_PREFIX_PATH=${CMAKE_PREFIX_PATH}:/opt/ros/jazzy /usr/bin/cmake --build /workspace/ros_ws/src/ariaNode/build/ariaNode -- -j12 -l12
[0.086s] Invoking command in '/workspace/ros_ws/src/ariaNode/build/ariaNode': CMAKE_PREFIX_PATH=${CMAKE_PREFIX_PATH}:/opt/ros/jazzy /usr/bin/cmake --install /workspace/ros_ws/src/ariaNode/build/ariaNode
[0.092s] -- Install configuration: ""
[0.092s] -- Execute custom install script
[0.093s] -- Up-to-date symlink: /workspace/ros_ws/src/ariaNode/install/ariaNode/lib/ariaNode/ariaNode
[0.093s] -- Up-to-date symlink: /workspace/ros_ws/src/ariaNode/install/ariaNode/share/ament_index/resource_index/package_run_dependencies/ariaNode
[0.093s] -- Up-to-date symlink: /workspace/ros_ws/src/ariaNode/install/ariaNode/share/ament_index/resource_index/parent_prefix_path/ariaNode
[0.094s] -- Up-to-date symlink: /workspace/ros_ws/src/ariaNode/install/ariaNode/share/ariaNode/environment/ament_prefix_path.sh
[0.094s] -- Up-to-date symlink: /workspace/ros_ws/src/ariaNode/install/ariaNode/share/ariaNode/environment/ament_prefix_path.dsv
[0.094s] -- Up-to-date symlink: /workspace/ros_ws/src/ariaNode/install/ariaNode/share/ariaNode/environment/path.sh
[0.095s] -- Up-to-date symlink: /workspace/ros_ws/src/ariaNode/install/ariaNode/share/ariaNode/environment/path.dsv
[0.095s] -- Up-to-date symlink: /workspace/ros_ws/src/ariaNode/install/ariaNode/share/ariaNode/local_setup.bash
[0.095s] -- Up-to-date symlink: /workspace/ros_ws/src/ariaNode/install/ariaNode/share/ariaNode/local_setup.sh
[0.095s] -- Up-to-date symlink: /workspace/ros_ws/src/ariaNode/install/ariaNode/share/ariaNode/local_setup.zsh
[0.095s] -- Up-to-date symlink: /workspace/ros_ws/src/ariaNode/install/ariaNode/share/ariaNode/local_setup.dsv
[0.096s] -- Symlinking: /workspace/ros_ws/src/ariaNode/install/ariaNode/share/ariaNode/package.dsv
[0.106s] -- Up-to-date symlink: /workspace/ros_ws/src/ariaNode/install/ariaNode/share/ament_index/resource_index/packages/ariaNode
[0.106s] -- Up-to-date symlink: /workspace/ros_ws/src/ariaNode/install/ariaNode/share/ariaNode/cmake/ariaNodeConfig.cmake
[0.106s] -- Up-to-date symlink: /workspace/ros_ws/src/ariaNode/install/ariaNode/share/ariaNode/cmake/ariaNodeConfig-version.cmake
[0.106s] -- Up-to-date symlink: /workspace/ros_ws/src/ariaNode/install/ariaNode/share/ariaNode/package.xml
[0.108s] Invoked command in '/workspace/ros_ws/src/ariaNode/build/ariaNode' returned '0': CMAKE_PREFIX_PATH=${CMAKE_PREFIX_PATH}:/opt/ros/jazzy /usr/bin/cmake --install /workspace/ros_ws/src/ariaNode/build/ariaNode
