-- The C compiler identification is GNU 13.3.0
-- The CXX compiler identification is GNU 13.3.0
-- Detecting C compiler ABI info
-- Detecting C compiler ABI info - done
-- Check for working C compiler: /usr/bin/cc - skipped
-- Detecting C compile features
-- Detecting C compile features - done
-- Detecting CXX compiler ABI info
-- Detecting CXX compiler ABI info - done
-- Check for working CXX compiler: /usr/bin/c++ - skipped
-- Detecting CXX compile features
-- Detecting CXX compile features - done
-- Found ament_cmake: 2.5.3 (/opt/ros/jazzy/share/ament_cmake/cmake)
-- Found Python3: /usr/bin/python3 (found version "3.12.3") found components: Interpreter 
-- Found rclcpp: 28.1.6 (/opt/ros/jazzy/share/rclcpp/cmake)
-- Found rosidl_generator_c: 4.6.5 (/opt/ros/jazzy/share/rosidl_generator_c/cmake)
-- Found rosidl_generator_cpp: 4.6.5 (/opt/ros/jazzy/share/rosidl_generator_cpp/cmake)
-- Using all available rosidl_typesupport_c: rosidl_typesupport_fastrtps_c;rosidl_typesupport_introspection_c
-- Using all available rosidl_typesupport_cpp: rosidl_typesupport_fastrtps_cpp;rosidl_typesupport_introspection_cpp
-- Found rmw_implementation_cmake: 7.3.1 (/opt/ros/jazzy/share/rmw_implementation_cmake/cmake)
-- Found rmw_fastrtps_cpp: 8.4.1 (/opt/ros/jazzy/share/rmw_fastrtps_cpp/cmake)
-- Found OpenSSL: /usr/lib/x86_64-linux-gnu/libcrypto.so (found version "3.0.13")  
-- Found FastRTPS: /opt/ros/jazzy/include (Required is at least version "2.13") 
-- Using RMW implementation 'rmw_fastrtps_cpp' as default
-- Found rclcpp_action: 28.1.6 (/opt/ros/jazzy/share/rclcpp_action/cmake)
-- Found rclcpp_lifecycle: 28.1.6 (/opt/ros/jazzy/share/rclcpp_lifecycle/cmake)
-- Found std_msgs: 5.3.5 (/opt/ros/jazzy/share/std_msgs/cmake)
-- Found visualization_msgs: 5.3.5 (/opt/ros/jazzy/share/visualization_msgs/cmake)
-- Found nav2_util: 1.3.6 (/opt/ros/jazzy/share/nav2_util/cmake)
-- Found eigen3_cmake_module: 0.3.0 (/opt/ros/jazzy/share/eigen3_cmake_module/cmake)
-- Found Eigen3: TRUE (found version "3.4.0") 
-- Ensuring Eigen3 include directory is part of orocos-kdl CMake target
-- Found nav2_costmap_2d: 1.3.6 (/opt/ros/jazzy/share/nav2_costmap_2d/cmake)
-- Found nav2_core: 1.3.6 (/opt/ros/jazzy/share/nav2_core/cmake)
-- Found nav2_behaviors: 1.3.6 (/opt/ros/jazzy/share/nav2_behaviors/cmake)
-- Found rosidl_default_generators: 1.6.0 (/opt/ros/jazzy/share/rosidl_default_generators/cmake)
-- Found rosidl_adapter: 4.6.5 (/opt/ros/jazzy/share/rosidl_adapter/cmake)
-- Found CURL: /usr/lib/x86_64-linux-gnu/libcurl.so (found version "8.5.0")  
-- Found ament_cmake_ros: 0.12.0 (/opt/ros/jazzy/share/ament_cmake_ros/cmake)
-- Using all available rosidl_typesupport_c: rosidl_typesupport_fastrtps_c;rosidl_typesupport_introspection_c
-- Using all available rosidl_typesupport_cpp: rosidl_typesupport_fastrtps_cpp;rosidl_typesupport_introspection_cpp
-- Found python_cmake_module: 0.11.1 (/opt/ros/jazzy/share/python_cmake_module/cmake)
-- Found PythonExtra: /usr/bin/python3  
-- Found Python3: /usr/bin/python3 (found version "3.12.3") found components: Interpreter Development NumPy Development.Module Development.Embed 
-- Found ament_lint_auto: 0.17.1 (/opt/ros/jazzy/share/ament_lint_auto/cmake)
-- Added test 'copyright' to check source files copyright and LICENSE
-- Added test 'cppcheck' to perform static code analysis on C / C++ code
-- Configured cppcheck include dirs: /workspace/ros_ws/src/nav2_sms_behavior/include
-- Configured cppcheck exclude dirs and/or files: 
-- Added test 'cpplint' to check C / C++ code against the Google style
-- Configured cpplint exclude dirs and/or files: 
-- Added test 'lint_cmake' to check CMake code style
-- Added test 'uncrustify' to check C / C++ code style
-- Configured uncrustify additional arguments: 
-- Added test 'xmllint' to check XML markup files
-- Configuring done (8.6s)
-- Generating done (0.1s)
-- Build files have been written to: /workspace/ros_ws/build/nav2_sms_behavior
[  2%] [34m[1mGenerating type hashes for ROS interfaces[0m
[  2%] Built target ament_cmake_python_copy_nav2_sms_behavior
running egg_info
creating nav2_sms_behavior.egg-info
[  2%] Built target nav2_sms_behavior__rosidl_generator_type_description
[  5%] [34m[1mGenerating C code for ROS interfaces[0m
writing nav2_sms_behavior.egg-info/PKG-INFO
writing dependency_links to nav2_sms_behavior.egg-info/dependency_links.txt
writing top-level names to nav2_sms_behavior.egg-info/top_level.txt
writing manifest file 'nav2_sms_behavior.egg-info/SOURCES.txt'
[  8%] [34m[1mGenerating C++ code for ROS interfaces[0m
reading manifest file 'nav2_sms_behavior.egg-info/SOURCES.txt'
writing manifest file 'nav2_sms_behavior.egg-info/SOURCES.txt'
[  8%] Built target ament_cmake_python_build_nav2_sms_behavior_egg
[  8%] Built target nav2_sms_behavior__cpp
[ 10%] [32mBuilding C object CMakeFiles/nav2_sms_behavior__rosidl_generator_c.dir/rosidl_generator_c/nav2_sms_behavior/action/detail/send_sms__functions.c.o[0m
[ 13%] [32mBuilding C object CMakeFiles/nav2_sms_behavior__rosidl_generator_c.dir/rosidl_generator_c/nav2_sms_behavior/action/detail/send_sms__description.c.o[0m
[ 16%] [32mBuilding C object CMakeFiles/nav2_sms_behavior__rosidl_generator_c.dir/rosidl_generator_c/nav2_sms_behavior/action/detail/send_sms__type_support.c.o[0m
[ 18%] [32m[1mLinking C shared library libnav2_sms_behavior__rosidl_generator_c.so[0m
[ 18%] Built target nav2_sms_behavior__rosidl_generator_c
[ 21%] [34m[1mGenerating C++ introspection for ROS interfaces[0m
[ 24%] [34m[1mGenerating C type support for eProsima Fast-RTPS[0m
[ 27%] [34m[1mGenerating C type support dispatch for ROS interfaces[0m
[ 29%] [34m[1mGenerating C introspection for ROS interfaces[0m
[ 32%] [34m[1mGenerating C++ type support for eProsima Fast-RTPS[0m
[ 35%] [34m[1mGenerating C++ type support dispatch for ROS interfaces[0m
[ 37%] [32mBuilding CXX object CMakeFiles/nav2_sms_behavior__rosidl_typesupport_cpp.dir/rosidl_typesupport_cpp/nav2_sms_behavior/action/send_sms__type_support.cpp.o[0m
[ 40%] [32mBuilding CXX object CMakeFiles/nav2_sms_behavior__rosidl_typesupport_c.dir/rosidl_typesupport_c/nav2_sms_behavior/action/send_sms__type_support.cpp.o[0m
[ 43%] [32mBuilding CXX object CMakeFiles/nav2_sms_behavior__rosidl_typesupport_introspection_cpp.dir/rosidl_typesupport_introspection_cpp/nav2_sms_behavior/action/detail/send_sms__type_support.cpp.o[0m
[ 45%] [32m[1mLinking CXX shared library libnav2_sms_behavior__rosidl_typesupport_c.so[0m
[ 48%] [32mBuilding C object CMakeFiles/nav2_sms_behavior__rosidl_typesupport_introspection_c.dir/rosidl_typesupport_introspection_c/nav2_sms_behavior/action/detail/send_sms__type_support.c.o[0m
[ 48%] Built target nav2_sms_behavior__rosidl_typesupport_c
[ 51%] [32m[1mLinking C shared library libnav2_sms_behavior__rosidl_typesupport_introspection_c.so[0m
[ 51%] Built target nav2_sms_behavior__rosidl_typesupport_introspection_c
[ 54%] [32mBuilding CXX object CMakeFiles/nav2_sms_behavior__rosidl_typesupport_fastrtps_cpp.dir/rosidl_typesupport_fastrtps_cpp/nav2_sms_behavior/action/detail/dds_fastrtps/send_sms__type_support.cpp.o[0m
[ 56%] [32mBuilding CXX object CMakeFiles/nav2_sms_behavior__rosidl_typesupport_fastrtps_c.dir/rosidl_typesupport_fastrtps_c/nav2_sms_behavior/action/detail/send_sms__type_support_c.cpp.o[0m
[ 59%] [32m[1mLinking CXX shared library libnav2_sms_behavior__rosidl_typesupport_cpp.so[0m
[ 62%] [32m[1mLinking CXX shared library libnav2_sms_behavior__rosidl_typesupport_fastrtps_c.so[0m
[ 62%] Built target nav2_sms_behavior__rosidl_typesupport_cpp
[ 64%] [32m[1mLinking CXX shared library libnav2_sms_behavior__rosidl_typesupport_introspection_cpp.so[0m
[ 67%] [32mBuilding CXX object CMakeFiles/nav2_sms_behavior_plugin.dir/src/twilio.cpp.o[0m
[ 70%] [32mBuilding CXX object CMakeFiles/nav2_sms_behavior_plugin.dir/src/send_sms.cpp.o[0m
[ 70%] Built target nav2_sms_behavior__rosidl_typesupport_fastrtps_c
[ 70%] Built target nav2_sms_behavior__rosidl_typesupport_introspection_cpp
[ 72%] [32m[1mLinking CXX shared library libnav2_sms_behavior__rosidl_typesupport_fastrtps_cpp.so[0m
[ 72%] Built target nav2_sms_behavior__rosidl_typesupport_fastrtps_cpp
[ 72%] Built target nav2_sms_behavior
[ 75%] [34m[1mGenerating Python code for ROS interfaces[0m
[ 75%] Built target nav2_sms_behavior__py
[ 78%] [32mBuilding C object CMakeFiles/nav2_sms_behavior__rosidl_generator_py.dir/rosidl_generator_py/nav2_sms_behavior/action/_send_sms_s.c.o[0m
[ 81%] [32m[1mLinking C shared library libnav2_sms_behavior__rosidl_generator_py.so[0m
[ 81%] Built target nav2_sms_behavior__rosidl_generator_py
[ 83%] [32mBuilding C object CMakeFiles/nav2_sms_behavior_s__rosidl_typesupport_introspection_c.dir/rosidl_generator_py/nav2_sms_behavior/_nav2_sms_behavior_s.ep.rosidl_typesupport_introspection_c.c.o[0m
[ 86%] [32mBuilding C object CMakeFiles/nav2_sms_behavior_s__rosidl_typesupport_c.dir/rosidl_generator_py/nav2_sms_behavior/_nav2_sms_behavior_s.ep.rosidl_typesupport_c.c.o[0m
[ 89%] [32mBuilding C object CMakeFiles/nav2_sms_behavior_s__rosidl_typesupport_fastrtps_c.dir/rosidl_generator_py/nav2_sms_behavior/_nav2_sms_behavior_s.ep.rosidl_typesupport_fastrtps_c.c.o[0m
[ 91%] [32m[1mLinking C shared module rosidl_generator_py/nav2_sms_behavior/nav2_sms_behavior_s__rosidl_typesupport_c.so[0m
[ 94%] [32m[1mLinking C shared module rosidl_generator_py/nav2_sms_behavior/nav2_sms_behavior_s__rosidl_typesupport_introspection_c.so[0m
[ 97%] [32m[1mLinking C shared module rosidl_generator_py/nav2_sms_behavior/nav2_sms_behavior_s__rosidl_typesupport_fastrtps_c.so[0m
[ 97%] Built target nav2_sms_behavior_s__rosidl_typesupport_introspection_c
[ 97%] Built target nav2_sms_behavior_s__rosidl_typesupport_c
[ 97%] Built target nav2_sms_behavior_s__rosidl_typesupport_fastrtps_c
[100%] [32m[1mLinking CXX shared library libnav2_sms_behavior_plugin.so[0m
[100%] Built target nav2_sms_behavior_plugin
-- Install configuration: ""
-- Installing: /workspace/ros_ws/install/nav2_sms_behavior/share/ament_index/resource_index/rosidl_interfaces/nav2_sms_behavior
-- Installing: /workspace/ros_ws/install/nav2_sms_behavior/share/nav2_sms_behavior/action/SendSms.json
-- Installing: /workspace/ros_ws/install/nav2_sms_behavior/include/nav2_sms_behavior/nav2_sms_behavior
-- Installing: /workspace/ros_ws/install/nav2_sms_behavior/include/nav2_sms_behavior/nav2_sms_behavior/msg
-- Installing: /workspace/ros_ws/install/nav2_sms_behavior/include/nav2_sms_behavior/nav2_sms_behavior/msg/rosidl_generator_c__visibility_control.h
-- Installing: /workspace/ros_ws/install/nav2_sms_behavior/include/nav2_sms_behavior/nav2_sms_behavior/action
-- Installing: /workspace/ros_ws/install/nav2_sms_behavior/include/nav2_sms_behavior/nav2_sms_behavior/action/send_sms.h
-- Installing: /workspace/ros_ws/install/nav2_sms_behavior/include/nav2_sms_behavior/nav2_sms_behavior/action/detail
-- Installing: /workspace/ros_ws/install/nav2_sms_behavior/include/nav2_sms_behavior/nav2_sms_behavior/action/detail/send_sms__functions.h
-- Installing: /workspace/ros_ws/install/nav2_sms_behavior/include/nav2_sms_behavior/nav2_sms_behavior/action/detail/send_sms__functions.c
-- Installing: /workspace/ros_ws/install/nav2_sms_behavior/include/nav2_sms_behavior/nav2_sms_behavior/action/detail/send_sms__type_support.c
-- Installing: /workspace/ros_ws/install/nav2_sms_behavior/include/nav2_sms_behavior/nav2_sms_behavior/action/detail/send_sms__struct.h
-- Installing: /workspace/ros_ws/install/nav2_sms_behavior/include/nav2_sms_behavior/nav2_sms_behavior/action/detail/send_sms__type_support.h
-- Installing: /workspace/ros_ws/install/nav2_sms_behavior/include/nav2_sms_behavior/nav2_sms_behavior/action/detail/send_sms__description.c
-- Installing: /workspace/ros_ws/install/nav2_sms_behavior/share/nav2_sms_behavior/environment/library_path.sh
-- Installing: /workspace/ros_ws/install/nav2_sms_behavior/share/nav2_sms_behavior/environment/library_path.dsv
-- Installing: /workspace/ros_ws/install/nav2_sms_behavior/lib/libnav2_sms_behavior__rosidl_generator_c.so
-- Set non-toolchain portion of runtime path of "/workspace/ros_ws/install/nav2_sms_behavior/lib/libnav2_sms_behavior__rosidl_generator_c.so" to ""
-- Up-to-date: /workspace/ros_ws/install/nav2_sms_behavior/include/nav2_sms_behavior/nav2_sms_behavior
-- Up-to-date: /workspace/ros_ws/install/nav2_sms_behavior/include/nav2_sms_behavior/nav2_sms_behavior/msg
-- Installing: /workspace/ros_ws/install/nav2_sms_behavior/include/nav2_sms_behavior/nav2_sms_behavior/msg/rosidl_typesupport_fastrtps_c__visibility_control.h
-- Up-to-date: /workspace/ros_ws/install/nav2_sms_behavior/include/nav2_sms_behavior/nav2_sms_behavior/action
-- Up-to-date: /workspace/ros_ws/install/nav2_sms_behavior/include/nav2_sms_behavior/nav2_sms_behavior/action/detail
-- Installing: /workspace/ros_ws/install/nav2_sms_behavior/include/nav2_sms_behavior/nav2_sms_behavior/action/detail/send_sms__rosidl_typesupport_fastrtps_c.h
-- Installing: /workspace/ros_ws/install/nav2_sms_behavior/lib/libnav2_sms_behavior__rosidl_typesupport_fastrtps_c.so
-- Set non-toolchain portion of runtime path of "/workspace/ros_ws/install/nav2_sms_behavior/lib/libnav2_sms_behavior__rosidl_typesupport_fastrtps_c.so" to ""
-- Up-to-date: /workspace/ros_ws/install/nav2_sms_behavior/include/nav2_sms_behavior/nav2_sms_behavior
-- Up-to-date: /workspace/ros_ws/install/nav2_sms_behavior/include/nav2_sms_behavior/nav2_sms_behavior/msg
-- Installing: /workspace/ros_ws/install/nav2_sms_behavior/include/nav2_sms_behavior/nav2_sms_behavior/msg/rosidl_generator_cpp__visibility_control.hpp
-- Up-to-date: /workspace/ros_ws/install/nav2_sms_behavior/include/nav2_sms_behavior/nav2_sms_behavior/action
-- Installing: /workspace/ros_ws/install/nav2_sms_behavior/include/nav2_sms_behavior/nav2_sms_behavior/action/send_sms.hpp
-- Up-to-date: /workspace/ros_ws/install/nav2_sms_behavior/include/nav2_sms_behavior/nav2_sms_behavior/action/detail
-- Installing: /workspace/ros_ws/install/nav2_sms_behavior/include/nav2_sms_behavior/nav2_sms_behavior/action/detail/send_sms__struct.hpp
-- Installing: /workspace/ros_ws/install/nav2_sms_behavior/include/nav2_sms_behavior/nav2_sms_behavior/action/detail/send_sms__traits.hpp
-- Installing: /workspace/ros_ws/install/nav2_sms_behavior/include/nav2_sms_behavior/nav2_sms_behavior/action/detail/send_sms__builder.hpp
-- Installing: /workspace/ros_ws/install/nav2_sms_behavior/include/nav2_sms_behavior/nav2_sms_behavior/action/detail/send_sms__type_support.hpp
-- Up-to-date: /workspace/ros_ws/install/nav2_sms_behavior/include/nav2_sms_behavior/nav2_sms_behavior
-- Up-to-date: /workspace/ros_ws/install/nav2_sms_behavior/include/nav2_sms_behavior/nav2_sms_behavior/msg
-- Installing: /workspace/ros_ws/install/nav2_sms_behavior/include/nav2_sms_behavior/nav2_sms_behavior/msg/rosidl_typesupport_fastrtps_cpp__visibility_control.h
-- Up-to-date: /workspace/ros_ws/install/nav2_sms_behavior/include/nav2_sms_behavior/nav2_sms_behavior/action
-- Up-to-date: /workspace/ros_ws/install/nav2_sms_behavior/include/nav2_sms_behavior/nav2_sms_behavior/action/detail
-- Installing: /workspace/ros_ws/install/nav2_sms_behavior/include/nav2_sms_behavior/nav2_sms_behavior/action/detail/dds_fastrtps
-- Installing: /workspace/ros_ws/install/nav2_sms_behavior/include/nav2_sms_behavior/nav2_sms_behavior/action/detail/send_sms__rosidl_typesupport_fastrtps_cpp.hpp
-- Installing: /workspace/ros_ws/install/nav2_sms_behavior/lib/libnav2_sms_behavior__rosidl_typesupport_fastrtps_cpp.so
-- Set non-toolchain portion of runtime path of "/workspace/ros_ws/install/nav2_sms_behavior/lib/libnav2_sms_behavior__rosidl_typesupport_fastrtps_cpp.so" to ""
-- Up-to-date: /workspace/ros_ws/install/nav2_sms_behavior/include/nav2_sms_behavior/nav2_sms_behavior
-- Up-to-date: /workspace/ros_ws/install/nav2_sms_behavior/include/nav2_sms_behavior/nav2_sms_behavior/msg
-- Installing: /workspace/ros_ws/install/nav2_sms_behavior/include/nav2_sms_behavior/nav2_sms_behavior/msg/rosidl_typesupport_introspection_c__visibility_control.h
-- Up-to-date: /workspace/ros_ws/install/nav2_sms_behavior/include/nav2_sms_behavior/nav2_sms_behavior/action
-- Up-to-date: /workspace/ros_ws/install/nav2_sms_behavior/include/nav2_sms_behavior/nav2_sms_behavior/action/detail
-- Installing: /workspace/ros_ws/install/nav2_sms_behavior/include/nav2_sms_behavior/nav2_sms_behavior/action/detail/send_sms__type_support.c
-- Installing: /workspace/ros_ws/install/nav2_sms_behavior/include/nav2_sms_behavior/nav2_sms_behavior/action/detail/send_sms__rosidl_typesupport_introspection_c.h
-- Installing: /workspace/ros_ws/install/nav2_sms_behavior/lib/libnav2_sms_behavior__rosidl_typesupport_introspection_c.so
-- Set non-toolchain portion of runtime path of "/workspace/ros_ws/install/nav2_sms_behavior/lib/libnav2_sms_behavior__rosidl_typesupport_introspection_c.so" to ""
-- Installing: /workspace/ros_ws/install/nav2_sms_behavior/lib/libnav2_sms_behavior__rosidl_typesupport_c.so
-- Set non-toolchain portion of runtime path of "/workspace/ros_ws/install/nav2_sms_behavior/lib/libnav2_sms_behavior__rosidl_typesupport_c.so" to ""
-- Up-to-date: /workspace/ros_ws/install/nav2_sms_behavior/include/nav2_sms_behavior/nav2_sms_behavior
-- Up-to-date: /workspace/ros_ws/install/nav2_sms_behavior/include/nav2_sms_behavior/nav2_sms_behavior/action
-- Up-to-date: /workspace/ros_ws/install/nav2_sms_behavior/include/nav2_sms_behavior/nav2_sms_behavior/action/detail
-- Installing: /workspace/ros_ws/install/nav2_sms_behavior/include/nav2_sms_behavior/nav2_sms_behavior/action/detail/send_sms__type_support.cpp
-- Installing: /workspace/ros_ws/install/nav2_sms_behavior/include/nav2_sms_behavior/nav2_sms_behavior/action/detail/send_sms__rosidl_typesupport_introspection_cpp.hpp
-- Installing: /workspace/ros_ws/install/nav2_sms_behavior/lib/libnav2_sms_behavior__rosidl_typesupport_introspection_cpp.so
-- Set non-toolchain portion of runtime path of "/workspace/ros_ws/install/nav2_sms_behavior/lib/libnav2_sms_behavior__rosidl_typesupport_introspection_cpp.so" to ""
-- Installing: /workspace/ros_ws/install/nav2_sms_behavior/lib/libnav2_sms_behavior__rosidl_typesupport_cpp.so
-- Set non-toolchain portion of runtime path of "/workspace/ros_ws/install/nav2_sms_behavior/lib/libnav2_sms_behavior__rosidl_typesupport_cpp.so" to ""
-- Installing: /workspace/ros_ws/install/nav2_sms_behavior/share/nav2_sms_behavior/environment/pythonpath.sh
-- Installing: /workspace/ros_ws/install/nav2_sms_behavior/share/nav2_sms_behavior/environment/pythonpath.dsv
-- Installing: /workspace/ros_ws/install/nav2_sms_behavior/lib/python3.12/site-packages/nav2_sms_behavior-1.0.0-py3.12.egg-info
-- Installing: /workspace/ros_ws/install/nav2_sms_behavior/lib/python3.12/site-packages/nav2_sms_behavior-1.0.0-py3.12.egg-info/top_level.txt
-- Installing: /workspace/ros_ws/install/nav2_sms_behavior/lib/python3.12/site-packages/nav2_sms_behavior-1.0.0-py3.12.egg-info/dependency_links.txt
-- Installing: /workspace/ros_ws/install/nav2_sms_behavior/lib/python3.12/site-packages/nav2_sms_behavior-1.0.0-py3.12.egg-info/SOURCES.txt
-- Installing: /workspace/ros_ws/install/nav2_sms_behavior/lib/python3.12/site-packages/nav2_sms_behavior-1.0.0-py3.12.egg-info/PKG-INFO
-- Installing: /workspace/ros_ws/install/nav2_sms_behavior/lib/python3.12/site-packages/nav2_sms_behavior
-- Installing: /workspace/ros_ws/install/nav2_sms_behavior/lib/python3.12/site-packages/nav2_sms_behavior/_nav2_sms_behavior_s.ep.rosidl_typesupport_fastrtps_c.c
-- Installing: /workspace/ros_ws/install/nav2_sms_behavior/lib/python3.12/site-packages/nav2_sms_behavior/nav2_sms_behavior_s__rosidl_typesupport_fastrtps_c.so
-- Installing: /workspace/ros_ws/install/nav2_sms_behavior/lib/python3.12/site-packages/nav2_sms_behavior/_nav2_sms_behavior_s.ep.rosidl_typesupport_c.c
-- Installing: /workspace/ros_ws/install/nav2_sms_behavior/lib/python3.12/site-packages/nav2_sms_behavior/nav2_sms_behavior_s__rosidl_typesupport_introspection_c.so
-- Installing: /workspace/ros_ws/install/nav2_sms_behavior/lib/python3.12/site-packages/nav2_sms_behavior/nav2_sms_behavior_s__rosidl_typesupport_c.so
-- Installing: /workspace/ros_ws/install/nav2_sms_behavior/lib/python3.12/site-packages/nav2_sms_behavior/_nav2_sms_behavior_s.ep.rosidl_typesupport_introspection_c.c
-- Installing: /workspace/ros_ws/install/nav2_sms_behavior/lib/python3.12/site-packages/nav2_sms_behavior/__init__.py
-- Installing: /workspace/ros_ws/install/nav2_sms_behavior/lib/python3.12/site-packages/nav2_sms_behavior/action
-- Installing: /workspace/ros_ws/install/nav2_sms_behavior/lib/python3.12/site-packages/nav2_sms_behavior/action/_send_sms.py
-- Installing: /workspace/ros_ws/install/nav2_sms_behavior/lib/python3.12/site-packages/nav2_sms_behavior/action/_send_sms_s.c
-- Installing: /workspace/ros_ws/install/nav2_sms_behavior/lib/python3.12/site-packages/nav2_sms_behavior/action/__init__.py
Listing '/workspace/ros_ws/install/nav2_sms_behavior/lib/python3.12/site-packages/nav2_sms_behavior'...
Compiling '/workspace/ros_ws/install/nav2_sms_behavior/lib/python3.12/site-packages/nav2_sms_behavior/__init__.py'...
Listing '/workspace/ros_ws/install/nav2_sms_behavior/lib/python3.12/site-packages/nav2_sms_behavior/action'...
Compiling '/workspace/ros_ws/install/nav2_sms_behavior/lib/python3.12/site-packages/nav2_sms_behavior/action/__init__.py'...
Compiling '/workspace/ros_ws/install/nav2_sms_behavior/lib/python3.12/site-packages/nav2_sms_behavior/action/_send_sms.py'...
-- Installing: /workspace/ros_ws/install/nav2_sms_behavior/lib/python3.12/site-packages/nav2_sms_behavior/nav2_sms_behavior_s__rosidl_typesupport_fastrtps_c.so
-- Set non-toolchain portion of runtime path of "/workspace/ros_ws/install/nav2_sms_behavior/lib/python3.12/site-packages/nav2_sms_behavior/nav2_sms_behavior_s__rosidl_typesupport_fastrtps_c.so" to ""
-- Installing: /workspace/ros_ws/install/nav2_sms_behavior/lib/python3.12/site-packages/nav2_sms_behavior/nav2_sms_behavior_s__rosidl_typesupport_introspection_c.so
-- Set non-toolchain portion of runtime path of "/workspace/ros_ws/install/nav2_sms_behavior/lib/python3.12/site-packages/nav2_sms_behavior/nav2_sms_behavior_s__rosidl_typesupport_introspection_c.so" to ""
-- Installing: /workspace/ros_ws/install/nav2_sms_behavior/lib/python3.12/site-packages/nav2_sms_behavior/nav2_sms_behavior_s__rosidl_typesupport_c.so
-- Set non-toolchain portion of runtime path of "/workspace/ros_ws/install/nav2_sms_behavior/lib/python3.12/site-packages/nav2_sms_behavior/nav2_sms_behavior_s__rosidl_typesupport_c.so" to ""
-- Installing: /workspace/ros_ws/install/nav2_sms_behavior/lib/libnav2_sms_behavior__rosidl_generator_py.so
-- Set non-toolchain portion of runtime path of "/workspace/ros_ws/install/nav2_sms_behavior/lib/libnav2_sms_behavior__rosidl_generator_py.so" to ""
-- Installing: /workspace/ros_ws/install/nav2_sms_behavior/share/nav2_sms_behavior/action/SendSms.idl
-- Installing: /workspace/ros_ws/install/nav2_sms_behavior/share/nav2_sms_behavior/action/SendSms.action
-- Installing: /workspace/ros_ws/install/nav2_sms_behavior/share/nav2_sms_behavior/behavior_plugin.xml
-- Installing: /workspace/ros_ws/install/nav2_sms_behavior/lib/libnav2_sms_behavior_plugin.so
-- Set non-toolchain portion of runtime path of "/workspace/ros_ws/install/nav2_sms_behavior/lib/libnav2_sms_behavior_plugin.so" to ""
-- Up-to-date: /workspace/ros_ws/install/nav2_sms_behavior/include/
-- Up-to-date: /workspace/ros_ws/install/nav2_sms_behavior/include//nav2_sms_behavior
-- Installing: /workspace/ros_ws/install/nav2_sms_behavior/include//nav2_sms_behavior/send_sms.hpp
-- Installing: /workspace/ros_ws/install/nav2_sms_behavior/include//nav2_sms_behavior/type_conversion.hpp:Zone.Identifier
-- Installing: /workspace/ros_ws/install/nav2_sms_behavior/include//nav2_sms_behavior/twilio.hpp:Zone.Identifier
-- Installing: /workspace/ros_ws/install/nav2_sms_behavior/include//nav2_sms_behavior/send_sms.hpp:Zone.Identifier
-- Installing: /workspace/ros_ws/install/nav2_sms_behavior/include//nav2_sms_behavior/type_conversion.hpp
-- Installing: /workspace/ros_ws/install/nav2_sms_behavior/include//nav2_sms_behavior/twilio.hpp
-- Up-to-date: /workspace/ros_ws/install/nav2_sms_behavior/share/nav2_sms_behavior/behavior_plugin.xml
-- Installing: /workspace/ros_ws/install/nav2_sms_behavior/share/ament_index/resource_index/package_run_dependencies/nav2_sms_behavior
-- Installing: /workspace/ros_ws/install/nav2_sms_behavior/share/ament_index/resource_index/parent_prefix_path/nav2_sms_behavior
-- Installing: /workspace/ros_ws/install/nav2_sms_behavior/share/nav2_sms_behavior/environment/ament_prefix_path.sh
-- Installing: /workspace/ros_ws/install/nav2_sms_behavior/share/nav2_sms_behavior/environment/ament_prefix_path.dsv
-- Installing: /workspace/ros_ws/install/nav2_sms_behavior/share/nav2_sms_behavior/environment/path.sh
-- Installing: /workspace/ros_ws/install/nav2_sms_behavior/share/nav2_sms_behavior/environment/path.dsv
-- Installing: /workspace/ros_ws/install/nav2_sms_behavior/share/nav2_sms_behavior/local_setup.bash
-- Installing: /workspace/ros_ws/install/nav2_sms_behavior/share/nav2_sms_behavior/local_setup.sh
-- Installing: /workspace/ros_ws/install/nav2_sms_behavior/share/nav2_sms_behavior/local_setup.zsh
-- Installing: /workspace/ros_ws/install/nav2_sms_behavior/share/nav2_sms_behavior/local_setup.dsv
-- Installing: /workspace/ros_ws/install/nav2_sms_behavior/share/nav2_sms_behavior/package.dsv
-- Installing: /workspace/ros_ws/install/nav2_sms_behavior/share/ament_index/resource_index/packages/nav2_sms_behavior
-- Installing: /workspace/ros_ws/install/nav2_sms_behavior/share/ament_index/resource_index/nav2_core__pluginlib__plugin/nav2_sms_behavior
-- Installing: /workspace/ros_ws/install/nav2_sms_behavior/share/nav2_sms_behavior/cmake/export_nav2_sms_behavior__rosidl_generator_cExport.cmake
-- Installing: /workspace/ros_ws/install/nav2_sms_behavior/share/nav2_sms_behavior/cmake/export_nav2_sms_behavior__rosidl_generator_cExport-noconfig.cmake
-- Installing: /workspace/ros_ws/install/nav2_sms_behavior/share/nav2_sms_behavior/cmake/export_nav2_sms_behavior__rosidl_typesupport_fastrtps_cExport.cmake
-- Installing: /workspace/ros_ws/install/nav2_sms_behavior/share/nav2_sms_behavior/cmake/export_nav2_sms_behavior__rosidl_typesupport_fastrtps_cExport-noconfig.cmake
-- Installing: /workspace/ros_ws/install/nav2_sms_behavior/share/nav2_sms_behavior/cmake/export_nav2_sms_behavior__rosidl_generator_cppExport.cmake
-- Installing: /workspace/ros_ws/install/nav2_sms_behavior/share/nav2_sms_behavior/cmake/export_nav2_sms_behavior__rosidl_typesupport_fastrtps_cppExport.cmake
-- Installing: /workspace/ros_ws/install/nav2_sms_behavior/share/nav2_sms_behavior/cmake/export_nav2_sms_behavior__rosidl_typesupport_fastrtps_cppExport-noconfig.cmake
-- Installing: /workspace/ros_ws/install/nav2_sms_behavior/share/nav2_sms_behavior/cmake/nav2_sms_behavior__rosidl_typesupport_introspection_cExport.cmake
-- Installing: /workspace/ros_ws/install/nav2_sms_behavior/share/nav2_sms_behavior/cmake/nav2_sms_behavior__rosidl_typesupport_introspection_cExport-noconfig.cmake
-- Installing: /workspace/ros_ws/install/nav2_sms_behavior/share/nav2_sms_behavior/cmake/nav2_sms_behavior__rosidl_typesupport_cExport.cmake
-- Installing: /workspace/ros_ws/install/nav2_sms_behavior/share/nav2_sms_behavior/cmake/nav2_sms_behavior__rosidl_typesupport_cExport-noconfig.cmake
-- Installing: /workspace/ros_ws/install/nav2_sms_behavior/share/nav2_sms_behavior/cmake/nav2_sms_behavior__rosidl_typesupport_introspection_cppExport.cmake
-- Installing: /workspace/ros_ws/install/nav2_sms_behavior/share/nav2_sms_behavior/cmake/nav2_sms_behavior__rosidl_typesupport_introspection_cppExport-noconfig.cmake
-- Installing: /workspace/ros_ws/install/nav2_sms_behavior/share/nav2_sms_behavior/cmake/nav2_sms_behavior__rosidl_typesupport_cppExport.cmake
-- Installing: /workspace/ros_ws/install/nav2_sms_behavior/share/nav2_sms_behavior/cmake/nav2_sms_behavior__rosidl_typesupport_cppExport-noconfig.cmake
-- Installing: /workspace/ros_ws/install/nav2_sms_behavior/share/nav2_sms_behavior/cmake/export_nav2_sms_behavior__rosidl_generator_pyExport.cmake
-- Installing: /workspace/ros_ws/install/nav2_sms_behavior/share/nav2_sms_behavior/cmake/export_nav2_sms_behavior__rosidl_generator_pyExport-noconfig.cmake
-- Installing: /workspace/ros_ws/install/nav2_sms_behavior/share/nav2_sms_behavior/cmake/rosidl_cmake-extras.cmake
-- Installing: /workspace/ros_ws/install/nav2_sms_behavior/share/nav2_sms_behavior/cmake/ament_cmake_export_dependencies-extras.cmake
-- Installing: /workspace/ros_ws/install/nav2_sms_behavior/share/nav2_sms_behavior/cmake/ament_cmake_export_include_directories-extras.cmake
-- Installing: /workspace/ros_ws/install/nav2_sms_behavior/share/nav2_sms_behavior/cmake/ament_cmake_export_libraries-extras.cmake
-- Installing: /workspace/ros_ws/install/nav2_sms_behavior/share/nav2_sms_behavior/cmake/ament_cmake_export_targets-extras.cmake
-- Installing: /workspace/ros_ws/install/nav2_sms_behavior/share/nav2_sms_behavior/cmake/rosidl_cmake_export_typesupport_targets-extras.cmake
-- Installing: /workspace/ros_ws/install/nav2_sms_behavior/share/nav2_sms_behavior/cmake/rosidl_cmake_export_typesupport_libraries-extras.cmake
-- Installing: /workspace/ros_ws/install/nav2_sms_behavior/share/nav2_sms_behavior/cmake/nav2_sms_behaviorConfig.cmake
-- Installing: /workspace/ros_ws/install/nav2_sms_behavior/share/nav2_sms_behavior/cmake/nav2_sms_behaviorConfig-version.cmake
-- Installing: /workspace/ros_ws/install/nav2_sms_behavior/share/nav2_sms_behavior/package.xml
