[0.427s] Invoking command in '/workspace/ros_ws/build/nav2_sms_behavior': CMAKE_PREFIX_PATH=${CMAKE_PREFIX_PATH}:/opt/ros/jazzy /usr/bin/cmake /workspace/ros_ws/src/nav2_sms_behavior -DCMAKE_INSTALL_PREFIX=/workspace/ros_ws/install/nav2_sms_behavior
[0.524s] -- The C compiler identification is GNU 13.3.0
[0.678s] -- The CXX compiler identification is GNU 13.3.0
[0.716s] -- Detecting C compiler ABI info
[0.890s] -- Detecting C compiler ABI info - done
[0.906s] -- Check for working C compiler: /usr/bin/cc - skipped
[0.906s] -- Detecting C compile features
[0.907s] -- Detecting C compile features - done
[0.921s] -- Detecting CXX compiler ABI info
[1.113s] -- Detecting CXX compiler ABI info - done
[1.128s] -- Check for working CXX compiler: /usr/bin/c++ - skipped
[1.128s] -- Detecting CXX compile features
[1.129s] -- Detecting CXX compile features - done
[1.151s] -- Found ament_cmake: 2.5.3 (/opt/ros/jazzy/share/ament_cmake/cmake)
[1.499s] -- Found Python3: /usr/bin/python3 (found version "3.12.3") found components: Interpreter 
[1.803s] -- Found rclcpp: 28.1.6 (/opt/ros/jazzy/share/rclcpp/cmake)
[1.989s] -- Found rosidl_generator_c: 4.6.5 (/opt/ros/jazzy/share/rosidl_generator_c/cmake)
[2.035s] -- Found rosidl_generator_cpp: 4.6.5 (/opt/ros/jazzy/share/rosidl_generator_cpp/cmake)
[2.099s] -- Using all available rosidl_typesupport_c: rosidl_typesupport_fastrtps_c;rosidl_typesupport_introspection_c
[2.169s] -- Using all available rosidl_typesupport_cpp: rosidl_typesupport_fastrtps_cpp;rosidl_typesupport_introspection_cpp
[2.402s] -- Found rmw_implementation_cmake: 7.3.1 (/opt/ros/jazzy/share/rmw_implementation_cmake/cmake)
[2.417s] -- Found rmw_fastrtps_cpp: 8.4.1 (/opt/ros/jazzy/share/rmw_fastrtps_cpp/cmake)
[2.640s] -- Found OpenSSL: /usr/lib/x86_64-linux-gnu/libcrypto.so (found version "3.0.13")  
[2.677s] -- Found FastRTPS: /opt/ros/jazzy/include (Required is at least version "2.13") 
[2.712s] -- Using RMW implementation 'rmw_fastrtps_cpp' as default
[2.909s] -- Found rclcpp_action: 28.1.6 (/opt/ros/jazzy/share/rclcpp_action/cmake)
[3.028s] -- Found rclcpp_lifecycle: 28.1.6 (/opt/ros/jazzy/share/rclcpp_lifecycle/cmake)
[3.092s] -- Found std_msgs: 5.3.5 (/opt/ros/jazzy/share/std_msgs/cmake)
[3.118s] -- Found visualization_msgs: 5.3.5 (/opt/ros/jazzy/share/visualization_msgs/cmake)
[3.311s] -- Found nav2_util: 1.3.6 (/opt/ros/jazzy/share/nav2_util/cmake)
[3.670s] -- Found eigen3_cmake_module: 0.3.0 (/opt/ros/jazzy/share/eigen3_cmake_module/cmake)
[3.674s] -- Found Eigen3: TRUE (found version "3.4.0") 
[3.675s] -- Ensuring Eigen3 include directory is part of orocos-kdl CMake target
[3.913s] -- Found nav2_costmap_2d: 1.3.6 (/opt/ros/jazzy/share/nav2_costmap_2d/cmake)
[4.112s] -- Found nav2_core: 1.3.6 (/opt/ros/jazzy/share/nav2_core/cmake)
[4.206s] -- Found nav2_behaviors: 1.3.6 (/opt/ros/jazzy/share/nav2_behaviors/cmake)
[4.286s] -- Found rosidl_default_generators: 1.6.0 (/opt/ros/jazzy/share/rosidl_default_generators/cmake)
[4.337s] -- Found rosidl_adapter: 4.6.5 (/opt/ros/jazzy/share/rosidl_adapter/cmake)
[4.472s] -- Found CURL: /usr/lib/x86_64-linux-gnu/libcurl.so (found version "8.5.0")  
[5.429s] -- Found ament_cmake_ros: 0.12.0 (/opt/ros/jazzy/share/ament_cmake_ros/cmake)
[6.692s] -- Using all available rosidl_typesupport_c: rosidl_typesupport_fastrtps_c;rosidl_typesupport_introspection_c
[7.254s] -- Using all available rosidl_typesupport_cpp: rosidl_typesupport_fastrtps_cpp;rosidl_typesupport_introspection_cpp
[7.266s] -- Found python_cmake_module: 0.11.1 (/opt/ros/jazzy/share/python_cmake_module/cmake)
[7.502s] -- Found PythonExtra: /usr/bin/python3  
[8.485s] -- Found Python3: /usr/bin/python3 (found version "3.12.3") found components: Interpreter Development NumPy Development.Module Development.Embed 
[8.887s] -- Found ament_lint_auto: 0.17.1 (/opt/ros/jazzy/share/ament_lint_auto/cmake)
[8.971s] -- Added test 'copyright' to check source files copyright and LICENSE
[8.977s] -- Added test 'cppcheck' to perform static code analysis on C / C++ code
[8.979s] -- Configured cppcheck include dirs: /workspace/ros_ws/src/nav2_sms_behavior/include
[8.979s] -- Configured cppcheck exclude dirs and/or files: 
[8.983s] -- Added test 'cpplint' to check C / C++ code against the Google style
[8.983s] -- Configured cpplint exclude dirs and/or files: 
[8.986s] -- Added test 'lint_cmake' to check CMake code style
[8.989s] -- Added test 'uncrustify' to check C / C++ code style
[8.989s] -- Configured uncrustify additional arguments: 
[8.990s] -- Added test 'xmllint' to check XML markup files
[8.994s] -- Configuring done (8.6s)
[9.152s] -- Generating done (0.1s)
[9.182s] -- Build files have been written to: /workspace/ros_ws/build/nav2_sms_behavior
[9.215s] Invoked command in '/workspace/ros_ws/build/nav2_sms_behavior' returned '0': CMAKE_PREFIX_PATH=${CMAKE_PREFIX_PATH}:/opt/ros/jazzy /usr/bin/cmake /workspace/ros_ws/src/nav2_sms_behavior -DCMAKE_INSTALL_PREFIX=/workspace/ros_ws/install/nav2_sms_behavior
[9.218s] Invoking command in '/workspace/ros_ws/build/nav2_sms_behavior': CMAKE_PREFIX_PATH=${CMAKE_PREFIX_PATH}:/opt/ros/jazzy /usr/bin/cmake --build /workspace/ros_ws/build/nav2_sms_behavior -- -j12 -l12
[9.290s] [  2%] [34m[1mGenerating type hashes for ROS interfaces[0m
[9.307s] [  2%] Built target ament_cmake_python_copy_nav2_sms_behavior
[9.703s] running egg_info
[9.706s] creating nav2_sms_behavior.egg-info
[9.726s] [  2%] Built target nav2_sms_behavior__rosidl_generator_type_description
[9.742s] [  5%] [34m[1mGenerating C code for ROS interfaces[0m
[9.743s] writing nav2_sms_behavior.egg-info/PKG-INFO
[9.744s] writing dependency_links to nav2_sms_behavior.egg-info/dependency_links.txt
[9.744s] writing top-level names to nav2_sms_behavior.egg-info/top_level.txt
[9.745s] writing manifest file 'nav2_sms_behavior.egg-info/SOURCES.txt'
[9.759s] [  8%] [34m[1mGenerating C++ code for ROS interfaces[0m
[9.844s] reading manifest file 'nav2_sms_behavior.egg-info/SOURCES.txt'
[9.846s] writing manifest file 'nav2_sms_behavior.egg-info/SOURCES.txt'
[9.899s] [  8%] Built target ament_cmake_python_build_nav2_sms_behavior_egg
[10.550s] [  8%] Built target nav2_sms_behavior__cpp
[10.634s] [ 10%] [32mBuilding C object CMakeFiles/nav2_sms_behavior__rosidl_generator_c.dir/rosidl_generator_c/nav2_sms_behavior/action/detail/send_sms__functions.c.o[0m
[10.635s] [ 13%] [32mBuilding C object CMakeFiles/nav2_sms_behavior__rosidl_generator_c.dir/rosidl_generator_c/nav2_sms_behavior/action/detail/send_sms__description.c.o[0m
[10.636s] [ 16%] [32mBuilding C object CMakeFiles/nav2_sms_behavior__rosidl_generator_c.dir/rosidl_generator_c/nav2_sms_behavior/action/detail/send_sms__type_support.c.o[0m
[10.960s] [ 18%] [32m[1mLinking C shared library libnav2_sms_behavior__rosidl_generator_c.so[0m
[11.025s] [ 18%] Built target nav2_sms_behavior__rosidl_generator_c
[11.047s] [ 21%] [34m[1mGenerating C++ introspection for ROS interfaces[0m
[11.050s] [ 24%] [34m[1mGenerating C type support for eProsima Fast-RTPS[0m
[11.052s] [ 27%] [34m[1mGenerating C type support dispatch for ROS interfaces[0m
[11.053s] [ 29%] [34m[1mGenerating C introspection for ROS interfaces[0m
[11.054s] [ 32%] [34m[1mGenerating C++ type support for eProsima Fast-RTPS[0m
[11.060s] [ 35%] [34m[1mGenerating C++ type support dispatch for ROS interfaces[0m
[11.687s] [ 37%] [32mBuilding CXX object CMakeFiles/nav2_sms_behavior__rosidl_typesupport_cpp.dir/rosidl_typesupport_cpp/nav2_sms_behavior/action/send_sms__type_support.cpp.o[0m
[11.693s] [ 40%] [32mBuilding CXX object CMakeFiles/nav2_sms_behavior__rosidl_typesupport_c.dir/rosidl_typesupport_c/nav2_sms_behavior/action/send_sms__type_support.cpp.o[0m
[11.806s] [ 43%] [32mBuilding CXX object CMakeFiles/nav2_sms_behavior__rosidl_typesupport_introspection_cpp.dir/rosidl_typesupport_introspection_cpp/nav2_sms_behavior/action/detail/send_sms__type_support.cpp.o[0m
[11.817s] [ 45%] [32m[1mLinking CXX shared library libnav2_sms_behavior__rosidl_typesupport_c.so[0m
[11.832s] [ 48%] [32mBuilding C object CMakeFiles/nav2_sms_behavior__rosidl_typesupport_introspection_c.dir/rosidl_typesupport_introspection_c/nav2_sms_behavior/action/detail/send_sms__type_support.c.o[0m
[11.893s] [ 48%] Built target nav2_sms_behavior__rosidl_typesupport_c
[11.958s] [ 51%] [32m[1mLinking C shared library libnav2_sms_behavior__rosidl_typesupport_introspection_c.so[0m
[12.021s] [ 51%] Built target nav2_sms_behavior__rosidl_typesupport_introspection_c
[12.029s] [ 54%] [32mBuilding CXX object CMakeFiles/nav2_sms_behavior__rosidl_typesupport_fastrtps_cpp.dir/rosidl_typesupport_fastrtps_cpp/nav2_sms_behavior/action/detail/dds_fastrtps/send_sms__type_support.cpp.o[0m
[12.092s] [ 56%] [32mBuilding CXX object CMakeFiles/nav2_sms_behavior__rosidl_typesupport_fastrtps_c.dir/rosidl_typesupport_fastrtps_c/nav2_sms_behavior/action/detail/send_sms__type_support_c.cpp.o[0m
[13.042s] [ 59%] [32m[1mLinking CXX shared library libnav2_sms_behavior__rosidl_typesupport_cpp.so[0m
[13.190s] [ 62%] [32m[1mLinking CXX shared library libnav2_sms_behavior__rosidl_typesupport_fastrtps_c.so[0m
[13.190s] [ 62%] Built target nav2_sms_behavior__rosidl_typesupport_cpp
[13.207s] [ 64%] [32m[1mLinking CXX shared library libnav2_sms_behavior__rosidl_typesupport_introspection_cpp.so[0m
[13.233s] [ 67%] [32mBuilding CXX object CMakeFiles/nav2_sms_behavior_plugin.dir/src/twilio.cpp.o[0m
[13.267s] [ 70%] [32mBuilding CXX object CMakeFiles/nav2_sms_behavior_plugin.dir/src/send_sms.cpp.o[0m
[13.396s] [ 70%] Built target nav2_sms_behavior__rosidl_typesupport_fastrtps_c
[13.398s] [ 70%] Built target nav2_sms_behavior__rosidl_typesupport_introspection_cpp
[13.946s] [ 72%] [32m[1mLinking CXX shared library libnav2_sms_behavior__rosidl_typesupport_fastrtps_cpp.so[0m
[14.074s] [ 72%] Built target nav2_sms_behavior__rosidl_typesupport_fastrtps_cpp
[14.106s] [ 72%] Built target nav2_sms_behavior
[14.136s] [ 75%] [34m[1mGenerating Python code for ROS interfaces[0m
[15.304s] [ 75%] Built target nav2_sms_behavior__py
[15.335s] [ 78%] [32mBuilding C object CMakeFiles/nav2_sms_behavior__rosidl_generator_py.dir/rosidl_generator_py/nav2_sms_behavior/action/_send_sms_s.c.o[0m
[15.739s] [ 81%] [32m[1mLinking C shared library libnav2_sms_behavior__rosidl_generator_py.so[0m
[15.806s] [ 81%] Built target nav2_sms_behavior__rosidl_generator_py
[15.844s] [ 83%] [32mBuilding C object CMakeFiles/nav2_sms_behavior_s__rosidl_typesupport_introspection_c.dir/rosidl_generator_py/nav2_sms_behavior/_nav2_sms_behavior_s.ep.rosidl_typesupport_introspection_c.c.o[0m
[15.847s] [ 86%] [32mBuilding C object CMakeFiles/nav2_sms_behavior_s__rosidl_typesupport_c.dir/rosidl_generator_py/nav2_sms_behavior/_nav2_sms_behavior_s.ep.rosidl_typesupport_c.c.o[0m
[15.850s] [ 89%] [32mBuilding C object CMakeFiles/nav2_sms_behavior_s__rosidl_typesupport_fastrtps_c.dir/rosidl_generator_py/nav2_sms_behavior/_nav2_sms_behavior_s.ep.rosidl_typesupport_fastrtps_c.c.o[0m
[16.066s] [ 91%] [32m[1mLinking C shared module rosidl_generator_py/nav2_sms_behavior/nav2_sms_behavior_s__rosidl_typesupport_c.so[0m
[16.072s] [ 94%] [32m[1mLinking C shared module rosidl_generator_py/nav2_sms_behavior/nav2_sms_behavior_s__rosidl_typesupport_introspection_c.so[0m
[16.106s] [ 97%] [32m[1mLinking C shared module rosidl_generator_py/nav2_sms_behavior/nav2_sms_behavior_s__rosidl_typesupport_fastrtps_c.so[0m
[16.110s] [ 97%] Built target nav2_sms_behavior_s__rosidl_typesupport_introspection_c
[16.112s] [ 97%] Built target nav2_sms_behavior_s__rosidl_typesupport_c
[16.152s] [ 97%] Built target nav2_sms_behavior_s__rosidl_typesupport_fastrtps_c
[24.027s] [100%] [32m[1mLinking CXX shared library libnav2_sms_behavior_plugin.so[0m
[24.820s] [100%] Built target nav2_sms_behavior_plugin
[24.836s] Invoked command in '/workspace/ros_ws/build/nav2_sms_behavior' returned '0': CMAKE_PREFIX_PATH=${CMAKE_PREFIX_PATH}:/opt/ros/jazzy /usr/bin/cmake --build /workspace/ros_ws/build/nav2_sms_behavior -- -j12 -l12
[24.838s] Invoking command in '/workspace/ros_ws/build/nav2_sms_behavior': CMAKE_PREFIX_PATH=${CMAKE_PREFIX_PATH}:/opt/ros/jazzy /usr/bin/cmake --install /workspace/ros_ws/build/nav2_sms_behavior
[24.849s] -- Install configuration: ""
[24.853s] -- Installing: /workspace/ros_ws/install/nav2_sms_behavior/share/ament_index/resource_index/rosidl_interfaces/nav2_sms_behavior
[24.854s] -- Installing: /workspace/ros_ws/install/nav2_sms_behavior/share/nav2_sms_behavior/action/SendSms.json
[24.855s] -- Installing: /workspace/ros_ws/install/nav2_sms_behavior/include/nav2_sms_behavior/nav2_sms_behavior
[24.855s] -- Installing: /workspace/ros_ws/install/nav2_sms_behavior/include/nav2_sms_behavior/nav2_sms_behavior/msg
[24.855s] -- Installing: /workspace/ros_ws/install/nav2_sms_behavior/include/nav2_sms_behavior/nav2_sms_behavior/msg/rosidl_generator_c__visibility_control.h
[24.856s] -- Installing: /workspace/ros_ws/install/nav2_sms_behavior/include/nav2_sms_behavior/nav2_sms_behavior/action
[24.856s] -- Installing: /workspace/ros_ws/install/nav2_sms_behavior/include/nav2_sms_behavior/nav2_sms_behavior/action/send_sms.h
[24.856s] -- Installing: /workspace/ros_ws/install/nav2_sms_behavior/include/nav2_sms_behavior/nav2_sms_behavior/action/detail
[24.856s] -- Installing: /workspace/ros_ws/install/nav2_sms_behavior/include/nav2_sms_behavior/nav2_sms_behavior/action/detail/send_sms__functions.h
[24.857s] -- Installing: /workspace/ros_ws/install/nav2_sms_behavior/include/nav2_sms_behavior/nav2_sms_behavior/action/detail/send_sms__functions.c
[24.857s] -- Installing: /workspace/ros_ws/install/nav2_sms_behavior/include/nav2_sms_behavior/nav2_sms_behavior/action/detail/send_sms__type_support.c
[24.857s] -- Installing: /workspace/ros_ws/install/nav2_sms_behavior/include/nav2_sms_behavior/nav2_sms_behavior/action/detail/send_sms__struct.h
[24.858s] -- Installing: /workspace/ros_ws/install/nav2_sms_behavior/include/nav2_sms_behavior/nav2_sms_behavior/action/detail/send_sms__type_support.h
[24.858s] -- Installing: /workspace/ros_ws/install/nav2_sms_behavior/include/nav2_sms_behavior/nav2_sms_behavior/action/detail/send_sms__description.c
[24.858s] -- Installing: /workspace/ros_ws/install/nav2_sms_behavior/share/nav2_sms_behavior/environment/library_path.sh
[24.859s] -- Installing: /workspace/ros_ws/install/nav2_sms_behavior/share/nav2_sms_behavior/environment/library_path.dsv
[24.859s] -- Installing: /workspace/ros_ws/install/nav2_sms_behavior/lib/libnav2_sms_behavior__rosidl_generator_c.so
[24.860s] -- Set non-toolchain portion of runtime path of "/workspace/ros_ws/install/nav2_sms_behavior/lib/libnav2_sms_behavior__rosidl_generator_c.so" to ""
[24.860s] -- Up-to-date: /workspace/ros_ws/install/nav2_sms_behavior/include/nav2_sms_behavior/nav2_sms_behavior
[24.860s] -- Up-to-date: /workspace/ros_ws/install/nav2_sms_behavior/include/nav2_sms_behavior/nav2_sms_behavior/msg
[24.860s] -- Installing: /workspace/ros_ws/install/nav2_sms_behavior/include/nav2_sms_behavior/nav2_sms_behavior/msg/rosidl_typesupport_fastrtps_c__visibility_control.h
[24.861s] -- Up-to-date: /workspace/ros_ws/install/nav2_sms_behavior/include/nav2_sms_behavior/nav2_sms_behavior/action
[24.861s] -- Up-to-date: /workspace/ros_ws/install/nav2_sms_behavior/include/nav2_sms_behavior/nav2_sms_behavior/action/detail
[24.861s] -- Installing: /workspace/ros_ws/install/nav2_sms_behavior/include/nav2_sms_behavior/nav2_sms_behavior/action/detail/send_sms__rosidl_typesupport_fastrtps_c.h
[24.861s] -- Installing: /workspace/ros_ws/install/nav2_sms_behavior/lib/libnav2_sms_behavior__rosidl_typesupport_fastrtps_c.so
[24.862s] -- Set non-toolchain portion of runtime path of "/workspace/ros_ws/install/nav2_sms_behavior/lib/libnav2_sms_behavior__rosidl_typesupport_fastrtps_c.so" to ""
[24.862s] -- Up-to-date: /workspace/ros_ws/install/nav2_sms_behavior/include/nav2_sms_behavior/nav2_sms_behavior
[24.862s] -- Up-to-date: /workspace/ros_ws/install/nav2_sms_behavior/include/nav2_sms_behavior/nav2_sms_behavior/msg
[24.863s] -- Installing: /workspace/ros_ws/install/nav2_sms_behavior/include/nav2_sms_behavior/nav2_sms_behavior/msg/rosidl_generator_cpp__visibility_control.hpp
[24.863s] -- Up-to-date: /workspace/ros_ws/install/nav2_sms_behavior/include/nav2_sms_behavior/nav2_sms_behavior/action
[24.864s] -- Installing: /workspace/ros_ws/install/nav2_sms_behavior/include/nav2_sms_behavior/nav2_sms_behavior/action/send_sms.hpp
[24.864s] -- Up-to-date: /workspace/ros_ws/install/nav2_sms_behavior/include/nav2_sms_behavior/nav2_sms_behavior/action/detail
[24.864s] -- Installing: /workspace/ros_ws/install/nav2_sms_behavior/include/nav2_sms_behavior/nav2_sms_behavior/action/detail/send_sms__struct.hpp
[24.864s] -- Installing: /workspace/ros_ws/install/nav2_sms_behavior/include/nav2_sms_behavior/nav2_sms_behavior/action/detail/send_sms__traits.hpp
[24.864s] -- Installing: /workspace/ros_ws/install/nav2_sms_behavior/include/nav2_sms_behavior/nav2_sms_behavior/action/detail/send_sms__builder.hpp
[24.865s] -- Installing: /workspace/ros_ws/install/nav2_sms_behavior/include/nav2_sms_behavior/nav2_sms_behavior/action/detail/send_sms__type_support.hpp
[24.865s] -- Up-to-date: /workspace/ros_ws/install/nav2_sms_behavior/include/nav2_sms_behavior/nav2_sms_behavior
[24.865s] -- Up-to-date: /workspace/ros_ws/install/nav2_sms_behavior/include/nav2_sms_behavior/nav2_sms_behavior/msg
[24.865s] -- Installing: /workspace/ros_ws/install/nav2_sms_behavior/include/nav2_sms_behavior/nav2_sms_behavior/msg/rosidl_typesupport_fastrtps_cpp__visibility_control.h
[24.865s] -- Up-to-date: /workspace/ros_ws/install/nav2_sms_behavior/include/nav2_sms_behavior/nav2_sms_behavior/action
[24.866s] -- Up-to-date: /workspace/ros_ws/install/nav2_sms_behavior/include/nav2_sms_behavior/nav2_sms_behavior/action/detail
[24.866s] -- Installing: /workspace/ros_ws/install/nav2_sms_behavior/include/nav2_sms_behavior/nav2_sms_behavior/action/detail/dds_fastrtps
[24.867s] -- Installing: /workspace/ros_ws/install/nav2_sms_behavior/include/nav2_sms_behavior/nav2_sms_behavior/action/detail/send_sms__rosidl_typesupport_fastrtps_cpp.hpp
[24.867s] -- Installing: /workspace/ros_ws/install/nav2_sms_behavior/lib/libnav2_sms_behavior__rosidl_typesupport_fastrtps_cpp.so
[24.867s] -- Set non-toolchain portion of runtime path of "/workspace/ros_ws/install/nav2_sms_behavior/lib/libnav2_sms_behavior__rosidl_typesupport_fastrtps_cpp.so" to ""
[24.867s] -- Up-to-date: /workspace/ros_ws/install/nav2_sms_behavior/include/nav2_sms_behavior/nav2_sms_behavior
[24.867s] -- Up-to-date: /workspace/ros_ws/install/nav2_sms_behavior/include/nav2_sms_behavior/nav2_sms_behavior/msg
[24.867s] -- Installing: /workspace/ros_ws/install/nav2_sms_behavior/include/nav2_sms_behavior/nav2_sms_behavior/msg/rosidl_typesupport_introspection_c__visibility_control.h
[24.867s] -- Up-to-date: /workspace/ros_ws/install/nav2_sms_behavior/include/nav2_sms_behavior/nav2_sms_behavior/action
[24.867s] -- Up-to-date: /workspace/ros_ws/install/nav2_sms_behavior/include/nav2_sms_behavior/nav2_sms_behavior/action/detail
[24.868s] -- Installing: /workspace/ros_ws/install/nav2_sms_behavior/include/nav2_sms_behavior/nav2_sms_behavior/action/detail/send_sms__type_support.c
[24.868s] -- Installing: /workspace/ros_ws/install/nav2_sms_behavior/include/nav2_sms_behavior/nav2_sms_behavior/action/detail/send_sms__rosidl_typesupport_introspection_c.h
[24.868s] -- Installing: /workspace/ros_ws/install/nav2_sms_behavior/lib/libnav2_sms_behavior__rosidl_typesupport_introspection_c.so
[24.869s] -- Set non-toolchain portion of runtime path of "/workspace/ros_ws/install/nav2_sms_behavior/lib/libnav2_sms_behavior__rosidl_typesupport_introspection_c.so" to ""
[24.869s] -- Installing: /workspace/ros_ws/install/nav2_sms_behavior/lib/libnav2_sms_behavior__rosidl_typesupport_c.so
[24.869s] -- Set non-toolchain portion of runtime path of "/workspace/ros_ws/install/nav2_sms_behavior/lib/libnav2_sms_behavior__rosidl_typesupport_c.so" to ""
[24.869s] -- Up-to-date: /workspace/ros_ws/install/nav2_sms_behavior/include/nav2_sms_behavior/nav2_sms_behavior
[24.870s] -- Up-to-date: /workspace/ros_ws/install/nav2_sms_behavior/include/nav2_sms_behavior/nav2_sms_behavior/action
[24.870s] -- Up-to-date: /workspace/ros_ws/install/nav2_sms_behavior/include/nav2_sms_behavior/nav2_sms_behavior/action/detail
[24.870s] -- Installing: /workspace/ros_ws/install/nav2_sms_behavior/include/nav2_sms_behavior/nav2_sms_behavior/action/detail/send_sms__type_support.cpp
[24.870s] -- Installing: /workspace/ros_ws/install/nav2_sms_behavior/include/nav2_sms_behavior/nav2_sms_behavior/action/detail/send_sms__rosidl_typesupport_introspection_cpp.hpp
[24.871s] -- Installing: /workspace/ros_ws/install/nav2_sms_behavior/lib/libnav2_sms_behavior__rosidl_typesupport_introspection_cpp.so
[24.871s] -- Set non-toolchain portion of runtime path of "/workspace/ros_ws/install/nav2_sms_behavior/lib/libnav2_sms_behavior__rosidl_typesupport_introspection_cpp.so" to ""
[24.871s] -- Installing: /workspace/ros_ws/install/nav2_sms_behavior/lib/libnav2_sms_behavior__rosidl_typesupport_cpp.so
[24.871s] -- Set non-toolchain portion of runtime path of "/workspace/ros_ws/install/nav2_sms_behavior/lib/libnav2_sms_behavior__rosidl_typesupport_cpp.so" to ""
[24.871s] -- Installing: /workspace/ros_ws/install/nav2_sms_behavior/share/nav2_sms_behavior/environment/pythonpath.sh
[24.871s] -- Installing: /workspace/ros_ws/install/nav2_sms_behavior/share/nav2_sms_behavior/environment/pythonpath.dsv
[24.872s] -- Installing: /workspace/ros_ws/install/nav2_sms_behavior/lib/python3.12/site-packages/nav2_sms_behavior-1.0.0-py3.12.egg-info
[24.872s] -- Installing: /workspace/ros_ws/install/nav2_sms_behavior/lib/python3.12/site-packages/nav2_sms_behavior-1.0.0-py3.12.egg-info/top_level.txt
[24.872s] -- Installing: /workspace/ros_ws/install/nav2_sms_behavior/lib/python3.12/site-packages/nav2_sms_behavior-1.0.0-py3.12.egg-info/dependency_links.txt
[24.872s] -- Installing: /workspace/ros_ws/install/nav2_sms_behavior/lib/python3.12/site-packages/nav2_sms_behavior-1.0.0-py3.12.egg-info/SOURCES.txt
[24.872s] -- Installing: /workspace/ros_ws/install/nav2_sms_behavior/lib/python3.12/site-packages/nav2_sms_behavior-1.0.0-py3.12.egg-info/PKG-INFO
[24.872s] -- Installing: /workspace/ros_ws/install/nav2_sms_behavior/lib/python3.12/site-packages/nav2_sms_behavior
[24.872s] -- Installing: /workspace/ros_ws/install/nav2_sms_behavior/lib/python3.12/site-packages/nav2_sms_behavior/_nav2_sms_behavior_s.ep.rosidl_typesupport_fastrtps_c.c
[24.873s] -- Installing: /workspace/ros_ws/install/nav2_sms_behavior/lib/python3.12/site-packages/nav2_sms_behavior/nav2_sms_behavior_s__rosidl_typesupport_fastrtps_c.so
[24.873s] -- Installing: /workspace/ros_ws/install/nav2_sms_behavior/lib/python3.12/site-packages/nav2_sms_behavior/_nav2_sms_behavior_s.ep.rosidl_typesupport_c.c
[24.873s] -- Installing: /workspace/ros_ws/install/nav2_sms_behavior/lib/python3.12/site-packages/nav2_sms_behavior/nav2_sms_behavior_s__rosidl_typesupport_introspection_c.so
[24.873s] -- Installing: /workspace/ros_ws/install/nav2_sms_behavior/lib/python3.12/site-packages/nav2_sms_behavior/nav2_sms_behavior_s__rosidl_typesupport_c.so
[24.874s] -- Installing: /workspace/ros_ws/install/nav2_sms_behavior/lib/python3.12/site-packages/nav2_sms_behavior/_nav2_sms_behavior_s.ep.rosidl_typesupport_introspection_c.c
[24.874s] -- Installing: /workspace/ros_ws/install/nav2_sms_behavior/lib/python3.12/site-packages/nav2_sms_behavior/__init__.py
[24.874s] -- Installing: /workspace/ros_ws/install/nav2_sms_behavior/lib/python3.12/site-packages/nav2_sms_behavior/action
[24.874s] -- Installing: /workspace/ros_ws/install/nav2_sms_behavior/lib/python3.12/site-packages/nav2_sms_behavior/action/_send_sms.py
[24.874s] -- Installing: /workspace/ros_ws/install/nav2_sms_behavior/lib/python3.12/site-packages/nav2_sms_behavior/action/_send_sms_s.c
[24.874s] -- Installing: /workspace/ros_ws/install/nav2_sms_behavior/lib/python3.12/site-packages/nav2_sms_behavior/action/__init__.py
[24.933s] Listing '/workspace/ros_ws/install/nav2_sms_behavior/lib/python3.12/site-packages/nav2_sms_behavior'...
[24.933s] Compiling '/workspace/ros_ws/install/nav2_sms_behavior/lib/python3.12/site-packages/nav2_sms_behavior/__init__.py'...
[24.933s] Listing '/workspace/ros_ws/install/nav2_sms_behavior/lib/python3.12/site-packages/nav2_sms_behavior/action'...
[24.933s] Compiling '/workspace/ros_ws/install/nav2_sms_behavior/lib/python3.12/site-packages/nav2_sms_behavior/action/__init__.py'...
[24.934s] Compiling '/workspace/ros_ws/install/nav2_sms_behavior/lib/python3.12/site-packages/nav2_sms_behavior/action/_send_sms.py'...
[24.942s] -- Installing: /workspace/ros_ws/install/nav2_sms_behavior/lib/python3.12/site-packages/nav2_sms_behavior/nav2_sms_behavior_s__rosidl_typesupport_fastrtps_c.so
[24.942s] -- Set non-toolchain portion of runtime path of "/workspace/ros_ws/install/nav2_sms_behavior/lib/python3.12/site-packages/nav2_sms_behavior/nav2_sms_behavior_s__rosidl_typesupport_fastrtps_c.so" to ""
[24.943s] -- Installing: /workspace/ros_ws/install/nav2_sms_behavior/lib/python3.12/site-packages/nav2_sms_behavior/nav2_sms_behavior_s__rosidl_typesupport_introspection_c.so
[24.943s] -- Set non-toolchain portion of runtime path of "/workspace/ros_ws/install/nav2_sms_behavior/lib/python3.12/site-packages/nav2_sms_behavior/nav2_sms_behavior_s__rosidl_typesupport_introspection_c.so" to ""
[24.943s] -- Installing: /workspace/ros_ws/install/nav2_sms_behavior/lib/python3.12/site-packages/nav2_sms_behavior/nav2_sms_behavior_s__rosidl_typesupport_c.so
[24.944s] -- Set non-toolchain portion of runtime path of "/workspace/ros_ws/install/nav2_sms_behavior/lib/python3.12/site-packages/nav2_sms_behavior/nav2_sms_behavior_s__rosidl_typesupport_c.so" to ""
[24.944s] -- Installing: /workspace/ros_ws/install/nav2_sms_behavior/lib/libnav2_sms_behavior__rosidl_generator_py.so
[24.944s] -- Set non-toolchain portion of runtime path of "/workspace/ros_ws/install/nav2_sms_behavior/lib/libnav2_sms_behavior__rosidl_generator_py.so" to ""
[24.944s] -- Installing: /workspace/ros_ws/install/nav2_sms_behavior/share/nav2_sms_behavior/action/SendSms.idl
[24.944s] -- Installing: /workspace/ros_ws/install/nav2_sms_behavior/share/nav2_sms_behavior/action/SendSms.action
[24.944s] -- Installing: /workspace/ros_ws/install/nav2_sms_behavior/share/nav2_sms_behavior/behavior_plugin.xml
[24.945s] -- Installing: /workspace/ros_ws/install/nav2_sms_behavior/lib/libnav2_sms_behavior_plugin.so
[24.947s] -- Set non-toolchain portion of runtime path of "/workspace/ros_ws/install/nav2_sms_behavior/lib/libnav2_sms_behavior_plugin.so" to ""
[24.948s] -- Up-to-date: /workspace/ros_ws/install/nav2_sms_behavior/include/
[24.948s] -- Up-to-date: /workspace/ros_ws/install/nav2_sms_behavior/include//nav2_sms_behavior
[24.948s] -- Installing: /workspace/ros_ws/install/nav2_sms_behavior/include//nav2_sms_behavior/send_sms.hpp
[24.949s] -- Installing: /workspace/ros_ws/install/nav2_sms_behavior/include//nav2_sms_behavior/type_conversion.hpp:Zone.Identifier
[24.949s] -- Installing: /workspace/ros_ws/install/nav2_sms_behavior/include//nav2_sms_behavior/twilio.hpp:Zone.Identifier
[24.950s] -- Installing: /workspace/ros_ws/install/nav2_sms_behavior/include//nav2_sms_behavior/send_sms.hpp:Zone.Identifier
[24.950s] -- Installing: /workspace/ros_ws/install/nav2_sms_behavior/include//nav2_sms_behavior/type_conversion.hpp
[24.950s] -- Installing: /workspace/ros_ws/install/nav2_sms_behavior/include//nav2_sms_behavior/twilio.hpp
[24.950s] -- Up-to-date: /workspace/ros_ws/install/nav2_sms_behavior/share/nav2_sms_behavior/behavior_plugin.xml
[24.951s] -- Installing: /workspace/ros_ws/install/nav2_sms_behavior/share/ament_index/resource_index/package_run_dependencies/nav2_sms_behavior
[24.951s] -- Installing: /workspace/ros_ws/install/nav2_sms_behavior/share/ament_index/resource_index/parent_prefix_path/nav2_sms_behavior
[24.951s] -- Installing: /workspace/ros_ws/install/nav2_sms_behavior/share/nav2_sms_behavior/environment/ament_prefix_path.sh
[24.952s] -- Installing: /workspace/ros_ws/install/nav2_sms_behavior/share/nav2_sms_behavior/environment/ament_prefix_path.dsv
[24.952s] -- Installing: /workspace/ros_ws/install/nav2_sms_behavior/share/nav2_sms_behavior/environment/path.sh
[24.953s] -- Installing: /workspace/ros_ws/install/nav2_sms_behavior/share/nav2_sms_behavior/environment/path.dsv
[24.953s] -- Installing: /workspace/ros_ws/install/nav2_sms_behavior/share/nav2_sms_behavior/local_setup.bash
[24.953s] -- Installing: /workspace/ros_ws/install/nav2_sms_behavior/share/nav2_sms_behavior/local_setup.sh
[24.954s] -- Installing: /workspace/ros_ws/install/nav2_sms_behavior/share/nav2_sms_behavior/local_setup.zsh
[24.954s] -- Installing: /workspace/ros_ws/install/nav2_sms_behavior/share/nav2_sms_behavior/local_setup.dsv
[24.954s] -- Installing: /workspace/ros_ws/install/nav2_sms_behavior/share/nav2_sms_behavior/package.dsv
[24.956s] -- Installing: /workspace/ros_ws/install/nav2_sms_behavior/share/ament_index/resource_index/packages/nav2_sms_behavior
[24.957s] -- Installing: /workspace/ros_ws/install/nav2_sms_behavior/share/ament_index/resource_index/nav2_core__pluginlib__plugin/nav2_sms_behavior
[24.957s] -- Installing: /workspace/ros_ws/install/nav2_sms_behavior/share/nav2_sms_behavior/cmake/export_nav2_sms_behavior__rosidl_generator_cExport.cmake
[24.957s] -- Installing: /workspace/ros_ws/install/nav2_sms_behavior/share/nav2_sms_behavior/cmake/export_nav2_sms_behavior__rosidl_generator_cExport-noconfig.cmake
[24.958s] -- Installing: /workspace/ros_ws/install/nav2_sms_behavior/share/nav2_sms_behavior/cmake/export_nav2_sms_behavior__rosidl_typesupport_fastrtps_cExport.cmake
[24.958s] -- Installing: /workspace/ros_ws/install/nav2_sms_behavior/share/nav2_sms_behavior/cmake/export_nav2_sms_behavior__rosidl_typesupport_fastrtps_cExport-noconfig.cmake
[24.959s] -- Installing: /workspace/ros_ws/install/nav2_sms_behavior/share/nav2_sms_behavior/cmake/export_nav2_sms_behavior__rosidl_generator_cppExport.cmake
[24.959s] -- Installing: /workspace/ros_ws/install/nav2_sms_behavior/share/nav2_sms_behavior/cmake/export_nav2_sms_behavior__rosidl_typesupport_fastrtps_cppExport.cmake
[24.959s] -- Installing: /workspace/ros_ws/install/nav2_sms_behavior/share/nav2_sms_behavior/cmake/export_nav2_sms_behavior__rosidl_typesupport_fastrtps_cppExport-noconfig.cmake
[24.959s] -- Installing: /workspace/ros_ws/install/nav2_sms_behavior/share/nav2_sms_behavior/cmake/nav2_sms_behavior__rosidl_typesupport_introspection_cExport.cmake
[24.960s] -- Installing: /workspace/ros_ws/install/nav2_sms_behavior/share/nav2_sms_behavior/cmake/nav2_sms_behavior__rosidl_typesupport_introspection_cExport-noconfig.cmake
[24.960s] -- Installing: /workspace/ros_ws/install/nav2_sms_behavior/share/nav2_sms_behavior/cmake/nav2_sms_behavior__rosidl_typesupport_cExport.cmake
[24.960s] -- Installing: /workspace/ros_ws/install/nav2_sms_behavior/share/nav2_sms_behavior/cmake/nav2_sms_behavior__rosidl_typesupport_cExport-noconfig.cmake
[24.960s] -- Installing: /workspace/ros_ws/install/nav2_sms_behavior/share/nav2_sms_behavior/cmake/nav2_sms_behavior__rosidl_typesupport_introspection_cppExport.cmake
[24.960s] -- Installing: /workspace/ros_ws/install/nav2_sms_behavior/share/nav2_sms_behavior/cmake/nav2_sms_behavior__rosidl_typesupport_introspection_cppExport-noconfig.cmake
[24.961s] -- Installing: /workspace/ros_ws/install/nav2_sms_behavior/share/nav2_sms_behavior/cmake/nav2_sms_behavior__rosidl_typesupport_cppExport.cmake
[24.961s] -- Installing: /workspace/ros_ws/install/nav2_sms_behavior/share/nav2_sms_behavior/cmake/nav2_sms_behavior__rosidl_typesupport_cppExport-noconfig.cmake
[24.962s] -- Installing: /workspace/ros_ws/install/nav2_sms_behavior/share/nav2_sms_behavior/cmake/export_nav2_sms_behavior__rosidl_generator_pyExport.cmake
[24.963s] -- Installing: /workspace/ros_ws/install/nav2_sms_behavior/share/nav2_sms_behavior/cmake/export_nav2_sms_behavior__rosidl_generator_pyExport-noconfig.cmake
[24.963s] -- Installing: /workspace/ros_ws/install/nav2_sms_behavior/share/nav2_sms_behavior/cmake/rosidl_cmake-extras.cmake
[24.963s] -- Installing: /workspace/ros_ws/install/nav2_sms_behavior/share/nav2_sms_behavior/cmake/ament_cmake_export_dependencies-extras.cmake
[24.963s] -- Installing: /workspace/ros_ws/install/nav2_sms_behavior/share/nav2_sms_behavior/cmake/ament_cmake_export_include_directories-extras.cmake
[24.964s] -- Installing: /workspace/ros_ws/install/nav2_sms_behavior/share/nav2_sms_behavior/cmake/ament_cmake_export_libraries-extras.cmake
[24.964s] -- Installing: /workspace/ros_ws/install/nav2_sms_behavior/share/nav2_sms_behavior/cmake/ament_cmake_export_targets-extras.cmake
[24.964s] -- Installing: /workspace/ros_ws/install/nav2_sms_behavior/share/nav2_sms_behavior/cmake/rosidl_cmake_export_typesupport_targets-extras.cmake
[24.964s] -- Installing: /workspace/ros_ws/install/nav2_sms_behavior/share/nav2_sms_behavior/cmake/rosidl_cmake_export_typesupport_libraries-extras.cmake
[24.964s] -- Installing: /workspace/ros_ws/install/nav2_sms_behavior/share/nav2_sms_behavior/cmake/nav2_sms_behaviorConfig.cmake
[24.965s] -- Installing: /workspace/ros_ws/install/nav2_sms_behavior/share/nav2_sms_behavior/cmake/nav2_sms_behaviorConfig-version.cmake
[24.965s] -- Installing: /workspace/ros_ws/install/nav2_sms_behavior/share/nav2_sms_behavior/package.xml
[24.965s] Invoked command in '/workspace/ros_ws/build/nav2_sms_behavior' returned '0': CMAKE_PREFIX_PATH=${CMAKE_PREFIX_PATH}:/opt/ros/jazzy /usr/bin/cmake --install /workspace/ros_ws/build/nav2_sms_behavior
