[0.952s] Invoking command in '/workspace/ros_ws/src/nav2_gps_waypoint_follower_demo': PYTHONPATH=/workspace/ros_ws/src/nav2_gps_waypoint_follower_demo/build/nav2_gps_waypoint_follower_demo/prefix_override:/usr/lib/python3/dist-packages/colcon_core/task/python/colcon_distutils_commands:/workspace/ros_ws/src/nav2_gps_waypoint_follower_demo/install/nav2_gps_waypoint_follower_demo/lib/python3.12/site-packages:${PYTHONPATH} /usr/bin/python3 -W ignore:setup.py install is deprecated -W ignore:easy_install command is deprecated setup.py egg_info --egg-base build/nav2_gps_waypoint_follower_demo build --build-base /workspace/ros_ws/src/nav2_gps_waypoint_follower_demo/build/nav2_gps_waypoint_follower_demo/build install --record /workspace/ros_ws/src/nav2_gps_waypoint_follower_demo/build/nav2_gps_waypoint_follower_demo/install.log --single-version-externally-managed install_data
[1.163s] running egg_info
[1.164s] creating build/nav2_gps_waypoint_follower_demo/nav2_gps_waypoint_follower_demo.egg-info
[1.178s] writing build/nav2_gps_waypoint_follower_demo/nav2_gps_waypoint_follower_demo.egg-info/PKG-INFO
[1.178s] writing dependency_links to build/nav2_gps_waypoint_follower_demo/nav2_gps_waypoint_follower_demo.egg-info/dependency_links.txt
[1.178s] writing entry points to build/nav2_gps_waypoint_follower_demo/nav2_gps_waypoint_follower_demo.egg-info/entry_points.txt
[1.178s] writing requirements to build/nav2_gps_waypoint_follower_demo/nav2_gps_waypoint_follower_demo.egg-info/requires.txt
[1.179s] writing top-level names to build/nav2_gps_waypoint_follower_demo/nav2_gps_waypoint_follower_demo.egg-info/top_level.txt
[1.179s] writing manifest file 'build/nav2_gps_waypoint_follower_demo/nav2_gps_waypoint_follower_demo.egg-info/SOURCES.txt'
[1.206s] reading manifest file 'build/nav2_gps_waypoint_follower_demo/nav2_gps_waypoint_follower_demo.egg-info/SOURCES.txt'
[1.206s] writing manifest file 'build/nav2_gps_waypoint_follower_demo/nav2_gps_waypoint_follower_demo.egg-info/SOURCES.txt'
[1.219s] running build
[1.220s] running build_py
[1.220s] creating /workspace/ros_ws/src/nav2_gps_waypoint_follower_demo/build/nav2_gps_waypoint_follower_demo/build
[1.220s] creating /workspace/ros_ws/src/nav2_gps_waypoint_follower_demo/build/nav2_gps_waypoint_follower_demo/build/lib
[1.220s] creating /workspace/ros_ws/src/nav2_gps_waypoint_follower_demo/build/nav2_gps_waypoint_follower_demo/build/lib/nav2_gps_waypoint_follower_demo
[1.220s] copying nav2_gps_waypoint_follower_demo/gps_waypoint_logger.py -> /workspace/ros_ws/src/nav2_gps_waypoint_follower_demo/build/nav2_gps_waypoint_follower_demo/build/lib/nav2_gps_waypoint_follower_demo
[1.220s] copying nav2_gps_waypoint_follower_demo/interactive_waypoint_follower.py -> /workspace/ros_ws/src/nav2_gps_waypoint_follower_demo/build/nav2_gps_waypoint_follower_demo/build/lib/nav2_gps_waypoint_follower_demo
[1.221s] copying nav2_gps_waypoint_follower_demo/logged_waypoint_follower.py -> /workspace/ros_ws/src/nav2_gps_waypoint_follower_demo/build/nav2_gps_waypoint_follower_demo/build/lib/nav2_gps_waypoint_follower_demo
[1.222s] copying nav2_gps_waypoint_follower_demo/__init__.py -> /workspace/ros_ws/src/nav2_gps_waypoint_follower_demo/build/nav2_gps_waypoint_follower_demo/build/lib/nav2_gps_waypoint_follower_demo
[1.222s] creating /workspace/ros_ws/src/nav2_gps_waypoint_follower_demo/build/nav2_gps_waypoint_follower_demo/build/lib/nav2_gps_waypoint_follower_demo/utils
[1.222s] copying nav2_gps_waypoint_follower_demo/utils/__init__.py -> /workspace/ros_ws/src/nav2_gps_waypoint_follower_demo/build/nav2_gps_waypoint_follower_demo/build/lib/nav2_gps_waypoint_follower_demo/utils
[1.222s] copying nav2_gps_waypoint_follower_demo/utils/gps_utils.py -> /workspace/ros_ws/src/nav2_gps_waypoint_follower_demo/build/nav2_gps_waypoint_follower_demo/build/lib/nav2_gps_waypoint_follower_demo/utils
[1.222s] running install
[1.228s] running install_lib
[1.244s] creating /workspace/ros_ws/src/nav2_gps_waypoint_follower_demo/install/nav2_gps_waypoint_follower_demo/lib/python3.12/site-packages/nav2_gps_waypoint_follower_demo
[1.244s] creating /workspace/ros_ws/src/nav2_gps_waypoint_follower_demo/install/nav2_gps_waypoint_follower_demo/lib/python3.12/site-packages/nav2_gps_waypoint_follower_demo/utils
[1.244s] copying /workspace/ros_ws/src/nav2_gps_waypoint_follower_demo/build/nav2_gps_waypoint_follower_demo/build/lib/nav2_gps_waypoint_follower_demo/utils/__init__.py -> /workspace/ros_ws/src/nav2_gps_waypoint_follower_demo/install/nav2_gps_waypoint_follower_demo/lib/python3.12/site-packages/nav2_gps_waypoint_follower_demo/utils
[1.245s] copying /workspace/ros_ws/src/nav2_gps_waypoint_follower_demo/build/nav2_gps_waypoint_follower_demo/build/lib/nav2_gps_waypoint_follower_demo/utils/gps_utils.py -> /workspace/ros_ws/src/nav2_gps_waypoint_follower_demo/install/nav2_gps_waypoint_follower_demo/lib/python3.12/site-packages/nav2_gps_waypoint_follower_demo/utils
[1.245s] copying /workspace/ros_ws/src/nav2_gps_waypoint_follower_demo/build/nav2_gps_waypoint_follower_demo/build/lib/nav2_gps_waypoint_follower_demo/gps_waypoint_logger.py -> /workspace/ros_ws/src/nav2_gps_waypoint_follower_demo/install/nav2_gps_waypoint_follower_demo/lib/python3.12/site-packages/nav2_gps_waypoint_follower_demo
[1.245s] copying /workspace/ros_ws/src/nav2_gps_waypoint_follower_demo/build/nav2_gps_waypoint_follower_demo/build/lib/nav2_gps_waypoint_follower_demo/interactive_waypoint_follower.py -> /workspace/ros_ws/src/nav2_gps_waypoint_follower_demo/install/nav2_gps_waypoint_follower_demo/lib/python3.12/site-packages/nav2_gps_waypoint_follower_demo
[1.245s] copying /workspace/ros_ws/src/nav2_gps_waypoint_follower_demo/build/nav2_gps_waypoint_follower_demo/build/lib/nav2_gps_waypoint_follower_demo/logged_waypoint_follower.py -> /workspace/ros_ws/src/nav2_gps_waypoint_follower_demo/install/nav2_gps_waypoint_follower_demo/lib/python3.12/site-packages/nav2_gps_waypoint_follower_demo
[1.245s] copying /workspace/ros_ws/src/nav2_gps_waypoint_follower_demo/build/nav2_gps_waypoint_follower_demo/build/lib/nav2_gps_waypoint_follower_demo/__init__.py -> /workspace/ros_ws/src/nav2_gps_waypoint_follower_demo/install/nav2_gps_waypoint_follower_demo/lib/python3.12/site-packages/nav2_gps_waypoint_follower_demo
[1.246s] byte-compiling /workspace/ros_ws/src/nav2_gps_waypoint_follower_demo/install/nav2_gps_waypoint_follower_demo/lib/python3.12/site-packages/nav2_gps_waypoint_follower_demo/utils/__init__.py to __init__.cpython-312.pyc
[1.246s] byte-compiling /workspace/ros_ws/src/nav2_gps_waypoint_follower_demo/install/nav2_gps_waypoint_follower_demo/lib/python3.12/site-packages/nav2_gps_waypoint_follower_demo/utils/gps_utils.py to gps_utils.cpython-312.pyc
[1.246s] byte-compiling /workspace/ros_ws/src/nav2_gps_waypoint_follower_demo/install/nav2_gps_waypoint_follower_demo/lib/python3.12/site-packages/nav2_gps_waypoint_follower_demo/gps_waypoint_logger.py to gps_waypoint_logger.cpython-312.pyc
[1.249s] byte-compiling /workspace/ros_ws/src/nav2_gps_waypoint_follower_demo/install/nav2_gps_waypoint_follower_demo/lib/python3.12/site-packages/nav2_gps_waypoint_follower_demo/interactive_waypoint_follower.py to interactive_waypoint_follower.cpython-312.pyc
[1.249s] byte-compiling /workspace/ros_ws/src/nav2_gps_waypoint_follower_demo/install/nav2_gps_waypoint_follower_demo/lib/python3.12/site-packages/nav2_gps_waypoint_follower_demo/logged_waypoint_follower.py to logged_waypoint_follower.cpython-312.pyc
[1.250s] byte-compiling /workspace/ros_ws/src/nav2_gps_waypoint_follower_demo/install/nav2_gps_waypoint_follower_demo/lib/python3.12/site-packages/nav2_gps_waypoint_follower_demo/__init__.py to __init__.cpython-312.pyc
[1.250s] running install_data
[1.250s] creating /workspace/ros_ws/src/nav2_gps_waypoint_follower_demo/install/nav2_gps_waypoint_follower_demo/share/ament_index
[1.251s] creating /workspace/ros_ws/src/nav2_gps_waypoint_follower_demo/install/nav2_gps_waypoint_follower_demo/share/ament_index/resource_index
[1.251s] creating /workspace/ros_ws/src/nav2_gps_waypoint_follower_demo/install/nav2_gps_waypoint_follower_demo/share/ament_index/resource_index/packages
[1.251s] copying resource/nav2_gps_waypoint_follower_demo -> /workspace/ros_ws/src/nav2_gps_waypoint_follower_demo/install/nav2_gps_waypoint_follower_demo/share/ament_index/resource_index/packages
[1.251s] copying package.xml -> /workspace/ros_ws/src/nav2_gps_waypoint_follower_demo/install/nav2_gps_waypoint_follower_demo/share/nav2_gps_waypoint_follower_demo
[1.251s] creating /workspace/ros_ws/src/nav2_gps_waypoint_follower_demo/install/nav2_gps_waypoint_follower_demo/share/nav2_gps_waypoint_follower_demo/launch
[1.251s] copying launch/gazebo_gps_world.launch.py -> /workspace/ros_ws/src/nav2_gps_waypoint_follower_demo/install/nav2_gps_waypoint_follower_demo/share/nav2_gps_waypoint_follower_demo/launch
[1.251s] copying launch/dual_ekf_navsat.launch.py -> /workspace/ros_ws/src/nav2_gps_waypoint_follower_demo/install/nav2_gps_waypoint_follower_demo/share/nav2_gps_waypoint_follower_demo/launch
[1.251s] copying launch/mapviz.launch.py -> /workspace/ros_ws/src/nav2_gps_waypoint_follower_demo/install/nav2_gps_waypoint_follower_demo/share/nav2_gps_waypoint_follower_demo/launch
[1.252s] copying launch/gps_waypoint_follower.launch.py -> /workspace/ros_ws/src/nav2_gps_waypoint_follower_demo/install/nav2_gps_waypoint_follower_demo/share/nav2_gps_waypoint_follower_demo/launch
[1.252s] creating /workspace/ros_ws/src/nav2_gps_waypoint_follower_demo/install/nav2_gps_waypoint_follower_demo/share/nav2_gps_waypoint_follower_demo/config
[1.252s] copying config/nav2_no_map_params.yaml:Zone.Identifier -> /workspace/ros_ws/src/nav2_gps_waypoint_follower_demo/install/nav2_gps_waypoint_follower_demo/share/nav2_gps_waypoint_follower_demo/config
[1.252s] copying config/gps_wpf_demo.mvc -> /workspace/ros_ws/src/nav2_gps_waypoint_follower_demo/install/nav2_gps_waypoint_follower_demo/share/nav2_gps_waypoint_follower_demo/config
[1.252s] copying config/dual_ekf_navsat_params.yaml:Zone.Identifier -> /workspace/ros_ws/src/nav2_gps_waypoint_follower_demo/install/nav2_gps_waypoint_follower_demo/share/nav2_gps_waypoint_follower_demo/config
[1.252s] copying config/demo_waypoints.yaml:Zone.Identifier -> /workspace/ros_ws/src/nav2_gps_waypoint_follower_demo/install/nav2_gps_waypoint_follower_demo/share/nav2_gps_waypoint_follower_demo/config
[1.253s] copying config/demo_waypoints.yaml -> /workspace/ros_ws/src/nav2_gps_waypoint_follower_demo/install/nav2_gps_waypoint_follower_demo/share/nav2_gps_waypoint_follower_demo/config
[1.253s] copying config/gps_wpf_demo.mvc:Zone.Identifier -> /workspace/ros_ws/src/nav2_gps_waypoint_follower_demo/install/nav2_gps_waypoint_follower_demo/share/nav2_gps_waypoint_follower_demo/config
[1.253s] copying config/nav2_no_map_params.yaml -> /workspace/ros_ws/src/nav2_gps_waypoint_follower_demo/install/nav2_gps_waypoint_follower_demo/share/nav2_gps_waypoint_follower_demo/config
[1.253s] copying config/dual_ekf_navsat_params.yaml -> /workspace/ros_ws/src/nav2_gps_waypoint_follower_demo/install/nav2_gps_waypoint_follower_demo/share/nav2_gps_waypoint_follower_demo/config
[1.254s] creating /workspace/ros_ws/src/nav2_gps_waypoint_follower_demo/install/nav2_gps_waypoint_follower_demo/share/nav2_gps_waypoint_follower_demo/urdf
[1.254s] copying urdf/turtlebot3_waffle_gps.urdf:Zone.Identifier -> /workspace/ros_ws/src/nav2_gps_waypoint_follower_demo/install/nav2_gps_waypoint_follower_demo/share/nav2_gps_waypoint_follower_demo/urdf
[1.254s] copying urdf/turtlebot3_waffle_gps.urdf -> /workspace/ros_ws/src/nav2_gps_waypoint_follower_demo/install/nav2_gps_waypoint_follower_demo/share/nav2_gps_waypoint_follower_demo/urdf
[1.254s] creating /workspace/ros_ws/src/nav2_gps_waypoint_follower_demo/install/nav2_gps_waypoint_follower_demo/share/nav2_gps_waypoint_follower_demo/worlds
[1.254s] copying worlds/sonoma_raceway.world:Zone.Identifier -> /workspace/ros_ws/src/nav2_gps_waypoint_follower_demo/install/nav2_gps_waypoint_follower_demo/share/nav2_gps_waypoint_follower_demo/worlds
[1.254s] copying worlds/sonoma_raceway.world -> /workspace/ros_ws/src/nav2_gps_waypoint_follower_demo/install/nav2_gps_waypoint_follower_demo/share/nav2_gps_waypoint_follower_demo/worlds
[1.254s] creating /workspace/ros_ws/src/nav2_gps_waypoint_follower_demo/install/nav2_gps_waypoint_follower_demo/share/nav2_gps_waypoint_follower_demo/models
[1.254s] creating /workspace/ros_ws/src/nav2_gps_waypoint_follower_demo/install/nav2_gps_waypoint_follower_demo/share/nav2_gps_waypoint_follower_demo/models/turtlebot_waffle_gps
[1.254s] copying models/turtlebot_waffle_gps/model.config:Zone.Identifier -> /workspace/ros_ws/src/nav2_gps_waypoint_follower_demo/install/nav2_gps_waypoint_follower_demo/share/nav2_gps_waypoint_follower_demo/models/turtlebot_waffle_gps
[1.254s] copying models/turtlebot_waffle_gps/model.config -> /workspace/ros_ws/src/nav2_gps_waypoint_follower_demo/install/nav2_gps_waypoint_follower_demo/share/nav2_gps_waypoint_follower_demo/models/turtlebot_waffle_gps
[1.255s] copying models/turtlebot_waffle_gps/model.sdf:Zone.Identifier -> /workspace/ros_ws/src/nav2_gps_waypoint_follower_demo/install/nav2_gps_waypoint_follower_demo/share/nav2_gps_waypoint_follower_demo/models/turtlebot_waffle_gps
[1.255s] copying models/turtlebot_waffle_gps/model.sdf -> /workspace/ros_ws/src/nav2_gps_waypoint_follower_demo/install/nav2_gps_waypoint_follower_demo/share/nav2_gps_waypoint_follower_demo/models/turtlebot_waffle_gps
[1.255s] running install_egg_info
[1.270s] Copying build/nav2_gps_waypoint_follower_demo/nav2_gps_waypoint_follower_demo.egg-info to /workspace/ros_ws/src/nav2_gps_waypoint_follower_demo/install/nav2_gps_waypoint_follower_demo/lib/python3.12/site-packages/nav2_gps_waypoint_follower_demo-0.0.1-py3.12.egg-info
[1.270s] running install_scripts
[1.357s] Installing gps_waypoint_logger script to /workspace/ros_ws/src/nav2_gps_waypoint_follower_demo/install/nav2_gps_waypoint_follower_demo/lib/nav2_gps_waypoint_follower_demo
[1.357s] Installing interactive_waypoint_follower script to /workspace/ros_ws/src/nav2_gps_waypoint_follower_demo/install/nav2_gps_waypoint_follower_demo/lib/nav2_gps_waypoint_follower_demo
[1.357s] Installing logged_waypoint_follower script to /workspace/ros_ws/src/nav2_gps_waypoint_follower_demo/install/nav2_gps_waypoint_follower_demo/lib/nav2_gps_waypoint_follower_demo
[1.358s] writing list of installed files to '/workspace/ros_ws/src/nav2_gps_waypoint_follower_demo/build/nav2_gps_waypoint_follower_demo/install.log'
[1.383s] Invoked command in '/workspace/ros_ws/src/nav2_gps_waypoint_follower_demo' returned '0': PYTHONPATH=/workspace/ros_ws/src/nav2_gps_waypoint_follower_demo/build/nav2_gps_waypoint_follower_demo/prefix_override:/usr/lib/python3/dist-packages/colcon_core/task/python/colcon_distutils_commands:/workspace/ros_ws/src/nav2_gps_waypoint_follower_demo/install/nav2_gps_waypoint_follower_demo/lib/python3.12/site-packages:${PYTHONPATH} /usr/bin/python3 -W ignore:setup.py install is deprecated -W ignore:easy_install command is deprecated setup.py egg_info --egg-base build/nav2_gps_waypoint_follower_demo build --build-base /workspace/ros_ws/src/nav2_gps_waypoint_follower_demo/build/nav2_gps_waypoint_follower_demo/build install --record /workspace/ros_ws/src/nav2_gps_waypoint_follower_demo/build/nav2_gps_waypoint_follower_demo/install.log --single-version-externally-managed install_data
