-- Found ament_cmake: 2.5.4 (/opt/ros/jazzy/share/ament_cmake/cmake)
-- Override CMake install command with custom implementation using symlinks instead of copying resources
-- Found ament_lint_auto: 0.17.2 (/opt/ros/jazzy/share/ament_lint_auto/cmake)
-- Added test 'cppcheck' to perform static code analysis on C / C++ code
-- Configured cppcheck include dirs: $<BUILD_INTERFACE:/workspace/ros_ws/src/my_package2/include>
-- Configured cppcheck exclude dirs and/or files: 
-- Added test 'flake8' to check Python code syntax and style conventions
-- Configured 'flake8' exclude dirs and/or files: 
-- Added test 'lint_cmake' to check CMake code style
-- Added test 'pep257' to check Python code against some of the docstring style conventions in PEP 257
-- Added test 'uncrustify' to check C / C++ code style
-- Configured uncrustify additional arguments: 
-- Added test 'xmllint' to check XML markup files
-- Configuring done (1.3s)
-- Generating done (0.0s)
-- Build files have been written to: /workspace/ros_ws/src/build/my_package2
[ 50%] [32mBuilding CXX object CMakeFiles/my_node2.dir/src/my_node2.cpp.o[0m
[100%] [32m[1mLinking CXX executable my_node2[0m
[100%] Built target my_node2
-- Install configuration: ""
-- Execute custom install script
-- Symlinking: /workspace/ros_ws/src/install/my_package2/lib/my_package2/my_node2
-- Symlinking: /workspace/ros_ws/src/install/my_package2/share/ament_index/resource_index/package_run_dependencies/my_package2
-- Symlinking: /workspace/ros_ws/src/install/my_package2/share/ament_index/resource_index/parent_prefix_path/my_package2
-- Symlinking: /workspace/ros_ws/src/install/my_package2/share/my_package2/environment/ament_prefix_path.sh
-- Symlinking: /workspace/ros_ws/src/install/my_package2/share/my_package2/environment/ament_prefix_path.dsv
-- Symlinking: /workspace/ros_ws/src/install/my_package2/share/my_package2/environment/path.sh
-- Symlinking: /workspace/ros_ws/src/install/my_package2/share/my_package2/environment/path.dsv
-- Symlinking: /workspace/ros_ws/src/install/my_package2/share/my_package2/local_setup.bash
-- Symlinking: /workspace/ros_ws/src/install/my_package2/share/my_package2/local_setup.sh
-- Symlinking: /workspace/ros_ws/src/install/my_package2/share/my_package2/local_setup.zsh
-- Symlinking: /workspace/ros_ws/src/install/my_package2/share/my_package2/local_setup.dsv
-- Symlinking: /workspace/ros_ws/src/install/my_package2/share/my_package2/package.dsv
-- Symlinking: /workspace/ros_ws/src/install/my_package2/share/ament_index/resource_index/packages/my_package2
-- Symlinking: /workspace/ros_ws/src/install/my_package2/share/my_package2/cmake/my_package2Config.cmake
-- Symlinking: /workspace/ros_ws/src/install/my_package2/share/my_package2/cmake/my_package2Config-version.cmake
-- Symlinking: /workspace/ros_ws/src/install/my_package2/share/my_package2/package.xml
