[0.344s] Invoking command in '/workspace/ros_ws/build/master': CMAKE_PREFIX_PATH=${CMAKE_PREFIX_PATH}:/opt/ros/jazzy /usr/bin/cmake --build /workspace/ros_ws/build/master -- -j8 -l8
[0.685s] [100%] Built target master_node
[0.715s] Invoked command in '/workspace/ros_ws/build/master' returned '0': CMAKE_PREFIX_PATH=${CMAKE_PREFIX_PATH}:/opt/ros/jazzy /usr/bin/cmake --build /workspace/ros_ws/build/master -- -j8 -l8
[0.716s] Invoking command in '/workspace/ros_ws/build/master': CMAKE_PREFIX_PATH=${CMAKE_PREFIX_PATH}:/opt/ros/jazzy /usr/bin/cmake --install /workspace/ros_ws/build/master
[0.738s] -- Install configuration: ""
[0.738s] -- Execute custom install script
[0.738s] -- Up-to-date symlink: /workspace/ros_ws/install/master/lib/master/master_node
[0.738s] -- Up-to-date symlink: /workspace/ros_ws/install/master/share/ament_index/resource_index/package_run_dependencies/master
[0.739s] -- Up-to-date symlink: /workspace/ros_ws/install/master/share/ament_index/resource_index/parent_prefix_path/master
[0.739s] -- Up-to-date symlink: /workspace/ros_ws/install/master/share/master/environment/ament_prefix_path.sh
[0.739s] -- Up-to-date symlink: /workspace/ros_ws/install/master/share/master/environment/ament_prefix_path.dsv
[0.742s] -- Up-to-date symlink: /workspace/ros_ws/install/master/share/master/environment/path.sh
[0.742s] -- Up-to-date symlink: /workspace/ros_ws/install/master/share/master/environment/path.dsv
[0.743s] -- Up-to-date symlink: /workspace/ros_ws/install/master/share/master/local_setup.bash
[0.743s] -- Up-to-date symlink: /workspace/ros_ws/install/master/share/master/local_setup.sh
[0.743s] -- Up-to-date symlink: /workspace/ros_ws/install/master/share/master/local_setup.zsh
[0.743s] -- Up-to-date symlink: /workspace/ros_ws/install/master/share/master/local_setup.dsv
[0.746s] -- Symlinking: /workspace/ros_ws/install/master/share/master/package.dsv
[0.783s] -- Up-to-date symlink: /workspace/ros_ws/install/master/share/ament_index/resource_index/packages/master
[0.784s] -- Up-to-date symlink: /workspace/ros_ws/install/master/share/master/cmake/masterConfig.cmake
[0.785s] -- Up-to-date symlink: /workspace/ros_ws/install/master/share/master/cmake/masterConfig-version.cmake
[0.785s] -- Up-to-date symlink: /workspace/ros_ws/install/master/share/master/package.xml
[0.900s] Invoked command in '/workspace/ros_ws/build/master' returned '0': CMAKE_PREFIX_PATH=${CMAKE_PREFIX_PATH}:/opt/ros/jazzy /usr/bin/cmake --install /workspace/ros_ws/build/master
