[1.051s] Invoking command in '/workspace/ros_ws/src/build/nav2_gradient_costmap_plugin': CMAKE_PREFIX_PATH=${CMAKE_PREFIX_PATH}:/opt/ros/jazzy /usr/bin/cmake /workspace/ros_ws/src/nav2_gradient_costmap_plugin -DAMENT_CMAKE_SYMLINK_INSTALL=1 -DCMAKE_INSTALL_PREFIX=/workspace/ros_ws/src/install/nav2_gradient_costmap_plugin
[1.338s] -- The C compiler identification is GNU 13.3.0
[1.664s] -- The CXX compiler identification is GNU 13.3.0
[1.787s] -- Detecting C compiler ABI info
[2.236s] -- Detecting C compiler ABI info - done
[2.270s] -- Check for working C compiler: /usr/bin/cc - skipped
[2.273s] -- Detecting C compile features
[2.277s] -- Detecting C compile features - done
[2.320s] -- Detecting CXX compiler ABI info
[2.550s] -- Detecting CXX compiler ABI info - done
[2.593s] -- Check for working CXX compiler: /usr/bin/c++ - skipped
[2.595s] -- Detecting CXX compile features
[2.603s] -- Detecting CXX compile features - done
[2.611s] -- Found ament_cmake: 2.5.4 (/opt/ros/jazzy/share/ament_cmake/cmake)
[3.080s] -- Found Python3: /usr/bin/python3 (found version "3.12.3") found components: Interpreter 
[3.549s] -- Override CMake install command with custom implementation using symlinks instead of copying resources
[3.929s] -- Found rclcpp: 28.1.9 (/opt/ros/jazzy/share/rclcpp/cmake)
[4.341s] -- Found rosidl_generator_c: 4.6.5 (/opt/ros/jazzy/share/rosidl_generator_c/cmake)
[4.491s] -- Found rosidl_generator_cpp: 4.6.5 (/opt/ros/jazzy/share/rosidl_generator_cpp/cmake)
[4.682s] -- Using all available rosidl_typesupport_c: rosidl_typesupport_fastrtps_c;rosidl_typesupport_introspection_c
[4.858s] -- Using all available rosidl_typesupport_cpp: rosidl_typesupport_fastrtps_cpp;rosidl_typesupport_introspection_cpp
[5.268s] -- Found rmw_implementation_cmake: 7.3.2 (/opt/ros/jazzy/share/rmw_implementation_cmake/cmake)
[5.283s] -- Found rmw_fastrtps_cpp: 8.4.2 (/opt/ros/jazzy/share/rmw_fastrtps_cpp/cmake)
[5.823s] -- Found OpenSSL: /usr/lib/x86_64-linux-gnu/libcrypto.so (found version "3.0.13")  
[5.986s] -- Found FastRTPS: /opt/ros/jazzy/include (Required is at least version "2.13") 
[6.086s] -- Using RMW implementation 'rmw_fastrtps_cpp' as default
[6.572s] -- Found nav2_costmap_2d: 1.3.6 (/opt/ros/jazzy/share/nav2_costmap_2d/cmake)
[7.993s] -- Found eigen3_cmake_module: 0.3.0 (/opt/ros/jazzy/share/eigen3_cmake_module/cmake)
[7.994s] -- Found Eigen3: TRUE (found version "3.4.0") 
[7.994s] -- Ensuring Eigen3 include directory is part of orocos-kdl CMake target
[8.711s] -- Configuring done (7.6s)
[8.795s] -- Generating done (0.1s)
[8.830s] -- Build files have been written to: /workspace/ros_ws/src/build/nav2_gradient_costmap_plugin
[8.855s] Invoked command in '/workspace/ros_ws/src/build/nav2_gradient_costmap_plugin' returned '0': CMAKE_PREFIX_PATH=${CMAKE_PREFIX_PATH}:/opt/ros/jazzy /usr/bin/cmake /workspace/ros_ws/src/nav2_gradient_costmap_plugin -DAMENT_CMAKE_SYMLINK_INSTALL=1 -DCMAKE_INSTALL_PREFIX=/workspace/ros_ws/src/install/nav2_gradient_costmap_plugin
[8.855s] Invoking command in '/workspace/ros_ws/src/build/nav2_gradient_costmap_plugin': CMAKE_PREFIX_PATH=${CMAKE_PREFIX_PATH}:/opt/ros/jazzy /usr/bin/cmake --build /workspace/ros_ws/src/build/nav2_gradient_costmap_plugin -- -j8 -l8
[9.070s] [ 50%] [32mBuilding CXX object CMakeFiles/nav2_gradient_costmap_plugin_core.dir/src/gradient_layer.cpp.o[0m
[17.958s] [100%] [32m[1mLinking CXX shared library libnav2_gradient_costmap_plugin_core.so[0m
[18.490s] [100%] Built target nav2_gradient_costmap_plugin_core
[18.541s] Invoked command in '/workspace/ros_ws/src/build/nav2_gradient_costmap_plugin' returned '0': CMAKE_PREFIX_PATH=${CMAKE_PREFIX_PATH}:/opt/ros/jazzy /usr/bin/cmake --build /workspace/ros_ws/src/build/nav2_gradient_costmap_plugin -- -j8 -l8
[18.543s] Invoking command in '/workspace/ros_ws/src/build/nav2_gradient_costmap_plugin': CMAKE_PREFIX_PATH=${CMAKE_PREFIX_PATH}:/opt/ros/jazzy /usr/bin/cmake --install /workspace/ros_ws/src/build/nav2_gradient_costmap_plugin
[18.566s] -- Install configuration: ""
[18.566s] -- Execute custom install script
[18.566s] -- Symlinking: /workspace/ros_ws/src/install/nav2_gradient_costmap_plugin/lib/libnav2_gradient_costmap_plugin_core.so
[18.594s] -- Symlinking: /workspace/ros_ws/src/install/nav2_gradient_costmap_plugin/share/nav2_gradient_costmap_plugin//gradient_layer.xml
[18.630s] -- Symlinking: /workspace/ros_ws/src/install/nav2_gradient_costmap_plugin/share/ament_index/resource_index/package_run_dependencies/nav2_gradient_costmap_plugin
[18.645s] -- Symlinking: /workspace/ros_ws/src/install/nav2_gradient_costmap_plugin/share/ament_index/resource_index/parent_prefix_path/nav2_gradient_costmap_plugin
[18.692s] -- Symlinking: /workspace/ros_ws/src/install/nav2_gradient_costmap_plugin/share/nav2_gradient_costmap_plugin/environment/ament_prefix_path.sh
[18.723s] -- Symlinking: /workspace/ros_ws/src/install/nav2_gradient_costmap_plugin/share/nav2_gradient_costmap_plugin/environment/ament_prefix_path.dsv
[18.767s] -- Symlinking: /workspace/ros_ws/src/install/nav2_gradient_costmap_plugin/share/nav2_gradient_costmap_plugin/environment/path.sh
[18.833s] -- Symlinking: /workspace/ros_ws/src/install/nav2_gradient_costmap_plugin/share/nav2_gradient_costmap_plugin/environment/path.dsv
[18.871s] -- Symlinking: /workspace/ros_ws/src/install/nav2_gradient_costmap_plugin/share/nav2_gradient_costmap_plugin/local_setup.bash
[18.932s] -- Symlinking: /workspace/ros_ws/src/install/nav2_gradient_costmap_plugin/share/nav2_gradient_costmap_plugin/local_setup.sh
[18.966s] -- Symlinking: /workspace/ros_ws/src/install/nav2_gradient_costmap_plugin/share/nav2_gradient_costmap_plugin/local_setup.zsh
[18.996s] -- Symlinking: /workspace/ros_ws/src/install/nav2_gradient_costmap_plugin/share/nav2_gradient_costmap_plugin/local_setup.dsv
[19.037s] -- Symlinking: /workspace/ros_ws/src/install/nav2_gradient_costmap_plugin/share/nav2_gradient_costmap_plugin/package.dsv
[19.062s] -- Symlinking: /workspace/ros_ws/src/install/nav2_gradient_costmap_plugin/share/ament_index/resource_index/packages/nav2_gradient_costmap_plugin
[19.077s] -- Symlinking: /workspace/ros_ws/src/install/nav2_gradient_costmap_plugin/share/ament_index/resource_index/nav2_costmap_2d__pluginlib__plugin/nav2_gradient_costmap_plugin
[19.149s] -- Symlinking: /workspace/ros_ws/src/install/nav2_gradient_costmap_plugin/share/nav2_gradient_costmap_plugin/cmake/nav2_gradient_costmap_pluginConfig.cmake
[19.187s] -- Symlinking: /workspace/ros_ws/src/install/nav2_gradient_costmap_plugin/share/nav2_gradient_costmap_plugin/cmake/nav2_gradient_costmap_pluginConfig-version.cmake
[19.214s] -- Symlinking: /workspace/ros_ws/src/install/nav2_gradient_costmap_plugin/share/nav2_gradient_costmap_plugin/package.xml
[19.230s] Invoked command in '/workspace/ros_ws/src/build/nav2_gradient_costmap_plugin' returned '0': CMAKE_PREFIX_PATH=${CMAKE_PREFIX_PATH}:/opt/ros/jazzy /usr/bin/cmake --install /workspace/ros_ws/src/build/nav2_gradient_costmap_plugin
