[0.106s] DEBUG:colcon:Command line arguments: ['/usr/bin/colcon', 'build', '--packages-select', 'digit_recognition']
[0.106s] DEBUG:colcon:Parsed command line arguments: Namespace(log_base=None, log_level=None, verb_name='build', build_base='build', install_base='install', merge_install=False, symlink_install=False, test_result_base=None, continue_on_error=False, executor='parallel', parallel_workers=8, event_handlers=None, ignore_user_meta=False, metas=['./colcon.meta'], base_paths=['.'], packages_ignore=None, packages_ignore_regex=None, paths=None, packages_up_to=None, packages_up_to_regex=None, packages_above=None, packages_above_and_dependencies=None, packages_above_depth=None, packages_select_by_dep=None, packages_skip_by_dep=None, packages_skip_up_to=None, packages_select_build_failed=False, packages_skip_build_finished=False, packages_select_test_failures=False, packages_skip_test_passed=False, packages_select=['digit_recognition'], packages_skip=None, packages_select_regex=None, packages_skip_regex=None, packages_start=None, packages_end=None, cmake_args=None, cmake_target=None, cmake_target_skip_unavailable=False, cmake_clean_cache=False, cmake_clean_first=False, cmake_force_configure=False, ament_cmake_args=None, catkin_cmake_args=None, catkin_skip_building_tests=False, mixin_files=None, mixin=None, verb_parser=<colcon_mixin.mixin.mixin_argument.MixinArgumentDecorator object at 0x7552b9b3dd30>, verb_extension=<colcon_core.verb.build.BuildVerb object at 0x7552b9c92060>, main=<bound method BuildVerb.main of <colcon_core.verb.build.BuildVerb object at 0x7552b9c92060>>, mixin_verb=('build',))
[0.146s] Level 1:colcon.colcon_core.package_discovery:discover_packages(colcon_meta) check parameters
[0.146s] INFO:colcon.colcon_metadata.package_discovery.colcon_meta:Using configuration from '/root/.colcon/metadata/default/Gazebo.meta'
[0.147s] INFO:colcon.colcon_metadata.package_discovery.colcon_meta:Using configuration from '/root/.colcon/metadata/default/fastrtps.meta'
[0.147s] Level 1:colcon.colcon_core.package_discovery:discover_packages(recursive) check parameters
[0.147s] Level 1:colcon.colcon_core.package_discovery:discover_packages(ignore) check parameters
[0.147s] Level 1:colcon.colcon_core.package_discovery:discover_packages(path) check parameters
[0.147s] Level 1:colcon.colcon_core.package_discovery:discover_packages(colcon_meta) discover
[0.147s] Level 1:colcon.colcon_core.package_discovery:discover_packages(recursive) discover
[0.147s] INFO:colcon.colcon_core.package_discovery:Crawling recursively for packages in '/workspace/ros_ws'
[0.147s] Level 1:colcon.colcon_core.package_identification:_identify(.) by extensions ['ignore', 'ignore_ament_install']
[0.147s] Level 1:colcon.colcon_core.package_identification:_identify(.) by extension 'ignore'
[0.147s] Level 1:colcon.colcon_core.package_identification:_identify(.) by extension 'ignore_ament_install'
[0.147s] Level 1:colcon.colcon_core.package_identification:_identify(.) by extensions ['colcon_pkg']
[0.147s] Level 1:colcon.colcon_core.package_identification:_identify(.) by extension 'colcon_pkg'
[0.147s] Level 1:colcon.colcon_core.package_identification:_identify(.) by extensions ['colcon_meta']
[0.147s] Level 1:colcon.colcon_core.package_identification:_identify(.) by extension 'colcon_meta'
[0.147s] Level 1:colcon.colcon_core.package_identification:_identify(.) by extensions ['ros']
[0.147s] Level 1:colcon.colcon_core.package_identification:_identify(.) by extension 'ros'
[0.173s] Level 1:colcon.colcon_core.package_identification:_identify(.) by extensions ['cmake', 'python']
[0.173s] Level 1:colcon.colcon_core.package_identification:_identify(.) by extension 'cmake'
[0.173s] Level 1:colcon.colcon_core.package_identification:_identify(.) by extension 'python'
[0.173s] Level 1:colcon.colcon_core.package_identification:_identify(.) by extensions ['python_setup_py']
[0.173s] Level 1:colcon.colcon_core.package_identification:_identify(.) by extension 'python_setup_py'
[0.173s] Level 1:colcon.colcon_core.package_identification:_identify(build) by extensions ['ignore', 'ignore_ament_install']
[0.173s] Level 1:colcon.colcon_core.package_identification:_identify(build) by extension 'ignore'
[0.173s] Level 1:colcon.colcon_core.package_identification:_identify(build) ignored
[0.174s] Level 1:colcon.colcon_core.package_identification:_identify(install) by extensions ['ignore', 'ignore_ament_install']
[0.174s] Level 1:colcon.colcon_core.package_identification:_identify(install) by extension 'ignore'
[0.174s] Level 1:colcon.colcon_core.package_identification:_identify(install) ignored
[0.174s] Level 1:colcon.colcon_core.package_identification:_identify(log) by extensions ['ignore', 'ignore_ament_install']
[0.174s] Level 1:colcon.colcon_core.package_identification:_identify(log) by extension 'ignore'
[0.174s] Level 1:colcon.colcon_core.package_identification:_identify(log) ignored
[0.174s] Level 1:colcon.colcon_core.package_identification:_identify(src) by extensions ['ignore', 'ignore_ament_install']
[0.174s] Level 1:colcon.colcon_core.package_identification:_identify(src) by extension 'ignore'
[0.174s] Level 1:colcon.colcon_core.package_identification:_identify(src) by extension 'ignore_ament_install'
[0.174s] Level 1:colcon.colcon_core.package_identification:_identify(src) by extensions ['colcon_pkg']
[0.174s] Level 1:colcon.colcon_core.package_identification:_identify(src) by extension 'colcon_pkg'
[0.174s] Level 1:colcon.colcon_core.package_identification:_identify(src) by extensions ['colcon_meta']
[0.174s] Level 1:colcon.colcon_core.package_identification:_identify(src) by extension 'colcon_meta'
[0.174s] Level 1:colcon.colcon_core.package_identification:_identify(src) by extensions ['ros']
[0.174s] Level 1:colcon.colcon_core.package_identification:_identify(src) by extension 'ros'
[0.174s] Level 1:colcon.colcon_core.package_identification:_identify(src) by extensions ['cmake', 'python']
[0.174s] Level 1:colcon.colcon_core.package_identification:_identify(src) by extension 'cmake'
[0.174s] Level 1:colcon.colcon_core.package_identification:_identify(src) by extension 'python'
[0.174s] Level 1:colcon.colcon_core.package_identification:_identify(src) by extensions ['python_setup_py']
[0.174s] Level 1:colcon.colcon_core.package_identification:_identify(src) by extension 'python_setup_py'
[0.175s] Level 1:colcon.colcon_core.package_identification:_identify(src/ariaNode) by extensions ['ignore', 'ignore_ament_install']
[0.175s] Level 1:colcon.colcon_core.package_identification:_identify(src/ariaNode) by extension 'ignore'
[0.175s] Level 1:colcon.colcon_core.package_identification:_identify(src/ariaNode) by extension 'ignore_ament_install'
[0.175s] Level 1:colcon.colcon_core.package_identification:_identify(src/ariaNode) by extensions ['colcon_pkg']
[0.175s] Level 1:colcon.colcon_core.package_identification:_identify(src/ariaNode) by extension 'colcon_pkg'
[0.175s] Level 1:colcon.colcon_core.package_identification:_identify(src/ariaNode) by extensions ['colcon_meta']
[0.175s] Level 1:colcon.colcon_core.package_identification:_identify(src/ariaNode) by extension 'colcon_meta'
[0.175s] Level 1:colcon.colcon_core.package_identification:_identify(src/ariaNode) by extensions ['ros']
[0.175s] Level 1:colcon.colcon_core.package_identification:_identify(src/ariaNode) by extension 'ros'
[0.179s] DEBUG:colcon.colcon_core.package_identification:Package 'src/ariaNode' with type 'ros.ament_cmake' and name 'ariaNode'
[0.180s] Level 1:colcon.colcon_core.package_identification:_identify(src/build) by extensions ['ignore', 'ignore_ament_install']
[0.180s] Level 1:colcon.colcon_core.package_identification:_identify(src/build) by extension 'ignore'
[0.180s] Level 1:colcon.colcon_core.package_identification:_identify(src/build) ignored
[0.180s] Level 1:colcon.colcon_core.package_identification:_identify(src/digit_recognition) by extensions ['ignore', 'ignore_ament_install']
[0.180s] Level 1:colcon.colcon_core.package_identification:_identify(src/digit_recognition) by extension 'ignore'
[0.180s] Level 1:colcon.colcon_core.package_identification:_identify(src/digit_recognition) by extension 'ignore_ament_install'
[0.180s] Level 1:colcon.colcon_core.package_identification:_identify(src/digit_recognition) by extensions ['colcon_pkg']
[0.180s] Level 1:colcon.colcon_core.package_identification:_identify(src/digit_recognition) by extension 'colcon_pkg'
[0.180s] Level 1:colcon.colcon_core.package_identification:_identify(src/digit_recognition) by extensions ['colcon_meta']
[0.180s] Level 1:colcon.colcon_core.package_identification:_identify(src/digit_recognition) by extension 'colcon_meta'
[0.180s] Level 1:colcon.colcon_core.package_identification:_identify(src/digit_recognition) by extensions ['ros']
[0.180s] Level 1:colcon.colcon_core.package_identification:_identify(src/digit_recognition) by extension 'ros'
[0.181s] DEBUG:colcon.colcon_core.package_identification:Package 'src/digit_recognition' with type 'ros.ament_python' and name 'digit_recognition'
[0.181s] Level 1:colcon.colcon_core.package_identification:_identify(src/install) by extensions ['ignore', 'ignore_ament_install']
[0.181s] Level 1:colcon.colcon_core.package_identification:_identify(src/install) by extension 'ignore'
[0.181s] Level 1:colcon.colcon_core.package_identification:_identify(src/install) ignored
[0.182s] Level 1:colcon.colcon_core.package_identification:_identify(src/log) by extensions ['ignore', 'ignore_ament_install']
[0.182s] Level 1:colcon.colcon_core.package_identification:_identify(src/log) by extension 'ignore'
[0.182s] Level 1:colcon.colcon_core.package_identification:_identify(src/log) ignored
[0.182s] Level 1:colcon.colcon_core.package_identification:_identify(src/master) by extensions ['ignore', 'ignore_ament_install']
[0.182s] Level 1:colcon.colcon_core.package_identification:_identify(src/master) by extension 'ignore'
[0.182s] Level 1:colcon.colcon_core.package_identification:_identify(src/master) by extension 'ignore_ament_install'
[0.182s] Level 1:colcon.colcon_core.package_identification:_identify(src/master) by extensions ['colcon_pkg']
[0.182s] Level 1:colcon.colcon_core.package_identification:_identify(src/master) by extension 'colcon_pkg'
[0.182s] Level 1:colcon.colcon_core.package_identification:_identify(src/master) by extensions ['colcon_meta']
[0.182s] Level 1:colcon.colcon_core.package_identification:_identify(src/master) by extension 'colcon_meta'
[0.182s] Level 1:colcon.colcon_core.package_identification:_identify(src/master) by extensions ['ros']
[0.182s] Level 1:colcon.colcon_core.package_identification:_identify(src/master) by extension 'ros'
[0.183s] DEBUG:colcon.colcon_core.package_identification:Package 'src/master' with type 'ros.ament_cmake' and name 'master'
[0.183s] Level 1:colcon.colcon_core.package_identification:_identify(src/my_package2) by extensions ['ignore', 'ignore_ament_install']
[0.183s] Level 1:colcon.colcon_core.package_identification:_identify(src/my_package2) by extension 'ignore'
[0.183s] Level 1:colcon.colcon_core.package_identification:_identify(src/my_package2) by extension 'ignore_ament_install'
[0.183s] Level 1:colcon.colcon_core.package_identification:_identify(src/my_package2) by extensions ['colcon_pkg']
[0.183s] Level 1:colcon.colcon_core.package_identification:_identify(src/my_package2) by extension 'colcon_pkg'
[0.183s] Level 1:colcon.colcon_core.package_identification:_identify(src/my_package2) by extensions ['colcon_meta']
[0.183s] Level 1:colcon.colcon_core.package_identification:_identify(src/my_package2) by extension 'colcon_meta'
[0.183s] Level 1:colcon.colcon_core.package_identification:_identify(src/my_package2) by extensions ['ros']
[0.183s] Level 1:colcon.colcon_core.package_identification:_identify(src/my_package2) by extension 'ros'
[0.184s] DEBUG:colcon.colcon_core.package_identification:Package 'src/my_package2' with type 'ros.ament_cmake' and name 'my_package2'
[0.184s] Level 1:colcon.colcon_core.package_identification:_identify(src/nav2_costmap_filters_demo) by extensions ['ignore', 'ignore_ament_install']
[0.184s] Level 1:colcon.colcon_core.package_identification:_identify(src/nav2_costmap_filters_demo) by extension 'ignore'
[0.184s] Level 1:colcon.colcon_core.package_identification:_identify(src/nav2_costmap_filters_demo) by extension 'ignore_ament_install'
[0.184s] Level 1:colcon.colcon_core.package_identification:_identify(src/nav2_costmap_filters_demo) by extensions ['colcon_pkg']
[0.184s] Level 1:colcon.colcon_core.package_identification:_identify(src/nav2_costmap_filters_demo) by extension 'colcon_pkg'
[0.184s] Level 1:colcon.colcon_core.package_identification:_identify(src/nav2_costmap_filters_demo) by extensions ['colcon_meta']
[0.184s] Level 1:colcon.colcon_core.package_identification:_identify(src/nav2_costmap_filters_demo) by extension 'colcon_meta'
[0.184s] Level 1:colcon.colcon_core.package_identification:_identify(src/nav2_costmap_filters_demo) by extensions ['ros']
[0.184s] Level 1:colcon.colcon_core.package_identification:_identify(src/nav2_costmap_filters_demo) by extension 'ros'
[0.185s] DEBUG:colcon.colcon_core.package_identification:Package 'src/nav2_costmap_filters_demo' with type 'ros.ament_cmake' and name 'nav2_costmap_filters_demo'
[0.185s] Level 1:colcon.colcon_core.package_identification:_identify(src/nav2_gps_waypoint_follower_demo) by extensions ['ignore', 'ignore_ament_install']
[0.185s] Level 1:colcon.colcon_core.package_identification:_identify(src/nav2_gps_waypoint_follower_demo) by extension 'ignore'
[0.185s] Level 1:colcon.colcon_core.package_identification:_identify(src/nav2_gps_waypoint_follower_demo) by extension 'ignore_ament_install'
[0.185s] Level 1:colcon.colcon_core.package_identification:_identify(src/nav2_gps_waypoint_follower_demo) by extensions ['colcon_pkg']
[0.185s] Level 1:colcon.colcon_core.package_identification:_identify(src/nav2_gps_waypoint_follower_demo) by extension 'colcon_pkg'
[0.185s] Level 1:colcon.colcon_core.package_identification:_identify(src/nav2_gps_waypoint_follower_demo) by extensions ['colcon_meta']
[0.185s] Level 1:colcon.colcon_core.package_identification:_identify(src/nav2_gps_waypoint_follower_demo) by extension 'colcon_meta'
[0.185s] Level 1:colcon.colcon_core.package_identification:_identify(src/nav2_gps_waypoint_follower_demo) by extensions ['ros']
[0.185s] Level 1:colcon.colcon_core.package_identification:_identify(src/nav2_gps_waypoint_follower_demo) by extension 'ros'
[0.189s] DEBUG:colcon.colcon_core.package_identification:Package 'src/nav2_gps_waypoint_follower_demo' with type 'ros.ament_python' and name 'nav2_gps_waypoint_follower_demo'
[0.189s] Level 1:colcon.colcon_core.package_identification:_identify(src/nav2_gradient_costmap_plugin) by extensions ['ignore', 'ignore_ament_install']
[0.189s] Level 1:colcon.colcon_core.package_identification:_identify(src/nav2_gradient_costmap_plugin) by extension 'ignore'
[0.189s] Level 1:colcon.colcon_core.package_identification:_identify(src/nav2_gradient_costmap_plugin) by extension 'ignore_ament_install'
[0.189s] Level 1:colcon.colcon_core.package_identification:_identify(src/nav2_gradient_costmap_plugin) by extensions ['colcon_pkg']
[0.189s] Level 1:colcon.colcon_core.package_identification:_identify(src/nav2_gradient_costmap_plugin) by extension 'colcon_pkg'
[0.189s] Level 1:colcon.colcon_core.package_identification:_identify(src/nav2_gradient_costmap_plugin) by extensions ['colcon_meta']
[0.189s] Level 1:colcon.colcon_core.package_identification:_identify(src/nav2_gradient_costmap_plugin) by extension 'colcon_meta'
[0.189s] Level 1:colcon.colcon_core.package_identification:_identify(src/nav2_gradient_costmap_plugin) by extensions ['ros']
[0.189s] Level 1:colcon.colcon_core.package_identification:_identify(src/nav2_gradient_costmap_plugin) by extension 'ros'
[0.190s] DEBUG:colcon.colcon_core.package_identification:Package 'src/nav2_gradient_costmap_plugin' with type 'ros.ament_cmake' and name 'nav2_gradient_costmap_plugin'
[0.190s] Level 1:colcon.colcon_core.package_identification:_identify(src/nav2_pure_pursuit_controller) by extensions ['ignore', 'ignore_ament_install']
[0.190s] Level 1:colcon.colcon_core.package_identification:_identify(src/nav2_pure_pursuit_controller) by extension 'ignore'
[0.190s] Level 1:colcon.colcon_core.package_identification:_identify(src/nav2_pure_pursuit_controller) by extension 'ignore_ament_install'
[0.190s] Level 1:colcon.colcon_core.package_identification:_identify(src/nav2_pure_pursuit_controller) by extensions ['colcon_pkg']
[0.190s] Level 1:colcon.colcon_core.package_identification:_identify(src/nav2_pure_pursuit_controller) by extension 'colcon_pkg'
[0.190s] Level 1:colcon.colcon_core.package_identification:_identify(src/nav2_pure_pursuit_controller) by extensions ['colcon_meta']
[0.190s] Level 1:colcon.colcon_core.package_identification:_identify(src/nav2_pure_pursuit_controller) by extension 'colcon_meta'
[0.190s] Level 1:colcon.colcon_core.package_identification:_identify(src/nav2_pure_pursuit_controller) by extensions ['ros']
[0.190s] Level 1:colcon.colcon_core.package_identification:_identify(src/nav2_pure_pursuit_controller) by extension 'ros'
[0.191s] DEBUG:colcon.colcon_core.package_identification:Package 'src/nav2_pure_pursuit_controller' with type 'ros.ament_cmake' and name 'nav2_pure_pursuit_controller'
[0.191s] Level 1:colcon.colcon_core.package_identification:_identify(src/nav2_sms_behavior) by extensions ['ignore', 'ignore_ament_install']
[0.191s] Level 1:colcon.colcon_core.package_identification:_identify(src/nav2_sms_behavior) by extension 'ignore'
[0.191s] Level 1:colcon.colcon_core.package_identification:_identify(src/nav2_sms_behavior) by extension 'ignore_ament_install'
[0.191s] Level 1:colcon.colcon_core.package_identification:_identify(src/nav2_sms_behavior) by extensions ['colcon_pkg']
[0.191s] Level 1:colcon.colcon_core.package_identification:_identify(src/nav2_sms_behavior) by extension 'colcon_pkg'
[0.191s] Level 1:colcon.colcon_core.package_identification:_identify(src/nav2_sms_behavior) by extensions ['colcon_meta']
[0.191s] Level 1:colcon.colcon_core.package_identification:_identify(src/nav2_sms_behavior) by extension 'colcon_meta'
[0.191s] Level 1:colcon.colcon_core.package_identification:_identify(src/nav2_sms_behavior) by extensions ['ros']
[0.191s] Level 1:colcon.colcon_core.package_identification:_identify(src/nav2_sms_behavior) by extension 'ros'
[0.193s] DEBUG:colcon.colcon_core.package_identification:Package 'src/nav2_sms_behavior' with type 'ros.ament_cmake' and name 'nav2_sms_behavior'
[0.193s] Level 1:colcon.colcon_core.package_identification:_identify(src/nav2_straightline_planner) by extensions ['ignore', 'ignore_ament_install']
[0.193s] Level 1:colcon.colcon_core.package_identification:_identify(src/nav2_straightline_planner) by extension 'ignore'
[0.193s] Level 1:colcon.colcon_core.package_identification:_identify(src/nav2_straightline_planner) by extension 'ignore_ament_install'
[0.193s] Level 1:colcon.colcon_core.package_identification:_identify(src/nav2_straightline_planner) by extensions ['colcon_pkg']
[0.193s] Level 1:colcon.colcon_core.package_identification:_identify(src/nav2_straightline_planner) by extension 'colcon_pkg'
[0.193s] Level 1:colcon.colcon_core.package_identification:_identify(src/nav2_straightline_planner) by extensions ['colcon_meta']
[0.193s] Level 1:colcon.colcon_core.package_identification:_identify(src/nav2_straightline_planner) by extension 'colcon_meta'
[0.193s] Level 1:colcon.colcon_core.package_identification:_identify(src/nav2_straightline_planner) by extensions ['ros']
[0.193s] Level 1:colcon.colcon_core.package_identification:_identify(src/nav2_straightline_planner) by extension 'ros'
[0.194s] DEBUG:colcon.colcon_core.package_identification:Package 'src/nav2_straightline_planner' with type 'ros.ament_cmake' and name 'nav2_straightline_planner'
[0.195s] Level 1:colcon.colcon_core.package_identification:_identify(src/ros2_coco_detector) by extensions ['ignore', 'ignore_ament_install']
[0.195s] Level 1:colcon.colcon_core.package_identification:_identify(src/ros2_coco_detector) by extension 'ignore'
[0.195s] Level 1:colcon.colcon_core.package_identification:_identify(src/ros2_coco_detector) by extension 'ignore_ament_install'
[0.195s] Level 1:colcon.colcon_core.package_identification:_identify(src/ros2_coco_detector) by extensions ['colcon_pkg']
[0.195s] Level 1:colcon.colcon_core.package_identification:_identify(src/ros2_coco_detector) by extension 'colcon_pkg'
[0.195s] Level 1:colcon.colcon_core.package_identification:_identify(src/ros2_coco_detector) by extensions ['colcon_meta']
[0.195s] Level 1:colcon.colcon_core.package_identification:_identify(src/ros2_coco_detector) by extension 'colcon_meta'
[0.195s] Level 1:colcon.colcon_core.package_identification:_identify(src/ros2_coco_detector) by extensions ['ros']
[0.195s] Level 1:colcon.colcon_core.package_identification:_identify(src/ros2_coco_detector) by extension 'ros'
[0.195s] Level 1:colcon.colcon_core.package_identification:_identify(src/ros2_coco_detector) by extensions ['cmake', 'python']
[0.195s] Level 1:colcon.colcon_core.package_identification:_identify(src/ros2_coco_detector) by extension 'cmake'
[0.195s] Level 1:colcon.colcon_core.package_identification:_identify(src/ros2_coco_detector) by extension 'python'
[0.195s] Level 1:colcon.colcon_core.package_identification:_identify(src/ros2_coco_detector) by extensions ['python_setup_py']
[0.195s] Level 1:colcon.colcon_core.package_identification:_identify(src/ros2_coco_detector) by extension 'python_setup_py'
[0.195s] Level 1:colcon.colcon_core.package_identification:_identify(src/ros2_coco_detector/coco_detector) by extensions ['ignore', 'ignore_ament_install']
[0.195s] Level 1:colcon.colcon_core.package_identification:_identify(src/ros2_coco_detector/coco_detector) by extension 'ignore'
[0.195s] Level 1:colcon.colcon_core.package_identification:_identify(src/ros2_coco_detector/coco_detector) by extension 'ignore_ament_install'
[0.195s] Level 1:colcon.colcon_core.package_identification:_identify(src/ros2_coco_detector/coco_detector) by extensions ['colcon_pkg']
[0.195s] Level 1:colcon.colcon_core.package_identification:_identify(src/ros2_coco_detector/coco_detector) by extension 'colcon_pkg'
[0.195s] Level 1:colcon.colcon_core.package_identification:_identify(src/ros2_coco_detector/coco_detector) by extensions ['colcon_meta']
[0.195s] Level 1:colcon.colcon_core.package_identification:_identify(src/ros2_coco_detector/coco_detector) by extension 'colcon_meta'
[0.196s] Level 1:colcon.colcon_core.package_identification:_identify(src/ros2_coco_detector/coco_detector) by extensions ['ros']
[0.196s] Level 1:colcon.colcon_core.package_identification:_identify(src/ros2_coco_detector/coco_detector) by extension 'ros'
[0.196s] DEBUG:colcon.colcon_core.package_identification:Package 'src/ros2_coco_detector/coco_detector' with type 'ros.ament_python' and name 'coco_detector'
[0.196s] Level 1:colcon.colcon_core.package_identification:_identify(src/sam_bot_description) by extensions ['ignore', 'ignore_ament_install']
[0.196s] Level 1:colcon.colcon_core.package_identification:_identify(src/sam_bot_description) by extension 'ignore'
[0.196s] Level 1:colcon.colcon_core.package_identification:_identify(src/sam_bot_description) by extension 'ignore_ament_install'
[0.196s] Level 1:colcon.colcon_core.package_identification:_identify(src/sam_bot_description) by extensions ['colcon_pkg']
[0.196s] Level 1:colcon.colcon_core.package_identification:_identify(src/sam_bot_description) by extension 'colcon_pkg'
[0.196s] Level 1:colcon.colcon_core.package_identification:_identify(src/sam_bot_description) by extensions ['colcon_meta']
[0.196s] Level 1:colcon.colcon_core.package_identification:_identify(src/sam_bot_description) by extension 'colcon_meta'
[0.196s] Level 1:colcon.colcon_core.package_identification:_identify(src/sam_bot_description) by extensions ['ros']
[0.196s] Level 1:colcon.colcon_core.package_identification:_identify(src/sam_bot_description) by extension 'ros'
[0.197s] DEBUG:colcon.colcon_core.package_identification:Package 'src/sam_bot_description' with type 'ros.ament_cmake' and name 'sam_bot_description'
[0.197s] Level 1:colcon.colcon_core.package_identification:_identify(src/yolov8-digits-detection) by extensions ['ignore', 'ignore_ament_install']
[0.197s] Level 1:colcon.colcon_core.package_identification:_identify(src/yolov8-digits-detection) by extension 'ignore'
[0.197s] Level 1:colcon.colcon_core.package_identification:_identify(src/yolov8-digits-detection) by extension 'ignore_ament_install'
[0.197s] Level 1:colcon.colcon_core.package_identification:_identify(src/yolov8-digits-detection) by extensions ['colcon_pkg']
[0.197s] Level 1:colcon.colcon_core.package_identification:_identify(src/yolov8-digits-detection) by extension 'colcon_pkg'
[0.197s] Level 1:colcon.colcon_core.package_identification:_identify(src/yolov8-digits-detection) by extensions ['colcon_meta']
[0.197s] Level 1:colcon.colcon_core.package_identification:_identify(src/yolov8-digits-detection) by extension 'colcon_meta'
[0.197s] Level 1:colcon.colcon_core.package_identification:_identify(src/yolov8-digits-detection) by extensions ['ros']
[0.197s] Level 1:colcon.colcon_core.package_identification:_identify(src/yolov8-digits-detection) by extension 'ros'
[0.197s] Level 1:colcon.colcon_core.package_identification:_identify(src/yolov8-digits-detection) by extensions ['cmake', 'python']
[0.197s] Level 1:colcon.colcon_core.package_identification:_identify(src/yolov8-digits-detection) by extension 'cmake'
[0.197s] Level 1:colcon.colcon_core.package_identification:_identify(src/yolov8-digits-detection) by extension 'python'
[0.197s] Level 1:colcon.colcon_core.package_identification:_identify(src/yolov8-digits-detection) by extensions ['python_setup_py']
[0.197s] Level 1:colcon.colcon_core.package_identification:_identify(src/yolov8-digits-detection) by extension 'python_setup_py'
[0.197s] Level 1:colcon.colcon_core.package_identification:_identify(world) by extensions ['ignore', 'ignore_ament_install']
[0.197s] Level 1:colcon.colcon_core.package_identification:_identify(world) by extension 'ignore'
[0.197s] Level 1:colcon.colcon_core.package_identification:_identify(world) by extension 'ignore_ament_install'
[0.197s] Level 1:colcon.colcon_core.package_identification:_identify(world) by extensions ['colcon_pkg']
[0.197s] Level 1:colcon.colcon_core.package_identification:_identify(world) by extension 'colcon_pkg'
[0.197s] Level 1:colcon.colcon_core.package_identification:_identify(world) by extensions ['colcon_meta']
[0.197s] Level 1:colcon.colcon_core.package_identification:_identify(world) by extension 'colcon_meta'
[0.198s] Level 1:colcon.colcon_core.package_identification:_identify(world) by extensions ['ros']
[0.198s] Level 1:colcon.colcon_core.package_identification:_identify(world) by extension 'ros'
[0.198s] Level 1:colcon.colcon_core.package_identification:_identify(world) by extensions ['cmake', 'python']
[0.198s] Level 1:colcon.colcon_core.package_identification:_identify(world) by extension 'cmake'
[0.198s] Level 1:colcon.colcon_core.package_identification:_identify(world) by extension 'python'
[0.198s] Level 1:colcon.colcon_core.package_identification:_identify(world) by extensions ['python_setup_py']
[0.198s] Level 1:colcon.colcon_core.package_identification:_identify(world) by extension 'python_setup_py'
[0.198s] Level 1:colcon.colcon_core.package_discovery:discover_packages(recursive) using defaults
[0.198s] Level 1:colcon.colcon_core.package_discovery:discover_packages(ignore) discover
[0.198s] Level 1:colcon.colcon_core.package_discovery:discover_packages(ignore) using defaults
[0.198s] Level 1:colcon.colcon_core.package_discovery:discover_packages(path) discover
[0.198s] Level 1:colcon.colcon_core.package_discovery:discover_packages(path) using defaults
[0.221s] INFO:colcon.colcon_core.package_selection:Skipping not selected package 'ariaNode' in 'src/ariaNode'
[0.221s] INFO:colcon.colcon_core.package_selection:Skipping not selected package 'coco_detector' in 'src/ros2_coco_detector/coco_detector'
[0.221s] INFO:colcon.colcon_core.package_selection:Skipping not selected package 'master' in 'src/master'
[0.221s] INFO:colcon.colcon_core.package_selection:Skipping not selected package 'my_package2' in 'src/my_package2'
[0.221s] INFO:colcon.colcon_core.package_selection:Skipping not selected package 'nav2_costmap_filters_demo' in 'src/nav2_costmap_filters_demo'
[0.221s] INFO:colcon.colcon_core.package_selection:Skipping not selected package 'nav2_gps_waypoint_follower_demo' in 'src/nav2_gps_waypoint_follower_demo'
[0.221s] INFO:colcon.colcon_core.package_selection:Skipping not selected package 'nav2_gradient_costmap_plugin' in 'src/nav2_gradient_costmap_plugin'
[0.221s] INFO:colcon.colcon_core.package_selection:Skipping not selected package 'nav2_pure_pursuit_controller' in 'src/nav2_pure_pursuit_controller'
[0.221s] INFO:colcon.colcon_core.package_selection:Skipping not selected package 'nav2_sms_behavior' in 'src/nav2_sms_behavior'
[0.221s] INFO:colcon.colcon_core.package_selection:Skipping not selected package 'nav2_straightline_planner' in 'src/nav2_straightline_planner'
[0.221s] INFO:colcon.colcon_core.package_selection:Skipping not selected package 'sam_bot_description' in 'src/sam_bot_description'
[0.221s] Level 5:colcon.colcon_core.verb:set package 'digit_recognition' build argument 'cmake_args' from command line to 'None'
[0.221s] Level 5:colcon.colcon_core.verb:set package 'digit_recognition' build argument 'cmake_target' from command line to 'None'
[0.221s] Level 5:colcon.colcon_core.verb:set package 'digit_recognition' build argument 'cmake_target_skip_unavailable' from command line to 'False'
[0.221s] Level 5:colcon.colcon_core.verb:set package 'digit_recognition' build argument 'cmake_clean_cache' from command line to 'False'
[0.221s] Level 5:colcon.colcon_core.verb:set package 'digit_recognition' build argument 'cmake_clean_first' from command line to 'False'
[0.221s] Level 5:colcon.colcon_core.verb:set package 'digit_recognition' build argument 'cmake_force_configure' from command line to 'False'
[0.221s] Level 5:colcon.colcon_core.verb:set package 'digit_recognition' build argument 'ament_cmake_args' from command line to 'None'
[0.221s] Level 5:colcon.colcon_core.verb:set package 'digit_recognition' build argument 'catkin_cmake_args' from command line to 'None'
[0.222s] Level 5:colcon.colcon_core.verb:set package 'digit_recognition' build argument 'catkin_skip_building_tests' from command line to 'False'
[0.222s] DEBUG:colcon.colcon_core.verb:Building package 'digit_recognition' with the following arguments: {'ament_cmake_args': None, 'build_base': '/workspace/ros_ws/build/digit_recognition', 'catkin_cmake_args': None, 'catkin_skip_building_tests': False, 'cmake_args': None, 'cmake_clean_cache': False, 'cmake_clean_first': False, 'cmake_force_configure': False, 'cmake_target': None, 'cmake_target_skip_unavailable': False, 'install_base': '/workspace/ros_ws/install/digit_recognition', 'merge_install': False, 'path': '/workspace/ros_ws/src/digit_recognition', 'symlink_install': False, 'test_result_base': None}
[0.222s] INFO:colcon.colcon_core.executor:Executing jobs using 'parallel' executor
[0.223s] DEBUG:colcon.colcon_parallel_executor.executor.parallel:run_until_complete
[0.224s] INFO:colcon.colcon_ros.task.ament_python.build:Building ROS package in '/workspace/ros_ws/src/digit_recognition' with build type 'ament_python'
[0.224s] Level 1:colcon.colcon_core.shell:create_environment_hook('digit_recognition', 'ament_prefix_path')
[0.227s] INFO:colcon.colcon_core.plugin_system:Skipping extension 'colcon_core.shell.bat': Not used on non-Windows systems
[0.228s] INFO:colcon.colcon_core.shell:Creating environment hook '/workspace/ros_ws/install/digit_recognition/share/digit_recognition/hook/ament_prefix_path.ps1'
[0.230s] INFO:colcon.colcon_core.shell:Creating environment descriptor '/workspace/ros_ws/install/digit_recognition/share/digit_recognition/hook/ament_prefix_path.dsv'
[0.231s] INFO:colcon.colcon_core.shell:Creating environment hook '/workspace/ros_ws/install/digit_recognition/share/digit_recognition/hook/ament_prefix_path.sh'
[0.232s] INFO:colcon.colcon_core.shell:Skip shell extension 'powershell' for command environment: Not usable outside of PowerShell
[0.232s] DEBUG:colcon.colcon_core.shell:Skip shell extension 'dsv' for command environment
[0.497s] WARNING:colcon.colcon_ros.task.ament_python.build:Package 'digit_recognition' doesn't explicitly install a marker in the package index (colcon-ros currently does it implicitly but that fallback will be removed in the future)
[0.497s] INFO:colcon.colcon_core.task.python.build:Building Python package in '/workspace/ros_ws/src/digit_recognition'
[0.498s] INFO:colcon.colcon_core.shell:Skip shell extension 'powershell' for command environment: Not usable outside of PowerShell
[0.498s] DEBUG:colcon.colcon_core.shell:Skip shell extension 'dsv' for command environment
[1.297s] DEBUG:colcon.colcon_core.event_handler.log_command:Invoking command in '/workspace/ros_ws/src/digit_recognition': PYTHONPATH=/workspace/ros_ws/build/digit_recognition/prefix_override:/usr/lib/python3/dist-packages/colcon_core/task/python/colcon_distutils_commands:/workspace/ros_ws/install/digit_recognition/lib/python3.12/site-packages:${PYTHONPATH} /usr/bin/python3 -W ignore:setup.py install is deprecated -W ignore:easy_install command is deprecated setup.py egg_info --egg-base ../../build/digit_recognition build --build-base /workspace/ros_ws/build/digit_recognition/build install --record /workspace/ros_ws/build/digit_recognition/install.log --single-version-externally-managed install_data
[1.979s] DEBUG:colcon.colcon_core.event_handler.log_command:Invoked command in '/workspace/ros_ws/src/digit_recognition' returned '0': PYTHONPATH=/workspace/ros_ws/build/digit_recognition/prefix_override:/usr/lib/python3/dist-packages/colcon_core/task/python/colcon_distutils_commands:/workspace/ros_ws/install/digit_recognition/lib/python3.12/site-packages:${PYTHONPATH} /usr/bin/python3 -W ignore:setup.py install is deprecated -W ignore:easy_install command is deprecated setup.py egg_info --egg-base ../../build/digit_recognition build --build-base /workspace/ros_ws/build/digit_recognition/build install --record /workspace/ros_ws/build/digit_recognition/install.log --single-version-externally-managed install_data
[1.982s] Level 1:colcon.colcon_core.environment:checking '/workspace/ros_ws/install/digit_recognition' for CMake module files
[1.982s] Level 1:colcon.colcon_core.environment:checking '/workspace/ros_ws/install/digit_recognition' for CMake config files
[1.983s] Level 1:colcon.colcon_core.environment:checking '/workspace/ros_ws/install/digit_recognition/lib'
[1.984s] Level 1:colcon.colcon_core.environment:checking '/workspace/ros_ws/install/digit_recognition/bin'
[1.984s] Level 1:colcon.colcon_core.environment:checking '/workspace/ros_ws/install/digit_recognition/lib/pkgconfig/digit_recognition.pc'
[1.985s] Level 1:colcon.colcon_core.environment:checking '/workspace/ros_ws/install/digit_recognition/lib/python3.12/site-packages'
[1.985s] Level 1:colcon.colcon_core.shell:create_environment_hook('digit_recognition', 'pythonpath')
[1.985s] INFO:colcon.colcon_core.shell:Creating environment hook '/workspace/ros_ws/install/digit_recognition/share/digit_recognition/hook/pythonpath.ps1'
[1.986s] INFO:colcon.colcon_core.shell:Creating environment descriptor '/workspace/ros_ws/install/digit_recognition/share/digit_recognition/hook/pythonpath.dsv'
[1.986s] INFO:colcon.colcon_core.shell:Creating environment hook '/workspace/ros_ws/install/digit_recognition/share/digit_recognition/hook/pythonpath.sh'
[1.987s] Level 1:colcon.colcon_core.environment:checking '/workspace/ros_ws/install/digit_recognition/bin'
[1.987s] Level 1:colcon.colcon_core.environment:create_environment_scripts_only(digit_recognition)
[1.987s] INFO:colcon.colcon_core.shell:Creating package script '/workspace/ros_ws/install/digit_recognition/share/digit_recognition/package.ps1'
[1.988s] INFO:colcon.colcon_core.shell:Creating package descriptor '/workspace/ros_ws/install/digit_recognition/share/digit_recognition/package.dsv'
[1.989s] INFO:colcon.colcon_core.shell:Creating package script '/workspace/ros_ws/install/digit_recognition/share/digit_recognition/package.sh'
[1.989s] INFO:colcon.colcon_core.shell:Creating package script '/workspace/ros_ws/install/digit_recognition/share/digit_recognition/package.bash'
[1.990s] INFO:colcon.colcon_core.shell:Creating package script '/workspace/ros_ws/install/digit_recognition/share/digit_recognition/package.zsh'
[1.991s] Level 1:colcon.colcon_core.environment:create_file_with_runtime_dependencies(/workspace/ros_ws/install/digit_recognition/share/colcon-core/packages/digit_recognition)
[1.991s] DEBUG:colcon.colcon_parallel_executor.executor.parallel:closing loop
[1.991s] DEBUG:colcon.colcon_parallel_executor.executor.parallel:loop closed
[1.991s] DEBUG:colcon.colcon_parallel_executor.executor.parallel:run_until_complete finished with '0'
[1.991s] DEBUG:colcon.colcon_core.event_reactor:joining thread
[1.996s] INFO:colcon.colcon_core.plugin_system:Skipping extension 'colcon_notification.desktop_notification.notify_send': Could not find 'notify-send'
[1.996s] INFO:colcon.colcon_core.plugin_system:Skipping extension 'colcon_notification.desktop_notification.terminal_notifier': Not used on non-Darwin systems
[1.996s] INFO:colcon.colcon_core.plugin_system:Skipping extension 'colcon_notification.desktop_notification.win32': Not used on non-Windows systems
[1.996s] INFO:colcon.colcon_notification.desktop_notification:Sending desktop notification using 'notify2'
[2.002s] DEBUG:colcon.colcon_notification.desktop_notification.notify2:Failed to initialize notify2: org.freedesktop.DBus.Error.Spawn.ExecFailed: /usr/bin/dbus-launch terminated abnormally without any error message
[2.004s] DEBUG:colcon.colcon_core.event_reactor:joined thread
[2.005s] INFO:colcon.colcon_core.shell:Creating prefix script '/workspace/ros_ws/install/local_setup.ps1'
[2.008s] INFO:colcon.colcon_core.shell:Creating prefix util module '/workspace/ros_ws/install/_local_setup_util_ps1.py'
[2.010s] INFO:colcon.colcon_core.shell:Creating prefix chain script '/workspace/ros_ws/install/setup.ps1'
[2.013s] INFO:colcon.colcon_core.shell:Creating prefix script '/workspace/ros_ws/install/local_setup.sh'
[2.014s] INFO:colcon.colcon_core.shell:Creating prefix util module '/workspace/ros_ws/install/_local_setup_util_sh.py'
[2.018s] INFO:colcon.colcon_core.shell:Creating prefix chain script '/workspace/ros_ws/install/setup.sh'
[2.019s] INFO:colcon.colcon_core.shell:Creating prefix script '/workspace/ros_ws/install/local_setup.bash'
[2.020s] INFO:colcon.colcon_core.shell:Creating prefix chain script '/workspace/ros_ws/install/setup.bash'
[2.021s] INFO:colcon.colcon_core.shell:Creating prefix script '/workspace/ros_ws/install/local_setup.zsh'
[2.022s] INFO:colcon.colcon_core.shell:Creating prefix chain script '/workspace/ros_ws/install/setup.zsh'
