[0.034s] Invoking command in '/workspace/ros_ws/build/ariaNode': CMAKE_PREFIX_PATH=${CMAKE_PREFIX_PATH}:/opt/ros/jazzy /usr/bin/cmake --build /workspace/ros_ws/build/ariaNode -- -j8 -l8
[0.259s] -- Found ament_cmake: 2.5.4 (/opt/ros/jazzy/share/ament_cmake/cmake)
[0.282s] -- Override CMake install command with custom implementation using symlinks instead of copying resources
[0.287s] -- Found rclcpp: 28.1.9 (/opt/ros/jazzy/share/rclcpp/cmake)
[0.325s] -- Found rosidl_generator_c: 4.6.5 (/opt/ros/jazzy/share/rosidl_generator_c/cmake)
[0.338s] -- Found rosidl_generator_cpp: 4.6.5 (/opt/ros/jazzy/share/rosidl_generator_cpp/cmake)
[0.352s] -- Using all available rosidl_typesupport_c: rosidl_typesupport_fastrtps_c;rosidl_typesupport_introspection_c
[0.371s] -- Using all available rosidl_typesupport_cpp: rosidl_typesupport_fastrtps_cpp;rosidl_typesupport_introspection_cpp
[0.463s] -- Found rmw_implementation_cmake: 7.3.2 (/opt/ros/jazzy/share/rmw_implementation_cmake/cmake)
[0.465s] -- Found rmw_fastrtps_cpp: 8.4.2 (/opt/ros/jazzy/share/rmw_fastrtps_cpp/cmake)
[0.560s] -- Using RMW implementation 'rmw_fastrtps_cpp' as default
[0.660s] -- Found geometry_msgs: 5.3.6 (/opt/ros/jazzy/share/geometry_msgs/cmake)
[0.702s] [0mThe root directory is /opt/ros/jazzy/share/fastrtps_cmake_module/cmake/Modules[0m
[0.702s] -- Found ament_lint_auto: 0.17.2 (/opt/ros/jazzy/share/ament_lint_auto/cmake)
[0.801s] WARNING: Package name "ariaNode" does not follow the naming conventions. It should start with a lower case letter and only contain lower case letters, digits, underscores, and dashes.
[0.841s] -- Added test 'cppcheck' to perform static code analysis on C / C++ code
[0.841s] -- Configured cppcheck include dirs: 
[0.842s] -- Configured cppcheck exclude dirs and/or files: 
[0.843s] -- Added test 'lint_cmake' to check CMake code style
[0.845s] -- Added test 'uncrustify' to check C / C++ code style
[0.846s] -- Configured uncrustify additional arguments: 
[0.847s] -- Added test 'xmllint' to check XML markup files
[0.851s] -- Configuring done (0.8s)
[0.876s] -- Generating done (0.0s)
[0.886s] -- Build files have been written to: /workspace/ros_ws/build/ariaNode
[0.967s] [ 50%] [32mBuilding CXX object CMakeFiles/ariaNode.dir/src/ariaNode.cpp.o[0m
[8.386s] [100%] [32m[1mLinking CXX executable ariaNode[0m
[8.624s] [100%] Built target ariaNode
