-- The C compiler identification is GNU 13.3.0
-- The CXX compiler identification is GNU 13.3.0
-- Detecting C compiler ABI info
-- Detecting C compiler ABI info - done
-- Check for working C compiler: /usr/bin/cc - skipped
-- Detecting C compile features
-- Detecting C compile features - done
-- Detecting CXX compiler ABI info
-- Detecting CXX compiler ABI info - done
-- Check for working CXX compiler: /usr/bin/c++ - skipped
-- Detecting CXX compile features
-- Detecting CXX compile features - done
-- Found ament_cmake: 2.5.3 (/opt/ros/jazzy/share/ament_cmake/cmake)
-- Found Python3: /usr/bin/python3 (found version "3.12.3") found components: Interpreter 
-- Found rclcpp_components: 28.1.6 (/opt/ros/jazzy/share/rclcpp_components/cmake)
-- Found rosidl_generator_c: 4.6.5 (/opt/ros/jazzy/share/rosidl_generator_c/cmake)
-- Found rosidl_generator_cpp: 4.6.5 (/opt/ros/jazzy/share/rosidl_generator_cpp/cmake)
-- Using all available rosidl_typesupport_c: rosidl_typesupport_fastrtps_c;rosidl_typesupport_introspection_c
-- Using all available rosidl_typesupport_cpp: rosidl_typesupport_fastrtps_cpp;rosidl_typesupport_introspection_cpp
-- Found rmw_implementation_cmake: 7.3.1 (/opt/ros/jazzy/share/rmw_implementation_cmake/cmake)
-- Found rmw_fastrtps_cpp: 8.4.1 (/opt/ros/jazzy/share/rmw_fastrtps_cpp/cmake)
-- Found OpenSSL: /usr/lib/x86_64-linux-gnu/libcrypto.so (found version "3.0.13")  
-- Found FastRTPS: /opt/ros/jazzy/include (Required is at least version "2.13") 
-- Using RMW implementation 'rmw_fastrtps_cpp' as default
-- Found std_msgs: 5.3.5 (/opt/ros/jazzy/share/std_msgs/cmake)
-- Found geometry_msgs: 5.3.5 (/opt/ros/jazzy/share/geometry_msgs/cmake)
-- Found teleop_twist_joy: 2.6.2 (/opt/ros/jazzy/share/teleop_twist_joy/cmake)
-- Found sensor_msgs: 5.3.5 (/opt/ros/jazzy/share/sensor_msgs/cmake)
-- Found ament_lint_auto: 0.17.1 (/opt/ros/jazzy/share/ament_lint_auto/cmake)
-- Added test 'cppcheck' to perform static code analysis on C / C++ code
-- Configured cppcheck include dirs: 
-- Configured cppcheck exclude dirs and/or files: 
-- Added test 'flake8' to check Python code syntax and style conventions
-- Configured 'flake8' exclude dirs and/or files: 
-- Added test 'lint_cmake' to check CMake code style
-- Added test 'pep257' to check Python code against some of the docstring style conventions in PEP 257
-- Added test 'uncrustify' to check C / C++ code style
-- Configured uncrustify additional arguments: 
-- Added test 'xmllint' to check XML markup files
-- Configuring done (2.3s)
-- Generating done (0.0s)
-- Build files have been written to: /workspace/ros_ws/build/master
[ 50%] [32mBuilding CXX object CMakeFiles/master_node.dir/src/theMaster.cpp.o[0m
[01m[K/workspace/ros_ws/src/master/src/theMaster.cpp:[m[K In lambda function:
[01m[K/workspace/ros_ws/src/master/src/theMaster.cpp:95:15:[m[K [01;35m[Kwarning: [m[Kthis statement may fall through [[01;35m[K-Wimplicit-fallthrough=[m[K]
   95 |               [01;35m[Kif[m[K(*trigger)
      |               [01;35m[K^~[m[K
[01m[K/workspace/ros_ws/src/master/src/theMaster.cpp:103:13:[m[K [01;36m[Knote: [m[Khere
  103 |             [01;36m[Kcase[m[K 0: //deactivated
      |             [01;36m[K^~~~[m[K
[100%] [32m[1mLinking CXX executable master_node[0m
[100%] Built target master_node
-- Install configuration: ""
-- Installing: /workspace/ros_ws/install/master/lib/master/master_node
-- Set non-toolchain portion of runtime path of "/workspace/ros_ws/install/master/lib/master/master_node" to ""
-- Installing: /workspace/ros_ws/install/master/share/ament_index/resource_index/package_run_dependencies/master
-- Installing: /workspace/ros_ws/install/master/share/ament_index/resource_index/parent_prefix_path/master
-- Up-to-date: /workspace/ros_ws/install/master/share/master/environment/ament_prefix_path.sh
-- Installing: /workspace/ros_ws/install/master/share/master/environment/ament_prefix_path.dsv
-- Up-to-date: /workspace/ros_ws/install/master/share/master/environment/path.sh
-- Installing: /workspace/ros_ws/install/master/share/master/environment/path.dsv
-- Installing: /workspace/ros_ws/install/master/share/master/local_setup.bash
-- Installing: /workspace/ros_ws/install/master/share/master/local_setup.sh
-- Installing: /workspace/ros_ws/install/master/share/master/local_setup.zsh
-- Installing: /workspace/ros_ws/install/master/share/master/local_setup.dsv
-- Installing: /workspace/ros_ws/install/master/share/master/package.dsv
-- Installing: /workspace/ros_ws/install/master/share/ament_index/resource_index/packages/master
-- Installing: /workspace/ros_ws/install/master/share/master/cmake/masterConfig.cmake
-- Installing: /workspace/ros_ws/install/master/share/master/cmake/masterConfig-version.cmake
-- Up-to-date: /workspace/ros_ws/install/master/share/master/package.xml
