[1.171s] Invoking command in '/workspace/ros_ws/src/build/nav2_gradient_costmap_plugin': CMAKE_PREFIX_PATH=${CMAKE_PREFIX_PATH}:/workspace/ros_ws/install/nav2_gps_waypoint_follower_demo:/workspace/ros_ws/install/digit_recognition:/opt/ros/jazzy /usr/bin/cmake /workspace/ros_ws/src/nav2_gradient_costmap_plugin -DCMAKE_INSTALL_PREFIX=/workspace/ros_ws/src/install/nav2_gradient_costmap_plugin
[1.227s] -- Found ament_cmake: 2.5.4 (/opt/ros/jazzy/share/ament_cmake/cmake)
[2.415s] -- Override CMake install command with custom implementation using symlinks instead of copying resources
[2.458s] -- Found rclcpp: 28.1.9 (/opt/ros/jazzy/share/rclcpp/cmake)
[2.593s] -- Found rosidl_generator_c: 4.6.5 (/opt/ros/jazzy/share/rosidl_generator_c/cmake)
[2.628s] -- Found rosidl_generator_cpp: 4.6.5 (/opt/ros/jazzy/share/rosidl_generator_cpp/cmake)
[2.692s] -- Using all available rosidl_typesupport_c: rosidl_typesupport_fastrtps_c;rosidl_typesupport_introspection_c
[2.791s] -- Using all available rosidl_typesupport_cpp: rosidl_typesupport_fastrtps_cpp;rosidl_typesupport_introspection_cpp
[3.219s] -- Found rmw_implementation_cmake: 7.3.2 (/opt/ros/jazzy/share/rmw_implementation_cmake/cmake)
[3.230s] -- Found rmw_fastrtps_cpp: 8.4.2 (/opt/ros/jazzy/share/rmw_fastrtps_cpp/cmake)
[3.413s] -- Using RMW implementation 'rmw_fastrtps_cpp' as default
[3.566s] -- Found nav2_costmap_2d: 1.3.6 (/opt/ros/jazzy/share/nav2_costmap_2d/cmake)
[4.605s] -- Found eigen3_cmake_module: 0.3.0 (/opt/ros/jazzy/share/eigen3_cmake_module/cmake)
[4.619s] -- Ensuring Eigen3 include directory is part of orocos-kdl CMake target
[5.283s] -- Configuring done (4.1s)
[5.354s] -- Generating done (0.0s)
[5.355s] -- Build files have been written to: /workspace/ros_ws/src/build/nav2_gradient_costmap_plugin
[5.383s] Invoked command in '/workspace/ros_ws/src/build/nav2_gradient_costmap_plugin' returned '0': CMAKE_PREFIX_PATH=${CMAKE_PREFIX_PATH}:/workspace/ros_ws/install/nav2_gps_waypoint_follower_demo:/workspace/ros_ws/install/digit_recognition:/opt/ros/jazzy /usr/bin/cmake /workspace/ros_ws/src/nav2_gradient_costmap_plugin -DCMAKE_INSTALL_PREFIX=/workspace/ros_ws/src/install/nav2_gradient_costmap_plugin
[5.385s] Invoking command in '/workspace/ros_ws/src/build/nav2_gradient_costmap_plugin': CMAKE_PREFIX_PATH=${CMAKE_PREFIX_PATH}:/workspace/ros_ws/install/nav2_gps_waypoint_follower_demo:/workspace/ros_ws/install/digit_recognition:/opt/ros/jazzy /usr/bin/cmake --build /workspace/ros_ws/src/build/nav2_gradient_costmap_plugin -- -j8 -l8
[6.877s] [100%] Built target nav2_gradient_costmap_plugin_core
[6.918s] Invoked command in '/workspace/ros_ws/src/build/nav2_gradient_costmap_plugin' returned '0': CMAKE_PREFIX_PATH=${CMAKE_PREFIX_PATH}:/workspace/ros_ws/install/nav2_gps_waypoint_follower_demo:/workspace/ros_ws/install/digit_recognition:/opt/ros/jazzy /usr/bin/cmake --build /workspace/ros_ws/src/build/nav2_gradient_costmap_plugin -- -j8 -l8
[6.922s] Invoking command in '/workspace/ros_ws/src/build/nav2_gradient_costmap_plugin': CMAKE_PREFIX_PATH=${CMAKE_PREFIX_PATH}:/workspace/ros_ws/install/nav2_gps_waypoint_follower_demo:/workspace/ros_ws/install/digit_recognition:/opt/ros/jazzy /usr/bin/cmake --install /workspace/ros_ws/src/build/nav2_gradient_costmap_plugin
[7.187s] -- Install configuration: ""
[7.187s] -- Execute custom install script
[7.187s] -- Up-to-date symlink: /workspace/ros_ws/src/install/nav2_gradient_costmap_plugin/lib/libnav2_gradient_costmap_plugin_core.so
[7.187s] -- Up-to-date symlink: /workspace/ros_ws/src/install/nav2_gradient_costmap_plugin/share/nav2_gradient_costmap_plugin//gradient_layer.xml
[7.188s] -- Up-to-date symlink: /workspace/ros_ws/src/install/nav2_gradient_costmap_plugin/share/ament_index/resource_index/package_run_dependencies/nav2_gradient_costmap_plugin
[7.189s] -- Up-to-date symlink: /workspace/ros_ws/src/install/nav2_gradient_costmap_plugin/share/ament_index/resource_index/parent_prefix_path/nav2_gradient_costmap_plugin
[7.190s] -- Up-to-date symlink: /workspace/ros_ws/src/install/nav2_gradient_costmap_plugin/share/nav2_gradient_costmap_plugin/environment/ament_prefix_path.sh
[7.190s] -- Up-to-date symlink: /workspace/ros_ws/src/install/nav2_gradient_costmap_plugin/share/nav2_gradient_costmap_plugin/environment/ament_prefix_path.dsv
[7.192s] -- Up-to-date symlink: /workspace/ros_ws/src/install/nav2_gradient_costmap_plugin/share/nav2_gradient_costmap_plugin/environment/path.sh
[7.192s] -- Up-to-date symlink: /workspace/ros_ws/src/install/nav2_gradient_costmap_plugin/share/nav2_gradient_costmap_plugin/environment/path.dsv
[7.192s] -- Up-to-date symlink: /workspace/ros_ws/src/install/nav2_gradient_costmap_plugin/share/nav2_gradient_costmap_plugin/local_setup.bash
[7.192s] -- Up-to-date symlink: /workspace/ros_ws/src/install/nav2_gradient_costmap_plugin/share/nav2_gradient_costmap_plugin/local_setup.sh
[7.192s] -- Up-to-date symlink: /workspace/ros_ws/src/install/nav2_gradient_costmap_plugin/share/nav2_gradient_costmap_plugin/local_setup.zsh
[7.197s] -- Up-to-date symlink: /workspace/ros_ws/src/install/nav2_gradient_costmap_plugin/share/nav2_gradient_costmap_plugin/local_setup.dsv
[7.197s] -- Symlinking: /workspace/ros_ws/src/install/nav2_gradient_costmap_plugin/share/nav2_gradient_costmap_plugin/package.dsv
[7.197s] -- Up-to-date symlink: /workspace/ros_ws/src/install/nav2_gradient_costmap_plugin/share/ament_index/resource_index/packages/nav2_gradient_costmap_plugin
[7.197s] -- Up-to-date symlink: /workspace/ros_ws/src/install/nav2_gradient_costmap_plugin/share/ament_index/resource_index/nav2_costmap_2d__pluginlib__plugin/nav2_gradient_costmap_plugin
[7.197s] -- Up-to-date symlink: /workspace/ros_ws/src/install/nav2_gradient_costmap_plugin/share/nav2_gradient_costmap_plugin/cmake/nav2_gradient_costmap_pluginConfig.cmake
[7.197s] -- Up-to-date symlink: /workspace/ros_ws/src/install/nav2_gradient_costmap_plugin/share/nav2_gradient_costmap_plugin/cmake/nav2_gradient_costmap_pluginConfig-version.cmake
[7.197s] -- Up-to-date symlink: /workspace/ros_ws/src/install/nav2_gradient_costmap_plugin/share/nav2_gradient_costmap_plugin/package.xml
[7.210s] Invoked command in '/workspace/ros_ws/src/build/nav2_gradient_costmap_plugin' returned '0': CMAKE_PREFIX_PATH=${CMAKE_PREFIX_PATH}:/workspace/ros_ws/install/nav2_gps_waypoint_follower_demo:/workspace/ros_ws/install/digit_recognition:/opt/ros/jazzy /usr/bin/cmake --install /workspace/ros_ws/src/build/nav2_gradient_costmap_plugin
