[0.069s] Invoking command in '/workspace/ros_ws/build/nav2_straightline_planner': CMAKE_PREFIX_PATH=${CMAKE_PREFIX_PATH}:/opt/ros/jazzy /usr/bin/cmake /workspace/ros_ws/src/nav2_straightline_planner -DAMENT_CMAKE_SYMLINK_INSTALL=1 -DCMAKE_INSTALL_PREFIX=/workspace/ros_ws/install/nav2_straightline_planner
[0.399s] -- Found ament_cmake: 2.5.4 (/opt/ros/jazzy/share/ament_cmake/cmake)
[1.056s] -- Override CMake install command with custom implementation using symlinks instead of copying resources
[1.083s] -- Found rclcpp: 28.1.9 (/opt/ros/jazzy/share/rclcpp/cmake)
[1.120s] -- Found rosidl_generator_c: 4.6.5 (/opt/ros/jazzy/share/rosidl_generator_c/cmake)
[1.143s] -- Found rosidl_generator_cpp: 4.6.5 (/opt/ros/jazzy/share/rosidl_generator_cpp/cmake)
[1.154s] -- Using all available rosidl_typesupport_c: rosidl_typesupport_fastrtps_c;rosidl_typesupport_introspection_c
[1.198s] -- Using all available rosidl_typesupport_cpp: rosidl_typesupport_fastrtps_cpp;rosidl_typesupport_introspection_cpp
[1.391s] -- Found rmw_implementation_cmake: 7.3.2 (/opt/ros/jazzy/share/rmw_implementation_cmake/cmake)
[1.393s] -- Found rmw_fastrtps_cpp: 8.4.2 (/opt/ros/jazzy/share/rmw_fastrtps_cpp/cmake)
[1.635s] -- Using RMW implementation 'rmw_fastrtps_cpp' as default
[1.890s] -- Found rclcpp_action: 28.1.9 (/opt/ros/jazzy/share/rclcpp_action/cmake)
[2.032s] -- Found rclcpp_lifecycle: 28.1.9 (/opt/ros/jazzy/share/rclcpp_lifecycle/cmake)
[2.077s] -- Found std_msgs: 5.3.6 (/opt/ros/jazzy/share/std_msgs/cmake)
[2.111s] -- Found visualization_msgs: 5.3.6 (/opt/ros/jazzy/share/visualization_msgs/cmake)
[2.264s] -- Found nav2_util: 1.3.6 (/opt/ros/jazzy/share/nav2_util/cmake)
[2.812s] -- Found eigen3_cmake_module: 0.3.0 (/opt/ros/jazzy/share/eigen3_cmake_module/cmake)
[2.818s] -- Ensuring Eigen3 include directory is part of orocos-kdl CMake target
[3.070s] -- Found nav2_costmap_2d: 1.3.6 (/opt/ros/jazzy/share/nav2_costmap_2d/cmake)
[3.209s] -- Found nav2_core: 1.3.6 (/opt/ros/jazzy/share/nav2_core/cmake)
[3.379s] -- Found ament_lint_auto: 0.17.2 (/opt/ros/jazzy/share/ament_lint_auto/cmake)
[3.628s] -- Added test 'copyright' to check source files copyright and LICENSE
[3.630s] -- Added test 'cppcheck' to perform static code analysis on C / C++ code
[3.635s] -- Configured cppcheck include dirs: /workspace/ros_ws/src/nav2_straightline_planner/include
[3.635s] -- Configured cppcheck exclude dirs and/or files: 
[3.635s] -- Added test 'cpplint' to check C / C++ code against the Google style
[3.635s] -- Configured cpplint exclude dirs and/or files: 
[3.635s] -- Added test 'lint_cmake' to check CMake code style
[3.636s] -- Added test 'uncrustify' to check C / C++ code style
[3.636s] -- Configured uncrustify additional arguments: 
[3.636s] -- Added test 'xmllint' to check XML markup files
[3.644s] -- Configuring done (3.5s)
[3.741s] -- Generating done (0.1s)
[3.752s] -- Build files have been written to: /workspace/ros_ws/build/nav2_straightline_planner
[3.781s] Invoked command in '/workspace/ros_ws/build/nav2_straightline_planner' returned '0': CMAKE_PREFIX_PATH=${CMAKE_PREFIX_PATH}:/opt/ros/jazzy /usr/bin/cmake /workspace/ros_ws/src/nav2_straightline_planner -DAMENT_CMAKE_SYMLINK_INSTALL=1 -DCMAKE_INSTALL_PREFIX=/workspace/ros_ws/install/nav2_straightline_planner
[3.786s] Invoking command in '/workspace/ros_ws/build/nav2_straightline_planner': CMAKE_PREFIX_PATH=${CMAKE_PREFIX_PATH}:/opt/ros/jazzy /usr/bin/cmake --build /workspace/ros_ws/build/nav2_straightline_planner -- -j8 -l8
[3.979s] [ 50%] [32m[1mLinking CXX shared library libnav2_straightline_planner_plugin.so[0m
[4.664s] [100%] Built target nav2_straightline_planner_plugin
[4.758s] Invoked command in '/workspace/ros_ws/build/nav2_straightline_planner' returned '0': CMAKE_PREFIX_PATH=${CMAKE_PREFIX_PATH}:/opt/ros/jazzy /usr/bin/cmake --build /workspace/ros_ws/build/nav2_straightline_planner -- -j8 -l8
[4.761s] Invoking command in '/workspace/ros_ws/build/nav2_straightline_planner': CMAKE_PREFIX_PATH=${CMAKE_PREFIX_PATH}:/opt/ros/jazzy /usr/bin/cmake --install /workspace/ros_ws/build/nav2_straightline_planner
[4.779s] -- Install configuration: ""
[4.784s] -- Execute custom install script
[4.789s] -- Symlinking: /workspace/ros_ws/install/nav2_straightline_planner/share/nav2_straightline_planner//global_planner_plugin.xml
[4.836s] -- Symlinking: /workspace/ros_ws/install/nav2_straightline_planner/lib/libnav2_straightline_planner_plugin.so
[4.863s] -- Symlinking: /workspace/ros_ws/install/nav2_straightline_planner/include//nav2_straightline_planner/straight_line_planner.hpp
[4.887s] -- Symlinking: /workspace/ros_ws/install/nav2_straightline_planner/include//nav2_straightline_planner/straight_line_planner.hpp:Zone.Identifier
[4.908s] -- Up-to-date symlink: /workspace/ros_ws/install/nav2_straightline_planner/share/nav2_straightline_planner/global_planner_plugin.xml
[4.908s] -- Symlinking: /workspace/ros_ws/install/nav2_straightline_planner/share/nav2_straightline_planner/environment/library_path.sh
[4.933s] -- Symlinking: /workspace/ros_ws/install/nav2_straightline_planner/share/nav2_straightline_planner/environment/library_path.dsv
[4.989s] -- Symlinking: /workspace/ros_ws/install/nav2_straightline_planner/share/ament_index/resource_index/package_run_dependencies/nav2_straightline_planner
[5.016s] -- Symlinking: /workspace/ros_ws/install/nav2_straightline_planner/share/ament_index/resource_index/parent_prefix_path/nav2_straightline_planner
[5.031s] -- Symlinking: /workspace/ros_ws/install/nav2_straightline_planner/share/nav2_straightline_planner/environment/ament_prefix_path.sh
[5.069s] -- Symlinking: /workspace/ros_ws/install/nav2_straightline_planner/share/nav2_straightline_planner/environment/ament_prefix_path.dsv
[5.096s] -- Symlinking: /workspace/ros_ws/install/nav2_straightline_planner/share/nav2_straightline_planner/environment/path.sh
[5.121s] -- Symlinking: /workspace/ros_ws/install/nav2_straightline_planner/share/nav2_straightline_planner/environment/path.dsv
[5.143s] -- Symlinking: /workspace/ros_ws/install/nav2_straightline_planner/share/nav2_straightline_planner/local_setup.bash
[5.169s] -- Symlinking: /workspace/ros_ws/install/nav2_straightline_planner/share/nav2_straightline_planner/local_setup.sh
[5.207s] -- Symlinking: /workspace/ros_ws/install/nav2_straightline_planner/share/nav2_straightline_planner/local_setup.zsh
[5.225s] -- Symlinking: /workspace/ros_ws/install/nav2_straightline_planner/share/nav2_straightline_planner/local_setup.dsv
[5.253s] -- Symlinking: /workspace/ros_ws/install/nav2_straightline_planner/share/nav2_straightline_planner/package.dsv
[5.270s] -- Symlinking: /workspace/ros_ws/install/nav2_straightline_planner/share/ament_index/resource_index/packages/nav2_straightline_planner
[5.283s] -- Symlinking: /workspace/ros_ws/install/nav2_straightline_planner/share/ament_index/resource_index/nav2_core__pluginlib__plugin/nav2_straightline_planner
[5.321s] -- Symlinking: /workspace/ros_ws/install/nav2_straightline_planner/share/nav2_straightline_planner/cmake/ament_cmake_export_include_directories-extras.cmake
[5.370s] -- Symlinking: /workspace/ros_ws/install/nav2_straightline_planner/share/nav2_straightline_planner/cmake/ament_cmake_export_libraries-extras.cmake
[5.381s] -- Symlinking: /workspace/ros_ws/install/nav2_straightline_planner/share/nav2_straightline_planner/cmake/ament_cmake_export_dependencies-extras.cmake
[5.416s] -- Symlinking: /workspace/ros_ws/install/nav2_straightline_planner/share/nav2_straightline_planner/cmake/nav2_straightline_plannerConfig.cmake
[5.429s] -- Symlinking: /workspace/ros_ws/install/nav2_straightline_planner/share/nav2_straightline_planner/cmake/nav2_straightline_plannerConfig-version.cmake
[5.446s] -- Symlinking: /workspace/ros_ws/install/nav2_straightline_planner/share/nav2_straightline_planner/package.xml
[5.493s] Invoked command in '/workspace/ros_ws/build/nav2_straightline_planner' returned '0': CMAKE_PREFIX_PATH=${CMAKE_PREFIX_PATH}:/opt/ros/jazzy /usr/bin/cmake --install /workspace/ros_ws/build/nav2_straightline_planner
