[0.061s] Invoking command in '/workspace/ros_ws/build/sam_bot_description': CMAKE_PREFIX_PATH=${CMAKE_PREFIX_PATH}:/opt/ros/jazzy /usr/bin/cmake --build /workspace/ros_ws/build/sam_bot_description -- -j8 -l8
[0.162s] Invoked command in '/workspace/ros_ws/build/sam_bot_description' returned '0': CMAKE_PREFIX_PATH=${CMAKE_PREFIX_PATH}:/opt/ros/jazzy /usr/bin/cmake --build /workspace/ros_ws/build/sam_bot_description -- -j8 -l8
[0.163s] Invoking command in '/workspace/ros_ws/build/sam_bot_description': CMAKE_PREFIX_PATH=${CMAKE_PREFIX_PATH}:/opt/ros/jazzy /usr/bin/cmake --install /workspace/ros_ws/build/sam_bot_description
[0.196s] -- Install configuration: ""
[0.198s] -- Up-to-date: /workspace/ros_ws/install/sam_bot_description/share/sam_bot_description/src
[0.198s] -- Up-to-date: /workspace/ros_ws/install/sam_bot_description/share/sam_bot_description/src/description
[0.198s] -- Up-to-date: /workspace/ros_ws/install/sam_bot_description/share/sam_bot_description/src/description/sam_bot_description.urdf
[0.198s] -- Up-to-date: /workspace/ros_ws/install/sam_bot_description/share/sam_bot_description/src/description/sam_bot_description.sdf:Zone.Identifier
[0.198s] -- Up-to-date: /workspace/ros_ws/install/sam_bot_description/share/sam_bot_description/src/description/sam_bot_description.sdf
[0.198s] -- Up-to-date: /workspace/ros_ws/install/sam_bot_description/share/sam_bot_description/src/description/sam_bot_description.urdf:Zone.Identifier
[0.198s] -- Up-to-date: /workspace/ros_ws/install/sam_bot_description/share/sam_bot_description/launch
[0.198s] -- Up-to-date: /workspace/ros_ws/install/sam_bot_description/share/sam_bot_description/launch/display.launch.py
[0.198s] -- Up-to-date: /workspace/ros_ws/install/sam_bot_description/share/sam_bot_description/launch/display.launch.py:Zone.Identifier
[0.198s] -- Up-to-date: /workspace/ros_ws/install/sam_bot_description/share/sam_bot_description/rviz
[0.198s] -- Up-to-date: /workspace/ros_ws/install/sam_bot_description/share/sam_bot_description/rviz/config.rviz:Zone.Identifier
[0.199s] -- Up-to-date: /workspace/ros_ws/install/sam_bot_description/share/sam_bot_description/rviz/config.rviz
[0.199s] -- Up-to-date: /workspace/ros_ws/install/sam_bot_description/share/sam_bot_description/config
[0.199s] -- Up-to-date: /workspace/ros_ws/install/sam_bot_description/share/sam_bot_description/config/ekf.yaml:Zone.Identifier
[0.199s] -- Up-to-date: /workspace/ros_ws/install/sam_bot_description/share/sam_bot_description/config/nav2_params.yaml:Zone.Identifier
[0.199s] -- Up-to-date: /workspace/ros_ws/install/sam_bot_description/share/sam_bot_description/config/bridge_config.yaml:Zone.Identifier
[0.199s] -- Up-to-date: /workspace/ros_ws/install/sam_bot_description/share/sam_bot_description/config/bridge_config.yaml
[0.199s] -- Up-to-date: /workspace/ros_ws/install/sam_bot_description/share/sam_bot_description/config/ekf.yaml
[0.199s] -- Up-to-date: /workspace/ros_ws/install/sam_bot_description/share/sam_bot_description/config/nav2_params.yaml
[0.200s] -- Up-to-date: /workspace/ros_ws/install/sam_bot_description/share/sam_bot_description/world
[0.202s] -- Up-to-date: /workspace/ros_ws/install/sam_bot_description/share/sam_bot_description/world/my_world.sdf
[0.202s] -- Up-to-date: /workspace/ros_ws/install/sam_bot_description/share/sam_bot_description/world/my_world.sdf:Zone.Identifier
[0.202s] -- Up-to-date: /workspace/ros_ws/install/sam_bot_description/share/ament_index/resource_index/package_run_dependencies/sam_bot_description
[0.202s] -- Up-to-date: /workspace/ros_ws/install/sam_bot_description/share/ament_index/resource_index/parent_prefix_path/sam_bot_description
[0.202s] -- Up-to-date: /workspace/ros_ws/install/sam_bot_description/share/sam_bot_description/environment/ament_prefix_path.sh
[0.202s] -- Up-to-date: /workspace/ros_ws/install/sam_bot_description/share/sam_bot_description/environment/ament_prefix_path.dsv
[0.202s] -- Up-to-date: /workspace/ros_ws/install/sam_bot_description/share/sam_bot_description/environment/path.sh
[0.202s] -- Up-to-date: /workspace/ros_ws/install/sam_bot_description/share/sam_bot_description/environment/path.dsv
[0.202s] -- Up-to-date: /workspace/ros_ws/install/sam_bot_description/share/sam_bot_description/local_setup.bash
[0.202s] -- Up-to-date: /workspace/ros_ws/install/sam_bot_description/share/sam_bot_description/local_setup.sh
[0.203s] -- Up-to-date: /workspace/ros_ws/install/sam_bot_description/share/sam_bot_description/local_setup.zsh
[0.203s] -- Up-to-date: /workspace/ros_ws/install/sam_bot_description/share/sam_bot_description/local_setup.dsv
[0.204s] -- Installing: /workspace/ros_ws/install/sam_bot_description/share/sam_bot_description/package.dsv
[0.204s] -- Up-to-date: /workspace/ros_ws/install/sam_bot_description/share/ament_index/resource_index/packages/sam_bot_description
[0.204s] -- Up-to-date: /workspace/ros_ws/install/sam_bot_description/share/sam_bot_description/cmake/sam_bot_descriptionConfig.cmake
[0.204s] -- Up-to-date: /workspace/ros_ws/install/sam_bot_description/share/sam_bot_description/cmake/sam_bot_descriptionConfig-version.cmake
[0.204s] -- Up-to-date: /workspace/ros_ws/install/sam_bot_description/share/sam_bot_description/package.xml
[0.207s] Invoked command in '/workspace/ros_ws/build/sam_bot_description' returned '0': CMAKE_PREFIX_PATH=${CMAKE_PREFIX_PATH}:/opt/ros/jazzy /usr/bin/cmake --install /workspace/ros_ws/build/sam_bot_description
