[ 50%] [32mBuilding CXX object CMakeFiles/master_node.dir/src/theMaster.cpp.o[0m
[01m[K/workspace/ros_ws/src/master/src/theMaster.cpp:[m[K In constructor ‘[01m[KreTwist::[01;32m[KreTwist[m[K(float*, float*, int*)[m[K’:
[01m[K/workspace/ros_ws/src/master/src/theMaster.cpp:57:20:[m[K [01;35m[Kwarning: [m[Kunused parameter ‘[01m[Kfspeed[m[K’ [[01;35m[K]8;;https://gcc.gnu.org/onlinedocs/gcc/Warning-Options.html#index-Wunused-parameter-Wunused-parameter]8;;[m[K]
   57 |     reTwist([01;35m[Kfloat* fspeed[m[K, float* rspeed, int* mode) : Node("reTwist"), count_(0)
      |             [01;35m[K~~~~~~~^~~~~~[m[K
[01m[K/workspace/ros_ws/src/master/src/theMaster.cpp:57:35:[m[K [01;35m[Kwarning: [m[Kunused parameter ‘[01m[Krspeed[m[K’ [[01;35m[K]8;;https://gcc.gnu.org/onlinedocs/gcc/Warning-Options.html#index-Wunused-parameter-Wunused-parameter]8;;[m[K]
   57 |     reTwist(float* fspeed, [01;35m[Kfloat* rspeed[m[K, int* mode) : Node("reTwist"), count_(0)
      |                            [01;35m[K~~~~~~~^~~~~~[m[K
[100%] [32m[1mLinking CXX executable master_node[0m
[100%] Built target master_node
-- Install configuration: ""
-- Installing: /workspace/ros_ws/src/master/install/master/lib/master/master_node
-- Set non-toolchain portion of runtime path of "/workspace/ros_ws/src/master/install/master/lib/master/master_node" to ""
-- Up-to-date: /workspace/ros_ws/src/master/install/master/share/ament_index/resource_index/package_run_dependencies/master
-- Up-to-date: /workspace/ros_ws/src/master/install/master/share/ament_index/resource_index/parent_prefix_path/master
-- Up-to-date: /workspace/ros_ws/src/master/install/master/share/master/environment/ament_prefix_path.sh
-- Up-to-date: /workspace/ros_ws/src/master/install/master/share/master/environment/ament_prefix_path.dsv
-- Up-to-date: /workspace/ros_ws/src/master/install/master/share/master/environment/path.sh
-- Up-to-date: /workspace/ros_ws/src/master/install/master/share/master/environment/path.dsv
-- Up-to-date: /workspace/ros_ws/src/master/install/master/share/master/local_setup.bash
-- Up-to-date: /workspace/ros_ws/src/master/install/master/share/master/local_setup.sh
-- Up-to-date: /workspace/ros_ws/src/master/install/master/share/master/local_setup.zsh
-- Up-to-date: /workspace/ros_ws/src/master/install/master/share/master/local_setup.dsv
-- Installing: /workspace/ros_ws/src/master/install/master/share/master/package.dsv
-- Up-to-date: /workspace/ros_ws/src/master/install/master/share/ament_index/resource_index/packages/master
-- Up-to-date: /workspace/ros_ws/src/master/install/master/share/master/cmake/masterConfig.cmake
-- Up-to-date: /workspace/ros_ws/src/master/install/master/share/master/cmake/masterConfig-version.cmake
-- Up-to-date: /workspace/ros_ws/src/master/install/master/share/master/package.xml
