[0.338s] Invoking command in '/workspace/ros_ws/build/nav2_costmap_filters_demo': CMAKE_PREFIX_PATH=${CMAKE_PREFIX_PATH}:/opt/ros/jazzy /usr/bin/cmake /workspace/ros_ws/src/nav2_costmap_filters_demo -DAMENT_CMAKE_SYMLINK_INSTALL=1 -DCMAKE_INSTALL_PREFIX=/workspace/ros_ws/install/nav2_costmap_filters_demo
[0.788s] -- Found ament_cmake: 2.5.4 (/opt/ros/jazzy/share/ament_cmake/cmake)
[0.829s] -- Override CMake install command with custom implementation using symlinks instead of copying resources
[1.143s] -- Configuring done (0.8s)
[1.151s] -- Generating done (0.0s)
[1.157s] -- Build files have been written to: /workspace/ros_ws/build/nav2_costmap_filters_demo
[1.157s] Invoked command in '/workspace/ros_ws/build/nav2_costmap_filters_demo' returned '0': CMAKE_PREFIX_PATH=${CMAKE_PREFIX_PATH}:/opt/ros/jazzy /usr/bin/cmake /workspace/ros_ws/src/nav2_costmap_filters_demo -DAMENT_CMAKE_SYMLINK_INSTALL=1 -DCMAKE_INSTALL_PREFIX=/workspace/ros_ws/install/nav2_costmap_filters_demo
[1.158s] Invoking command in '/workspace/ros_ws/build/nav2_costmap_filters_demo': CMAKE_PREFIX_PATH=${CMAKE_PREFIX_PATH}:/opt/ros/jazzy /usr/bin/cmake --build /workspace/ros_ws/build/nav2_costmap_filters_demo -- -j8 -l8
[1.277s] Invoked command in '/workspace/ros_ws/build/nav2_costmap_filters_demo' returned '0': CMAKE_PREFIX_PATH=${CMAKE_PREFIX_PATH}:/opt/ros/jazzy /usr/bin/cmake --build /workspace/ros_ws/build/nav2_costmap_filters_demo -- -j8 -l8
[1.317s] Invoking command in '/workspace/ros_ws/build/nav2_costmap_filters_demo': CMAKE_PREFIX_PATH=${CMAKE_PREFIX_PATH}:/opt/ros/jazzy /usr/bin/cmake --install /workspace/ros_ws/build/nav2_costmap_filters_demo
[1.352s] -- Install configuration: ""
[1.352s] -- Execute custom install script
[1.352s] -- Up-to-date symlink: /workspace/ros_ws/install/nav2_costmap_filters_demo/share/nav2_costmap_filters_demo/launch/costmap_filter_info.launch.py
[1.352s] -- Up-to-date symlink: /workspace/ros_ws/install/nav2_costmap_filters_demo/share/nav2_costmap_filters_demo/launch/costmap_filter_info.launch.py:Zone.Identifier
[1.352s] -- Up-to-date symlink: /workspace/ros_ws/install/nav2_costmap_filters_demo/share/nav2_costmap_filters_demo/maps/keepout_mask.pgm
[1.353s] -- Up-to-date symlink: /workspace/ros_ws/install/nav2_costmap_filters_demo/share/nav2_costmap_filters_demo/maps/keepout_mask.pgm:Zone.Identifier
[1.353s] -- Up-to-date symlink: /workspace/ros_ws/install/nav2_costmap_filters_demo/share/nav2_costmap_filters_demo/maps/keepout_mask.yaml
[1.353s] -- Up-to-date symlink: /workspace/ros_ws/install/nav2_costmap_filters_demo/share/nav2_costmap_filters_demo/maps/keepout_mask.yaml:Zone.Identifier
[1.353s] -- Up-to-date symlink: /workspace/ros_ws/install/nav2_costmap_filters_demo/share/nav2_costmap_filters_demo/maps/speed_mask.pgm
[1.353s] -- Up-to-date symlink: /workspace/ros_ws/install/nav2_costmap_filters_demo/share/nav2_costmap_filters_demo/maps/speed_mask.pgm:Zone.Identifier
[1.356s] -- Up-to-date symlink: /workspace/ros_ws/install/nav2_costmap_filters_demo/share/nav2_costmap_filters_demo/maps/speed_mask.yaml
[1.356s] -- Up-to-date symlink: /workspace/ros_ws/install/nav2_costmap_filters_demo/share/nav2_costmap_filters_demo/maps/speed_mask.yaml:Zone.Identifier
[1.356s] -- Up-to-date symlink: /workspace/ros_ws/install/nav2_costmap_filters_demo/share/nav2_costmap_filters_demo/params/keepout_params.yaml
[1.358s] -- Up-to-date symlink: /workspace/ros_ws/install/nav2_costmap_filters_demo/share/nav2_costmap_filters_demo/params/keepout_params.yaml:Zone.Identifier
[1.359s] -- Up-to-date symlink: /workspace/ros_ws/install/nav2_costmap_filters_demo/share/nav2_costmap_filters_demo/params/speed_params.yaml
[1.359s] -- Up-to-date symlink: /workspace/ros_ws/install/nav2_costmap_filters_demo/share/nav2_costmap_filters_demo/params/speed_params.yaml:Zone.Identifier
[1.359s] -- Up-to-date symlink: /workspace/ros_ws/install/nav2_costmap_filters_demo/share/ament_index/resource_index/package_run_dependencies/nav2_costmap_filters_demo
[1.359s] -- Up-to-date symlink: /workspace/ros_ws/install/nav2_costmap_filters_demo/share/ament_index/resource_index/parent_prefix_path/nav2_costmap_filters_demo
[1.360s] -- Up-to-date symlink: /workspace/ros_ws/install/nav2_costmap_filters_demo/share/nav2_costmap_filters_demo/environment/ament_prefix_path.sh
[1.360s] -- Up-to-date symlink: /workspace/ros_ws/install/nav2_costmap_filters_demo/share/nav2_costmap_filters_demo/environment/ament_prefix_path.dsv
[1.360s] -- Up-to-date symlink: /workspace/ros_ws/install/nav2_costmap_filters_demo/share/nav2_costmap_filters_demo/environment/path.sh
[1.360s] -- Up-to-date symlink: /workspace/ros_ws/install/nav2_costmap_filters_demo/share/nav2_costmap_filters_demo/environment/path.dsv
[1.361s] -- Up-to-date symlink: /workspace/ros_ws/install/nav2_costmap_filters_demo/share/nav2_costmap_filters_demo/local_setup.bash
[1.381s] -- Up-to-date symlink: /workspace/ros_ws/install/nav2_costmap_filters_demo/share/nav2_costmap_filters_demo/local_setup.sh
[1.382s] -- Up-to-date symlink: /workspace/ros_ws/install/nav2_costmap_filters_demo/share/nav2_costmap_filters_demo/local_setup.zsh
[1.382s] -- Up-to-date symlink: /workspace/ros_ws/install/nav2_costmap_filters_demo/share/nav2_costmap_filters_demo/local_setup.dsv
[1.383s] -- Symlinking: /workspace/ros_ws/install/nav2_costmap_filters_demo/share/nav2_costmap_filters_demo/package.dsv
[1.397s] -- Up-to-date symlink: /workspace/ros_ws/install/nav2_costmap_filters_demo/share/ament_index/resource_index/packages/nav2_costmap_filters_demo
[1.400s] -- Up-to-date symlink: /workspace/ros_ws/install/nav2_costmap_filters_demo/share/nav2_costmap_filters_demo/cmake/nav2_costmap_filters_demoConfig.cmake
[1.401s] -- Up-to-date symlink: /workspace/ros_ws/install/nav2_costmap_filters_demo/share/nav2_costmap_filters_demo/cmake/nav2_costmap_filters_demoConfig-version.cmake
[1.402s] -- Up-to-date symlink: /workspace/ros_ws/install/nav2_costmap_filters_demo/share/nav2_costmap_filters_demo/package.xml
[1.402s] Invoked command in '/workspace/ros_ws/build/nav2_costmap_filters_demo' returned '0': CMAKE_PREFIX_PATH=${CMAKE_PREFIX_PATH}:/opt/ros/jazzy /usr/bin/cmake --install /workspace/ros_ws/build/nav2_costmap_filters_demo
