[0.016s] Invoking command in '/workspace/ros_ws/src/master/build/master': CMAKE_PREFIX_PATH=${CMAKE_PREFIX_PATH}:/opt/ros/jazzy /usr/bin/cmake --build /workspace/ros_ws/src/master/build/master -- -j12 -l12
[0.046s] -- Found ament_cmake: 2.5.3 (/opt/ros/jazzy/share/ament_cmake/cmake)
[0.436s] -- Found rclcpp_components: 28.1.6 (/opt/ros/jazzy/share/rclcpp_components/cmake)
[0.489s] -- Found rosidl_generator_c: 4.6.5 (/opt/ros/jazzy/share/rosidl_generator_c/cmake)
[0.518s] -- Found rosidl_generator_cpp: 4.6.5 (/opt/ros/jazzy/share/rosidl_generator_cpp/cmake)
[0.543s] -- Using all available rosidl_typesupport_c: rosidl_typesupport_fastrtps_c;rosidl_typesupport_introspection_c
[0.561s] -- Using all available rosidl_typesupport_cpp: rosidl_typesupport_fastrtps_cpp;rosidl_typesupport_introspection_cpp
[0.721s] -- Found rmw_implementation_cmake: 7.3.1 (/opt/ros/jazzy/share/rmw_implementation_cmake/cmake)
[0.727s] -- Found rmw_fastrtps_cpp: 8.4.1 (/opt/ros/jazzy/share/rmw_fastrtps_cpp/cmake)
[0.821s] -- Using RMW implementation 'rmw_fastrtps_cpp' as default
[0.913s] -- Found std_msgs: 5.3.5 (/opt/ros/jazzy/share/std_msgs/cmake)
[0.932s] -- Found geometry_msgs: 5.3.5 (/opt/ros/jazzy/share/geometry_msgs/cmake)
[0.956s] -- Found teleop_twist_joy: 2.6.2 (/opt/ros/jazzy/share/teleop_twist_joy/cmake)
[0.977s] [33mCMake Warning at CMakeLists.txt:15 (find_package):
[0.977s]   By not providing "Findros.cmake" in CMAKE_MODULE_PATH this project has
[0.977s]   asked CMake to find a package configuration file provided by "ros", but
[0.977s]   CMake did not find one.
[0.977s] 
[0.977s]   Could not find a package configuration file provided by "ros" with any of
[0.977s]   the following names:
[0.977s] 
[0.977s]     rosConfig.cmake
[0.977s]     ros-config.cmake
[0.977s] 
[0.977s]   Add the installation prefix of "ros" to CMAKE_PREFIX_PATH or set "ros_DIR"
[0.978s]   to a directory containing one of the above files.  If "ros" provides a
[0.978s]   separate development package or SDK, be sure it has been installed.
[0.978s] 
[0.978s] [0m
[0.978s] -- Found ament_lint_auto: 0.17.1 (/opt/ros/jazzy/share/ament_lint_auto/cmake)
[1.121s] -- Added test 'cppcheck' to perform static code analysis on C / C++ code
[1.121s] -- Configured cppcheck include dirs: 
[1.121s] -- Configured cppcheck exclude dirs and/or files: 
[1.122s] -- Added test 'flake8' to check Python code syntax and style conventions
[1.123s] -- Configured 'flake8' exclude dirs and/or files: 
[1.125s] -- Added test 'lint_cmake' to check CMake code style
[1.127s] -- Added test 'pep257' to check Python code against some of the docstring style conventions in PEP 257
[1.142s] -- Added test 'uncrustify' to check C / C++ code style
[1.143s] -- Configured uncrustify additional arguments: 
[1.145s] -- Added test 'xmllint' to check XML markup files
[1.146s] -- Configuring done (1.1s)
[1.160s] -- Generating done (0.0s)
[1.161s] [31mCMake Error at /opt/ros/jazzy/share/teleop_twist_joy/cmake/export_teleop_twist_joyExport.cmake:61 (set_target_properties):
[1.161s]   The link interface of target "teleop_twist_joy::teleop_twist_joy" contains:
[1.161s] 
[1.162s]     sensor_msgs::sensor_msgs__rosidl_generator_c
[1.162s] 
[1.162s]   but the target was not found.  Possible reasons include:
[1.162s] 
[1.162s]     * There is a typo in the target name.
[1.162s]     * A find_package call is missing for an IMPORTED target.
[1.162s]     * An ALIAS target is missing.
[1.162s] 
[1.162s] Call Stack (most recent call first):
[1.163s]   /opt/ros/jazzy/share/teleop_twist_joy/cmake/ament_cmake_export_targets-extras.cmake:9 (include)
[1.163s]   /opt/ros/jazzy/share/teleop_twist_joy/cmake/teleop_twist_joyConfig.cmake:41 (include)
[1.163s]   CMakeLists.txt:14 (find_package)
[1.164s] 
[1.164s] [0m
[1.164s] [0mCMake Generate step failed.  Build files cannot be regenerated correctly.[0m
[1.171s] gmake: *** [Makefile:267: cmake_check_build_system] Error 1
[1.175s] Invoked command in '/workspace/ros_ws/src/master/build/master' returned '2': CMAKE_PREFIX_PATH=${CMAKE_PREFIX_PATH}:/opt/ros/jazzy /usr/bin/cmake --build /workspace/ros_ws/src/master/build/master -- -j12 -l12
