[0.042s] Invoking command in '/workspace/ros_ws/src/build/p3at_description': CMAKE_PREFIX_PATH=${CMAKE_PREFIX_PATH}:/opt/ros/jazzy /usr/bin/cmake /workspace/ros_ws/src/p3at_description -DAMENT_CMAKE_SYMLINK_INSTALL=1 -DCMAKE_INSTALL_PREFIX=/workspace/ros_ws/src/install/p3at_description
[0.364s] -- The C compiler identification is GNU 13.3.0
[0.802s] -- The CXX compiler identification is GNU 13.3.0
[0.930s] -- Detecting C compiler ABI info
[1.431s] -- Detecting C compiler ABI info - done
[1.523s] -- Check for working C compiler: /usr/bin/cc - skipped
[1.523s] -- Detecting C compile features
[1.523s] -- Detecting C compile features - done
[1.568s] -- Detecting CXX compiler ABI info
[2.009s] -- Detecting CXX compiler ABI info - done
[2.048s] -- Check for working CXX compiler: /usr/bin/c++ - skipped
[2.050s] -- Detecting CXX compile features
[2.055s] -- Detecting CXX compile features - done
[2.086s] -- Found ament_cmake: 2.5.4 (/opt/ros/jazzy/share/ament_cmake/cmake)
[2.582s] -- Found Python3: /usr/bin/python3 (found version "3.12.3") found components: Interpreter 
[2.724s] -- Override CMake install command with custom implementation using symlinks instead of copying resources
[2.991s] -- Found ament_lint_auto: 0.17.2 (/opt/ros/jazzy/share/ament_lint_auto/cmake)
[3.453s] -- Added test 'flake8' to check Python code syntax and style conventions
[3.454s] -- Configured 'flake8' exclude dirs and/or files: 
[3.483s] -- Added test 'lint_cmake' to check CMake code style
[3.484s] -- Added test 'pep257' to check Python code against some of the docstring style conventions in PEP 257
[3.542s] -- Added test 'xmllint' to check XML markup files
[3.542s] -- Configuring done (3.4s)
[3.550s] -- Generating done (0.0s)
[3.577s] -- Build files have been written to: /workspace/ros_ws/src/build/p3at_description
[3.596s] Invoked command in '/workspace/ros_ws/src/build/p3at_description' returned '0': CMAKE_PREFIX_PATH=${CMAKE_PREFIX_PATH}:/opt/ros/jazzy /usr/bin/cmake /workspace/ros_ws/src/p3at_description -DAMENT_CMAKE_SYMLINK_INSTALL=1 -DCMAKE_INSTALL_PREFIX=/workspace/ros_ws/src/install/p3at_description
[3.597s] Invoking command in '/workspace/ros_ws/src/build/p3at_description': CMAKE_PREFIX_PATH=${CMAKE_PREFIX_PATH}:/opt/ros/jazzy /usr/bin/cmake --build /workspace/ros_ws/src/build/p3at_description -- -j8 -l8
[4.529s] Invoked command in '/workspace/ros_ws/src/build/p3at_description' returned '0': CMAKE_PREFIX_PATH=${CMAKE_PREFIX_PATH}:/opt/ros/jazzy /usr/bin/cmake --build /workspace/ros_ws/src/build/p3at_description -- -j8 -l8
[4.531s] Invoking command in '/workspace/ros_ws/src/build/p3at_description': CMAKE_PREFIX_PATH=${CMAKE_PREFIX_PATH}:/opt/ros/jazzy /usr/bin/cmake --install /workspace/ros_ws/src/build/p3at_description
[4.565s] -- Install configuration: ""
[4.567s] -- Execute custom install script
[4.571s] -- Symlinking: /workspace/ros_ws/src/install/p3at_description/share/p3at_description/launch/build/.built_by
[4.571s] [33mCMake Warning (dev) at ament_cmake_symlink_install/ament_cmake_symlink_install.cmake:62 (file):
[4.571s]   Policy CMP0009 is not set: FILE GLOB_RECURSE calls should not follow
[4.571s]   symlinks by default.  Run "cmake --help-policy CMP0009" for policy details.
[4.588s]   Use the cmake_policy command to set the policy and suppress this warning.
[4.589s] Call Stack (most recent call first):
[4.589s]   ament_cmake_symlink_install/ament_cmake_symlink_install.cmake:314 (ament_cmake_symlink_install_directory)
[4.589s]   cmake_install.cmake:46 (include)
[4.589s] This warning is for project developers.  Use -Wno-dev to suppress it.
[4.589s] [0m
[4.589s] -- Symlinking: /workspace/ros_ws/src/install/p3at_description/share/p3at_description/launch/build/COLCON_IGNORE
[4.601s] -- Symlinking: /workspace/ros_ws/src/install/p3at_description/share/p3at_description/launch/display.launch.py
[4.644s] -- Symlinking: /workspace/ros_ws/src/install/p3at_description/share/p3at_description/launch/ekf_launch.py
[4.677s] -- Symlinking: /workspace/ros_ws/src/install/p3at_description/share/p3at_description/launch/install/.colcon_install_layout
[4.738s] -- Symlinking: /workspace/ros_ws/src/install/p3at_description/share/p3at_description/launch/install/COLCON_IGNORE
[4.787s] -- Symlinking: /workspace/ros_ws/src/install/p3at_description/share/p3at_description/launch/install/_local_setup_util_ps1.py
[4.838s] -- Symlinking: /workspace/ros_ws/src/install/p3at_description/share/p3at_description/launch/install/_local_setup_util_sh.py
[4.854s] -- Symlinking: /workspace/ros_ws/src/install/p3at_description/share/p3at_description/launch/install/local_setup.bash
[4.877s] -- Symlinking: /workspace/ros_ws/src/install/p3at_description/share/p3at_description/launch/install/local_setup.ps1
[4.905s] -- Symlinking: /workspace/ros_ws/src/install/p3at_description/share/p3at_description/launch/install/local_setup.sh
[4.961s] -- Symlinking: /workspace/ros_ws/src/install/p3at_description/share/p3at_description/launch/install/local_setup.zsh
[4.993s] -- Symlinking: /workspace/ros_ws/src/install/p3at_description/share/p3at_description/launch/install/setup.bash
[5.030s] -- Symlinking: /workspace/ros_ws/src/install/p3at_description/share/p3at_description/launch/install/setup.ps1
[5.102s] -- Symlinking: /workspace/ros_ws/src/install/p3at_description/share/p3at_description/launch/install/setup.sh
[5.127s] -- Symlinking: /workspace/ros_ws/src/install/p3at_description/share/p3at_description/launch/install/setup.zsh
[5.170s] -- Symlinking: /workspace/ros_ws/src/install/p3at_description/share/p3at_description/launch/log/COLCON_IGNORE
[5.214s] -- Symlinking: /workspace/ros_ws/src/install/p3at_description/share/p3at_description/launch/log/build_2025-05-17_10-45-05/events.log
[5.247s] -- Symlinking: /workspace/ros_ws/src/install/p3at_description/share/p3at_description/launch/log/build_2025-05-17_10-45-05/logger_all.log
[5.263s] -- Symlinking: /workspace/ros_ws/src/install/p3at_description/share/p3at_description/launch/log/latest/events.log
[5.291s] -- Symlinking: /workspace/ros_ws/src/install/p3at_description/share/p3at_description/launch/log/latest/logger_all.log
[5.334s] -- Symlinking: /workspace/ros_ws/src/install/p3at_description/share/p3at_description/launch/log/latest_build/events.log
[5.401s] -- Symlinking: /workspace/ros_ws/src/install/p3at_description/share/p3at_description/launch/log/latest_build/logger_all.log
[5.417s] -- Symlinking: /workspace/ros_ws/src/install/p3at_description/share/p3at_description/meshes/Coordinates
[5.455s] -- Symlinking: /workspace/ros_ws/src/install/p3at_description/share/p3at_description/meshes/arm_control_box_mesh.dae
[5.456s] -- Symlinking: /workspace/ros_ws/src/install/p3at_description/share/p3at_description/meshes/axle.dae
[5.479s] -- Symlinking: /workspace/ros_ws/src/install/p3at_description/share/p3at_description/meshes/back_sonar.dae
[5.504s] -- Symlinking: /workspace/ros_ws/src/install/p3at_description/share/p3at_description/meshes/back_sonar_mesh.dae
[5.527s] -- Symlinking: /workspace/ros_ws/src/install/p3at_description/share/p3at_description/meshes/chassis.dae
[5.566s] -- Symlinking: /workspace/ros_ws/src/install/p3at_description/share/p3at_description/meshes/front_sonar.dae
[5.584s] -- Symlinking: /workspace/ros_ws/src/install/p3at_description/share/p3at_description/meshes/hokuyo.dae
[5.630s] -- Symlinking: /workspace/ros_ws/src/install/p3at_description/share/p3at_description/meshes/hokuyo1.dae
[5.660s] -- Symlinking: /workspace/ros_ws/src/install/p3at_description/share/p3at_description/meshes/hokuyo_convex.stl
[5.696s] -- Symlinking: /workspace/ros_ws/src/install/p3at_description/share/p3at_description/meshes/kinect.dae
[5.731s] -- Symlinking: /workspace/ros_ws/src/install/p3at_description/share/p3at_description/meshes/kinect.tga
[5.748s] -- Symlinking: /workspace/ros_ws/src/install/p3at_description/share/p3at_description/meshes/left_hubcap.dae
[5.757s] -- Symlinking: /workspace/ros_ws/src/install/p3at_description/share/p3at_description/meshes/left_hubcap_mesh.dae
[5.787s] -- Symlinking: /workspace/ros_ws/src/install/p3at_description/share/p3at_description/meshes/p3at_meshes/.svn/all-wcprops
[5.834s] -- Symlinking: /workspace/ros_ws/src/install/p3at_description/share/p3at_description/meshes/p3at_meshes/.svn/entries
[5.869s] -- Symlinking: /workspace/ros_ws/src/install/p3at_description/share/p3at_description/meshes/p3at_meshes/.svn/prop-base/axle.stl.svn-base
[5.884s] -- Symlinking: /workspace/ros_ws/src/install/p3at_description/share/p3at_description/meshes/p3at_meshes/.svn/prop-base/back_sonar.stl.svn-base
[5.916s] -- Symlinking: /workspace/ros_ws/src/install/p3at_description/share/p3at_description/meshes/p3at_meshes/.svn/prop-base/chassis.stl.svn-base
[5.967s] -- Symlinking: /workspace/ros_ws/src/install/p3at_description/share/p3at_description/meshes/p3at_meshes/.svn/prop-base/front_sonar.stl.svn-base
[5.977s] -- Symlinking: /workspace/ros_ws/src/install/p3at_description/share/p3at_description/meshes/p3at_meshes/.svn/prop-base/left_hubcap.stl.svn-base
[5.990s] -- Symlinking: /workspace/ros_ws/src/install/p3at_description/share/p3at_description/meshes/p3at_meshes/.svn/prop-base/right_hubcap.stl.svn-base
[6.008s] -- Symlinking: /workspace/ros_ws/src/install/p3at_description/share/p3at_description/meshes/p3at_meshes/.svn/prop-base/top.stl.svn-base
[6.030s] -- Symlinking: /workspace/ros_ws/src/install/p3at_description/share/p3at_description/meshes/p3at_meshes/.svn/prop-base/wheel.stl.svn-base
[6.093s] -- Symlinking: /workspace/ros_ws/src/install/p3at_description/share/p3at_description/meshes/p3at_meshes/.svn/text-base/Coordinates.svn-base
[6.107s] -- Symlinking: /workspace/ros_ws/src/install/p3at_description/share/p3at_description/meshes/p3at_meshes/.svn/text-base/axle.stl.svn-base
[6.133s] -- Symlinking: /workspace/ros_ws/src/install/p3at_description/share/p3at_description/meshes/p3at_meshes/.svn/text-base/back_sonar.stl.svn-base
[6.149s] -- Symlinking: /workspace/ros_ws/src/install/p3at_description/share/p3at_description/meshes/p3at_meshes/.svn/text-base/chassis.stl.svn-base
[6.177s] -- Symlinking: /workspace/ros_ws/src/install/p3at_description/share/p3at_description/meshes/p3at_meshes/.svn/text-base/front_sonar.stl.svn-base
[6.207s] -- Symlinking: /workspace/ros_ws/src/install/p3at_description/share/p3at_description/meshes/p3at_meshes/.svn/text-base/left_hubcap.stl.svn-base
[6.241s] -- Symlinking: /workspace/ros_ws/src/install/p3at_description/share/p3at_description/meshes/p3at_meshes/.svn/text-base/right_hubcap.stl.svn-base
[6.266s] -- Symlinking: /workspace/ros_ws/src/install/p3at_description/share/p3at_description/meshes/p3at_meshes/.svn/text-base/top.stl.svn-base
[6.312s] -- Symlinking: /workspace/ros_ws/src/install/p3at_description/share/p3at_description/meshes/p3at_meshes/.svn/text-base/wheel.stl.svn-base
[6.342s] -- Symlinking: /workspace/ros_ws/src/install/p3at_description/share/p3at_description/meshes/p3at_meshes/Coordinates
[6.362s] -- Symlinking: /workspace/ros_ws/src/install/p3at_description/share/p3at_description/meshes/p3at_meshes/axle.dae
[6.406s] -- Symlinking: /workspace/ros_ws/src/install/p3at_description/share/p3at_description/meshes/p3at_meshes/axle.stl
[6.448s] -- Symlinking: /workspace/ros_ws/src/install/p3at_description/share/p3at_description/meshes/p3at_meshes/back_sonar.dae
[6.468s] -- Symlinking: /workspace/ros_ws/src/install/p3at_description/share/p3at_description/meshes/p3at_meshes/back_sonar.stl
[6.496s] -- Symlinking: /workspace/ros_ws/src/install/p3at_description/share/p3at_description/meshes/p3at_meshes/chassis.dae
[6.511s] -- Symlinking: /workspace/ros_ws/src/install/p3at_description/share/p3at_description/meshes/p3at_meshes/chassis.stl
[6.528s] -- Symlinking: /workspace/ros_ws/src/install/p3at_description/share/p3at_description/meshes/p3at_meshes/front_sonar.dae
[6.545s] -- Symlinking: /workspace/ros_ws/src/install/p3at_description/share/p3at_description/meshes/p3at_meshes/front_sonar.stl
[6.565s] -- Symlinking: /workspace/ros_ws/src/install/p3at_description/share/p3at_description/meshes/p3at_meshes/left_hubcap.dae
[6.593s] -- Symlinking: /workspace/ros_ws/src/install/p3at_description/share/p3at_description/meshes/p3at_meshes/left_hubcap.stl
[6.607s] -- Symlinking: /workspace/ros_ws/src/install/p3at_description/share/p3at_description/meshes/p3at_meshes/right_hubcap.dae
[6.641s] -- Symlinking: /workspace/ros_ws/src/install/p3at_description/share/p3at_description/meshes/p3at_meshes/right_hubcap.stl
[6.670s] -- Symlinking: /workspace/ros_ws/src/install/p3at_description/share/p3at_description/meshes/p3at_meshes/top.dae
[6.699s] -- Symlinking: /workspace/ros_ws/src/install/p3at_description/share/p3at_description/meshes/p3at_meshes/top.stl
[6.715s] -- Symlinking: /workspace/ros_ws/src/install/p3at_description/share/p3at_description/meshes/p3at_meshes/wheel.dae
[6.736s] -- Symlinking: /workspace/ros_ws/src/install/p3at_description/share/p3at_description/meshes/p3at_meshes/wheel.stl
[6.763s] -- Symlinking: /workspace/ros_ws/src/install/p3at_description/share/p3at_description/meshes/right_hubcap.dae
[6.788s] -- Symlinking: /workspace/ros_ws/src/install/p3at_description/share/p3at_description/meshes/suporte_armControl_mesh.dae
[6.801s] -- Symlinking: /workspace/ros_ws/src/install/p3at_description/share/p3at_description/meshes/suporte_base_mesh.dae
[6.825s] -- Symlinking: /workspace/ros_ws/src/install/p3at_description/share/p3at_description/meshes/suporte_base_mesh2.dae
[6.858s] -- Symlinking: /workspace/ros_ws/src/install/p3at_description/share/p3at_description/meshes/suporte_depth_mesh.dae
[6.878s] -- Symlinking: /workspace/ros_ws/src/install/p3at_description/share/p3at_description/meshes/suporte_kinect_mesh.dae
[6.917s] -- Symlinking: /workspace/ros_ws/src/install/p3at_description/share/p3at_description/meshes/suporte_monitor_mesh.dae
[6.934s] -- Symlinking: /workspace/ros_ws/src/install/p3at_description/share/p3at_description/meshes/tampa1_mesh.dae
[6.949s] -- Symlinking: /workspace/ros_ws/src/install/p3at_description/share/p3at_description/meshes/tampa2_mesh.dae
[6.976s] -- Symlinking: /workspace/ros_ws/src/install/p3at_description/share/p3at_description/meshes/tampa3_mesh.dae
[6.989s] -- Symlinking: /workspace/ros_ws/src/install/p3at_description/share/p3at_description/meshes/tampa4_mesh.dae
[7.005s] -- Symlinking: /workspace/ros_ws/src/install/p3at_description/share/p3at_description/meshes/top.dae
[7.031s] -- Symlinking: /workspace/ros_ws/src/install/p3at_description/share/p3at_description/meshes/tv_mesh.dae
[7.050s] -- Symlinking: /workspace/ros_ws/src/install/p3at_description/share/p3at_description/meshes/wheel.dae
[7.066s] [33mCMake Warning (dev) at ament_cmake_symlink_install/ament_cmake_symlink_install.cmake:62 (file):
[7.066s]   Policy CMP0009 is not set: FILE GLOB_RECURSE calls should not follow
[7.066s]   symlinks by default.  Run "cmake --help-policy CMP0009" for policy details.
[7.066s]   Use the cmake_policy command to set the policy and suppress this warning.
[7.066s] Call Stack (most recent call first):
[7.067s]   ament_cmake_symlink_install/ament_cmake_symlink_install.cmake:314 (ament_cmake_symlink_install_directory)
[7.067s]   cmake_install.cmake:46 (include)
[7.067s] This warning is for project developers.  Use -Wno-dev to suppress it.
[7.067s] [0m
[7.067s] -- Symlinking: /workspace/ros_ws/src/install/p3at_description/share/p3at_description/urdf/build/.built_by
[7.102s] -- Symlinking: /workspace/ros_ws/src/install/p3at_description/share/p3at_description/urdf/build/COLCON_IGNORE
[7.133s] -- Symlinking: /workspace/ros_ws/src/install/p3at_description/share/p3at_description/urdf/install/.colcon_install_layout
[7.149s] -- Symlinking: /workspace/ros_ws/src/install/p3at_description/share/p3at_description/urdf/install/COLCON_IGNORE
[7.180s] -- Symlinking: /workspace/ros_ws/src/install/p3at_description/share/p3at_description/urdf/install/_local_setup_util_ps1.py
[7.212s] -- Symlinking: /workspace/ros_ws/src/install/p3at_description/share/p3at_description/urdf/install/_local_setup_util_sh.py
[7.221s] -- Symlinking: /workspace/ros_ws/src/install/p3at_description/share/p3at_description/urdf/install/local_setup.bash
[7.234s] -- Symlinking: /workspace/ros_ws/src/install/p3at_description/share/p3at_description/urdf/install/local_setup.ps1
[7.251s] -- Symlinking: /workspace/ros_ws/src/install/p3at_description/share/p3at_description/urdf/install/local_setup.sh
[7.285s] -- Symlinking: /workspace/ros_ws/src/install/p3at_description/share/p3at_description/urdf/install/local_setup.zsh
[7.302s] -- Symlinking: /workspace/ros_ws/src/install/p3at_description/share/p3at_description/urdf/install/setup.bash
[7.326s] -- Symlinking: /workspace/ros_ws/src/install/p3at_description/share/p3at_description/urdf/install/setup.ps1
[7.365s] -- Symlinking: /workspace/ros_ws/src/install/p3at_description/share/p3at_description/urdf/install/setup.sh
[7.398s] -- Symlinking: /workspace/ros_ws/src/install/p3at_description/share/p3at_description/urdf/install/setup.zsh
[7.422s] -- Symlinking: /workspace/ros_ws/src/install/p3at_description/share/p3at_description/urdf/log/COLCON_IGNORE
[7.468s] -- Symlinking: /workspace/ros_ws/src/install/p3at_description/share/p3at_description/urdf/log/build_2025-05-17_11-15-30/events.log
[7.503s] -- Symlinking: /workspace/ros_ws/src/install/p3at_description/share/p3at_description/urdf/log/build_2025-05-17_11-15-30/logger_all.log
[7.527s] -- Symlinking: /workspace/ros_ws/src/install/p3at_description/share/p3at_description/urdf/log/latest/events.log
[7.545s] -- Symlinking: /workspace/ros_ws/src/install/p3at_description/share/p3at_description/urdf/log/latest/logger_all.log
[7.588s] -- Symlinking: /workspace/ros_ws/src/install/p3at_description/share/p3at_description/urdf/log/latest_build/events.log
[7.623s] -- Symlinking: /workspace/ros_ws/src/install/p3at_description/share/p3at_description/urdf/log/latest_build/logger_all.log
[7.653s] -- Symlinking: /workspace/ros_ws/src/install/p3at_description/share/p3at_description/urdf/pioneer.urdf
[7.679s] -- Symlinking: /workspace/ros_ws/src/install/p3at_description/share/p3at_description/urdf/pioneer.urdf.xacro
[7.702s] -- Symlinking: /workspace/ros_ws/src/install/p3at_description/share/p3at_description/urdf/pioneer1.urdf
[7.735s] -- Symlinking: /workspace/ros_ws/src/install/p3at_description/share/p3at_description/world/empty.sdf
[7.767s] -- Symlinking: /workspace/ros_ws/src/install/p3at_description/share/p3at_description/rviz/display.rviz
[7.809s] -- Symlinking: /workspace/ros_ws/src/install/p3at_description/share/ament_index/resource_index/package_run_dependencies/p3at_description
[7.825s] -- Symlinking: /workspace/ros_ws/src/install/p3at_description/share/ament_index/resource_index/parent_prefix_path/p3at_description
[7.840s] -- Symlinking: /workspace/ros_ws/src/install/p3at_description/share/p3at_description/environment/ament_prefix_path.sh
[7.857s] -- Symlinking: /workspace/ros_ws/src/install/p3at_description/share/p3at_description/environment/ament_prefix_path.dsv
[7.889s] -- Symlinking: /workspace/ros_ws/src/install/p3at_description/share/p3at_description/environment/path.sh
[7.924s] -- Symlinking: /workspace/ros_ws/src/install/p3at_description/share/p3at_description/environment/path.dsv
[7.963s] -- Symlinking: /workspace/ros_ws/src/install/p3at_description/share/p3at_description/local_setup.bash
[7.987s] -- Symlinking: /workspace/ros_ws/src/install/p3at_description/share/p3at_description/local_setup.sh
[8.013s] -- Symlinking: /workspace/ros_ws/src/install/p3at_description/share/p3at_description/local_setup.zsh
[8.032s] -- Symlinking: /workspace/ros_ws/src/install/p3at_description/share/p3at_description/local_setup.dsv
[8.047s] -- Symlinking: /workspace/ros_ws/src/install/p3at_description/share/p3at_description/package.dsv
[8.090s] -- Symlinking: /workspace/ros_ws/src/install/p3at_description/share/ament_index/resource_index/packages/p3at_description
[8.116s] -- Symlinking: /workspace/ros_ws/src/install/p3at_description/share/p3at_description/cmake/p3at_descriptionConfig.cmake
[8.140s] -- Symlinking: /workspace/ros_ws/src/install/p3at_description/share/p3at_description/cmake/p3at_descriptionConfig-version.cmake
[8.234s] -- Symlinking: /workspace/ros_ws/src/install/p3at_description/share/p3at_description/package.xml
[8.333s] Invoked command in '/workspace/ros_ws/src/build/p3at_description' returned '0': CMAKE_PREFIX_PATH=${CMAKE_PREFIX_PATH}:/opt/ros/jazzy /usr/bin/cmake --install /workspace/ros_ws/src/build/p3at_description
