[0.229s] Invoking command in '/workspace/ros_ws/build/my_package2': CMAKE_PREFIX_PATH=${CMAKE_PREFIX_PATH}:/opt/ros/jazzy /usr/bin/cmake /workspace/ros_ws/src/my_package2 -DCMAKE_INSTALL_PREFIX=/workspace/ros_ws/install/my_package2
[0.608s] -- The C compiler identification is GNU 13.3.0
[0.608s] -- The CXX compiler identification is GNU 13.3.0
[0.608s] -- Detecting C compiler ABI info
[0.608s] -- Detecting C compiler ABI info - done
[0.608s] -- Check for working C compiler: /usr/bin/cc - skipped
[0.608s] -- Detecting C compile features
[0.608s] -- Detecting C compile features - done
[0.623s] -- Detecting CXX compiler ABI info
[0.827s] -- Detecting CXX compiler ABI info - done
[0.854s] -- Check for working CXX compiler: /usr/bin/c++ - skipped
[0.854s] -- Detecting CXX compile features
[0.854s] -- Detecting CXX compile features - done
[0.869s] -- Found ament_cmake: 2.5.4 (/opt/ros/jazzy/share/ament_cmake/cmake)
[1.242s] -- Found Python3: /usr/bin/python3 (found version "3.12.3") found components: Interpreter 
[1.546s] -- Found ament_lint_auto: 0.17.2 (/opt/ros/jazzy/share/ament_lint_auto/cmake)
[1.911s] -- Added test 'cppcheck' to perform static code analysis on C / C++ code
[1.912s] -- Configured cppcheck include dirs: $<BUILD_INTERFACE:/workspace/ros_ws/src/my_package2/include>
[1.912s] -- Configured cppcheck exclude dirs and/or files: 
[1.914s] -- Added test 'flake8' to check Python code syntax and style conventions
[1.915s] -- Configured 'flake8' exclude dirs and/or files: 
[1.915s] -- Added test 'lint_cmake' to check CMake code style
[1.917s] -- Added test 'pep257' to check Python code against some of the docstring style conventions in PEP 257
[1.947s] -- Added test 'uncrustify' to check C / C++ code style
[1.947s] -- Configured uncrustify additional arguments: 
[1.955s] -- Added test 'xmllint' to check XML markup files
[1.958s] -- Configuring done (1.7s)
[1.974s] -- Generating done (0.0s)
[1.979s] -- Build files have been written to: /workspace/ros_ws/build/my_package2
[1.995s] Invoked command in '/workspace/ros_ws/build/my_package2' returned '0': CMAKE_PREFIX_PATH=${CMAKE_PREFIX_PATH}:/opt/ros/jazzy /usr/bin/cmake /workspace/ros_ws/src/my_package2 -DCMAKE_INSTALL_PREFIX=/workspace/ros_ws/install/my_package2
[2.000s] Invoking command in '/workspace/ros_ws/build/my_package2': CMAKE_PREFIX_PATH=${CMAKE_PREFIX_PATH}:/opt/ros/jazzy /usr/bin/cmake --build /workspace/ros_ws/build/my_package2 -- -j8 -l8
[2.714s] [ 50%] [32mBuilding CXX object CMakeFiles/my_node2.dir/src/my_node2.cpp.o[0m
[2.714s] [100%] [32m[1mLinking CXX executable my_node2[0m
[2.714s] [100%] Built target my_node2
[2.796s] Invoked command in '/workspace/ros_ws/build/my_package2' returned '0': CMAKE_PREFIX_PATH=${CMAKE_PREFIX_PATH}:/opt/ros/jazzy /usr/bin/cmake --build /workspace/ros_ws/build/my_package2 -- -j8 -l8
[2.797s] Invoking command in '/workspace/ros_ws/build/my_package2': CMAKE_PREFIX_PATH=${CMAKE_PREFIX_PATH}:/opt/ros/jazzy /usr/bin/cmake --install /workspace/ros_ws/build/my_package2
[2.814s] -- Install configuration: ""
[2.814s] -- Installing: /workspace/ros_ws/install/my_package2/lib/my_package2/my_node2
[2.814s] -- Installing: /workspace/ros_ws/install/my_package2/share/ament_index/resource_index/package_run_dependencies/my_package2
[2.814s] -- Installing: /workspace/ros_ws/install/my_package2/share/ament_index/resource_index/parent_prefix_path/my_package2
[2.814s] -- Installing: /workspace/ros_ws/install/my_package2/share/my_package2/environment/ament_prefix_path.sh
[2.816s] -- Installing: /workspace/ros_ws/install/my_package2/share/my_package2/environment/ament_prefix_path.dsv
[2.816s] -- Installing: /workspace/ros_ws/install/my_package2/share/my_package2/environment/path.sh
[2.817s] -- Installing: /workspace/ros_ws/install/my_package2/share/my_package2/environment/path.dsv
[2.817s] -- Installing: /workspace/ros_ws/install/my_package2/share/my_package2/local_setup.bash
[2.817s] -- Installing: /workspace/ros_ws/install/my_package2/share/my_package2/local_setup.sh
[2.817s] -- Installing: /workspace/ros_ws/install/my_package2/share/my_package2/local_setup.zsh
[2.817s] -- Installing: /workspace/ros_ws/install/my_package2/share/my_package2/local_setup.dsv
[2.817s] -- Installing: /workspace/ros_ws/install/my_package2/share/my_package2/package.dsv
[2.818s] -- Installing: /workspace/ros_ws/install/my_package2/share/ament_index/resource_index/packages/my_package2
[2.818s] -- Installing: /workspace/ros_ws/install/my_package2/share/my_package2/cmake/my_package2Config.cmake
[2.818s] -- Installing: /workspace/ros_ws/install/my_package2/share/my_package2/cmake/my_package2Config-version.cmake
[2.818s] -- Installing: /workspace/ros_ws/install/my_package2/share/my_package2/package.xml
[2.853s] Invoked command in '/workspace/ros_ws/build/my_package2' returned '0': CMAKE_PREFIX_PATH=${CMAKE_PREFIX_PATH}:/opt/ros/jazzy /usr/bin/cmake --install /workspace/ros_ws/build/my_package2
