[0.349s] Invoking command in '/workspace/ros_ws/build/my_package2': CMAKE_PREFIX_PATH=${CMAKE_PREFIX_PATH}:/workspace/ros_ws/install/sam_bot_description:/workspace/ros_ws/install/nav2_gps_waypoint_follower_demo:/workspace/ros_ws/install/digit_recognition:/opt/ros/jazzy /usr/bin/cmake /workspace/ros_ws/src/my_package2 -DCMAKE_INSTALL_PREFIX=/workspace/ros_ws/install/my_package2
[0.825s] -- Found ament_cmake: 2.5.4 (/opt/ros/jazzy/share/ament_cmake/cmake)
[1.007s] -- Override CMake install command with custom implementation using symlinks instead of copying resources
[1.026s] -- Found ament_lint_auto: 0.17.2 (/opt/ros/jazzy/share/ament_lint_auto/cmake)
[1.365s] -- Added test 'cppcheck' to perform static code analysis on C / C++ code
[1.368s] -- Configured cppcheck include dirs: $<BUILD_INTERFACE:/workspace/ros_ws/src/my_package2/include>
[1.369s] -- Configured cppcheck exclude dirs and/or files: 
[1.370s] -- Added test 'flake8' to check Python code syntax and style conventions
[1.370s] -- Configured 'flake8' exclude dirs and/or files: 
[1.371s] -- Added test 'lint_cmake' to check CMake code style
[1.373s] -- Added test 'pep257' to check Python code against some of the docstring style conventions in PEP 257
[1.390s] -- Added test 'uncrustify' to check C / C++ code style
[1.391s] -- Configured uncrustify additional arguments: 
[1.397s] -- Added test 'xmllint' to check XML markup files
[1.400s] -- Configuring done (1.0s)
[1.415s] -- Generating done (0.0s)
[1.429s] -- Build files have been written to: /workspace/ros_ws/build/my_package2
[1.454s] Invoked command in '/workspace/ros_ws/build/my_package2' returned '0': CMAKE_PREFIX_PATH=${CMAKE_PREFIX_PATH}:/workspace/ros_ws/install/sam_bot_description:/workspace/ros_ws/install/nav2_gps_waypoint_follower_demo:/workspace/ros_ws/install/digit_recognition:/opt/ros/jazzy /usr/bin/cmake /workspace/ros_ws/src/my_package2 -DCMAKE_INSTALL_PREFIX=/workspace/ros_ws/install/my_package2
[1.454s] Invoking command in '/workspace/ros_ws/build/my_package2': CMAKE_PREFIX_PATH=${CMAKE_PREFIX_PATH}:/workspace/ros_ws/install/sam_bot_description:/workspace/ros_ws/install/nav2_gps_waypoint_follower_demo:/workspace/ros_ws/install/digit_recognition:/opt/ros/jazzy /usr/bin/cmake --build /workspace/ros_ws/build/my_package2 -- -j8 -l8
[1.654s] [100%] Built target my_node2
[1.709s] Invoked command in '/workspace/ros_ws/build/my_package2' returned '0': CMAKE_PREFIX_PATH=${CMAKE_PREFIX_PATH}:/workspace/ros_ws/install/sam_bot_description:/workspace/ros_ws/install/nav2_gps_waypoint_follower_demo:/workspace/ros_ws/install/digit_recognition:/opt/ros/jazzy /usr/bin/cmake --build /workspace/ros_ws/build/my_package2 -- -j8 -l8
[1.712s] Invoking command in '/workspace/ros_ws/build/my_package2': CMAKE_PREFIX_PATH=${CMAKE_PREFIX_PATH}:/workspace/ros_ws/install/sam_bot_description:/workspace/ros_ws/install/nav2_gps_waypoint_follower_demo:/workspace/ros_ws/install/digit_recognition:/opt/ros/jazzy /usr/bin/cmake --install /workspace/ros_ws/build/my_package2
[1.738s] -- Install configuration: ""
[1.739s] -- Execute custom install script
[1.739s] -- Up-to-date symlink: /workspace/ros_ws/install/my_package2/lib/my_package2/my_node2
[1.751s] -- Up-to-date symlink: /workspace/ros_ws/install/my_package2/share/ament_index/resource_index/package_run_dependencies/my_package2
[1.752s] -- Up-to-date symlink: /workspace/ros_ws/install/my_package2/share/ament_index/resource_index/parent_prefix_path/my_package2
[1.752s] -- Up-to-date symlink: /workspace/ros_ws/install/my_package2/share/my_package2/environment/ament_prefix_path.sh
[1.759s] -- Up-to-date symlink: /workspace/ros_ws/install/my_package2/share/my_package2/environment/ament_prefix_path.dsv
[1.760s] -- Up-to-date symlink: /workspace/ros_ws/install/my_package2/share/my_package2/environment/path.sh
[1.760s] -- Up-to-date symlink: /workspace/ros_ws/install/my_package2/share/my_package2/environment/path.dsv
[1.760s] -- Up-to-date symlink: /workspace/ros_ws/install/my_package2/share/my_package2/local_setup.bash
[1.760s] -- Up-to-date symlink: /workspace/ros_ws/install/my_package2/share/my_package2/local_setup.sh
[1.761s] -- Up-to-date symlink: /workspace/ros_ws/install/my_package2/share/my_package2/local_setup.zsh
[1.764s] -- Up-to-date symlink: /workspace/ros_ws/install/my_package2/share/my_package2/local_setup.dsv
[1.765s] -- Symlinking: /workspace/ros_ws/install/my_package2/share/my_package2/package.dsv
[1.792s] -- Up-to-date symlink: /workspace/ros_ws/install/my_package2/share/ament_index/resource_index/packages/my_package2
[1.793s] -- Up-to-date symlink: /workspace/ros_ws/install/my_package2/share/my_package2/cmake/my_package2Config.cmake
[1.793s] -- Up-to-date symlink: /workspace/ros_ws/install/my_package2/share/my_package2/cmake/my_package2Config-version.cmake
[1.793s] -- Up-to-date symlink: /workspace/ros_ws/install/my_package2/share/my_package2/package.xml
[1.843s] Invoked command in '/workspace/ros_ws/build/my_package2' returned '0': CMAKE_PREFIX_PATH=${CMAKE_PREFIX_PATH}:/workspace/ros_ws/install/sam_bot_description:/workspace/ros_ws/install/nav2_gps_waypoint_follower_demo:/workspace/ros_ws/install/digit_recognition:/opt/ros/jazzy /usr/bin/cmake --install /workspace/ros_ws/build/my_package2
