[0.127s] Invoking command in '/workspace/ros_ws/build/master': CMAKE_PREFIX_PATH=${CMAKE_PREFIX_PATH}:/workspace/ros_ws/install/nav2_gps_waypoint_follower_demo:/opt/ros/jazzy /usr/bin/cmake /workspace/ros_ws/src/master -DAMENT_CMAKE_SYMLINK_INSTALL=1 -DCMAKE_INSTALL_PREFIX=/workspace/ros_ws/install/master
[0.603s] -- Found ament_cmake: 2.5.3 (/opt/ros/jazzy/share/ament_cmake/cmake)
[0.734s] -- Override CMake install command with custom implementation using symlinks instead of copying resources
[0.812s] -- Found rclcpp_components: 28.1.6 (/opt/ros/jazzy/share/rclcpp_components/cmake)
[0.993s] -- Found rosidl_generator_c: 4.6.5 (/opt/ros/jazzy/share/rosidl_generator_c/cmake)
[1.034s] -- Found rosidl_generator_cpp: 4.6.5 (/opt/ros/jazzy/share/rosidl_generator_cpp/cmake)
[1.100s] -- Using all available rosidl_typesupport_c: rosidl_typesupport_fastrtps_c;rosidl_typesupport_introspection_c
[1.159s] -- Using all available rosidl_typesupport_cpp: rosidl_typesupport_fastrtps_cpp;rosidl_typesupport_introspection_cpp
[1.486s] -- Found rmw_implementation_cmake: 7.3.1 (/opt/ros/jazzy/share/rmw_implementation_cmake/cmake)
[1.502s] -- Found rmw_fastrtps_cpp: 8.4.1 (/opt/ros/jazzy/share/rmw_fastrtps_cpp/cmake)
[1.732s] -- Using RMW implementation 'rmw_fastrtps_cpp' as default
[1.937s] -- Found std_msgs: 5.3.5 (/opt/ros/jazzy/share/std_msgs/cmake)
[1.979s] -- Found geometry_msgs: 5.3.5 (/opt/ros/jazzy/share/geometry_msgs/cmake)
[2.029s] -- Found teleop_twist_joy: 2.6.2 (/opt/ros/jazzy/share/teleop_twist_joy/cmake)
[2.036s] -- Found sensor_msgs: 5.3.5 (/opt/ros/jazzy/share/sensor_msgs/cmake)
[2.092s] -- Found ament_lint_auto: 0.17.1 (/opt/ros/jazzy/share/ament_lint_auto/cmake)
[2.336s] -- Added test 'cppcheck' to perform static code analysis on C / C++ code
[2.336s] -- Configured cppcheck include dirs: 
[2.337s] -- Configured cppcheck exclude dirs and/or files: 
[2.342s] -- Added test 'flake8' to check Python code syntax and style conventions
[2.343s] -- Configured 'flake8' exclude dirs and/or files: 
[2.356s] -- Added test 'lint_cmake' to check CMake code style
[2.361s] -- Added test 'pep257' to check Python code against some of the docstring style conventions in PEP 257
[2.400s] -- Added test 'uncrustify' to check C / C++ code style
[2.401s] -- Configured uncrustify additional arguments: 
[2.405s] -- Added test 'xmllint' to check XML markup files
[2.409s] -- Configuring done (2.2s)
[2.439s] -- Generating done (0.0s)
[2.445s] -- Build files have been written to: /workspace/ros_ws/build/master
[2.458s] Invoked command in '/workspace/ros_ws/build/master' returned '0': CMAKE_PREFIX_PATH=${CMAKE_PREFIX_PATH}:/workspace/ros_ws/install/nav2_gps_waypoint_follower_demo:/opt/ros/jazzy /usr/bin/cmake /workspace/ros_ws/src/master -DAMENT_CMAKE_SYMLINK_INSTALL=1 -DCMAKE_INSTALL_PREFIX=/workspace/ros_ws/install/master
[2.461s] Invoking command in '/workspace/ros_ws/build/master': CMAKE_PREFIX_PATH=${CMAKE_PREFIX_PATH}:/workspace/ros_ws/install/nav2_gps_waypoint_follower_demo:/opt/ros/jazzy /usr/bin/cmake --build /workspace/ros_ws/build/master -- -j12 -l12
[2.576s] [ 50%] [32m[1mLinking CXX executable master_node[0m
[3.436s] [100%] Built target master_node
[3.456s] Invoked command in '/workspace/ros_ws/build/master' returned '0': CMAKE_PREFIX_PATH=${CMAKE_PREFIX_PATH}:/workspace/ros_ws/install/nav2_gps_waypoint_follower_demo:/opt/ros/jazzy /usr/bin/cmake --build /workspace/ros_ws/build/master -- -j12 -l12
[3.459s] Invoking command in '/workspace/ros_ws/build/master': CMAKE_PREFIX_PATH=${CMAKE_PREFIX_PATH}:/workspace/ros_ws/install/nav2_gps_waypoint_follower_demo:/opt/ros/jazzy /usr/bin/cmake --install /workspace/ros_ws/build/master
[3.473s] -- Install configuration: ""
[3.474s] -- Execute custom install script
[3.474s] -- Symlinking: /workspace/ros_ws/install/master/lib/master/master_node
[3.487s] -- Symlinking: /workspace/ros_ws/install/master/share/ament_index/resource_index/package_run_dependencies/master
[3.503s] -- Symlinking: /workspace/ros_ws/install/master/share/ament_index/resource_index/parent_prefix_path/master
[3.520s] -- Symlinking: /workspace/ros_ws/install/master/share/master/environment/ament_prefix_path.sh
[3.533s] -- Symlinking: /workspace/ros_ws/install/master/share/master/environment/ament_prefix_path.dsv
[3.552s] -- Symlinking: /workspace/ros_ws/install/master/share/master/environment/path.sh
[3.567s] -- Symlinking: /workspace/ros_ws/install/master/share/master/environment/path.dsv
[3.581s] -- Symlinking: /workspace/ros_ws/install/master/share/master/local_setup.bash
[3.595s] -- Symlinking: /workspace/ros_ws/install/master/share/master/local_setup.sh
[3.612s] -- Symlinking: /workspace/ros_ws/install/master/share/master/local_setup.zsh
[3.629s] -- Symlinking: /workspace/ros_ws/install/master/share/master/local_setup.dsv
[3.642s] -- Symlinking: /workspace/ros_ws/install/master/share/master/package.dsv
[3.657s] -- Symlinking: /workspace/ros_ws/install/master/share/ament_index/resource_index/packages/master
[3.669s] -- Symlinking: /workspace/ros_ws/install/master/share/master/cmake/masterConfig.cmake
[3.681s] -- Symlinking: /workspace/ros_ws/install/master/share/master/cmake/masterConfig-version.cmake
[3.692s] -- Symlinking: /workspace/ros_ws/install/master/share/master/package.xml
[3.707s] Invoked command in '/workspace/ros_ws/build/master' returned '0': CMAKE_PREFIX_PATH=${CMAKE_PREFIX_PATH}:/workspace/ros_ws/install/nav2_gps_waypoint_follower_demo:/opt/ros/jazzy /usr/bin/cmake --install /workspace/ros_ws/build/master
