[0.501s] Invoking command in '/workspace/ros_ws/src/build/nav2_costmap_filters_demo': CMAKE_PREFIX_PATH=${CMAKE_PREFIX_PATH}:/workspace/ros_ws/install/nav2_gps_waypoint_follower_demo:/workspace/ros_ws/install/digit_recognition:/opt/ros/jazzy /usr/bin/cmake /workspace/ros_ws/src/nav2_costmap_filters_demo -DCMAKE_INSTALL_PREFIX=/workspace/ros_ws/src/install/nav2_costmap_filters_demo
[1.188s] -- Found ament_cmake: 2.5.4 (/opt/ros/jazzy/share/ament_cmake/cmake)
[1.467s] -- Override CMake install command with custom implementation using symlinks instead of copying resources
[1.918s] -- Configuring done (1.4s)
[1.969s] -- Generating done (0.0s)
[1.969s] -- Build files have been written to: /workspace/ros_ws/src/build/nav2_costmap_filters_demo
[1.981s] Invoked command in '/workspace/ros_ws/src/build/nav2_costmap_filters_demo' returned '0': CMAKE_PREFIX_PATH=${CMAKE_PREFIX_PATH}:/workspace/ros_ws/install/nav2_gps_waypoint_follower_demo:/workspace/ros_ws/install/digit_recognition:/opt/ros/jazzy /usr/bin/cmake /workspace/ros_ws/src/nav2_costmap_filters_demo -DCMAKE_INSTALL_PREFIX=/workspace/ros_ws/src/install/nav2_costmap_filters_demo
[1.981s] Invoking command in '/workspace/ros_ws/src/build/nav2_costmap_filters_demo': CMAKE_PREFIX_PATH=${CMAKE_PREFIX_PATH}:/workspace/ros_ws/install/nav2_gps_waypoint_follower_demo:/workspace/ros_ws/install/digit_recognition:/opt/ros/jazzy /usr/bin/cmake --build /workspace/ros_ws/src/build/nav2_costmap_filters_demo -- -j8 -l8
[2.320s] Invoked command in '/workspace/ros_ws/src/build/nav2_costmap_filters_demo' returned '0': CMAKE_PREFIX_PATH=${CMAKE_PREFIX_PATH}:/workspace/ros_ws/install/nav2_gps_waypoint_follower_demo:/workspace/ros_ws/install/digit_recognition:/opt/ros/jazzy /usr/bin/cmake --build /workspace/ros_ws/src/build/nav2_costmap_filters_demo -- -j8 -l8
[2.320s] Invoking command in '/workspace/ros_ws/src/build/nav2_costmap_filters_demo': CMAKE_PREFIX_PATH=${CMAKE_PREFIX_PATH}:/workspace/ros_ws/install/nav2_gps_waypoint_follower_demo:/workspace/ros_ws/install/digit_recognition:/opt/ros/jazzy /usr/bin/cmake --install /workspace/ros_ws/src/build/nav2_costmap_filters_demo
[2.347s] -- Install configuration: ""
[2.347s] -- Execute custom install script
[2.347s] -- Up-to-date symlink: /workspace/ros_ws/src/install/nav2_costmap_filters_demo/share/nav2_costmap_filters_demo/launch/costmap_filter_info.launch.py
[2.348s] -- Up-to-date symlink: /workspace/ros_ws/src/install/nav2_costmap_filters_demo/share/nav2_costmap_filters_demo/launch/costmap_filter_info.launch.py:Zone.Identifier
[2.350s] -- Up-to-date symlink: /workspace/ros_ws/src/install/nav2_costmap_filters_demo/share/nav2_costmap_filters_demo/maps/keepout_mask.pgm
[2.353s] -- Up-to-date symlink: /workspace/ros_ws/src/install/nav2_costmap_filters_demo/share/nav2_costmap_filters_demo/maps/keepout_mask.pgm:Zone.Identifier
[2.354s] -- Up-to-date symlink: /workspace/ros_ws/src/install/nav2_costmap_filters_demo/share/nav2_costmap_filters_demo/maps/keepout_mask.yaml
[2.354s] -- Up-to-date symlink: /workspace/ros_ws/src/install/nav2_costmap_filters_demo/share/nav2_costmap_filters_demo/maps/keepout_mask.yaml:Zone.Identifier
[2.355s] -- Up-to-date symlink: /workspace/ros_ws/src/install/nav2_costmap_filters_demo/share/nav2_costmap_filters_demo/maps/speed_mask.pgm
[2.355s] -- Up-to-date symlink: /workspace/ros_ws/src/install/nav2_costmap_filters_demo/share/nav2_costmap_filters_demo/maps/speed_mask.pgm:Zone.Identifier
[2.357s] -- Up-to-date symlink: /workspace/ros_ws/src/install/nav2_costmap_filters_demo/share/nav2_costmap_filters_demo/maps/speed_mask.yaml
[2.357s] -- Up-to-date symlink: /workspace/ros_ws/src/install/nav2_costmap_filters_demo/share/nav2_costmap_filters_demo/maps/speed_mask.yaml:Zone.Identifier
[2.357s] -- Up-to-date symlink: /workspace/ros_ws/src/install/nav2_costmap_filters_demo/share/nav2_costmap_filters_demo/params/keepout_params.yaml
[2.357s] -- Up-to-date symlink: /workspace/ros_ws/src/install/nav2_costmap_filters_demo/share/nav2_costmap_filters_demo/params/keepout_params.yaml:Zone.Identifier
[2.360s] -- Up-to-date symlink: /workspace/ros_ws/src/install/nav2_costmap_filters_demo/share/nav2_costmap_filters_demo/params/speed_params.yaml
[2.361s] -- Up-to-date symlink: /workspace/ros_ws/src/install/nav2_costmap_filters_demo/share/nav2_costmap_filters_demo/params/speed_params.yaml:Zone.Identifier
[2.361s] -- Up-to-date symlink: /workspace/ros_ws/src/install/nav2_costmap_filters_demo/share/ament_index/resource_index/package_run_dependencies/nav2_costmap_filters_demo
[2.361s] -- Up-to-date symlink: /workspace/ros_ws/src/install/nav2_costmap_filters_demo/share/ament_index/resource_index/parent_prefix_path/nav2_costmap_filters_demo
[2.362s] -- Up-to-date symlink: /workspace/ros_ws/src/install/nav2_costmap_filters_demo/share/nav2_costmap_filters_demo/environment/ament_prefix_path.sh
[2.366s] -- Up-to-date symlink: /workspace/ros_ws/src/install/nav2_costmap_filters_demo/share/nav2_costmap_filters_demo/environment/ament_prefix_path.dsv
[2.367s] -- Up-to-date symlink: /workspace/ros_ws/src/install/nav2_costmap_filters_demo/share/nav2_costmap_filters_demo/environment/path.sh
[2.367s] -- Up-to-date symlink: /workspace/ros_ws/src/install/nav2_costmap_filters_demo/share/nav2_costmap_filters_demo/environment/path.dsv
[2.367s] -- Up-to-date symlink: /workspace/ros_ws/src/install/nav2_costmap_filters_demo/share/nav2_costmap_filters_demo/local_setup.bash
[2.367s] -- Up-to-date symlink: /workspace/ros_ws/src/install/nav2_costmap_filters_demo/share/nav2_costmap_filters_demo/local_setup.sh
[2.369s] -- Up-to-date symlink: /workspace/ros_ws/src/install/nav2_costmap_filters_demo/share/nav2_costmap_filters_demo/local_setup.zsh
[2.369s] -- Up-to-date symlink: /workspace/ros_ws/src/install/nav2_costmap_filters_demo/share/nav2_costmap_filters_demo/local_setup.dsv
[2.371s] -- Symlinking: /workspace/ros_ws/src/install/nav2_costmap_filters_demo/share/nav2_costmap_filters_demo/package.dsv
[2.407s] -- Up-to-date symlink: /workspace/ros_ws/src/install/nav2_costmap_filters_demo/share/ament_index/resource_index/packages/nav2_costmap_filters_demo
[2.407s] -- Up-to-date symlink: /workspace/ros_ws/src/install/nav2_costmap_filters_demo/share/nav2_costmap_filters_demo/cmake/nav2_costmap_filters_demoConfig.cmake
[2.410s] -- Up-to-date symlink: /workspace/ros_ws/src/install/nav2_costmap_filters_demo/share/nav2_costmap_filters_demo/cmake/nav2_costmap_filters_demoConfig-version.cmake
[2.410s] -- Up-to-date symlink: /workspace/ros_ws/src/install/nav2_costmap_filters_demo/share/nav2_costmap_filters_demo/package.xml
[2.418s] Invoked command in '/workspace/ros_ws/src/build/nav2_costmap_filters_demo' returned '0': CMAKE_PREFIX_PATH=${CMAKE_PREFIX_PATH}:/workspace/ros_ws/install/nav2_gps_waypoint_follower_demo:/workspace/ros_ws/install/digit_recognition:/opt/ros/jazzy /usr/bin/cmake --install /workspace/ros_ws/src/build/nav2_costmap_filters_demo
