[0.021s] Invoking command in '/workspace/ros_ws/src/master/build/master': CMAKE_PREFIX_PATH=${CMAKE_PREFIX_PATH}:/opt/ros/jazzy /usr/bin/cmake --build /workspace/ros_ws/src/master/build/master -- -j12 -l12
[0.057s] -- Found ament_cmake: 2.5.3 (/opt/ros/jazzy/share/ament_cmake/cmake)
[0.461s] -- Found rclcpp_components: 28.1.6 (/opt/ros/jazzy/share/rclcpp_components/cmake)
[0.514s] -- Found rosidl_generator_c: 4.6.5 (/opt/ros/jazzy/share/rosidl_generator_c/cmake)
[0.528s] -- Found rosidl_generator_cpp: 4.6.5 (/opt/ros/jazzy/share/rosidl_generator_cpp/cmake)
[0.547s] -- Using all available rosidl_typesupport_c: rosidl_typesupport_fastrtps_c;rosidl_typesupport_introspection_c
[0.562s] -- Using all available rosidl_typesupport_cpp: rosidl_typesupport_fastrtps_cpp;rosidl_typesupport_introspection_cpp
[0.717s] -- Found rmw_implementation_cmake: 7.3.1 (/opt/ros/jazzy/share/rmw_implementation_cmake/cmake)
[0.720s] -- Found rmw_fastrtps_cpp: 8.4.1 (/opt/ros/jazzy/share/rmw_fastrtps_cpp/cmake)
[0.819s] -- Using RMW implementation 'rmw_fastrtps_cpp' as default
[0.922s] -- Found std_msgs: 5.3.5 (/opt/ros/jazzy/share/std_msgs/cmake)
[0.942s] -- Found geometry_msgs: 5.3.5 (/opt/ros/jazzy/share/geometry_msgs/cmake)
[0.989s] -- Found teleop_twist_joy: 2.6.2 (/opt/ros/jazzy/share/teleop_twist_joy/cmake)
[0.993s] -- Found ament_lint_auto: 0.17.1 (/opt/ros/jazzy/share/ament_lint_auto/cmake)
[1.190s] -- Added test 'cppcheck' to perform static code analysis on C / C++ code
[1.190s] -- Configured cppcheck include dirs: 
[1.191s] -- Configured cppcheck exclude dirs and/or files: 
[1.193s] -- Added test 'flake8' to check Python code syntax and style conventions
[1.194s] -- Configured 'flake8' exclude dirs and/or files: 
[1.197s] -- Added test 'lint_cmake' to check CMake code style
[1.198s] -- Added test 'pep257' to check Python code against some of the docstring style conventions in PEP 257
[1.208s] -- Added test 'uncrustify' to check C / C++ code style
[1.208s] -- Configured uncrustify additional arguments: 
[1.209s] -- Added test 'xmllint' to check XML markup files
[1.210s] -- Configuring done (1.2s)
[1.228s] [31mCMake Error at /opt/ros/jazzy/share/teleop_twist_joy/cmake/export_teleop_twist_joyExport.cmake:61 (set_target_properties):
[1.229s]   The link interface of target "teleop_twist_joy::teleop_twist_joy" contains:
[1.229s] 
[1.229s]     sensor_msgs::sensor_msgs__rosidl_generator_c
[1.229s] 
[1.229s]   but the target was not found.  Possible reasons include:
[1.229s] 
[1.230s]     * There is a typo in the target name.
[1.230s]     * A find_package call is missing for an IMPORTED target.
[1.230s]     * An ALIAS target is missing.
[1.230s] 
[1.230s] Call Stack (most recent call first):
[1.231s]   /opt/ros/jazzy/share/teleop_twist_joy/cmake/ament_cmake_export_targets-extras.cmake:9 (include)
[1.231s]   /opt/ros/jazzy/share/teleop_twist_joy/cmake/teleop_twist_joyConfig.cmake:41 (include)
[1.231s]   CMakeLists.txt:14 (find_package)
[1.231s] 
[1.232s] [0m
[1.232s] -- Generating done (0.0s)
[1.233s] [0mCMake Generate step failed.  Build files cannot be regenerated correctly.[0m
[1.243s] gmake: *** [Makefile:267: cmake_check_build_system] Error 1
[1.248s] Invoked command in '/workspace/ros_ws/src/master/build/master' returned '2': CMAKE_PREFIX_PATH=${CMAKE_PREFIX_PATH}:/opt/ros/jazzy /usr/bin/cmake --build /workspace/ros_ws/src/master/build/master -- -j12 -l12
