[0.499s] Invoking command in '/workspace/ros_ws/src/build/master': CMAKE_PREFIX_PATH=${CMAKE_PREFIX_PATH}:/opt/ros/jazzy /usr/bin/cmake /workspace/ros_ws/src/master -DAMENT_CMAKE_SYMLINK_INSTALL=1 -DCMAKE_INSTALL_PREFIX=/workspace/ros_ws/src/install/master
[1.101s] -- Found ament_cmake: 2.5.4 (/opt/ros/jazzy/share/ament_cmake/cmake)
[1.101s] -- Override CMake install command with custom implementation using symlinks instead of copying resources
[1.101s] -- Found rclcpp_components: 28.1.9 (/opt/ros/jazzy/share/rclcpp_components/cmake)
[1.101s] -- Found rosidl_generator_c: 4.6.5 (/opt/ros/jazzy/share/rosidl_generator_c/cmake)
[1.101s] -- Found rosidl_generator_cpp: 4.6.5 (/opt/ros/jazzy/share/rosidl_generator_cpp/cmake)
[1.121s] -- Using all available rosidl_typesupport_c: rosidl_typesupport_fastrtps_c;rosidl_typesupport_introspection_c
[1.146s] -- Using all available rosidl_typesupport_cpp: rosidl_typesupport_fastrtps_cpp;rosidl_typesupport_introspection_cpp
[1.589s] -- Found rmw_implementation_cmake: 7.3.2 (/opt/ros/jazzy/share/rmw_implementation_cmake/cmake)
[1.589s] -- Found rmw_fastrtps_cpp: 8.4.2 (/opt/ros/jazzy/share/rmw_fastrtps_cpp/cmake)
[1.941s] -- Using RMW implementation 'rmw_fastrtps_cpp' as default
[2.292s] -- Found std_msgs: 5.3.6 (/opt/ros/jazzy/share/std_msgs/cmake)
[2.361s] -- Found geometry_msgs: 5.3.6 (/opt/ros/jazzy/share/geometry_msgs/cmake)
[2.424s] -- Found teleop_twist_joy: 2.6.3 (/opt/ros/jazzy/share/teleop_twist_joy/cmake)
[2.435s] -- Found sensor_msgs: 5.3.6 (/opt/ros/jazzy/share/sensor_msgs/cmake)
[2.472s] -- Found ament_lint_auto: 0.17.2 (/opt/ros/jazzy/share/ament_lint_auto/cmake)
[2.851s] -- Added test 'cppcheck' to perform static code analysis on C / C++ code
[2.851s] -- Configured cppcheck include dirs: 
[2.852s] -- Configured cppcheck exclude dirs and/or files: 
[2.873s] -- Added test 'flake8' to check Python code syntax and style conventions
[2.873s] -- Configured 'flake8' exclude dirs and/or files: 
[2.921s] -- Added test 'lint_cmake' to check CMake code style
[2.937s] -- Added test 'pep257' to check Python code against some of the docstring style conventions in PEP 257
[3.057s] -- Added test 'uncrustify' to check C / C++ code style
[3.062s] -- Configured uncrustify additional arguments: 
[3.083s] -- Added test 'xmllint' to check XML markup files
[3.089s] -- Configuring done (2.6s)
[3.134s] -- Generating done (0.0s)
[3.144s] -- Build files have been written to: /workspace/ros_ws/src/build/master
[3.174s] Invoked command in '/workspace/ros_ws/src/build/master' returned '0': CMAKE_PREFIX_PATH=${CMAKE_PREFIX_PATH}:/opt/ros/jazzy /usr/bin/cmake /workspace/ros_ws/src/master -DAMENT_CMAKE_SYMLINK_INSTALL=1 -DCMAKE_INSTALL_PREFIX=/workspace/ros_ws/src/install/master
[3.174s] Invoking command in '/workspace/ros_ws/src/build/master': CMAKE_PREFIX_PATH=${CMAKE_PREFIX_PATH}:/opt/ros/jazzy /usr/bin/cmake --build /workspace/ros_ws/src/build/master -- -j8 -l8
[3.448s] [ 50%] [32m[1mLinking CXX executable master_node[0m
[4.927s] [100%] Built target master_node
[4.970s] Invoked command in '/workspace/ros_ws/src/build/master' returned '0': CMAKE_PREFIX_PATH=${CMAKE_PREFIX_PATH}:/opt/ros/jazzy /usr/bin/cmake --build /workspace/ros_ws/src/build/master -- -j8 -l8
[4.971s] Invoking command in '/workspace/ros_ws/src/build/master': CMAKE_PREFIX_PATH=${CMAKE_PREFIX_PATH}:/opt/ros/jazzy /usr/bin/cmake --install /workspace/ros_ws/src/build/master
[5.345s] -- Install configuration: ""
[5.345s] -- Execute custom install script
[5.346s] -- Symlinking: /workspace/ros_ws/src/install/master/lib/master/master_node
[5.350s] -- Symlinking: /workspace/ros_ws/src/install/master/share/ament_index/resource_index/package_run_dependencies/master
[5.350s] -- Symlinking: /workspace/ros_ws/src/install/master/share/ament_index/resource_index/parent_prefix_path/master
[5.350s] -- Symlinking: /workspace/ros_ws/src/install/master/share/master/environment/ament_prefix_path.sh
[5.350s] -- Symlinking: /workspace/ros_ws/src/install/master/share/master/environment/ament_prefix_path.dsv
[5.351s] -- Symlinking: /workspace/ros_ws/src/install/master/share/master/environment/path.sh
[5.351s] -- Symlinking: /workspace/ros_ws/src/install/master/share/master/environment/path.dsv
[5.351s] -- Symlinking: /workspace/ros_ws/src/install/master/share/master/local_setup.bash
[5.351s] -- Symlinking: /workspace/ros_ws/src/install/master/share/master/local_setup.sh
[5.351s] -- Symlinking: /workspace/ros_ws/src/install/master/share/master/local_setup.zsh
[5.399s] -- Symlinking: /workspace/ros_ws/src/install/master/share/master/local_setup.dsv
[5.439s] -- Symlinking: /workspace/ros_ws/src/install/master/share/master/package.dsv
[5.526s] -- Symlinking: /workspace/ros_ws/src/install/master/share/ament_index/resource_index/packages/master
[5.577s] -- Symlinking: /workspace/ros_ws/src/install/master/share/master/cmake/masterConfig.cmake
[5.605s] -- Symlinking: /workspace/ros_ws/src/install/master/share/master/cmake/masterConfig-version.cmake
[5.690s] -- Symlinking: /workspace/ros_ws/src/install/master/share/master/package.xml
[5.800s] Invoked command in '/workspace/ros_ws/src/build/master' returned '0': CMAKE_PREFIX_PATH=${CMAKE_PREFIX_PATH}:/opt/ros/jazzy /usr/bin/cmake --install /workspace/ros_ws/src/build/master
