[0.424s] Invoking command in '/workspace/ros_ws/build/nav2_straightline_planner': CMAKE_PREFIX_PATH=${CMAKE_PREFIX_PATH}:/opt/ros/jazzy /usr/bin/cmake /workspace/ros_ws/src/nav2_straightline_planner -DCMAKE_INSTALL_PREFIX=/workspace/ros_ws/install/nav2_straightline_planner
[0.532s] -- The C compiler identification is GNU 13.3.0
[0.682s] -- The CXX compiler identification is GNU 13.3.0
[0.710s] -- Detecting C compiler ABI info
[0.879s] -- Detecting C compiler ABI info - done
[0.891s] -- Check for working C compiler: /usr/bin/cc - skipped
[0.893s] -- Detecting C compile features
[0.894s] -- Detecting C compile features - done
[0.911s] -- Detecting CXX compiler ABI info
[1.100s] -- Detecting CXX compiler ABI info - done
[1.114s] -- Check for working CXX compiler: /usr/bin/c++ - skipped
[1.114s] -- Detecting CXX compile features
[1.115s] -- Detecting CXX compile features - done
[1.145s] -- Found ament_cmake: 2.5.3 (/opt/ros/jazzy/share/ament_cmake/cmake)
[1.475s] -- Found Python3: /usr/bin/python3 (found version "3.12.3") found components: Interpreter 
[1.798s] -- Found rclcpp: 28.1.6 (/opt/ros/jazzy/share/rclcpp/cmake)
[1.984s] -- Found rosidl_generator_c: 4.6.5 (/opt/ros/jazzy/share/rosidl_generator_c/cmake)
[2.029s] -- Found rosidl_generator_cpp: 4.6.5 (/opt/ros/jazzy/share/rosidl_generator_cpp/cmake)
[2.094s] -- Using all available rosidl_typesupport_c: rosidl_typesupport_fastrtps_c;rosidl_typesupport_introspection_c
[2.161s] -- Using all available rosidl_typesupport_cpp: rosidl_typesupport_fastrtps_cpp;rosidl_typesupport_introspection_cpp
[2.396s] -- Found rmw_implementation_cmake: 7.3.1 (/opt/ros/jazzy/share/rmw_implementation_cmake/cmake)
[2.408s] -- Found rmw_fastrtps_cpp: 8.4.1 (/opt/ros/jazzy/share/rmw_fastrtps_cpp/cmake)
[2.634s] -- Found OpenSSL: /usr/lib/x86_64-linux-gnu/libcrypto.so (found version "3.0.13")  
[2.674s] -- Found FastRTPS: /opt/ros/jazzy/include (Required is at least version "2.13") 
[2.708s] -- Using RMW implementation 'rmw_fastrtps_cpp' as default
[2.904s] -- Found rclcpp_action: 28.1.6 (/opt/ros/jazzy/share/rclcpp_action/cmake)
[3.023s] -- Found rclcpp_lifecycle: 28.1.6 (/opt/ros/jazzy/share/rclcpp_lifecycle/cmake)
[3.088s] -- Found std_msgs: 5.3.5 (/opt/ros/jazzy/share/std_msgs/cmake)
[3.113s] -- Found visualization_msgs: 5.3.5 (/opt/ros/jazzy/share/visualization_msgs/cmake)
[3.305s] -- Found nav2_util: 1.3.6 (/opt/ros/jazzy/share/nav2_util/cmake)
[3.664s] -- Found eigen3_cmake_module: 0.3.0 (/opt/ros/jazzy/share/eigen3_cmake_module/cmake)
[3.668s] -- Found Eigen3: TRUE (found version "3.4.0") 
[3.669s] -- Ensuring Eigen3 include directory is part of orocos-kdl CMake target
[3.910s] -- Found nav2_costmap_2d: 1.3.6 (/opt/ros/jazzy/share/nav2_costmap_2d/cmake)
[4.103s] -- Found nav2_core: 1.3.6 (/opt/ros/jazzy/share/nav2_core/cmake)
[4.250s] -- Found ament_lint_auto: 0.17.1 (/opt/ros/jazzy/share/ament_lint_auto/cmake)
[4.478s] -- Added test 'copyright' to check source files copyright and LICENSE
[4.481s] -- Added test 'cppcheck' to perform static code analysis on C / C++ code
[4.481s] -- Configured cppcheck include dirs: /workspace/ros_ws/src/nav2_straightline_planner/include
[4.482s] -- Configured cppcheck exclude dirs and/or files: 
[4.484s] -- Added test 'cpplint' to check C / C++ code against the Google style
[4.484s] -- Configured cpplint exclude dirs and/or files: 
[4.485s] -- Added test 'lint_cmake' to check CMake code style
[4.487s] -- Added test 'uncrustify' to check C / C++ code style
[4.487s] -- Configured uncrustify additional arguments: 
[4.489s] -- Added test 'xmllint' to check XML markup files
[4.494s] -- Configuring done (4.1s)
[4.709s] -- Generating done (0.2s)
[4.719s] -- Build files have been written to: /workspace/ros_ws/build/nav2_straightline_planner
[4.739s] Invoked command in '/workspace/ros_ws/build/nav2_straightline_planner' returned '0': CMAKE_PREFIX_PATH=${CMAKE_PREFIX_PATH}:/opt/ros/jazzy /usr/bin/cmake /workspace/ros_ws/src/nav2_straightline_planner -DCMAKE_INSTALL_PREFIX=/workspace/ros_ws/install/nav2_straightline_planner
[4.742s] Invoking command in '/workspace/ros_ws/build/nav2_straightline_planner': CMAKE_PREFIX_PATH=${CMAKE_PREFIX_PATH}:/opt/ros/jazzy /usr/bin/cmake --build /workspace/ros_ws/build/nav2_straightline_planner -- -j12 -l12
[4.817s] [ 50%] [32mBuilding CXX object CMakeFiles/nav2_straightline_planner_plugin.dir/src/straight_line_planner.cpp.o[0m
[14.250s] [100%] [32m[1mLinking CXX shared library libnav2_straightline_planner_plugin.so[0m
[14.707s] [100%] Built target nav2_straightline_planner_plugin
[14.723s] Invoked command in '/workspace/ros_ws/build/nav2_straightline_planner' returned '0': CMAKE_PREFIX_PATH=${CMAKE_PREFIX_PATH}:/opt/ros/jazzy /usr/bin/cmake --build /workspace/ros_ws/build/nav2_straightline_planner -- -j12 -l12
[14.725s] Invoking command in '/workspace/ros_ws/build/nav2_straightline_planner': CMAKE_PREFIX_PATH=${CMAKE_PREFIX_PATH}:/opt/ros/jazzy /usr/bin/cmake --install /workspace/ros_ws/build/nav2_straightline_planner
[14.734s] -- Install configuration: ""
[14.735s] -- Installing: /workspace/ros_ws/install/nav2_straightline_planner/share/nav2_straightline_planner/global_planner_plugin.xml
[14.735s] -- Installing: /workspace/ros_ws/install/nav2_straightline_planner/lib/libnav2_straightline_planner_plugin.so
[14.736s] -- Set non-toolchain portion of runtime path of "/workspace/ros_ws/install/nav2_straightline_planner/lib/libnav2_straightline_planner_plugin.so" to ""
[14.737s] -- Installing: /workspace/ros_ws/install/nav2_straightline_planner/include/
[14.737s] -- Installing: /workspace/ros_ws/install/nav2_straightline_planner/include//nav2_straightline_planner
[14.737s] -- Installing: /workspace/ros_ws/install/nav2_straightline_planner/include//nav2_straightline_planner/straight_line_planner.hpp:Zone.Identifier
[14.737s] -- Installing: /workspace/ros_ws/install/nav2_straightline_planner/include//nav2_straightline_planner/straight_line_planner.hpp
[14.738s] -- Up-to-date: /workspace/ros_ws/install/nav2_straightline_planner/share/nav2_straightline_planner/global_planner_plugin.xml
[14.738s] -- Installing: /workspace/ros_ws/install/nav2_straightline_planner/share/nav2_straightline_planner/environment/library_path.sh
[14.738s] -- Installing: /workspace/ros_ws/install/nav2_straightline_planner/share/nav2_straightline_planner/environment/library_path.dsv
[14.738s] -- Installing: /workspace/ros_ws/install/nav2_straightline_planner/share/ament_index/resource_index/package_run_dependencies/nav2_straightline_planner
[14.739s] -- Installing: /workspace/ros_ws/install/nav2_straightline_planner/share/ament_index/resource_index/parent_prefix_path/nav2_straightline_planner
[14.739s] -- Installing: /workspace/ros_ws/install/nav2_straightline_planner/share/nav2_straightline_planner/environment/ament_prefix_path.sh
[14.739s] -- Installing: /workspace/ros_ws/install/nav2_straightline_planner/share/nav2_straightline_planner/environment/ament_prefix_path.dsv
[14.739s] -- Installing: /workspace/ros_ws/install/nav2_straightline_planner/share/nav2_straightline_planner/environment/path.sh
[14.740s] -- Installing: /workspace/ros_ws/install/nav2_straightline_planner/share/nav2_straightline_planner/environment/path.dsv
[14.740s] -- Installing: /workspace/ros_ws/install/nav2_straightline_planner/share/nav2_straightline_planner/local_setup.bash
[14.740s] -- Installing: /workspace/ros_ws/install/nav2_straightline_planner/share/nav2_straightline_planner/local_setup.sh
[14.740s] -- Installing: /workspace/ros_ws/install/nav2_straightline_planner/share/nav2_straightline_planner/local_setup.zsh
[14.741s] -- Installing: /workspace/ros_ws/install/nav2_straightline_planner/share/nav2_straightline_planner/local_setup.dsv
[14.741s] -- Installing: /workspace/ros_ws/install/nav2_straightline_planner/share/nav2_straightline_planner/package.dsv
[14.741s] -- Installing: /workspace/ros_ws/install/nav2_straightline_planner/share/ament_index/resource_index/packages/nav2_straightline_planner
[14.741s] -- Installing: /workspace/ros_ws/install/nav2_straightline_planner/share/ament_index/resource_index/nav2_core__pluginlib__plugin/nav2_straightline_planner
[14.741s] -- Installing: /workspace/ros_ws/install/nav2_straightline_planner/share/nav2_straightline_planner/cmake/ament_cmake_export_include_directories-extras.cmake
[14.742s] -- Installing: /workspace/ros_ws/install/nav2_straightline_planner/share/nav2_straightline_planner/cmake/ament_cmake_export_libraries-extras.cmake
[14.742s] -- Installing: /workspace/ros_ws/install/nav2_straightline_planner/share/nav2_straightline_planner/cmake/ament_cmake_export_dependencies-extras.cmake
[14.742s] -- Installing: /workspace/ros_ws/install/nav2_straightline_planner/share/nav2_straightline_planner/cmake/nav2_straightline_plannerConfig.cmake
[14.743s] -- Installing: /workspace/ros_ws/install/nav2_straightline_planner/share/nav2_straightline_planner/cmake/nav2_straightline_plannerConfig-version.cmake
[14.743s] -- Installing: /workspace/ros_ws/install/nav2_straightline_planner/share/nav2_straightline_planner/package.xml
[14.746s] Invoked command in '/workspace/ros_ws/build/nav2_straightline_planner' returned '0': CMAKE_PREFIX_PATH=${CMAKE_PREFIX_PATH}:/opt/ros/jazzy /usr/bin/cmake --install /workspace/ros_ws/build/nav2_straightline_planner
