[0.060s] Invoking command in '/workspace/ros_ws/build/master': CMAKE_PREFIX_PATH=${CMAKE_PREFIX_PATH}:/workspace/ros_ws/install/nav2_gps_waypoint_follower_demo:/workspace/ros_ws/src/install/nav2_gps_waypoint_follower_demo:/opt/ros/jazzy /usr/bin/cmake --build /workspace/ros_ws/build/master -- -j12 -l12
[0.142s] [100%] Built target master_node
[0.368s] Invoked command in '/workspace/ros_ws/build/master' returned '0': CMAKE_PREFIX_PATH=${CMAKE_PREFIX_PATH}:/workspace/ros_ws/install/nav2_gps_waypoint_follower_demo:/workspace/ros_ws/src/install/nav2_gps_waypoint_follower_demo:/opt/ros/jazzy /usr/bin/cmake --build /workspace/ros_ws/build/master -- -j12 -l12
[0.379s] Invoking command in '/workspace/ros_ws/build/master': CMAKE_PREFIX_PATH=${CMAKE_PREFIX_PATH}:/workspace/ros_ws/install/nav2_gps_waypoint_follower_demo:/workspace/ros_ws/src/install/nav2_gps_waypoint_follower_demo:/opt/ros/jazzy /usr/bin/cmake --install /workspace/ros_ws/build/master
[0.392s] -- Install configuration: ""
[0.393s] -- Up-to-date: /workspace/ros_ws/install/master/lib/master/master_node
[0.393s] -- Up-to-date: /workspace/ros_ws/install/master/share/ament_index/resource_index/package_run_dependencies/master
[0.393s] -- Up-to-date: /workspace/ros_ws/install/master/share/ament_index/resource_index/parent_prefix_path/master
[0.393s] -- Up-to-date: /workspace/ros_ws/install/master/share/master/environment/ament_prefix_path.sh
[0.393s] -- Up-to-date: /workspace/ros_ws/install/master/share/master/environment/ament_prefix_path.dsv
[0.393s] -- Up-to-date: /workspace/ros_ws/install/master/share/master/environment/path.sh
[0.393s] -- Up-to-date: /workspace/ros_ws/install/master/share/master/environment/path.dsv
[0.393s] -- Up-to-date: /workspace/ros_ws/install/master/share/master/local_setup.bash
[0.393s] -- Up-to-date: /workspace/ros_ws/install/master/share/master/local_setup.sh
[0.394s] -- Up-to-date: /workspace/ros_ws/install/master/share/master/local_setup.zsh
[0.394s] -- Up-to-date: /workspace/ros_ws/install/master/share/master/local_setup.dsv
[0.394s] -- Installing: /workspace/ros_ws/install/master/share/master/package.dsv
[0.394s] -- Up-to-date: /workspace/ros_ws/install/master/share/ament_index/resource_index/packages/master
[0.394s] -- Up-to-date: /workspace/ros_ws/install/master/share/master/cmake/masterConfig.cmake
[0.394s] -- Up-to-date: /workspace/ros_ws/install/master/share/master/cmake/masterConfig-version.cmake
[0.395s] -- Up-to-date: /workspace/ros_ws/install/master/share/master/package.xml
[0.443s] Invoked command in '/workspace/ros_ws/build/master' returned '0': CMAKE_PREFIX_PATH=${CMAKE_PREFIX_PATH}:/workspace/ros_ws/install/nav2_gps_waypoint_follower_demo:/workspace/ros_ws/src/install/nav2_gps_waypoint_follower_demo:/opt/ros/jazzy /usr/bin/cmake --install /workspace/ros_ws/build/master
