[2.224s] Invoking command in '/workspace/ros_ws/src/digit_recognition': PYTHONPATH=/workspace/ros_ws/build/digit_recognition/prefix_override:/usr/lib/python3/dist-packages/colcon_core/task/python/colcon_distutils_commands:/workspace/ros_ws/install/digit_recognition/lib/python3.12/site-packages:${PYTHONPATH} /usr/bin/python3 -W ignore:setup.py install is deprecated -W ignore:easy_install command is deprecated setup.py egg_info --egg-base ../../build/digit_recognition build --build-base /workspace/ros_ws/build/digit_recognition/build install --record /workspace/ros_ws/build/digit_recognition/install.log --single-version-externally-managed install_data
[3.000s] running egg_info
[3.021s] writing ../../build/digit_recognition/digit_recognition.egg-info/PKG-INFO
[3.022s] writing dependency_links to ../../build/digit_recognition/digit_recognition.egg-info/dependency_links.txt
[3.023s] writing entry points to ../../build/digit_recognition/digit_recognition.egg-info/entry_points.txt
[3.023s] writing requirements to ../../build/digit_recognition/digit_recognition.egg-info/requires.txt
[3.023s] writing top-level names to ../../build/digit_recognition/digit_recognition.egg-info/top_level.txt
[3.144s] reading manifest file '../../build/digit_recognition/digit_recognition.egg-info/SOURCES.txt'
[3.145s] writing manifest file '../../build/digit_recognition/digit_recognition.egg-info/SOURCES.txt'
[3.145s] running build
[3.145s] running build_py
[3.147s] copying digit_recognition/digit_recognition_node.py -> /workspace/ros_ws/build/digit_recognition/build/lib/digit_recognition
[3.149s] running install
[3.197s] running install_lib
[3.359s] copying /workspace/ros_ws/build/digit_recognition/build/lib/digit_recognition/digit_recognition_node.py -> /workspace/ros_ws/install/digit_recognition/lib/python3.12/site-packages/digit_recognition
[3.360s] byte-compiling /workspace/ros_ws/install/digit_recognition/lib/python3.12/site-packages/digit_recognition/digit_recognition_node.py to digit_recognition_node.cpython-312.pyc
[3.375s] running install_data
[3.376s] running install_egg_info
[3.414s] removing '/workspace/ros_ws/install/digit_recognition/lib/python3.12/site-packages/digit_recognition-0.0.0-py3.12.egg-info' (and everything under it)
[3.416s] Copying ../../build/digit_recognition/digit_recognition.egg-info to /workspace/ros_ws/install/digit_recognition/lib/python3.12/site-packages/digit_recognition-0.0.0-py3.12.egg-info
[3.430s] running install_scripts
[3.734s] Installing digit_recognition_node script to /workspace/ros_ws/install/digit_recognition/lib/digit_recognition
[3.737s] writing list of installed files to '/workspace/ros_ws/build/digit_recognition/install.log'
[4.004s] Invoked command in '/workspace/ros_ws/src/digit_recognition' returned '0': PYTHONPATH=/workspace/ros_ws/build/digit_recognition/prefix_override:/usr/lib/python3/dist-packages/colcon_core/task/python/colcon_distutils_commands:/workspace/ros_ws/install/digit_recognition/lib/python3.12/site-packages:${PYTHONPATH} /usr/bin/python3 -W ignore:setup.py install is deprecated -W ignore:easy_install command is deprecated setup.py egg_info --egg-base ../../build/digit_recognition build --build-base /workspace/ros_ws/build/digit_recognition/build install --record /workspace/ros_ws/build/digit_recognition/install.log --single-version-externally-managed install_data
