[0.044s] Invoking command in '/workspace/ros_ws/src/build/my_package2': CMAKE_PREFIX_PATH=${CMAKE_PREFIX_PATH}:/opt/ros/jazzy /usr/bin/cmake --build /workspace/ros_ws/src/build/my_package2 -- -j12 -l12
[0.452s] [100%] Built target my_node2
[0.453s] Invoked command in '/workspace/ros_ws/src/build/my_package2' returned '0': CMAKE_PREFIX_PATH=${CMAKE_PREFIX_PATH}:/opt/ros/jazzy /usr/bin/cmake --build /workspace/ros_ws/src/build/my_package2 -- -j12 -l12
[0.465s] Invoking command in '/workspace/ros_ws/src/build/my_package2': CMAKE_PREFIX_PATH=${CMAKE_PREFIX_PATH}:/opt/ros/jazzy /usr/bin/cmake --install /workspace/ros_ws/src/build/my_package2
[0.483s] -- Install configuration: ""
[0.485s] -- Up-to-date: /workspace/ros_ws/src/install/my_package2/lib/my_package2/my_node2
[0.485s] -- Up-to-date: /workspace/ros_ws/src/install/my_package2/share/ament_index/resource_index/package_run_dependencies/my_package2
[0.485s] -- Up-to-date: /workspace/ros_ws/src/install/my_package2/share/ament_index/resource_index/parent_prefix_path/my_package2
[0.485s] -- Up-to-date: /workspace/ros_ws/src/install/my_package2/share/my_package2/environment/ament_prefix_path.sh
[0.486s] -- Up-to-date: /workspace/ros_ws/src/install/my_package2/share/my_package2/environment/ament_prefix_path.dsv
[0.486s] -- Up-to-date: /workspace/ros_ws/src/install/my_package2/share/my_package2/environment/path.sh
[0.486s] -- Up-to-date: /workspace/ros_ws/src/install/my_package2/share/my_package2/environment/path.dsv
[0.486s] -- Up-to-date: /workspace/ros_ws/src/install/my_package2/share/my_package2/local_setup.bash
[0.486s] -- Up-to-date: /workspace/ros_ws/src/install/my_package2/share/my_package2/local_setup.sh
[0.486s] -- Up-to-date: /workspace/ros_ws/src/install/my_package2/share/my_package2/local_setup.zsh
[0.486s] -- Up-to-date: /workspace/ros_ws/src/install/my_package2/share/my_package2/local_setup.dsv
[0.486s] -- Installing: /workspace/ros_ws/src/install/my_package2/share/my_package2/package.dsv
[0.487s] -- Up-to-date: /workspace/ros_ws/src/install/my_package2/share/ament_index/resource_index/packages/my_package2
[0.488s] -- Up-to-date: /workspace/ros_ws/src/install/my_package2/share/my_package2/cmake/my_package2Config.cmake
[0.488s] -- Up-to-date: /workspace/ros_ws/src/install/my_package2/share/my_package2/cmake/my_package2Config-version.cmake
[0.488s] -- Up-to-date: /workspace/ros_ws/src/install/my_package2/share/my_package2/package.xml
[0.491s] Invoked command in '/workspace/ros_ws/src/build/my_package2' returned '0': CMAKE_PREFIX_PATH=${CMAKE_PREFIX_PATH}:/opt/ros/jazzy /usr/bin/cmake --install /workspace/ros_ws/src/build/my_package2
