[0.071s] Invoking command in '/workspace/ros_ws/build/ariaNode': CMAKE_PREFIX_PATH=${CMAKE_PREFIX_PATH}:/workspace/ros_ws/install/sam_bot_description:/workspace/ros_ws/install/nav2_gps_waypoint_follower_demo:/workspace/ros_ws/install/digit_recognition:/opt/ros/jazzy /usr/bin/cmake /workspace/ros_ws/src/ariaNode -DCMAKE_INSTALL_PREFIX=/workspace/ros_ws/install/ariaNode
[0.854s] -- Found ament_cmake: 2.5.4 (/opt/ros/jazzy/share/ament_cmake/cmake)
[0.854s] -- Override CMake install command with custom implementation using symlinks instead of copying resources
[0.854s] -- Found rclcpp: 28.1.9 (/opt/ros/jazzy/share/rclcpp/cmake)
[0.854s] -- Found rosidl_generator_c: 4.6.5 (/opt/ros/jazzy/share/rosidl_generator_c/cmake)
[0.855s] -- Found rosidl_generator_cpp: 4.6.5 (/opt/ros/jazzy/share/rosidl_generator_cpp/cmake)
[0.856s] -- Using all available rosidl_typesupport_c: rosidl_typesupport_fastrtps_c;rosidl_typesupport_introspection_c
[0.856s] -- Using all available rosidl_typesupport_cpp: rosidl_typesupport_fastrtps_cpp;rosidl_typesupport_introspection_cpp
[0.856s] -- Found rmw_implementation_cmake: 7.3.2 (/opt/ros/jazzy/share/rmw_implementation_cmake/cmake)
[0.856s] -- Found rmw_fastrtps_cpp: 8.4.2 (/opt/ros/jazzy/share/rmw_fastrtps_cpp/cmake)
[0.892s] -- Using RMW implementation 'rmw_fastrtps_cpp' as default
[1.028s] -- Found geometry_msgs: 5.3.6 (/opt/ros/jazzy/share/geometry_msgs/cmake)
[1.107s] [0mThe root directory is /opt/ros/jazzy/share/fastrtps_cmake_module/cmake/Modules[0m
[1.112s] -- Found ament_lint_auto: 0.17.2 (/opt/ros/jazzy/share/ament_lint_auto/cmake)
[1.600s] WARNING: Package name "ariaNode" does not follow the naming conventions. It should start with a lower case letter and only contain lower case letters, digits, underscores, and dashes.
[1.692s] -- Added test 'cppcheck' to perform static code analysis on C / C++ code
[1.693s] -- Configured cppcheck include dirs: 
[1.693s] -- Configured cppcheck exclude dirs and/or files: 
[1.695s] -- Added test 'lint_cmake' to check CMake code style
[1.699s] -- Added test 'uncrustify' to check C / C++ code style
[1.699s] -- Configured uncrustify additional arguments: 
[1.699s] -- Added test 'xmllint' to check XML markup files
[1.703s] -- Configuring done (1.6s)
[1.752s] -- Generating done (0.0s)
[1.768s] -- Build files have been written to: /workspace/ros_ws/build/ariaNode
[1.949s] Invoked command in '/workspace/ros_ws/build/ariaNode' returned '0': CMAKE_PREFIX_PATH=${CMAKE_PREFIX_PATH}:/workspace/ros_ws/install/sam_bot_description:/workspace/ros_ws/install/nav2_gps_waypoint_follower_demo:/workspace/ros_ws/install/digit_recognition:/opt/ros/jazzy /usr/bin/cmake /workspace/ros_ws/src/ariaNode -DCMAKE_INSTALL_PREFIX=/workspace/ros_ws/install/ariaNode
[1.950s] Invoking command in '/workspace/ros_ws/build/ariaNode': CMAKE_PREFIX_PATH=${CMAKE_PREFIX_PATH}:/workspace/ros_ws/install/sam_bot_description:/workspace/ros_ws/install/nav2_gps_waypoint_follower_demo:/workspace/ros_ws/install/digit_recognition:/opt/ros/jazzy /usr/bin/cmake --build /workspace/ros_ws/build/ariaNode -- -j8 -l8
[2.232s] [100%] Built target ariaNode
[2.315s] Invoked command in '/workspace/ros_ws/build/ariaNode' returned '0': CMAKE_PREFIX_PATH=${CMAKE_PREFIX_PATH}:/workspace/ros_ws/install/sam_bot_description:/workspace/ros_ws/install/nav2_gps_waypoint_follower_demo:/workspace/ros_ws/install/digit_recognition:/opt/ros/jazzy /usr/bin/cmake --build /workspace/ros_ws/build/ariaNode -- -j8 -l8
[2.323s] Invoking command in '/workspace/ros_ws/build/ariaNode': CMAKE_PREFIX_PATH=${CMAKE_PREFIX_PATH}:/workspace/ros_ws/install/sam_bot_description:/workspace/ros_ws/install/nav2_gps_waypoint_follower_demo:/workspace/ros_ws/install/digit_recognition:/opt/ros/jazzy /usr/bin/cmake --install /workspace/ros_ws/build/ariaNode
[2.357s] -- Install configuration: ""
[2.357s] -- Execute custom install script
[2.368s] -- Up-to-date symlink: /workspace/ros_ws/install/ariaNode/lib/ariaNode/ariaNode
[2.370s] -- Up-to-date symlink: /workspace/ros_ws/install/ariaNode/share/ament_index/resource_index/package_run_dependencies/ariaNode
[2.370s] -- Up-to-date symlink: /workspace/ros_ws/install/ariaNode/share/ament_index/resource_index/parent_prefix_path/ariaNode
[2.370s] -- Up-to-date symlink: /workspace/ros_ws/install/ariaNode/share/ariaNode/environment/ament_prefix_path.sh
[2.370s] -- Up-to-date symlink: /workspace/ros_ws/install/ariaNode/share/ariaNode/environment/ament_prefix_path.dsv
[2.371s] -- Up-to-date symlink: /workspace/ros_ws/install/ariaNode/share/ariaNode/environment/path.sh
[2.372s] -- Up-to-date symlink: /workspace/ros_ws/install/ariaNode/share/ariaNode/environment/path.dsv
[2.372s] -- Up-to-date symlink: /workspace/ros_ws/install/ariaNode/share/ariaNode/local_setup.bash
[2.373s] -- Up-to-date symlink: /workspace/ros_ws/install/ariaNode/share/ariaNode/local_setup.sh
[2.373s] -- Up-to-date symlink: /workspace/ros_ws/install/ariaNode/share/ariaNode/local_setup.zsh
[2.376s] -- Up-to-date symlink: /workspace/ros_ws/install/ariaNode/share/ariaNode/local_setup.dsv
[2.383s] -- Symlinking: /workspace/ros_ws/install/ariaNode/share/ariaNode/package.dsv
[2.430s] -- Up-to-date symlink: /workspace/ros_ws/install/ariaNode/share/ament_index/resource_index/packages/ariaNode
[2.431s] -- Up-to-date symlink: /workspace/ros_ws/install/ariaNode/share/ariaNode/cmake/ariaNodeConfig.cmake
[2.431s] -- Up-to-date symlink: /workspace/ros_ws/install/ariaNode/share/ariaNode/cmake/ariaNodeConfig-version.cmake
[2.431s] -- Up-to-date symlink: /workspace/ros_ws/install/ariaNode/share/ariaNode/package.xml
[2.453s] Invoked command in '/workspace/ros_ws/build/ariaNode' returned '0': CMAKE_PREFIX_PATH=${CMAKE_PREFIX_PATH}:/workspace/ros_ws/install/sam_bot_description:/workspace/ros_ws/install/nav2_gps_waypoint_follower_demo:/workspace/ros_ws/install/digit_recognition:/opt/ros/jazzy /usr/bin/cmake --install /workspace/ros_ws/build/ariaNode
