-- Found ament_cmake: 2.5.4 (/opt/ros/jazzy/share/ament_cmake/cmake)
-- Found Python3: /usr/bin/python3 (found version "3.12.3") found components: Interpreter 
-- Override CMake install command with custom implementation using symlinks instead of copying resources
-- Found rclcpp: 28.1.9 (/opt/ros/jazzy/share/rclcpp/cmake)
-- Found rosidl_generator_c: 4.6.5 (/opt/ros/jazzy/share/rosidl_generator_c/cmake)
-- Found rosidl_generator_cpp: 4.6.5 (/opt/ros/jazzy/share/rosidl_generator_cpp/cmake)
-- Using all available rosidl_typesupport_c: rosidl_typesupport_fastrtps_c;rosidl_typesupport_introspection_c
-- Using all available rosidl_typesupport_cpp: rosidl_typesupport_fastrtps_cpp;rosidl_typesupport_introspection_cpp
-- Found rmw_implementation_cmake: 7.3.2 (/opt/ros/jazzy/share/rmw_implementation_cmake/cmake)
-- Found rmw_fastrtps_cpp: 8.4.2 (/opt/ros/jazzy/share/rmw_fastrtps_cpp/cmake)
-- Using RMW implementation 'rmw_fastrtps_cpp' as default
-- Found rclcpp_action: 28.1.9 (/opt/ros/jazzy/share/rclcpp_action/cmake)
-- Found rclcpp_lifecycle: 28.1.9 (/opt/ros/jazzy/share/rclcpp_lifecycle/cmake)
-- Found std_msgs: 5.3.6 (/opt/ros/jazzy/share/std_msgs/cmake)
-- Found visualization_msgs: 5.3.6 (/opt/ros/jazzy/share/visualization_msgs/cmake)
-- Found nav2_util: 1.3.6 (/opt/ros/jazzy/share/nav2_util/cmake)
-- Found eigen3_cmake_module: 0.3.0 (/opt/ros/jazzy/share/eigen3_cmake_module/cmake)
-- Ensuring Eigen3 include directory is part of orocos-kdl CMake target
-- Found nav2_costmap_2d: 1.3.6 (/opt/ros/jazzy/share/nav2_costmap_2d/cmake)
-- Found nav2_core: 1.3.6 (/opt/ros/jazzy/share/nav2_core/cmake)
-- Found nav2_behaviors: 1.3.6 (/opt/ros/jazzy/share/nav2_behaviors/cmake)
-- Found rosidl_default_generators: 1.6.0 (/opt/ros/jazzy/share/rosidl_default_generators/cmake)
-- Found rosidl_adapter: 4.6.5 (/opt/ros/jazzy/share/rosidl_adapter/cmake)
-- Found ament_cmake_ros: 0.12.0 (/opt/ros/jazzy/share/ament_cmake_ros/cmake)
-- Using all available rosidl_typesupport_c: rosidl_typesupport_fastrtps_c;rosidl_typesupport_introspection_c
-- Using all available rosidl_typesupport_cpp: rosidl_typesupport_fastrtps_cpp;rosidl_typesupport_introspection_cpp
-- Found python_cmake_module: 0.11.1 (/opt/ros/jazzy/share/python_cmake_module/cmake)
-- Found Python3: /usr/bin/python3 (found version "3.12.3") found components: Interpreter Development NumPy Development.Module Development.Embed 
-- Found ament_lint_auto: 0.17.2 (/opt/ros/jazzy/share/ament_lint_auto/cmake)
-- Added test 'copyright' to check source files copyright and LICENSE
-- Added test 'cppcheck' to perform static code analysis on C / C++ code
-- Configured cppcheck include dirs: /workspace/ros_ws/src/nav2_sms_behavior/include
-- Configured cppcheck exclude dirs and/or files: 
-- Added test 'cpplint' to check C / C++ code against the Google style
-- Configured cpplint exclude dirs and/or files: 
-- Added test 'lint_cmake' to check CMake code style
-- Added test 'uncrustify' to check C / C++ code style
-- Configured uncrustify additional arguments: 
-- Added test 'xmllint' to check XML markup files
-- Configuring done (7.4s)
-- Generating done (0.1s)
-- Build files have been written to: /workspace/ros_ws/src/build/nav2_sms_behavior
[  2%] Built target nav2_sms_behavior__rosidl_generator_type_description
[  2%] Built target ament_cmake_python_symlink_nav2_sms_behavior
[ 16%] Built target nav2_sms_behavior__rosidl_generator_c
running egg_info
writing nav2_sms_behavior.egg-info/PKG-INFO
writing dependency_links to nav2_sms_behavior.egg-info/dependency_links.txt
writing top-level names to nav2_sms_behavior.egg-info/top_level.txt
reading manifest file 'nav2_sms_behavior.egg-info/SOURCES.txt'
writing manifest file 'nav2_sms_behavior.egg-info/SOURCES.txt'
[ 16%] Built target ament_cmake_python_build_nav2_sms_behavior_egg
[ 24%] Built target nav2_sms_behavior__rosidl_typesupport_c
[ 32%] Built target nav2_sms_behavior__rosidl_typesupport_introspection_c
[ 40%] Built target nav2_sms_behavior__rosidl_typesupport_fastrtps_c
[ 43%] Built target nav2_sms_behavior__cpp
[ 51%] Built target nav2_sms_behavior__rosidl_typesupport_cpp
[ 59%] Built target nav2_sms_behavior__rosidl_typesupport_introspection_cpp
[ 67%] Built target nav2_sms_behavior_plugin
[ 75%] Built target nav2_sms_behavior__rosidl_typesupport_fastrtps_cpp
[ 75%] Built target nav2_sms_behavior
[ 78%] Built target nav2_sms_behavior__py
[ 83%] Built target nav2_sms_behavior__rosidl_generator_py
[ 89%] Built target nav2_sms_behavior_s__rosidl_typesupport_fastrtps_c
[ 94%] Built target nav2_sms_behavior_s__rosidl_typesupport_c
[100%] Built target nav2_sms_behavior_s__rosidl_typesupport_introspection_c
-- Install configuration: ""
-- Execute custom install script
-- Up-to-date symlink: /workspace/ros_ws/src/install/nav2_sms_behavior/share/ament_index/resource_index/rosidl_interfaces/nav2_sms_behavior
-- Up-to-date symlink: /workspace/ros_ws/src/install/nav2_sms_behavior/share/nav2_sms_behavior/action/SendSms.json
-- Up-to-date symlink: /workspace/ros_ws/src/install/nav2_sms_behavior/include/nav2_sms_behavior/nav2_sms_behavior/action/detail/send_sms__functions.h
-- Up-to-date symlink: /workspace/ros_ws/src/install/nav2_sms_behavior/include/nav2_sms_behavior/nav2_sms_behavior/action/detail/send_sms__struct.h
-- Up-to-date symlink: /workspace/ros_ws/src/install/nav2_sms_behavior/include/nav2_sms_behavior/nav2_sms_behavior/action/detail/send_sms__type_support.h
-- Up-to-date symlink: /workspace/ros_ws/src/install/nav2_sms_behavior/include/nav2_sms_behavior/nav2_sms_behavior/action/send_sms.h
-- Up-to-date symlink: /workspace/ros_ws/src/install/nav2_sms_behavior/include/nav2_sms_behavior/nav2_sms_behavior/msg/rosidl_generator_c__visibility_control.h
-- Up-to-date symlink: /workspace/ros_ws/src/install/nav2_sms_behavior/share/nav2_sms_behavior/environment/library_path.sh
-- Up-to-date symlink: /workspace/ros_ws/src/install/nav2_sms_behavior/share/nav2_sms_behavior/environment/library_path.dsv
-- Up-to-date symlink: /workspace/ros_ws/src/install/nav2_sms_behavior/include/nav2_sms_behavior/nav2_sms_behavior/action/detail/send_sms__rosidl_typesupport_fastrtps_c.h
-- Up-to-date symlink: /workspace/ros_ws/src/install/nav2_sms_behavior/include/nav2_sms_behavior/nav2_sms_behavior/msg/rosidl_typesupport_fastrtps_c__visibility_control.h
-- Up-to-date symlink: /workspace/ros_ws/src/install/nav2_sms_behavior/include/nav2_sms_behavior/nav2_sms_behavior/action/detail/send_sms__builder.hpp
-- Up-to-date symlink: /workspace/ros_ws/src/install/nav2_sms_behavior/include/nav2_sms_behavior/nav2_sms_behavior/action/detail/send_sms__struct.hpp
-- Up-to-date symlink: /workspace/ros_ws/src/install/nav2_sms_behavior/include/nav2_sms_behavior/nav2_sms_behavior/action/detail/send_sms__traits.hpp
-- Up-to-date symlink: /workspace/ros_ws/src/install/nav2_sms_behavior/include/nav2_sms_behavior/nav2_sms_behavior/action/detail/send_sms__type_support.hpp
-- Up-to-date symlink: /workspace/ros_ws/src/install/nav2_sms_behavior/include/nav2_sms_behavior/nav2_sms_behavior/action/send_sms.hpp
-- Up-to-date symlink: /workspace/ros_ws/src/install/nav2_sms_behavior/include/nav2_sms_behavior/nav2_sms_behavior/msg/rosidl_generator_cpp__visibility_control.hpp
-- Up-to-date symlink: /workspace/ros_ws/src/install/nav2_sms_behavior/include/nav2_sms_behavior/nav2_sms_behavior/action/detail/send_sms__rosidl_typesupport_fastrtps_cpp.hpp
-- Up-to-date symlink: /workspace/ros_ws/src/install/nav2_sms_behavior/include/nav2_sms_behavior/nav2_sms_behavior/msg/rosidl_typesupport_fastrtps_cpp__visibility_control.h
-- Up-to-date symlink: /workspace/ros_ws/src/install/nav2_sms_behavior/include/nav2_sms_behavior/nav2_sms_behavior/action/detail/send_sms__rosidl_typesupport_introspection_c.h
-- Up-to-date symlink: /workspace/ros_ws/src/install/nav2_sms_behavior/include/nav2_sms_behavior/nav2_sms_behavior/msg/rosidl_typesupport_introspection_c__visibility_control.h
-- Up-to-date symlink: /workspace/ros_ws/src/install/nav2_sms_behavior/include/nav2_sms_behavior/nav2_sms_behavior/action/detail/send_sms__rosidl_typesupport_introspection_cpp.hpp
-- Up-to-date symlink: /workspace/ros_ws/src/install/nav2_sms_behavior/share/nav2_sms_behavior/environment/pythonpath.sh
-- Up-to-date symlink: /workspace/ros_ws/src/install/nav2_sms_behavior/share/nav2_sms_behavior/environment/pythonpath.dsv
-- Up-to-date symlink: /workspace/ros_ws/src/install/nav2_sms_behavior/lib/python3.12/site-packages/nav2_sms_behavior-1.0.0-py3.12.egg-info/PKG-INFO
-- Up-to-date symlink: /workspace/ros_ws/src/install/nav2_sms_behavior/lib/python3.12/site-packages/nav2_sms_behavior-1.0.0-py3.12.egg-info/SOURCES.txt
-- Up-to-date symlink: /workspace/ros_ws/src/install/nav2_sms_behavior/lib/python3.12/site-packages/nav2_sms_behavior-1.0.0-py3.12.egg-info/dependency_links.txt
-- Up-to-date symlink: /workspace/ros_ws/src/install/nav2_sms_behavior/lib/python3.12/site-packages/nav2_sms_behavior-1.0.0-py3.12.egg-info/top_level.txt
-- Up-to-date symlink: /workspace/ros_ws/src/install/nav2_sms_behavior/lib/python3.12/site-packages/nav2_sms_behavior/__init__.py
-- Up-to-date symlink: /workspace/ros_ws/src/install/nav2_sms_behavior/lib/python3.12/site-packages/nav2_sms_behavior/_nav2_sms_behavior_s.ep.rosidl_typesupport_c.c
-- Up-to-date symlink: /workspace/ros_ws/src/install/nav2_sms_behavior/lib/python3.12/site-packages/nav2_sms_behavior/_nav2_sms_behavior_s.ep.rosidl_typesupport_fastrtps_c.c
-- Up-to-date symlink: /workspace/ros_ws/src/install/nav2_sms_behavior/lib/python3.12/site-packages/nav2_sms_behavior/_nav2_sms_behavior_s.ep.rosidl_typesupport_introspection_c.c
-- Up-to-date symlink: /workspace/ros_ws/src/install/nav2_sms_behavior/lib/python3.12/site-packages/nav2_sms_behavior/action/__init__.py
-- Up-to-date symlink: /workspace/ros_ws/src/install/nav2_sms_behavior/lib/python3.12/site-packages/nav2_sms_behavior/action/_send_sms.py
-- Up-to-date symlink: /workspace/ros_ws/src/install/nav2_sms_behavior/lib/python3.12/site-packages/nav2_sms_behavior/action/_send_sms_s.c
-- Up-to-date symlink: /workspace/ros_ws/src/install/nav2_sms_behavior/lib/python3.12/site-packages/nav2_sms_behavior/nav2_sms_behavior_s__rosidl_typesupport_c.so
-- Up-to-date symlink: /workspace/ros_ws/src/install/nav2_sms_behavior/lib/python3.12/site-packages/nav2_sms_behavior/nav2_sms_behavior_s__rosidl_typesupport_fastrtps_c.so
-- Up-to-date symlink: /workspace/ros_ws/src/install/nav2_sms_behavior/lib/python3.12/site-packages/nav2_sms_behavior/nav2_sms_behavior_s__rosidl_typesupport_introspection_c.so
-- Up-to-date symlink: /workspace/ros_ws/src/install/nav2_sms_behavior/lib/python3.12/site-packages/nav2_sms_behavior/nav2_sms_behavior_s__rosidl_typesupport_fastrtps_c.so
-- Up-to-date symlink: /workspace/ros_ws/src/install/nav2_sms_behavior/lib/python3.12/site-packages/nav2_sms_behavior/nav2_sms_behavior_s__rosidl_typesupport_introspection_c.so
-- Up-to-date symlink: /workspace/ros_ws/src/install/nav2_sms_behavior/lib/python3.12/site-packages/nav2_sms_behavior/nav2_sms_behavior_s__rosidl_typesupport_c.so
-- Up-to-date symlink: /workspace/ros_ws/src/install/nav2_sms_behavior/share/nav2_sms_behavior/action/SendSms.idl
-- Up-to-date symlink: /workspace/ros_ws/src/install/nav2_sms_behavior/share/nav2_sms_behavior/action/SendSms.action
-- Up-to-date symlink: /workspace/ros_ws/src/install/nav2_sms_behavior/share/nav2_sms_behavior//behavior_plugin.xml
-- Up-to-date symlink: /workspace/ros_ws/src/install/nav2_sms_behavior/lib/libnav2_sms_behavior_plugin.so
-- Up-to-date symlink: /workspace/ros_ws/src/install/nav2_sms_behavior/include//nav2_sms_behavior/send_sms.hpp
-- Up-to-date symlink: /workspace/ros_ws/src/install/nav2_sms_behavior/include//nav2_sms_behavior/send_sms.hpp:Zone.Identifier
-- Up-to-date symlink: /workspace/ros_ws/src/install/nav2_sms_behavior/include//nav2_sms_behavior/twilio.hpp
-- Up-to-date symlink: /workspace/ros_ws/src/install/nav2_sms_behavior/include//nav2_sms_behavior/twilio.hpp:Zone.Identifier
-- Up-to-date symlink: /workspace/ros_ws/src/install/nav2_sms_behavior/include//nav2_sms_behavior/type_conversion.hpp
-- Up-to-date symlink: /workspace/ros_ws/src/install/nav2_sms_behavior/include//nav2_sms_behavior/type_conversion.hpp:Zone.Identifier
-- Up-to-date symlink: /workspace/ros_ws/src/install/nav2_sms_behavior/share/nav2_sms_behavior/behavior_plugin.xml
-- Up-to-date symlink: /workspace/ros_ws/src/install/nav2_sms_behavior/share/ament_index/resource_index/package_run_dependencies/nav2_sms_behavior
-- Up-to-date symlink: /workspace/ros_ws/src/install/nav2_sms_behavior/share/ament_index/resource_index/parent_prefix_path/nav2_sms_behavior
-- Up-to-date symlink: /workspace/ros_ws/src/install/nav2_sms_behavior/share/nav2_sms_behavior/environment/ament_prefix_path.sh
-- Up-to-date symlink: /workspace/ros_ws/src/install/nav2_sms_behavior/share/nav2_sms_behavior/environment/ament_prefix_path.dsv
-- Up-to-date symlink: /workspace/ros_ws/src/install/nav2_sms_behavior/share/nav2_sms_behavior/environment/path.sh
-- Up-to-date symlink: /workspace/ros_ws/src/install/nav2_sms_behavior/share/nav2_sms_behavior/environment/path.dsv
-- Up-to-date symlink: /workspace/ros_ws/src/install/nav2_sms_behavior/share/nav2_sms_behavior/local_setup.bash
-- Up-to-date symlink: /workspace/ros_ws/src/install/nav2_sms_behavior/share/nav2_sms_behavior/local_setup.sh
-- Up-to-date symlink: /workspace/ros_ws/src/install/nav2_sms_behavior/share/nav2_sms_behavior/local_setup.zsh
-- Up-to-date symlink: /workspace/ros_ws/src/install/nav2_sms_behavior/share/nav2_sms_behavior/local_setup.dsv
-- Symlinking: /workspace/ros_ws/src/install/nav2_sms_behavior/share/nav2_sms_behavior/package.dsv
-- Up-to-date symlink: /workspace/ros_ws/src/install/nav2_sms_behavior/share/ament_index/resource_index/packages/nav2_sms_behavior
-- Up-to-date symlink: /workspace/ros_ws/src/install/nav2_sms_behavior/share/ament_index/resource_index/nav2_core__pluginlib__plugin/nav2_sms_behavior
-- Up-to-date symlink: /workspace/ros_ws/src/install/nav2_sms_behavior/share/nav2_sms_behavior/cmake/rosidl_cmake-extras.cmake
-- Up-to-date symlink: /workspace/ros_ws/src/install/nav2_sms_behavior/share/nav2_sms_behavior/cmake/ament_cmake_export_dependencies-extras.cmake
-- Up-to-date symlink: /workspace/ros_ws/src/install/nav2_sms_behavior/share/nav2_sms_behavior/cmake/ament_cmake_export_include_directories-extras.cmake
-- Up-to-date symlink: /workspace/ros_ws/src/install/nav2_sms_behavior/share/nav2_sms_behavior/cmake/ament_cmake_export_libraries-extras.cmake
-- Up-to-date symlink: /workspace/ros_ws/src/install/nav2_sms_behavior/share/nav2_sms_behavior/cmake/ament_cmake_export_targets-extras.cmake
-- Up-to-date symlink: /workspace/ros_ws/src/install/nav2_sms_behavior/share/nav2_sms_behavior/cmake/rosidl_cmake_export_typesupport_targets-extras.cmake
-- Up-to-date symlink: /workspace/ros_ws/src/install/nav2_sms_behavior/share/nav2_sms_behavior/cmake/rosidl_cmake_export_typesupport_libraries-extras.cmake
-- Up-to-date symlink: /workspace/ros_ws/src/install/nav2_sms_behavior/share/nav2_sms_behavior/cmake/nav2_sms_behaviorConfig.cmake
-- Up-to-date symlink: /workspace/ros_ws/src/install/nav2_sms_behavior/share/nav2_sms_behavior/cmake/nav2_sms_behaviorConfig-version.cmake
-- Up-to-date symlink: /workspace/ros_ws/src/install/nav2_sms_behavior/share/nav2_sms_behavior/package.xml
-- Up-to-date: /workspace/ros_ws/src/install/nav2_sms_behavior/lib/libnav2_sms_behavior__rosidl_generator_c.so
-- Up-to-date: /workspace/ros_ws/src/install/nav2_sms_behavior/lib/libnav2_sms_behavior__rosidl_typesupport_fastrtps_c.so
-- Up-to-date: /workspace/ros_ws/src/install/nav2_sms_behavior/lib/libnav2_sms_behavior__rosidl_typesupport_fastrtps_cpp.so
-- Up-to-date: /workspace/ros_ws/src/install/nav2_sms_behavior/lib/libnav2_sms_behavior__rosidl_typesupport_introspection_c.so
-- Up-to-date: /workspace/ros_ws/src/install/nav2_sms_behavior/lib/libnav2_sms_behavior__rosidl_typesupport_c.so
-- Up-to-date: /workspace/ros_ws/src/install/nav2_sms_behavior/lib/libnav2_sms_behavior__rosidl_typesupport_introspection_cpp.so
-- Up-to-date: /workspace/ros_ws/src/install/nav2_sms_behavior/lib/libnav2_sms_behavior__rosidl_typesupport_cpp.so
Listing '/workspace/ros_ws/src/install/nav2_sms_behavior/lib/python3.12/site-packages/nav2_sms_behavior'...
Compiling '/workspace/ros_ws/src/install/nav2_sms_behavior/lib/python3.12/site-packages/nav2_sms_behavior/__init__.py'...
Listing '/workspace/ros_ws/src/install/nav2_sms_behavior/lib/python3.12/site-packages/nav2_sms_behavior/action'...
-- Up-to-date: /workspace/ros_ws/src/install/nav2_sms_behavior/lib/libnav2_sms_behavior__rosidl_generator_py.so
-- Up-to-date: /workspace/ros_ws/src/install/nav2_sms_behavior/share/nav2_sms_behavior/cmake/export_nav2_sms_behavior__rosidl_generator_cExport.cmake
-- Up-to-date: /workspace/ros_ws/src/install/nav2_sms_behavior/share/nav2_sms_behavior/cmake/export_nav2_sms_behavior__rosidl_generator_cExport-noconfig.cmake
-- Up-to-date: /workspace/ros_ws/src/install/nav2_sms_behavior/share/nav2_sms_behavior/cmake/export_nav2_sms_behavior__rosidl_typesupport_fastrtps_cExport.cmake
-- Up-to-date: /workspace/ros_ws/src/install/nav2_sms_behavior/share/nav2_sms_behavior/cmake/export_nav2_sms_behavior__rosidl_typesupport_fastrtps_cExport-noconfig.cmake
-- Up-to-date: /workspace/ros_ws/src/install/nav2_sms_behavior/share/nav2_sms_behavior/cmake/export_nav2_sms_behavior__rosidl_generator_cppExport.cmake
-- Up-to-date: /workspace/ros_ws/src/install/nav2_sms_behavior/share/nav2_sms_behavior/cmake/export_nav2_sms_behavior__rosidl_typesupport_fastrtps_cppExport.cmake
-- Up-to-date: /workspace/ros_ws/src/install/nav2_sms_behavior/share/nav2_sms_behavior/cmake/export_nav2_sms_behavior__rosidl_typesupport_fastrtps_cppExport-noconfig.cmake
-- Up-to-date: /workspace/ros_ws/src/install/nav2_sms_behavior/share/nav2_sms_behavior/cmake/nav2_sms_behavior__rosidl_typesupport_introspection_cExport.cmake
-- Up-to-date: /workspace/ros_ws/src/install/nav2_sms_behavior/share/nav2_sms_behavior/cmake/nav2_sms_behavior__rosidl_typesupport_introspection_cExport-noconfig.cmake
-- Up-to-date: /workspace/ros_ws/src/install/nav2_sms_behavior/share/nav2_sms_behavior/cmake/nav2_sms_behavior__rosidl_typesupport_cExport.cmake
-- Up-to-date: /workspace/ros_ws/src/install/nav2_sms_behavior/share/nav2_sms_behavior/cmake/nav2_sms_behavior__rosidl_typesupport_cExport-noconfig.cmake
-- Up-to-date: /workspace/ros_ws/src/install/nav2_sms_behavior/share/nav2_sms_behavior/cmake/nav2_sms_behavior__rosidl_typesupport_introspection_cppExport.cmake
-- Up-to-date: /workspace/ros_ws/src/install/nav2_sms_behavior/share/nav2_sms_behavior/cmake/nav2_sms_behavior__rosidl_typesupport_introspection_cppExport-noconfig.cmake
-- Up-to-date: /workspace/ros_ws/src/install/nav2_sms_behavior/share/nav2_sms_behavior/cmake/nav2_sms_behavior__rosidl_typesupport_cppExport.cmake
-- Up-to-date: /workspace/ros_ws/src/install/nav2_sms_behavior/share/nav2_sms_behavior/cmake/nav2_sms_behavior__rosidl_typesupport_cppExport-noconfig.cmake
-- Up-to-date: /workspace/ros_ws/src/install/nav2_sms_behavior/share/nav2_sms_behavior/cmake/export_nav2_sms_behavior__rosidl_generator_pyExport.cmake
-- Up-to-date: /workspace/ros_ws/src/install/nav2_sms_behavior/share/nav2_sms_behavior/cmake/export_nav2_sms_behavior__rosidl_generator_pyExport-noconfig.cmake
