[0.261s] Invoking command in '/workspace/ros_ws/build/master': CMAKE_PREFIX_PATH=${CMAKE_PREFIX_PATH}:/opt/ros/jazzy /usr/bin/cmake --build /workspace/ros_ws/build/master -- -j8 -l8
[0.498s] [100%] Built target master_node
[0.516s] Invoked command in '/workspace/ros_ws/build/master' returned '0': CMAKE_PREFIX_PATH=${CMAKE_PREFIX_PATH}:/opt/ros/jazzy /usr/bin/cmake --build /workspace/ros_ws/build/master -- -j8 -l8
[0.516s] Invoking command in '/workspace/ros_ws/build/master': CMAKE_PREFIX_PATH=${CMAKE_PREFIX_PATH}:/opt/ros/jazzy /usr/bin/cmake --install /workspace/ros_ws/build/master
[0.533s] -- Install configuration: ""
[0.534s] -- Execute custom install script
[0.534s] -- Up-to-date symlink: /workspace/ros_ws/install/master/lib/master/master_node
[0.534s] -- Up-to-date symlink: /workspace/ros_ws/install/master/share/ament_index/resource_index/package_run_dependencies/master
[0.535s] -- Up-to-date symlink: /workspace/ros_ws/install/master/share/ament_index/resource_index/parent_prefix_path/master
[0.538s] -- Up-to-date symlink: /workspace/ros_ws/install/master/share/master/environment/ament_prefix_path.sh
[0.538s] -- Up-to-date symlink: /workspace/ros_ws/install/master/share/master/environment/ament_prefix_path.dsv
[0.538s] -- Up-to-date symlink: /workspace/ros_ws/install/master/share/master/environment/path.sh
[0.540s] -- Up-to-date symlink: /workspace/ros_ws/install/master/share/master/environment/path.dsv
[0.540s] -- Up-to-date symlink: /workspace/ros_ws/install/master/share/master/local_setup.bash
[0.540s] -- Up-to-date symlink: /workspace/ros_ws/install/master/share/master/local_setup.sh
[0.540s] -- Up-to-date symlink: /workspace/ros_ws/install/master/share/master/local_setup.zsh
[0.541s] -- Up-to-date symlink: /workspace/ros_ws/install/master/share/master/local_setup.dsv
[0.541s] -- Symlinking: /workspace/ros_ws/install/master/share/master/package.dsv
[0.547s] -- Up-to-date symlink: /workspace/ros_ws/install/master/share/ament_index/resource_index/packages/master
[0.547s] -- Up-to-date symlink: /workspace/ros_ws/install/master/share/master/cmake/masterConfig.cmake
[0.547s] -- Up-to-date symlink: /workspace/ros_ws/install/master/share/master/cmake/masterConfig-version.cmake
[0.548s] -- Up-to-date symlink: /workspace/ros_ws/install/master/share/master/package.xml
[0.601s] Invoked command in '/workspace/ros_ws/build/master' returned '0': CMAKE_PREFIX_PATH=${CMAKE_PREFIX_PATH}:/opt/ros/jazzy /usr/bin/cmake --install /workspace/ros_ws/build/master
