[0.019s] Invoking command in '/workspace/ros_ws/src/build/master': CMAKE_PREFIX_PATH=${CMAKE_PREFIX_PATH}:/opt/ros/jazzy /usr/bin/cmake --build /workspace/ros_ws/src/build/master -- -j12 -l12
[0.053s] Invoked command in '/workspace/ros_ws/src/build/master' returned '0': CMAKE_PREFIX_PATH=${CMAKE_PREFIX_PATH}:/opt/ros/jazzy /usr/bin/cmake --build /workspace/ros_ws/src/build/master -- -j12 -l12
[0.061s] Invoking command in '/workspace/ros_ws/src/build/master': CMAKE_PREFIX_PATH=${CMAKE_PREFIX_PATH}:/opt/ros/jazzy /usr/bin/cmake --install /workspace/ros_ws/src/build/master
[0.068s] -- Install configuration: ""
[0.068s] -- Up-to-date: /workspace/ros_ws/src/install/master/share/ament_index/resource_index/package_run_dependencies/master
[0.070s] -- Up-to-date: /workspace/ros_ws/src/install/master/share/ament_index/resource_index/parent_prefix_path/master
[0.070s] -- Up-to-date: /workspace/ros_ws/src/install/master/share/master/environment/ament_prefix_path.sh
[0.071s] -- Up-to-date: /workspace/ros_ws/src/install/master/share/master/environment/ament_prefix_path.dsv
[0.071s] -- Up-to-date: /workspace/ros_ws/src/install/master/share/master/environment/path.sh
[0.071s] -- Up-to-date: /workspace/ros_ws/src/install/master/share/master/environment/path.dsv
[0.071s] -- Up-to-date: /workspace/ros_ws/src/install/master/share/master/local_setup.bash
[0.071s] -- Up-to-date: /workspace/ros_ws/src/install/master/share/master/local_setup.sh
[0.071s] -- Up-to-date: /workspace/ros_ws/src/install/master/share/master/local_setup.zsh
[0.071s] -- Up-to-date: /workspace/ros_ws/src/install/master/share/master/local_setup.dsv
[0.071s] -- Installing: /workspace/ros_ws/src/install/master/share/master/package.dsv
[0.071s] -- Up-to-date: /workspace/ros_ws/src/install/master/share/ament_index/resource_index/packages/master
[0.072s] -- Up-to-date: /workspace/ros_ws/src/install/master/share/master/cmake/masterConfig.cmake
[0.072s] -- Up-to-date: /workspace/ros_ws/src/install/master/share/master/cmake/masterConfig-version.cmake
[0.072s] -- Up-to-date: /workspace/ros_ws/src/install/master/share/master/package.xml
[0.072s] Invoked command in '/workspace/ros_ws/src/build/master' returned '0': CMAKE_PREFIX_PATH=${CMAKE_PREFIX_PATH}:/opt/ros/jazzy /usr/bin/cmake --install /workspace/ros_ws/src/build/master
