[0.162s] DEBUG:colcon:Command line arguments: ['/usr/bin/colcon', 'build']
[0.162s] DEBUG:colcon:Parsed command line arguments: Namespace(log_base=None, log_level=None, verb_name='build', build_base='build', install_base='install', merge_install=False, symlink_install=False, test_result_base=None, continue_on_error=False, executor='parallel', parallel_workers=12, event_handlers=None, ignore_user_meta=False, metas=['./colcon.meta'], base_paths=['.'], packages_ignore=None, packages_ignore_regex=None, paths=None, packages_up_to=None, packages_up_to_regex=None, packages_above=None, packages_above_and_dependencies=None, packages_above_depth=None, packages_select_by_dep=None, packages_skip_by_dep=None, packages_skip_up_to=None, packages_select_build_failed=False, packages_skip_build_finished=False, packages_select_test_failures=False, packages_skip_test_passed=False, packages_select=None, packages_skip=None, packages_select_regex=None, packages_skip_regex=None, packages_start=None, packages_end=None, cmake_args=None, cmake_target=None, cmake_target_skip_unavailable=False, cmake_clean_cache=False, cmake_clean_first=False, cmake_force_configure=False, ament_cmake_args=None, catkin_cmake_args=None, catkin_skip_building_tests=False, mixin_files=None, mixin=None, verb_parser=<colcon_mixin.mixin.mixin_argument.MixinArgumentDecorator object at 0x7fa5d65d9970>, verb_extension=<colcon_core.verb.build.BuildVerb object at 0x7fa5d6739f70>, main=<bound method BuildVerb.main of <colcon_core.verb.build.BuildVerb object at 0x7fa5d6739f70>>, mixin_verb=('build',))
[0.220s] Level 1:colcon.colcon_core.package_discovery:discover_packages(colcon_meta) check parameters
[0.220s] INFO:colcon.colcon_metadata.package_discovery.colcon_meta:Using configuration from '/root/.colcon/metadata/default/Gazebo.meta'
[0.221s] INFO:colcon.colcon_metadata.package_discovery.colcon_meta:Using configuration from '/root/.colcon/metadata/default/fastrtps.meta'
[0.221s] Level 1:colcon.colcon_core.package_discovery:discover_packages(recursive) check parameters
[0.221s] Level 1:colcon.colcon_core.package_discovery:discover_packages(ignore) check parameters
[0.221s] Level 1:colcon.colcon_core.package_discovery:discover_packages(path) check parameters
[0.221s] Level 1:colcon.colcon_core.package_discovery:discover_packages(colcon_meta) discover
[0.221s] Level 1:colcon.colcon_core.package_discovery:discover_packages(recursive) discover
[0.221s] INFO:colcon.colcon_core.package_discovery:Crawling recursively for packages in '/workspace/ros_ws'
[0.221s] Level 1:colcon.colcon_core.package_identification:_identify(.) by extensions ['ignore', 'ignore_ament_install']
[0.221s] Level 1:colcon.colcon_core.package_identification:_identify(.) by extension 'ignore'
[0.221s] Level 1:colcon.colcon_core.package_identification:_identify(.) by extension 'ignore_ament_install'
[0.221s] Level 1:colcon.colcon_core.package_identification:_identify(.) by extensions ['colcon_pkg']
[0.221s] Level 1:colcon.colcon_core.package_identification:_identify(.) by extension 'colcon_pkg'
[0.222s] Level 1:colcon.colcon_core.package_identification:_identify(.) by extensions ['colcon_meta']
[0.222s] Level 1:colcon.colcon_core.package_identification:_identify(.) by extension 'colcon_meta'
[0.222s] Level 1:colcon.colcon_core.package_identification:_identify(.) by extensions ['ros']
[0.222s] Level 1:colcon.colcon_core.package_identification:_identify(.) by extension 'ros'
[0.258s] Level 1:colcon.colcon_core.package_identification:_identify(.) by extensions ['cmake', 'python']
[0.258s] Level 1:colcon.colcon_core.package_identification:_identify(.) by extension 'cmake'
[0.258s] Level 1:colcon.colcon_core.package_identification:_identify(.) by extension 'python'
[0.258s] Level 1:colcon.colcon_core.package_identification:_identify(.) by extensions ['python_setup_py']
[0.259s] Level 1:colcon.colcon_core.package_identification:_identify(.) by extension 'python_setup_py'
[0.259s] Level 1:colcon.colcon_core.package_identification:_identify(build) by extensions ['ignore', 'ignore_ament_install']
[0.259s] Level 1:colcon.colcon_core.package_identification:_identify(build) by extension 'ignore'
[0.259s] Level 1:colcon.colcon_core.package_identification:_identify(build) ignored
[0.259s] Level 1:colcon.colcon_core.package_identification:_identify(install) by extensions ['ignore', 'ignore_ament_install']
[0.259s] Level 1:colcon.colcon_core.package_identification:_identify(install) by extension 'ignore'
[0.259s] Level 1:colcon.colcon_core.package_identification:_identify(install) ignored
[0.259s] Level 1:colcon.colcon_core.package_identification:_identify(log) by extensions ['ignore', 'ignore_ament_install']
[0.259s] Level 1:colcon.colcon_core.package_identification:_identify(log) by extension 'ignore'
[0.260s] Level 1:colcon.colcon_core.package_identification:_identify(log) ignored
[0.260s] Level 1:colcon.colcon_core.package_identification:_identify(src) by extensions ['ignore', 'ignore_ament_install']
[0.260s] Level 1:colcon.colcon_core.package_identification:_identify(src) by extension 'ignore'
[0.260s] Level 1:colcon.colcon_core.package_identification:_identify(src) by extension 'ignore_ament_install'
[0.260s] Level 1:colcon.colcon_core.package_identification:_identify(src) by extensions ['colcon_pkg']
[0.260s] Level 1:colcon.colcon_core.package_identification:_identify(src) by extension 'colcon_pkg'
[0.260s] Level 1:colcon.colcon_core.package_identification:_identify(src) by extensions ['colcon_meta']
[0.260s] Level 1:colcon.colcon_core.package_identification:_identify(src) by extension 'colcon_meta'
[0.260s] Level 1:colcon.colcon_core.package_identification:_identify(src) by extensions ['ros']
[0.260s] Level 1:colcon.colcon_core.package_identification:_identify(src) by extension 'ros'
[0.260s] Level 1:colcon.colcon_core.package_identification:_identify(src) by extensions ['cmake', 'python']
[0.260s] Level 1:colcon.colcon_core.package_identification:_identify(src) by extension 'cmake'
[0.260s] Level 1:colcon.colcon_core.package_identification:_identify(src) by extension 'python'
[0.260s] Level 1:colcon.colcon_core.package_identification:_identify(src) by extensions ['python_setup_py']
[0.260s] Level 1:colcon.colcon_core.package_identification:_identify(src) by extension 'python_setup_py'
[0.260s] Level 1:colcon.colcon_core.package_identification:_identify(src/ariaNode) by extensions ['ignore', 'ignore_ament_install']
[0.260s] Level 1:colcon.colcon_core.package_identification:_identify(src/ariaNode) by extension 'ignore'
[0.260s] Level 1:colcon.colcon_core.package_identification:_identify(src/ariaNode) by extension 'ignore_ament_install'
[0.261s] Level 1:colcon.colcon_core.package_identification:_identify(src/ariaNode) by extensions ['colcon_pkg']
[0.261s] Level 1:colcon.colcon_core.package_identification:_identify(src/ariaNode) by extension 'colcon_pkg'
[0.261s] Level 1:colcon.colcon_core.package_identification:_identify(src/ariaNode) by extensions ['colcon_meta']
[0.261s] Level 1:colcon.colcon_core.package_identification:_identify(src/ariaNode) by extension 'colcon_meta'
[0.261s] Level 1:colcon.colcon_core.package_identification:_identify(src/ariaNode) by extensions ['ros']
[0.261s] Level 1:colcon.colcon_core.package_identification:_identify(src/ariaNode) by extension 'ros'
[0.264s] DEBUG:colcon.colcon_core.package_identification:Package 'src/ariaNode' with type 'ros.ament_cmake' and name 'ariaNode'
[0.264s] Level 1:colcon.colcon_core.package_identification:_identify(src/build) by extensions ['ignore', 'ignore_ament_install']
[0.264s] Level 1:colcon.colcon_core.package_identification:_identify(src/build) by extension 'ignore'
[0.264s] Level 1:colcon.colcon_core.package_identification:_identify(src/build) ignored
[0.264s] Level 1:colcon.colcon_core.package_identification:_identify(src/install) by extensions ['ignore', 'ignore_ament_install']
[0.265s] Level 1:colcon.colcon_core.package_identification:_identify(src/install) by extension 'ignore'
[0.265s] Level 1:colcon.colcon_core.package_identification:_identify(src/install) ignored
[0.265s] Level 1:colcon.colcon_core.package_identification:_identify(src/log) by extensions ['ignore', 'ignore_ament_install']
[0.265s] Level 1:colcon.colcon_core.package_identification:_identify(src/log) by extension 'ignore'
[0.265s] Level 1:colcon.colcon_core.package_identification:_identify(src/log) ignored
[0.265s] Level 1:colcon.colcon_core.package_identification:_identify(src/master) by extensions ['ignore', 'ignore_ament_install']
[0.265s] Level 1:colcon.colcon_core.package_identification:_identify(src/master) by extension 'ignore'
[0.265s] Level 1:colcon.colcon_core.package_identification:_identify(src/master) by extension 'ignore_ament_install'
[0.265s] Level 1:colcon.colcon_core.package_identification:_identify(src/master) by extensions ['colcon_pkg']
[0.265s] Level 1:colcon.colcon_core.package_identification:_identify(src/master) by extension 'colcon_pkg'
[0.265s] Level 1:colcon.colcon_core.package_identification:_identify(src/master) by extensions ['colcon_meta']
[0.265s] Level 1:colcon.colcon_core.package_identification:_identify(src/master) by extension 'colcon_meta'
[0.265s] Level 1:colcon.colcon_core.package_identification:_identify(src/master) by extensions ['ros']
[0.265s] Level 1:colcon.colcon_core.package_identification:_identify(src/master) by extension 'ros'
[0.266s] DEBUG:colcon.colcon_core.package_identification:Package 'src/master' with type 'ros.ament_cmake' and name 'master'
[0.266s] Level 1:colcon.colcon_core.package_identification:_identify(src/my_package2) by extensions ['ignore', 'ignore_ament_install']
[0.266s] Level 1:colcon.colcon_core.package_identification:_identify(src/my_package2) by extension 'ignore'
[0.266s] Level 1:colcon.colcon_core.package_identification:_identify(src/my_package2) by extension 'ignore_ament_install'
[0.266s] Level 1:colcon.colcon_core.package_identification:_identify(src/my_package2) by extensions ['colcon_pkg']
[0.267s] Level 1:colcon.colcon_core.package_identification:_identify(src/my_package2) by extension 'colcon_pkg'
[0.267s] Level 1:colcon.colcon_core.package_identification:_identify(src/my_package2) by extensions ['colcon_meta']
[0.267s] Level 1:colcon.colcon_core.package_identification:_identify(src/my_package2) by extension 'colcon_meta'
[0.267s] Level 1:colcon.colcon_core.package_identification:_identify(src/my_package2) by extensions ['ros']
[0.267s] Level 1:colcon.colcon_core.package_identification:_identify(src/my_package2) by extension 'ros'
[0.267s] DEBUG:colcon.colcon_core.package_identification:Package 'src/my_package2' with type 'ros.ament_cmake' and name 'my_package2'
[0.267s] Level 1:colcon.colcon_core.package_identification:_identify(src/nav2_gps_waypoint_follower_demo) by extensions ['ignore', 'ignore_ament_install']
[0.267s] Level 1:colcon.colcon_core.package_identification:_identify(src/nav2_gps_waypoint_follower_demo) by extension 'ignore'
[0.267s] Level 1:colcon.colcon_core.package_identification:_identify(src/nav2_gps_waypoint_follower_demo) by extension 'ignore_ament_install'
[0.267s] Level 1:colcon.colcon_core.package_identification:_identify(src/nav2_gps_waypoint_follower_demo) by extensions ['colcon_pkg']
[0.267s] Level 1:colcon.colcon_core.package_identification:_identify(src/nav2_gps_waypoint_follower_demo) by extension 'colcon_pkg'
[0.267s] Level 1:colcon.colcon_core.package_identification:_identify(src/nav2_gps_waypoint_follower_demo) by extensions ['colcon_meta']
[0.268s] Level 1:colcon.colcon_core.package_identification:_identify(src/nav2_gps_waypoint_follower_demo) by extension 'colcon_meta'
[0.268s] Level 1:colcon.colcon_core.package_identification:_identify(src/nav2_gps_waypoint_follower_demo) by extensions ['ros']
[0.268s] Level 1:colcon.colcon_core.package_identification:_identify(src/nav2_gps_waypoint_follower_demo) by extension 'ros'
[0.268s] DEBUG:colcon.colcon_core.package_identification:Package 'src/nav2_gps_waypoint_follower_demo' with type 'ros.ament_python' and name 'nav2_gps_waypoint_follower_demo'
[0.269s] Level 1:colcon.colcon_core.package_discovery:discover_packages(recursive) using defaults
[0.269s] Level 1:colcon.colcon_core.package_discovery:discover_packages(ignore) discover
[0.269s] Level 1:colcon.colcon_core.package_discovery:discover_packages(ignore) using defaults
[0.269s] Level 1:colcon.colcon_core.package_discovery:discover_packages(path) discover
[0.269s] Level 1:colcon.colcon_core.package_discovery:discover_packages(path) using defaults
[0.295s] Level 5:colcon.colcon_core.verb:set package 'ariaNode' build argument 'cmake_args' from command line to 'None'
[0.295s] Level 5:colcon.colcon_core.verb:set package 'ariaNode' build argument 'cmake_target' from command line to 'None'
[0.295s] Level 5:colcon.colcon_core.verb:set package 'ariaNode' build argument 'cmake_target_skip_unavailable' from command line to 'False'
[0.295s] Level 5:colcon.colcon_core.verb:set package 'ariaNode' build argument 'cmake_clean_cache' from command line to 'False'
[0.295s] Level 5:colcon.colcon_core.verb:set package 'ariaNode' build argument 'cmake_clean_first' from command line to 'False'
[0.295s] Level 5:colcon.colcon_core.verb:set package 'ariaNode' build argument 'cmake_force_configure' from command line to 'False'
[0.295s] Level 5:colcon.colcon_core.verb:set package 'ariaNode' build argument 'ament_cmake_args' from command line to 'None'
[0.295s] Level 5:colcon.colcon_core.verb:set package 'ariaNode' build argument 'catkin_cmake_args' from command line to 'None'
[0.295s] Level 5:colcon.colcon_core.verb:set package 'ariaNode' build argument 'catkin_skip_building_tests' from command line to 'False'
[0.295s] DEBUG:colcon.colcon_core.verb:Building package 'ariaNode' with the following arguments: {'ament_cmake_args': None, 'build_base': '/workspace/ros_ws/build/ariaNode', 'catkin_cmake_args': None, 'catkin_skip_building_tests': False, 'cmake_args': None, 'cmake_clean_cache': False, 'cmake_clean_first': False, 'cmake_force_configure': False, 'cmake_target': None, 'cmake_target_skip_unavailable': False, 'install_base': '/workspace/ros_ws/install/ariaNode', 'merge_install': False, 'path': '/workspace/ros_ws/src/ariaNode', 'symlink_install': False, 'test_result_base': None}
[0.296s] Level 5:colcon.colcon_core.verb:set package 'master' build argument 'cmake_args' from command line to 'None'
[0.296s] Level 5:colcon.colcon_core.verb:set package 'master' build argument 'cmake_target' from command line to 'None'
[0.296s] Level 5:colcon.colcon_core.verb:set package 'master' build argument 'cmake_target_skip_unavailable' from command line to 'False'
[0.296s] Level 5:colcon.colcon_core.verb:set package 'master' build argument 'cmake_clean_cache' from command line to 'False'
[0.296s] Level 5:colcon.colcon_core.verb:set package 'master' build argument 'cmake_clean_first' from command line to 'False'
[0.296s] Level 5:colcon.colcon_core.verb:set package 'master' build argument 'cmake_force_configure' from command line to 'False'
[0.296s] Level 5:colcon.colcon_core.verb:set package 'master' build argument 'ament_cmake_args' from command line to 'None'
[0.296s] Level 5:colcon.colcon_core.verb:set package 'master' build argument 'catkin_cmake_args' from command line to 'None'
[0.296s] Level 5:colcon.colcon_core.verb:set package 'master' build argument 'catkin_skip_building_tests' from command line to 'False'
[0.296s] DEBUG:colcon.colcon_core.verb:Building package 'master' with the following arguments: {'ament_cmake_args': None, 'build_base': '/workspace/ros_ws/build/master', 'catkin_cmake_args': None, 'catkin_skip_building_tests': False, 'cmake_args': None, 'cmake_clean_cache': False, 'cmake_clean_first': False, 'cmake_force_configure': False, 'cmake_target': None, 'cmake_target_skip_unavailable': False, 'install_base': '/workspace/ros_ws/install/master', 'merge_install': False, 'path': '/workspace/ros_ws/src/master', 'symlink_install': False, 'test_result_base': None}
[0.296s] Level 5:colcon.colcon_core.verb:set package 'my_package2' build argument 'cmake_args' from command line to 'None'
[0.297s] Level 5:colcon.colcon_core.verb:set package 'my_package2' build argument 'cmake_target' from command line to 'None'
[0.297s] Level 5:colcon.colcon_core.verb:set package 'my_package2' build argument 'cmake_target_skip_unavailable' from command line to 'False'
[0.297s] Level 5:colcon.colcon_core.verb:set package 'my_package2' build argument 'cmake_clean_cache' from command line to 'False'
[0.297s] Level 5:colcon.colcon_core.verb:set package 'my_package2' build argument 'cmake_clean_first' from command line to 'False'
[0.297s] Level 5:colcon.colcon_core.verb:set package 'my_package2' build argument 'cmake_force_configure' from command line to 'False'
[0.297s] Level 5:colcon.colcon_core.verb:set package 'my_package2' build argument 'ament_cmake_args' from command line to 'None'
[0.297s] Level 5:colcon.colcon_core.verb:set package 'my_package2' build argument 'catkin_cmake_args' from command line to 'None'
[0.297s] Level 5:colcon.colcon_core.verb:set package 'my_package2' build argument 'catkin_skip_building_tests' from command line to 'False'
[0.297s] DEBUG:colcon.colcon_core.verb:Building package 'my_package2' with the following arguments: {'ament_cmake_args': None, 'build_base': '/workspace/ros_ws/build/my_package2', 'catkin_cmake_args': None, 'catkin_skip_building_tests': False, 'cmake_args': None, 'cmake_clean_cache': False, 'cmake_clean_first': False, 'cmake_force_configure': False, 'cmake_target': None, 'cmake_target_skip_unavailable': False, 'install_base': '/workspace/ros_ws/install/my_package2', 'merge_install': False, 'path': '/workspace/ros_ws/src/my_package2', 'symlink_install': False, 'test_result_base': None}
[0.297s] Level 5:colcon.colcon_core.verb:set package 'nav2_gps_waypoint_follower_demo' build argument 'cmake_args' from command line to 'None'
[0.297s] Level 5:colcon.colcon_core.verb:set package 'nav2_gps_waypoint_follower_demo' build argument 'cmake_target' from command line to 'None'
[0.297s] Level 5:colcon.colcon_core.verb:set package 'nav2_gps_waypoint_follower_demo' build argument 'cmake_target_skip_unavailable' from command line to 'False'
[0.297s] Level 5:colcon.colcon_core.verb:set package 'nav2_gps_waypoint_follower_demo' build argument 'cmake_clean_cache' from command line to 'False'
[0.297s] Level 5:colcon.colcon_core.verb:set package 'nav2_gps_waypoint_follower_demo' build argument 'cmake_clean_first' from command line to 'False'
[0.297s] Level 5:colcon.colcon_core.verb:set package 'nav2_gps_waypoint_follower_demo' build argument 'cmake_force_configure' from command line to 'False'
[0.297s] Level 5:colcon.colcon_core.verb:set package 'nav2_gps_waypoint_follower_demo' build argument 'ament_cmake_args' from command line to 'None'
[0.297s] Level 5:colcon.colcon_core.verb:set package 'nav2_gps_waypoint_follower_demo' build argument 'catkin_cmake_args' from command line to 'None'
[0.297s] Level 5:colcon.colcon_core.verb:set package 'nav2_gps_waypoint_follower_demo' build argument 'catkin_skip_building_tests' from command line to 'False'
[0.298s] DEBUG:colcon.colcon_core.verb:Building package 'nav2_gps_waypoint_follower_demo' with the following arguments: {'ament_cmake_args': None, 'build_base': '/workspace/ros_ws/build/nav2_gps_waypoint_follower_demo', 'catkin_cmake_args': None, 'catkin_skip_building_tests': False, 'cmake_args': None, 'cmake_clean_cache': False, 'cmake_clean_first': False, 'cmake_force_configure': False, 'cmake_target': None, 'cmake_target_skip_unavailable': False, 'install_base': '/workspace/ros_ws/install/nav2_gps_waypoint_follower_demo', 'merge_install': False, 'path': '/workspace/ros_ws/src/nav2_gps_waypoint_follower_demo', 'symlink_install': False, 'test_result_base': None}
[0.298s] INFO:colcon.colcon_core.executor:Executing jobs using 'parallel' executor
[0.299s] DEBUG:colcon.colcon_parallel_executor.executor.parallel:run_until_complete
[0.300s] INFO:colcon.colcon_ros.task.ament_cmake.build:Building ROS package in '/workspace/ros_ws/src/ariaNode' with build type 'ament_cmake'
[0.300s] INFO:colcon.colcon_cmake.task.cmake.build:Building CMake package in '/workspace/ros_ws/src/ariaNode'
[0.305s] INFO:colcon.colcon_core.plugin_system:Skipping extension 'colcon_core.shell.bat': Not used on non-Windows systems
[0.306s] INFO:colcon.colcon_core.shell:Skip shell extension 'powershell' for command environment: Not usable outside of PowerShell
[0.306s] DEBUG:colcon.colcon_core.shell:Skip shell extension 'dsv' for command environment
[0.317s] INFO:colcon.colcon_ros.task.ament_cmake.build:Building ROS package in '/workspace/ros_ws/src/master' with build type 'ament_cmake'
[0.318s] INFO:colcon.colcon_cmake.task.cmake.build:Building CMake package in '/workspace/ros_ws/src/master'
[0.319s] INFO:colcon.colcon_core.shell:Skip shell extension 'powershell' for command environment: Not usable outside of PowerShell
[0.319s] DEBUG:colcon.colcon_core.shell:Skip shell extension 'dsv' for command environment
[0.324s] INFO:colcon.colcon_ros.task.ament_cmake.build:Building ROS package in '/workspace/ros_ws/src/my_package2' with build type 'ament_cmake'
[0.325s] INFO:colcon.colcon_cmake.task.cmake.build:Building CMake package in '/workspace/ros_ws/src/my_package2'
[0.325s] INFO:colcon.colcon_core.shell:Skip shell extension 'powershell' for command environment: Not usable outside of PowerShell
[0.325s] DEBUG:colcon.colcon_core.shell:Skip shell extension 'dsv' for command environment
[0.336s] INFO:colcon.colcon_ros.task.ament_python.build:Building ROS package in '/workspace/ros_ws/src/nav2_gps_waypoint_follower_demo' with build type 'ament_python'
[0.337s] Level 1:colcon.colcon_core.shell:create_environment_hook('nav2_gps_waypoint_follower_demo', 'ament_prefix_path')
[0.337s] INFO:colcon.colcon_core.shell:Creating environment hook '/workspace/ros_ws/install/nav2_gps_waypoint_follower_demo/share/nav2_gps_waypoint_follower_demo/hook/ament_prefix_path.ps1'
[0.338s] INFO:colcon.colcon_core.shell:Creating environment descriptor '/workspace/ros_ws/install/nav2_gps_waypoint_follower_demo/share/nav2_gps_waypoint_follower_demo/hook/ament_prefix_path.dsv'
[0.339s] INFO:colcon.colcon_core.shell:Creating environment hook '/workspace/ros_ws/install/nav2_gps_waypoint_follower_demo/share/nav2_gps_waypoint_follower_demo/hook/ament_prefix_path.sh'
[0.340s] INFO:colcon.colcon_core.shell:Skip shell extension 'powershell' for command environment: Not usable outside of PowerShell
[0.340s] DEBUG:colcon.colcon_core.shell:Skip shell extension 'dsv' for command environment
[0.356s] DEBUG:colcon.colcon_core.event_handler.log_command:Invoking command in '/workspace/ros_ws/build/ariaNode': CMAKE_PREFIX_PATH=${CMAKE_PREFIX_PATH}:/workspace/ros_ws/install/nav2_gps_waypoint_follower_demo:/workspace/ros_ws/src/install/nav2_gps_waypoint_follower_demo:/opt/ros/jazzy /usr/bin/cmake /workspace/ros_ws/src/ariaNode -DCMAKE_INSTALL_PREFIX=/workspace/ros_ws/install/ariaNode
[0.360s] DEBUG:colcon.colcon_core.event_handler.log_command:Invoking command in '/workspace/ros_ws/build/master': CMAKE_PREFIX_PATH=${CMAKE_PREFIX_PATH}:/workspace/ros_ws/install/nav2_gps_waypoint_follower_demo:/workspace/ros_ws/src/install/nav2_gps_waypoint_follower_demo:/opt/ros/jazzy /usr/bin/cmake /workspace/ros_ws/src/master -DCMAKE_INSTALL_PREFIX=/workspace/ros_ws/install/master
[0.362s] DEBUG:colcon.colcon_core.event_handler.log_command:Invoking command in '/workspace/ros_ws/build/my_package2': CMAKE_PREFIX_PATH=${CMAKE_PREFIX_PATH}:/workspace/ros_ws/install/nav2_gps_waypoint_follower_demo:/workspace/ros_ws/src/install/nav2_gps_waypoint_follower_demo:/opt/ros/jazzy /usr/bin/cmake /workspace/ros_ws/src/my_package2 -DCMAKE_INSTALL_PREFIX=/workspace/ros_ws/install/my_package2
[0.771s] INFO:colcon.colcon_core.task.python.build:Building Python package in '/workspace/ros_ws/src/nav2_gps_waypoint_follower_demo'
[0.771s] INFO:colcon.colcon_core.shell:Skip shell extension 'powershell' for command environment: Not usable outside of PowerShell
[0.771s] DEBUG:colcon.colcon_core.shell:Skip shell extension 'dsv' for command environment
[1.618s] DEBUG:colcon.colcon_core.event_handler.log_command:Invoked command in '/workspace/ros_ws/build/my_package2' returned '0': CMAKE_PREFIX_PATH=${CMAKE_PREFIX_PATH}:/workspace/ros_ws/install/nav2_gps_waypoint_follower_demo:/workspace/ros_ws/src/install/nav2_gps_waypoint_follower_demo:/opt/ros/jazzy /usr/bin/cmake /workspace/ros_ws/src/my_package2 -DCMAKE_INSTALL_PREFIX=/workspace/ros_ws/install/my_package2
[1.619s] DEBUG:colcon.colcon_core.event_handler.log_command:Invoking command in '/workspace/ros_ws/build/my_package2': CMAKE_PREFIX_PATH=${CMAKE_PREFIX_PATH}:/workspace/ros_ws/install/nav2_gps_waypoint_follower_demo:/workspace/ros_ws/src/install/nav2_gps_waypoint_follower_demo:/opt/ros/jazzy /usr/bin/cmake --build /workspace/ros_ws/build/my_package2 -- -j12 -l12
[1.693s] DEBUG:colcon.colcon_core.event_handler.log_command:Invoking command in '/workspace/ros_ws/src/nav2_gps_waypoint_follower_demo': PYTHONPATH=/workspace/ros_ws/build/nav2_gps_waypoint_follower_demo/prefix_override:/usr/lib/python3/dist-packages/colcon_core/task/python/colcon_distutils_commands:/workspace/ros_ws/install/nav2_gps_waypoint_follower_demo/lib/python3.12/site-packages:${PYTHONPATH} /usr/bin/python3 -W ignore:setup.py install is deprecated -W ignore:easy_install command is deprecated setup.py egg_info --egg-base ../../build/nav2_gps_waypoint_follower_demo build --build-base /workspace/ros_ws/build/nav2_gps_waypoint_follower_demo/build install --record /workspace/ros_ws/build/nav2_gps_waypoint_follower_demo/install.log --single-version-externally-managed install_data
[1.814s] DEBUG:colcon.colcon_core.event_handler.log_command:Invoked command in '/workspace/ros_ws/build/my_package2' returned '0': CMAKE_PREFIX_PATH=${CMAKE_PREFIX_PATH}:/workspace/ros_ws/install/nav2_gps_waypoint_follower_demo:/workspace/ros_ws/src/install/nav2_gps_waypoint_follower_demo:/opt/ros/jazzy /usr/bin/cmake --build /workspace/ros_ws/build/my_package2 -- -j12 -l12
[1.829s] DEBUG:colcon.colcon_core.event_handler.log_command:Invoking command in '/workspace/ros_ws/build/my_package2': CMAKE_PREFIX_PATH=${CMAKE_PREFIX_PATH}:/workspace/ros_ws/install/nav2_gps_waypoint_follower_demo:/workspace/ros_ws/src/install/nav2_gps_waypoint_follower_demo:/opt/ros/jazzy /usr/bin/cmake --install /workspace/ros_ws/build/my_package2
[1.847s] Level 1:colcon.colcon_core.environment:create_environment_scripts_only(my_package2)
[1.847s] DEBUG:colcon.colcon_core.event_handler.log_command:Invoked command in '/workspace/ros_ws/build/my_package2' returned '0': CMAKE_PREFIX_PATH=${CMAKE_PREFIX_PATH}:/workspace/ros_ws/install/nav2_gps_waypoint_follower_demo:/workspace/ros_ws/src/install/nav2_gps_waypoint_follower_demo:/opt/ros/jazzy /usr/bin/cmake --install /workspace/ros_ws/build/my_package2
[1.850s] Level 1:colcon.colcon_core.environment:checking '/workspace/ros_ws/install/my_package2' for CMake module files
[1.852s] Level 1:colcon.colcon_core.environment:checking '/workspace/ros_ws/install/my_package2' for CMake config files
[1.853s] Level 1:colcon.colcon_core.shell:create_environment_hook('my_package2', 'cmake_prefix_path')
[1.853s] INFO:colcon.colcon_core.shell:Creating environment hook '/workspace/ros_ws/install/my_package2/share/my_package2/hook/cmake_prefix_path.ps1'
[1.854s] INFO:colcon.colcon_core.shell:Creating environment descriptor '/workspace/ros_ws/install/my_package2/share/my_package2/hook/cmake_prefix_path.dsv'
[1.856s] INFO:colcon.colcon_core.shell:Creating environment hook '/workspace/ros_ws/install/my_package2/share/my_package2/hook/cmake_prefix_path.sh'
[1.857s] Level 1:colcon.colcon_core.environment:checking '/workspace/ros_ws/install/my_package2/lib'
[1.857s] Level 1:colcon.colcon_core.environment:checking '/workspace/ros_ws/install/my_package2/bin'
[1.857s] Level 1:colcon.colcon_core.environment:checking '/workspace/ros_ws/install/my_package2/lib/pkgconfig/my_package2.pc'
[1.858s] Level 1:colcon.colcon_core.environment:checking '/workspace/ros_ws/install/my_package2/lib/python3.12/site-packages'
[1.858s] Level 1:colcon.colcon_core.environment:checking '/workspace/ros_ws/install/my_package2/bin'
[1.859s] INFO:colcon.colcon_core.shell:Creating package script '/workspace/ros_ws/install/my_package2/share/my_package2/package.ps1'
[1.860s] INFO:colcon.colcon_core.shell:Creating package descriptor '/workspace/ros_ws/install/my_package2/share/my_package2/package.dsv'
[1.861s] INFO:colcon.colcon_core.shell:Creating package script '/workspace/ros_ws/install/my_package2/share/my_package2/package.sh'
[1.863s] INFO:colcon.colcon_core.shell:Creating package script '/workspace/ros_ws/install/my_package2/share/my_package2/package.bash'
[1.864s] INFO:colcon.colcon_core.shell:Creating package script '/workspace/ros_ws/install/my_package2/share/my_package2/package.zsh'
[1.866s] Level 1:colcon.colcon_core.environment:create_file_with_runtime_dependencies(/workspace/ros_ws/install/my_package2/share/colcon-core/packages/my_package2)
[1.867s] Level 1:colcon.colcon_core.environment:create_environment_scripts_only(my_package2)
[1.868s] Level 1:colcon.colcon_core.environment:checking '/workspace/ros_ws/install/my_package2' for CMake module files
[1.869s] Level 1:colcon.colcon_core.environment:checking '/workspace/ros_ws/install/my_package2' for CMake config files
[1.869s] Level 1:colcon.colcon_core.shell:create_environment_hook('my_package2', 'cmake_prefix_path')
[1.870s] INFO:colcon.colcon_core.shell:Creating environment hook '/workspace/ros_ws/install/my_package2/share/my_package2/hook/cmake_prefix_path.ps1'
[1.870s] INFO:colcon.colcon_core.shell:Creating environment descriptor '/workspace/ros_ws/install/my_package2/share/my_package2/hook/cmake_prefix_path.dsv'
[1.871s] INFO:colcon.colcon_core.shell:Creating environment hook '/workspace/ros_ws/install/my_package2/share/my_package2/hook/cmake_prefix_path.sh'
[1.871s] Level 1:colcon.colcon_core.environment:checking '/workspace/ros_ws/install/my_package2/lib'
[1.872s] Level 1:colcon.colcon_core.environment:checking '/workspace/ros_ws/install/my_package2/bin'
[1.872s] Level 1:colcon.colcon_core.environment:checking '/workspace/ros_ws/install/my_package2/lib/pkgconfig/my_package2.pc'
[1.872s] Level 1:colcon.colcon_core.environment:checking '/workspace/ros_ws/install/my_package2/lib/python3.12/site-packages'
[1.872s] Level 1:colcon.colcon_core.environment:checking '/workspace/ros_ws/install/my_package2/bin'
[1.873s] INFO:colcon.colcon_core.shell:Creating package script '/workspace/ros_ws/install/my_package2/share/my_package2/package.ps1'
[1.873s] INFO:colcon.colcon_core.shell:Creating package descriptor '/workspace/ros_ws/install/my_package2/share/my_package2/package.dsv'
[1.874s] INFO:colcon.colcon_core.shell:Creating package script '/workspace/ros_ws/install/my_package2/share/my_package2/package.sh'
[1.875s] INFO:colcon.colcon_core.shell:Creating package script '/workspace/ros_ws/install/my_package2/share/my_package2/package.bash'
[1.875s] INFO:colcon.colcon_core.shell:Creating package script '/workspace/ros_ws/install/my_package2/share/my_package2/package.zsh'
[1.877s] Level 1:colcon.colcon_core.environment:create_file_with_runtime_dependencies(/workspace/ros_ws/install/my_package2/share/colcon-core/packages/my_package2)
[2.519s] Level 1:colcon.colcon_core.environment:checking '/workspace/ros_ws/install/nav2_gps_waypoint_follower_demo' for CMake module files
[2.521s] DEBUG:colcon.colcon_core.event_handler.log_command:Invoked command in '/workspace/ros_ws/src/nav2_gps_waypoint_follower_demo' returned '0': PYTHONPATH=/workspace/ros_ws/build/nav2_gps_waypoint_follower_demo/prefix_override:/usr/lib/python3/dist-packages/colcon_core/task/python/colcon_distutils_commands:/workspace/ros_ws/install/nav2_gps_waypoint_follower_demo/lib/python3.12/site-packages:${PYTHONPATH} /usr/bin/python3 -W ignore:setup.py install is deprecated -W ignore:easy_install command is deprecated setup.py egg_info --egg-base ../../build/nav2_gps_waypoint_follower_demo build --build-base /workspace/ros_ws/build/nav2_gps_waypoint_follower_demo/build install --record /workspace/ros_ws/build/nav2_gps_waypoint_follower_demo/install.log --single-version-externally-managed install_data
[2.522s] Level 1:colcon.colcon_core.environment:checking '/workspace/ros_ws/install/nav2_gps_waypoint_follower_demo' for CMake config files
[2.524s] Level 1:colcon.colcon_core.environment:checking '/workspace/ros_ws/install/nav2_gps_waypoint_follower_demo/lib'
[2.524s] Level 1:colcon.colcon_core.environment:checking '/workspace/ros_ws/install/nav2_gps_waypoint_follower_demo/bin'
[2.524s] Level 1:colcon.colcon_core.environment:checking '/workspace/ros_ws/install/nav2_gps_waypoint_follower_demo/lib/pkgconfig/nav2_gps_waypoint_follower_demo.pc'
[2.525s] Level 1:colcon.colcon_core.environment:checking '/workspace/ros_ws/install/nav2_gps_waypoint_follower_demo/lib/python3.12/site-packages'
[2.525s] Level 1:colcon.colcon_core.shell:create_environment_hook('nav2_gps_waypoint_follower_demo', 'pythonpath')
[2.526s] INFO:colcon.colcon_core.shell:Creating environment hook '/workspace/ros_ws/install/nav2_gps_waypoint_follower_demo/share/nav2_gps_waypoint_follower_demo/hook/pythonpath.ps1'
[2.527s] INFO:colcon.colcon_core.shell:Creating environment descriptor '/workspace/ros_ws/install/nav2_gps_waypoint_follower_demo/share/nav2_gps_waypoint_follower_demo/hook/pythonpath.dsv'
[2.527s] INFO:colcon.colcon_core.shell:Creating environment hook '/workspace/ros_ws/install/nav2_gps_waypoint_follower_demo/share/nav2_gps_waypoint_follower_demo/hook/pythonpath.sh'
[2.528s] Level 1:colcon.colcon_core.environment:checking '/workspace/ros_ws/install/nav2_gps_waypoint_follower_demo/bin'
[2.528s] Level 1:colcon.colcon_core.environment:create_environment_scripts_only(nav2_gps_waypoint_follower_demo)
[2.529s] INFO:colcon.colcon_core.shell:Creating package script '/workspace/ros_ws/install/nav2_gps_waypoint_follower_demo/share/nav2_gps_waypoint_follower_demo/package.ps1'
[2.529s] INFO:colcon.colcon_core.shell:Creating package descriptor '/workspace/ros_ws/install/nav2_gps_waypoint_follower_demo/share/nav2_gps_waypoint_follower_demo/package.dsv'
[2.531s] INFO:colcon.colcon_core.shell:Creating package script '/workspace/ros_ws/install/nav2_gps_waypoint_follower_demo/share/nav2_gps_waypoint_follower_demo/package.sh'
[2.532s] INFO:colcon.colcon_core.shell:Creating package script '/workspace/ros_ws/install/nav2_gps_waypoint_follower_demo/share/nav2_gps_waypoint_follower_demo/package.bash'
[2.533s] INFO:colcon.colcon_core.shell:Creating package script '/workspace/ros_ws/install/nav2_gps_waypoint_follower_demo/share/nav2_gps_waypoint_follower_demo/package.zsh'
[2.534s] Level 1:colcon.colcon_core.environment:create_file_with_runtime_dependencies(/workspace/ros_ws/install/nav2_gps_waypoint_follower_demo/share/colcon-core/packages/nav2_gps_waypoint_follower_demo)
[2.539s] DEBUG:colcon.colcon_core.event_handler.log_command:Invoked command in '/workspace/ros_ws/build/ariaNode' returned '0': CMAKE_PREFIX_PATH=${CMAKE_PREFIX_PATH}:/workspace/ros_ws/install/nav2_gps_waypoint_follower_demo:/workspace/ros_ws/src/install/nav2_gps_waypoint_follower_demo:/opt/ros/jazzy /usr/bin/cmake /workspace/ros_ws/src/ariaNode -DCMAKE_INSTALL_PREFIX=/workspace/ros_ws/install/ariaNode
[2.541s] DEBUG:colcon.colcon_core.event_handler.log_command:Invoking command in '/workspace/ros_ws/build/ariaNode': CMAKE_PREFIX_PATH=${CMAKE_PREFIX_PATH}:/workspace/ros_ws/install/nav2_gps_waypoint_follower_demo:/workspace/ros_ws/src/install/nav2_gps_waypoint_follower_demo:/opt/ros/jazzy /usr/bin/cmake --build /workspace/ros_ws/build/ariaNode -- -j12 -l12
[2.738s] DEBUG:colcon.colcon_core.event_handler.log_command:Invoked command in '/workspace/ros_ws/build/master' returned '0': CMAKE_PREFIX_PATH=${CMAKE_PREFIX_PATH}:/workspace/ros_ws/install/nav2_gps_waypoint_follower_demo:/workspace/ros_ws/src/install/nav2_gps_waypoint_follower_demo:/opt/ros/jazzy /usr/bin/cmake /workspace/ros_ws/src/master -DCMAKE_INSTALL_PREFIX=/workspace/ros_ws/install/master
[2.739s] DEBUG:colcon.colcon_core.event_handler.log_command:Invoking command in '/workspace/ros_ws/build/master': CMAKE_PREFIX_PATH=${CMAKE_PREFIX_PATH}:/workspace/ros_ws/install/nav2_gps_waypoint_follower_demo:/workspace/ros_ws/src/install/nav2_gps_waypoint_follower_demo:/opt/ros/jazzy /usr/bin/cmake --build /workspace/ros_ws/build/master -- -j12 -l12
[14.228s] DEBUG:colcon.colcon_core.event_handler.log_command:Invoked command in '/workspace/ros_ws/build/ariaNode' returned '0': CMAKE_PREFIX_PATH=${CMAKE_PREFIX_PATH}:/workspace/ros_ws/install/nav2_gps_waypoint_follower_demo:/workspace/ros_ws/src/install/nav2_gps_waypoint_follower_demo:/opt/ros/jazzy /usr/bin/cmake --build /workspace/ros_ws/build/ariaNode -- -j12 -l12
[14.229s] DEBUG:colcon.colcon_core.event_handler.log_command:Invoking command in '/workspace/ros_ws/build/ariaNode': CMAKE_PREFIX_PATH=${CMAKE_PREFIX_PATH}:/workspace/ros_ws/install/nav2_gps_waypoint_follower_demo:/workspace/ros_ws/src/install/nav2_gps_waypoint_follower_demo:/opt/ros/jazzy /usr/bin/cmake --install /workspace/ros_ws/build/ariaNode
[14.246s] Level 1:colcon.colcon_core.environment:create_environment_scripts_only(ariaNode)
[14.246s] DEBUG:colcon.colcon_core.event_handler.log_command:Invoked command in '/workspace/ros_ws/build/ariaNode' returned '0': CMAKE_PREFIX_PATH=${CMAKE_PREFIX_PATH}:/workspace/ros_ws/install/nav2_gps_waypoint_follower_demo:/workspace/ros_ws/src/install/nav2_gps_waypoint_follower_demo:/opt/ros/jazzy /usr/bin/cmake --install /workspace/ros_ws/build/ariaNode
[14.247s] Level 1:colcon.colcon_core.environment:checking '/workspace/ros_ws/install/ariaNode' for CMake module files
[14.248s] Level 1:colcon.colcon_core.environment:checking '/workspace/ros_ws/install/ariaNode' for CMake config files
[14.248s] Level 1:colcon.colcon_core.shell:create_environment_hook('ariaNode', 'cmake_prefix_path')
[14.248s] INFO:colcon.colcon_core.shell:Creating environment hook '/workspace/ros_ws/install/ariaNode/share/ariaNode/hook/cmake_prefix_path.ps1'
[14.249s] INFO:colcon.colcon_core.shell:Creating environment descriptor '/workspace/ros_ws/install/ariaNode/share/ariaNode/hook/cmake_prefix_path.dsv'
[14.250s] INFO:colcon.colcon_core.shell:Creating environment hook '/workspace/ros_ws/install/ariaNode/share/ariaNode/hook/cmake_prefix_path.sh'
[14.250s] Level 1:colcon.colcon_core.environment:checking '/workspace/ros_ws/install/ariaNode/lib'
[14.251s] Level 1:colcon.colcon_core.environment:checking '/workspace/ros_ws/install/ariaNode/bin'
[14.251s] Level 1:colcon.colcon_core.environment:checking '/workspace/ros_ws/install/ariaNode/lib/pkgconfig/ariaNode.pc'
[14.251s] Level 1:colcon.colcon_core.environment:checking '/workspace/ros_ws/install/ariaNode/lib/python3.12/site-packages'
[14.251s] Level 1:colcon.colcon_core.environment:checking '/workspace/ros_ws/install/ariaNode/bin'
[14.251s] INFO:colcon.colcon_core.shell:Creating package script '/workspace/ros_ws/install/ariaNode/share/ariaNode/package.ps1'
[14.252s] INFO:colcon.colcon_core.shell:Creating package descriptor '/workspace/ros_ws/install/ariaNode/share/ariaNode/package.dsv'
[14.253s] INFO:colcon.colcon_core.shell:Creating package script '/workspace/ros_ws/install/ariaNode/share/ariaNode/package.sh'
[14.253s] INFO:colcon.colcon_core.shell:Creating package script '/workspace/ros_ws/install/ariaNode/share/ariaNode/package.bash'
[14.254s] INFO:colcon.colcon_core.shell:Creating package script '/workspace/ros_ws/install/ariaNode/share/ariaNode/package.zsh'
[14.254s] Level 1:colcon.colcon_core.environment:create_file_with_runtime_dependencies(/workspace/ros_ws/install/ariaNode/share/colcon-core/packages/ariaNode)
[14.255s] Level 1:colcon.colcon_core.environment:create_environment_scripts_only(ariaNode)
[14.256s] Level 1:colcon.colcon_core.environment:checking '/workspace/ros_ws/install/ariaNode' for CMake module files
[14.256s] Level 1:colcon.colcon_core.environment:checking '/workspace/ros_ws/install/ariaNode' for CMake config files
[14.256s] Level 1:colcon.colcon_core.shell:create_environment_hook('ariaNode', 'cmake_prefix_path')
[14.257s] INFO:colcon.colcon_core.shell:Creating environment hook '/workspace/ros_ws/install/ariaNode/share/ariaNode/hook/cmake_prefix_path.ps1'
[14.257s] INFO:colcon.colcon_core.shell:Creating environment descriptor '/workspace/ros_ws/install/ariaNode/share/ariaNode/hook/cmake_prefix_path.dsv'
[14.258s] INFO:colcon.colcon_core.shell:Creating environment hook '/workspace/ros_ws/install/ariaNode/share/ariaNode/hook/cmake_prefix_path.sh'
[14.259s] Level 1:colcon.colcon_core.environment:checking '/workspace/ros_ws/install/ariaNode/lib'
[14.259s] Level 1:colcon.colcon_core.environment:checking '/workspace/ros_ws/install/ariaNode/bin'
[14.259s] Level 1:colcon.colcon_core.environment:checking '/workspace/ros_ws/install/ariaNode/lib/pkgconfig/ariaNode.pc'
[14.260s] Level 1:colcon.colcon_core.environment:checking '/workspace/ros_ws/install/ariaNode/lib/python3.12/site-packages'
[14.260s] Level 1:colcon.colcon_core.environment:checking '/workspace/ros_ws/install/ariaNode/bin'
[14.260s] INFO:colcon.colcon_core.shell:Creating package script '/workspace/ros_ws/install/ariaNode/share/ariaNode/package.ps1'
[14.261s] INFO:colcon.colcon_core.shell:Creating package descriptor '/workspace/ros_ws/install/ariaNode/share/ariaNode/package.dsv'
[14.261s] INFO:colcon.colcon_core.shell:Creating package script '/workspace/ros_ws/install/ariaNode/share/ariaNode/package.sh'
[14.262s] INFO:colcon.colcon_core.shell:Creating package script '/workspace/ros_ws/install/ariaNode/share/ariaNode/package.bash'
[14.263s] INFO:colcon.colcon_core.shell:Creating package script '/workspace/ros_ws/install/ariaNode/share/ariaNode/package.zsh'
[14.263s] Level 1:colcon.colcon_core.environment:create_file_with_runtime_dependencies(/workspace/ros_ws/install/ariaNode/share/colcon-core/packages/ariaNode)
[16.681s] DEBUG:colcon.colcon_core.event_handler.log_command:Invoked command in '/workspace/ros_ws/build/master' returned '0': CMAKE_PREFIX_PATH=${CMAKE_PREFIX_PATH}:/workspace/ros_ws/install/nav2_gps_waypoint_follower_demo:/workspace/ros_ws/src/install/nav2_gps_waypoint_follower_demo:/opt/ros/jazzy /usr/bin/cmake --build /workspace/ros_ws/build/master -- -j12 -l12
[16.682s] DEBUG:colcon.colcon_core.event_handler.log_command:Invoking command in '/workspace/ros_ws/build/master': CMAKE_PREFIX_PATH=${CMAKE_PREFIX_PATH}:/workspace/ros_ws/install/nav2_gps_waypoint_follower_demo:/workspace/ros_ws/src/install/nav2_gps_waypoint_follower_demo:/opt/ros/jazzy /usr/bin/cmake --install /workspace/ros_ws/build/master
[16.706s] Level 1:colcon.colcon_core.environment:create_environment_scripts_only(master)
[16.706s] Level 1:colcon.colcon_core.environment:checking '/workspace/ros_ws/install/master' for CMake module files
[16.707s] DEBUG:colcon.colcon_core.event_handler.log_command:Invoked command in '/workspace/ros_ws/build/master' returned '0': CMAKE_PREFIX_PATH=${CMAKE_PREFIX_PATH}:/workspace/ros_ws/install/nav2_gps_waypoint_follower_demo:/workspace/ros_ws/src/install/nav2_gps_waypoint_follower_demo:/opt/ros/jazzy /usr/bin/cmake --install /workspace/ros_ws/build/master
[16.707s] Level 1:colcon.colcon_core.environment:checking '/workspace/ros_ws/install/master' for CMake config files
[16.707s] Level 1:colcon.colcon_core.shell:create_environment_hook('master', 'cmake_prefix_path')
[16.708s] INFO:colcon.colcon_core.shell:Creating environment hook '/workspace/ros_ws/install/master/share/master/hook/cmake_prefix_path.ps1'
[16.708s] INFO:colcon.colcon_core.shell:Creating environment descriptor '/workspace/ros_ws/install/master/share/master/hook/cmake_prefix_path.dsv'
[16.709s] INFO:colcon.colcon_core.shell:Creating environment hook '/workspace/ros_ws/install/master/share/master/hook/cmake_prefix_path.sh'
[16.710s] Level 1:colcon.colcon_core.environment:checking '/workspace/ros_ws/install/master/lib'
[16.710s] Level 1:colcon.colcon_core.environment:checking '/workspace/ros_ws/install/master/bin'
[16.710s] Level 1:colcon.colcon_core.environment:checking '/workspace/ros_ws/install/master/lib/pkgconfig/master.pc'
[16.710s] Level 1:colcon.colcon_core.environment:checking '/workspace/ros_ws/install/master/lib/python3.12/site-packages'
[16.710s] Level 1:colcon.colcon_core.environment:checking '/workspace/ros_ws/install/master/bin'
[16.711s] INFO:colcon.colcon_core.shell:Creating package script '/workspace/ros_ws/install/master/share/master/package.ps1'
[16.711s] INFO:colcon.colcon_core.shell:Creating package descriptor '/workspace/ros_ws/install/master/share/master/package.dsv'
[16.711s] INFO:colcon.colcon_core.shell:Creating package script '/workspace/ros_ws/install/master/share/master/package.sh'
[16.712s] INFO:colcon.colcon_core.shell:Creating package script '/workspace/ros_ws/install/master/share/master/package.bash'
[16.712s] INFO:colcon.colcon_core.shell:Creating package script '/workspace/ros_ws/install/master/share/master/package.zsh'
[16.713s] Level 1:colcon.colcon_core.environment:create_file_with_runtime_dependencies(/workspace/ros_ws/install/master/share/colcon-core/packages/master)
[16.714s] Level 1:colcon.colcon_core.environment:create_environment_scripts_only(master)
[16.714s] Level 1:colcon.colcon_core.environment:checking '/workspace/ros_ws/install/master' for CMake module files
[16.715s] Level 1:colcon.colcon_core.environment:checking '/workspace/ros_ws/install/master' for CMake config files
[16.715s] Level 1:colcon.colcon_core.shell:create_environment_hook('master', 'cmake_prefix_path')
[16.715s] INFO:colcon.colcon_core.shell:Creating environment hook '/workspace/ros_ws/install/master/share/master/hook/cmake_prefix_path.ps1'
[16.716s] INFO:colcon.colcon_core.shell:Creating environment descriptor '/workspace/ros_ws/install/master/share/master/hook/cmake_prefix_path.dsv'
[16.717s] INFO:colcon.colcon_core.shell:Creating environment hook '/workspace/ros_ws/install/master/share/master/hook/cmake_prefix_path.sh'
[16.717s] Level 1:colcon.colcon_core.environment:checking '/workspace/ros_ws/install/master/lib'
[16.717s] Level 1:colcon.colcon_core.environment:checking '/workspace/ros_ws/install/master/bin'
[16.718s] Level 1:colcon.colcon_core.environment:checking '/workspace/ros_ws/install/master/lib/pkgconfig/master.pc'
[16.718s] Level 1:colcon.colcon_core.environment:checking '/workspace/ros_ws/install/master/lib/python3.12/site-packages'
[16.718s] Level 1:colcon.colcon_core.environment:checking '/workspace/ros_ws/install/master/bin'
[16.719s] INFO:colcon.colcon_core.shell:Creating package script '/workspace/ros_ws/install/master/share/master/package.ps1'
[16.719s] INFO:colcon.colcon_core.shell:Creating package descriptor '/workspace/ros_ws/install/master/share/master/package.dsv'
[16.720s] INFO:colcon.colcon_core.shell:Creating package script '/workspace/ros_ws/install/master/share/master/package.sh'
[16.720s] INFO:colcon.colcon_core.shell:Creating package script '/workspace/ros_ws/install/master/share/master/package.bash'
[16.721s] INFO:colcon.colcon_core.shell:Creating package script '/workspace/ros_ws/install/master/share/master/package.zsh'
[16.721s] Level 1:colcon.colcon_core.environment:create_file_with_runtime_dependencies(/workspace/ros_ws/install/master/share/colcon-core/packages/master)
[16.722s] DEBUG:colcon.colcon_parallel_executor.executor.parallel:closing loop
[16.722s] DEBUG:colcon.colcon_parallel_executor.executor.parallel:loop closed
[16.723s] DEBUG:colcon.colcon_parallel_executor.executor.parallel:run_until_complete finished with '0'
[16.723s] DEBUG:colcon.colcon_core.event_reactor:joining thread
[16.732s] INFO:colcon.colcon_core.plugin_system:Skipping extension 'colcon_notification.desktop_notification.notify_send': Could not find 'notify-send'
[16.732s] INFO:colcon.colcon_core.plugin_system:Skipping extension 'colcon_notification.desktop_notification.terminal_notifier': Not used on non-Darwin systems
[16.733s] INFO:colcon.colcon_core.plugin_system:Skipping extension 'colcon_notification.desktop_notification.win32': Not used on non-Windows systems
[16.733s] INFO:colcon.colcon_notification.desktop_notification:Sending desktop notification using 'notify2'
[16.735s] DEBUG:colcon.colcon_notification.desktop_notification.notify2:Failed to initialize notify2: org.freedesktop.DBus.Error.Spawn.ExecFailed: /usr/bin/dbus-launch terminated abnormally without any error message
[16.737s] DEBUG:colcon.colcon_core.event_reactor:joined thread
[16.740s] INFO:colcon.colcon_core.shell:Creating prefix script '/workspace/ros_ws/install/local_setup.ps1'
[16.741s] INFO:colcon.colcon_core.shell:Creating prefix util module '/workspace/ros_ws/install/_local_setup_util_ps1.py'
[16.743s] INFO:colcon.colcon_core.shell:Creating prefix chain script '/workspace/ros_ws/install/setup.ps1'
[16.745s] INFO:colcon.colcon_core.shell:Creating prefix script '/workspace/ros_ws/install/local_setup.sh'
[16.745s] INFO:colcon.colcon_core.shell:Creating prefix util module '/workspace/ros_ws/install/_local_setup_util_sh.py'
[16.746s] INFO:colcon.colcon_core.shell:Creating prefix chain script '/workspace/ros_ws/install/setup.sh'
[16.748s] INFO:colcon.colcon_core.shell:Creating prefix script '/workspace/ros_ws/install/local_setup.bash'
[16.749s] INFO:colcon.colcon_core.shell:Creating prefix chain script '/workspace/ros_ws/install/setup.bash'
[16.752s] INFO:colcon.colcon_core.shell:Creating prefix script '/workspace/ros_ws/install/local_setup.zsh'
[16.752s] INFO:colcon.colcon_core.shell:Creating prefix chain script '/workspace/ros_ws/install/setup.zsh'
