[0.252s] Invoking command in '/workspace/ros_ws/build/lakibeam1': CMAKE_PREFIX_PATH=${CMAKE_PREFIX_PATH}:/opt/ros/jazzy /usr/bin/cmake /workspace/ros_ws/src/lakibeam1 -DCMAKE_INSTALL_PREFIX=/workspace/ros_ws/install/lakibeam1
[0.675s] -- Found ament_cmake: 2.5.4 (/opt/ros/jazzy/share/ament_cmake/cmake)
[0.675s] -- Override CMake install command with custom implementation using symlinks instead of copying resources
[0.675s] -- Found rclcpp: 28.1.9 (/opt/ros/jazzy/share/rclcpp/cmake)
[0.718s] -- Found rosidl_generator_c: 4.6.5 (/opt/ros/jazzy/share/rosidl_generator_c/cmake)
[0.732s] -- Found rosidl_generator_cpp: 4.6.5 (/opt/ros/jazzy/share/rosidl_generator_cpp/cmake)
[0.752s] -- Using all available rosidl_typesupport_c: rosidl_typesupport_fastrtps_c;rosidl_typesupport_introspection_c
[0.772s] -- Using all available rosidl_typesupport_cpp: rosidl_typesupport_fastrtps_cpp;rosidl_typesupport_introspection_cpp
[0.980s] -- Found rmw_implementation_cmake: 7.3.2 (/opt/ros/jazzy/share/rmw_implementation_cmake/cmake)
[0.983s] -- Found rmw_fastrtps_cpp: 8.4.2 (/opt/ros/jazzy/share/rmw_fastrtps_cpp/cmake)
[1.142s] -- Using RMW implementation 'rmw_fastrtps_cpp' as default
[1.295s] -- Found pcl_conversions: 2.6.2 (/opt/ros/jazzy/share/pcl_conversions/cmake)
[1.670s] [33mCMake Warning (dev) at /usr/lib/x86_64-linux-gnu/cmake/pcl/Modules/FindFLANN.cmake:45 (find_package):
[1.670s]   Policy CMP0144 is not set: find_package uses upper-case <PACKAGENAME>_ROOT
[1.670s]   variables.  Run "cmake --help-policy CMP0144" for policy details.  Use the
[1.689s]   cmake_policy command to set the policy and suppress this warning.
[1.689s] 
[1.689s]   CMake variable FLANN_ROOT is set to:
[1.689s] 
[1.689s]     /usr
[1.690s] 
[1.690s]   For compatibility, find_package is ignoring the variable, but code in a
[1.690s]   .cmake module might still use it.
[1.690s] Call Stack (most recent call first):
[1.690s]   /usr/lib/x86_64-linux-gnu/cmake/pcl/PCLConfig.cmake:261 (find_package)
[1.690s]   /usr/lib/x86_64-linux-gnu/cmake/pcl/PCLConfig.cmake:306 (find_flann)
[1.690s]   /usr/lib/x86_64-linux-gnu/cmake/pcl/PCLConfig.cmake:570 (find_external_library)
[1.690s]   /opt/ros/jazzy/share/pcl_conversions/cmake/ament_cmake_export_dependencies-extras.cmake:21 (find_package)
[1.690s]   /opt/ros/jazzy/share/pcl_conversions/cmake/pcl_conversionsConfig.cmake:41 (include)
[1.691s]   CMakeLists.txt:10 (find_package)
[1.691s] This warning is for project developers.  Use -Wno-dev to suppress it.
[1.691s] [0m
[1.698s] -- Found flann version 1.9.2
[3.211s] -- OpenNI found (version: 1.5.4.0, include: /usr/include/ni, lib: /usr/lib/libOpenNI.so;libusb::libusb)
[3.228s] -- OpenNI2 found (version: 2.2.0.33, include: /usr/include/openni2, lib: /usr/lib/x86_64-linux-gnu/libOpenNI2.so;libusb::libusb)
[3.242s] -- Could NOT find Pcap (missing: PCAP_LIBRARIES PCAP_INCLUDE_DIRS) 
[4.572s] -- OpenNI found (version: 1.5.4.0, include: /usr/include/ni, lib: /usr/lib/libOpenNI.so;libusb::libusb)
[4.601s] -- OpenNI2 found (version: 2.2.0.33, include: /usr/include/openni2, lib: /usr/lib/x86_64-linux-gnu/libOpenNI2.so;libusb::libusb)
[5.653s] -- Found Qhull version 8.0.2
[6.314s] -- OpenNI found (version: 1.5.4.0, include: /usr/include/ni, lib: /usr/lib/libOpenNI.so;libusb::libusb)
[6.854s] -- Found rclpy: 7.1.4 (/opt/ros/jazzy/share/rclpy/cmake)
[6.887s] -- Found ament_lint_auto: 0.17.2 (/opt/ros/jazzy/share/ament_lint_auto/cmake)
[6.988s] -- Added test 'cppcheck' to perform static code analysis on C / C++ code
[6.988s] -- Configured cppcheck include dirs: 
[6.988s] -- Configured cppcheck exclude dirs and/or files: 
[6.988s] -- Added test 'flake8' to check Python code syntax and style conventions
[6.988s] -- Configured 'flake8' exclude dirs and/or files: 
[6.988s] -- Added test 'lint_cmake' to check CMake code style
[6.989s] -- Added test 'pep257' to check Python code against some of the docstring style conventions in PEP 257
[6.995s] -- Added test 'uncrustify' to check C / C++ code style
[6.995s] -- Configured uncrustify additional arguments: 
[6.998s] -- Added test 'xmllint' to check XML markup files
[7.001s] -- Configuring done (6.7s)
[7.020s] -- Generating done (0.0s)
[7.027s] -- Build files have been written to: /workspace/ros_ws/build/lakibeam1
