[0.379s] Invoking command in '/workspace/ros_ws/build/nav2_costmap_filters_demo': CMAKE_PREFIX_PATH=${CMAKE_PREFIX_PATH}:/workspace/ros_ws/install/nav2_gps_waypoint_follower_demo:/workspace/ros_ws/install/digit_recognition:/opt/ros/jazzy /usr/bin/cmake --build /workspace/ros_ws/build/nav2_costmap_filters_demo -- -j8 -l8
[0.842s] Invoked command in '/workspace/ros_ws/build/nav2_costmap_filters_demo' returned '0': CMAKE_PREFIX_PATH=${CMAKE_PREFIX_PATH}:/workspace/ros_ws/install/nav2_gps_waypoint_follower_demo:/workspace/ros_ws/install/digit_recognition:/opt/ros/jazzy /usr/bin/cmake --build /workspace/ros_ws/build/nav2_costmap_filters_demo -- -j8 -l8
[0.843s] Invoking command in '/workspace/ros_ws/build/nav2_costmap_filters_demo': CMAKE_PREFIX_PATH=${CMAKE_PREFIX_PATH}:/workspace/ros_ws/install/nav2_gps_waypoint_follower_demo:/workspace/ros_ws/install/digit_recognition:/opt/ros/jazzy /usr/bin/cmake --install /workspace/ros_ws/build/nav2_costmap_filters_demo
[0.897s] -- Install configuration: ""
[0.897s] -- Execute custom install script
[0.897s] -- Up-to-date symlink: /workspace/ros_ws/install/nav2_costmap_filters_demo/share/nav2_costmap_filters_demo/launch/costmap_filter_info.launch.py
[0.898s] -- Up-to-date symlink: /workspace/ros_ws/install/nav2_costmap_filters_demo/share/nav2_costmap_filters_demo/launch/costmap_filter_info.launch.py:Zone.Identifier
[0.899s] -- Up-to-date symlink: /workspace/ros_ws/install/nav2_costmap_filters_demo/share/nav2_costmap_filters_demo/maps/keepout_mask.pgm
[0.899s] -- Up-to-date symlink: /workspace/ros_ws/install/nav2_costmap_filters_demo/share/nav2_costmap_filters_demo/maps/keepout_mask.pgm:Zone.Identifier
[0.899s] -- Up-to-date symlink: /workspace/ros_ws/install/nav2_costmap_filters_demo/share/nav2_costmap_filters_demo/maps/keepout_mask.yaml
[0.900s] -- Up-to-date symlink: /workspace/ros_ws/install/nav2_costmap_filters_demo/share/nav2_costmap_filters_demo/maps/keepout_mask.yaml:Zone.Identifier
[0.900s] -- Up-to-date symlink: /workspace/ros_ws/install/nav2_costmap_filters_demo/share/nav2_costmap_filters_demo/maps/speed_mask.pgm
[0.900s] -- Up-to-date symlink: /workspace/ros_ws/install/nav2_costmap_filters_demo/share/nav2_costmap_filters_demo/maps/speed_mask.pgm:Zone.Identifier
[0.901s] -- Up-to-date symlink: /workspace/ros_ws/install/nav2_costmap_filters_demo/share/nav2_costmap_filters_demo/maps/speed_mask.yaml
[0.901s] -- Up-to-date symlink: /workspace/ros_ws/install/nav2_costmap_filters_demo/share/nav2_costmap_filters_demo/maps/speed_mask.yaml:Zone.Identifier
[0.901s] -- Up-to-date symlink: /workspace/ros_ws/install/nav2_costmap_filters_demo/share/nav2_costmap_filters_demo/params/keepout_params.yaml
[0.902s] -- Up-to-date symlink: /workspace/ros_ws/install/nav2_costmap_filters_demo/share/nav2_costmap_filters_demo/params/keepout_params.yaml:Zone.Identifier
[0.907s] -- Up-to-date symlink: /workspace/ros_ws/install/nav2_costmap_filters_demo/share/nav2_costmap_filters_demo/params/speed_params.yaml
[0.907s] -- Up-to-date symlink: /workspace/ros_ws/install/nav2_costmap_filters_demo/share/nav2_costmap_filters_demo/params/speed_params.yaml:Zone.Identifier
[0.907s] -- Up-to-date symlink: /workspace/ros_ws/install/nav2_costmap_filters_demo/share/ament_index/resource_index/package_run_dependencies/nav2_costmap_filters_demo
[0.908s] -- Up-to-date symlink: /workspace/ros_ws/install/nav2_costmap_filters_demo/share/ament_index/resource_index/parent_prefix_path/nav2_costmap_filters_demo
[0.912s] -- Up-to-date symlink: /workspace/ros_ws/install/nav2_costmap_filters_demo/share/nav2_costmap_filters_demo/environment/ament_prefix_path.sh
[0.912s] -- Up-to-date symlink: /workspace/ros_ws/install/nav2_costmap_filters_demo/share/nav2_costmap_filters_demo/environment/ament_prefix_path.dsv
[0.913s] -- Up-to-date symlink: /workspace/ros_ws/install/nav2_costmap_filters_demo/share/nav2_costmap_filters_demo/environment/path.sh
[0.920s] -- Up-to-date symlink: /workspace/ros_ws/install/nav2_costmap_filters_demo/share/nav2_costmap_filters_demo/environment/path.dsv
[0.923s] -- Up-to-date symlink: /workspace/ros_ws/install/nav2_costmap_filters_demo/share/nav2_costmap_filters_demo/local_setup.bash
[0.923s] -- Up-to-date symlink: /workspace/ros_ws/install/nav2_costmap_filters_demo/share/nav2_costmap_filters_demo/local_setup.sh
[0.923s] -- Up-to-date symlink: /workspace/ros_ws/install/nav2_costmap_filters_demo/share/nav2_costmap_filters_demo/local_setup.zsh
[0.923s] -- Up-to-date symlink: /workspace/ros_ws/install/nav2_costmap_filters_demo/share/nav2_costmap_filters_demo/local_setup.dsv
[0.923s] -- Symlinking: /workspace/ros_ws/install/nav2_costmap_filters_demo/share/nav2_costmap_filters_demo/package.dsv
[0.935s] -- Up-to-date symlink: /workspace/ros_ws/install/nav2_costmap_filters_demo/share/ament_index/resource_index/packages/nav2_costmap_filters_demo
[0.955s] -- Up-to-date symlink: /workspace/ros_ws/install/nav2_costmap_filters_demo/share/nav2_costmap_filters_demo/cmake/nav2_costmap_filters_demoConfig.cmake
[0.955s] -- Up-to-date symlink: /workspace/ros_ws/install/nav2_costmap_filters_demo/share/nav2_costmap_filters_demo/cmake/nav2_costmap_filters_demoConfig-version.cmake
[0.955s] -- Up-to-date symlink: /workspace/ros_ws/install/nav2_costmap_filters_demo/share/nav2_costmap_filters_demo/package.xml
[1.127s] Invoked command in '/workspace/ros_ws/build/nav2_costmap_filters_demo' returned '0': CMAKE_PREFIX_PATH=${CMAKE_PREFIX_PATH}:/workspace/ros_ws/install/nav2_gps_waypoint_follower_demo:/workspace/ros_ws/install/digit_recognition:/opt/ros/jazzy /usr/bin/cmake --install /workspace/ros_ws/build/nav2_costmap_filters_demo
