[1.401s] Invoking command in '/workspace/ros_ws/src/nav2_gps_waypoint_follower_demo': PYTHONPATH=/workspace/ros_ws/src/build/nav2_gps_waypoint_follower_demo/prefix_override:/usr/lib/python3/dist-packages/colcon_core/task/python/colcon_distutils_commands:/workspace/ros_ws/src/install/nav2_gps_waypoint_follower_demo/lib/python3.12/site-packages:${PYTHONPATH} /usr/bin/python3 -W ignore:setup.py install is deprecated -W ignore:easy_install command is deprecated setup.py egg_info --egg-base ../build/nav2_gps_waypoint_follower_demo build --build-base /workspace/ros_ws/src/build/nav2_gps_waypoint_follower_demo/build install --record /workspace/ros_ws/src/build/nav2_gps_waypoint_follower_demo/install.log --single-version-externally-managed install_data
[1.826s] running egg_info
[1.826s] creating ../build/nav2_gps_waypoint_follower_demo/nav2_gps_waypoint_follower_demo.egg-info
[1.849s] writing ../build/nav2_gps_waypoint_follower_demo/nav2_gps_waypoint_follower_demo.egg-info/PKG-INFO
[1.850s] writing dependency_links to ../build/nav2_gps_waypoint_follower_demo/nav2_gps_waypoint_follower_demo.egg-info/dependency_links.txt
[1.851s] writing entry points to ../build/nav2_gps_waypoint_follower_demo/nav2_gps_waypoint_follower_demo.egg-info/entry_points.txt
[1.851s] writing requirements to ../build/nav2_gps_waypoint_follower_demo/nav2_gps_waypoint_follower_demo.egg-info/requires.txt
[1.852s] writing top-level names to ../build/nav2_gps_waypoint_follower_demo/nav2_gps_waypoint_follower_demo.egg-info/top_level.txt
[1.852s] writing manifest file '../build/nav2_gps_waypoint_follower_demo/nav2_gps_waypoint_follower_demo.egg-info/SOURCES.txt'
[1.906s] reading manifest file '../build/nav2_gps_waypoint_follower_demo/nav2_gps_waypoint_follower_demo.egg-info/SOURCES.txt'
[1.909s] writing manifest file '../build/nav2_gps_waypoint_follower_demo/nav2_gps_waypoint_follower_demo.egg-info/SOURCES.txt'
[1.909s] running build
[1.910s] running build_py
[1.910s] creating /workspace/ros_ws/src/build/nav2_gps_waypoint_follower_demo/build
[1.910s] creating /workspace/ros_ws/src/build/nav2_gps_waypoint_follower_demo/build/lib
[1.911s] creating /workspace/ros_ws/src/build/nav2_gps_waypoint_follower_demo/build/lib/nav2_gps_waypoint_follower_demo
[1.911s] copying nav2_gps_waypoint_follower_demo/gps_waypoint_logger.py -> /workspace/ros_ws/src/build/nav2_gps_waypoint_follower_demo/build/lib/nav2_gps_waypoint_follower_demo
[1.922s] copying nav2_gps_waypoint_follower_demo/interactive_waypoint_follower.py -> /workspace/ros_ws/src/build/nav2_gps_waypoint_follower_demo/build/lib/nav2_gps_waypoint_follower_demo
[1.923s] copying nav2_gps_waypoint_follower_demo/logged_waypoint_follower.py -> /workspace/ros_ws/src/build/nav2_gps_waypoint_follower_demo/build/lib/nav2_gps_waypoint_follower_demo
[1.925s] copying nav2_gps_waypoint_follower_demo/__init__.py -> /workspace/ros_ws/src/build/nav2_gps_waypoint_follower_demo/build/lib/nav2_gps_waypoint_follower_demo
[1.925s] creating /workspace/ros_ws/src/build/nav2_gps_waypoint_follower_demo/build/lib/nav2_gps_waypoint_follower_demo/utils
[1.925s] copying nav2_gps_waypoint_follower_demo/utils/__init__.py -> /workspace/ros_ws/src/build/nav2_gps_waypoint_follower_demo/build/lib/nav2_gps_waypoint_follower_demo/utils
[1.925s] copying nav2_gps_waypoint_follower_demo/utils/gps_utils.py -> /workspace/ros_ws/src/build/nav2_gps_waypoint_follower_demo/build/lib/nav2_gps_waypoint_follower_demo/utils
[1.926s] running install
[1.936s] running install_lib
[1.957s] running install_data
[1.957s] running install_egg_info
[1.982s] removing '/workspace/ros_ws/src/install/nav2_gps_waypoint_follower_demo/lib/python3.12/site-packages/nav2_gps_waypoint_follower_demo-0.0.1-py3.12.egg-info' (and everything under it)
[1.983s] Copying ../build/nav2_gps_waypoint_follower_demo/nav2_gps_waypoint_follower_demo.egg-info to /workspace/ros_ws/src/install/nav2_gps_waypoint_follower_demo/lib/python3.12/site-packages/nav2_gps_waypoint_follower_demo-0.0.1-py3.12.egg-info
[1.984s] running install_scripts
[2.162s] Installing gps_waypoint_logger script to /workspace/ros_ws/src/install/nav2_gps_waypoint_follower_demo/lib/nav2_gps_waypoint_follower_demo
[2.163s] Installing interactive_waypoint_follower script to /workspace/ros_ws/src/install/nav2_gps_waypoint_follower_demo/lib/nav2_gps_waypoint_follower_demo
[2.164s] Installing logged_waypoint_follower script to /workspace/ros_ws/src/install/nav2_gps_waypoint_follower_demo/lib/nav2_gps_waypoint_follower_demo
[2.164s] writing list of installed files to '/workspace/ros_ws/src/build/nav2_gps_waypoint_follower_demo/install.log'
[2.227s] Invoked command in '/workspace/ros_ws/src/nav2_gps_waypoint_follower_demo' returned '0': PYTHONPATH=/workspace/ros_ws/src/build/nav2_gps_waypoint_follower_demo/prefix_override:/usr/lib/python3/dist-packages/colcon_core/task/python/colcon_distutils_commands:/workspace/ros_ws/src/install/nav2_gps_waypoint_follower_demo/lib/python3.12/site-packages:${PYTHONPATH} /usr/bin/python3 -W ignore:setup.py install is deprecated -W ignore:easy_install command is deprecated setup.py egg_info --egg-base ../build/nav2_gps_waypoint_follower_demo build --build-base /workspace/ros_ws/src/build/nav2_gps_waypoint_follower_demo/build install --record /workspace/ros_ws/src/build/nav2_gps_waypoint_follower_demo/install.log --single-version-externally-managed install_data
