[0.055s] Invoking command in '/workspace/ros_ws/src/build/ariaNode': CMAKE_PREFIX_PATH=${CMAKE_PREFIX_PATH}:/opt/ros/jazzy /usr/bin/cmake --build /workspace/ros_ws/src/build/ariaNode -- -j12 -l12
[0.248s] [100%] Built target ariaNode
[0.470s] Invoked command in '/workspace/ros_ws/src/build/ariaNode' returned '0': CMAKE_PREFIX_PATH=${CMAKE_PREFIX_PATH}:/opt/ros/jazzy /usr/bin/cmake --build /workspace/ros_ws/src/build/ariaNode -- -j12 -l12
[0.473s] Invoking command in '/workspace/ros_ws/src/build/ariaNode': CMAKE_PREFIX_PATH=${CMAKE_PREFIX_PATH}:/opt/ros/jazzy /usr/bin/cmake --install /workspace/ros_ws/src/build/ariaNode
[0.493s] -- Install configuration: ""
[0.501s] -- Up-to-date: /workspace/ros_ws/src/install/ariaNode/lib/ariaNode/ariaNode
[0.501s] -- Up-to-date: /workspace/ros_ws/src/install/ariaNode/share/ament_index/resource_index/package_run_dependencies/ariaNode
[0.501s] -- Up-to-date: /workspace/ros_ws/src/install/ariaNode/share/ament_index/resource_index/parent_prefix_path/ariaNode
[0.501s] -- Up-to-date: /workspace/ros_ws/src/install/ariaNode/share/ariaNode/environment/ament_prefix_path.sh
[0.502s] -- Up-to-date: /workspace/ros_ws/src/install/ariaNode/share/ariaNode/environment/ament_prefix_path.dsv
[0.502s] -- Up-to-date: /workspace/ros_ws/src/install/ariaNode/share/ariaNode/environment/path.sh
[0.502s] -- Up-to-date: /workspace/ros_ws/src/install/ariaNode/share/ariaNode/environment/path.dsv
[0.502s] -- Up-to-date: /workspace/ros_ws/src/install/ariaNode/share/ariaNode/local_setup.bash
[0.502s] -- Up-to-date: /workspace/ros_ws/src/install/ariaNode/share/ariaNode/local_setup.sh
[0.503s] -- Up-to-date: /workspace/ros_ws/src/install/ariaNode/share/ariaNode/local_setup.zsh
[0.503s] -- Up-to-date: /workspace/ros_ws/src/install/ariaNode/share/ariaNode/local_setup.dsv
[0.503s] -- Installing: /workspace/ros_ws/src/install/ariaNode/share/ariaNode/package.dsv
[0.504s] -- Up-to-date: /workspace/ros_ws/src/install/ariaNode/share/ament_index/resource_index/packages/ariaNode
[0.504s] -- Up-to-date: /workspace/ros_ws/src/install/ariaNode/share/ariaNode/cmake/ariaNodeConfig.cmake
[0.504s] -- Up-to-date: /workspace/ros_ws/src/install/ariaNode/share/ariaNode/cmake/ariaNodeConfig-version.cmake
[0.504s] -- Up-to-date: /workspace/ros_ws/src/install/ariaNode/share/ariaNode/package.xml
[0.560s] Invoked command in '/workspace/ros_ws/src/build/ariaNode' returned '0': CMAKE_PREFIX_PATH=${CMAKE_PREFIX_PATH}:/opt/ros/jazzy /usr/bin/cmake --install /workspace/ros_ws/src/build/ariaNode
