[0.108s] Invoking command in '/workspace/ros_ws/build/ariaNode': CMAKE_PREFIX_PATH=${CMAKE_PREFIX_PATH}:/opt/ros/jazzy /usr/bin/cmake --build /workspace/ros_ws/build/ariaNode -- -j12 -l12
[0.509s] [100%] Built target ariaNode
[0.551s] Invoked command in '/workspace/ros_ws/build/ariaNode' returned '0': CMAKE_PREFIX_PATH=${CMAKE_PREFIX_PATH}:/opt/ros/jazzy /usr/bin/cmake --build /workspace/ros_ws/build/ariaNode -- -j12 -l12
[0.557s] Invoking command in '/workspace/ros_ws/build/ariaNode': CMAKE_PREFIX_PATH=${CMAKE_PREFIX_PATH}:/opt/ros/jazzy /usr/bin/cmake --install /workspace/ros_ws/build/ariaNode
[0.570s] -- Install configuration: ""
[0.572s] -- Up-to-date: /workspace/ros_ws/install/ariaNode/lib/ariaNode/ariaNode
[0.579s] -- Up-to-date: /workspace/ros_ws/install/ariaNode/share/ament_index/resource_index/package_run_dependencies/ariaNode
[0.579s] -- Up-to-date: /workspace/ros_ws/install/ariaNode/share/ament_index/resource_index/parent_prefix_path/ariaNode
[0.579s] -- Up-to-date: /workspace/ros_ws/install/ariaNode/share/ariaNode/environment/ament_prefix_path.sh
[0.579s] -- Up-to-date: /workspace/ros_ws/install/ariaNode/share/ariaNode/environment/ament_prefix_path.dsv
[0.579s] -- Up-to-date: /workspace/ros_ws/install/ariaNode/share/ariaNode/environment/path.sh
[0.580s] -- Up-to-date: /workspace/ros_ws/install/ariaNode/share/ariaNode/environment/path.dsv
[0.580s] -- Up-to-date: /workspace/ros_ws/install/ariaNode/share/ariaNode/local_setup.bash
[0.580s] -- Up-to-date: /workspace/ros_ws/install/ariaNode/share/ariaNode/local_setup.sh
[0.580s] -- Up-to-date: /workspace/ros_ws/install/ariaNode/share/ariaNode/local_setup.zsh
[0.580s] -- Up-to-date: /workspace/ros_ws/install/ariaNode/share/ariaNode/local_setup.dsv
[0.580s] -- Installing: /workspace/ros_ws/install/ariaNode/share/ariaNode/package.dsv
[0.581s] -- Up-to-date: /workspace/ros_ws/install/ariaNode/share/ament_index/resource_index/packages/ariaNode
[0.581s] -- Up-to-date: /workspace/ros_ws/install/ariaNode/share/ariaNode/cmake/ariaNodeConfig.cmake
[0.581s] -- Up-to-date: /workspace/ros_ws/install/ariaNode/share/ariaNode/cmake/ariaNodeConfig-version.cmake
[0.581s] -- Up-to-date: /workspace/ros_ws/install/ariaNode/share/ariaNode/package.xml
[0.654s] Invoked command in '/workspace/ros_ws/build/ariaNode' returned '0': CMAKE_PREFIX_PATH=${CMAKE_PREFIX_PATH}:/opt/ros/jazzy /usr/bin/cmake --install /workspace/ros_ws/build/ariaNode
