[1.516s] Invoking command in '/workspace/ros_ws/build/nav2_gradient_costmap_plugin': CMAKE_PREFIX_PATH=${CMAKE_PREFIX_PATH}:/opt/ros/jazzy /usr/bin/cmake --build /workspace/ros_ws/build/nav2_gradient_costmap_plugin -- -j8 -l8
[1.832s] [100%] Built target nav2_gradient_costmap_plugin_core
[2.156s] Invoked command in '/workspace/ros_ws/build/nav2_gradient_costmap_plugin' returned '0': CMAKE_PREFIX_PATH=${CMAKE_PREFIX_PATH}:/opt/ros/jazzy /usr/bin/cmake --build /workspace/ros_ws/build/nav2_gradient_costmap_plugin -- -j8 -l8
[2.168s] Invoking command in '/workspace/ros_ws/build/nav2_gradient_costmap_plugin': CMAKE_PREFIX_PATH=${CMAKE_PREFIX_PATH}:/opt/ros/jazzy /usr/bin/cmake --install /workspace/ros_ws/build/nav2_gradient_costmap_plugin
[2.256s] -- Install configuration: ""
[2.256s] -- Execute custom install script
[2.256s] -- Up-to-date symlink: /workspace/ros_ws/install/nav2_gradient_costmap_plugin/lib/libnav2_gradient_costmap_plugin_core.so
[2.256s] -- Up-to-date symlink: /workspace/ros_ws/install/nav2_gradient_costmap_plugin/share/nav2_gradient_costmap_plugin//gradient_layer.xml
[2.256s] -- Up-to-date symlink: /workspace/ros_ws/install/nav2_gradient_costmap_plugin/share/ament_index/resource_index/package_run_dependencies/nav2_gradient_costmap_plugin
[2.258s] -- Up-to-date symlink: /workspace/ros_ws/install/nav2_gradient_costmap_plugin/share/ament_index/resource_index/parent_prefix_path/nav2_gradient_costmap_plugin
[2.258s] -- Up-to-date symlink: /workspace/ros_ws/install/nav2_gradient_costmap_plugin/share/nav2_gradient_costmap_plugin/environment/ament_prefix_path.sh
[2.258s] -- Up-to-date symlink: /workspace/ros_ws/install/nav2_gradient_costmap_plugin/share/nav2_gradient_costmap_plugin/environment/ament_prefix_path.dsv
[2.258s] -- Up-to-date symlink: /workspace/ros_ws/install/nav2_gradient_costmap_plugin/share/nav2_gradient_costmap_plugin/environment/path.sh
[2.258s] -- Up-to-date symlink: /workspace/ros_ws/install/nav2_gradient_costmap_plugin/share/nav2_gradient_costmap_plugin/environment/path.dsv
[2.260s] -- Up-to-date symlink: /workspace/ros_ws/install/nav2_gradient_costmap_plugin/share/nav2_gradient_costmap_plugin/local_setup.bash
[2.260s] -- Up-to-date symlink: /workspace/ros_ws/install/nav2_gradient_costmap_plugin/share/nav2_gradient_costmap_plugin/local_setup.sh
[2.260s] -- Up-to-date symlink: /workspace/ros_ws/install/nav2_gradient_costmap_plugin/share/nav2_gradient_costmap_plugin/local_setup.zsh
[2.260s] -- Up-to-date symlink: /workspace/ros_ws/install/nav2_gradient_costmap_plugin/share/nav2_gradient_costmap_plugin/local_setup.dsv
[2.261s] -- Symlinking: /workspace/ros_ws/install/nav2_gradient_costmap_plugin/share/nav2_gradient_costmap_plugin/package.dsv
[2.269s] -- Up-to-date symlink: /workspace/ros_ws/install/nav2_gradient_costmap_plugin/share/ament_index/resource_index/packages/nav2_gradient_costmap_plugin
[2.269s] -- Up-to-date symlink: /workspace/ros_ws/install/nav2_gradient_costmap_plugin/share/ament_index/resource_index/nav2_costmap_2d__pluginlib__plugin/nav2_gradient_costmap_plugin
[2.270s] -- Up-to-date symlink: /workspace/ros_ws/install/nav2_gradient_costmap_plugin/share/nav2_gradient_costmap_plugin/cmake/nav2_gradient_costmap_pluginConfig.cmake
[2.270s] -- Up-to-date symlink: /workspace/ros_ws/install/nav2_gradient_costmap_plugin/share/nav2_gradient_costmap_plugin/cmake/nav2_gradient_costmap_pluginConfig-version.cmake
[2.272s] -- Up-to-date symlink: /workspace/ros_ws/install/nav2_gradient_costmap_plugin/share/nav2_gradient_costmap_plugin/package.xml
[2.272s] Invoked command in '/workspace/ros_ws/build/nav2_gradient_costmap_plugin' returned '0': CMAKE_PREFIX_PATH=${CMAKE_PREFIX_PATH}:/opt/ros/jazzy /usr/bin/cmake --install /workspace/ros_ws/build/nav2_gradient_costmap_plugin
