[0.232s] Invoking command in '/workspace/ros_ws/build/nav2_gradient_costmap_plugin': CMAKE_PREFIX_PATH=${CMAKE_PREFIX_PATH}:/opt/ros/jazzy /usr/bin/cmake --build /workspace/ros_ws/build/nav2_gradient_costmap_plugin -- -j8 -l8
[0.277s] -- Found ament_cmake: 2.5.4 (/opt/ros/jazzy/share/ament_cmake/cmake)
[0.553s] -- Override CMake install command with custom implementation using symlinks instead of copying resources
[0.563s] -- Found rclcpp: 28.1.9 (/opt/ros/jazzy/share/rclcpp/cmake)
[0.606s] -- Found rosidl_generator_c: 4.6.5 (/opt/ros/jazzy/share/rosidl_generator_c/cmake)
[0.640s] -- Found rosidl_generator_cpp: 4.6.5 (/opt/ros/jazzy/share/rosidl_generator_cpp/cmake)
[0.640s] -- Using all available rosidl_typesupport_c: rosidl_typesupport_fastrtps_c;rosidl_typesupport_introspection_c
[0.653s] -- Using all available rosidl_typesupport_cpp: rosidl_typesupport_fastrtps_cpp;rosidl_typesupport_introspection_cpp
[0.743s] -- Found rmw_implementation_cmake: 7.3.2 (/opt/ros/jazzy/share/rmw_implementation_cmake/cmake)
[0.744s] -- Found rmw_fastrtps_cpp: 8.4.2 (/opt/ros/jazzy/share/rmw_fastrtps_cpp/cmake)
[0.834s] -- Using RMW implementation 'rmw_fastrtps_cpp' as default
[0.931s] -- Found nav2_costmap_2d: 1.3.6 (/opt/ros/jazzy/share/nav2_costmap_2d/cmake)
[1.517s] -- Found eigen3_cmake_module: 0.3.0 (/opt/ros/jazzy/share/eigen3_cmake_module/cmake)
[1.517s] -- Ensuring Eigen3 include directory is part of orocos-kdl CMake target
[1.818s] -- Configuring done (1.5s)
[1.853s] -- Generating done (0.0s)
[1.856s] -- Build files have been written to: /workspace/ros_ws/build/nav2_gradient_costmap_plugin
[1.931s] [ 50%] [32mBuilding CXX object CMakeFiles/nav2_gradient_costmap_plugin_core.dir/src/gradient_layer.cpp.o[0m
[5.517s] [100%] [32m[1mLinking CXX shared library libnav2_gradient_costmap_plugin_core.so[0m
[5.681s] [100%] Built target nav2_gradient_costmap_plugin_core
