[0.247s] Invoking command in '/workspace/ros_ws/build/master': CMAKE_PREFIX_PATH=${CMAKE_PREFIX_PATH}:/opt/ros/jazzy /usr/bin/cmake /workspace/ros_ws/src/master -DCMAKE_INSTALL_PREFIX=/workspace/ros_ws/install/master
[0.672s] -- Found ament_cmake: 2.5.4 (/opt/ros/jazzy/share/ament_cmake/cmake)
[0.759s] -- Override CMake install command with custom implementation using symlinks instead of copying resources
[0.804s] -- Found rclcpp_components: 28.1.9 (/opt/ros/jazzy/share/rclcpp_components/cmake)
[0.909s] -- Found rosidl_generator_c: 4.6.5 (/opt/ros/jazzy/share/rosidl_generator_c/cmake)
[0.933s] -- Found rosidl_generator_cpp: 4.6.5 (/opt/ros/jazzy/share/rosidl_generator_cpp/cmake)
[0.981s] -- Using all available rosidl_typesupport_c: rosidl_typesupport_fastrtps_c;rosidl_typesupport_introspection_c
[1.012s] -- Using all available rosidl_typesupport_cpp: rosidl_typesupport_fastrtps_cpp;rosidl_typesupport_introspection_cpp
[1.249s] -- Found rmw_implementation_cmake: 7.3.2 (/opt/ros/jazzy/share/rmw_implementation_cmake/cmake)
[1.261s] -- Found rmw_fastrtps_cpp: 8.4.2 (/opt/ros/jazzy/share/rmw_fastrtps_cpp/cmake)
[1.459s] -- Using RMW implementation 'rmw_fastrtps_cpp' as default
[1.712s] -- Found std_msgs: 5.3.6 (/opt/ros/jazzy/share/std_msgs/cmake)
[1.756s] -- Found geometry_msgs: 5.3.6 (/opt/ros/jazzy/share/geometry_msgs/cmake)
[1.798s] -- Found teleop_twist_joy: 2.6.3 (/opt/ros/jazzy/share/teleop_twist_joy/cmake)
[1.802s] -- Found sensor_msgs: 5.3.6 (/opt/ros/jazzy/share/sensor_msgs/cmake)
[1.845s] -- Found ament_lint_auto: 0.17.2 (/opt/ros/jazzy/share/ament_lint_auto/cmake)
[2.239s] -- Added test 'cppcheck' to perform static code analysis on C / C++ code
[2.239s] -- Configured cppcheck include dirs: 
[2.239s] -- Configured cppcheck exclude dirs and/or files: 
[2.254s] -- Added test 'flake8' to check Python code syntax and style conventions
[2.257s] -- Configured 'flake8' exclude dirs and/or files: 
[2.309s] -- Added test 'lint_cmake' to check CMake code style
[2.333s] -- Added test 'pep257' to check Python code against some of the docstring style conventions in PEP 257
[2.450s] -- Added test 'uncrustify' to check C / C++ code style
[2.450s] -- Configured uncrustify additional arguments: 
[2.469s] -- Added test 'xmllint' to check XML markup files
[2.472s] -- Configuring done (2.2s)
[2.522s] -- Generating done (0.0s)
[2.528s] -- Build files have been written to: /workspace/ros_ws/build/master
[2.552s] Invoked command in '/workspace/ros_ws/build/master' returned '0': CMAKE_PREFIX_PATH=${CMAKE_PREFIX_PATH}:/opt/ros/jazzy /usr/bin/cmake /workspace/ros_ws/src/master -DCMAKE_INSTALL_PREFIX=/workspace/ros_ws/install/master
[2.552s] Invoking command in '/workspace/ros_ws/build/master': CMAKE_PREFIX_PATH=${CMAKE_PREFIX_PATH}:/opt/ros/jazzy /usr/bin/cmake --build /workspace/ros_ws/build/master -- -j8 -l8
[3.815s] [100%] Built target master_node
[3.816s] Invoked command in '/workspace/ros_ws/build/master' returned '0': CMAKE_PREFIX_PATH=${CMAKE_PREFIX_PATH}:/opt/ros/jazzy /usr/bin/cmake --build /workspace/ros_ws/build/master -- -j8 -l8
[3.816s] Invoking command in '/workspace/ros_ws/build/master': CMAKE_PREFIX_PATH=${CMAKE_PREFIX_PATH}:/opt/ros/jazzy /usr/bin/cmake --install /workspace/ros_ws/build/master
[4.050s] -- Install configuration: ""
[4.052s] -- Execute custom install script
[4.052s] -- Up-to-date symlink: /workspace/ros_ws/install/master/lib/master/master_node
[4.053s] -- Up-to-date symlink: /workspace/ros_ws/install/master/share/ament_index/resource_index/package_run_dependencies/master
[4.053s] -- Up-to-date symlink: /workspace/ros_ws/install/master/share/ament_index/resource_index/parent_prefix_path/master
[4.054s] -- Up-to-date symlink: /workspace/ros_ws/install/master/share/master/environment/ament_prefix_path.sh
[4.054s] -- Up-to-date symlink: /workspace/ros_ws/install/master/share/master/environment/ament_prefix_path.dsv
[4.055s] -- Up-to-date symlink: /workspace/ros_ws/install/master/share/master/environment/path.sh
[4.055s] -- Up-to-date symlink: /workspace/ros_ws/install/master/share/master/environment/path.dsv
[4.056s] -- Up-to-date symlink: /workspace/ros_ws/install/master/share/master/local_setup.bash
[4.056s] -- Up-to-date symlink: /workspace/ros_ws/install/master/share/master/local_setup.sh
[4.057s] -- Up-to-date symlink: /workspace/ros_ws/install/master/share/master/local_setup.zsh
[4.058s] -- Up-to-date symlink: /workspace/ros_ws/install/master/share/master/local_setup.dsv
[4.059s] -- Symlinking: /workspace/ros_ws/install/master/share/master/package.dsv
[4.059s] -- Up-to-date symlink: /workspace/ros_ws/install/master/share/ament_index/resource_index/packages/master
[4.060s] -- Up-to-date symlink: /workspace/ros_ws/install/master/share/master/cmake/masterConfig.cmake
[4.060s] -- Up-to-date symlink: /workspace/ros_ws/install/master/share/master/cmake/masterConfig-version.cmake
[4.061s] -- Up-to-date symlink: /workspace/ros_ws/install/master/share/master/package.xml
[4.072s] Invoked command in '/workspace/ros_ws/build/master' returned '0': CMAKE_PREFIX_PATH=${CMAKE_PREFIX_PATH}:/opt/ros/jazzy /usr/bin/cmake --install /workspace/ros_ws/build/master
