[0.015s] Invoking command in '/workspace/ros_ws/src/ariaNode/build/ariaNode': /usr/bin/cmake /workspace/ros_ws/src/ariaNode -DAMENT_CMAKE_SYMLINK_INSTALL=1 -DCMAKE_INSTALL_PREFIX=/workspace/ros_ws/src/ariaNode/install/ariaNode
[0.059s] -- The C compiler identification is GNU 13.3.0
[0.106s] -- The CXX compiler identification is GNU 13.3.0
[0.142s] -- Detecting C compiler ABI info
[0.233s] -- Detecting C compiler ABI info - done
[0.240s] -- Check for working C compiler: /usr/bin/cc - skipped
[0.240s] -- Detecting C compile features
[0.240s] -- Detecting C compile features - done
[0.247s] -- Detecting CXX compiler ABI info
[0.313s] -- Detecting CXX compiler ABI info - done
[0.321s] -- Check for working CXX compiler: /usr/bin/c++ - skipped
[0.321s] -- Detecting CXX compile features
[0.322s] -- Detecting CXX compile features - done
[0.330s] [31mCMake Error at CMakeLists.txt:9 (find_package):
[0.330s]   By not providing "Findament_cmake.cmake" in CMAKE_MODULE_PATH this project
[0.330s]   has asked CMake to find a package configuration file provided by
[0.330s]   "ament_cmake", but CMake did not find one.
[0.330s] 
[0.330s]   Could not find a package configuration file provided by "ament_cmake" with
[0.330s]   any of the following names:
[0.330s] 
[0.331s]     ament_cmakeConfig.cmake
[0.331s]     ament_cmake-config.cmake
[0.331s] 
[0.331s]   Add the installation prefix of "ament_cmake" to CMAKE_PREFIX_PATH or set
[0.331s]   "ament_cmake_DIR" to a directory containing one of the above files.  If
[0.331s]   "ament_cmake" provides a separate development package or SDK, be sure it
[0.331s]   has been installed.
[0.331s] 
[0.331s] [0m
[0.331s] -- Configuring incomplete, errors occurred!
[0.333s] Invoked command in '/workspace/ros_ws/src/ariaNode/build/ariaNode' returned '1': /usr/bin/cmake /workspace/ros_ws/src/ariaNode -DAMENT_CMAKE_SYMLINK_INSTALL=1 -DCMAKE_INSTALL_PREFIX=/workspace/ros_ws/src/ariaNode/install/ariaNode
