[0.478s] Invoking command in '/workspace/ros_ws/src/build/lakibeam1': CMAKE_PREFIX_PATH=${CMAKE_PREFIX_PATH}:/workspace/ros_ws/install/nav2_gps_waypoint_follower_demo:/workspace/ros_ws/install/digit_recognition:/opt/ros/jazzy /usr/bin/cmake /workspace/ros_ws/src/lakibeam1 -DCMAKE_INSTALL_PREFIX=/workspace/ros_ws/src/install/lakibeam1
[1.208s] -- Found ament_cmake: 2.5.4 (/opt/ros/jazzy/share/ament_cmake/cmake)
[1.842s] -- Override CMake install command with custom implementation using symlinks instead of copying resources
[1.868s] -- Found rclcpp: 28.1.9 (/opt/ros/jazzy/share/rclcpp/cmake)
[1.956s] -- Found rosidl_generator_c: 4.6.5 (/opt/ros/jazzy/share/rosidl_generator_c/cmake)
[2.098s] -- Found rosidl_generator_cpp: 4.6.5 (/opt/ros/jazzy/share/rosidl_generator_cpp/cmake)
[2.142s] -- Using all available rosidl_typesupport_c: rosidl_typesupport_fastrtps_c;rosidl_typesupport_introspection_c
[2.218s] -- Using all available rosidl_typesupport_cpp: rosidl_typesupport_fastrtps_cpp;rosidl_typesupport_introspection_cpp
[2.630s] -- Found rmw_implementation_cmake: 7.3.2 (/opt/ros/jazzy/share/rmw_implementation_cmake/cmake)
[2.630s] -- Found rmw_fastrtps_cpp: 8.4.2 (/opt/ros/jazzy/share/rmw_fastrtps_cpp/cmake)
[2.975s] -- Using RMW implementation 'rmw_fastrtps_cpp' as default
[3.385s] -- Found pcl_conversions: 2.6.2 (/opt/ros/jazzy/share/pcl_conversions/cmake)
[4.064s] [33mCMake Warning (dev) at /usr/lib/x86_64-linux-gnu/cmake/pcl/Modules/FindFLANN.cmake:45 (find_package):
[4.064s]   Policy CMP0144 is not set: find_package uses upper-case <PACKAGENAME>_ROOT
[4.066s]   variables.  Run "cmake --help-policy CMP0144" for policy details.  Use the
[4.066s]   cmake_policy command to set the policy and suppress this warning.
[4.066s] 
[4.067s]   CMake variable FLANN_ROOT is set to:
[4.067s] 
[4.067s]     /usr
[4.068s] 
[4.068s]   For compatibility, find_package is ignoring the variable, but code in a
[4.068s]   .cmake module might still use it.
[4.068s] Call Stack (most recent call first):
[4.068s]   /usr/lib/x86_64-linux-gnu/cmake/pcl/PCLConfig.cmake:261 (find_package)
[4.068s]   /usr/lib/x86_64-linux-gnu/cmake/pcl/PCLConfig.cmake:306 (find_flann)
[4.068s]   /usr/lib/x86_64-linux-gnu/cmake/pcl/PCLConfig.cmake:570 (find_external_library)
[4.073s]   /opt/ros/jazzy/share/pcl_conversions/cmake/ament_cmake_export_dependencies-extras.cmake:21 (find_package)
[4.073s]   /opt/ros/jazzy/share/pcl_conversions/cmake/pcl_conversionsConfig.cmake:41 (include)
[4.073s]   CMakeLists.txt:10 (find_package)
[4.073s] This warning is for project developers.  Use -Wno-dev to suppress it.
[4.073s] [0m
[4.073s] -- Found flann version 1.9.2
[5.742s] -- OpenNI found (version: 1.5.4.0, include: /usr/include/ni, lib: /usr/lib/libOpenNI.so;libusb::libusb)
[5.772s] -- OpenNI2 found (version: 2.2.0.33, include: /usr/include/openni2, lib: /usr/lib/x86_64-linux-gnu/libOpenNI2.so;libusb::libusb)
[5.776s] -- Could NOT find Pcap (missing: PCAP_LIBRARIES PCAP_INCLUDE_DIRS) 
[7.652s] -- OpenNI found (version: 1.5.4.0, include: /usr/include/ni, lib: /usr/lib/libOpenNI.so;libusb::libusb)
[7.685s] -- OpenNI2 found (version: 2.2.0.33, include: /usr/include/openni2, lib: /usr/lib/x86_64-linux-gnu/libOpenNI2.so;libusb::libusb)
[8.826s] -- Found Qhull version 8.0.2
[9.870s] -- OpenNI found (version: 1.5.4.0, include: /usr/include/ni, lib: /usr/lib/libOpenNI.so;libusb::libusb)
[10.897s] -- Found rclpy: 7.1.4 (/opt/ros/jazzy/share/rclpy/cmake)
[10.995s] -- Found ament_lint_auto: 0.17.2 (/opt/ros/jazzy/share/ament_lint_auto/cmake)
[11.215s] -- Added test 'cppcheck' to perform static code analysis on C / C++ code
[11.216s] -- Configured cppcheck include dirs: 
[11.217s] -- Configured cppcheck exclude dirs and/or files: 
[11.220s] -- Added test 'flake8' to check Python code syntax and style conventions
[11.220s] -- Configured 'flake8' exclude dirs and/or files: 
[11.227s] -- Added test 'lint_cmake' to check CMake code style
[11.229s] -- Added test 'pep257' to check Python code against some of the docstring style conventions in PEP 257
[11.242s] -- Added test 'uncrustify' to check C / C++ code style
[11.242s] -- Configured uncrustify additional arguments: 
[11.244s] -- Added test 'xmllint' to check XML markup files
[11.252s] -- Configuring done (10.8s)
[11.295s] -- Generating done (0.0s)
[11.307s] -- Build files have been written to: /workspace/ros_ws/src/build/lakibeam1
[11.363s] Invoked command in '/workspace/ros_ws/src/build/lakibeam1' returned '0': CMAKE_PREFIX_PATH=${CMAKE_PREFIX_PATH}:/workspace/ros_ws/install/nav2_gps_waypoint_follower_demo:/workspace/ros_ws/install/digit_recognition:/opt/ros/jazzy /usr/bin/cmake /workspace/ros_ws/src/lakibeam1 -DCMAKE_INSTALL_PREFIX=/workspace/ros_ws/src/install/lakibeam1
[11.365s] Invoking command in '/workspace/ros_ws/src/build/lakibeam1': CMAKE_PREFIX_PATH=${CMAKE_PREFIX_PATH}:/workspace/ros_ws/install/nav2_gps_waypoint_follower_demo:/workspace/ros_ws/install/digit_recognition:/opt/ros/jazzy /usr/bin/cmake --build /workspace/ros_ws/src/build/lakibeam1 -- -j8 -l8
[11.517s] [100%] Built target lakibeam1_scan_node
[11.541s] Invoked command in '/workspace/ros_ws/src/build/lakibeam1' returned '0': CMAKE_PREFIX_PATH=${CMAKE_PREFIX_PATH}:/workspace/ros_ws/install/nav2_gps_waypoint_follower_demo:/workspace/ros_ws/install/digit_recognition:/opt/ros/jazzy /usr/bin/cmake --build /workspace/ros_ws/src/build/lakibeam1 -- -j8 -l8
[11.542s] Invoking command in '/workspace/ros_ws/src/build/lakibeam1': CMAKE_PREFIX_PATH=${CMAKE_PREFIX_PATH}:/workspace/ros_ws/install/nav2_gps_waypoint_follower_demo:/workspace/ros_ws/install/digit_recognition:/opt/ros/jazzy /usr/bin/cmake --install /workspace/ros_ws/src/build/lakibeam1
[11.559s] -- Install configuration: ""
[11.559s] -- Execute custom install script
[11.559s] -- Up-to-date symlink: /workspace/ros_ws/src/install/lakibeam1/share/ament_index/resource_index/package_run_dependencies/lakibeam1
[11.559s] -- Up-to-date symlink: /workspace/ros_ws/src/install/lakibeam1/share/ament_index/resource_index/parent_prefix_path/lakibeam1
[11.560s] -- Up-to-date symlink: /workspace/ros_ws/src/install/lakibeam1/share/lakibeam1/environment/ament_prefix_path.sh
[11.560s] -- Up-to-date symlink: /workspace/ros_ws/src/install/lakibeam1/share/lakibeam1/environment/ament_prefix_path.dsv
[11.560s] -- Up-to-date symlink: /workspace/ros_ws/src/install/lakibeam1/share/lakibeam1/environment/path.sh
[11.560s] -- Up-to-date symlink: /workspace/ros_ws/src/install/lakibeam1/share/lakibeam1/environment/path.dsv
[11.560s] -- Up-to-date symlink: /workspace/ros_ws/src/install/lakibeam1/share/lakibeam1/local_setup.bash
[11.560s] -- Up-to-date symlink: /workspace/ros_ws/src/install/lakibeam1/share/lakibeam1/local_setup.sh
[11.561s] -- Up-to-date symlink: /workspace/ros_ws/src/install/lakibeam1/share/lakibeam1/local_setup.zsh
[11.561s] -- Up-to-date symlink: /workspace/ros_ws/src/install/lakibeam1/share/lakibeam1/local_setup.dsv
[11.561s] -- Symlinking: /workspace/ros_ws/src/install/lakibeam1/share/lakibeam1/package.dsv
[11.588s] -- Up-to-date symlink: /workspace/ros_ws/src/install/lakibeam1/share/ament_index/resource_index/packages/lakibeam1
[11.589s] -- Up-to-date symlink: /workspace/ros_ws/src/install/lakibeam1/share/lakibeam1/cmake/lakibeam1Config.cmake
[11.589s] -- Up-to-date symlink: /workspace/ros_ws/src/install/lakibeam1/share/lakibeam1/cmake/lakibeam1Config-version.cmake
[11.589s] -- Up-to-date symlink: /workspace/ros_ws/src/install/lakibeam1/share/lakibeam1/package.xml
[11.589s] -- Up-to-date symlink: /workspace/ros_ws/src/install/lakibeam1/lib/lakibeam1/lakibeam1_scan_node
[11.589s] -- Up-to-date symlink: /workspace/ros_ws/src/install/lakibeam1/share/lakibeam1/launch/lakibeam1_scan.launch.py
[11.589s] -- Up-to-date symlink: /workspace/ros_ws/src/install/lakibeam1/share/lakibeam1/launch/lakibeam1_scan_dual_lidar.launch.py
[11.589s] -- Up-to-date symlink: /workspace/ros_ws/src/install/lakibeam1/share/lakibeam1/launch/lakibeam1_scan_dual_lidar_view.launch.py
[11.589s] -- Up-to-date symlink: /workspace/ros_ws/src/install/lakibeam1/share/lakibeam1/launch/lakibeam1_scan_view.launch.py
[11.589s] -- Up-to-date symlink: /workspace/ros_ws/src/install/lakibeam1/share/lakibeam1/rviz/lakibeam1_scan.rviz
[11.590s] -- Up-to-date symlink: /workspace/ros_ws/src/install/lakibeam1/share/lakibeam1/rviz/lakibeam1_scan_dual.rviz
[11.590s] -- Up-to-date symlink: /workspace/ros_ws/src/install/lakibeam1/share/lakibeam1/rviz/rviz_scan.rviz
[11.602s] Invoked command in '/workspace/ros_ws/src/build/lakibeam1' returned '0': CMAKE_PREFIX_PATH=${CMAKE_PREFIX_PATH}:/workspace/ros_ws/install/nav2_gps_waypoint_follower_demo:/workspace/ros_ws/install/digit_recognition:/opt/ros/jazzy /usr/bin/cmake --install /workspace/ros_ws/src/build/lakibeam1
