[ 50%] [32mBuilding CXX object CMakeFiles/master_node.dir/src/theMaster.cpp.o[0m
[100%] [32m[1mLinking CXX executable master_node[0m
[100%] Built target master_node
-- Install configuration: ""
-- Installing: /workspace/ros_ws/src/master/install/master/lib/master/master_node
-- Set non-toolchain portion of runtime path of "/workspace/ros_ws/src/master/install/master/lib/master/master_node" to ""
-- Up-to-date: /workspace/ros_ws/src/master/install/master/share/ament_index/resource_index/package_run_dependencies/master
-- Up-to-date: /workspace/ros_ws/src/master/install/master/share/ament_index/resource_index/parent_prefix_path/master
-- Up-to-date: /workspace/ros_ws/src/master/install/master/share/master/environment/ament_prefix_path.sh
-- Up-to-date: /workspace/ros_ws/src/master/install/master/share/master/environment/ament_prefix_path.dsv
-- Up-to-date: /workspace/ros_ws/src/master/install/master/share/master/environment/path.sh
-- Up-to-date: /workspace/ros_ws/src/master/install/master/share/master/environment/path.dsv
-- Up-to-date: /workspace/ros_ws/src/master/install/master/share/master/local_setup.bash
-- Up-to-date: /workspace/ros_ws/src/master/install/master/share/master/local_setup.sh
-- Up-to-date: /workspace/ros_ws/src/master/install/master/share/master/local_setup.zsh
-- Up-to-date: /workspace/ros_ws/src/master/install/master/share/master/local_setup.dsv
-- Installing: /workspace/ros_ws/src/master/install/master/share/master/package.dsv
-- Up-to-date: /workspace/ros_ws/src/master/install/master/share/ament_index/resource_index/packages/master
-- Up-to-date: /workspace/ros_ws/src/master/install/master/share/master/cmake/masterConfig.cmake
-- Up-to-date: /workspace/ros_ws/src/master/install/master/share/master/cmake/masterConfig-version.cmake
-- Up-to-date: /workspace/ros_ws/src/master/install/master/share/master/package.xml
