[0.281s] Invoking command in '/workspace/ros_ws/build/nav2_gradient_costmap_plugin': CMAKE_PREFIX_PATH=${CMAKE_PREFIX_PATH}:/opt/ros/jazzy /usr/bin/cmake --build /workspace/ros_ws/build/nav2_gradient_costmap_plugin -- -j12 -l12
[0.438s] [100%] Built target nav2_gradient_costmap_plugin_core
[0.632s] Invoked command in '/workspace/ros_ws/build/nav2_gradient_costmap_plugin' returned '0': CMAKE_PREFIX_PATH=${CMAKE_PREFIX_PATH}:/opt/ros/jazzy /usr/bin/cmake --build /workspace/ros_ws/build/nav2_gradient_costmap_plugin -- -j12 -l12
[0.660s] Invoking command in '/workspace/ros_ws/build/nav2_gradient_costmap_plugin': CMAKE_PREFIX_PATH=${CMAKE_PREFIX_PATH}:/opt/ros/jazzy /usr/bin/cmake --install /workspace/ros_ws/build/nav2_gradient_costmap_plugin
[0.689s] -- Install configuration: ""
[0.691s] -- Up-to-date: /workspace/ros_ws/install/nav2_gradient_costmap_plugin/lib/libnav2_gradient_costmap_plugin_core.so
[0.692s] -- Up-to-date: /workspace/ros_ws/install/nav2_gradient_costmap_plugin/share/nav2_gradient_costmap_plugin/gradient_layer.xml
[0.693s] -- Up-to-date: /workspace/ros_ws/install/nav2_gradient_costmap_plugin/share/ament_index/resource_index/package_run_dependencies/nav2_gradient_costmap_plugin
[0.693s] -- Up-to-date: /workspace/ros_ws/install/nav2_gradient_costmap_plugin/share/ament_index/resource_index/parent_prefix_path/nav2_gradient_costmap_plugin
[0.693s] -- Up-to-date: /workspace/ros_ws/install/nav2_gradient_costmap_plugin/share/nav2_gradient_costmap_plugin/environment/ament_prefix_path.sh
[0.693s] -- Up-to-date: /workspace/ros_ws/install/nav2_gradient_costmap_plugin/share/nav2_gradient_costmap_plugin/environment/ament_prefix_path.dsv
[0.696s] -- Up-to-date: /workspace/ros_ws/install/nav2_gradient_costmap_plugin/share/nav2_gradient_costmap_plugin/environment/path.sh
[0.697s] -- Up-to-date: /workspace/ros_ws/install/nav2_gradient_costmap_plugin/share/nav2_gradient_costmap_plugin/environment/path.dsv
[0.697s] -- Up-to-date: /workspace/ros_ws/install/nav2_gradient_costmap_plugin/share/nav2_gradient_costmap_plugin/local_setup.bash
[0.697s] -- Up-to-date: /workspace/ros_ws/install/nav2_gradient_costmap_plugin/share/nav2_gradient_costmap_plugin/local_setup.sh
[0.698s] -- Up-to-date: /workspace/ros_ws/install/nav2_gradient_costmap_plugin/share/nav2_gradient_costmap_plugin/local_setup.zsh
[0.698s] -- Up-to-date: /workspace/ros_ws/install/nav2_gradient_costmap_plugin/share/nav2_gradient_costmap_plugin/local_setup.dsv
[0.698s] -- Installing: /workspace/ros_ws/install/nav2_gradient_costmap_plugin/share/nav2_gradient_costmap_plugin/package.dsv
[0.702s] -- Up-to-date: /workspace/ros_ws/install/nav2_gradient_costmap_plugin/share/ament_index/resource_index/packages/nav2_gradient_costmap_plugin
[0.702s] -- Up-to-date: /workspace/ros_ws/install/nav2_gradient_costmap_plugin/share/ament_index/resource_index/nav2_costmap_2d__pluginlib__plugin/nav2_gradient_costmap_plugin
[0.702s] -- Up-to-date: /workspace/ros_ws/install/nav2_gradient_costmap_plugin/share/nav2_gradient_costmap_plugin/cmake/nav2_gradient_costmap_pluginConfig.cmake
[0.702s] -- Up-to-date: /workspace/ros_ws/install/nav2_gradient_costmap_plugin/share/nav2_gradient_costmap_plugin/cmake/nav2_gradient_costmap_pluginConfig-version.cmake
[0.702s] -- Up-to-date: /workspace/ros_ws/install/nav2_gradient_costmap_plugin/share/nav2_gradient_costmap_plugin/package.xml
[0.729s] Invoked command in '/workspace/ros_ws/build/nav2_gradient_costmap_plugin' returned '0': CMAKE_PREFIX_PATH=${CMAKE_PREFIX_PATH}:/opt/ros/jazzy /usr/bin/cmake --install /workspace/ros_ws/build/nav2_gradient_costmap_plugin
