[0.048s] Invoking command in '/workspace/ros_ws/build/ariaNode': CMAKE_PREFIX_PATH=${CMAKE_PREFIX_PATH}:/opt/ros/jazzy /usr/bin/cmake --build /workspace/ros_ws/build/ariaNode -- -j12 -l12
[0.150s] [100%] Built target ariaNode
[0.375s] Invoked command in '/workspace/ros_ws/build/ariaNode' returned '0': CMAKE_PREFIX_PATH=${CMAKE_PREFIX_PATH}:/opt/ros/jazzy /usr/bin/cmake --build /workspace/ros_ws/build/ariaNode -- -j12 -l12
[0.376s] Invoking command in '/workspace/ros_ws/build/ariaNode': CMAKE_PREFIX_PATH=${CMAKE_PREFIX_PATH}:/opt/ros/jazzy /usr/bin/cmake --install /workspace/ros_ws/build/ariaNode
[0.396s] -- Install configuration: ""
[0.396s] -- Up-to-date: /workspace/ros_ws/install/ariaNode/lib/ariaNode/ariaNode
[0.396s] -- Up-to-date: /workspace/ros_ws/install/ariaNode/share/ament_index/resource_index/package_run_dependencies/ariaNode
[0.396s] -- Up-to-date: /workspace/ros_ws/install/ariaNode/share/ament_index/resource_index/parent_prefix_path/ariaNode
[0.396s] -- Up-to-date: /workspace/ros_ws/install/ariaNode/share/ariaNode/environment/ament_prefix_path.sh
[0.396s] -- Up-to-date: /workspace/ros_ws/install/ariaNode/share/ariaNode/environment/ament_prefix_path.dsv
[0.397s] -- Up-to-date: /workspace/ros_ws/install/ariaNode/share/ariaNode/environment/path.sh
[0.397s] -- Up-to-date: /workspace/ros_ws/install/ariaNode/share/ariaNode/environment/path.dsv
[0.397s] -- Up-to-date: /workspace/ros_ws/install/ariaNode/share/ariaNode/local_setup.bash
[0.397s] -- Up-to-date: /workspace/ros_ws/install/ariaNode/share/ariaNode/local_setup.sh
[0.397s] -- Up-to-date: /workspace/ros_ws/install/ariaNode/share/ariaNode/local_setup.zsh
[0.397s] -- Up-to-date: /workspace/ros_ws/install/ariaNode/share/ariaNode/local_setup.dsv
[0.397s] -- Installing: /workspace/ros_ws/install/ariaNode/share/ariaNode/package.dsv
[0.399s] -- Up-to-date: /workspace/ros_ws/install/ariaNode/share/ament_index/resource_index/packages/ariaNode
[0.400s] -- Up-to-date: /workspace/ros_ws/install/ariaNode/share/ariaNode/cmake/ariaNodeConfig.cmake
[0.400s] -- Up-to-date: /workspace/ros_ws/install/ariaNode/share/ariaNode/cmake/ariaNodeConfig-version.cmake
[0.401s] -- Up-to-date: /workspace/ros_ws/install/ariaNode/share/ariaNode/package.xml
[0.467s] Invoked command in '/workspace/ros_ws/build/ariaNode' returned '0': CMAKE_PREFIX_PATH=${CMAKE_PREFIX_PATH}:/opt/ros/jazzy /usr/bin/cmake --install /workspace/ros_ws/build/ariaNode
