[0.479s] Invoking command in '/workspace/ros_ws/src/build/my_package2': CMAKE_PREFIX_PATH=${CMAKE_PREFIX_PATH}:/workspace/ros_ws/install/nav2_gps_waypoint_follower_demo:/workspace/ros_ws/install/digit_recognition:/opt/ros/jazzy /usr/bin/cmake /workspace/ros_ws/src/my_package2 -DCMAKE_INSTALL_PREFIX=/workspace/ros_ws/src/install/my_package2
[1.196s] -- Found ament_cmake: 2.5.4 (/opt/ros/jazzy/share/ament_cmake/cmake)
[1.196s] -- Override CMake install command with custom implementation using symlinks instead of copying resources
[1.227s] -- Found ament_lint_auto: 0.17.2 (/opt/ros/jazzy/share/ament_lint_auto/cmake)
[1.544s] -- Added test 'cppcheck' to perform static code analysis on C / C++ code
[1.547s] -- Configured cppcheck include dirs: $<BUILD_INTERFACE:/workspace/ros_ws/src/my_package2/include>
[1.548s] -- Configured cppcheck exclude dirs and/or files: 
[1.553s] -- Added test 'flake8' to check Python code syntax and style conventions
[1.554s] -- Configured 'flake8' exclude dirs and/or files: 
[1.566s] -- Added test 'lint_cmake' to check CMake code style
[1.573s] -- Added test 'pep257' to check Python code against some of the docstring style conventions in PEP 257
[1.645s] -- Added test 'uncrustify' to check C / C++ code style
[1.646s] -- Configured uncrustify additional arguments: 
[1.663s] -- Added test 'xmllint' to check XML markup files
[1.679s] -- Configuring done (1.2s)
[1.702s] -- Generating done (0.0s)
[1.707s] -- Build files have been written to: /workspace/ros_ws/src/build/my_package2
[1.713s] Invoked command in '/workspace/ros_ws/src/build/my_package2' returned '0': CMAKE_PREFIX_PATH=${CMAKE_PREFIX_PATH}:/workspace/ros_ws/install/nav2_gps_waypoint_follower_demo:/workspace/ros_ws/install/digit_recognition:/opt/ros/jazzy /usr/bin/cmake /workspace/ros_ws/src/my_package2 -DCMAKE_INSTALL_PREFIX=/workspace/ros_ws/src/install/my_package2
[1.713s] Invoking command in '/workspace/ros_ws/src/build/my_package2': CMAKE_PREFIX_PATH=${CMAKE_PREFIX_PATH}:/workspace/ros_ws/install/nav2_gps_waypoint_follower_demo:/workspace/ros_ws/install/digit_recognition:/opt/ros/jazzy /usr/bin/cmake --build /workspace/ros_ws/src/build/my_package2 -- -j8 -l8
[1.914s] [100%] Built target my_node2
[2.001s] Invoked command in '/workspace/ros_ws/src/build/my_package2' returned '0': CMAKE_PREFIX_PATH=${CMAKE_PREFIX_PATH}:/workspace/ros_ws/install/nav2_gps_waypoint_follower_demo:/workspace/ros_ws/install/digit_recognition:/opt/ros/jazzy /usr/bin/cmake --build /workspace/ros_ws/src/build/my_package2 -- -j8 -l8
[2.084s] Invoking command in '/workspace/ros_ws/src/build/my_package2': CMAKE_PREFIX_PATH=${CMAKE_PREFIX_PATH}:/workspace/ros_ws/install/nav2_gps_waypoint_follower_demo:/workspace/ros_ws/install/digit_recognition:/opt/ros/jazzy /usr/bin/cmake --install /workspace/ros_ws/src/build/my_package2
[2.111s] -- Install configuration: ""
[2.111s] -- Execute custom install script
[2.112s] -- Up-to-date symlink: /workspace/ros_ws/src/install/my_package2/lib/my_package2/my_node2
[2.112s] -- Up-to-date symlink: /workspace/ros_ws/src/install/my_package2/share/ament_index/resource_index/package_run_dependencies/my_package2
[2.114s] -- Up-to-date symlink: /workspace/ros_ws/src/install/my_package2/share/ament_index/resource_index/parent_prefix_path/my_package2
[2.114s] -- Up-to-date symlink: /workspace/ros_ws/src/install/my_package2/share/my_package2/environment/ament_prefix_path.sh
[2.114s] -- Up-to-date symlink: /workspace/ros_ws/src/install/my_package2/share/my_package2/environment/ament_prefix_path.dsv
[2.114s] -- Up-to-date symlink: /workspace/ros_ws/src/install/my_package2/share/my_package2/environment/path.sh
[2.115s] -- Up-to-date symlink: /workspace/ros_ws/src/install/my_package2/share/my_package2/environment/path.dsv
[2.115s] -- Up-to-date symlink: /workspace/ros_ws/src/install/my_package2/share/my_package2/local_setup.bash
[2.116s] -- Up-to-date symlink: /workspace/ros_ws/src/install/my_package2/share/my_package2/local_setup.sh
[2.117s] -- Up-to-date symlink: /workspace/ros_ws/src/install/my_package2/share/my_package2/local_setup.zsh
[2.117s] -- Up-to-date symlink: /workspace/ros_ws/src/install/my_package2/share/my_package2/local_setup.dsv
[2.117s] -- Symlinking: /workspace/ros_ws/src/install/my_package2/share/my_package2/package.dsv
[2.157s] -- Up-to-date symlink: /workspace/ros_ws/src/install/my_package2/share/ament_index/resource_index/packages/my_package2
[2.159s] -- Up-to-date symlink: /workspace/ros_ws/src/install/my_package2/share/my_package2/cmake/my_package2Config.cmake
[2.160s] -- Up-to-date symlink: /workspace/ros_ws/src/install/my_package2/share/my_package2/cmake/my_package2Config-version.cmake
[2.160s] -- Up-to-date symlink: /workspace/ros_ws/src/install/my_package2/share/my_package2/package.xml
[2.170s] Invoked command in '/workspace/ros_ws/src/build/my_package2' returned '0': CMAKE_PREFIX_PATH=${CMAKE_PREFIX_PATH}:/workspace/ros_ws/install/nav2_gps_waypoint_follower_demo:/workspace/ros_ws/install/digit_recognition:/opt/ros/jazzy /usr/bin/cmake --install /workspace/ros_ws/src/build/my_package2
