[0.022s] Invoking command in '/workspace/ros_ws/build/nav2_pure_pursuit_controller': CMAKE_PREFIX_PATH=${CMAKE_PREFIX_PATH}:/opt/ros/jazzy /usr/bin/cmake /workspace/ros_ws/src/nav2_pure_pursuit_controller -DCMAKE_INSTALL_PREFIX=/workspace/ros_ws/install/nav2_pure_pursuit_controller
[0.067s] -- Found ament_cmake: 2.5.4 (/opt/ros/jazzy/share/ament_cmake/cmake)
[0.671s] -- Override CMake install command with custom implementation using symlinks instead of copying resources
[0.690s] -- Found nav2_common: 1.3.6 (/opt/ros/jazzy/share/nav2_common/cmake)
[0.692s] -- Found nav2_core: 1.3.6 (/opt/ros/jazzy/share/nav2_core/cmake)
[0.745s] -- Found rosidl_generator_c: 4.6.5 (/opt/ros/jazzy/share/rosidl_generator_c/cmake)
[0.759s] -- Found rosidl_generator_cpp: 4.6.5 (/opt/ros/jazzy/share/rosidl_generator_cpp/cmake)
[0.781s] -- Using all available rosidl_typesupport_c: rosidl_typesupport_fastrtps_c;rosidl_typesupport_introspection_c
[0.807s] -- Using all available rosidl_typesupport_cpp: rosidl_typesupport_fastrtps_cpp;rosidl_typesupport_introspection_cpp
[0.991s] -- Found rmw_implementation_cmake: 7.3.2 (/opt/ros/jazzy/share/rmw_implementation_cmake/cmake)
[1.009s] -- Found rmw_fastrtps_cpp: 8.4.2 (/opt/ros/jazzy/share/rmw_fastrtps_cpp/cmake)
[1.257s] -- Using RMW implementation 'rmw_fastrtps_cpp' as default
[2.267s] -- Found eigen3_cmake_module: 0.3.0 (/opt/ros/jazzy/share/eigen3_cmake_module/cmake)
[2.269s] -- Ensuring Eigen3 include directory is part of orocos-kdl CMake target
[2.861s] -- Found ament_lint_auto: 0.17.2 (/opt/ros/jazzy/share/ament_lint_auto/cmake)
[3.133s] -- Configuring done (3.1s)
[3.325s] -- Generating done (0.2s)
[3.341s] -- Build files have been written to: /workspace/ros_ws/build/nav2_pure_pursuit_controller
[3.406s] Invoked command in '/workspace/ros_ws/build/nav2_pure_pursuit_controller' returned '0': CMAKE_PREFIX_PATH=${CMAKE_PREFIX_PATH}:/opt/ros/jazzy /usr/bin/cmake /workspace/ros_ws/src/nav2_pure_pursuit_controller -DCMAKE_INSTALL_PREFIX=/workspace/ros_ws/install/nav2_pure_pursuit_controller
[3.406s] Invoking command in '/workspace/ros_ws/build/nav2_pure_pursuit_controller': CMAKE_PREFIX_PATH=${CMAKE_PREFIX_PATH}:/opt/ros/jazzy /usr/bin/cmake --build /workspace/ros_ws/build/nav2_pure_pursuit_controller -- -j8 -l8
[3.692s] [100%] Built target nav2_pure_pursuit_controller
[3.722s] Invoked command in '/workspace/ros_ws/build/nav2_pure_pursuit_controller' returned '0': CMAKE_PREFIX_PATH=${CMAKE_PREFIX_PATH}:/opt/ros/jazzy /usr/bin/cmake --build /workspace/ros_ws/build/nav2_pure_pursuit_controller -- -j8 -l8
[3.722s] Invoking command in '/workspace/ros_ws/build/nav2_pure_pursuit_controller': CMAKE_PREFIX_PATH=${CMAKE_PREFIX_PATH}:/opt/ros/jazzy /usr/bin/cmake --install /workspace/ros_ws/build/nav2_pure_pursuit_controller
[3.968s] -- Install configuration: "Release"
[3.968s] -- Execute custom install script
[3.977s] -- Up-to-date symlink: /workspace/ros_ws/install/nav2_pure_pursuit_controller/lib/libnav2_pure_pursuit_controller.so
[3.983s] -- Up-to-date symlink: /workspace/ros_ws/install/nav2_pure_pursuit_controller/include//nav2_pure_pursuit_controller/pure_pursuit_controller.hpp
[3.983s] -- Up-to-date symlink: /workspace/ros_ws/install/nav2_pure_pursuit_controller/include//nav2_pure_pursuit_controller/pure_pursuit_controller.hpp:Zone.Identifier
[3.983s] -- Up-to-date symlink: /workspace/ros_ws/install/nav2_pure_pursuit_controller/share/nav2_pure_pursuit_controller/environment/library_path.sh
[3.983s] -- Up-to-date symlink: /workspace/ros_ws/install/nav2_pure_pursuit_controller/share/nav2_pure_pursuit_controller/environment/library_path.dsv
[3.983s] -- Up-to-date symlink: /workspace/ros_ws/install/nav2_pure_pursuit_controller/share/nav2_pure_pursuit_controller//nav2_pure_pursuit_controller.xml
[3.983s] -- Up-to-date symlink: /workspace/ros_ws/install/nav2_pure_pursuit_controller/share/ament_index/resource_index/package_run_dependencies/nav2_pure_pursuit_controller
[3.983s] -- Up-to-date symlink: /workspace/ros_ws/install/nav2_pure_pursuit_controller/share/ament_index/resource_index/parent_prefix_path/nav2_pure_pursuit_controller
[3.983s] -- Up-to-date symlink: /workspace/ros_ws/install/nav2_pure_pursuit_controller/share/nav2_pure_pursuit_controller/environment/ament_prefix_path.sh
[3.984s] -- Up-to-date symlink: /workspace/ros_ws/install/nav2_pure_pursuit_controller/share/nav2_pure_pursuit_controller/environment/ament_prefix_path.dsv
[3.984s] -- Up-to-date symlink: /workspace/ros_ws/install/nav2_pure_pursuit_controller/share/nav2_pure_pursuit_controller/environment/path.sh
[3.984s] -- Up-to-date symlink: /workspace/ros_ws/install/nav2_pure_pursuit_controller/share/nav2_pure_pursuit_controller/environment/path.dsv
[3.984s] -- Up-to-date symlink: /workspace/ros_ws/install/nav2_pure_pursuit_controller/share/nav2_pure_pursuit_controller/local_setup.bash
[3.984s] -- Up-to-date symlink: /workspace/ros_ws/install/nav2_pure_pursuit_controller/share/nav2_pure_pursuit_controller/local_setup.sh
[3.984s] -- Up-to-date symlink: /workspace/ros_ws/install/nav2_pure_pursuit_controller/share/nav2_pure_pursuit_controller/local_setup.zsh
[3.984s] -- Up-to-date symlink: /workspace/ros_ws/install/nav2_pure_pursuit_controller/share/nav2_pure_pursuit_controller/local_setup.dsv
[3.984s] -- Symlinking: /workspace/ros_ws/install/nav2_pure_pursuit_controller/share/nav2_pure_pursuit_controller/package.dsv
[3.984s] -- Up-to-date symlink: /workspace/ros_ws/install/nav2_pure_pursuit_controller/share/ament_index/resource_index/packages/nav2_pure_pursuit_controller
[3.984s] -- Up-to-date symlink: /workspace/ros_ws/install/nav2_pure_pursuit_controller/share/ament_index/resource_index/nav2_core__pluginlib__plugin/nav2_pure_pursuit_controller
[3.985s] -- Up-to-date symlink: /workspace/ros_ws/install/nav2_pure_pursuit_controller/share/nav2_pure_pursuit_controller/cmake/ament_cmake_export_include_directories-extras.cmake
[3.985s] -- Up-to-date symlink: /workspace/ros_ws/install/nav2_pure_pursuit_controller/share/nav2_pure_pursuit_controller/cmake/ament_cmake_export_libraries-extras.cmake
[3.985s] -- Up-to-date symlink: /workspace/ros_ws/install/nav2_pure_pursuit_controller/share/nav2_pure_pursuit_controller/cmake/ament_cmake_export_dependencies-extras.cmake
[3.985s] -- Up-to-date symlink: /workspace/ros_ws/install/nav2_pure_pursuit_controller/share/nav2_pure_pursuit_controller/cmake/nav2_pure_pursuit_controllerConfig.cmake
[3.985s] -- Up-to-date symlink: /workspace/ros_ws/install/nav2_pure_pursuit_controller/share/nav2_pure_pursuit_controller/cmake/nav2_pure_pursuit_controllerConfig-version.cmake
[3.985s] -- Up-to-date symlink: /workspace/ros_ws/install/nav2_pure_pursuit_controller/share/nav2_pure_pursuit_controller/package.xml
[3.985s] Invoked command in '/workspace/ros_ws/build/nav2_pure_pursuit_controller' returned '0': CMAKE_PREFIX_PATH=${CMAKE_PREFIX_PATH}:/opt/ros/jazzy /usr/bin/cmake --install /workspace/ros_ws/build/nav2_pure_pursuit_controller
