[0.349s] Invoking command in '/workspace/ros_ws/build/lakibeam1': CMAKE_PREFIX_PATH=${CMAKE_PREFIX_PATH}:/opt/ros/jazzy /usr/bin/cmake --build /workspace/ros_ws/build/lakibeam1 -- -j8 -l8
[0.693s] [100%] Built target lakibeam1_scan_node
[0.718s] Invoked command in '/workspace/ros_ws/build/lakibeam1' returned '0': CMAKE_PREFIX_PATH=${CMAKE_PREFIX_PATH}:/opt/ros/jazzy /usr/bin/cmake --build /workspace/ros_ws/build/lakibeam1 -- -j8 -l8
[0.718s] Invoking command in '/workspace/ros_ws/build/lakibeam1': CMAKE_PREFIX_PATH=${CMAKE_PREFIX_PATH}:/opt/ros/jazzy /usr/bin/cmake --install /workspace/ros_ws/build/lakibeam1
[0.738s] -- Install configuration: ""
[0.738s] -- Execute custom install script
[0.738s] -- Up-to-date symlink: /workspace/ros_ws/install/lakibeam1/share/ament_index/resource_index/package_run_dependencies/lakibeam1
[0.744s] -- Up-to-date symlink: /workspace/ros_ws/install/lakibeam1/share/ament_index/resource_index/parent_prefix_path/lakibeam1
[0.744s] -- Up-to-date symlink: /workspace/ros_ws/install/lakibeam1/share/lakibeam1/environment/ament_prefix_path.sh
[0.744s] -- Up-to-date symlink: /workspace/ros_ws/install/lakibeam1/share/lakibeam1/environment/ament_prefix_path.dsv
[0.744s] -- Up-to-date symlink: /workspace/ros_ws/install/lakibeam1/share/lakibeam1/environment/path.sh
[0.744s] -- Up-to-date symlink: /workspace/ros_ws/install/lakibeam1/share/lakibeam1/environment/path.dsv
[0.744s] -- Up-to-date symlink: /workspace/ros_ws/install/lakibeam1/share/lakibeam1/local_setup.bash
[0.744s] -- Up-to-date symlink: /workspace/ros_ws/install/lakibeam1/share/lakibeam1/local_setup.sh
[0.745s] -- Up-to-date symlink: /workspace/ros_ws/install/lakibeam1/share/lakibeam1/local_setup.zsh
[0.745s] -- Up-to-date symlink: /workspace/ros_ws/install/lakibeam1/share/lakibeam1/local_setup.dsv
[0.745s] -- Symlinking: /workspace/ros_ws/install/lakibeam1/share/lakibeam1/package.dsv
[0.779s] -- Up-to-date symlink: /workspace/ros_ws/install/lakibeam1/share/ament_index/resource_index/packages/lakibeam1
[0.786s] -- Up-to-date symlink: /workspace/ros_ws/install/lakibeam1/share/lakibeam1/cmake/lakibeam1Config.cmake
[0.786s] -- Up-to-date symlink: /workspace/ros_ws/install/lakibeam1/share/lakibeam1/cmake/lakibeam1Config-version.cmake
[0.786s] -- Up-to-date symlink: /workspace/ros_ws/install/lakibeam1/share/lakibeam1/package.xml
[0.787s] -- Up-to-date symlink: /workspace/ros_ws/install/lakibeam1/lib/lakibeam1/lakibeam1_scan_node
[0.787s] -- Up-to-date symlink: /workspace/ros_ws/install/lakibeam1/share/lakibeam1/launch/lakibeam1_scan.launch.py
[0.787s] -- Up-to-date symlink: /workspace/ros_ws/install/lakibeam1/share/lakibeam1/launch/lakibeam1_scan_dual_lidar.launch.py
[0.787s] -- Up-to-date symlink: /workspace/ros_ws/install/lakibeam1/share/lakibeam1/launch/lakibeam1_scan_dual_lidar_view.launch.py
[0.787s] -- Up-to-date symlink: /workspace/ros_ws/install/lakibeam1/share/lakibeam1/launch/lakibeam1_scan_view.launch.py
[0.788s] -- Up-to-date symlink: /workspace/ros_ws/install/lakibeam1/share/lakibeam1/rviz/lakibeam1_scan.rviz
[0.789s] -- Up-to-date symlink: /workspace/ros_ws/install/lakibeam1/share/lakibeam1/rviz/lakibeam1_scan_dual.rviz
[0.791s] -- Up-to-date symlink: /workspace/ros_ws/install/lakibeam1/share/lakibeam1/rviz/rviz_scan.rviz
[0.948s] Invoked command in '/workspace/ros_ws/build/lakibeam1' returned '0': CMAKE_PREFIX_PATH=${CMAKE_PREFIX_PATH}:/opt/ros/jazzy /usr/bin/cmake --install /workspace/ros_ws/build/lakibeam1
